Using CUDA
Using distributed PyTorch with nccl backend
2025-04-25T15:13:21Z INFO     Added key: store_based_barrier_key:1 to store for rank: 0
2025-04-25T15:13:21Z INFO     Rank 0: Completed store-based barrier for key:store_based_barrier_key:1 with 2 nodes.
pytorch-mnist-master-0:7:7 [0] NCCL INFO Bootstrap : Using eth0:10.224.0.50<0>
pytorch-mnist-master-0:7:7 [0] NCCL INFO NET/Plugin : No plugin found (libnccl-net.so), using internal implementation
pytorch-mnist-master-0:7:7 [0] NCCL INFO NET/IB : Using [0]mlx5_0:1/IB ; OOB eth0:10.224.0.50<0>
pytorch-mnist-master-0:7:7 [0] NCCL INFO Using network IB
NCCL version 2.10.3+cuda10.2
pytorch-mnist-master-0:7:93 [0] NCCL INFO NET/IB : GPU Direct RDMA Disabled for HCA 0 'mlx5_0' (no module)
pytorch-mnist-master-0:7:93 [0] NCCL INFO NET/IB : GPU Direct RDMA Disabled for HCA 0 'mlx5_0' (no module)
pytorch-mnist-master-0:7:93 [0] NCCL INFO Channel 00/02 :    0   1
pytorch-mnist-master-0:7:93 [0] NCCL INFO Channel 01/02 :    0   1
pytorch-mnist-master-0:7:93 [0] NCCL INFO Trees [0] 1/-1/-1->0->-1 [1] -1/-1/-1->0->1
pytorch-mnist-master-0:7:93 [0] NCCL INFO Setting affinity for GPU 0 to 0fffff
pytorch-mnist-master-0:7:93 [0] NCCL INFO Channel 00 : 1[100000] -> 0[100000] [receive] via NET/IB/0
pytorch-mnist-master-0:7:93 [0] NCCL INFO Channel 01 : 1[100000] -> 0[100000] [receive] via NET/IB/0
pytorch-mnist-master-0:7:93 [0] NCCL INFO Channel 00 : 0[100000] -> 1[100000] [send] via NET/IB/0
pytorch-mnist-master-0:7:93 [0] NCCL INFO Channel 01 : 0[100000] -> 1[100000] [send] via NET/IB/0
pytorch-mnist-master-0:7:93 [0] NCCL INFO NET/IB: Dev 0 Port 1 qpn 299 mtu 5 LID 154
pytorch-mnist-master-0:7:93 [0] NCCL INFO NET/IB: Dev 0 Port 1 qpn 300 mtu 5 LID 154
pytorch-mnist-master-0:7:93 [0] NCCL INFO Connected all rings
pytorch-mnist-master-0:7:93 [0] NCCL INFO Connected all trees
pytorch-mnist-master-0:7:93 [0] NCCL INFO threadThresholds 8/8/64 | 16/8/64 | 8/8/512
pytorch-mnist-master-0:7:93 [0] NCCL INFO 2 coll channels, 2 p2p channels, 1 p2p channels per peer
pytorch-mnist-master-0:7:93 [0] NCCL INFO comm 0x7f8afc0012d0 rank 0 nranks 2 cudaDev 0 busId 100000 - Init COMPLETE
pytorch-mnist-master-0:7:7 [0] NCCL INFO Launch mode Parallel
2025-04-25T15:13:25Z INFO     Train Epoch: 1 [0/60000 (0%)]	loss=2.3015
2025-04-25T15:13:25Z INFO     Reducer buckets have been rebuilt in this iteration.
2025-04-25T15:13:25Z INFO     Train Epoch: 1 [1280/60000 (2%)]	loss=2.2863
2025-04-25T15:13:25Z INFO     Train Epoch: 1 [2560/60000 (4%)]	loss=2.2854
2025-04-25T15:13:25Z INFO     Train Epoch: 1 [3840/60000 (6%)]	loss=2.2727
2025-04-25T15:13:25Z INFO     Train Epoch: 1 [5120/60000 (9%)]	loss=2.2693
2025-04-25T15:13:25Z INFO     Train Epoch: 1 [6400/60000 (11%)]	loss=2.2500
2025-04-25T15:13:25Z INFO     Train Epoch: 1 [7680/60000 (13%)]	loss=2.2421
2025-04-25T15:13:25Z INFO     Train Epoch: 1 [8960/60000 (15%)]	loss=2.2029
2025-04-25T15:13:25Z INFO     Train Epoch: 1 [10240/60000 (17%)]	loss=2.1878
2025-04-25T15:13:26Z INFO     Train Epoch: 1 [11520/60000 (19%)]	loss=2.1322
2025-04-25T15:13:26Z INFO     Train Epoch: 1 [12800/60000 (21%)]	loss=2.0497
2025-04-25T15:13:26Z INFO     Train Epoch: 1 [14080/60000 (23%)]	loss=1.9478
2025-04-25T15:13:26Z INFO     Train Epoch: 1 [15360/60000 (26%)]	loss=1.7656
2025-04-25T15:13:26Z INFO     Train Epoch: 1 [16640/60000 (28%)]	loss=1.5977
2025-04-25T15:13:26Z INFO     Train Epoch: 1 [17920/60000 (30%)]	loss=1.3735
2025-04-25T15:13:26Z INFO     Train Epoch: 1 [19200/60000 (32%)]	loss=1.3094
2025-04-25T15:13:26Z INFO     Train Epoch: 1 [20480/60000 (34%)]	loss=1.1866
2025-04-25T15:13:26Z INFO     Train Epoch: 1 [21760/60000 (36%)]	loss=1.0813
2025-04-25T15:13:27Z INFO     Train Epoch: 1 [23040/60000 (38%)]	loss=1.0572
2025-04-25T15:13:27Z INFO     Train Epoch: 1 [24320/60000 (41%)]	loss=1.0203
2025-04-25T15:13:27Z INFO     Train Epoch: 1 [25600/60000 (43%)]	loss=0.9029
2025-04-25T15:13:27Z INFO     Train Epoch: 1 [26880/60000 (45%)]	loss=1.0209
2025-04-25T15:13:27Z INFO     Train Epoch: 1 [28160/60000 (47%)]	loss=1.0539
2025-04-25T15:13:27Z INFO     Train Epoch: 1 [29440/60000 (49%)]	loss=0.9021
2025-04-25T15:13:27Z INFO     Train Epoch: 1 [30720/60000 (51%)]	loss=0.7917
2025-04-25T15:13:27Z INFO     Train Epoch: 1 [32000/60000 (53%)]	loss=1.1950
2025-04-25T15:13:27Z INFO     Train Epoch: 1 [33280/60000 (55%)]	loss=1.0286
2025-04-25T15:13:28Z INFO     Train Epoch: 1 [34560/60000 (58%)]	loss=0.9570
2025-04-25T15:13:28Z INFO     Train Epoch: 1 [35840/60000 (60%)]	loss=0.7889
2025-04-25T15:13:28Z INFO     Train Epoch: 1 [37120/60000 (62%)]	loss=0.9328
2025-04-25T15:13:28Z INFO     Train Epoch: 1 [38400/60000 (64%)]	loss=0.9509
2025-04-25T15:13:28Z INFO     Train Epoch: 1 [39680/60000 (66%)]	loss=0.8622
2025-04-25T15:13:28Z INFO     Train Epoch: 1 [40960/60000 (68%)]	loss=0.8080
2025-04-25T15:13:28Z INFO     Train Epoch: 1 [42240/60000 (70%)]	loss=0.8869
2025-04-25T15:13:28Z INFO     Train Epoch: 1 [43520/60000 (72%)]	loss=0.9466
2025-04-25T15:13:28Z INFO     Train Epoch: 1 [44800/60000 (75%)]	loss=0.9363
2025-04-25T15:13:29Z INFO     Train Epoch: 1 [46080/60000 (77%)]	loss=0.8252
2025-04-25T15:13:29Z INFO     Train Epoch: 1 [47360/60000 (79%)]	loss=0.7687
2025-04-25T15:13:29Z INFO     Train Epoch: 1 [48640/60000 (81%)]	loss=0.8702
2025-04-25T15:13:29Z INFO     Train Epoch: 1 [49920/60000 (83%)]	loss=0.8696
2025-04-25T15:13:29Z INFO     Train Epoch: 1 [51200/60000 (85%)]	loss=0.7863
2025-04-25T15:13:29Z INFO     Train Epoch: 1 [52480/60000 (87%)]	loss=0.6899
2025-04-25T15:13:29Z INFO     Train Epoch: 1 [53760/60000 (90%)]	loss=0.8082
2025-04-25T15:13:29Z INFO     Train Epoch: 1 [55040/60000 (92%)]	loss=0.8806
2025-04-25T15:13:29Z INFO     Train Epoch: 1 [56320/60000 (94%)]	loss=0.8607
2025-04-25T15:13:30Z INFO     Train Epoch: 1 [57600/60000 (96%)]	loss=0.9272
2025-04-25T15:13:30Z INFO     Train Epoch: 1 [58880/60000 (98%)]	loss=0.7711
2025-04-25T15:13:31Z INFO     {metricName: accuracy, metricValue: 0.6870};{metricName: loss, metricValue: 0.8289}

2025-04-25T15:13:31Z INFO     Train Epoch: 2 [0/60000 (0%)]	loss=0.7518
2025-04-25T15:13:31Z INFO     Train Epoch: 2 [1280/60000 (2%)]	loss=0.6789
2025-04-25T15:13:31Z INFO     Train Epoch: 2 [2560/60000 (4%)]	loss=0.7751
2025-04-25T15:13:31Z INFO     Train Epoch: 2 [3840/60000 (6%)]	loss=0.7717
2025-04-25T15:13:31Z INFO     Train Epoch: 2 [5120/60000 (9%)]	loss=0.7504
2025-04-25T15:13:31Z INFO     Train Epoch: 2 [6400/60000 (11%)]	loss=0.7418
2025-04-25T15:13:31Z INFO     Train Epoch: 2 [7680/60000 (13%)]	loss=0.7579
2025-04-25T15:13:31Z INFO     Train Epoch: 2 [8960/60000 (15%)]	loss=0.6596
2025-04-25T15:13:31Z INFO     Train Epoch: 2 [10240/60000 (17%)]	loss=0.7523
2025-04-25T15:13:32Z INFO     Train Epoch: 2 [11520/60000 (19%)]	loss=0.6046
2025-04-25T15:13:32Z INFO     Train Epoch: 2 [12800/60000 (21%)]	loss=0.7401
2025-04-25T15:13:32Z INFO     Train Epoch: 2 [14080/60000 (23%)]	loss=0.6987
2025-04-25T15:13:32Z INFO     Train Epoch: 2 [15360/60000 (26%)]	loss=0.7801
2025-04-25T15:13:32Z INFO     Train Epoch: 2 [16640/60000 (28%)]	loss=0.6448
2025-04-25T15:13:32Z INFO     Train Epoch: 2 [17920/60000 (30%)]	loss=0.7494
2025-04-25T15:13:32Z INFO     Train Epoch: 2 [19200/60000 (32%)]	loss=0.5677
2025-04-25T15:13:32Z INFO     Train Epoch: 2 [20480/60000 (34%)]	loss=0.7983
2025-04-25T15:13:33Z INFO     Train Epoch: 2 [21760/60000 (36%)]	loss=0.6859
2025-04-25T15:13:33Z INFO     Train Epoch: 2 [23040/60000 (38%)]	loss=0.6716
2025-04-25T15:13:33Z INFO     Train Epoch: 2 [24320/60000 (41%)]	loss=0.6483
2025-04-25T15:13:33Z INFO     Train Epoch: 2 [25600/60000 (43%)]	loss=0.6491
2025-04-25T15:13:33Z INFO     Train Epoch: 2 [26880/60000 (45%)]	loss=0.7609
2025-04-25T15:13:33Z INFO     Train Epoch: 2 [28160/60000 (47%)]	loss=0.5774
2025-04-25T15:13:33Z INFO     Train Epoch: 2 [29440/60000 (49%)]	loss=0.8759
2025-04-25T15:13:33Z INFO     Train Epoch: 2 [30720/60000 (51%)]	loss=0.6963
2025-04-25T15:13:33Z INFO     Train Epoch: 2 [32000/60000 (53%)]	loss=0.7678
2025-04-25T15:13:34Z INFO     Train Epoch: 2 [33280/60000 (55%)]	loss=0.6706
2025-04-25T15:13:34Z INFO     Train Epoch: 2 [34560/60000 (58%)]	loss=0.5751
2025-04-25T15:13:34Z INFO     Train Epoch: 2 [35840/60000 (60%)]	loss=0.5408
2025-04-25T15:13:34Z INFO     Train Epoch: 2 [37120/60000 (62%)]	loss=0.7468
2025-04-25T15:13:34Z INFO     Train Epoch: 2 [38400/60000 (64%)]	loss=0.6819
2025-04-25T15:13:34Z INFO     Train Epoch: 2 [39680/60000 (66%)]	loss=0.6223
2025-04-25T15:13:34Z INFO     Train Epoch: 2 [40960/60000 (68%)]	loss=0.7631
2025-04-25T15:13:34Z INFO     Train Epoch: 2 [42240/60000 (70%)]	loss=0.7602
2025-04-25T15:13:34Z INFO     Train Epoch: 2 [43520/60000 (72%)]	loss=0.5814
2025-04-25T15:13:35Z INFO     Train Epoch: 2 [44800/60000 (75%)]	loss=0.5783
2025-04-25T15:13:35Z INFO     Train Epoch: 2 [46080/60000 (77%)]	loss=0.6858
2025-04-25T15:13:35Z INFO     Train Epoch: 2 [47360/60000 (79%)]	loss=0.7647
2025-04-25T15:13:35Z INFO     Train Epoch: 2 [48640/60000 (81%)]	loss=0.5817
2025-04-25T15:13:35Z INFO     Train Epoch: 2 [49920/60000 (83%)]	loss=0.6980
2025-04-25T15:13:35Z INFO     Train Epoch: 2 [51200/60000 (85%)]	loss=0.8272
2025-04-25T15:13:35Z INFO     Train Epoch: 2 [52480/60000 (87%)]	loss=0.5803
2025-04-25T15:13:35Z INFO     Train Epoch: 2 [53760/60000 (90%)]	loss=0.5219
2025-04-25T15:13:35Z INFO     Train Epoch: 2 [55040/60000 (92%)]	loss=0.6876
2025-04-25T15:13:36Z INFO     Train Epoch: 2 [56320/60000 (94%)]	loss=0.7068
2025-04-25T15:13:36Z INFO     Train Epoch: 2 [57600/60000 (96%)]	loss=0.5094
2025-04-25T15:13:36Z INFO     Train Epoch: 2 [58880/60000 (98%)]	loss=0.5992
2025-04-25T15:13:37Z INFO     {metricName: accuracy, metricValue: 0.7609};{metricName: loss, metricValue: 0.6528}

2025-04-25T15:13:37Z INFO     Train Epoch: 3 [0/60000 (0%)]	loss=0.5433
2025-04-25T15:13:37Z INFO     Train Epoch: 3 [1280/60000 (2%)]	loss=0.6449
2025-04-25T15:13:37Z INFO     Train Epoch: 3 [2560/60000 (4%)]	loss=0.5526
2025-04-25T15:13:37Z INFO     Train Epoch: 3 [3840/60000 (6%)]	loss=0.5120
2025-04-25T15:13:37Z INFO     Train Epoch: 3 [5120/60000 (9%)]	loss=0.5636
2025-04-25T15:13:37Z INFO     Train Epoch: 3 [6400/60000 (11%)]	loss=0.6514
2025-04-25T15:13:37Z INFO     Train Epoch: 3 [7680/60000 (13%)]	loss=0.5260
2025-04-25T15:13:38Z INFO     Train Epoch: 3 [8960/60000 (15%)]	loss=0.6347
2025-04-25T15:13:38Z INFO     Train Epoch: 3 [10240/60000 (17%)]	loss=0.6508
2025-04-25T15:13:38Z INFO     Train Epoch: 3 [11520/60000 (19%)]	loss=0.4758
2025-04-25T15:13:38Z INFO     Train Epoch: 3 [12800/60000 (21%)]	loss=0.6907
2025-04-25T15:13:38Z INFO     Train Epoch: 3 [14080/60000 (23%)]	loss=0.6607
2025-04-25T15:13:38Z INFO     Train Epoch: 3 [15360/60000 (26%)]	loss=0.6993
2025-04-25T15:13:38Z INFO     Train Epoch: 3 [16640/60000 (28%)]	loss=0.5766
2025-04-25T15:13:38Z INFO     Train Epoch: 3 [17920/60000 (30%)]	loss=0.6525
2025-04-25T15:13:38Z INFO     Train Epoch: 3 [19200/60000 (32%)]	loss=0.6452
2025-04-25T15:13:39Z INFO     Train Epoch: 3 [20480/60000 (34%)]	loss=0.6268
2025-04-25T15:13:39Z INFO     Train Epoch: 3 [21760/60000 (36%)]	loss=0.4616
2025-04-25T15:13:39Z INFO     Train Epoch: 3 [23040/60000 (38%)]	loss=0.7001
2025-04-25T15:13:39Z INFO     Train Epoch: 3 [24320/60000 (41%)]	loss=0.6101
2025-04-25T15:13:39Z INFO     Train Epoch: 3 [25600/60000 (43%)]	loss=0.5663
2025-04-25T15:13:39Z INFO     Train Epoch: 3 [26880/60000 (45%)]	loss=0.5165
2025-04-25T15:13:39Z INFO     Train Epoch: 3 [28160/60000 (47%)]	loss=0.6813
2025-04-25T15:13:39Z INFO     Train Epoch: 3 [29440/60000 (49%)]	loss=0.6092
2025-04-25T15:13:39Z INFO     Train Epoch: 3 [30720/60000 (51%)]	loss=0.6062
2025-04-25T15:13:40Z INFO     Train Epoch: 3 [32000/60000 (53%)]	loss=0.6244
2025-04-25T15:13:40Z INFO     Train Epoch: 3 [33280/60000 (55%)]	loss=0.6743
2025-04-25T15:13:40Z INFO     Train Epoch: 3 [34560/60000 (58%)]	loss=0.5932
2025-04-25T15:13:40Z INFO     Train Epoch: 3 [35840/60000 (60%)]	loss=0.5709
2025-04-25T15:13:40Z INFO     Train Epoch: 3 [37120/60000 (62%)]	loss=0.5753
2025-04-25T15:13:40Z INFO     Train Epoch: 3 [38400/60000 (64%)]	loss=0.4597
2025-04-25T15:13:40Z INFO     Train Epoch: 3 [39680/60000 (66%)]	loss=0.5209
2025-04-25T15:13:40Z INFO     Train Epoch: 3 [40960/60000 (68%)]	loss=0.5733
2025-04-25T15:13:40Z INFO     Train Epoch: 3 [42240/60000 (70%)]	loss=0.5980
2025-04-25T15:13:41Z INFO     Train Epoch: 3 [43520/60000 (72%)]	loss=0.7328
2025-04-25T15:13:41Z INFO     Train Epoch: 3 [44800/60000 (75%)]	loss=0.5757
2025-04-25T15:13:41Z INFO     Train Epoch: 3 [46080/60000 (77%)]	loss=0.5902
2025-04-25T15:13:41Z INFO     Train Epoch: 3 [47360/60000 (79%)]	loss=0.5969
2025-04-25T15:13:41Z INFO     Train Epoch: 3 [48640/60000 (81%)]	loss=0.5158
2025-04-25T15:13:41Z INFO     Train Epoch: 3 [49920/60000 (83%)]	loss=0.6281
2025-04-25T15:13:41Z INFO     Train Epoch: 3 [51200/60000 (85%)]	loss=0.6644
2025-04-25T15:13:41Z INFO     Train Epoch: 3 [52480/60000 (87%)]	loss=0.6339
2025-04-25T15:13:41Z INFO     Train Epoch: 3 [53760/60000 (90%)]	loss=0.6302
2025-04-25T15:13:42Z INFO     Train Epoch: 3 [55040/60000 (92%)]	loss=0.6003
2025-04-25T15:13:42Z INFO     Train Epoch: 3 [56320/60000 (94%)]	loss=0.6398
2025-04-25T15:13:42Z INFO     Train Epoch: 3 [57600/60000 (96%)]	loss=0.5187
2025-04-25T15:13:42Z INFO     Train Epoch: 3 [58880/60000 (98%)]	loss=0.7662
2025-04-25T15:13:43Z INFO     {metricName: accuracy, metricValue: 0.7755};{metricName: loss, metricValue: 0.5952}

2025-04-25T15:13:43Z INFO     Train Epoch: 4 [0/60000 (0%)]	loss=0.6219
2025-04-25T15:13:43Z INFO     Train Epoch: 4 [1280/60000 (2%)]	loss=0.5152
2025-04-25T15:13:43Z INFO     Train Epoch: 4 [2560/60000 (4%)]	loss=0.4973
2025-04-25T15:13:43Z INFO     Train Epoch: 4 [3840/60000 (6%)]	loss=0.5825
2025-04-25T15:13:43Z INFO     Train Epoch: 4 [5120/60000 (9%)]	loss=0.5001
2025-04-25T15:13:43Z INFO     Train Epoch: 4 [6400/60000 (11%)]	loss=0.5478
2025-04-25T15:13:43Z INFO     Train Epoch: 4 [7680/60000 (13%)]	loss=0.6096
2025-04-25T15:13:44Z INFO     Train Epoch: 4 [8960/60000 (15%)]	loss=0.4800
2025-04-25T15:13:44Z INFO     Train Epoch: 4 [10240/60000 (17%)]	loss=0.6001
2025-04-25T15:13:44Z INFO     Train Epoch: 4 [11520/60000 (19%)]	loss=0.4621
2025-04-25T15:13:44Z INFO     Train Epoch: 4 [12800/60000 (21%)]	loss=0.5891
2025-04-25T15:13:44Z INFO     Train Epoch: 4 [14080/60000 (23%)]	loss=0.5857
2025-04-25T15:13:44Z INFO     Train Epoch: 4 [15360/60000 (26%)]	loss=0.6087
2025-04-25T15:13:44Z INFO     Train Epoch: 4 [16640/60000 (28%)]	loss=0.5983
2025-04-25T15:13:44Z INFO     Train Epoch: 4 [17920/60000 (30%)]	loss=0.5380
2025-04-25T15:13:44Z INFO     Train Epoch: 4 [19200/60000 (32%)]	loss=0.5686
2025-04-25T15:13:45Z INFO     Train Epoch: 4 [20480/60000 (34%)]	loss=0.4869
2025-04-25T15:13:45Z INFO     Train Epoch: 4 [21760/60000 (36%)]	loss=0.5487
2025-04-25T15:13:45Z INFO     Train Epoch: 4 [23040/60000 (38%)]	loss=0.6159
2025-04-25T15:13:45Z INFO     Train Epoch: 4 [24320/60000 (41%)]	loss=0.4899
2025-04-25T15:13:45Z INFO     Train Epoch: 4 [25600/60000 (43%)]	loss=0.5088
2025-04-25T15:13:45Z INFO     Train Epoch: 4 [26880/60000 (45%)]	loss=0.6029
2025-04-25T15:13:45Z INFO     Train Epoch: 4 [28160/60000 (47%)]	loss=0.4010
2025-04-25T15:13:45Z INFO     Train Epoch: 4 [29440/60000 (49%)]	loss=0.4856
2025-04-25T15:13:45Z INFO     Train Epoch: 4 [30720/60000 (51%)]	loss=0.5141
2025-04-25T15:13:46Z INFO     Train Epoch: 4 [32000/60000 (53%)]	loss=0.4837
2025-04-25T15:13:46Z INFO     Train Epoch: 4 [33280/60000 (55%)]	loss=0.5317
2025-04-25T15:13:46Z INFO     Train Epoch: 4 [34560/60000 (58%)]	loss=0.5401
2025-04-25T15:13:46Z INFO     Train Epoch: 4 [35840/60000 (60%)]	loss=0.4969
2025-04-25T15:13:46Z INFO     Train Epoch: 4 [37120/60000 (62%)]	loss=0.4538
2025-04-25T15:13:46Z INFO     Train Epoch: 4 [38400/60000 (64%)]	loss=0.5629
2025-04-25T15:13:46Z INFO     Train Epoch: 4 [39680/60000 (66%)]	loss=0.4884
2025-04-25T15:13:46Z INFO     Train Epoch: 4 [40960/60000 (68%)]	loss=0.5182
2025-04-25T15:13:46Z INFO     Train Epoch: 4 [42240/60000 (70%)]	loss=0.6497
2025-04-25T15:13:47Z INFO     Train Epoch: 4 [43520/60000 (72%)]	loss=0.5734
2025-04-25T15:13:47Z INFO     Train Epoch: 4 [44800/60000 (75%)]	loss=0.6395
2025-04-25T15:13:47Z INFO     Train Epoch: 4 [46080/60000 (77%)]	loss=0.5460
2025-04-25T15:13:47Z INFO     Train Epoch: 4 [47360/60000 (79%)]	loss=0.4488
2025-04-25T15:13:47Z INFO     Train Epoch: 4 [48640/60000 (81%)]	loss=0.4371
2025-04-25T15:13:47Z INFO     Train Epoch: 4 [49920/60000 (83%)]	loss=0.5663
2025-04-25T15:13:47Z INFO     Train Epoch: 4 [51200/60000 (85%)]	loss=0.5483
2025-04-25T15:13:47Z INFO     Train Epoch: 4 [52480/60000 (87%)]	loss=0.4788
2025-04-25T15:13:47Z INFO     Train Epoch: 4 [53760/60000 (90%)]	loss=0.4857
2025-04-25T15:13:48Z INFO     Train Epoch: 4 [55040/60000 (92%)]	loss=0.5655
2025-04-25T15:13:48Z INFO     Train Epoch: 4 [56320/60000 (94%)]	loss=0.4393
2025-04-25T15:13:48Z INFO     Train Epoch: 4 [57600/60000 (96%)]	loss=0.3734
2025-04-25T15:13:48Z INFO     Train Epoch: 4 [58880/60000 (98%)]	loss=0.4254
2025-04-25T15:13:49Z INFO     {metricName: accuracy, metricValue: 0.8068};{metricName: loss, metricValue: 0.5314}


real	0m37.366s
user	0m35.411s
sys	0m7.744s
