Using CUDA
Using distributed PyTorch with nccl backend
2025-04-25T15:15:18Z INFO     Added key: store_based_barrier_key:1 to store for rank: 0
2025-04-25T15:15:18Z INFO     Rank 0: Completed store-based barrier for key:store_based_barrier_key:1 with 2 nodes.
pytorch-mnist-master-0:7:7 [0] NCCL INFO Bootstrap : Using eth0:10.224.0.34<0>
pytorch-mnist-master-0:7:7 [0] NCCL INFO NET/Plugin : No plugin found (libnccl-net.so), using internal implementation
pytorch-mnist-master-0:7:7 [0] NCCL INFO NET/IB : Using [0]mlx5_0:1/IB ; OOB eth0:10.224.0.34<0>
pytorch-mnist-master-0:7:7 [0] NCCL INFO Using network IB
NCCL version 2.10.3+cuda10.2
pytorch-mnist-master-0:7:93 [0] NCCL INFO NET/IB : GPU Direct RDMA Disabled for HCA 0 'mlx5_0' (no module)
pytorch-mnist-master-0:7:93 [0] NCCL INFO NET/IB : GPU Direct RDMA Disabled for HCA 0 'mlx5_0' (no module)
pytorch-mnist-master-0:7:93 [0] NCCL INFO Channel 00/02 :    0   1
pytorch-mnist-master-0:7:93 [0] NCCL INFO Channel 01/02 :    0   1
pytorch-mnist-master-0:7:93 [0] NCCL INFO Trees [0] 1/-1/-1->0->-1 [1] -1/-1/-1->0->1
pytorch-mnist-master-0:7:93 [0] NCCL INFO Setting affinity for GPU 0 to 0fffff
pytorch-mnist-master-0:7:93 [0] NCCL INFO Channel 00 : 1[100000] -> 0[100000] [receive] via NET/IB/0
pytorch-mnist-master-0:7:93 [0] NCCL INFO Channel 01 : 1[100000] -> 0[100000] [receive] via NET/IB/0
pytorch-mnist-master-0:7:93 [0] NCCL INFO Channel 00 : 0[100000] -> 1[100000] [send] via NET/IB/0
pytorch-mnist-master-0:7:93 [0] NCCL INFO Channel 01 : 0[100000] -> 1[100000] [send] via NET/IB/0
pytorch-mnist-master-0:7:93 [0] NCCL INFO NET/IB: Dev 0 Port 1 qpn 311 mtu 5 LID 154
pytorch-mnist-master-0:7:93 [0] NCCL INFO NET/IB: Dev 0 Port 1 qpn 312 mtu 5 LID 154
pytorch-mnist-master-0:7:93 [0] NCCL INFO Connected all rings
pytorch-mnist-master-0:7:93 [0] NCCL INFO Connected all trees
pytorch-mnist-master-0:7:93 [0] NCCL INFO threadThresholds 8/8/64 | 16/8/64 | 8/8/512
pytorch-mnist-master-0:7:93 [0] NCCL INFO 2 coll channels, 2 p2p channels, 1 p2p channels per peer
pytorch-mnist-master-0:7:93 [0] NCCL INFO comm 0x7f86800012d0 rank 0 nranks 2 cudaDev 0 busId 100000 - Init COMPLETE
pytorch-mnist-master-0:7:7 [0] NCCL INFO Launch mode Parallel
2025-04-25T15:15:22Z INFO     Train Epoch: 1 [0/60000 (0%)]	loss=2.3015
2025-04-25T15:15:22Z INFO     Reducer buckets have been rebuilt in this iteration.
2025-04-25T15:15:22Z INFO     Train Epoch: 1 [1280/60000 (2%)]	loss=2.2863
2025-04-25T15:15:22Z INFO     Train Epoch: 1 [2560/60000 (4%)]	loss=2.2854
2025-04-25T15:15:22Z INFO     Train Epoch: 1 [3840/60000 (6%)]	loss=2.2727
2025-04-25T15:15:22Z INFO     Train Epoch: 1 [5120/60000 (9%)]	loss=2.2693
2025-04-25T15:15:22Z INFO     Train Epoch: 1 [6400/60000 (11%)]	loss=2.2500
2025-04-25T15:15:22Z INFO     Train Epoch: 1 [7680/60000 (13%)]	loss=2.2420
2025-04-25T15:15:23Z INFO     Train Epoch: 1 [8960/60000 (15%)]	loss=2.2029
2025-04-25T15:15:23Z INFO     Train Epoch: 1 [10240/60000 (17%)]	loss=2.1879
2025-04-25T15:15:23Z INFO     Train Epoch: 1 [11520/60000 (19%)]	loss=2.1322
2025-04-25T15:15:23Z INFO     Train Epoch: 1 [12800/60000 (21%)]	loss=2.0497
2025-04-25T15:15:23Z INFO     Train Epoch: 1 [14080/60000 (23%)]	loss=1.9476
2025-04-25T15:15:23Z INFO     Train Epoch: 1 [15360/60000 (26%)]	loss=1.7656
2025-04-25T15:15:23Z INFO     Train Epoch: 1 [16640/60000 (28%)]	loss=1.5977
2025-04-25T15:15:23Z INFO     Train Epoch: 1 [17920/60000 (30%)]	loss=1.3735
2025-04-25T15:15:23Z INFO     Train Epoch: 1 [19200/60000 (32%)]	loss=1.3093
2025-04-25T15:15:24Z INFO     Train Epoch: 1 [20480/60000 (34%)]	loss=1.1870
2025-04-25T15:15:24Z INFO     Train Epoch: 1 [21760/60000 (36%)]	loss=1.0813
2025-04-25T15:15:24Z INFO     Train Epoch: 1 [23040/60000 (38%)]	loss=1.0568
2025-04-25T15:15:24Z INFO     Train Epoch: 1 [24320/60000 (41%)]	loss=1.0203
2025-04-25T15:15:24Z INFO     Train Epoch: 1 [25600/60000 (43%)]	loss=0.9027
2025-04-25T15:15:24Z INFO     Train Epoch: 1 [26880/60000 (45%)]	loss=1.0221
2025-04-25T15:15:24Z INFO     Train Epoch: 1 [28160/60000 (47%)]	loss=1.0540
2025-04-25T15:15:24Z INFO     Train Epoch: 1 [29440/60000 (49%)]	loss=0.9019
2025-04-25T15:15:24Z INFO     Train Epoch: 1 [30720/60000 (51%)]	loss=0.7915
2025-04-25T15:15:25Z INFO     Train Epoch: 1 [32000/60000 (53%)]	loss=1.1941
2025-04-25T15:15:25Z INFO     Train Epoch: 1 [33280/60000 (55%)]	loss=1.0279
2025-04-25T15:15:25Z INFO     Train Epoch: 1 [34560/60000 (58%)]	loss=0.9582
2025-04-25T15:15:25Z INFO     Train Epoch: 1 [35840/60000 (60%)]	loss=0.7888
2025-04-25T15:15:25Z INFO     Train Epoch: 1 [37120/60000 (62%)]	loss=0.9349
2025-04-25T15:15:25Z INFO     Train Epoch: 1 [38400/60000 (64%)]	loss=0.9512
2025-04-25T15:15:25Z INFO     Train Epoch: 1 [39680/60000 (66%)]	loss=0.8614
2025-04-25T15:15:25Z INFO     Train Epoch: 1 [40960/60000 (68%)]	loss=0.8078
2025-04-25T15:15:25Z INFO     Train Epoch: 1 [42240/60000 (70%)]	loss=0.8867
2025-04-25T15:15:26Z INFO     Train Epoch: 1 [43520/60000 (72%)]	loss=0.9452
2025-04-25T15:15:26Z INFO     Train Epoch: 1 [44800/60000 (75%)]	loss=0.9367
2025-04-25T15:15:26Z INFO     Train Epoch: 1 [46080/60000 (77%)]	loss=0.8245
2025-04-25T15:15:26Z INFO     Train Epoch: 1 [47360/60000 (79%)]	loss=0.7684
2025-04-25T15:15:26Z INFO     Train Epoch: 1 [48640/60000 (81%)]	loss=0.8696
2025-04-25T15:15:26Z INFO     Train Epoch: 1 [49920/60000 (83%)]	loss=0.8700
2025-04-25T15:15:26Z INFO     Train Epoch: 1 [51200/60000 (85%)]	loss=0.7864
2025-04-25T15:15:26Z INFO     Train Epoch: 1 [52480/60000 (87%)]	loss=0.6913
2025-04-25T15:15:26Z INFO     Train Epoch: 1 [53760/60000 (90%)]	loss=0.8081
2025-04-25T15:15:27Z INFO     Train Epoch: 1 [55040/60000 (92%)]	loss=0.8787
2025-04-25T15:15:27Z INFO     Train Epoch: 1 [56320/60000 (94%)]	loss=0.8585
2025-04-25T15:15:27Z INFO     Train Epoch: 1 [57600/60000 (96%)]	loss=0.9273
2025-04-25T15:15:27Z INFO     Train Epoch: 1 [58880/60000 (98%)]	loss=0.7724
2025-04-25T15:15:28Z INFO     {metricName: accuracy, metricValue: 0.6877};{metricName: loss, metricValue: 0.8278}

2025-04-25T15:15:28Z INFO     Train Epoch: 2 [0/60000 (0%)]	loss=0.7501
2025-04-25T15:15:28Z INFO     Train Epoch: 2 [1280/60000 (2%)]	loss=0.6790
2025-04-25T15:15:28Z INFO     Train Epoch: 2 [2560/60000 (4%)]	loss=0.7746
2025-04-25T15:15:28Z INFO     Train Epoch: 2 [3840/60000 (6%)]	loss=0.7707
2025-04-25T15:15:28Z INFO     Train Epoch: 2 [5120/60000 (9%)]	loss=0.7498
2025-04-25T15:15:28Z INFO     Train Epoch: 2 [6400/60000 (11%)]	loss=0.7417
2025-04-25T15:15:28Z INFO     Train Epoch: 2 [7680/60000 (13%)]	loss=0.7574
2025-04-25T15:15:29Z INFO     Train Epoch: 2 [8960/60000 (15%)]	loss=0.6587
2025-04-25T15:15:29Z INFO     Train Epoch: 2 [10240/60000 (17%)]	loss=0.7521
2025-04-25T15:15:29Z INFO     Train Epoch: 2 [11520/60000 (19%)]	loss=0.6041
2025-04-25T15:15:29Z INFO     Train Epoch: 2 [12800/60000 (21%)]	loss=0.7414
2025-04-25T15:15:29Z INFO     Train Epoch: 2 [14080/60000 (23%)]	loss=0.6990
2025-04-25T15:15:29Z INFO     Train Epoch: 2 [15360/60000 (26%)]	loss=0.7796
2025-04-25T15:15:29Z INFO     Train Epoch: 2 [16640/60000 (28%)]	loss=0.6450
2025-04-25T15:15:29Z INFO     Train Epoch: 2 [17920/60000 (30%)]	loss=0.7483
2025-04-25T15:15:29Z INFO     Train Epoch: 2 [19200/60000 (32%)]	loss=0.5674
2025-04-25T15:15:30Z INFO     Train Epoch: 2 [20480/60000 (34%)]	loss=0.8003
2025-04-25T15:15:30Z INFO     Train Epoch: 2 [21760/60000 (36%)]	loss=0.6855
2025-04-25T15:15:30Z INFO     Train Epoch: 2 [23040/60000 (38%)]	loss=0.6714
2025-04-25T15:15:30Z INFO     Train Epoch: 2 [24320/60000 (41%)]	loss=0.6478
2025-04-25T15:15:30Z INFO     Train Epoch: 2 [25600/60000 (43%)]	loss=0.6489
2025-04-25T15:15:30Z INFO     Train Epoch: 2 [26880/60000 (45%)]	loss=0.7614
2025-04-25T15:15:30Z INFO     Train Epoch: 2 [28160/60000 (47%)]	loss=0.5767
2025-04-25T15:15:30Z INFO     Train Epoch: 2 [29440/60000 (49%)]	loss=0.8768
2025-04-25T15:15:30Z INFO     Train Epoch: 2 [30720/60000 (51%)]	loss=0.6942
2025-04-25T15:15:31Z INFO     Train Epoch: 2 [32000/60000 (53%)]	loss=0.7680
2025-04-25T15:15:31Z INFO     Train Epoch: 2 [33280/60000 (55%)]	loss=0.6701
2025-04-25T15:15:31Z INFO     Train Epoch: 2 [34560/60000 (58%)]	loss=0.5756
2025-04-25T15:15:31Z INFO     Train Epoch: 2 [35840/60000 (60%)]	loss=0.5399
2025-04-25T15:15:31Z INFO     Train Epoch: 2 [37120/60000 (62%)]	loss=0.7477
2025-04-25T15:15:31Z INFO     Train Epoch: 2 [38400/60000 (64%)]	loss=0.6816
2025-04-25T15:15:31Z INFO     Train Epoch: 2 [39680/60000 (66%)]	loss=0.6240
2025-04-25T15:15:31Z INFO     Train Epoch: 2 [40960/60000 (68%)]	loss=0.7624
2025-04-25T15:15:31Z INFO     Train Epoch: 2 [42240/60000 (70%)]	loss=0.7598
2025-04-25T15:15:32Z INFO     Train Epoch: 2 [43520/60000 (72%)]	loss=0.5799
2025-04-25T15:15:32Z INFO     Train Epoch: 2 [44800/60000 (75%)]	loss=0.5779
2025-04-25T15:15:32Z INFO     Train Epoch: 2 [46080/60000 (77%)]	loss=0.6857
2025-04-25T15:15:32Z INFO     Train Epoch: 2 [47360/60000 (79%)]	loss=0.7655
2025-04-25T15:15:32Z INFO     Train Epoch: 2 [48640/60000 (81%)]	loss=0.5824
2025-04-25T15:15:32Z INFO     Train Epoch: 2 [49920/60000 (83%)]	loss=0.7001
2025-04-25T15:15:32Z INFO     Train Epoch: 2 [51200/60000 (85%)]	loss=0.8265
2025-04-25T15:15:32Z INFO     Train Epoch: 2 [52480/60000 (87%)]	loss=0.5795
2025-04-25T15:15:32Z INFO     Train Epoch: 2 [53760/60000 (90%)]	loss=0.5223
2025-04-25T15:15:33Z INFO     Train Epoch: 2 [55040/60000 (92%)]	loss=0.6881
2025-04-25T15:15:33Z INFO     Train Epoch: 2 [56320/60000 (94%)]	loss=0.7075
2025-04-25T15:15:33Z INFO     Train Epoch: 2 [57600/60000 (96%)]	loss=0.5097
2025-04-25T15:15:33Z INFO     Train Epoch: 2 [58880/60000 (98%)]	loss=0.5995
2025-04-25T15:15:34Z INFO     {metricName: accuracy, metricValue: 0.7607};{metricName: loss, metricValue: 0.6526}

2025-04-25T15:15:34Z INFO     Train Epoch: 3 [0/60000 (0%)]	loss=0.5427
2025-04-25T15:15:34Z INFO     Train Epoch: 3 [1280/60000 (2%)]	loss=0.6468
2025-04-25T15:15:34Z INFO     Train Epoch: 3 [2560/60000 (4%)]	loss=0.5527
2025-04-25T15:15:34Z INFO     Train Epoch: 3 [3840/60000 (6%)]	loss=0.5122
2025-04-25T15:15:34Z INFO     Train Epoch: 3 [5120/60000 (9%)]	loss=0.5632
2025-04-25T15:15:34Z INFO     Train Epoch: 3 [6400/60000 (11%)]	loss=0.6521
2025-04-25T15:15:35Z INFO     Train Epoch: 3 [7680/60000 (13%)]	loss=0.5267
2025-04-25T15:15:35Z INFO     Train Epoch: 3 [8960/60000 (15%)]	loss=0.6363
2025-04-25T15:15:35Z INFO     Train Epoch: 3 [10240/60000 (17%)]	loss=0.6506
2025-04-25T15:15:35Z INFO     Train Epoch: 3 [11520/60000 (19%)]	loss=0.4751
2025-04-25T15:15:35Z INFO     Train Epoch: 3 [12800/60000 (21%)]	loss=0.6897
2025-04-25T15:15:35Z INFO     Train Epoch: 3 [14080/60000 (23%)]	loss=0.6598
2025-04-25T15:15:35Z INFO     Train Epoch: 3 [15360/60000 (26%)]	loss=0.6995
2025-04-25T15:15:35Z INFO     Train Epoch: 3 [16640/60000 (28%)]	loss=0.5775
2025-04-25T15:15:35Z INFO     Train Epoch: 3 [17920/60000 (30%)]	loss=0.6530
2025-04-25T15:15:36Z INFO     Train Epoch: 3 [19200/60000 (32%)]	loss=0.6451
2025-04-25T15:15:36Z INFO     Train Epoch: 3 [20480/60000 (34%)]	loss=0.6262
2025-04-25T15:15:36Z INFO     Train Epoch: 3 [21760/60000 (36%)]	loss=0.4611
2025-04-25T15:15:36Z INFO     Train Epoch: 3 [23040/60000 (38%)]	loss=0.6997
2025-04-25T15:15:36Z INFO     Train Epoch: 3 [24320/60000 (41%)]	loss=0.6106
2025-04-25T15:15:36Z INFO     Train Epoch: 3 [25600/60000 (43%)]	loss=0.5655
2025-04-25T15:15:36Z INFO     Train Epoch: 3 [26880/60000 (45%)]	loss=0.5169
2025-04-25T15:15:36Z INFO     Train Epoch: 3 [28160/60000 (47%)]	loss=0.6811
2025-04-25T15:15:36Z INFO     Train Epoch: 3 [29440/60000 (49%)]	loss=0.6092
2025-04-25T15:15:37Z INFO     Train Epoch: 3 [30720/60000 (51%)]	loss=0.6039
2025-04-25T15:15:37Z INFO     Train Epoch: 3 [32000/60000 (53%)]	loss=0.6250
2025-04-25T15:15:37Z INFO     Train Epoch: 3 [33280/60000 (55%)]	loss=0.6738
2025-04-25T15:15:37Z INFO     Train Epoch: 3 [34560/60000 (58%)]	loss=0.5911
2025-04-25T15:15:37Z INFO     Train Epoch: 3 [35840/60000 (60%)]	loss=0.5716
2025-04-25T15:15:37Z INFO     Train Epoch: 3 [37120/60000 (62%)]	loss=0.5751
2025-04-25T15:15:37Z INFO     Train Epoch: 3 [38400/60000 (64%)]	loss=0.4601
2025-04-25T15:15:37Z INFO     Train Epoch: 3 [39680/60000 (66%)]	loss=0.5210
2025-04-25T15:15:37Z INFO     Train Epoch: 3 [40960/60000 (68%)]	loss=0.5723
2025-04-25T15:15:38Z INFO     Train Epoch: 3 [42240/60000 (70%)]	loss=0.5978
2025-04-25T15:15:38Z INFO     Train Epoch: 3 [43520/60000 (72%)]	loss=0.7312
2025-04-25T15:15:38Z INFO     Train Epoch: 3 [44800/60000 (75%)]	loss=0.5749
2025-04-25T15:15:38Z INFO     Train Epoch: 3 [46080/60000 (77%)]	loss=0.5915
2025-04-25T15:15:38Z INFO     Train Epoch: 3 [47360/60000 (79%)]	loss=0.5955
2025-04-25T15:15:38Z INFO     Train Epoch: 3 [48640/60000 (81%)]	loss=0.5164
2025-04-25T15:15:38Z INFO     Train Epoch: 3 [49920/60000 (83%)]	loss=0.6280
2025-04-25T15:15:38Z INFO     Train Epoch: 3 [51200/60000 (85%)]	loss=0.6630
2025-04-25T15:15:38Z INFO     Train Epoch: 3 [52480/60000 (87%)]	loss=0.6341
2025-04-25T15:15:39Z INFO     Train Epoch: 3 [53760/60000 (90%)]	loss=0.6291
2025-04-25T15:15:39Z INFO     Train Epoch: 3 [55040/60000 (92%)]	loss=0.5993
2025-04-25T15:15:39Z INFO     Train Epoch: 3 [56320/60000 (94%)]	loss=0.6396
2025-04-25T15:15:39Z INFO     Train Epoch: 3 [57600/60000 (96%)]	loss=0.5188
2025-04-25T15:15:39Z INFO     Train Epoch: 3 [58880/60000 (98%)]	loss=0.7672
2025-04-25T15:15:40Z INFO     {metricName: accuracy, metricValue: 0.7763};{metricName: loss, metricValue: 0.5942}

2025-04-25T15:15:40Z INFO     Train Epoch: 4 [0/60000 (0%)]	loss=0.6216
2025-04-25T15:15:40Z INFO     Train Epoch: 4 [1280/60000 (2%)]	loss=0.5154
2025-04-25T15:15:40Z INFO     Train Epoch: 4 [2560/60000 (4%)]	loss=0.4973
2025-04-25T15:15:40Z INFO     Train Epoch: 4 [3840/60000 (6%)]	loss=0.5823
2025-04-25T15:15:40Z INFO     Train Epoch: 4 [5120/60000 (9%)]	loss=0.5010
2025-04-25T15:15:41Z INFO     Train Epoch: 4 [6400/60000 (11%)]	loss=0.5479
2025-04-25T15:15:41Z INFO     Train Epoch: 4 [7680/60000 (13%)]	loss=0.6101
2025-04-25T15:15:41Z INFO     Train Epoch: 4 [8960/60000 (15%)]	loss=0.4801
2025-04-25T15:15:41Z INFO     Train Epoch: 4 [10240/60000 (17%)]	loss=0.6000
2025-04-25T15:15:41Z INFO     Train Epoch: 4 [11520/60000 (19%)]	loss=0.4625
2025-04-25T15:15:41Z INFO     Train Epoch: 4 [12800/60000 (21%)]	loss=0.5886
2025-04-25T15:15:41Z INFO     Train Epoch: 4 [14080/60000 (23%)]	loss=0.5858
2025-04-25T15:15:41Z INFO     Train Epoch: 4 [15360/60000 (26%)]	loss=0.6086
2025-04-25T15:15:41Z INFO     Train Epoch: 4 [16640/60000 (28%)]	loss=0.5993
2025-04-25T15:15:42Z INFO     Train Epoch: 4 [17920/60000 (30%)]	loss=0.5374
2025-04-25T15:15:42Z INFO     Train Epoch: 4 [19200/60000 (32%)]	loss=0.5697
2025-04-25T15:15:42Z INFO     Train Epoch: 4 [20480/60000 (34%)]	loss=0.4863
2025-04-25T15:15:42Z INFO     Train Epoch: 4 [21760/60000 (36%)]	loss=0.5486
2025-04-25T15:15:42Z INFO     Train Epoch: 4 [23040/60000 (38%)]	loss=0.6160
2025-04-25T15:15:42Z INFO     Train Epoch: 4 [24320/60000 (41%)]	loss=0.4898
2025-04-25T15:15:42Z INFO     Train Epoch: 4 [25600/60000 (43%)]	loss=0.5080
2025-04-25T15:15:42Z INFO     Train Epoch: 4 [26880/60000 (45%)]	loss=0.6024
2025-04-25T15:15:42Z INFO     Train Epoch: 4 [28160/60000 (47%)]	loss=0.4013
2025-04-25T15:15:43Z INFO     Train Epoch: 4 [29440/60000 (49%)]	loss=0.4861
2025-04-25T15:15:43Z INFO     Train Epoch: 4 [30720/60000 (51%)]	loss=0.5146
2025-04-25T15:15:43Z INFO     Train Epoch: 4 [32000/60000 (53%)]	loss=0.4839
2025-04-25T15:15:43Z INFO     Train Epoch: 4 [33280/60000 (55%)]	loss=0.5318
2025-04-25T15:15:43Z INFO     Train Epoch: 4 [34560/60000 (58%)]	loss=0.5407
2025-04-25T15:15:43Z INFO     Train Epoch: 4 [35840/60000 (60%)]	loss=0.4969
2025-04-25T15:15:43Z INFO     Train Epoch: 4 [37120/60000 (62%)]	loss=0.4527
2025-04-25T15:15:43Z INFO     Train Epoch: 4 [38400/60000 (64%)]	loss=0.5629
2025-04-25T15:15:43Z INFO     Train Epoch: 4 [39680/60000 (66%)]	loss=0.4882
2025-04-25T15:15:44Z INFO     Train Epoch: 4 [40960/60000 (68%)]	loss=0.5186
2025-04-25T15:15:44Z INFO     Train Epoch: 4 [42240/60000 (70%)]	loss=0.6520
2025-04-25T15:15:44Z INFO     Train Epoch: 4 [43520/60000 (72%)]	loss=0.5729
2025-04-25T15:15:44Z INFO     Train Epoch: 4 [44800/60000 (75%)]	loss=0.6386
2025-04-25T15:15:44Z INFO     Train Epoch: 4 [46080/60000 (77%)]	loss=0.5462
2025-04-25T15:15:44Z INFO     Train Epoch: 4 [47360/60000 (79%)]	loss=0.4490
2025-04-25T15:15:44Z INFO     Train Epoch: 4 [48640/60000 (81%)]	loss=0.4374
2025-04-25T15:15:44Z INFO     Train Epoch: 4 [49920/60000 (83%)]	loss=0.5652
2025-04-25T15:15:44Z INFO     Train Epoch: 4 [51200/60000 (85%)]	loss=0.5480
2025-04-25T15:15:45Z INFO     Train Epoch: 4 [52480/60000 (87%)]	loss=0.4781
2025-04-25T15:15:45Z INFO     Train Epoch: 4 [53760/60000 (90%)]	loss=0.4860
2025-04-25T15:15:45Z INFO     Train Epoch: 4 [55040/60000 (92%)]	loss=0.5668
2025-04-25T15:15:45Z INFO     Train Epoch: 4 [56320/60000 (94%)]	loss=0.4392
2025-04-25T15:15:45Z INFO     Train Epoch: 4 [57600/60000 (96%)]	loss=0.3726
2025-04-25T15:15:45Z INFO     Train Epoch: 4 [58880/60000 (98%)]	loss=0.4260
2025-04-25T15:15:46Z INFO     {metricName: accuracy, metricValue: 0.8077};{metricName: loss, metricValue: 0.5310}


real	0m34.942s
user	0m46.629s
sys	0m12.095s
