Using CUDA
Using distributed PyTorch with nccl backend
2025-04-25T15:14:38Z INFO     Added key: store_based_barrier_key:1 to store for rank: 0
2025-04-25T15:14:38Z INFO     Rank 0: Completed store-based barrier for key:store_based_barrier_key:1 with 2 nodes.
pytorch-mnist-master-0:7:7 [0] NCCL INFO Bootstrap : Using eth0:10.224.0.55<0>
pytorch-mnist-master-0:7:7 [0] NCCL INFO NET/Plugin : No plugin found (libnccl-net.so), using internal implementation
pytorch-mnist-master-0:7:7 [0] NCCL INFO NET/IB : Using [0]mlx5_0:1/IB ; OOB eth0:10.224.0.55<0>
pytorch-mnist-master-0:7:7 [0] NCCL INFO Using network IB
NCCL version 2.10.3+cuda10.2
pytorch-mnist-master-0:7:93 [0] NCCL INFO NET/IB : GPU Direct RDMA Disabled for HCA 0 'mlx5_0' (no module)
pytorch-mnist-master-0:7:93 [0] NCCL INFO NET/IB : GPU Direct RDMA Disabled for HCA 0 'mlx5_0' (no module)
pytorch-mnist-master-0:7:93 [0] NCCL INFO Channel 00/02 :    0   1
pytorch-mnist-master-0:7:93 [0] NCCL INFO Channel 01/02 :    0   1
pytorch-mnist-master-0:7:93 [0] NCCL INFO Trees [0] 1/-1/-1->0->-1 [1] -1/-1/-1->0->1
pytorch-mnist-master-0:7:93 [0] NCCL INFO Setting affinity for GPU 0 to 0fffff
pytorch-mnist-master-0:7:93 [0] NCCL INFO Channel 00 : 1[100000] -> 0[100000] [receive] via NET/IB/0
pytorch-mnist-master-0:7:93 [0] NCCL INFO Channel 01 : 1[100000] -> 0[100000] [receive] via NET/IB/0
pytorch-mnist-master-0:7:93 [0] NCCL INFO Channel 00 : 0[100000] -> 1[100000] [send] via NET/IB/0
pytorch-mnist-master-0:7:93 [0] NCCL INFO Channel 01 : 0[100000] -> 1[100000] [send] via NET/IB/0
pytorch-mnist-master-0:7:93 [0] NCCL INFO NET/IB: Dev 0 Port 1 qpn 307 mtu 5 LID 154
pytorch-mnist-master-0:7:93 [0] NCCL INFO NET/IB: Dev 0 Port 1 qpn 308 mtu 5 LID 154
pytorch-mnist-master-0:7:93 [0] NCCL INFO Connected all rings
pytorch-mnist-master-0:7:93 [0] NCCL INFO Connected all trees
pytorch-mnist-master-0:7:93 [0] NCCL INFO threadThresholds 8/8/64 | 16/8/64 | 8/8/512
pytorch-mnist-master-0:7:93 [0] NCCL INFO 2 coll channels, 2 p2p channels, 1 p2p channels per peer
pytorch-mnist-master-0:7:93 [0] NCCL INFO comm 0x7fd8a80012d0 rank 0 nranks 2 cudaDev 0 busId 100000 - Init COMPLETE
pytorch-mnist-master-0:7:7 [0] NCCL INFO Launch mode Parallel
2025-04-25T15:14:42Z INFO     Train Epoch: 1 [0/60000 (0%)]	loss=2.3015
2025-04-25T15:14:42Z INFO     Reducer buckets have been rebuilt in this iteration.
2025-04-25T15:14:42Z INFO     Train Epoch: 1 [1280/60000 (2%)]	loss=2.2863
2025-04-25T15:14:42Z INFO     Train Epoch: 1 [2560/60000 (4%)]	loss=2.2854
2025-04-25T15:14:42Z INFO     Train Epoch: 1 [3840/60000 (6%)]	loss=2.2727
2025-04-25T15:14:42Z INFO     Train Epoch: 1 [5120/60000 (9%)]	loss=2.2693
2025-04-25T15:14:42Z INFO     Train Epoch: 1 [6400/60000 (11%)]	loss=2.2499
2025-04-25T15:14:42Z INFO     Train Epoch: 1 [7680/60000 (13%)]	loss=2.2421
2025-04-25T15:14:42Z INFO     Train Epoch: 1 [8960/60000 (15%)]	loss=2.2029
2025-04-25T15:14:43Z INFO     Train Epoch: 1 [10240/60000 (17%)]	loss=2.1878
2025-04-25T15:14:43Z INFO     Train Epoch: 1 [11520/60000 (19%)]	loss=2.1322
2025-04-25T15:14:43Z INFO     Train Epoch: 1 [12800/60000 (21%)]	loss=2.0496
2025-04-25T15:14:43Z INFO     Train Epoch: 1 [14080/60000 (23%)]	loss=1.9475
2025-04-25T15:14:43Z INFO     Train Epoch: 1 [15360/60000 (26%)]	loss=1.7655
2025-04-25T15:14:43Z INFO     Train Epoch: 1 [16640/60000 (28%)]	loss=1.5976
2025-04-25T15:14:43Z INFO     Train Epoch: 1 [17920/60000 (30%)]	loss=1.3733
2025-04-25T15:14:43Z INFO     Train Epoch: 1 [19200/60000 (32%)]	loss=1.3093
2025-04-25T15:14:43Z INFO     Train Epoch: 1 [20480/60000 (34%)]	loss=1.1857
2025-04-25T15:14:44Z INFO     Train Epoch: 1 [21760/60000 (36%)]	loss=1.0813
2025-04-25T15:14:44Z INFO     Train Epoch: 1 [23040/60000 (38%)]	loss=1.0568
2025-04-25T15:14:44Z INFO     Train Epoch: 1 [24320/60000 (41%)]	loss=1.0200
2025-04-25T15:14:44Z INFO     Train Epoch: 1 [25600/60000 (43%)]	loss=0.9024
2025-04-25T15:14:44Z INFO     Train Epoch: 1 [26880/60000 (45%)]	loss=1.0210
2025-04-25T15:14:44Z INFO     Train Epoch: 1 [28160/60000 (47%)]	loss=1.0544
2025-04-25T15:14:44Z INFO     Train Epoch: 1 [29440/60000 (49%)]	loss=0.9021
2025-04-25T15:14:44Z INFO     Train Epoch: 1 [30720/60000 (51%)]	loss=0.7919
2025-04-25T15:14:45Z INFO     Train Epoch: 1 [32000/60000 (53%)]	loss=1.1947
2025-04-25T15:14:45Z INFO     Train Epoch: 1 [33280/60000 (55%)]	loss=1.0274
2025-04-25T15:14:45Z INFO     Train Epoch: 1 [34560/60000 (58%)]	loss=0.9584
2025-04-25T15:14:45Z INFO     Train Epoch: 1 [35840/60000 (60%)]	loss=0.7880
2025-04-25T15:14:45Z INFO     Train Epoch: 1 [37120/60000 (62%)]	loss=0.9341
2025-04-25T15:14:45Z INFO     Train Epoch: 1 [38400/60000 (64%)]	loss=0.9522
2025-04-25T15:14:45Z INFO     Train Epoch: 1 [39680/60000 (66%)]	loss=0.8622
2025-04-25T15:14:45Z INFO     Train Epoch: 1 [40960/60000 (68%)]	loss=0.8090
2025-04-25T15:14:45Z INFO     Train Epoch: 1 [42240/60000 (70%)]	loss=0.8883
2025-04-25T15:14:46Z INFO     Train Epoch: 1 [43520/60000 (72%)]	loss=0.9444
2025-04-25T15:14:46Z INFO     Train Epoch: 1 [44800/60000 (75%)]	loss=0.9361
2025-04-25T15:14:46Z INFO     Train Epoch: 1 [46080/60000 (77%)]	loss=0.8247
2025-04-25T15:14:46Z INFO     Train Epoch: 1 [47360/60000 (79%)]	loss=0.7674
2025-04-25T15:14:46Z INFO     Train Epoch: 1 [48640/60000 (81%)]	loss=0.8696
2025-04-25T15:14:46Z INFO     Train Epoch: 1 [49920/60000 (83%)]	loss=0.8692
2025-04-25T15:14:46Z INFO     Train Epoch: 1 [51200/60000 (85%)]	loss=0.7840
2025-04-25T15:14:46Z INFO     Train Epoch: 1 [52480/60000 (87%)]	loss=0.6901
2025-04-25T15:14:46Z INFO     Train Epoch: 1 [53760/60000 (90%)]	loss=0.8086
2025-04-25T15:14:47Z INFO     Train Epoch: 1 [55040/60000 (92%)]	loss=0.8771
2025-04-25T15:14:47Z INFO     Train Epoch: 1 [56320/60000 (94%)]	loss=0.8607
2025-04-25T15:14:47Z INFO     Train Epoch: 1 [57600/60000 (96%)]	loss=0.9274
2025-04-25T15:14:47Z INFO     Train Epoch: 1 [58880/60000 (98%)]	loss=0.7717
2025-04-25T15:14:48Z INFO     {metricName: accuracy, metricValue: 0.6872};{metricName: loss, metricValue: 0.8289}

2025-04-25T15:14:48Z INFO     Train Epoch: 2 [0/60000 (0%)]	loss=0.7514
2025-04-25T15:14:48Z INFO     Train Epoch: 2 [1280/60000 (2%)]	loss=0.6796
2025-04-25T15:14:48Z INFO     Train Epoch: 2 [2560/60000 (4%)]	loss=0.7738
2025-04-25T15:14:48Z INFO     Train Epoch: 2 [3840/60000 (6%)]	loss=0.7723
2025-04-25T15:14:48Z INFO     Train Epoch: 2 [5120/60000 (9%)]	loss=0.7502
2025-04-25T15:14:48Z INFO     Train Epoch: 2 [6400/60000 (11%)]	loss=0.7422
2025-04-25T15:14:49Z INFO     Train Epoch: 2 [7680/60000 (13%)]	loss=0.7575
2025-04-25T15:14:49Z INFO     Train Epoch: 2 [8960/60000 (15%)]	loss=0.6581
2025-04-25T15:14:49Z INFO     Train Epoch: 2 [10240/60000 (17%)]	loss=0.7523
2025-04-25T15:14:49Z INFO     Train Epoch: 2 [11520/60000 (19%)]	loss=0.6047
2025-04-25T15:14:49Z INFO     Train Epoch: 2 [12800/60000 (21%)]	loss=0.7410
2025-04-25T15:14:49Z INFO     Train Epoch: 2 [14080/60000 (23%)]	loss=0.6999
2025-04-25T15:14:49Z INFO     Train Epoch: 2 [15360/60000 (26%)]	loss=0.7807
2025-04-25T15:14:49Z INFO     Train Epoch: 2 [16640/60000 (28%)]	loss=0.6444
2025-04-25T15:14:49Z INFO     Train Epoch: 2 [17920/60000 (30%)]	loss=0.7494
2025-04-25T15:14:50Z INFO     Train Epoch: 2 [19200/60000 (32%)]	loss=0.5679
2025-04-25T15:14:50Z INFO     Train Epoch: 2 [20480/60000 (34%)]	loss=0.7984
2025-04-25T15:14:50Z INFO     Train Epoch: 2 [21760/60000 (36%)]	loss=0.6863
2025-04-25T15:14:50Z INFO     Train Epoch: 2 [23040/60000 (38%)]	loss=0.6717
2025-04-25T15:14:50Z INFO     Train Epoch: 2 [24320/60000 (41%)]	loss=0.6483
2025-04-25T15:14:50Z INFO     Train Epoch: 2 [25600/60000 (43%)]	loss=0.6483
2025-04-25T15:14:50Z INFO     Train Epoch: 2 [26880/60000 (45%)]	loss=0.7626
2025-04-25T15:14:50Z INFO     Train Epoch: 2 [28160/60000 (47%)]	loss=0.5773
2025-04-25T15:14:50Z INFO     Train Epoch: 2 [29440/60000 (49%)]	loss=0.8771
2025-04-25T15:14:51Z INFO     Train Epoch: 2 [30720/60000 (51%)]	loss=0.6948
2025-04-25T15:14:51Z INFO     Train Epoch: 2 [32000/60000 (53%)]	loss=0.7678
2025-04-25T15:14:51Z INFO     Train Epoch: 2 [33280/60000 (55%)]	loss=0.6700
2025-04-25T15:14:51Z INFO     Train Epoch: 2 [34560/60000 (58%)]	loss=0.5766
2025-04-25T15:14:51Z INFO     Train Epoch: 2 [35840/60000 (60%)]	loss=0.5407
2025-04-25T15:14:51Z INFO     Train Epoch: 2 [37120/60000 (62%)]	loss=0.7468
2025-04-25T15:14:51Z INFO     Train Epoch: 2 [38400/60000 (64%)]	loss=0.6824
2025-04-25T15:14:51Z INFO     Train Epoch: 2 [39680/60000 (66%)]	loss=0.6233
2025-04-25T15:14:52Z INFO     Train Epoch: 2 [40960/60000 (68%)]	loss=0.7626
2025-04-25T15:14:52Z INFO     Train Epoch: 2 [42240/60000 (70%)]	loss=0.7591
2025-04-25T15:14:52Z INFO     Train Epoch: 2 [43520/60000 (72%)]	loss=0.5804
2025-04-25T15:14:52Z INFO     Train Epoch: 2 [44800/60000 (75%)]	loss=0.5779
2025-04-25T15:14:52Z INFO     Train Epoch: 2 [46080/60000 (77%)]	loss=0.6860
2025-04-25T15:14:52Z INFO     Train Epoch: 2 [47360/60000 (79%)]	loss=0.7651
2025-04-25T15:14:52Z INFO     Train Epoch: 2 [48640/60000 (81%)]	loss=0.5827
2025-04-25T15:14:52Z INFO     Train Epoch: 2 [49920/60000 (83%)]	loss=0.6986
2025-04-25T15:14:52Z INFO     Train Epoch: 2 [51200/60000 (85%)]	loss=0.8269
2025-04-25T15:14:53Z INFO     Train Epoch: 2 [52480/60000 (87%)]	loss=0.5801
2025-04-25T15:14:53Z INFO     Train Epoch: 2 [53760/60000 (90%)]	loss=0.5216
2025-04-25T15:14:53Z INFO     Train Epoch: 2 [55040/60000 (92%)]	loss=0.6880
2025-04-25T15:14:53Z INFO     Train Epoch: 2 [56320/60000 (94%)]	loss=0.7076
2025-04-25T15:14:53Z INFO     Train Epoch: 2 [57600/60000 (96%)]	loss=0.5114
2025-04-25T15:14:53Z INFO     Train Epoch: 2 [58880/60000 (98%)]	loss=0.5998
2025-04-25T15:14:54Z INFO     {metricName: accuracy, metricValue: 0.7611};{metricName: loss, metricValue: 0.6530}

2025-04-25T15:14:54Z INFO     Train Epoch: 3 [0/60000 (0%)]	loss=0.5443
2025-04-25T15:14:54Z INFO     Train Epoch: 3 [1280/60000 (2%)]	loss=0.6448
2025-04-25T15:14:54Z INFO     Train Epoch: 3 [2560/60000 (4%)]	loss=0.5535
2025-04-25T15:14:54Z INFO     Train Epoch: 3 [3840/60000 (6%)]	loss=0.5111
2025-04-25T15:14:55Z INFO     Train Epoch: 3 [5120/60000 (9%)]	loss=0.5634
2025-04-25T15:14:55Z INFO     Train Epoch: 3 [6400/60000 (11%)]	loss=0.6519
2025-04-25T15:14:55Z INFO     Train Epoch: 3 [7680/60000 (13%)]	loss=0.5260
2025-04-25T15:14:55Z INFO     Train Epoch: 3 [8960/60000 (15%)]	loss=0.6377
2025-04-25T15:14:55Z INFO     Train Epoch: 3 [10240/60000 (17%)]	loss=0.6502
2025-04-25T15:14:55Z INFO     Train Epoch: 3 [11520/60000 (19%)]	loss=0.4756
2025-04-25T15:14:55Z INFO     Train Epoch: 3 [12800/60000 (21%)]	loss=0.6917
2025-04-25T15:14:55Z INFO     Train Epoch: 3 [14080/60000 (23%)]	loss=0.6594
2025-04-25T15:14:55Z INFO     Train Epoch: 3 [15360/60000 (26%)]	loss=0.6997
2025-04-25T15:14:56Z INFO     Train Epoch: 3 [16640/60000 (28%)]	loss=0.5770
2025-04-25T15:14:56Z INFO     Train Epoch: 3 [17920/60000 (30%)]	loss=0.6536
2025-04-25T15:14:56Z INFO     Train Epoch: 3 [19200/60000 (32%)]	loss=0.6454
2025-04-25T15:14:56Z INFO     Train Epoch: 3 [20480/60000 (34%)]	loss=0.6259
2025-04-25T15:14:56Z INFO     Train Epoch: 3 [21760/60000 (36%)]	loss=0.4609
2025-04-25T15:14:56Z INFO     Train Epoch: 3 [23040/60000 (38%)]	loss=0.6993
2025-04-25T15:14:56Z INFO     Train Epoch: 3 [24320/60000 (41%)]	loss=0.6109
2025-04-25T15:14:56Z INFO     Train Epoch: 3 [25600/60000 (43%)]	loss=0.5669
2025-04-25T15:14:56Z INFO     Train Epoch: 3 [26880/60000 (45%)]	loss=0.5169
2025-04-25T15:14:57Z INFO     Train Epoch: 3 [28160/60000 (47%)]	loss=0.6812
2025-04-25T15:14:57Z INFO     Train Epoch: 3 [29440/60000 (49%)]	loss=0.6092
2025-04-25T15:14:57Z INFO     Train Epoch: 3 [30720/60000 (51%)]	loss=0.6060
2025-04-25T15:14:57Z INFO     Train Epoch: 3 [32000/60000 (53%)]	loss=0.6237
2025-04-25T15:14:57Z INFO     Train Epoch: 3 [33280/60000 (55%)]	loss=0.6738
2025-04-25T15:14:57Z INFO     Train Epoch: 3 [34560/60000 (58%)]	loss=0.5911
2025-04-25T15:14:57Z INFO     Train Epoch: 3 [35840/60000 (60%)]	loss=0.5741
2025-04-25T15:14:57Z INFO     Train Epoch: 3 [37120/60000 (62%)]	loss=0.5756
2025-04-25T15:14:57Z INFO     Train Epoch: 3 [38400/60000 (64%)]	loss=0.4587
2025-04-25T15:14:58Z INFO     Train Epoch: 3 [39680/60000 (66%)]	loss=0.5214
2025-04-25T15:14:58Z INFO     Train Epoch: 3 [40960/60000 (68%)]	loss=0.5730
2025-04-25T15:14:58Z INFO     Train Epoch: 3 [42240/60000 (70%)]	loss=0.5982
2025-04-25T15:14:58Z INFO     Train Epoch: 3 [43520/60000 (72%)]	loss=0.7305
2025-04-25T15:14:58Z INFO     Train Epoch: 3 [44800/60000 (75%)]	loss=0.5756
2025-04-25T15:14:58Z INFO     Train Epoch: 3 [46080/60000 (77%)]	loss=0.5897
2025-04-25T15:14:58Z INFO     Train Epoch: 3 [47360/60000 (79%)]	loss=0.5964
2025-04-25T15:14:58Z INFO     Train Epoch: 3 [48640/60000 (81%)]	loss=0.5152
2025-04-25T15:14:58Z INFO     Train Epoch: 3 [49920/60000 (83%)]	loss=0.6292
2025-04-25T15:14:59Z INFO     Train Epoch: 3 [51200/60000 (85%)]	loss=0.6632
2025-04-25T15:14:59Z INFO     Train Epoch: 3 [52480/60000 (87%)]	loss=0.6345
2025-04-25T15:14:59Z INFO     Train Epoch: 3 [53760/60000 (90%)]	loss=0.6287
2025-04-25T15:14:59Z INFO     Train Epoch: 3 [55040/60000 (92%)]	loss=0.6004
2025-04-25T15:14:59Z INFO     Train Epoch: 3 [56320/60000 (94%)]	loss=0.6382
2025-04-25T15:14:59Z INFO     Train Epoch: 3 [57600/60000 (96%)]	loss=0.5179
2025-04-25T15:14:59Z INFO     Train Epoch: 3 [58880/60000 (98%)]	loss=0.7661
2025-04-25T15:15:00Z INFO     {metricName: accuracy, metricValue: 0.7756};{metricName: loss, metricValue: 0.5944}

2025-04-25T15:15:00Z INFO     Train Epoch: 4 [0/60000 (0%)]	loss=0.6210
2025-04-25T15:15:00Z INFO     Train Epoch: 4 [1280/60000 (2%)]	loss=0.5151
2025-04-25T15:15:00Z INFO     Train Epoch: 4 [2560/60000 (4%)]	loss=0.4984
2025-04-25T15:15:01Z INFO     Train Epoch: 4 [3840/60000 (6%)]	loss=0.5816
2025-04-25T15:15:01Z INFO     Train Epoch: 4 [5120/60000 (9%)]	loss=0.5012
2025-04-25T15:15:01Z INFO     Train Epoch: 4 [6400/60000 (11%)]	loss=0.5476
2025-04-25T15:15:01Z INFO     Train Epoch: 4 [7680/60000 (13%)]	loss=0.6100
2025-04-25T15:15:01Z INFO     Train Epoch: 4 [8960/60000 (15%)]	loss=0.4799
2025-04-25T15:15:01Z INFO     Train Epoch: 4 [10240/60000 (17%)]	loss=0.6002
2025-04-25T15:15:01Z INFO     Train Epoch: 4 [11520/60000 (19%)]	loss=0.4615
2025-04-25T15:15:01Z INFO     Train Epoch: 4 [12800/60000 (21%)]	loss=0.5884
2025-04-25T15:15:01Z INFO     Train Epoch: 4 [14080/60000 (23%)]	loss=0.5854
2025-04-25T15:15:02Z INFO     Train Epoch: 4 [15360/60000 (26%)]	loss=0.6083
2025-04-25T15:15:02Z INFO     Train Epoch: 4 [16640/60000 (28%)]	loss=0.5975
2025-04-25T15:15:02Z INFO     Train Epoch: 4 [17920/60000 (30%)]	loss=0.5374
2025-04-25T15:15:02Z INFO     Train Epoch: 4 [19200/60000 (32%)]	loss=0.5685
2025-04-25T15:15:02Z INFO     Train Epoch: 4 [20480/60000 (34%)]	loss=0.4878
2025-04-25T15:15:02Z INFO     Train Epoch: 4 [21760/60000 (36%)]	loss=0.5468
2025-04-25T15:15:02Z INFO     Train Epoch: 4 [23040/60000 (38%)]	loss=0.6154
2025-04-25T15:15:02Z INFO     Train Epoch: 4 [24320/60000 (41%)]	loss=0.4899
2025-04-25T15:15:02Z INFO     Train Epoch: 4 [25600/60000 (43%)]	loss=0.5097
2025-04-25T15:15:03Z INFO     Train Epoch: 4 [26880/60000 (45%)]	loss=0.6025
2025-04-25T15:15:03Z INFO     Train Epoch: 4 [28160/60000 (47%)]	loss=0.4011
2025-04-25T15:15:03Z INFO     Train Epoch: 4 [29440/60000 (49%)]	loss=0.4878
2025-04-25T15:15:03Z INFO     Train Epoch: 4 [30720/60000 (51%)]	loss=0.5146
2025-04-25T15:15:03Z INFO     Train Epoch: 4 [32000/60000 (53%)]	loss=0.4830
2025-04-25T15:15:03Z INFO     Train Epoch: 4 [33280/60000 (55%)]	loss=0.5305
2025-04-25T15:15:03Z INFO     Train Epoch: 4 [34560/60000 (58%)]	loss=0.5404
2025-04-25T15:15:03Z INFO     Train Epoch: 4 [35840/60000 (60%)]	loss=0.4962
2025-04-25T15:15:04Z INFO     Train Epoch: 4 [37120/60000 (62%)]	loss=0.4516
2025-04-25T15:15:04Z INFO     Train Epoch: 4 [38400/60000 (64%)]	loss=0.5631
2025-04-25T15:15:04Z INFO     Train Epoch: 4 [39680/60000 (66%)]	loss=0.4895
2025-04-25T15:15:04Z INFO     Train Epoch: 4 [40960/60000 (68%)]	loss=0.5175
2025-04-25T15:15:04Z INFO     Train Epoch: 4 [42240/60000 (70%)]	loss=0.6551
2025-04-25T15:15:04Z INFO     Train Epoch: 4 [43520/60000 (72%)]	loss=0.5748
2025-04-25T15:15:04Z INFO     Train Epoch: 4 [44800/60000 (75%)]	loss=0.6389
2025-04-25T15:15:04Z INFO     Train Epoch: 4 [46080/60000 (77%)]	loss=0.5460
2025-04-25T15:15:04Z INFO     Train Epoch: 4 [47360/60000 (79%)]	loss=0.4492
2025-04-25T15:15:05Z INFO     Train Epoch: 4 [48640/60000 (81%)]	loss=0.4379
2025-04-25T15:15:05Z INFO     Train Epoch: 4 [49920/60000 (83%)]	loss=0.5664
2025-04-25T15:15:05Z INFO     Train Epoch: 4 [51200/60000 (85%)]	loss=0.5489
2025-04-25T15:15:05Z INFO     Train Epoch: 4 [52480/60000 (87%)]	loss=0.4789
2025-04-25T15:15:05Z INFO     Train Epoch: 4 [53760/60000 (90%)]	loss=0.4861
2025-04-25T15:15:05Z INFO     Train Epoch: 4 [55040/60000 (92%)]	loss=0.5662
2025-04-25T15:15:05Z INFO     Train Epoch: 4 [56320/60000 (94%)]	loss=0.4388
2025-04-25T15:15:05Z INFO     Train Epoch: 4 [57600/60000 (96%)]	loss=0.3735
2025-04-25T15:15:05Z INFO     Train Epoch: 4 [58880/60000 (98%)]	loss=0.4255
2025-04-25T15:15:06Z INFO     {metricName: accuracy, metricValue: 0.8074};{metricName: loss, metricValue: 0.5319}


real	0m32.800s
user	0m35.762s
sys	0m7.904s
