Using CUDA
Using distributed PyTorch with nccl backend
2025-04-25T15:13:58Z INFO     Added key: store_based_barrier_key:1 to store for rank: 0
2025-04-25T15:14:01Z INFO     Rank 0: Completed store-based barrier for key:store_based_barrier_key:1 with 2 nodes.
pytorch-mnist-master-0:7:7 [0] NCCL INFO Bootstrap : Using eth0:10.224.0.48<0>
pytorch-mnist-master-0:7:7 [0] NCCL INFO NET/Plugin : No plugin found (libnccl-net.so), using internal implementation
pytorch-mnist-master-0:7:7 [0] NCCL INFO NET/IB : Using [0]mlx5_0:1/IB ; OOB eth0:10.224.0.48<0>
pytorch-mnist-master-0:7:7 [0] NCCL INFO Using network IB
NCCL version 2.10.3+cuda10.2
pytorch-mnist-master-0:7:93 [0] NCCL INFO NET/IB : GPU Direct RDMA Disabled for HCA 0 'mlx5_0' (no module)
pytorch-mnist-master-0:7:93 [0] NCCL INFO NET/IB : GPU Direct RDMA Disabled for HCA 0 'mlx5_0' (no module)
pytorch-mnist-master-0:7:93 [0] NCCL INFO Channel 00/02 :    0   1
pytorch-mnist-master-0:7:93 [0] NCCL INFO Channel 01/02 :    0   1
pytorch-mnist-master-0:7:93 [0] NCCL INFO Trees [0] 1/-1/-1->0->-1 [1] -1/-1/-1->0->1
pytorch-mnist-master-0:7:93 [0] NCCL INFO Setting affinity for GPU 0 to 0fffff
pytorch-mnist-master-0:7:93 [0] NCCL INFO Channel 00 : 1[100000] -> 0[100000] [receive] via NET/IB/0
pytorch-mnist-master-0:7:93 [0] NCCL INFO Channel 01 : 1[100000] -> 0[100000] [receive] via NET/IB/0
pytorch-mnist-master-0:7:93 [0] NCCL INFO Channel 00 : 0[100000] -> 1[100000] [send] via NET/IB/0
pytorch-mnist-master-0:7:93 [0] NCCL INFO Channel 01 : 0[100000] -> 1[100000] [send] via NET/IB/0
pytorch-mnist-master-0:7:93 [0] NCCL INFO NET/IB: Dev 0 Port 1 qpn 303 mtu 5 LID 154
pytorch-mnist-master-0:7:93 [0] NCCL INFO NET/IB: Dev 0 Port 1 qpn 304 mtu 5 LID 154
pytorch-mnist-master-0:7:93 [0] NCCL INFO Connected all rings
pytorch-mnist-master-0:7:93 [0] NCCL INFO Connected all trees
pytorch-mnist-master-0:7:93 [0] NCCL INFO threadThresholds 8/8/64 | 16/8/64 | 8/8/512
pytorch-mnist-master-0:7:93 [0] NCCL INFO 2 coll channels, 2 p2p channels, 1 p2p channels per peer
pytorch-mnist-master-0:7:93 [0] NCCL INFO comm 0x7f9ee80012d0 rank 0 nranks 2 cudaDev 0 busId 100000 - Init COMPLETE
pytorch-mnist-master-0:7:7 [0] NCCL INFO Launch mode Parallel
2025-04-25T15:14:05Z INFO     Train Epoch: 1 [0/60000 (0%)]	loss=2.3015
2025-04-25T15:14:05Z INFO     Reducer buckets have been rebuilt in this iteration.
2025-04-25T15:14:05Z INFO     Train Epoch: 1 [1280/60000 (2%)]	loss=2.2863
2025-04-25T15:14:05Z INFO     Train Epoch: 1 [2560/60000 (4%)]	loss=2.2854
2025-04-25T15:14:05Z INFO     Train Epoch: 1 [3840/60000 (6%)]	loss=2.2727
2025-04-25T15:14:05Z INFO     Train Epoch: 1 [5120/60000 (9%)]	loss=2.2693
2025-04-25T15:14:05Z INFO     Train Epoch: 1 [6400/60000 (11%)]	loss=2.2500
2025-04-25T15:14:05Z INFO     Train Epoch: 1 [7680/60000 (13%)]	loss=2.2421
2025-04-25T15:14:05Z INFO     Train Epoch: 1 [8960/60000 (15%)]	loss=2.2029
2025-04-25T15:14:06Z INFO     Train Epoch: 1 [10240/60000 (17%)]	loss=2.1878
2025-04-25T15:14:06Z INFO     Train Epoch: 1 [11520/60000 (19%)]	loss=2.1322
2025-04-25T15:14:06Z INFO     Train Epoch: 1 [12800/60000 (21%)]	loss=2.0497
2025-04-25T15:14:06Z INFO     Train Epoch: 1 [14080/60000 (23%)]	loss=1.9477
2025-04-25T15:14:06Z INFO     Train Epoch: 1 [15360/60000 (26%)]	loss=1.7655
2025-04-25T15:14:06Z INFO     Train Epoch: 1 [16640/60000 (28%)]	loss=1.5975
2025-04-25T15:14:06Z INFO     Train Epoch: 1 [17920/60000 (30%)]	loss=1.3734
2025-04-25T15:14:06Z INFO     Train Epoch: 1 [19200/60000 (32%)]	loss=1.3090
2025-04-25T15:14:06Z INFO     Train Epoch: 1 [20480/60000 (34%)]	loss=1.1870
2025-04-25T15:14:07Z INFO     Train Epoch: 1 [21760/60000 (36%)]	loss=1.0810
2025-04-25T15:14:07Z INFO     Train Epoch: 1 [23040/60000 (38%)]	loss=1.0569
2025-04-25T15:14:07Z INFO     Train Epoch: 1 [24320/60000 (41%)]	loss=1.0200
2025-04-25T15:14:07Z INFO     Train Epoch: 1 [25600/60000 (43%)]	loss=0.9028
2025-04-25T15:14:07Z INFO     Train Epoch: 1 [26880/60000 (45%)]	loss=1.0215
2025-04-25T15:14:07Z INFO     Train Epoch: 1 [28160/60000 (47%)]	loss=1.0539
2025-04-25T15:14:07Z INFO     Train Epoch: 1 [29440/60000 (49%)]	loss=0.9018
2025-04-25T15:14:07Z INFO     Train Epoch: 1 [30720/60000 (51%)]	loss=0.7919
2025-04-25T15:14:07Z INFO     Train Epoch: 1 [32000/60000 (53%)]	loss=1.1950
2025-04-25T15:14:08Z INFO     Train Epoch: 1 [33280/60000 (55%)]	loss=1.0278
2025-04-25T15:14:08Z INFO     Train Epoch: 1 [34560/60000 (58%)]	loss=0.9573
2025-04-25T15:14:08Z INFO     Train Epoch: 1 [35840/60000 (60%)]	loss=0.7886
2025-04-25T15:14:08Z INFO     Train Epoch: 1 [37120/60000 (62%)]	loss=0.9311
2025-04-25T15:14:08Z INFO     Train Epoch: 1 [38400/60000 (64%)]	loss=0.9527
2025-04-25T15:14:08Z INFO     Train Epoch: 1 [39680/60000 (66%)]	loss=0.8622
2025-04-25T15:14:08Z INFO     Train Epoch: 1 [40960/60000 (68%)]	loss=0.8093
2025-04-25T15:14:08Z INFO     Train Epoch: 1 [42240/60000 (70%)]	loss=0.8878
2025-04-25T15:14:08Z INFO     Train Epoch: 1 [43520/60000 (72%)]	loss=0.9455
2025-04-25T15:14:09Z INFO     Train Epoch: 1 [44800/60000 (75%)]	loss=0.9360
2025-04-25T15:14:09Z INFO     Train Epoch: 1 [46080/60000 (77%)]	loss=0.8243
2025-04-25T15:14:09Z INFO     Train Epoch: 1 [47360/60000 (79%)]	loss=0.7687
2025-04-25T15:14:09Z INFO     Train Epoch: 1 [48640/60000 (81%)]	loss=0.8702
2025-04-25T15:14:09Z INFO     Train Epoch: 1 [49920/60000 (83%)]	loss=0.8692
2025-04-25T15:14:09Z INFO     Train Epoch: 1 [51200/60000 (85%)]	loss=0.7844
2025-04-25T15:14:09Z INFO     Train Epoch: 1 [52480/60000 (87%)]	loss=0.6893
2025-04-25T15:14:09Z INFO     Train Epoch: 1 [53760/60000 (90%)]	loss=0.8078
2025-04-25T15:14:09Z INFO     Train Epoch: 1 [55040/60000 (92%)]	loss=0.8794
2025-04-25T15:14:10Z INFO     Train Epoch: 1 [56320/60000 (94%)]	loss=0.8595
2025-04-25T15:14:10Z INFO     Train Epoch: 1 [57600/60000 (96%)]	loss=0.9276
2025-04-25T15:14:10Z INFO     Train Epoch: 1 [58880/60000 (98%)]	loss=0.7704
2025-04-25T15:14:11Z INFO     {metricName: accuracy, metricValue: 0.6871};{metricName: loss, metricValue: 0.8287}

2025-04-25T15:14:11Z INFO     Train Epoch: 2 [0/60000 (0%)]	loss=0.7513
2025-04-25T15:14:11Z INFO     Train Epoch: 2 [1280/60000 (2%)]	loss=0.6790
2025-04-25T15:14:11Z INFO     Train Epoch: 2 [2560/60000 (4%)]	loss=0.7751
2025-04-25T15:14:11Z INFO     Train Epoch: 2 [3840/60000 (6%)]	loss=0.7710
2025-04-25T15:14:11Z INFO     Train Epoch: 2 [5120/60000 (9%)]	loss=0.7498
2025-04-25T15:14:11Z INFO     Train Epoch: 2 [6400/60000 (11%)]	loss=0.7426
2025-04-25T15:14:11Z INFO     Train Epoch: 2 [7680/60000 (13%)]	loss=0.7574
2025-04-25T15:14:12Z INFO     Train Epoch: 2 [8960/60000 (15%)]	loss=0.6585
2025-04-25T15:14:12Z INFO     Train Epoch: 2 [10240/60000 (17%)]	loss=0.7521
2025-04-25T15:14:12Z INFO     Train Epoch: 2 [11520/60000 (19%)]	loss=0.6041
2025-04-25T15:14:12Z INFO     Train Epoch: 2 [12800/60000 (21%)]	loss=0.7403
2025-04-25T15:14:12Z INFO     Train Epoch: 2 [14080/60000 (23%)]	loss=0.6996
2025-04-25T15:14:12Z INFO     Train Epoch: 2 [15360/60000 (26%)]	loss=0.7810
2025-04-25T15:14:12Z INFO     Train Epoch: 2 [16640/60000 (28%)]	loss=0.6446
2025-04-25T15:14:12Z INFO     Train Epoch: 2 [17920/60000 (30%)]	loss=0.7497
2025-04-25T15:14:12Z INFO     Train Epoch: 2 [19200/60000 (32%)]	loss=0.5678
2025-04-25T15:14:13Z INFO     Train Epoch: 2 [20480/60000 (34%)]	loss=0.7974
2025-04-25T15:14:13Z INFO     Train Epoch: 2 [21760/60000 (36%)]	loss=0.6865
2025-04-25T15:14:13Z INFO     Train Epoch: 2 [23040/60000 (38%)]	loss=0.6723
2025-04-25T15:14:13Z INFO     Train Epoch: 2 [24320/60000 (41%)]	loss=0.6477
2025-04-25T15:14:13Z INFO     Train Epoch: 2 [25600/60000 (43%)]	loss=0.6497
2025-04-25T15:14:13Z INFO     Train Epoch: 2 [26880/60000 (45%)]	loss=0.7610
2025-04-25T15:14:13Z INFO     Train Epoch: 2 [28160/60000 (47%)]	loss=0.5764
2025-04-25T15:14:13Z INFO     Train Epoch: 2 [29440/60000 (49%)]	loss=0.8767
2025-04-25T15:14:13Z INFO     Train Epoch: 2 [30720/60000 (51%)]	loss=0.6952
2025-04-25T15:14:14Z INFO     Train Epoch: 2 [32000/60000 (53%)]	loss=0.7687
2025-04-25T15:14:14Z INFO     Train Epoch: 2 [33280/60000 (55%)]	loss=0.6698
2025-04-25T15:14:14Z INFO     Train Epoch: 2 [34560/60000 (58%)]	loss=0.5764
2025-04-25T15:14:14Z INFO     Train Epoch: 2 [35840/60000 (60%)]	loss=0.5405
2025-04-25T15:14:14Z INFO     Train Epoch: 2 [37120/60000 (62%)]	loss=0.7476
2025-04-25T15:14:14Z INFO     Train Epoch: 2 [38400/60000 (64%)]	loss=0.6817
2025-04-25T15:14:14Z INFO     Train Epoch: 2 [39680/60000 (66%)]	loss=0.6221
2025-04-25T15:14:14Z INFO     Train Epoch: 2 [40960/60000 (68%)]	loss=0.7632
2025-04-25T15:14:14Z INFO     Train Epoch: 2 [42240/60000 (70%)]	loss=0.7602
2025-04-25T15:14:15Z INFO     Train Epoch: 2 [43520/60000 (72%)]	loss=0.5812
2025-04-25T15:14:15Z INFO     Train Epoch: 2 [44800/60000 (75%)]	loss=0.5779
2025-04-25T15:14:15Z INFO     Train Epoch: 2 [46080/60000 (77%)]	loss=0.6858
2025-04-25T15:14:15Z INFO     Train Epoch: 2 [47360/60000 (79%)]	loss=0.7655
2025-04-25T15:14:15Z INFO     Train Epoch: 2 [48640/60000 (81%)]	loss=0.5825
2025-04-25T15:14:15Z INFO     Train Epoch: 2 [49920/60000 (83%)]	loss=0.6984
2025-04-25T15:14:15Z INFO     Train Epoch: 2 [51200/60000 (85%)]	loss=0.8265
2025-04-25T15:14:15Z INFO     Train Epoch: 2 [52480/60000 (87%)]	loss=0.5804
2025-04-25T15:14:15Z INFO     Train Epoch: 2 [53760/60000 (90%)]	loss=0.5225
2025-04-25T15:14:16Z INFO     Train Epoch: 2 [55040/60000 (92%)]	loss=0.6888
2025-04-25T15:14:16Z INFO     Train Epoch: 2 [56320/60000 (94%)]	loss=0.7074
2025-04-25T15:14:16Z INFO     Train Epoch: 2 [57600/60000 (96%)]	loss=0.5105
2025-04-25T15:14:16Z INFO     Train Epoch: 2 [58880/60000 (98%)]	loss=0.5996
2025-04-25T15:14:17Z INFO     {metricName: accuracy, metricValue: 0.7606};{metricName: loss, metricValue: 0.6529}

2025-04-25T15:14:17Z INFO     Train Epoch: 3 [0/60000 (0%)]	loss=0.5429
2025-04-25T15:14:17Z INFO     Train Epoch: 3 [1280/60000 (2%)]	loss=0.6451
2025-04-25T15:14:17Z INFO     Train Epoch: 3 [2560/60000 (4%)]	loss=0.5531
2025-04-25T15:14:17Z INFO     Train Epoch: 3 [3840/60000 (6%)]	loss=0.5115
2025-04-25T15:14:17Z INFO     Train Epoch: 3 [5120/60000 (9%)]	loss=0.5642
2025-04-25T15:14:17Z INFO     Train Epoch: 3 [6400/60000 (11%)]	loss=0.6511
2025-04-25T15:14:18Z INFO     Train Epoch: 3 [7680/60000 (13%)]	loss=0.5254
2025-04-25T15:14:18Z INFO     Train Epoch: 3 [8960/60000 (15%)]	loss=0.6374
2025-04-25T15:14:18Z INFO     Train Epoch: 3 [10240/60000 (17%)]	loss=0.6495
2025-04-25T15:14:18Z INFO     Train Epoch: 3 [11520/60000 (19%)]	loss=0.4745
2025-04-25T15:14:18Z INFO     Train Epoch: 3 [12800/60000 (21%)]	loss=0.6912
2025-04-25T15:14:18Z INFO     Train Epoch: 3 [14080/60000 (23%)]	loss=0.6615
2025-04-25T15:14:18Z INFO     Train Epoch: 3 [15360/60000 (26%)]	loss=0.6983
2025-04-25T15:14:18Z INFO     Train Epoch: 3 [16640/60000 (28%)]	loss=0.5768
2025-04-25T15:14:18Z INFO     Train Epoch: 3 [17920/60000 (30%)]	loss=0.6517
2025-04-25T15:14:19Z INFO     Train Epoch: 3 [19200/60000 (32%)]	loss=0.6459
2025-04-25T15:14:19Z INFO     Train Epoch: 3 [20480/60000 (34%)]	loss=0.6261
2025-04-25T15:14:19Z INFO     Train Epoch: 3 [21760/60000 (36%)]	loss=0.4618
2025-04-25T15:14:19Z INFO     Train Epoch: 3 [23040/60000 (38%)]	loss=0.6999
2025-04-25T15:14:19Z INFO     Train Epoch: 3 [24320/60000 (41%)]	loss=0.6112
2025-04-25T15:14:19Z INFO     Train Epoch: 3 [25600/60000 (43%)]	loss=0.5662
2025-04-25T15:14:19Z INFO     Train Epoch: 3 [26880/60000 (45%)]	loss=0.5155
2025-04-25T15:14:19Z INFO     Train Epoch: 3 [28160/60000 (47%)]	loss=0.6811
2025-04-25T15:14:19Z INFO     Train Epoch: 3 [29440/60000 (49%)]	loss=0.6089
2025-04-25T15:14:20Z INFO     Train Epoch: 3 [30720/60000 (51%)]	loss=0.6040
2025-04-25T15:14:20Z INFO     Train Epoch: 3 [32000/60000 (53%)]	loss=0.6244
2025-04-25T15:14:20Z INFO     Train Epoch: 3 [33280/60000 (55%)]	loss=0.6733
2025-04-25T15:14:20Z INFO     Train Epoch: 3 [34560/60000 (58%)]	loss=0.5920
2025-04-25T15:14:20Z INFO     Train Epoch: 3 [35840/60000 (60%)]	loss=0.5706
2025-04-25T15:14:20Z INFO     Train Epoch: 3 [37120/60000 (62%)]	loss=0.5747
2025-04-25T15:14:20Z INFO     Train Epoch: 3 [38400/60000 (64%)]	loss=0.4601
2025-04-25T15:14:20Z INFO     Train Epoch: 3 [39680/60000 (66%)]	loss=0.5207
2025-04-25T15:14:20Z INFO     Train Epoch: 3 [40960/60000 (68%)]	loss=0.5730
2025-04-25T15:14:21Z INFO     Train Epoch: 3 [42240/60000 (70%)]	loss=0.5973
2025-04-25T15:14:21Z INFO     Train Epoch: 3 [43520/60000 (72%)]	loss=0.7309
2025-04-25T15:14:21Z INFO     Train Epoch: 3 [44800/60000 (75%)]	loss=0.5752
2025-04-25T15:14:21Z INFO     Train Epoch: 3 [46080/60000 (77%)]	loss=0.5909
2025-04-25T15:14:21Z INFO     Train Epoch: 3 [47360/60000 (79%)]	loss=0.5949
2025-04-25T15:14:21Z INFO     Train Epoch: 3 [48640/60000 (81%)]	loss=0.5139
2025-04-25T15:14:21Z INFO     Train Epoch: 3 [49920/60000 (83%)]	loss=0.6270
2025-04-25T15:14:21Z INFO     Train Epoch: 3 [51200/60000 (85%)]	loss=0.6633
2025-04-25T15:14:21Z INFO     Train Epoch: 3 [52480/60000 (87%)]	loss=0.6347
2025-04-25T15:14:22Z INFO     Train Epoch: 3 [53760/60000 (90%)]	loss=0.6298
2025-04-25T15:14:22Z INFO     Train Epoch: 3 [55040/60000 (92%)]	loss=0.6008
2025-04-25T15:14:22Z INFO     Train Epoch: 3 [56320/60000 (94%)]	loss=0.6396
2025-04-25T15:14:22Z INFO     Train Epoch: 3 [57600/60000 (96%)]	loss=0.5195
2025-04-25T15:14:22Z INFO     Train Epoch: 3 [58880/60000 (98%)]	loss=0.7665
2025-04-25T15:14:23Z INFO     {metricName: accuracy, metricValue: 0.7754};{metricName: loss, metricValue: 0.5945}

2025-04-25T15:14:23Z INFO     Train Epoch: 4 [0/60000 (0%)]	loss=0.6219
2025-04-25T15:14:23Z INFO     Train Epoch: 4 [1280/60000 (2%)]	loss=0.5146
2025-04-25T15:14:23Z INFO     Train Epoch: 4 [2560/60000 (4%)]	loss=0.4965
2025-04-25T15:14:23Z INFO     Train Epoch: 4 [3840/60000 (6%)]	loss=0.5819
2025-04-25T15:14:23Z INFO     Train Epoch: 4 [5120/60000 (9%)]	loss=0.5004
2025-04-25T15:14:23Z INFO     Train Epoch: 4 [6400/60000 (11%)]	loss=0.5470
2025-04-25T15:14:24Z INFO     Train Epoch: 4 [7680/60000 (13%)]	loss=0.6093
2025-04-25T15:14:24Z INFO     Train Epoch: 4 [8960/60000 (15%)]	loss=0.4800
2025-04-25T15:14:24Z INFO     Train Epoch: 4 [10240/60000 (17%)]	loss=0.5998
2025-04-25T15:14:24Z INFO     Train Epoch: 4 [11520/60000 (19%)]	loss=0.4609
2025-04-25T15:14:24Z INFO     Train Epoch: 4 [12800/60000 (21%)]	loss=0.5888
2025-04-25T15:14:24Z INFO     Train Epoch: 4 [14080/60000 (23%)]	loss=0.5857
2025-04-25T15:14:24Z INFO     Train Epoch: 4 [15360/60000 (26%)]	loss=0.6080
2025-04-25T15:14:24Z INFO     Train Epoch: 4 [16640/60000 (28%)]	loss=0.5965
2025-04-25T15:14:24Z INFO     Train Epoch: 4 [17920/60000 (30%)]	loss=0.5378
2025-04-25T15:14:25Z INFO     Train Epoch: 4 [19200/60000 (32%)]	loss=0.5682
2025-04-25T15:14:25Z INFO     Train Epoch: 4 [20480/60000 (34%)]	loss=0.4878
2025-04-25T15:14:25Z INFO     Train Epoch: 4 [21760/60000 (36%)]	loss=0.5477
2025-04-25T15:14:25Z INFO     Train Epoch: 4 [23040/60000 (38%)]	loss=0.6159
2025-04-25T15:14:25Z INFO     Train Epoch: 4 [24320/60000 (41%)]	loss=0.4903
2025-04-25T15:14:25Z INFO     Train Epoch: 4 [25600/60000 (43%)]	loss=0.5083
2025-04-25T15:14:25Z INFO     Train Epoch: 4 [26880/60000 (45%)]	loss=0.6010
2025-04-25T15:14:25Z INFO     Train Epoch: 4 [28160/60000 (47%)]	loss=0.4017
2025-04-25T15:14:25Z INFO     Train Epoch: 4 [29440/60000 (49%)]	loss=0.4853
2025-04-25T15:14:26Z INFO     Train Epoch: 4 [30720/60000 (51%)]	loss=0.5147
2025-04-25T15:14:26Z INFO     Train Epoch: 4 [32000/60000 (53%)]	loss=0.4835
2025-04-25T15:14:26Z INFO     Train Epoch: 4 [33280/60000 (55%)]	loss=0.5310
2025-04-25T15:14:26Z INFO     Train Epoch: 4 [34560/60000 (58%)]	loss=0.5406
2025-04-25T15:14:26Z INFO     Train Epoch: 4 [35840/60000 (60%)]	loss=0.4974
2025-04-25T15:14:26Z INFO     Train Epoch: 4 [37120/60000 (62%)]	loss=0.4527
2025-04-25T15:14:26Z INFO     Train Epoch: 4 [38400/60000 (64%)]	loss=0.5652
2025-04-25T15:14:26Z INFO     Train Epoch: 4 [39680/60000 (66%)]	loss=0.4878
2025-04-25T15:14:26Z INFO     Train Epoch: 4 [40960/60000 (68%)]	loss=0.5174
2025-04-25T15:14:27Z INFO     Train Epoch: 4 [42240/60000 (70%)]	loss=0.6521
2025-04-25T15:14:27Z INFO     Train Epoch: 4 [43520/60000 (72%)]	loss=0.5718
2025-04-25T15:14:27Z INFO     Train Epoch: 4 [44800/60000 (75%)]	loss=0.6382
2025-04-25T15:14:27Z INFO     Train Epoch: 4 [46080/60000 (77%)]	loss=0.5459
2025-04-25T15:14:27Z INFO     Train Epoch: 4 [47360/60000 (79%)]	loss=0.4493
2025-04-25T15:14:27Z INFO     Train Epoch: 4 [48640/60000 (81%)]	loss=0.4376
2025-04-25T15:14:27Z INFO     Train Epoch: 4 [49920/60000 (83%)]	loss=0.5654
2025-04-25T15:14:27Z INFO     Train Epoch: 4 [51200/60000 (85%)]	loss=0.5489
2025-04-25T15:14:27Z INFO     Train Epoch: 4 [52480/60000 (87%)]	loss=0.4794
2025-04-25T15:14:28Z INFO     Train Epoch: 4 [53760/60000 (90%)]	loss=0.4861
2025-04-25T15:14:28Z INFO     Train Epoch: 4 [55040/60000 (92%)]	loss=0.5643
2025-04-25T15:14:28Z INFO     Train Epoch: 4 [56320/60000 (94%)]	loss=0.4397
2025-04-25T15:14:28Z INFO     Train Epoch: 4 [57600/60000 (96%)]	loss=0.3737
2025-04-25T15:14:28Z INFO     Train Epoch: 4 [58880/60000 (98%)]	loss=0.4253
2025-04-25T15:14:29Z INFO     {metricName: accuracy, metricValue: 0.8074};{metricName: loss, metricValue: 0.5309}


real	0m35.373s
user	0m35.414s
sys	0m7.963s
