Using CUDA
2025-04-25T15:09:59Z INFO     Train Epoch: 1 [0/60000 (0%)]	loss=2.3015
2025-04-25T15:10:00Z INFO     Train Epoch: 1 [1280/60000 (2%)]	loss=2.2863
2025-04-25T15:10:00Z INFO     Train Epoch: 1 [2560/60000 (4%)]	loss=2.2854
2025-04-25T15:10:00Z INFO     Train Epoch: 1 [3840/60000 (6%)]	loss=2.2727
2025-04-25T15:10:00Z INFO     Train Epoch: 1 [5120/60000 (9%)]	loss=2.2693
2025-04-25T15:10:00Z INFO     Train Epoch: 1 [6400/60000 (11%)]	loss=2.2499
2025-04-25T15:10:00Z INFO     Train Epoch: 1 [7680/60000 (13%)]	loss=2.2420
2025-04-25T15:10:00Z INFO     Train Epoch: 1 [8960/60000 (15%)]	loss=2.2029
2025-04-25T15:10:00Z INFO     Train Epoch: 1 [10240/60000 (17%)]	loss=2.1878
2025-04-25T15:10:00Z INFO     Train Epoch: 1 [11520/60000 (19%)]	loss=2.1322
2025-04-25T15:10:01Z INFO     Train Epoch: 1 [12800/60000 (21%)]	loss=2.0495
2025-04-25T15:10:01Z INFO     Train Epoch: 1 [14080/60000 (23%)]	loss=1.9473
2025-04-25T15:10:01Z INFO     Train Epoch: 1 [15360/60000 (26%)]	loss=1.7653
2025-04-25T15:10:01Z INFO     Train Epoch: 1 [16640/60000 (28%)]	loss=1.5974
2025-04-25T15:10:01Z INFO     Train Epoch: 1 [17920/60000 (30%)]	loss=1.3732
2025-04-25T15:10:01Z INFO     Train Epoch: 1 [19200/60000 (32%)]	loss=1.3092
2025-04-25T15:10:01Z INFO     Train Epoch: 1 [20480/60000 (34%)]	loss=1.1868
2025-04-25T15:10:01Z INFO     Train Epoch: 1 [21760/60000 (36%)]	loss=1.0812
2025-04-25T15:10:01Z INFO     Train Epoch: 1 [23040/60000 (38%)]	loss=1.0569
2025-04-25T15:10:02Z INFO     Train Epoch: 1 [24320/60000 (41%)]	loss=1.0199
2025-04-25T15:10:02Z INFO     Train Epoch: 1 [25600/60000 (43%)]	loss=0.9024
2025-04-25T15:10:02Z INFO     Train Epoch: 1 [26880/60000 (45%)]	loss=1.0218
2025-04-25T15:10:02Z INFO     Train Epoch: 1 [28160/60000 (47%)]	loss=1.0539
2025-04-25T15:10:02Z INFO     Train Epoch: 1 [29440/60000 (49%)]	loss=0.9030
2025-04-25T15:10:02Z INFO     Train Epoch: 1 [30720/60000 (51%)]	loss=0.7921
2025-04-25T15:10:02Z INFO     Train Epoch: 1 [32000/60000 (53%)]	loss=1.1949
2025-04-25T15:10:02Z INFO     Train Epoch: 1 [33280/60000 (55%)]	loss=1.0285
2025-04-25T15:10:02Z INFO     Train Epoch: 1 [34560/60000 (58%)]	loss=0.9578
2025-04-25T15:10:03Z INFO     Train Epoch: 1 [35840/60000 (60%)]	loss=0.7890
2025-04-25T15:10:03Z INFO     Train Epoch: 1 [37120/60000 (62%)]	loss=0.9337
2025-04-25T15:10:03Z INFO     Train Epoch: 1 [38400/60000 (64%)]	loss=0.9515
2025-04-25T15:10:03Z INFO     Train Epoch: 1 [39680/60000 (66%)]	loss=0.8615
2025-04-25T15:10:03Z INFO     Train Epoch: 1 [40960/60000 (68%)]	loss=0.8085
2025-04-25T15:10:03Z INFO     Train Epoch: 1 [42240/60000 (70%)]	loss=0.8876
2025-04-25T15:10:03Z INFO     Train Epoch: 1 [43520/60000 (72%)]	loss=0.9438
2025-04-25T15:10:03Z INFO     Train Epoch: 1 [44800/60000 (75%)]	loss=0.9368
2025-04-25T15:10:03Z INFO     Train Epoch: 1 [46080/60000 (77%)]	loss=0.8236
2025-04-25T15:10:04Z INFO     Train Epoch: 1 [47360/60000 (79%)]	loss=0.7676
2025-04-25T15:10:04Z INFO     Train Epoch: 1 [48640/60000 (81%)]	loss=0.8711
2025-04-25T15:10:04Z INFO     Train Epoch: 1 [49920/60000 (83%)]	loss=0.8687
2025-04-25T15:10:04Z INFO     Train Epoch: 1 [51200/60000 (85%)]	loss=0.7854
2025-04-25T15:10:04Z INFO     Train Epoch: 1 [52480/60000 (87%)]	loss=0.6905
2025-04-25T15:10:04Z INFO     Train Epoch: 1 [53760/60000 (90%)]	loss=0.8085
2025-04-25T15:10:04Z INFO     Train Epoch: 1 [55040/60000 (92%)]	loss=0.8792
2025-04-25T15:10:04Z INFO     Train Epoch: 1 [56320/60000 (94%)]	loss=0.8596
2025-04-25T15:10:04Z INFO     Train Epoch: 1 [57600/60000 (96%)]	loss=0.9274
2025-04-25T15:10:05Z INFO     Train Epoch: 1 [58880/60000 (98%)]	loss=0.7704
2025-04-25T15:10:05Z INFO     {metricName: accuracy, metricValue: 0.6872};{metricName: loss, metricValue: 0.8286}

2025-04-25T15:10:06Z INFO     Train Epoch: 2 [0/60000 (0%)]	loss=0.7513
2025-04-25T15:10:06Z INFO     Train Epoch: 2 [1280/60000 (2%)]	loss=0.6796
2025-04-25T15:10:06Z INFO     Train Epoch: 2 [2560/60000 (4%)]	loss=0.7740
2025-04-25T15:10:06Z INFO     Train Epoch: 2 [3840/60000 (6%)]	loss=0.7720
2025-04-25T15:10:06Z INFO     Train Epoch: 2 [5120/60000 (9%)]	loss=0.7510
2025-04-25T15:10:06Z INFO     Train Epoch: 2 [6400/60000 (11%)]	loss=0.7413
2025-04-25T15:10:06Z INFO     Train Epoch: 2 [7680/60000 (13%)]	loss=0.7579
2025-04-25T15:10:06Z INFO     Train Epoch: 2 [8960/60000 (15%)]	loss=0.6586
2025-04-25T15:10:06Z INFO     Train Epoch: 2 [10240/60000 (17%)]	loss=0.7534
2025-04-25T15:10:07Z INFO     Train Epoch: 2 [11520/60000 (19%)]	loss=0.6042
2025-04-25T15:10:07Z INFO     Train Epoch: 2 [12800/60000 (21%)]	loss=0.7413
2025-04-25T15:10:07Z INFO     Train Epoch: 2 [14080/60000 (23%)]	loss=0.6993
2025-04-25T15:10:07Z INFO     Train Epoch: 2 [15360/60000 (26%)]	loss=0.7803
2025-04-25T15:10:07Z INFO     Train Epoch: 2 [16640/60000 (28%)]	loss=0.6458
2025-04-25T15:10:07Z INFO     Train Epoch: 2 [17920/60000 (30%)]	loss=0.7497
2025-04-25T15:10:07Z INFO     Train Epoch: 2 [19200/60000 (32%)]	loss=0.5679
2025-04-25T15:10:07Z INFO     Train Epoch: 2 [20480/60000 (34%)]	loss=0.7971
2025-04-25T15:10:07Z INFO     Train Epoch: 2 [21760/60000 (36%)]	loss=0.6858
2025-04-25T15:10:08Z INFO     Train Epoch: 2 [23040/60000 (38%)]	loss=0.6724
2025-04-25T15:10:08Z INFO     Train Epoch: 2 [24320/60000 (41%)]	loss=0.6487
2025-04-25T15:10:08Z INFO     Train Epoch: 2 [25600/60000 (43%)]	loss=0.6488
2025-04-25T15:10:08Z INFO     Train Epoch: 2 [26880/60000 (45%)]	loss=0.7620
2025-04-25T15:10:08Z INFO     Train Epoch: 2 [28160/60000 (47%)]	loss=0.5764
2025-04-25T15:10:08Z INFO     Train Epoch: 2 [29440/60000 (49%)]	loss=0.8764
2025-04-25T15:10:08Z INFO     Train Epoch: 2 [30720/60000 (51%)]	loss=0.6968
2025-04-25T15:10:08Z INFO     Train Epoch: 2 [32000/60000 (53%)]	loss=0.7671
2025-04-25T15:10:08Z INFO     Train Epoch: 2 [33280/60000 (55%)]	loss=0.6700
2025-04-25T15:10:09Z INFO     Train Epoch: 2 [34560/60000 (58%)]	loss=0.5774
2025-04-25T15:10:09Z INFO     Train Epoch: 2 [35840/60000 (60%)]	loss=0.5412
2025-04-25T15:10:09Z INFO     Train Epoch: 2 [37120/60000 (62%)]	loss=0.7467
2025-04-25T15:10:09Z INFO     Train Epoch: 2 [38400/60000 (64%)]	loss=0.6816
2025-04-25T15:10:09Z INFO     Train Epoch: 2 [39680/60000 (66%)]	loss=0.6235
2025-04-25T15:10:09Z INFO     Train Epoch: 2 [40960/60000 (68%)]	loss=0.7623
2025-04-25T15:10:09Z INFO     Train Epoch: 2 [42240/60000 (70%)]	loss=0.7599
2025-04-25T15:10:09Z INFO     Train Epoch: 2 [43520/60000 (72%)]	loss=0.5806
2025-04-25T15:10:09Z INFO     Train Epoch: 2 [44800/60000 (75%)]	loss=0.5781
2025-04-25T15:10:10Z INFO     Train Epoch: 2 [46080/60000 (77%)]	loss=0.6870
2025-04-25T15:10:10Z INFO     Train Epoch: 2 [47360/60000 (79%)]	loss=0.7644
2025-04-25T15:10:10Z INFO     Train Epoch: 2 [48640/60000 (81%)]	loss=0.5822
2025-04-25T15:10:10Z INFO     Train Epoch: 2 [49920/60000 (83%)]	loss=0.6970
2025-04-25T15:10:10Z INFO     Train Epoch: 2 [51200/60000 (85%)]	loss=0.8272
2025-04-25T15:10:10Z INFO     Train Epoch: 2 [52480/60000 (87%)]	loss=0.5803
2025-04-25T15:10:10Z INFO     Train Epoch: 2 [53760/60000 (90%)]	loss=0.5218
2025-04-25T15:10:10Z INFO     Train Epoch: 2 [55040/60000 (92%)]	loss=0.6891
2025-04-25T15:10:10Z INFO     Train Epoch: 2 [56320/60000 (94%)]	loss=0.7066
2025-04-25T15:10:11Z INFO     Train Epoch: 2 [57600/60000 (96%)]	loss=0.5111
2025-04-25T15:10:11Z INFO     Train Epoch: 2 [58880/60000 (98%)]	loss=0.6001
2025-04-25T15:10:12Z INFO     {metricName: accuracy, metricValue: 0.7608};{metricName: loss, metricValue: 0.6531}

2025-04-25T15:10:12Z INFO     Train Epoch: 3 [0/60000 (0%)]	loss=0.5433
2025-04-25T15:10:12Z INFO     Train Epoch: 3 [1280/60000 (2%)]	loss=0.6452
2025-04-25T15:10:12Z INFO     Train Epoch: 3 [2560/60000 (4%)]	loss=0.5531
2025-04-25T15:10:12Z INFO     Train Epoch: 3 [3840/60000 (6%)]	loss=0.5120
2025-04-25T15:10:12Z INFO     Train Epoch: 3 [5120/60000 (9%)]	loss=0.5631
2025-04-25T15:10:12Z INFO     Train Epoch: 3 [6400/60000 (11%)]	loss=0.6523
2025-04-25T15:10:12Z INFO     Train Epoch: 3 [7680/60000 (13%)]	loss=0.5264
2025-04-25T15:10:12Z INFO     Train Epoch: 3 [8960/60000 (15%)]	loss=0.6362
2025-04-25T15:10:13Z INFO     Train Epoch: 3 [10240/60000 (17%)]	loss=0.6499
2025-04-25T15:10:13Z INFO     Train Epoch: 3 [11520/60000 (19%)]	loss=0.4760
2025-04-25T15:10:13Z INFO     Train Epoch: 3 [12800/60000 (21%)]	loss=0.6906
2025-04-25T15:10:13Z INFO     Train Epoch: 3 [14080/60000 (23%)]	loss=0.6609
2025-04-25T15:10:13Z INFO     Train Epoch: 3 [15360/60000 (26%)]	loss=0.7001
2025-04-25T15:10:13Z INFO     Train Epoch: 3 [16640/60000 (28%)]	loss=0.5774
2025-04-25T15:10:13Z INFO     Train Epoch: 3 [17920/60000 (30%)]	loss=0.6524
2025-04-25T15:10:13Z INFO     Train Epoch: 3 [19200/60000 (32%)]	loss=0.6451
2025-04-25T15:10:13Z INFO     Train Epoch: 3 [20480/60000 (34%)]	loss=0.6262
2025-04-25T15:10:14Z INFO     Train Epoch: 3 [21760/60000 (36%)]	loss=0.4610
2025-04-25T15:10:14Z INFO     Train Epoch: 3 [23040/60000 (38%)]	loss=0.7004
2025-04-25T15:10:14Z INFO     Train Epoch: 3 [24320/60000 (41%)]	loss=0.6106
2025-04-25T15:10:14Z INFO     Train Epoch: 3 [25600/60000 (43%)]	loss=0.5650
2025-04-25T15:10:14Z INFO     Train Epoch: 3 [26880/60000 (45%)]	loss=0.5166
2025-04-25T15:10:14Z INFO     Train Epoch: 3 [28160/60000 (47%)]	loss=0.6811
2025-04-25T15:10:14Z INFO     Train Epoch: 3 [29440/60000 (49%)]	loss=0.6101
2025-04-25T15:10:14Z INFO     Train Epoch: 3 [30720/60000 (51%)]	loss=0.6062
2025-04-25T15:10:14Z INFO     Train Epoch: 3 [32000/60000 (53%)]	loss=0.6234
2025-04-25T15:10:15Z INFO     Train Epoch: 3 [33280/60000 (55%)]	loss=0.6752
2025-04-25T15:10:15Z INFO     Train Epoch: 3 [34560/60000 (58%)]	loss=0.5916
2025-04-25T15:10:15Z INFO     Train Epoch: 3 [35840/60000 (60%)]	loss=0.5685
2025-04-25T15:10:15Z INFO     Train Epoch: 3 [37120/60000 (62%)]	loss=0.5758
2025-04-25T15:10:15Z INFO     Train Epoch: 3 [38400/60000 (64%)]	loss=0.4607
2025-04-25T15:10:15Z INFO     Train Epoch: 3 [39680/60000 (66%)]	loss=0.5217
2025-04-25T15:10:15Z INFO     Train Epoch: 3 [40960/60000 (68%)]	loss=0.5734
2025-04-25T15:10:15Z INFO     Train Epoch: 3 [42240/60000 (70%)]	loss=0.5976
2025-04-25T15:10:16Z INFO     Train Epoch: 3 [43520/60000 (72%)]	loss=0.7331
2025-04-25T15:10:16Z INFO     Train Epoch: 3 [44800/60000 (75%)]	loss=0.5760
2025-04-25T15:10:16Z INFO     Train Epoch: 3 [46080/60000 (77%)]	loss=0.5917
2025-04-25T15:10:16Z INFO     Train Epoch: 3 [47360/60000 (79%)]	loss=0.5958
2025-04-25T15:10:16Z INFO     Train Epoch: 3 [48640/60000 (81%)]	loss=0.5153
2025-04-25T15:10:16Z INFO     Train Epoch: 3 [49920/60000 (83%)]	loss=0.6282
2025-04-25T15:10:16Z INFO     Train Epoch: 3 [51200/60000 (85%)]	loss=0.6661
2025-04-25T15:10:16Z INFO     Train Epoch: 3 [52480/60000 (87%)]	loss=0.6345
2025-04-25T15:10:16Z INFO     Train Epoch: 3 [53760/60000 (90%)]	loss=0.6293
2025-04-25T15:10:17Z INFO     Train Epoch: 3 [55040/60000 (92%)]	loss=0.5993
2025-04-25T15:10:17Z INFO     Train Epoch: 3 [56320/60000 (94%)]	loss=0.6400
2025-04-25T15:10:17Z INFO     Train Epoch: 3 [57600/60000 (96%)]	loss=0.5177
2025-04-25T15:10:17Z INFO     Train Epoch: 3 [58880/60000 (98%)]	loss=0.7661
2025-04-25T15:10:18Z INFO     {metricName: accuracy, metricValue: 0.7758};{metricName: loss, metricValue: 0.5950}

2025-04-25T15:10:18Z INFO     Train Epoch: 4 [0/60000 (0%)]	loss=0.6212
2025-04-25T15:10:18Z INFO     Train Epoch: 4 [1280/60000 (2%)]	loss=0.5145
2025-04-25T15:10:18Z INFO     Train Epoch: 4 [2560/60000 (4%)]	loss=0.4973
2025-04-25T15:10:18Z INFO     Train Epoch: 4 [3840/60000 (6%)]	loss=0.5844
2025-04-25T15:10:18Z INFO     Train Epoch: 4 [5120/60000 (9%)]	loss=0.5014
2025-04-25T15:10:18Z INFO     Train Epoch: 4 [6400/60000 (11%)]	loss=0.5479
2025-04-25T15:10:18Z INFO     Train Epoch: 4 [7680/60000 (13%)]	loss=0.6084
2025-04-25T15:10:19Z INFO     Train Epoch: 4 [8960/60000 (15%)]	loss=0.4790
2025-04-25T15:10:19Z INFO     Train Epoch: 4 [10240/60000 (17%)]	loss=0.6004
2025-04-25T15:10:19Z INFO     Train Epoch: 4 [11520/60000 (19%)]	loss=0.4616
2025-04-25T15:10:19Z INFO     Train Epoch: 4 [12800/60000 (21%)]	loss=0.5881
2025-04-25T15:10:19Z INFO     Train Epoch: 4 [14080/60000 (23%)]	loss=0.5862
2025-04-25T15:10:19Z INFO     Train Epoch: 4 [15360/60000 (26%)]	loss=0.6094
2025-04-25T15:10:19Z INFO     Train Epoch: 4 [16640/60000 (28%)]	loss=0.5987
2025-04-25T15:10:19Z INFO     Train Epoch: 4 [17920/60000 (30%)]	loss=0.5367
2025-04-25T15:10:20Z INFO     Train Epoch: 4 [19200/60000 (32%)]	loss=0.5689
2025-04-25T15:10:20Z INFO     Train Epoch: 4 [20480/60000 (34%)]	loss=0.4873
2025-04-25T15:10:20Z INFO     Train Epoch: 4 [21760/60000 (36%)]	loss=0.5482
2025-04-25T15:10:20Z INFO     Train Epoch: 4 [23040/60000 (38%)]	loss=0.6174
2025-04-25T15:10:20Z INFO     Train Epoch: 4 [24320/60000 (41%)]	loss=0.4896
2025-04-25T15:10:20Z INFO     Train Epoch: 4 [25600/60000 (43%)]	loss=0.5090
2025-04-25T15:10:20Z INFO     Train Epoch: 4 [26880/60000 (45%)]	loss=0.6021
2025-04-25T15:10:20Z INFO     Train Epoch: 4 [28160/60000 (47%)]	loss=0.4023
2025-04-25T15:10:20Z INFO     Train Epoch: 4 [29440/60000 (49%)]	loss=0.4871
2025-04-25T15:10:21Z INFO     Train Epoch: 4 [30720/60000 (51%)]	loss=0.5143
2025-04-25T15:10:21Z INFO     Train Epoch: 4 [32000/60000 (53%)]	loss=0.4839
2025-04-25T15:10:21Z INFO     Train Epoch: 4 [33280/60000 (55%)]	loss=0.5313
2025-04-25T15:10:21Z INFO     Train Epoch: 4 [34560/60000 (58%)]	loss=0.5412
2025-04-25T15:10:21Z INFO     Train Epoch: 4 [35840/60000 (60%)]	loss=0.4962
2025-04-25T15:10:21Z INFO     Train Epoch: 4 [37120/60000 (62%)]	loss=0.4518
2025-04-25T15:10:21Z INFO     Train Epoch: 4 [38400/60000 (64%)]	loss=0.5633
2025-04-25T15:10:21Z INFO     Train Epoch: 4 [39680/60000 (66%)]	loss=0.4893
2025-04-25T15:10:21Z INFO     Train Epoch: 4 [40960/60000 (68%)]	loss=0.5163
2025-04-25T15:10:22Z INFO     Train Epoch: 4 [42240/60000 (70%)]	loss=0.6556
2025-04-25T15:10:22Z INFO     Train Epoch: 4 [43520/60000 (72%)]	loss=0.5759
2025-04-25T15:10:22Z INFO     Train Epoch: 4 [44800/60000 (75%)]	loss=0.6390
2025-04-25T15:10:22Z INFO     Train Epoch: 4 [46080/60000 (77%)]	loss=0.5463
2025-04-25T15:10:22Z INFO     Train Epoch: 4 [47360/60000 (79%)]	loss=0.4494
2025-04-25T15:10:22Z INFO     Train Epoch: 4 [48640/60000 (81%)]	loss=0.4377
2025-04-25T15:10:22Z INFO     Train Epoch: 4 [49920/60000 (83%)]	loss=0.5649
2025-04-25T15:10:22Z INFO     Train Epoch: 4 [51200/60000 (85%)]	loss=0.5491
2025-04-25T15:10:22Z INFO     Train Epoch: 4 [52480/60000 (87%)]	loss=0.4784
2025-04-25T15:10:23Z INFO     Train Epoch: 4 [53760/60000 (90%)]	loss=0.4849
2025-04-25T15:10:23Z INFO     Train Epoch: 4 [55040/60000 (92%)]	loss=0.5665
2025-04-25T15:10:23Z INFO     Train Epoch: 4 [56320/60000 (94%)]	loss=0.4389
2025-04-25T15:10:23Z INFO     Train Epoch: 4 [57600/60000 (96%)]	loss=0.3725
2025-04-25T15:10:23Z INFO     Train Epoch: 4 [58880/60000 (98%)]	loss=0.4263
2025-04-25T15:10:24Z INFO     {metricName: accuracy, metricValue: 0.8078};{metricName: loss, metricValue: 0.5316}


real	0m30.130s
user	0m33.732s
sys	0m7.389s
