Using CUDA
2025-04-25T15:08:51Z INFO     Train Epoch: 1 [0/60000 (0%)]	loss=2.3015
2025-04-25T15:08:51Z INFO     Train Epoch: 1 [1280/60000 (2%)]	loss=2.2863
2025-04-25T15:08:51Z INFO     Train Epoch: 1 [2560/60000 (4%)]	loss=2.2854
2025-04-25T15:08:51Z INFO     Train Epoch: 1 [3840/60000 (6%)]	loss=2.2727
2025-04-25T15:08:51Z INFO     Train Epoch: 1 [5120/60000 (9%)]	loss=2.2693
2025-04-25T15:08:51Z INFO     Train Epoch: 1 [6400/60000 (11%)]	loss=2.2499
2025-04-25T15:08:52Z INFO     Train Epoch: 1 [7680/60000 (13%)]	loss=2.2420
2025-04-25T15:08:52Z INFO     Train Epoch: 1 [8960/60000 (15%)]	loss=2.2028
2025-04-25T15:08:52Z INFO     Train Epoch: 1 [10240/60000 (17%)]	loss=2.1878
2025-04-25T15:08:52Z INFO     Train Epoch: 1 [11520/60000 (19%)]	loss=2.1322
2025-04-25T15:08:52Z INFO     Train Epoch: 1 [12800/60000 (21%)]	loss=2.0497
2025-04-25T15:08:52Z INFO     Train Epoch: 1 [14080/60000 (23%)]	loss=1.9478
2025-04-25T15:08:52Z INFO     Train Epoch: 1 [15360/60000 (26%)]	loss=1.7657
2025-04-25T15:08:52Z INFO     Train Epoch: 1 [16640/60000 (28%)]	loss=1.5977
2025-04-25T15:08:52Z INFO     Train Epoch: 1 [17920/60000 (30%)]	loss=1.3736
2025-04-25T15:08:53Z INFO     Train Epoch: 1 [19200/60000 (32%)]	loss=1.3094
2025-04-25T15:08:53Z INFO     Train Epoch: 1 [20480/60000 (34%)]	loss=1.1867
2025-04-25T15:08:53Z INFO     Train Epoch: 1 [21760/60000 (36%)]	loss=1.0811
2025-04-25T15:08:53Z INFO     Train Epoch: 1 [23040/60000 (38%)]	loss=1.0572
2025-04-25T15:08:53Z INFO     Train Epoch: 1 [24320/60000 (41%)]	loss=1.0202
2025-04-25T15:08:53Z INFO     Train Epoch: 1 [25600/60000 (43%)]	loss=0.9025
2025-04-25T15:08:53Z INFO     Train Epoch: 1 [26880/60000 (45%)]	loss=1.0217
2025-04-25T15:08:53Z INFO     Train Epoch: 1 [28160/60000 (47%)]	loss=1.0539
2025-04-25T15:08:53Z INFO     Train Epoch: 1 [29440/60000 (49%)]	loss=0.9027
2025-04-25T15:08:54Z INFO     Train Epoch: 1 [30720/60000 (51%)]	loss=0.7911
2025-04-25T15:08:54Z INFO     Train Epoch: 1 [32000/60000 (53%)]	loss=1.1944
2025-04-25T15:08:54Z INFO     Train Epoch: 1 [33280/60000 (55%)]	loss=1.0273
2025-04-25T15:08:54Z INFO     Train Epoch: 1 [34560/60000 (58%)]	loss=0.9589
2025-04-25T15:08:54Z INFO     Train Epoch: 1 [35840/60000 (60%)]	loss=0.7886
2025-04-25T15:08:54Z INFO     Train Epoch: 1 [37120/60000 (62%)]	loss=0.9338
2025-04-25T15:08:54Z INFO     Train Epoch: 1 [38400/60000 (64%)]	loss=0.9518
2025-04-25T15:08:54Z INFO     Train Epoch: 1 [39680/60000 (66%)]	loss=0.8618
2025-04-25T15:08:54Z INFO     Train Epoch: 1 [40960/60000 (68%)]	loss=0.8088
2025-04-25T15:08:55Z INFO     Train Epoch: 1 [42240/60000 (70%)]	loss=0.8876
2025-04-25T15:08:55Z INFO     Train Epoch: 1 [43520/60000 (72%)]	loss=0.9444
2025-04-25T15:08:55Z INFO     Train Epoch: 1 [44800/60000 (75%)]	loss=0.9364
2025-04-25T15:08:55Z INFO     Train Epoch: 1 [46080/60000 (77%)]	loss=0.8236
2025-04-25T15:08:55Z INFO     Train Epoch: 1 [47360/60000 (79%)]	loss=0.7682
2025-04-25T15:08:55Z INFO     Train Epoch: 1 [48640/60000 (81%)]	loss=0.8701
2025-04-25T15:08:55Z INFO     Train Epoch: 1 [49920/60000 (83%)]	loss=0.8696
2025-04-25T15:08:55Z INFO     Train Epoch: 1 [51200/60000 (85%)]	loss=0.7860
2025-04-25T15:08:55Z INFO     Train Epoch: 1 [52480/60000 (87%)]	loss=0.6898
2025-04-25T15:08:56Z INFO     Train Epoch: 1 [53760/60000 (90%)]	loss=0.8085
2025-04-25T15:08:56Z INFO     Train Epoch: 1 [55040/60000 (92%)]	loss=0.8793
2025-04-25T15:08:56Z INFO     Train Epoch: 1 [56320/60000 (94%)]	loss=0.8601
2025-04-25T15:08:56Z INFO     Train Epoch: 1 [57600/60000 (96%)]	loss=0.9270
2025-04-25T15:08:56Z INFO     Train Epoch: 1 [58880/60000 (98%)]	loss=0.7706
2025-04-25T15:08:57Z INFO     {metricName: accuracy, metricValue: 0.6878};{metricName: loss, metricValue: 0.8272}

2025-04-25T15:08:57Z INFO     Train Epoch: 2 [0/60000 (0%)]	loss=0.7498
2025-04-25T15:08:57Z INFO     Train Epoch: 2 [1280/60000 (2%)]	loss=0.6787
2025-04-25T15:08:57Z INFO     Train Epoch: 2 [2560/60000 (4%)]	loss=0.7736
2025-04-25T15:08:57Z INFO     Train Epoch: 2 [3840/60000 (6%)]	loss=0.7721
2025-04-25T15:08:57Z INFO     Train Epoch: 2 [5120/60000 (9%)]	loss=0.7500
2025-04-25T15:08:57Z INFO     Train Epoch: 2 [6400/60000 (11%)]	loss=0.7424
2025-04-25T15:08:58Z INFO     Train Epoch: 2 [7680/60000 (13%)]	loss=0.7569
2025-04-25T15:08:58Z INFO     Train Epoch: 2 [8960/60000 (15%)]	loss=0.6588
2025-04-25T15:08:58Z INFO     Train Epoch: 2 [10240/60000 (17%)]	loss=0.7511
2025-04-25T15:08:58Z INFO     Train Epoch: 2 [11520/60000 (19%)]	loss=0.6047
2025-04-25T15:08:58Z INFO     Train Epoch: 2 [12800/60000 (21%)]	loss=0.7417
2025-04-25T15:08:58Z INFO     Train Epoch: 2 [14080/60000 (23%)]	loss=0.6995
2025-04-25T15:08:58Z INFO     Train Epoch: 2 [15360/60000 (26%)]	loss=0.7817
2025-04-25T15:08:58Z INFO     Train Epoch: 2 [16640/60000 (28%)]	loss=0.6442
2025-04-25T15:08:58Z INFO     Train Epoch: 2 [17920/60000 (30%)]	loss=0.7494
2025-04-25T15:08:59Z INFO     Train Epoch: 2 [19200/60000 (32%)]	loss=0.5677
2025-04-25T15:08:59Z INFO     Train Epoch: 2 [20480/60000 (34%)]	loss=0.7982
2025-04-25T15:08:59Z INFO     Train Epoch: 2 [21760/60000 (36%)]	loss=0.6874
2025-04-25T15:08:59Z INFO     Train Epoch: 2 [23040/60000 (38%)]	loss=0.6715
2025-04-25T15:08:59Z INFO     Train Epoch: 2 [24320/60000 (41%)]	loss=0.6472
2025-04-25T15:08:59Z INFO     Train Epoch: 2 [25600/60000 (43%)]	loss=0.6490
2025-04-25T15:08:59Z INFO     Train Epoch: 2 [26880/60000 (45%)]	loss=0.7613
2025-04-25T15:08:59Z INFO     Train Epoch: 2 [28160/60000 (47%)]	loss=0.5773
2025-04-25T15:08:59Z INFO     Train Epoch: 2 [29440/60000 (49%)]	loss=0.8768
2025-04-25T15:09:00Z INFO     Train Epoch: 2 [30720/60000 (51%)]	loss=0.6955
2025-04-25T15:09:00Z INFO     Train Epoch: 2 [32000/60000 (53%)]	loss=0.7680
2025-04-25T15:09:00Z INFO     Train Epoch: 2 [33280/60000 (55%)]	loss=0.6705
2025-04-25T15:09:00Z INFO     Train Epoch: 2 [34560/60000 (58%)]	loss=0.5754
2025-04-25T15:09:00Z INFO     Train Epoch: 2 [35840/60000 (60%)]	loss=0.5412
2025-04-25T15:09:00Z INFO     Train Epoch: 2 [37120/60000 (62%)]	loss=0.7474
2025-04-25T15:09:00Z INFO     Train Epoch: 2 [38400/60000 (64%)]	loss=0.6810
2025-04-25T15:09:00Z INFO     Train Epoch: 2 [39680/60000 (66%)]	loss=0.6216
2025-04-25T15:09:00Z INFO     Train Epoch: 2 [40960/60000 (68%)]	loss=0.7625
2025-04-25T15:09:00Z INFO     Train Epoch: 2 [42240/60000 (70%)]	loss=0.7604
2025-04-25T15:09:01Z INFO     Train Epoch: 2 [43520/60000 (72%)]	loss=0.5806
2025-04-25T15:09:01Z INFO     Train Epoch: 2 [44800/60000 (75%)]	loss=0.5770
2025-04-25T15:09:01Z INFO     Train Epoch: 2 [46080/60000 (77%)]	loss=0.6866
2025-04-25T15:09:01Z INFO     Train Epoch: 2 [47360/60000 (79%)]	loss=0.7655
2025-04-25T15:09:01Z INFO     Train Epoch: 2 [48640/60000 (81%)]	loss=0.5824
2025-04-25T15:09:01Z INFO     Train Epoch: 2 [49920/60000 (83%)]	loss=0.7006
2025-04-25T15:09:01Z INFO     Train Epoch: 2 [51200/60000 (85%)]	loss=0.8276
2025-04-25T15:09:01Z INFO     Train Epoch: 2 [52480/60000 (87%)]	loss=0.5793
2025-04-25T15:09:01Z INFO     Train Epoch: 2 [53760/60000 (90%)]	loss=0.5219
2025-04-25T15:09:02Z INFO     Train Epoch: 2 [55040/60000 (92%)]	loss=0.6879
2025-04-25T15:09:02Z INFO     Train Epoch: 2 [56320/60000 (94%)]	loss=0.7072
2025-04-25T15:09:02Z INFO     Train Epoch: 2 [57600/60000 (96%)]	loss=0.5103
2025-04-25T15:09:02Z INFO     Train Epoch: 2 [58880/60000 (98%)]	loss=0.5982
2025-04-25T15:09:03Z INFO     {metricName: accuracy, metricValue: 0.7616};{metricName: loss, metricValue: 0.6528}

2025-04-25T15:09:03Z INFO     Train Epoch: 3 [0/60000 (0%)]	loss=0.5429
2025-04-25T15:09:03Z INFO     Train Epoch: 3 [1280/60000 (2%)]	loss=0.6448
2025-04-25T15:09:03Z INFO     Train Epoch: 3 [2560/60000 (4%)]	loss=0.5530
2025-04-25T15:09:03Z INFO     Train Epoch: 3 [3840/60000 (6%)]	loss=0.5119
2025-04-25T15:09:03Z INFO     Train Epoch: 3 [5120/60000 (9%)]	loss=0.5639
2025-04-25T15:09:03Z INFO     Train Epoch: 3 [6400/60000 (11%)]	loss=0.6525
2025-04-25T15:09:04Z INFO     Train Epoch: 3 [7680/60000 (13%)]	loss=0.5260
2025-04-25T15:09:04Z INFO     Train Epoch: 3 [8960/60000 (15%)]	loss=0.6372
2025-04-25T15:09:04Z INFO     Train Epoch: 3 [10240/60000 (17%)]	loss=0.6504
2025-04-25T15:09:04Z INFO     Train Epoch: 3 [11520/60000 (19%)]	loss=0.4746
2025-04-25T15:09:04Z INFO     Train Epoch: 3 [12800/60000 (21%)]	loss=0.6913
2025-04-25T15:09:04Z INFO     Train Epoch: 3 [14080/60000 (23%)]	loss=0.6599
2025-04-25T15:09:04Z INFO     Train Epoch: 3 [15360/60000 (26%)]	loss=0.6988
2025-04-25T15:09:04Z INFO     Train Epoch: 3 [16640/60000 (28%)]	loss=0.5763
2025-04-25T15:09:04Z INFO     Train Epoch: 3 [17920/60000 (30%)]	loss=0.6523
2025-04-25T15:09:04Z INFO     Train Epoch: 3 [19200/60000 (32%)]	loss=0.6462
2025-04-25T15:09:05Z INFO     Train Epoch: 3 [20480/60000 (34%)]	loss=0.6249
2025-04-25T15:09:05Z INFO     Train Epoch: 3 [21760/60000 (36%)]	loss=0.4614
2025-04-25T15:09:05Z INFO     Train Epoch: 3 [23040/60000 (38%)]	loss=0.6995
2025-04-25T15:09:05Z INFO     Train Epoch: 3 [24320/60000 (41%)]	loss=0.6122
2025-04-25T15:09:05Z INFO     Train Epoch: 3 [25600/60000 (43%)]	loss=0.5664
2025-04-25T15:09:05Z INFO     Train Epoch: 3 [26880/60000 (45%)]	loss=0.5168
2025-04-25T15:09:05Z INFO     Train Epoch: 3 [28160/60000 (47%)]	loss=0.6823
2025-04-25T15:09:05Z INFO     Train Epoch: 3 [29440/60000 (49%)]	loss=0.6089
2025-04-25T15:09:06Z INFO     Train Epoch: 3 [30720/60000 (51%)]	loss=0.6048
2025-04-25T15:09:06Z INFO     Train Epoch: 3 [32000/60000 (53%)]	loss=0.6238
2025-04-25T15:09:06Z INFO     Train Epoch: 3 [33280/60000 (55%)]	loss=0.6736
2025-04-25T15:09:06Z INFO     Train Epoch: 3 [34560/60000 (58%)]	loss=0.5931
2025-04-25T15:09:06Z INFO     Train Epoch: 3 [35840/60000 (60%)]	loss=0.5711
2025-04-25T15:09:06Z INFO     Train Epoch: 3 [37120/60000 (62%)]	loss=0.5753
2025-04-25T15:09:06Z INFO     Train Epoch: 3 [38400/60000 (64%)]	loss=0.4602
2025-04-25T15:09:06Z INFO     Train Epoch: 3 [39680/60000 (66%)]	loss=0.5202
2025-04-25T15:09:06Z INFO     Train Epoch: 3 [40960/60000 (68%)]	loss=0.5735
2025-04-25T15:09:07Z INFO     Train Epoch: 3 [42240/60000 (70%)]	loss=0.5971
2025-04-25T15:09:07Z INFO     Train Epoch: 3 [43520/60000 (72%)]	loss=0.7315
2025-04-25T15:09:07Z INFO     Train Epoch: 3 [44800/60000 (75%)]	loss=0.5756
2025-04-25T15:09:07Z INFO     Train Epoch: 3 [46080/60000 (77%)]	loss=0.5923
2025-04-25T15:09:07Z INFO     Train Epoch: 3 [47360/60000 (79%)]	loss=0.5957
2025-04-25T15:09:07Z INFO     Train Epoch: 3 [48640/60000 (81%)]	loss=0.5158
2025-04-25T15:09:07Z INFO     Train Epoch: 3 [49920/60000 (83%)]	loss=0.6261
2025-04-25T15:09:07Z INFO     Train Epoch: 3 [51200/60000 (85%)]	loss=0.6647
2025-04-25T15:09:07Z INFO     Train Epoch: 3 [52480/60000 (87%)]	loss=0.6334
2025-04-25T15:09:07Z INFO     Train Epoch: 3 [53760/60000 (90%)]	loss=0.6287
2025-04-25T15:09:08Z INFO     Train Epoch: 3 [55040/60000 (92%)]	loss=0.6007
2025-04-25T15:09:08Z INFO     Train Epoch: 3 [56320/60000 (94%)]	loss=0.6401
2025-04-25T15:09:08Z INFO     Train Epoch: 3 [57600/60000 (96%)]	loss=0.5193
2025-04-25T15:09:08Z INFO     Train Epoch: 3 [58880/60000 (98%)]	loss=0.7663
2025-04-25T15:09:09Z INFO     {metricName: accuracy, metricValue: 0.7749};{metricName: loss, metricValue: 0.5947}

2025-04-25T15:09:09Z INFO     Train Epoch: 4 [0/60000 (0%)]	loss=0.6219
2025-04-25T15:09:09Z INFO     Train Epoch: 4 [1280/60000 (2%)]	loss=0.5154
2025-04-25T15:09:09Z INFO     Train Epoch: 4 [2560/60000 (4%)]	loss=0.4974
2025-04-25T15:09:09Z INFO     Train Epoch: 4 [3840/60000 (6%)]	loss=0.5824
2025-04-25T15:09:09Z INFO     Train Epoch: 4 [5120/60000 (9%)]	loss=0.5010
2025-04-25T15:09:09Z INFO     Train Epoch: 4 [6400/60000 (11%)]	loss=0.5464
2025-04-25T15:09:10Z INFO     Train Epoch: 4 [7680/60000 (13%)]	loss=0.6092
2025-04-25T15:09:10Z INFO     Train Epoch: 4 [8960/60000 (15%)]	loss=0.4803
2025-04-25T15:09:10Z INFO     Train Epoch: 4 [10240/60000 (17%)]	loss=0.6002
2025-04-25T15:09:10Z INFO     Train Epoch: 4 [11520/60000 (19%)]	loss=0.4615
2025-04-25T15:09:10Z INFO     Train Epoch: 4 [12800/60000 (21%)]	loss=0.5870
2025-04-25T15:09:10Z INFO     Train Epoch: 4 [14080/60000 (23%)]	loss=0.5869
2025-04-25T15:09:10Z INFO     Train Epoch: 4 [15360/60000 (26%)]	loss=0.6082
2025-04-25T15:09:10Z INFO     Train Epoch: 4 [16640/60000 (28%)]	loss=0.5979
2025-04-25T15:09:10Z INFO     Train Epoch: 4 [17920/60000 (30%)]	loss=0.5382
2025-04-25T15:09:11Z INFO     Train Epoch: 4 [19200/60000 (32%)]	loss=0.5676
2025-04-25T15:09:11Z INFO     Train Epoch: 4 [20480/60000 (34%)]	loss=0.4868
2025-04-25T15:09:11Z INFO     Train Epoch: 4 [21760/60000 (36%)]	loss=0.5474
2025-04-25T15:09:11Z INFO     Train Epoch: 4 [23040/60000 (38%)]	loss=0.6154
2025-04-25T15:09:11Z INFO     Train Epoch: 4 [24320/60000 (41%)]	loss=0.4907
2025-04-25T15:09:11Z INFO     Train Epoch: 4 [25600/60000 (43%)]	loss=0.5079
2025-04-25T15:09:11Z INFO     Train Epoch: 4 [26880/60000 (45%)]	loss=0.6027
2025-04-25T15:09:11Z INFO     Train Epoch: 4 [28160/60000 (47%)]	loss=0.4009
2025-04-25T15:09:11Z INFO     Train Epoch: 4 [29440/60000 (49%)]	loss=0.4865
2025-04-25T15:09:12Z INFO     Train Epoch: 4 [30720/60000 (51%)]	loss=0.5157
2025-04-25T15:09:12Z INFO     Train Epoch: 4 [32000/60000 (53%)]	loss=0.4837
2025-04-25T15:09:12Z INFO     Train Epoch: 4 [33280/60000 (55%)]	loss=0.5307
2025-04-25T15:09:12Z INFO     Train Epoch: 4 [34560/60000 (58%)]	loss=0.5407
2025-04-25T15:09:12Z INFO     Train Epoch: 4 [35840/60000 (60%)]	loss=0.4960
2025-04-25T15:09:12Z INFO     Train Epoch: 4 [37120/60000 (62%)]	loss=0.4532
2025-04-25T15:09:12Z INFO     Train Epoch: 4 [38400/60000 (64%)]	loss=0.5640
2025-04-25T15:09:12Z INFO     Train Epoch: 4 [39680/60000 (66%)]	loss=0.4883
2025-04-25T15:09:12Z INFO     Train Epoch: 4 [40960/60000 (68%)]	loss=0.5170
2025-04-25T15:09:12Z INFO     Train Epoch: 4 [42240/60000 (70%)]	loss=0.6525
2025-04-25T15:09:13Z INFO     Train Epoch: 4 [43520/60000 (72%)]	loss=0.5731
2025-04-25T15:09:13Z INFO     Train Epoch: 4 [44800/60000 (75%)]	loss=0.6374
2025-04-25T15:09:13Z INFO     Train Epoch: 4 [46080/60000 (77%)]	loss=0.5451
2025-04-25T15:09:13Z INFO     Train Epoch: 4 [47360/60000 (79%)]	loss=0.4485
2025-04-25T15:09:13Z INFO     Train Epoch: 4 [48640/60000 (81%)]	loss=0.4364
2025-04-25T15:09:13Z INFO     Train Epoch: 4 [49920/60000 (83%)]	loss=0.5651
2025-04-25T15:09:13Z INFO     Train Epoch: 4 [51200/60000 (85%)]	loss=0.5466
2025-04-25T15:09:13Z INFO     Train Epoch: 4 [52480/60000 (87%)]	loss=0.4775
2025-04-25T15:09:13Z INFO     Train Epoch: 4 [53760/60000 (90%)]	loss=0.4852
2025-04-25T15:09:14Z INFO     Train Epoch: 4 [55040/60000 (92%)]	loss=0.5651
2025-04-25T15:09:14Z INFO     Train Epoch: 4 [56320/60000 (94%)]	loss=0.4387
2025-04-25T15:09:14Z INFO     Train Epoch: 4 [57600/60000 (96%)]	loss=0.3743
2025-04-25T15:09:14Z INFO     Train Epoch: 4 [58880/60000 (98%)]	loss=0.4249
2025-04-25T15:09:15Z INFO     {metricName: accuracy, metricValue: 0.8081};{metricName: loss, metricValue: 0.5306}


real	0m29.456s
user	0m33.544s
sys	0m7.053s
