Using CUDA
Using distributed PyTorch with nccl backend
2025-04-22T15:54:02Z INFO     Added key: store_based_barrier_key:1 to store for rank: 0
2025-04-22T15:54:02Z INFO     Rank 0: Completed store-based barrier for key:store_based_barrier_key:1 with 4 nodes.
2025-04-22T15:54:06Z INFO     Train Epoch: 1 [0/60000 (0%)]	loss=2.3015
2025-04-22T15:54:06Z INFO     Reducer buckets have been rebuilt in this iteration.
2025-04-22T15:54:06Z INFO     Train Epoch: 1 [1280/60000 (2%)]	loss=2.2863
2025-04-22T15:54:07Z INFO     Train Epoch: 1 [2560/60000 (4%)]	loss=2.2854
2025-04-22T15:54:07Z INFO     Train Epoch: 1 [3840/60000 (6%)]	loss=2.2727
2025-04-22T15:54:07Z INFO     Train Epoch: 1 [5120/60000 (9%)]	loss=2.2693
2025-04-22T15:54:08Z INFO     Train Epoch: 1 [6400/60000 (11%)]	loss=2.2500
2025-04-22T15:54:08Z INFO     Train Epoch: 1 [7680/60000 (13%)]	loss=2.2421
2025-04-22T15:54:09Z INFO     Train Epoch: 1 [8960/60000 (15%)]	loss=2.2028
2025-04-22T15:54:09Z INFO     Train Epoch: 1 [10240/60000 (17%)]	loss=2.1878
2025-04-22T15:54:09Z INFO     Train Epoch: 1 [11520/60000 (19%)]	loss=2.1322
2025-04-22T15:54:10Z INFO     Train Epoch: 1 [12800/60000 (21%)]	loss=2.0497
2025-04-22T15:54:10Z INFO     Train Epoch: 1 [14080/60000 (23%)]	loss=1.9478
2025-04-22T15:54:11Z INFO     Train Epoch: 1 [15360/60000 (26%)]	loss=1.7656
2025-04-22T15:54:11Z INFO     Train Epoch: 1 [16640/60000 (28%)]	loss=1.5977
2025-04-22T15:54:12Z INFO     Train Epoch: 1 [17920/60000 (30%)]	loss=1.3736
2025-04-22T15:54:12Z INFO     Train Epoch: 1 [19200/60000 (32%)]	loss=1.3095
2025-04-22T15:54:12Z INFO     Train Epoch: 1 [20480/60000 (34%)]	loss=1.1867
2025-04-22T15:54:13Z INFO     Train Epoch: 1 [21760/60000 (36%)]	loss=1.0812
2025-04-22T15:54:13Z INFO     Train Epoch: 1 [23040/60000 (38%)]	loss=1.0567
2025-04-22T15:54:14Z INFO     Train Epoch: 1 [24320/60000 (41%)]	loss=1.0197
2025-04-22T15:54:14Z INFO     Train Epoch: 1 [25600/60000 (43%)]	loss=0.9027
2025-04-22T15:54:15Z INFO     Train Epoch: 1 [26880/60000 (45%)]	loss=1.0207
2025-04-22T15:54:15Z INFO     Train Epoch: 1 [28160/60000 (47%)]	loss=1.0543
2025-04-22T15:54:15Z INFO     Train Epoch: 1 [29440/60000 (49%)]	loss=0.9021
2025-04-22T15:54:16Z INFO     Train Epoch: 1 [30720/60000 (51%)]	loss=0.7914
2025-04-22T15:54:16Z INFO     Train Epoch: 1 [32000/60000 (53%)]	loss=1.1949
2025-04-22T15:54:17Z INFO     Train Epoch: 1 [33280/60000 (55%)]	loss=1.0267
2025-04-22T15:54:17Z INFO     Train Epoch: 1 [34560/60000 (58%)]	loss=0.9574
2025-04-22T15:54:18Z INFO     Train Epoch: 1 [35840/60000 (60%)]	loss=0.7893
2025-04-22T15:54:18Z INFO     Train Epoch: 1 [37120/60000 (62%)]	loss=0.9347
2025-04-22T15:54:18Z INFO     Train Epoch: 1 [38400/60000 (64%)]	loss=0.9519
2025-04-22T15:54:19Z INFO     Train Epoch: 1 [39680/60000 (66%)]	loss=0.8622
2025-04-22T15:54:19Z INFO     Train Epoch: 1 [40960/60000 (68%)]	loss=0.8082
2025-04-22T15:54:20Z INFO     Train Epoch: 1 [42240/60000 (70%)]	loss=0.8894
2025-04-22T15:54:20Z INFO     Train Epoch: 1 [43520/60000 (72%)]	loss=0.9442
2025-04-22T15:54:20Z INFO     Train Epoch: 1 [44800/60000 (75%)]	loss=0.9375
2025-04-22T15:54:21Z INFO     Train Epoch: 1 [46080/60000 (77%)]	loss=0.8244
2025-04-22T15:54:21Z INFO     Train Epoch: 1 [47360/60000 (79%)]	loss=0.7677
2025-04-22T15:54:22Z INFO     Train Epoch: 1 [48640/60000 (81%)]	loss=0.8699
2025-04-22T15:54:22Z INFO     Train Epoch: 1 [49920/60000 (83%)]	loss=0.8684
2025-04-22T15:54:23Z INFO     Train Epoch: 1 [51200/60000 (85%)]	loss=0.7859
2025-04-22T15:54:23Z INFO     Train Epoch: 1 [52480/60000 (87%)]	loss=0.6897
2025-04-22T15:54:23Z INFO     Train Epoch: 1 [53760/60000 (90%)]	loss=0.8087
2025-04-22T15:54:24Z INFO     Train Epoch: 1 [55040/60000 (92%)]	loss=0.8810
2025-04-22T15:54:24Z INFO     Train Epoch: 1 [56320/60000 (94%)]	loss=0.8615
2025-04-22T15:54:25Z INFO     Train Epoch: 1 [57600/60000 (96%)]	loss=0.9272
2025-04-22T15:54:25Z INFO     Train Epoch: 1 [58880/60000 (98%)]	loss=0.7727
2025-04-22T15:54:26Z INFO     {metricName: accuracy, metricValue: 0.6866};{metricName: loss, metricValue: 0.8299}

2025-04-22T15:54:26Z INFO     Train Epoch: 2 [0/60000 (0%)]	loss=0.7521
2025-04-22T15:54:27Z INFO     Train Epoch: 2 [1280/60000 (2%)]	loss=0.6786
2025-04-22T15:54:27Z INFO     Train Epoch: 2 [2560/60000 (4%)]	loss=0.7744
2025-04-22T15:54:28Z INFO     Train Epoch: 2 [3840/60000 (6%)]	loss=0.7714
2025-04-22T15:54:28Z INFO     Train Epoch: 2 [5120/60000 (9%)]	loss=0.7504
2025-04-22T15:54:29Z INFO     Train Epoch: 2 [6400/60000 (11%)]	loss=0.7437
2025-04-22T15:54:29Z INFO     Train Epoch: 2 [7680/60000 (13%)]	loss=0.7578
2025-04-22T15:54:29Z INFO     Train Epoch: 2 [8960/60000 (15%)]	loss=0.6596
2025-04-22T15:54:30Z INFO     Train Epoch: 2 [10240/60000 (17%)]	loss=0.7518
2025-04-22T15:54:30Z INFO     Train Epoch: 2 [11520/60000 (19%)]	loss=0.6040
2025-04-22T15:54:31Z INFO     Train Epoch: 2 [12800/60000 (21%)]	loss=0.7402
2025-04-22T15:54:31Z INFO     Train Epoch: 2 [14080/60000 (23%)]	loss=0.6993
2025-04-22T15:54:32Z INFO     Train Epoch: 2 [15360/60000 (26%)]	loss=0.7799
2025-04-22T15:54:32Z INFO     Train Epoch: 2 [16640/60000 (28%)]	loss=0.6439
2025-04-22T15:54:32Z INFO     Train Epoch: 2 [17920/60000 (30%)]	loss=0.7495
2025-04-22T15:54:33Z INFO     Train Epoch: 2 [19200/60000 (32%)]	loss=0.5680
2025-04-22T15:54:33Z INFO     Train Epoch: 2 [20480/60000 (34%)]	loss=0.7965
2025-04-22T15:54:34Z INFO     Train Epoch: 2 [21760/60000 (36%)]	loss=0.6858
2025-04-22T15:54:34Z INFO     Train Epoch: 2 [23040/60000 (38%)]	loss=0.6721
2025-04-22T15:54:35Z INFO     Train Epoch: 2 [24320/60000 (41%)]	loss=0.6468
2025-04-22T15:54:35Z INFO     Train Epoch: 2 [25600/60000 (43%)]	loss=0.6499
2025-04-22T15:54:35Z INFO     Train Epoch: 2 [26880/60000 (45%)]	loss=0.7604
2025-04-22T15:54:36Z INFO     Train Epoch: 2 [28160/60000 (47%)]	loss=0.5772
2025-04-22T15:54:36Z INFO     Train Epoch: 2 [29440/60000 (49%)]	loss=0.8770
2025-04-22T15:54:37Z INFO     Train Epoch: 2 [30720/60000 (51%)]	loss=0.6959
2025-04-22T15:54:37Z INFO     Train Epoch: 2 [32000/60000 (53%)]	loss=0.7688
2025-04-22T15:54:38Z INFO     Train Epoch: 2 [33280/60000 (55%)]	loss=0.6707
2025-04-22T15:54:38Z INFO     Train Epoch: 2 [34560/60000 (58%)]	loss=0.5755
2025-04-22T15:54:38Z INFO     Train Epoch: 2 [35840/60000 (60%)]	loss=0.5410
2025-04-22T15:54:39Z INFO     Train Epoch: 2 [37120/60000 (62%)]	loss=0.7487
2025-04-22T15:54:39Z INFO     Train Epoch: 2 [38400/60000 (64%)]	loss=0.6816
2025-04-22T15:54:40Z INFO     Train Epoch: 2 [39680/60000 (66%)]	loss=0.6229
2025-04-22T15:54:40Z INFO     Train Epoch: 2 [40960/60000 (68%)]	loss=0.7637
2025-04-22T15:54:41Z INFO     Train Epoch: 2 [42240/60000 (70%)]	loss=0.7596
2025-04-22T15:54:41Z INFO     Train Epoch: 2 [43520/60000 (72%)]	loss=0.5811
2025-04-22T15:54:41Z INFO     Train Epoch: 2 [44800/60000 (75%)]	loss=0.5785
2025-04-22T15:54:42Z INFO     Train Epoch: 2 [46080/60000 (77%)]	loss=0.6863
2025-04-22T15:54:42Z INFO     Train Epoch: 2 [47360/60000 (79%)]	loss=0.7639
2025-04-22T15:54:43Z INFO     Train Epoch: 2 [48640/60000 (81%)]	loss=0.5815
2025-04-22T15:54:43Z INFO     Train Epoch: 2 [49920/60000 (83%)]	loss=0.6987
2025-04-22T15:54:44Z INFO     Train Epoch: 2 [51200/60000 (85%)]	loss=0.8272
2025-04-22T15:54:44Z INFO     Train Epoch: 2 [52480/60000 (87%)]	loss=0.5800
2025-04-22T15:54:44Z INFO     Train Epoch: 2 [53760/60000 (90%)]	loss=0.5217
2025-04-22T15:54:45Z INFO     Train Epoch: 2 [55040/60000 (92%)]	loss=0.6884
2025-04-22T15:54:45Z INFO     Train Epoch: 2 [56320/60000 (94%)]	loss=0.7068
2025-04-22T15:54:46Z INFO     Train Epoch: 2 [57600/60000 (96%)]	loss=0.5102
2025-04-22T15:54:46Z INFO     Train Epoch: 2 [58880/60000 (98%)]	loss=0.5999
2025-04-22T15:54:47Z INFO     {metricName: accuracy, metricValue: 0.7604};{metricName: loss, metricValue: 0.6531}

2025-04-22T15:54:47Z INFO     Train Epoch: 3 [0/60000 (0%)]	loss=0.5437
2025-04-22T15:54:48Z INFO     Train Epoch: 3 [1280/60000 (2%)]	loss=0.6458
2025-04-22T15:54:48Z INFO     Train Epoch: 3 [2560/60000 (4%)]	loss=0.5529
2025-04-22T15:54:49Z INFO     Train Epoch: 3 [3840/60000 (6%)]	loss=0.5119
2025-04-22T15:54:49Z INFO     Train Epoch: 3 [5120/60000 (9%)]	loss=0.5636
2025-04-22T15:54:49Z INFO     Train Epoch: 3 [6400/60000 (11%)]	loss=0.6527
2025-04-22T15:54:50Z INFO     Train Epoch: 3 [7680/60000 (13%)]	loss=0.5261
2025-04-22T15:54:50Z INFO     Train Epoch: 3 [8960/60000 (15%)]	loss=0.6360
2025-04-22T15:54:51Z INFO     Train Epoch: 3 [10240/60000 (17%)]	loss=0.6503
2025-04-22T15:54:51Z INFO     Train Epoch: 3 [11520/60000 (19%)]	loss=0.4748
2025-04-22T15:54:52Z INFO     Train Epoch: 3 [12800/60000 (21%)]	loss=0.6931
2025-04-22T15:54:52Z INFO     Train Epoch: 3 [14080/60000 (23%)]	loss=0.6608
2025-04-22T15:54:52Z INFO     Train Epoch: 3 [15360/60000 (26%)]	loss=0.6997
2025-04-22T15:54:53Z INFO     Train Epoch: 3 [16640/60000 (28%)]	loss=0.5779
2025-04-22T15:54:53Z INFO     Train Epoch: 3 [17920/60000 (30%)]	loss=0.6521
2025-04-22T15:54:54Z INFO     Train Epoch: 3 [19200/60000 (32%)]	loss=0.6454
2025-04-22T15:54:54Z INFO     Train Epoch: 3 [20480/60000 (34%)]	loss=0.6269
2025-04-22T15:54:54Z INFO     Train Epoch: 3 [21760/60000 (36%)]	loss=0.4618
2025-04-22T15:54:55Z INFO     Train Epoch: 3 [23040/60000 (38%)]	loss=0.7010
2025-04-22T15:54:55Z INFO     Train Epoch: 3 [24320/60000 (41%)]	loss=0.6112
2025-04-22T15:54:56Z INFO     Train Epoch: 3 [25600/60000 (43%)]	loss=0.5660
2025-04-22T15:54:56Z INFO     Train Epoch: 3 [26880/60000 (45%)]	loss=0.5168
2025-04-22T15:54:57Z INFO     Train Epoch: 3 [28160/60000 (47%)]	loss=0.6814
2025-04-22T15:54:57Z INFO     Train Epoch: 3 [29440/60000 (49%)]	loss=0.6101
2025-04-22T15:54:57Z INFO     Train Epoch: 3 [30720/60000 (51%)]	loss=0.6050
2025-04-22T15:54:58Z INFO     Train Epoch: 3 [32000/60000 (53%)]	loss=0.6246
2025-04-22T15:54:58Z INFO     Train Epoch: 3 [33280/60000 (55%)]	loss=0.6736
2025-04-22T15:54:59Z INFO     Train Epoch: 3 [34560/60000 (58%)]	loss=0.5927
2025-04-22T15:54:59Z INFO     Train Epoch: 3 [35840/60000 (60%)]	loss=0.5711
2025-04-22T15:55:00Z INFO     Train Epoch: 3 [37120/60000 (62%)]	loss=0.5757
2025-04-22T15:55:00Z INFO     Train Epoch: 3 [38400/60000 (64%)]	loss=0.4603
2025-04-22T15:55:00Z INFO     Train Epoch: 3 [39680/60000 (66%)]	loss=0.5220
2025-04-22T15:55:01Z INFO     Train Epoch: 3 [40960/60000 (68%)]	loss=0.5723
2025-04-22T15:55:01Z INFO     Train Epoch: 3 [42240/60000 (70%)]	loss=0.5979
2025-04-22T15:55:02Z INFO     Train Epoch: 3 [43520/60000 (72%)]	loss=0.7310
2025-04-22T15:55:02Z INFO     Train Epoch: 3 [44800/60000 (75%)]	loss=0.5757
2025-04-22T15:55:02Z INFO     Train Epoch: 3 [46080/60000 (77%)]	loss=0.5900
2025-04-22T15:55:03Z INFO     Train Epoch: 3 [47360/60000 (79%)]	loss=0.5956
2025-04-22T15:55:03Z INFO     Train Epoch: 3 [48640/60000 (81%)]	loss=0.5149
2025-04-22T15:55:04Z INFO     Train Epoch: 3 [49920/60000 (83%)]	loss=0.6285
2025-04-22T15:55:04Z INFO     Train Epoch: 3 [51200/60000 (85%)]	loss=0.6636
2025-04-22T15:55:05Z INFO     Train Epoch: 3 [52480/60000 (87%)]	loss=0.6365
2025-04-22T15:55:05Z INFO     Train Epoch: 3 [53760/60000 (90%)]	loss=0.6289
2025-04-22T15:55:05Z INFO     Train Epoch: 3 [55040/60000 (92%)]	loss=0.5995
2025-04-22T15:55:06Z INFO     Train Epoch: 3 [56320/60000 (94%)]	loss=0.6386
2025-04-22T15:55:06Z INFO     Train Epoch: 3 [57600/60000 (96%)]	loss=0.5184
2025-04-22T15:55:07Z INFO     Train Epoch: 3 [58880/60000 (98%)]	loss=0.7661
2025-04-22T15:55:08Z INFO     {metricName: accuracy, metricValue: 0.7751};{metricName: loss, metricValue: 0.5954}

2025-04-22T15:55:08Z INFO     Train Epoch: 4 [0/60000 (0%)]	loss=0.6228
2025-04-22T15:55:08Z INFO     Train Epoch: 4 [1280/60000 (2%)]	loss=0.5161
2025-04-22T15:55:09Z INFO     Train Epoch: 4 [2560/60000 (4%)]	loss=0.4981
2025-04-22T15:55:09Z INFO     Train Epoch: 4 [3840/60000 (6%)]	loss=0.5823
2025-04-22T15:55:10Z INFO     Train Epoch: 4 [5120/60000 (9%)]	loss=0.5011
2025-04-22T15:55:10Z INFO     Train Epoch: 4 [6400/60000 (11%)]	loss=0.5484
2025-04-22T15:55:11Z INFO     Train Epoch: 4 [7680/60000 (13%)]	loss=0.6098
2025-04-22T15:55:11Z INFO     Train Epoch: 4 [8960/60000 (15%)]	loss=0.4801
2025-04-22T15:55:12Z INFO     Train Epoch: 4 [10240/60000 (17%)]	loss=0.6013
2025-04-22T15:55:12Z INFO     Train Epoch: 4 [11520/60000 (19%)]	loss=0.4618
2025-04-22T15:55:12Z INFO     Train Epoch: 4 [12800/60000 (21%)]	loss=0.5891
2025-04-22T15:55:13Z INFO     Train Epoch: 4 [14080/60000 (23%)]	loss=0.5860
2025-04-22T15:55:13Z INFO     Train Epoch: 4 [15360/60000 (26%)]	loss=0.6100
2025-04-22T15:55:14Z INFO     Train Epoch: 4 [16640/60000 (28%)]	loss=0.5993
2025-04-22T15:55:14Z INFO     Train Epoch: 4 [17920/60000 (30%)]	loss=0.5378
2025-04-22T15:55:15Z INFO     Train Epoch: 4 [19200/60000 (32%)]	loss=0.5682
2025-04-22T15:55:15Z INFO     Train Epoch: 4 [20480/60000 (34%)]	loss=0.4877
2025-04-22T15:55:16Z INFO     Train Epoch: 4 [21760/60000 (36%)]	loss=0.5476
2025-04-22T15:55:16Z INFO     Train Epoch: 4 [23040/60000 (38%)]	loss=0.6164
2025-04-22T15:55:16Z INFO     Train Epoch: 4 [24320/60000 (41%)]	loss=0.4900
2025-04-22T15:55:17Z INFO     Train Epoch: 4 [25600/60000 (43%)]	loss=0.5085
2025-04-22T15:55:17Z INFO     Train Epoch: 4 [26880/60000 (45%)]	loss=0.6020
2025-04-22T15:55:18Z INFO     Train Epoch: 4 [28160/60000 (47%)]	loss=0.4005
2025-04-22T15:55:18Z INFO     Train Epoch: 4 [29440/60000 (49%)]	loss=0.4864
2025-04-22T15:55:19Z INFO     Train Epoch: 4 [30720/60000 (51%)]	loss=0.5133
2025-04-22T15:55:19Z INFO     Train Epoch: 4 [32000/60000 (53%)]	loss=0.4834
2025-04-22T15:55:19Z INFO     Train Epoch: 4 [33280/60000 (55%)]	loss=0.5304
2025-04-22T15:55:20Z INFO     Train Epoch: 4 [34560/60000 (58%)]	loss=0.5395
2025-04-22T15:55:20Z INFO     Train Epoch: 4 [35840/60000 (60%)]	loss=0.4968
2025-04-22T15:55:21Z INFO     Train Epoch: 4 [37120/60000 (62%)]	loss=0.4511
2025-04-22T15:55:21Z INFO     Train Epoch: 4 [38400/60000 (64%)]	loss=0.5627
2025-04-22T15:55:22Z INFO     Train Epoch: 4 [39680/60000 (66%)]	loss=0.4880
2025-04-22T15:55:22Z INFO     Train Epoch: 4 [40960/60000 (68%)]	loss=0.5180
2025-04-22T15:55:23Z INFO     Train Epoch: 4 [42240/60000 (70%)]	loss=0.6533
2025-04-22T15:55:23Z INFO     Train Epoch: 4 [43520/60000 (72%)]	loss=0.5722
2025-04-22T15:55:23Z INFO     Train Epoch: 4 [44800/60000 (75%)]	loss=0.6392
2025-04-22T15:55:24Z INFO     Train Epoch: 4 [46080/60000 (77%)]	loss=0.5465
2025-04-22T15:55:24Z INFO     Train Epoch: 4 [47360/60000 (79%)]	loss=0.4486
2025-04-22T15:55:25Z INFO     Train Epoch: 4 [48640/60000 (81%)]	loss=0.4362
2025-04-22T15:55:25Z INFO     Train Epoch: 4 [49920/60000 (83%)]	loss=0.5652
2025-04-22T15:55:25Z INFO     Train Epoch: 4 [51200/60000 (85%)]	loss=0.5478
2025-04-22T15:55:26Z INFO     Train Epoch: 4 [52480/60000 (87%)]	loss=0.4798
2025-04-22T15:55:26Z INFO     Train Epoch: 4 [53760/60000 (90%)]	loss=0.4863
2025-04-22T15:55:27Z INFO     Train Epoch: 4 [55040/60000 (92%)]	loss=0.5660
2025-04-22T15:55:27Z INFO     Train Epoch: 4 [56320/60000 (94%)]	loss=0.4393
2025-04-22T15:55:28Z INFO     Train Epoch: 4 [57600/60000 (96%)]	loss=0.3739
2025-04-22T15:55:28Z INFO     Train Epoch: 4 [58880/60000 (98%)]	loss=0.4260
2025-04-22T15:55:29Z INFO     {metricName: accuracy, metricValue: 0.8066};{metricName: loss, metricValue: 0.5312}


real	1m29.504s
user	2m13.527s
sys	1m2.909s
