Using CUDA
Using distributed PyTorch with nccl backend
2025-04-25T17:32:23Z INFO     Added key: store_based_barrier_key:1 to store for rank: 0
2025-04-25T17:32:23Z INFO     Rank 0: Completed store-based barrier for key:store_based_barrier_key:1 with 4 nodes.
Took 2.64 seconds
pytorch-mnist-master-0:38:38 [0] NCCL INFO Bootstrap : Using eth0:10.244.0.22<0>
pytorch-mnist-master-0:38:38 [0] NCCL INFO NET/Plugin : No plugin found (libnccl-net.so), using internal implementation
pytorch-mnist-master-0:38:38 [0] NCCL INFO NET/IB : Using [0]mlx5_0:1/IB ; OOB eth0:10.244.0.22<0>
pytorch-mnist-master-0:38:38 [0] NCCL INFO Using network IB
NCCL version 2.10.3+cuda10.2
pytorch-mnist-master-0:38:124 [0] NCCL INFO NET/IB : GPU Direct RDMA Disabled for HCA 0 'mlx5_0' (no module)
pytorch-mnist-master-0:38:124 [0] NCCL INFO NET/IB : GPU Direct RDMA Disabled for HCA 0 'mlx5_0' (no module)
pytorch-mnist-master-0:38:124 [0] NCCL INFO Channel 00/02 :    0   1   2   3
pytorch-mnist-master-0:38:124 [0] NCCL INFO Channel 01/02 :    0   1   2   3
pytorch-mnist-master-0:38:124 [0] NCCL INFO Trees [0] 2/-1/-1->0->-1 [1] -1/-1/-1->0->1
pytorch-mnist-master-0:38:124 [0] NCCL INFO Setting affinity for GPU 0 to 0fffff
pytorch-mnist-master-0:38:124 [0] NCCL INFO Channel 00 : 3[100000] -> 0[100000] [receive] via NET/IB/0
pytorch-mnist-master-0:38:124 [0] NCCL INFO Channel 01 : 3[100000] -> 0[100000] [receive] via NET/IB/0
pytorch-mnist-master-0:38:124 [0] NCCL INFO Channel 00 : 0[100000] -> 1[100000] [send] via NET/IB/0
pytorch-mnist-master-0:38:124 [0] NCCL INFO Channel 01 : 0[100000] -> 1[100000] [send] via NET/IB/0
pytorch-mnist-master-0:38:124 [0] NCCL INFO NET/IB: Dev 0 Port 1 qpn 359 mtu 5 LID 146
pytorch-mnist-master-0:38:124 [0] NCCL INFO NET/IB: Dev 0 Port 1 qpn 360 mtu 5 LID 146
pytorch-mnist-master-0:38:124 [0] NCCL INFO Connected all rings
pytorch-mnist-master-0:38:124 [0] NCCL INFO Channel 00 : 2[100000] -> 0[100000] [receive] via NET/IB/0
pytorch-mnist-master-0:38:124 [0] NCCL INFO Channel 00 : 0[100000] -> 2[100000] [send] via NET/IB/0
pytorch-mnist-master-0:38:124 [0] NCCL INFO NET/IB: Dev 0 Port 1 qpn 330 mtu 5 LID 146
pytorch-mnist-master-0:38:124 [0] NCCL INFO Channel 01 : 1[100000] -> 0[100000] [receive] via NET/IB/0
pytorch-mnist-master-0:38:124 [0] NCCL INFO Connected all trees
pytorch-mnist-master-0:38:124 [0] NCCL INFO threadThresholds 8/8/64 | 32/8/64 | 8/8/512
pytorch-mnist-master-0:38:124 [0] NCCL INFO 2 coll channels, 2 p2p channels, 1 p2p channels per peer
pytorch-mnist-master-0:38:124 [0] NCCL INFO comm 0x7dc750001360 rank 0 nranks 4 cudaDev 0 busId 100000 - Init COMPLETE
pytorch-mnist-master-0:38:38 [0] NCCL INFO Launch mode Parallel
2025-04-25T17:32:26Z INFO     Train Epoch: 1 [0/60000 (0%)]	loss=2.3015
2025-04-25T17:32:26Z INFO     Reducer buckets have been rebuilt in this iteration.
2025-04-25T17:32:27Z INFO     Train Epoch: 1 [1280/60000 (2%)]	loss=2.2863
2025-04-25T17:32:27Z INFO     Train Epoch: 1 [2560/60000 (4%)]	loss=2.2854
2025-04-25T17:32:27Z INFO     Train Epoch: 1 [3840/60000 (6%)]	loss=2.2727
2025-04-25T17:32:27Z INFO     Train Epoch: 1 [5120/60000 (9%)]	loss=2.2693
2025-04-25T17:32:27Z INFO     Train Epoch: 1 [6400/60000 (11%)]	loss=2.2500
2025-04-25T17:32:27Z INFO     Train Epoch: 1 [7680/60000 (13%)]	loss=2.2421
2025-04-25T17:32:27Z INFO     Train Epoch: 1 [8960/60000 (15%)]	loss=2.2029
2025-04-25T17:32:27Z INFO     Train Epoch: 1 [10240/60000 (17%)]	loss=2.1878
2025-04-25T17:32:27Z INFO     Train Epoch: 1 [11520/60000 (19%)]	loss=2.1322
2025-04-25T17:32:28Z INFO     Train Epoch: 1 [12800/60000 (21%)]	loss=2.0497
2025-04-25T17:32:28Z INFO     Train Epoch: 1 [14080/60000 (23%)]	loss=1.9477
2025-04-25T17:32:28Z INFO     Train Epoch: 1 [15360/60000 (26%)]	loss=1.7655
2025-04-25T17:32:28Z INFO     Train Epoch: 1 [16640/60000 (28%)]	loss=1.5976
2025-04-25T17:32:28Z INFO     Train Epoch: 1 [17920/60000 (30%)]	loss=1.3736
2025-04-25T17:32:28Z INFO     Train Epoch: 1 [19200/60000 (32%)]	loss=1.3091
2025-04-25T17:32:28Z INFO     Train Epoch: 1 [20480/60000 (34%)]	loss=1.1857
2025-04-25T17:32:28Z INFO     Train Epoch: 1 [21760/60000 (36%)]	loss=1.0813
2025-04-25T17:32:28Z INFO     Train Epoch: 1 [23040/60000 (38%)]	loss=1.0569
2025-04-25T17:32:29Z INFO     Train Epoch: 1 [24320/60000 (41%)]	loss=1.0199
2025-04-25T17:32:29Z INFO     Train Epoch: 1 [25600/60000 (43%)]	loss=0.9027
2025-04-25T17:32:29Z INFO     Train Epoch: 1 [26880/60000 (45%)]	loss=1.0212
2025-04-25T17:32:29Z INFO     Train Epoch: 1 [28160/60000 (47%)]	loss=1.0536
2025-04-25T17:32:29Z INFO     Train Epoch: 1 [29440/60000 (49%)]	loss=0.9023
2025-04-25T17:32:29Z INFO     Train Epoch: 1 [30720/60000 (51%)]	loss=0.7917
2025-04-25T17:32:29Z INFO     Train Epoch: 1 [32000/60000 (53%)]	loss=1.1950
2025-04-25T17:32:29Z INFO     Train Epoch: 1 [33280/60000 (55%)]	loss=1.0278
2025-04-25T17:32:29Z INFO     Train Epoch: 1 [34560/60000 (58%)]	loss=0.9573
2025-04-25T17:32:30Z INFO     Train Epoch: 1 [35840/60000 (60%)]	loss=0.7874
2025-04-25T17:32:30Z INFO     Train Epoch: 1 [37120/60000 (62%)]	loss=0.9335
2025-04-25T17:32:30Z INFO     Train Epoch: 1 [38400/60000 (64%)]	loss=0.9508
2025-04-25T17:32:30Z INFO     Train Epoch: 1 [39680/60000 (66%)]	loss=0.8614
2025-04-25T17:32:30Z INFO     Train Epoch: 1 [40960/60000 (68%)]	loss=0.8078
2025-04-25T17:32:30Z INFO     Train Epoch: 1 [42240/60000 (70%)]	loss=0.8866
2025-04-25T17:32:30Z INFO     Train Epoch: 1 [43520/60000 (72%)]	loss=0.9436
2025-04-25T17:32:30Z INFO     Train Epoch: 1 [44800/60000 (75%)]	loss=0.9371
2025-04-25T17:32:30Z INFO     Train Epoch: 1 [46080/60000 (77%)]	loss=0.8251
2025-04-25T17:32:31Z INFO     Train Epoch: 1 [47360/60000 (79%)]	loss=0.7686
2025-04-25T17:32:31Z INFO     Train Epoch: 1 [48640/60000 (81%)]	loss=0.8705
2025-04-25T17:32:31Z INFO     Train Epoch: 1 [49920/60000 (83%)]	loss=0.8696
2025-04-25T17:32:31Z INFO     Train Epoch: 1 [51200/60000 (85%)]	loss=0.7870
2025-04-25T17:32:31Z INFO     Train Epoch: 1 [52480/60000 (87%)]	loss=0.6905
2025-04-25T17:32:31Z INFO     Train Epoch: 1 [53760/60000 (90%)]	loss=0.8083
2025-04-25T17:32:31Z INFO     Train Epoch: 1 [55040/60000 (92%)]	loss=0.8789
2025-04-25T17:32:31Z INFO     Train Epoch: 1 [56320/60000 (94%)]	loss=0.8592
2025-04-25T17:32:31Z INFO     Train Epoch: 1 [57600/60000 (96%)]	loss=0.9276
2025-04-25T17:32:32Z INFO     Train Epoch: 1 [58880/60000 (98%)]	loss=0.7712
2025-04-25T17:32:33Z INFO     {metricName: accuracy, metricValue: 0.6874};{metricName: loss, metricValue: 0.8281}

2025-04-25T17:32:33Z INFO     Train Epoch: 2 [0/60000 (0%)]	loss=0.7505
2025-04-25T17:32:33Z INFO     Train Epoch: 2 [1280/60000 (2%)]	loss=0.6790
2025-04-25T17:32:33Z INFO     Train Epoch: 2 [2560/60000 (4%)]	loss=0.7744
2025-04-25T17:32:33Z INFO     Train Epoch: 2 [3840/60000 (6%)]	loss=0.7723
2025-04-25T17:32:33Z INFO     Train Epoch: 2 [5120/60000 (9%)]	loss=0.7508
2025-04-25T17:32:33Z INFO     Train Epoch: 2 [6400/60000 (11%)]	loss=0.7416
2025-04-25T17:32:33Z INFO     Train Epoch: 2 [7680/60000 (13%)]	loss=0.7572
2025-04-25T17:32:33Z INFO     Train Epoch: 2 [8960/60000 (15%)]	loss=0.6592
2025-04-25T17:32:34Z INFO     Train Epoch: 2 [10240/60000 (17%)]	loss=0.7519
2025-04-25T17:32:34Z INFO     Train Epoch: 2 [11520/60000 (19%)]	loss=0.6042
2025-04-25T17:32:34Z INFO     Train Epoch: 2 [12800/60000 (21%)]	loss=0.7411
2025-04-25T17:32:34Z INFO     Train Epoch: 2 [14080/60000 (23%)]	loss=0.6992
2025-04-25T17:32:34Z INFO     Train Epoch: 2 [15360/60000 (26%)]	loss=0.7796
2025-04-25T17:32:34Z INFO     Train Epoch: 2 [16640/60000 (28%)]	loss=0.6450
2025-04-25T17:32:34Z INFO     Train Epoch: 2 [17920/60000 (30%)]	loss=0.7501
2025-04-25T17:32:34Z INFO     Train Epoch: 2 [19200/60000 (32%)]	loss=0.5680
2025-04-25T17:32:34Z INFO     Train Epoch: 2 [20480/60000 (34%)]	loss=0.7966
2025-04-25T17:32:35Z INFO     Train Epoch: 2 [21760/60000 (36%)]	loss=0.6857
2025-04-25T17:32:35Z INFO     Train Epoch: 2 [23040/60000 (38%)]	loss=0.6714
2025-04-25T17:32:35Z INFO     Train Epoch: 2 [24320/60000 (41%)]	loss=0.6480
2025-04-25T17:32:35Z INFO     Train Epoch: 2 [25600/60000 (43%)]	loss=0.6501
2025-04-25T17:32:35Z INFO     Train Epoch: 2 [26880/60000 (45%)]	loss=0.7618
2025-04-25T17:32:35Z INFO     Train Epoch: 2 [28160/60000 (47%)]	loss=0.5765
2025-04-25T17:32:35Z INFO     Train Epoch: 2 [29440/60000 (49%)]	loss=0.8778
2025-04-25T17:32:35Z INFO     Train Epoch: 2 [30720/60000 (51%)]	loss=0.6949
2025-04-25T17:32:35Z INFO     Train Epoch: 2 [32000/60000 (53%)]	loss=0.7674
2025-04-25T17:32:36Z INFO     Train Epoch: 2 [33280/60000 (55%)]	loss=0.6698
2025-04-25T17:32:36Z INFO     Train Epoch: 2 [34560/60000 (58%)]	loss=0.5766
2025-04-25T17:32:36Z INFO     Train Epoch: 2 [35840/60000 (60%)]	loss=0.5411
2025-04-25T17:32:36Z INFO     Train Epoch: 2 [37120/60000 (62%)]	loss=0.7460
2025-04-25T17:32:36Z INFO     Train Epoch: 2 [38400/60000 (64%)]	loss=0.6823
2025-04-25T17:32:36Z INFO     Train Epoch: 2 [39680/60000 (66%)]	loss=0.6225
2025-04-25T17:32:36Z INFO     Train Epoch: 2 [40960/60000 (68%)]	loss=0.7629
2025-04-25T17:32:36Z INFO     Train Epoch: 2 [42240/60000 (70%)]	loss=0.7603
2025-04-25T17:32:36Z INFO     Train Epoch: 2 [43520/60000 (72%)]	loss=0.5807
2025-04-25T17:32:37Z INFO     Train Epoch: 2 [44800/60000 (75%)]	loss=0.5784
2025-04-25T17:32:37Z INFO     Train Epoch: 2 [46080/60000 (77%)]	loss=0.6868
2025-04-25T17:32:37Z INFO     Train Epoch: 2 [47360/60000 (79%)]	loss=0.7642
2025-04-25T17:32:37Z INFO     Train Epoch: 2 [48640/60000 (81%)]	loss=0.5824
2025-04-25T17:32:37Z INFO     Train Epoch: 2 [49920/60000 (83%)]	loss=0.6976
2025-04-25T17:32:37Z INFO     Train Epoch: 2 [51200/60000 (85%)]	loss=0.8252
2025-04-25T17:32:37Z INFO     Train Epoch: 2 [52480/60000 (87%)]	loss=0.5802
2025-04-25T17:32:37Z INFO     Train Epoch: 2 [53760/60000 (90%)]	loss=0.5225
2025-04-25T17:32:37Z INFO     Train Epoch: 2 [55040/60000 (92%)]	loss=0.6891
2025-04-25T17:32:38Z INFO     Train Epoch: 2 [56320/60000 (94%)]	loss=0.7072
2025-04-25T17:32:38Z INFO     Train Epoch: 2 [57600/60000 (96%)]	loss=0.5102
2025-04-25T17:32:38Z INFO     Train Epoch: 2 [58880/60000 (98%)]	loss=0.5996
2025-04-25T17:32:39Z INFO     {metricName: accuracy, metricValue: 0.7607};{metricName: loss, metricValue: 0.6532}

2025-04-25T17:32:39Z INFO     Train Epoch: 3 [0/60000 (0%)]	loss=0.5433
2025-04-25T17:32:39Z INFO     Train Epoch: 3 [1280/60000 (2%)]	loss=0.6455
2025-04-25T17:32:39Z INFO     Train Epoch: 3 [2560/60000 (4%)]	loss=0.5527
2025-04-25T17:32:39Z INFO     Train Epoch: 3 [3840/60000 (6%)]	loss=0.5119
2025-04-25T17:32:39Z INFO     Train Epoch: 3 [5120/60000 (9%)]	loss=0.5636
2025-04-25T17:32:39Z INFO     Train Epoch: 3 [6400/60000 (11%)]	loss=0.6520
2025-04-25T17:32:39Z INFO     Train Epoch: 3 [7680/60000 (13%)]	loss=0.5264
2025-04-25T17:32:40Z INFO     Train Epoch: 3 [8960/60000 (15%)]	loss=0.6372
2025-04-25T17:32:40Z INFO     Train Epoch: 3 [10240/60000 (17%)]	loss=0.6489
2025-04-25T17:32:40Z INFO     Train Epoch: 3 [11520/60000 (19%)]	loss=0.4755
2025-04-25T17:32:40Z INFO     Train Epoch: 3 [12800/60000 (21%)]	loss=0.6909
2025-04-25T17:32:40Z INFO     Train Epoch: 3 [14080/60000 (23%)]	loss=0.6607
2025-04-25T17:32:40Z INFO     Train Epoch: 3 [15360/60000 (26%)]	loss=0.7002
2025-04-25T17:32:40Z INFO     Train Epoch: 3 [16640/60000 (28%)]	loss=0.5779
2025-04-25T17:32:40Z INFO     Train Epoch: 3 [17920/60000 (30%)]	loss=0.6532
2025-04-25T17:32:41Z INFO     Train Epoch: 3 [19200/60000 (32%)]	loss=0.6463
2025-04-25T17:32:41Z INFO     Train Epoch: 3 [20480/60000 (34%)]	loss=0.6269
2025-04-25T17:32:41Z INFO     Train Epoch: 3 [21760/60000 (36%)]	loss=0.4617
2025-04-25T17:32:41Z INFO     Train Epoch: 3 [23040/60000 (38%)]	loss=0.6990
2025-04-25T17:32:41Z INFO     Train Epoch: 3 [24320/60000 (41%)]	loss=0.6108
2025-04-25T17:32:41Z INFO     Train Epoch: 3 [25600/60000 (43%)]	loss=0.5663
2025-04-25T17:32:41Z INFO     Train Epoch: 3 [26880/60000 (45%)]	loss=0.5165
2025-04-25T17:32:41Z INFO     Train Epoch: 3 [28160/60000 (47%)]	loss=0.6814
2025-04-25T17:32:41Z INFO     Train Epoch: 3 [29440/60000 (49%)]	loss=0.6098
2025-04-25T17:32:42Z INFO     Train Epoch: 3 [30720/60000 (51%)]	loss=0.6064
2025-04-25T17:32:42Z INFO     Train Epoch: 3 [32000/60000 (53%)]	loss=0.6251
2025-04-25T17:32:42Z INFO     Train Epoch: 3 [33280/60000 (55%)]	loss=0.6746
2025-04-25T17:32:42Z INFO     Train Epoch: 3 [34560/60000 (58%)]	loss=0.5921
2025-04-25T17:32:42Z INFO     Train Epoch: 3 [35840/60000 (60%)]	loss=0.5731
2025-04-25T17:32:42Z INFO     Train Epoch: 3 [37120/60000 (62%)]	loss=0.5756
2025-04-25T17:32:42Z INFO     Train Epoch: 3 [38400/60000 (64%)]	loss=0.4599
2025-04-25T17:32:42Z INFO     Train Epoch: 3 [39680/60000 (66%)]	loss=0.5221
2025-04-25T17:32:42Z INFO     Train Epoch: 3 [40960/60000 (68%)]	loss=0.5733
2025-04-25T17:32:43Z INFO     Train Epoch: 3 [42240/60000 (70%)]	loss=0.5990
2025-04-25T17:32:43Z INFO     Train Epoch: 3 [43520/60000 (72%)]	loss=0.7317
2025-04-25T17:32:43Z INFO     Train Epoch: 3 [44800/60000 (75%)]	loss=0.5760
2025-04-25T17:32:43Z INFO     Train Epoch: 3 [46080/60000 (77%)]	loss=0.5910
2025-04-25T17:32:43Z INFO     Train Epoch: 3 [47360/60000 (79%)]	loss=0.5958
2025-04-25T17:32:43Z INFO     Train Epoch: 3 [48640/60000 (81%)]	loss=0.5163
2025-04-25T17:32:43Z INFO     Train Epoch: 3 [49920/60000 (83%)]	loss=0.6280
2025-04-25T17:32:43Z INFO     Train Epoch: 3 [51200/60000 (85%)]	loss=0.6636
2025-04-25T17:32:43Z INFO     Train Epoch: 3 [52480/60000 (87%)]	loss=0.6341
2025-04-25T17:32:44Z INFO     Train Epoch: 3 [53760/60000 (90%)]	loss=0.6295
2025-04-25T17:32:44Z INFO     Train Epoch: 3 [55040/60000 (92%)]	loss=0.6004
2025-04-25T17:32:44Z INFO     Train Epoch: 3 [56320/60000 (94%)]	loss=0.6392
2025-04-25T17:32:44Z INFO     Train Epoch: 3 [57600/60000 (96%)]	loss=0.5190
2025-04-25T17:32:44Z INFO     Train Epoch: 3 [58880/60000 (98%)]	loss=0.7690
2025-04-25T17:32:45Z INFO     {metricName: accuracy, metricValue: 0.7762};{metricName: loss, metricValue: 0.5949}

2025-04-25T17:32:45Z INFO     Train Epoch: 4 [0/60000 (0%)]	loss=0.6213
2025-04-25T17:32:45Z INFO     Train Epoch: 4 [1280/60000 (2%)]	loss=0.5150
2025-04-25T17:32:45Z INFO     Train Epoch: 4 [2560/60000 (4%)]	loss=0.4988
2025-04-25T17:32:45Z INFO     Train Epoch: 4 [3840/60000 (6%)]	loss=0.5839
2025-04-25T17:32:45Z INFO     Train Epoch: 4 [5120/60000 (9%)]	loss=0.5018
2025-04-25T17:32:46Z INFO     Train Epoch: 4 [6400/60000 (11%)]	loss=0.5488
2025-04-25T17:32:46Z INFO     Train Epoch: 4 [7680/60000 (13%)]	loss=0.6098
2025-04-25T17:32:46Z INFO     Train Epoch: 4 [8960/60000 (15%)]	loss=0.4803
2025-04-25T17:32:46Z INFO     Train Epoch: 4 [10240/60000 (17%)]	loss=0.6010
2025-04-25T17:32:46Z INFO     Train Epoch: 4 [11520/60000 (19%)]	loss=0.4623
2025-04-25T17:32:46Z INFO     Train Epoch: 4 [12800/60000 (21%)]	loss=0.5900
2025-04-25T17:32:46Z INFO     Train Epoch: 4 [14080/60000 (23%)]	loss=0.5860
2025-04-25T17:32:46Z INFO     Train Epoch: 4 [15360/60000 (26%)]	loss=0.6086
2025-04-25T17:32:47Z INFO     Train Epoch: 4 [16640/60000 (28%)]	loss=0.5985
2025-04-25T17:32:47Z INFO     Train Epoch: 4 [17920/60000 (30%)]	loss=0.5377
2025-04-25T17:32:47Z INFO     Train Epoch: 4 [19200/60000 (32%)]	loss=0.5677
2025-04-25T17:32:47Z INFO     Train Epoch: 4 [20480/60000 (34%)]	loss=0.4880
2025-04-25T17:32:47Z INFO     Train Epoch: 4 [21760/60000 (36%)]	loss=0.5484
2025-04-25T17:32:47Z INFO     Train Epoch: 4 [23040/60000 (38%)]	loss=0.6177
2025-04-25T17:32:47Z INFO     Train Epoch: 4 [24320/60000 (41%)]	loss=0.4889
2025-04-25T17:32:47Z INFO     Train Epoch: 4 [25600/60000 (43%)]	loss=0.5084
2025-04-25T17:32:47Z INFO     Train Epoch: 4 [26880/60000 (45%)]	loss=0.6033
2025-04-25T17:32:48Z INFO     Train Epoch: 4 [28160/60000 (47%)]	loss=0.4011
2025-04-25T17:32:48Z INFO     Train Epoch: 4 [29440/60000 (49%)]	loss=0.4867
2025-04-25T17:32:48Z INFO     Train Epoch: 4 [30720/60000 (51%)]	loss=0.5148
2025-04-25T17:32:48Z INFO     Train Epoch: 4 [32000/60000 (53%)]	loss=0.4843
2025-04-25T17:32:48Z INFO     Train Epoch: 4 [33280/60000 (55%)]	loss=0.5335
2025-04-25T17:32:48Z INFO     Train Epoch: 4 [34560/60000 (58%)]	loss=0.5400
2025-04-25T17:32:48Z INFO     Train Epoch: 4 [35840/60000 (60%)]	loss=0.4985
2025-04-25T17:32:48Z INFO     Train Epoch: 4 [37120/60000 (62%)]	loss=0.4529
2025-04-25T17:32:48Z INFO     Train Epoch: 4 [38400/60000 (64%)]	loss=0.5635
2025-04-25T17:32:49Z INFO     Train Epoch: 4 [39680/60000 (66%)]	loss=0.4875
2025-04-25T17:32:49Z INFO     Train Epoch: 4 [40960/60000 (68%)]	loss=0.5181
2025-04-25T17:32:49Z INFO     Train Epoch: 4 [42240/60000 (70%)]	loss=0.6526
2025-04-25T17:32:49Z INFO     Train Epoch: 4 [43520/60000 (72%)]	loss=0.5698
2025-04-25T17:32:49Z INFO     Train Epoch: 4 [44800/60000 (75%)]	loss=0.6400
2025-04-25T17:32:49Z INFO     Train Epoch: 4 [46080/60000 (77%)]	loss=0.5458
2025-04-25T17:32:49Z INFO     Train Epoch: 4 [47360/60000 (79%)]	loss=0.4493
2025-04-25T17:32:49Z INFO     Train Epoch: 4 [48640/60000 (81%)]	loss=0.4375
2025-04-25T17:32:49Z INFO     Train Epoch: 4 [49920/60000 (83%)]	loss=0.5655
2025-04-25T17:32:50Z INFO     Train Epoch: 4 [51200/60000 (85%)]	loss=0.5499
2025-04-25T17:32:50Z INFO     Train Epoch: 4 [52480/60000 (87%)]	loss=0.4798
2025-04-25T17:32:50Z INFO     Train Epoch: 4 [53760/60000 (90%)]	loss=0.4873
2025-04-25T17:32:50Z INFO     Train Epoch: 4 [55040/60000 (92%)]	loss=0.5654
2025-04-25T17:32:50Z INFO     Train Epoch: 4 [56320/60000 (94%)]	loss=0.4391
2025-04-25T17:32:50Z INFO     Train Epoch: 4 [57600/60000 (96%)]	loss=0.3735
2025-04-25T17:32:50Z INFO     Train Epoch: 4 [58880/60000 (98%)]	loss=0.4262
2025-04-25T17:32:51Z INFO     {metricName: accuracy, metricValue: 0.8074};{metricName: loss, metricValue: 0.5313}

Took total 31.20 seconds
Took after init_process_group 28.56 seconds

real	0m32.309s
user	0m52.846s
sys	0m15.758s
