Using CUDA
Using distributed PyTorch with nccl backend
2025-04-22T15:56:03Z INFO     Added key: store_based_barrier_key:1 to store for rank: 0
2025-04-22T15:56:03Z INFO     Rank 0: Completed store-based barrier for key:store_based_barrier_key:1 with 4 nodes.
2025-04-22T15:56:07Z INFO     Train Epoch: 1 [0/60000 (0%)]	loss=2.3015
2025-04-22T15:56:07Z INFO     Reducer buckets have been rebuilt in this iteration.
2025-04-22T15:56:07Z INFO     Train Epoch: 1 [1280/60000 (2%)]	loss=2.2863
2025-04-22T15:56:08Z INFO     Train Epoch: 1 [2560/60000 (4%)]	loss=2.2854
2025-04-22T15:56:08Z INFO     Train Epoch: 1 [3840/60000 (6%)]	loss=2.2727
2025-04-22T15:56:09Z INFO     Train Epoch: 1 [5120/60000 (9%)]	loss=2.2693
2025-04-22T15:56:09Z INFO     Train Epoch: 1 [6400/60000 (11%)]	loss=2.2500
2025-04-22T15:56:10Z INFO     Train Epoch: 1 [7680/60000 (13%)]	loss=2.2421
2025-04-22T15:56:10Z INFO     Train Epoch: 1 [8960/60000 (15%)]	loss=2.2029
2025-04-22T15:56:11Z INFO     Train Epoch: 1 [10240/60000 (17%)]	loss=2.1878
2025-04-22T15:56:11Z INFO     Train Epoch: 1 [11520/60000 (19%)]	loss=2.1322
2025-04-22T15:56:12Z INFO     Train Epoch: 1 [12800/60000 (21%)]	loss=2.0497
2025-04-22T15:56:12Z INFO     Train Epoch: 1 [14080/60000 (23%)]	loss=1.9475
2025-04-22T15:56:13Z INFO     Train Epoch: 1 [15360/60000 (26%)]	loss=1.7655
2025-04-22T15:56:13Z INFO     Train Epoch: 1 [16640/60000 (28%)]	loss=1.5976
2025-04-22T15:56:14Z INFO     Train Epoch: 1 [17920/60000 (30%)]	loss=1.3733
2025-04-22T15:56:14Z INFO     Train Epoch: 1 [19200/60000 (32%)]	loss=1.3092
2025-04-22T15:56:15Z INFO     Train Epoch: 1 [20480/60000 (34%)]	loss=1.1870
2025-04-22T15:56:15Z INFO     Train Epoch: 1 [21760/60000 (36%)]	loss=1.0812
2025-04-22T15:56:16Z INFO     Train Epoch: 1 [23040/60000 (38%)]	loss=1.0569
2025-04-22T15:56:16Z INFO     Train Epoch: 1 [24320/60000 (41%)]	loss=1.0195
2025-04-22T15:56:17Z INFO     Train Epoch: 1 [25600/60000 (43%)]	loss=0.9026
2025-04-22T15:56:17Z INFO     Train Epoch: 1 [26880/60000 (45%)]	loss=1.0214
2025-04-22T15:56:18Z INFO     Train Epoch: 1 [28160/60000 (47%)]	loss=1.0540
2025-04-22T15:56:18Z INFO     Train Epoch: 1 [29440/60000 (49%)]	loss=0.9024
2025-04-22T15:56:19Z INFO     Train Epoch: 1 [30720/60000 (51%)]	loss=0.7917
2025-04-22T15:56:19Z INFO     Train Epoch: 1 [32000/60000 (53%)]	loss=1.1945
2025-04-22T15:56:20Z INFO     Train Epoch: 1 [33280/60000 (55%)]	loss=1.0282
2025-04-22T15:56:20Z INFO     Train Epoch: 1 [34560/60000 (58%)]	loss=0.9581
2025-04-22T15:56:21Z INFO     Train Epoch: 1 [35840/60000 (60%)]	loss=0.7880
2025-04-22T15:56:21Z INFO     Train Epoch: 1 [37120/60000 (62%)]	loss=0.9319
2025-04-22T15:56:22Z INFO     Train Epoch: 1 [38400/60000 (64%)]	loss=0.9522
2025-04-22T15:56:22Z INFO     Train Epoch: 1 [39680/60000 (66%)]	loss=0.8626
2025-04-22T15:56:23Z INFO     Train Epoch: 1 [40960/60000 (68%)]	loss=0.8092
2025-04-22T15:56:23Z INFO     Train Epoch: 1 [42240/60000 (70%)]	loss=0.8877
2025-04-22T15:56:24Z INFO     Train Epoch: 1 [43520/60000 (72%)]	loss=0.9439
2025-04-22T15:56:24Z INFO     Train Epoch: 1 [44800/60000 (75%)]	loss=0.9366
2025-04-22T15:56:25Z INFO     Train Epoch: 1 [46080/60000 (77%)]	loss=0.8241
2025-04-22T15:56:25Z INFO     Train Epoch: 1 [47360/60000 (79%)]	loss=0.7690
2025-04-22T15:56:26Z INFO     Train Epoch: 1 [48640/60000 (81%)]	loss=0.8701
2025-04-22T15:56:26Z INFO     Train Epoch: 1 [49920/60000 (83%)]	loss=0.8689
2025-04-22T15:56:27Z INFO     Train Epoch: 1 [51200/60000 (85%)]	loss=0.7845
2025-04-22T15:56:27Z INFO     Train Epoch: 1 [52480/60000 (87%)]	loss=0.6892
2025-04-22T15:56:28Z INFO     Train Epoch: 1 [53760/60000 (90%)]	loss=0.8086
2025-04-22T15:56:28Z INFO     Train Epoch: 1 [55040/60000 (92%)]	loss=0.8788
2025-04-22T15:56:29Z INFO     Train Epoch: 1 [56320/60000 (94%)]	loss=0.8598
2025-04-22T15:56:29Z INFO     Train Epoch: 1 [57600/60000 (96%)]	loss=0.9279
2025-04-22T15:56:30Z INFO     Train Epoch: 1 [58880/60000 (98%)]	loss=0.7710
2025-04-22T15:56:31Z INFO     {metricName: accuracy, metricValue: 0.6872};{metricName: loss, metricValue: 0.8288}

2025-04-22T15:56:31Z INFO     Train Epoch: 2 [0/60000 (0%)]	loss=0.7512
2025-04-22T15:56:31Z INFO     Train Epoch: 2 [1280/60000 (2%)]	loss=0.6784
2025-04-22T15:56:32Z INFO     Train Epoch: 2 [2560/60000 (4%)]	loss=0.7742
2025-04-22T15:56:32Z INFO     Train Epoch: 2 [3840/60000 (6%)]	loss=0.7722
2025-04-22T15:56:33Z INFO     Train Epoch: 2 [5120/60000 (9%)]	loss=0.7513
2025-04-22T15:56:33Z INFO     Train Epoch: 2 [6400/60000 (11%)]	loss=0.7431
2025-04-22T15:56:34Z INFO     Train Epoch: 2 [7680/60000 (13%)]	loss=0.7567
2025-04-22T15:56:34Z INFO     Train Epoch: 2 [8960/60000 (15%)]	loss=0.6607
2025-04-22T15:56:34Z INFO     Train Epoch: 2 [10240/60000 (17%)]	loss=0.7523
2025-04-22T15:56:35Z INFO     Train Epoch: 2 [11520/60000 (19%)]	loss=0.6042
2025-04-22T15:56:35Z INFO     Train Epoch: 2 [12800/60000 (21%)]	loss=0.7406
2025-04-22T15:56:36Z INFO     Train Epoch: 2 [14080/60000 (23%)]	loss=0.6996
2025-04-22T15:56:36Z INFO     Train Epoch: 2 [15360/60000 (26%)]	loss=0.7806
2025-04-22T15:56:37Z INFO     Train Epoch: 2 [16640/60000 (28%)]	loss=0.6443
2025-04-22T15:56:37Z INFO     Train Epoch: 2 [17920/60000 (30%)]	loss=0.7491
2025-04-22T15:56:37Z INFO     Train Epoch: 2 [19200/60000 (32%)]	loss=0.5679
2025-04-22T15:56:38Z INFO     Train Epoch: 2 [20480/60000 (34%)]	loss=0.7983
2025-04-22T15:56:38Z INFO     Train Epoch: 2 [21760/60000 (36%)]	loss=0.6867
2025-04-22T15:56:39Z INFO     Train Epoch: 2 [23040/60000 (38%)]	loss=0.6716
2025-04-22T15:56:39Z INFO     Train Epoch: 2 [24320/60000 (41%)]	loss=0.6482
2025-04-22T15:56:40Z INFO     Train Epoch: 2 [25600/60000 (43%)]	loss=0.6499
2025-04-22T15:56:40Z INFO     Train Epoch: 2 [26880/60000 (45%)]	loss=0.7619
2025-04-22T15:56:40Z INFO     Train Epoch: 2 [28160/60000 (47%)]	loss=0.5767
2025-04-22T15:56:41Z INFO     Train Epoch: 2 [29440/60000 (49%)]	loss=0.8765
2025-04-22T15:56:41Z INFO     Train Epoch: 2 [30720/60000 (51%)]	loss=0.6955
2025-04-22T15:56:42Z INFO     Train Epoch: 2 [32000/60000 (53%)]	loss=0.7673
2025-04-22T15:56:42Z INFO     Train Epoch: 2 [33280/60000 (55%)]	loss=0.6701
2025-04-22T15:56:42Z INFO     Train Epoch: 2 [34560/60000 (58%)]	loss=0.5771
2025-04-22T15:56:43Z INFO     Train Epoch: 2 [35840/60000 (60%)]	loss=0.5409
2025-04-22T15:56:43Z INFO     Train Epoch: 2 [37120/60000 (62%)]	loss=0.7464
2025-04-22T15:56:44Z INFO     Train Epoch: 2 [38400/60000 (64%)]	loss=0.6825
2025-04-22T15:56:44Z INFO     Train Epoch: 2 [39680/60000 (66%)]	loss=0.6217
2025-04-22T15:56:45Z INFO     Train Epoch: 2 [40960/60000 (68%)]	loss=0.7638
2025-04-22T15:56:45Z INFO     Train Epoch: 2 [42240/60000 (70%)]	loss=0.7609
2025-04-22T15:56:45Z INFO     Train Epoch: 2 [43520/60000 (72%)]	loss=0.5809
2025-04-22T15:56:46Z INFO     Train Epoch: 2 [44800/60000 (75%)]	loss=0.5784
2025-04-22T15:56:46Z INFO     Train Epoch: 2 [46080/60000 (77%)]	loss=0.6861
2025-04-22T15:56:47Z INFO     Train Epoch: 2 [47360/60000 (79%)]	loss=0.7644
2025-04-22T15:56:47Z INFO     Train Epoch: 2 [48640/60000 (81%)]	loss=0.5822
2025-04-22T15:56:48Z INFO     Train Epoch: 2 [49920/60000 (83%)]	loss=0.6964
2025-04-22T15:56:48Z INFO     Train Epoch: 2 [51200/60000 (85%)]	loss=0.8270
2025-04-22T15:56:48Z INFO     Train Epoch: 2 [52480/60000 (87%)]	loss=0.5801
2025-04-22T15:56:49Z INFO     Train Epoch: 2 [53760/60000 (90%)]	loss=0.5227
2025-04-22T15:56:49Z INFO     Train Epoch: 2 [55040/60000 (92%)]	loss=0.6874
2025-04-22T15:56:50Z INFO     Train Epoch: 2 [56320/60000 (94%)]	loss=0.7073
2025-04-22T15:56:50Z INFO     Train Epoch: 2 [57600/60000 (96%)]	loss=0.5105
2025-04-22T15:56:51Z INFO     Train Epoch: 2 [58880/60000 (98%)]	loss=0.5993
2025-04-22T15:56:52Z INFO     {metricName: accuracy, metricValue: 0.7613};{metricName: loss, metricValue: 0.6534}

2025-04-22T15:56:52Z INFO     Train Epoch: 3 [0/60000 (0%)]	loss=0.5436
2025-04-22T15:56:52Z INFO     Train Epoch: 3 [1280/60000 (2%)]	loss=0.6464
2025-04-22T15:56:53Z INFO     Train Epoch: 3 [2560/60000 (4%)]	loss=0.5526
2025-04-22T15:56:53Z INFO     Train Epoch: 3 [3840/60000 (6%)]	loss=0.5121
2025-04-22T15:56:54Z INFO     Train Epoch: 3 [5120/60000 (9%)]	loss=0.5642
2025-04-22T15:56:54Z INFO     Train Epoch: 3 [6400/60000 (11%)]	loss=0.6521
2025-04-22T15:56:54Z INFO     Train Epoch: 3 [7680/60000 (13%)]	loss=0.5254
2025-04-22T15:56:55Z INFO     Train Epoch: 3 [8960/60000 (15%)]	loss=0.6368
2025-04-22T15:56:55Z INFO     Train Epoch: 3 [10240/60000 (17%)]	loss=0.6491
2025-04-22T15:56:56Z INFO     Train Epoch: 3 [11520/60000 (19%)]	loss=0.4759
2025-04-22T15:56:56Z INFO     Train Epoch: 3 [12800/60000 (21%)]	loss=0.6920
2025-04-22T15:56:56Z INFO     Train Epoch: 3 [14080/60000 (23%)]	loss=0.6597
2025-04-22T15:56:57Z INFO     Train Epoch: 3 [15360/60000 (26%)]	loss=0.7002
2025-04-22T15:56:57Z INFO     Train Epoch: 3 [16640/60000 (28%)]	loss=0.5783
2025-04-22T15:56:58Z INFO     Train Epoch: 3 [17920/60000 (30%)]	loss=0.6530
2025-04-22T15:56:58Z INFO     Train Epoch: 3 [19200/60000 (32%)]	loss=0.6439
2025-04-22T15:56:59Z INFO     Train Epoch: 3 [20480/60000 (34%)]	loss=0.6263
2025-04-22T15:56:59Z INFO     Train Epoch: 3 [21760/60000 (36%)]	loss=0.4615
2025-04-22T15:56:59Z INFO     Train Epoch: 3 [23040/60000 (38%)]	loss=0.7005
2025-04-22T15:57:00Z INFO     Train Epoch: 3 [24320/60000 (41%)]	loss=0.6110
2025-04-22T15:57:00Z INFO     Train Epoch: 3 [25600/60000 (43%)]	loss=0.5674
2025-04-22T15:57:01Z INFO     Train Epoch: 3 [26880/60000 (45%)]	loss=0.5159
2025-04-22T15:57:01Z INFO     Train Epoch: 3 [28160/60000 (47%)]	loss=0.6810
2025-04-22T15:57:02Z INFO     Train Epoch: 3 [29440/60000 (49%)]	loss=0.6087
2025-04-22T15:57:02Z INFO     Train Epoch: 3 [30720/60000 (51%)]	loss=0.6046
2025-04-22T15:57:02Z INFO     Train Epoch: 3 [32000/60000 (53%)]	loss=0.6235
2025-04-22T15:57:03Z INFO     Train Epoch: 3 [33280/60000 (55%)]	loss=0.6745
2025-04-22T15:57:03Z INFO     Train Epoch: 3 [34560/60000 (58%)]	loss=0.5919
2025-04-22T15:57:04Z INFO     Train Epoch: 3 [35840/60000 (60%)]	loss=0.5716
2025-04-22T15:57:04Z INFO     Train Epoch: 3 [37120/60000 (62%)]	loss=0.5750
2025-04-22T15:57:04Z INFO     Train Epoch: 3 [38400/60000 (64%)]	loss=0.4595
2025-04-22T15:57:05Z INFO     Train Epoch: 3 [39680/60000 (66%)]	loss=0.5212
2025-04-22T15:57:05Z INFO     Train Epoch: 3 [40960/60000 (68%)]	loss=0.5732
2025-04-22T15:57:06Z INFO     Train Epoch: 3 [42240/60000 (70%)]	loss=0.5971
2025-04-22T15:57:06Z INFO     Train Epoch: 3 [43520/60000 (72%)]	loss=0.7325
2025-04-22T15:57:07Z INFO     Train Epoch: 3 [44800/60000 (75%)]	loss=0.5757
2025-04-22T15:57:07Z INFO     Train Epoch: 3 [46080/60000 (77%)]	loss=0.5889
2025-04-22T15:57:07Z INFO     Train Epoch: 3 [47360/60000 (79%)]	loss=0.5952
2025-04-22T15:57:08Z INFO     Train Epoch: 3 [48640/60000 (81%)]	loss=0.5153
2025-04-22T15:57:08Z INFO     Train Epoch: 3 [49920/60000 (83%)]	loss=0.6278
2025-04-22T15:57:09Z INFO     Train Epoch: 3 [51200/60000 (85%)]	loss=0.6656
2025-04-22T15:57:09Z INFO     Train Epoch: 3 [52480/60000 (87%)]	loss=0.6357
2025-04-22T15:57:09Z INFO     Train Epoch: 3 [53760/60000 (90%)]	loss=0.6291
2025-04-22T15:57:10Z INFO     Train Epoch: 3 [55040/60000 (92%)]	loss=0.6003
2025-04-22T15:57:10Z INFO     Train Epoch: 3 [56320/60000 (94%)]	loss=0.6408
2025-04-22T15:57:11Z INFO     Train Epoch: 3 [57600/60000 (96%)]	loss=0.5183
2025-04-22T15:57:11Z INFO     Train Epoch: 3 [58880/60000 (98%)]	loss=0.7659
2025-04-22T15:57:12Z INFO     {metricName: accuracy, metricValue: 0.7754};{metricName: loss, metricValue: 0.5956}

2025-04-22T15:57:12Z INFO     Train Epoch: 4 [0/60000 (0%)]	loss=0.6216
2025-04-22T15:57:13Z INFO     Train Epoch: 4 [1280/60000 (2%)]	loss=0.5154
2025-04-22T15:57:13Z INFO     Train Epoch: 4 [2560/60000 (4%)]	loss=0.4966
2025-04-22T15:57:14Z INFO     Train Epoch: 4 [3840/60000 (6%)]	loss=0.5819
2025-04-22T15:57:14Z INFO     Train Epoch: 4 [5120/60000 (9%)]	loss=0.5008
2025-04-22T15:57:15Z INFO     Train Epoch: 4 [6400/60000 (11%)]	loss=0.5485
2025-04-22T15:57:15Z INFO     Train Epoch: 4 [7680/60000 (13%)]	loss=0.6086
2025-04-22T15:57:15Z INFO     Train Epoch: 4 [8960/60000 (15%)]	loss=0.4802
2025-04-22T15:57:16Z INFO     Train Epoch: 4 [10240/60000 (17%)]	loss=0.6004
2025-04-22T15:57:16Z INFO     Train Epoch: 4 [11520/60000 (19%)]	loss=0.4623
2025-04-22T15:57:17Z INFO     Train Epoch: 4 [12800/60000 (21%)]	loss=0.5878
2025-04-22T15:57:17Z INFO     Train Epoch: 4 [14080/60000 (23%)]	loss=0.5862
2025-04-22T15:57:18Z INFO     Train Epoch: 4 [15360/60000 (26%)]	loss=0.6080
2025-04-22T15:57:18Z INFO     Train Epoch: 4 [16640/60000 (28%)]	loss=0.5984
2025-04-22T15:57:18Z INFO     Train Epoch: 4 [17920/60000 (30%)]	loss=0.5378
2025-04-22T15:57:19Z INFO     Train Epoch: 4 [19200/60000 (32%)]	loss=0.5683
2025-04-22T15:57:19Z INFO     Train Epoch: 4 [20480/60000 (34%)]	loss=0.4870
2025-04-22T15:57:20Z INFO     Train Epoch: 4 [21760/60000 (36%)]	loss=0.5485
2025-04-22T15:57:20Z INFO     Train Epoch: 4 [23040/60000 (38%)]	loss=0.6172
2025-04-22T15:57:20Z INFO     Train Epoch: 4 [24320/60000 (41%)]	loss=0.4911
2025-04-22T15:57:21Z INFO     Train Epoch: 4 [25600/60000 (43%)]	loss=0.5083
2025-04-22T15:57:21Z INFO     Train Epoch: 4 [26880/60000 (45%)]	loss=0.6007
2025-04-22T15:57:22Z INFO     Train Epoch: 4 [28160/60000 (47%)]	loss=0.4015
2025-04-22T15:57:22Z INFO     Train Epoch: 4 [29440/60000 (49%)]	loss=0.4859
2025-04-22T15:57:23Z INFO     Train Epoch: 4 [30720/60000 (51%)]	loss=0.5149
2025-04-22T15:57:23Z INFO     Train Epoch: 4 [32000/60000 (53%)]	loss=0.4836
2025-04-22T15:57:23Z INFO     Train Epoch: 4 [33280/60000 (55%)]	loss=0.5317
2025-04-22T15:57:24Z INFO     Train Epoch: 4 [34560/60000 (58%)]	loss=0.5400
2025-04-22T15:57:24Z INFO     Train Epoch: 4 [35840/60000 (60%)]	loss=0.4968
2025-04-22T15:57:25Z INFO     Train Epoch: 4 [37120/60000 (62%)]	loss=0.4532
2025-04-22T15:57:25Z INFO     Train Epoch: 4 [38400/60000 (64%)]	loss=0.5641
2025-04-22T15:57:25Z INFO     Train Epoch: 4 [39680/60000 (66%)]	loss=0.4877
2025-04-22T15:57:26Z INFO     Train Epoch: 4 [40960/60000 (68%)]	loss=0.5171
2025-04-22T15:57:26Z INFO     Train Epoch: 4 [42240/60000 (70%)]	loss=0.6560
2025-04-22T15:57:27Z INFO     Train Epoch: 4 [43520/60000 (72%)]	loss=0.5740
2025-04-22T15:57:27Z INFO     Train Epoch: 4 [44800/60000 (75%)]	loss=0.6378
2025-04-22T15:57:28Z INFO     Train Epoch: 4 [46080/60000 (77%)]	loss=0.5468
2025-04-22T15:57:28Z INFO     Train Epoch: 4 [47360/60000 (79%)]	loss=0.4495
2025-04-22T15:57:28Z INFO     Train Epoch: 4 [48640/60000 (81%)]	loss=0.4382
2025-04-22T15:57:29Z INFO     Train Epoch: 4 [49920/60000 (83%)]	loss=0.5663
2025-04-22T15:57:29Z INFO     Train Epoch: 4 [51200/60000 (85%)]	loss=0.5472
2025-04-22T15:57:30Z INFO     Train Epoch: 4 [52480/60000 (87%)]	loss=0.4783
2025-04-22T15:57:30Z INFO     Train Epoch: 4 [53760/60000 (90%)]	loss=0.4852
2025-04-22T15:57:30Z INFO     Train Epoch: 4 [55040/60000 (92%)]	loss=0.5656
2025-04-22T15:57:31Z INFO     Train Epoch: 4 [56320/60000 (94%)]	loss=0.4393
2025-04-22T15:57:31Z INFO     Train Epoch: 4 [57600/60000 (96%)]	loss=0.3726
2025-04-22T15:57:32Z INFO     Train Epoch: 4 [58880/60000 (98%)]	loss=0.4259
2025-04-22T15:57:33Z INFO     {metricName: accuracy, metricValue: 0.8070};{metricName: loss, metricValue: 0.5317}


real	1m39.758s
user	2m21.073s
sys	1m0.717s
