Using CUDA
Using distributed PyTorch with nccl backend
2025-04-25T17:05:50Z INFO     Added key: store_based_barrier_key:1 to store for rank: 0
2025-04-25T17:05:50Z INFO     Rank 0: Completed store-based barrier for key:store_based_barrier_key:1 with 4 nodes.
pytorch-mnist-master-0:39:39 [0] NCCL INFO Bootstrap : Using eth0:10.244.3.24<0>
pytorch-mnist-master-0:39:39 [0] NCCL INFO NET/Plugin : No plugin found (libnccl-net.so), using internal implementation
pytorch-mnist-master-0:39:39 [0] NCCL INFO NET/IB : Using [0]mlx5_0:1/IB ; OOB eth0:10.244.3.24<0>
pytorch-mnist-master-0:39:39 [0] NCCL INFO Using network IB
NCCL version 2.10.3+cuda10.2
pytorch-mnist-master-0:39:125 [0] NCCL INFO NET/IB : GPU Direct RDMA Disabled for HCA 0 'mlx5_0' (no module)
pytorch-mnist-master-0:39:125 [0] NCCL INFO NET/IB : GPU Direct RDMA Disabled for HCA 0 'mlx5_0' (no module)
pytorch-mnist-master-0:39:125 [0] NCCL INFO Channel 00/02 :    0   1   2   3
pytorch-mnist-master-0:39:125 [0] NCCL INFO Channel 01/02 :    0   1   2   3
pytorch-mnist-master-0:39:125 [0] NCCL INFO Trees [0] 2/-1/-1->0->-1 [1] -1/-1/-1->0->1
pytorch-mnist-master-0:39:125 [0] NCCL INFO Setting affinity for GPU 0 to 0fffff
pytorch-mnist-master-0:39:125 [0] NCCL INFO Channel 00 : 3[100000] -> 0[100000] [receive] via NET/IB/0
pytorch-mnist-master-0:39:125 [0] NCCL INFO Channel 01 : 3[100000] -> 0[100000] [receive] via NET/IB/0
pytorch-mnist-master-0:39:125 [0] NCCL INFO Channel 00 : 0[100000] -> 1[100000] [send] via NET/IB/0
pytorch-mnist-master-0:39:125 [0] NCCL INFO Channel 01 : 0[100000] -> 1[100000] [send] via NET/IB/0
pytorch-mnist-master-0:39:125 [0] NCCL INFO NET/IB: Dev 0 Port 1 qpn 367 mtu 5 LID 151
pytorch-mnist-master-0:39:125 [0] NCCL INFO NET/IB: Dev 0 Port 1 qpn 368 mtu 5 LID 151
pytorch-mnist-master-0:39:125 [0] NCCL INFO Connected all rings
pytorch-mnist-master-0:39:125 [0] NCCL INFO Channel 00 : 2[100000] -> 0[100000] [receive] via NET/IB/0
pytorch-mnist-master-0:39:125 [0] NCCL INFO Channel 00 : 0[100000] -> 2[100000] [send] via NET/IB/0
pytorch-mnist-master-0:39:125 [0] NCCL INFO NET/IB: Dev 0 Port 1 qpn 344 mtu 5 LID 151
pytorch-mnist-master-0:39:125 [0] NCCL INFO Channel 01 : 1[100000] -> 0[100000] [receive] via NET/IB/0
pytorch-mnist-master-0:39:125 [0] NCCL INFO Connected all trees
pytorch-mnist-master-0:39:125 [0] NCCL INFO threadThresholds 8/8/64 | 32/8/64 | 8/8/512
pytorch-mnist-master-0:39:125 [0] NCCL INFO 2 coll channels, 2 p2p channels, 1 p2p channels per peer
pytorch-mnist-master-0:39:125 [0] NCCL INFO comm 0x76a5d8001360 rank 0 nranks 4 cudaDev 0 busId 100000 - Init COMPLETE
pytorch-mnist-master-0:39:39 [0] NCCL INFO Launch mode Parallel
2025-04-25T17:05:54Z INFO     Train Epoch: 1 [0/60000 (0%)]	loss=2.3015
2025-04-25T17:05:54Z INFO     Reducer buckets have been rebuilt in this iteration.
2025-04-25T17:05:54Z INFO     Train Epoch: 1 [1280/60000 (2%)]	loss=2.2863
2025-04-25T17:05:54Z INFO     Train Epoch: 1 [2560/60000 (4%)]	loss=2.2854
2025-04-25T17:05:54Z INFO     Train Epoch: 1 [3840/60000 (6%)]	loss=2.2727
2025-04-25T17:05:55Z INFO     Train Epoch: 1 [5120/60000 (9%)]	loss=2.2693
2025-04-25T17:05:55Z INFO     Train Epoch: 1 [6400/60000 (11%)]	loss=2.2499
2025-04-25T17:05:55Z INFO     Train Epoch: 1 [7680/60000 (13%)]	loss=2.2420
2025-04-25T17:05:55Z INFO     Train Epoch: 1 [8960/60000 (15%)]	loss=2.2028
2025-04-25T17:05:55Z INFO     Train Epoch: 1 [10240/60000 (17%)]	loss=2.1878
2025-04-25T17:05:55Z INFO     Train Epoch: 1 [11520/60000 (19%)]	loss=2.1322
2025-04-25T17:05:55Z INFO     Train Epoch: 1 [12800/60000 (21%)]	loss=2.0496
2025-04-25T17:05:55Z INFO     Train Epoch: 1 [14080/60000 (23%)]	loss=1.9475
2025-04-25T17:05:55Z INFO     Train Epoch: 1 [15360/60000 (26%)]	loss=1.7653
2025-04-25T17:05:56Z INFO     Train Epoch: 1 [16640/60000 (28%)]	loss=1.5974
2025-04-25T17:05:56Z INFO     Train Epoch: 1 [17920/60000 (30%)]	loss=1.3733
2025-04-25T17:05:56Z INFO     Train Epoch: 1 [19200/60000 (32%)]	loss=1.3090
2025-04-25T17:05:56Z INFO     Train Epoch: 1 [20480/60000 (34%)]	loss=1.1867
2025-04-25T17:05:56Z INFO     Train Epoch: 1 [21760/60000 (36%)]	loss=1.0813
2025-04-25T17:05:56Z INFO     Train Epoch: 1 [23040/60000 (38%)]	loss=1.0569
2025-04-25T17:05:56Z INFO     Train Epoch: 1 [24320/60000 (41%)]	loss=1.0206
2025-04-25T17:05:56Z INFO     Train Epoch: 1 [25600/60000 (43%)]	loss=0.9024
2025-04-25T17:05:56Z INFO     Train Epoch: 1 [26880/60000 (45%)]	loss=1.0211
2025-04-25T17:05:57Z INFO     Train Epoch: 1 [28160/60000 (47%)]	loss=1.0536
2025-04-25T17:05:57Z INFO     Train Epoch: 1 [29440/60000 (49%)]	loss=0.9021
2025-04-25T17:05:57Z INFO     Train Epoch: 1 [30720/60000 (51%)]	loss=0.7921
2025-04-25T17:05:57Z INFO     Train Epoch: 1 [32000/60000 (53%)]	loss=1.1954
2025-04-25T17:05:57Z INFO     Train Epoch: 1 [33280/60000 (55%)]	loss=1.0275
2025-04-25T17:05:57Z INFO     Train Epoch: 1 [34560/60000 (58%)]	loss=0.9580
2025-04-25T17:05:57Z INFO     Train Epoch: 1 [35840/60000 (60%)]	loss=0.7883
2025-04-25T17:05:57Z INFO     Train Epoch: 1 [37120/60000 (62%)]	loss=0.9341
2025-04-25T17:05:58Z INFO     Train Epoch: 1 [38400/60000 (64%)]	loss=0.9502
2025-04-25T17:05:58Z INFO     Train Epoch: 1 [39680/60000 (66%)]	loss=0.8626
2025-04-25T17:05:58Z INFO     Train Epoch: 1 [40960/60000 (68%)]	loss=0.8088
2025-04-25T17:05:58Z INFO     Train Epoch: 1 [42240/60000 (70%)]	loss=0.8891
2025-04-25T17:05:58Z INFO     Train Epoch: 1 [43520/60000 (72%)]	loss=0.9447
2025-04-25T17:05:58Z INFO     Train Epoch: 1 [44800/60000 (75%)]	loss=0.9366
2025-04-25T17:05:58Z INFO     Train Epoch: 1 [46080/60000 (77%)]	loss=0.8241
2025-04-25T17:05:58Z INFO     Train Epoch: 1 [47360/60000 (79%)]	loss=0.7683
2025-04-25T17:05:58Z INFO     Train Epoch: 1 [48640/60000 (81%)]	loss=0.8699
2025-04-25T17:05:59Z INFO     Train Epoch: 1 [49920/60000 (83%)]	loss=0.8692
2025-04-25T17:05:59Z INFO     Train Epoch: 1 [51200/60000 (85%)]	loss=0.7841
2025-04-25T17:05:59Z INFO     Train Epoch: 1 [52480/60000 (87%)]	loss=0.6905
2025-04-25T17:05:59Z INFO     Train Epoch: 1 [53760/60000 (90%)]	loss=0.8081
2025-04-25T17:05:59Z INFO     Train Epoch: 1 [55040/60000 (92%)]	loss=0.8794
2025-04-25T17:05:59Z INFO     Train Epoch: 1 [56320/60000 (94%)]	loss=0.8601
2025-04-25T17:05:59Z INFO     Train Epoch: 1 [57600/60000 (96%)]	loss=0.9279
2025-04-25T17:05:59Z INFO     Train Epoch: 1 [58880/60000 (98%)]	loss=0.7705
2025-04-25T17:06:00Z INFO     {metricName: accuracy, metricValue: 0.6866};{metricName: loss, metricValue: 0.8291}

2025-04-25T17:06:00Z INFO     Train Epoch: 2 [0/60000 (0%)]	loss=0.7516
2025-04-25T17:06:00Z INFO     Train Epoch: 2 [1280/60000 (2%)]	loss=0.6787
2025-04-25T17:06:01Z INFO     Train Epoch: 2 [2560/60000 (4%)]	loss=0.7739
2025-04-25T17:06:01Z INFO     Train Epoch: 2 [3840/60000 (6%)]	loss=0.7702
2025-04-25T17:06:01Z INFO     Train Epoch: 2 [5120/60000 (9%)]	loss=0.7514
2025-04-25T17:06:01Z INFO     Train Epoch: 2 [6400/60000 (11%)]	loss=0.7416
2025-04-25T17:06:01Z INFO     Train Epoch: 2 [7680/60000 (13%)]	loss=0.7572
2025-04-25T17:06:01Z INFO     Train Epoch: 2 [8960/60000 (15%)]	loss=0.6596
2025-04-25T17:06:01Z INFO     Train Epoch: 2 [10240/60000 (17%)]	loss=0.7529
2025-04-25T17:06:01Z INFO     Train Epoch: 2 [11520/60000 (19%)]	loss=0.6041
2025-04-25T17:06:01Z INFO     Train Epoch: 2 [12800/60000 (21%)]	loss=0.7401
2025-04-25T17:06:02Z INFO     Train Epoch: 2 [14080/60000 (23%)]	loss=0.6989
2025-04-25T17:06:02Z INFO     Train Epoch: 2 [15360/60000 (26%)]	loss=0.7811
2025-04-25T17:06:02Z INFO     Train Epoch: 2 [16640/60000 (28%)]	loss=0.6438
2025-04-25T17:06:02Z INFO     Train Epoch: 2 [17920/60000 (30%)]	loss=0.7497
2025-04-25T17:06:02Z INFO     Train Epoch: 2 [19200/60000 (32%)]	loss=0.5677
2025-04-25T17:06:02Z INFO     Train Epoch: 2 [20480/60000 (34%)]	loss=0.7974
2025-04-25T17:06:02Z INFO     Train Epoch: 2 [21760/60000 (36%)]	loss=0.6867
2025-04-25T17:06:02Z INFO     Train Epoch: 2 [23040/60000 (38%)]	loss=0.6723
2025-04-25T17:06:02Z INFO     Train Epoch: 2 [24320/60000 (41%)]	loss=0.6473
2025-04-25T17:06:03Z INFO     Train Epoch: 2 [25600/60000 (43%)]	loss=0.6489
2025-04-25T17:06:03Z INFO     Train Epoch: 2 [26880/60000 (45%)]	loss=0.7605
2025-04-25T17:06:03Z INFO     Train Epoch: 2 [28160/60000 (47%)]	loss=0.5767
2025-04-25T17:06:03Z INFO     Train Epoch: 2 [29440/60000 (49%)]	loss=0.8764
2025-04-25T17:06:03Z INFO     Train Epoch: 2 [30720/60000 (51%)]	loss=0.6964
2025-04-25T17:06:03Z INFO     Train Epoch: 2 [32000/60000 (53%)]	loss=0.7682
2025-04-25T17:06:03Z INFO     Train Epoch: 2 [33280/60000 (55%)]	loss=0.6701
2025-04-25T17:06:03Z INFO     Train Epoch: 2 [34560/60000 (58%)]	loss=0.5753
2025-04-25T17:06:03Z INFO     Train Epoch: 2 [35840/60000 (60%)]	loss=0.5399
2025-04-25T17:06:04Z INFO     Train Epoch: 2 [37120/60000 (62%)]	loss=0.7474
2025-04-25T17:06:04Z INFO     Train Epoch: 2 [38400/60000 (64%)]	loss=0.6817
2025-04-25T17:06:04Z INFO     Train Epoch: 2 [39680/60000 (66%)]	loss=0.6217
2025-04-25T17:06:04Z INFO     Train Epoch: 2 [40960/60000 (68%)]	loss=0.7627
2025-04-25T17:06:04Z INFO     Train Epoch: 2 [42240/60000 (70%)]	loss=0.7600
2025-04-25T17:06:04Z INFO     Train Epoch: 2 [43520/60000 (72%)]	loss=0.5813
2025-04-25T17:06:04Z INFO     Train Epoch: 2 [44800/60000 (75%)]	loss=0.5778
2025-04-25T17:06:04Z INFO     Train Epoch: 2 [46080/60000 (77%)]	loss=0.6865
2025-04-25T17:06:04Z INFO     Train Epoch: 2 [47360/60000 (79%)]	loss=0.7646
2025-04-25T17:06:05Z INFO     Train Epoch: 2 [48640/60000 (81%)]	loss=0.5819
2025-04-25T17:06:05Z INFO     Train Epoch: 2 [49920/60000 (83%)]	loss=0.6970
2025-04-25T17:06:05Z INFO     Train Epoch: 2 [51200/60000 (85%)]	loss=0.8266
2025-04-25T17:06:05Z INFO     Train Epoch: 2 [52480/60000 (87%)]	loss=0.5791
2025-04-25T17:06:05Z INFO     Train Epoch: 2 [53760/60000 (90%)]	loss=0.5225
2025-04-25T17:06:05Z INFO     Train Epoch: 2 [55040/60000 (92%)]	loss=0.6885
2025-04-25T17:06:05Z INFO     Train Epoch: 2 [56320/60000 (94%)]	loss=0.7074
2025-04-25T17:06:05Z INFO     Train Epoch: 2 [57600/60000 (96%)]	loss=0.5101
2025-04-25T17:06:05Z INFO     Train Epoch: 2 [58880/60000 (98%)]	loss=0.5997
2025-04-25T17:06:06Z INFO     {metricName: accuracy, metricValue: 0.7618};{metricName: loss, metricValue: 0.6528}

2025-04-25T17:06:06Z INFO     Train Epoch: 3 [0/60000 (0%)]	loss=0.5429
2025-04-25T17:06:07Z INFO     Train Epoch: 3 [1280/60000 (2%)]	loss=0.6449
2025-04-25T17:06:07Z INFO     Train Epoch: 3 [2560/60000 (4%)]	loss=0.5535
2025-04-25T17:06:07Z INFO     Train Epoch: 3 [3840/60000 (6%)]	loss=0.5113
2025-04-25T17:06:07Z INFO     Train Epoch: 3 [5120/60000 (9%)]	loss=0.5634
2025-04-25T17:06:07Z INFO     Train Epoch: 3 [6400/60000 (11%)]	loss=0.6527
2025-04-25T17:06:07Z INFO     Train Epoch: 3 [7680/60000 (13%)]	loss=0.5261
2025-04-25T17:06:07Z INFO     Train Epoch: 3 [8960/60000 (15%)]	loss=0.6358
2025-04-25T17:06:07Z INFO     Train Epoch: 3 [10240/60000 (17%)]	loss=0.6504
2025-04-25T17:06:07Z INFO     Train Epoch: 3 [11520/60000 (19%)]	loss=0.4747
2025-04-25T17:06:08Z INFO     Train Epoch: 3 [12800/60000 (21%)]	loss=0.6911
2025-04-25T17:06:08Z INFO     Train Epoch: 3 [14080/60000 (23%)]	loss=0.6619
2025-04-25T17:06:08Z INFO     Train Epoch: 3 [15360/60000 (26%)]	loss=0.6995
2025-04-25T17:06:08Z INFO     Train Epoch: 3 [16640/60000 (28%)]	loss=0.5771
2025-04-25T17:06:08Z INFO     Train Epoch: 3 [17920/60000 (30%)]	loss=0.6516
2025-04-25T17:06:08Z INFO     Train Epoch: 3 [19200/60000 (32%)]	loss=0.6454
2025-04-25T17:06:08Z INFO     Train Epoch: 3 [20480/60000 (34%)]	loss=0.6254
2025-04-25T17:06:08Z INFO     Train Epoch: 3 [21760/60000 (36%)]	loss=0.4615
2025-04-25T17:06:09Z INFO     Train Epoch: 3 [23040/60000 (38%)]	loss=0.6994
2025-04-25T17:06:09Z INFO     Train Epoch: 3 [24320/60000 (41%)]	loss=0.6106
2025-04-25T17:06:09Z INFO     Train Epoch: 3 [25600/60000 (43%)]	loss=0.5665
2025-04-25T17:06:09Z INFO     Train Epoch: 3 [26880/60000 (45%)]	loss=0.5171
2025-04-25T17:06:09Z INFO     Train Epoch: 3 [28160/60000 (47%)]	loss=0.6821
2025-04-25T17:06:09Z INFO     Train Epoch: 3 [29440/60000 (49%)]	loss=0.6090
2025-04-25T17:06:09Z INFO     Train Epoch: 3 [30720/60000 (51%)]	loss=0.6053
2025-04-25T17:06:09Z INFO     Train Epoch: 3 [32000/60000 (53%)]	loss=0.6239
2025-04-25T17:06:09Z INFO     Train Epoch: 3 [33280/60000 (55%)]	loss=0.6741
2025-04-25T17:06:10Z INFO     Train Epoch: 3 [34560/60000 (58%)]	loss=0.5931
2025-04-25T17:06:10Z INFO     Train Epoch: 3 [35840/60000 (60%)]	loss=0.5701
2025-04-25T17:06:10Z INFO     Train Epoch: 3 [37120/60000 (62%)]	loss=0.5749
2025-04-25T17:06:10Z INFO     Train Epoch: 3 [38400/60000 (64%)]	loss=0.4600
2025-04-25T17:06:10Z INFO     Train Epoch: 3 [39680/60000 (66%)]	loss=0.5213
2025-04-25T17:06:10Z INFO     Train Epoch: 3 [40960/60000 (68%)]	loss=0.5729
2025-04-25T17:06:10Z INFO     Train Epoch: 3 [42240/60000 (70%)]	loss=0.5981
2025-04-25T17:06:10Z INFO     Train Epoch: 3 [43520/60000 (72%)]	loss=0.7312
2025-04-25T17:06:10Z INFO     Train Epoch: 3 [44800/60000 (75%)]	loss=0.5758
2025-04-25T17:06:11Z INFO     Train Epoch: 3 [46080/60000 (77%)]	loss=0.5895
2025-04-25T17:06:11Z INFO     Train Epoch: 3 [47360/60000 (79%)]	loss=0.5966
2025-04-25T17:06:11Z INFO     Train Epoch: 3 [48640/60000 (81%)]	loss=0.5145
2025-04-25T17:06:11Z INFO     Train Epoch: 3 [49920/60000 (83%)]	loss=0.6284
2025-04-25T17:06:11Z INFO     Train Epoch: 3 [51200/60000 (85%)]	loss=0.6638
2025-04-25T17:06:11Z INFO     Train Epoch: 3 [52480/60000 (87%)]	loss=0.6349
2025-04-25T17:06:11Z INFO     Train Epoch: 3 [53760/60000 (90%)]	loss=0.6287
2025-04-25T17:06:11Z INFO     Train Epoch: 3 [55040/60000 (92%)]	loss=0.6006
2025-04-25T17:06:11Z INFO     Train Epoch: 3 [56320/60000 (94%)]	loss=0.6409
2025-04-25T17:06:12Z INFO     Train Epoch: 3 [57600/60000 (96%)]	loss=0.5193
2025-04-25T17:06:12Z INFO     Train Epoch: 3 [58880/60000 (98%)]	loss=0.7671
2025-04-25T17:06:13Z INFO     {metricName: accuracy, metricValue: 0.7755};{metricName: loss, metricValue: 0.5947}

2025-04-25T17:06:13Z INFO     Train Epoch: 4 [0/60000 (0%)]	loss=0.6219
2025-04-25T17:06:13Z INFO     Train Epoch: 4 [1280/60000 (2%)]	loss=0.5158
2025-04-25T17:06:13Z INFO     Train Epoch: 4 [2560/60000 (4%)]	loss=0.4972
2025-04-25T17:06:13Z INFO     Train Epoch: 4 [3840/60000 (6%)]	loss=0.5821
2025-04-25T17:06:13Z INFO     Train Epoch: 4 [5120/60000 (9%)]	loss=0.5009
2025-04-25T17:06:13Z INFO     Train Epoch: 4 [6400/60000 (11%)]	loss=0.5473
2025-04-25T17:06:13Z INFO     Train Epoch: 4 [7680/60000 (13%)]	loss=0.6101
2025-04-25T17:06:13Z INFO     Train Epoch: 4 [8960/60000 (15%)]	loss=0.4799
2025-04-25T17:06:14Z INFO     Train Epoch: 4 [10240/60000 (17%)]	loss=0.5994
2025-04-25T17:06:14Z INFO     Train Epoch: 4 [11520/60000 (19%)]	loss=0.4608
2025-04-25T17:06:14Z INFO     Train Epoch: 4 [12800/60000 (21%)]	loss=0.5886
2025-04-25T17:06:14Z INFO     Train Epoch: 4 [14080/60000 (23%)]	loss=0.5852
2025-04-25T17:06:14Z INFO     Train Epoch: 4 [15360/60000 (26%)]	loss=0.6080
2025-04-25T17:06:14Z INFO     Train Epoch: 4 [16640/60000 (28%)]	loss=0.5978
2025-04-25T17:06:14Z INFO     Train Epoch: 4 [17920/60000 (30%)]	loss=0.5370
2025-04-25T17:06:14Z INFO     Train Epoch: 4 [19200/60000 (32%)]	loss=0.5691
2025-04-25T17:06:14Z INFO     Train Epoch: 4 [20480/60000 (34%)]	loss=0.4884
2025-04-25T17:06:15Z INFO     Train Epoch: 4 [21760/60000 (36%)]	loss=0.5483
2025-04-25T17:06:15Z INFO     Train Epoch: 4 [23040/60000 (38%)]	loss=0.6160
2025-04-25T17:06:15Z INFO     Train Epoch: 4 [24320/60000 (41%)]	loss=0.4898
2025-04-25T17:06:15Z INFO     Train Epoch: 4 [25600/60000 (43%)]	loss=0.5080
2025-04-25T17:06:15Z INFO     Train Epoch: 4 [26880/60000 (45%)]	loss=0.6034
2025-04-25T17:06:15Z INFO     Train Epoch: 4 [28160/60000 (47%)]	loss=0.4010
2025-04-25T17:06:15Z INFO     Train Epoch: 4 [29440/60000 (49%)]	loss=0.4857
2025-04-25T17:06:15Z INFO     Train Epoch: 4 [30720/60000 (51%)]	loss=0.5137
2025-04-25T17:06:15Z INFO     Train Epoch: 4 [32000/60000 (53%)]	loss=0.4833
2025-04-25T17:06:16Z INFO     Train Epoch: 4 [33280/60000 (55%)]	loss=0.5304
2025-04-25T17:06:16Z INFO     Train Epoch: 4 [34560/60000 (58%)]	loss=0.5403
2025-04-25T17:06:16Z INFO     Train Epoch: 4 [35840/60000 (60%)]	loss=0.4967
2025-04-25T17:06:16Z INFO     Train Epoch: 4 [37120/60000 (62%)]	loss=0.4528
2025-04-25T17:06:16Z INFO     Train Epoch: 4 [38400/60000 (64%)]	loss=0.5630
2025-04-25T17:06:16Z INFO     Train Epoch: 4 [39680/60000 (66%)]	loss=0.4882
2025-04-25T17:06:16Z INFO     Train Epoch: 4 [40960/60000 (68%)]	loss=0.5167
2025-04-25T17:06:16Z INFO     Train Epoch: 4 [42240/60000 (70%)]	loss=0.6584
2025-04-25T17:06:17Z INFO     Train Epoch: 4 [43520/60000 (72%)]	loss=0.5745
2025-04-25T17:06:17Z INFO     Train Epoch: 4 [44800/60000 (75%)]	loss=0.6387
2025-04-25T17:06:17Z INFO     Train Epoch: 4 [46080/60000 (77%)]	loss=0.5443
2025-04-25T17:06:17Z INFO     Train Epoch: 4 [47360/60000 (79%)]	loss=0.4489
2025-04-25T17:06:17Z INFO     Train Epoch: 4 [48640/60000 (81%)]	loss=0.4368
2025-04-25T17:06:17Z INFO     Train Epoch: 4 [49920/60000 (83%)]	loss=0.5656
2025-04-25T17:06:17Z INFO     Train Epoch: 4 [51200/60000 (85%)]	loss=0.5489
2025-04-25T17:06:17Z INFO     Train Epoch: 4 [52480/60000 (87%)]	loss=0.4781
2025-04-25T17:06:17Z INFO     Train Epoch: 4 [53760/60000 (90%)]	loss=0.4862
2025-04-25T17:06:18Z INFO     Train Epoch: 4 [55040/60000 (92%)]	loss=0.5648
2025-04-25T17:06:18Z INFO     Train Epoch: 4 [56320/60000 (94%)]	loss=0.4389
2025-04-25T17:06:18Z INFO     Train Epoch: 4 [57600/60000 (96%)]	loss=0.3729
2025-04-25T17:06:18Z INFO     Train Epoch: 4 [58880/60000 (98%)]	loss=0.4266
2025-04-25T17:06:19Z INFO     {metricName: accuracy, metricValue: 0.8069};{metricName: loss, metricValue: 0.5312}


real	0m30.094s
user	0m45.111s
sys	0m13.118s
