Using CUDA
Using distributed PyTorch with nccl backend
2025-04-25T17:32:58Z INFO     Added key: store_based_barrier_key:1 to store for rank: 0
2025-04-25T17:32:58Z INFO     Rank 0: Completed store-based barrier for key:store_based_barrier_key:1 with 4 nodes.
Took 2.57 seconds
pytorch-mnist-master-0:38:38 [0] NCCL INFO Bootstrap : Using eth0:10.244.0.23<0>
pytorch-mnist-master-0:38:38 [0] NCCL INFO NET/Plugin : No plugin found (libnccl-net.so), using internal implementation
pytorch-mnist-master-0:38:38 [0] NCCL INFO NET/IB : Using [0]mlx5_0:1/IB ; OOB eth0:10.244.0.23<0>
pytorch-mnist-master-0:38:38 [0] NCCL INFO Using network IB
NCCL version 2.10.3+cuda10.2
pytorch-mnist-master-0:38:124 [0] NCCL INFO NET/IB : GPU Direct RDMA Disabled for HCA 0 'mlx5_0' (no module)
pytorch-mnist-master-0:38:124 [0] NCCL INFO NET/IB : GPU Direct RDMA Disabled for HCA 0 'mlx5_0' (no module)
pytorch-mnist-master-0:38:124 [0] NCCL INFO Channel 00/02 :    0   1   2   3
pytorch-mnist-master-0:38:124 [0] NCCL INFO Channel 01/02 :    0   1   2   3
pytorch-mnist-master-0:38:124 [0] NCCL INFO Trees [0] 2/-1/-1->0->-1 [1] -1/-1/-1->0->1
pytorch-mnist-master-0:38:124 [0] NCCL INFO Setting affinity for GPU 0 to 0fffff
pytorch-mnist-master-0:38:124 [0] NCCL INFO Channel 00 : 3[100000] -> 0[100000] [receive] via NET/IB/0
pytorch-mnist-master-0:38:124 [0] NCCL INFO Channel 01 : 3[100000] -> 0[100000] [receive] via NET/IB/0
pytorch-mnist-master-0:38:124 [0] NCCL INFO Channel 00 : 0[100000] -> 1[100000] [send] via NET/IB/0
pytorch-mnist-master-0:38:124 [0] NCCL INFO Channel 01 : 0[100000] -> 1[100000] [send] via NET/IB/0
pytorch-mnist-master-0:38:124 [0] NCCL INFO NET/IB: Dev 0 Port 1 qpn 363 mtu 5 LID 146
pytorch-mnist-master-0:38:124 [0] NCCL INFO NET/IB: Dev 0 Port 1 qpn 364 mtu 5 LID 146
pytorch-mnist-master-0:38:124 [0] NCCL INFO Connected all rings
pytorch-mnist-master-0:38:124 [0] NCCL INFO Channel 00 : 2[100000] -> 0[100000] [receive] via NET/IB/0
pytorch-mnist-master-0:38:124 [0] NCCL INFO Channel 00 : 0[100000] -> 2[100000] [send] via NET/IB/0
pytorch-mnist-master-0:38:124 [0] NCCL INFO NET/IB: Dev 0 Port 1 qpn 333 mtu 5 LID 146
pytorch-mnist-master-0:38:124 [0] NCCL INFO Channel 01 : 1[100000] -> 0[100000] [receive] via NET/IB/0
pytorch-mnist-master-0:38:124 [0] NCCL INFO Connected all trees
pytorch-mnist-master-0:38:124 [0] NCCL INFO threadThresholds 8/8/64 | 32/8/64 | 8/8/512
pytorch-mnist-master-0:38:124 [0] NCCL INFO 2 coll channels, 2 p2p channels, 1 p2p channels per peer
pytorch-mnist-master-0:38:124 [0] NCCL INFO comm 0x77f8fc001360 rank 0 nranks 4 cudaDev 0 busId 100000 - Init COMPLETE
pytorch-mnist-master-0:38:38 [0] NCCL INFO Launch mode Parallel
2025-04-25T17:33:01Z INFO     Train Epoch: 1 [0/60000 (0%)]	loss=2.3015
2025-04-25T17:33:01Z INFO     Reducer buckets have been rebuilt in this iteration.
2025-04-25T17:33:02Z INFO     Train Epoch: 1 [1280/60000 (2%)]	loss=2.2863
2025-04-25T17:33:02Z INFO     Train Epoch: 1 [2560/60000 (4%)]	loss=2.2854
2025-04-25T17:33:02Z INFO     Train Epoch: 1 [3840/60000 (6%)]	loss=2.2727
2025-04-25T17:33:02Z INFO     Train Epoch: 1 [5120/60000 (9%)]	loss=2.2693
2025-04-25T17:33:02Z INFO     Train Epoch: 1 [6400/60000 (11%)]	loss=2.2499
2025-04-25T17:33:02Z INFO     Train Epoch: 1 [7680/60000 (13%)]	loss=2.2420
2025-04-25T17:33:02Z INFO     Train Epoch: 1 [8960/60000 (15%)]	loss=2.2028
2025-04-25T17:33:02Z INFO     Train Epoch: 1 [10240/60000 (17%)]	loss=2.1878
2025-04-25T17:33:02Z INFO     Train Epoch: 1 [11520/60000 (19%)]	loss=2.1322
2025-04-25T17:33:03Z INFO     Train Epoch: 1 [12800/60000 (21%)]	loss=2.0496
2025-04-25T17:33:03Z INFO     Train Epoch: 1 [14080/60000 (23%)]	loss=1.9476
2025-04-25T17:33:03Z INFO     Train Epoch: 1 [15360/60000 (26%)]	loss=1.7654
2025-04-25T17:33:03Z INFO     Train Epoch: 1 [16640/60000 (28%)]	loss=1.5975
2025-04-25T17:33:03Z INFO     Train Epoch: 1 [17920/60000 (30%)]	loss=1.3733
2025-04-25T17:33:03Z INFO     Train Epoch: 1 [19200/60000 (32%)]	loss=1.3091
2025-04-25T17:33:03Z INFO     Train Epoch: 1 [20480/60000 (34%)]	loss=1.1869
2025-04-25T17:33:03Z INFO     Train Epoch: 1 [21760/60000 (36%)]	loss=1.0812
2025-04-25T17:33:04Z INFO     Train Epoch: 1 [23040/60000 (38%)]	loss=1.0570
2025-04-25T17:33:04Z INFO     Train Epoch: 1 [24320/60000 (41%)]	loss=1.0206
2025-04-25T17:33:04Z INFO     Train Epoch: 1 [25600/60000 (43%)]	loss=0.9029
2025-04-25T17:33:04Z INFO     Train Epoch: 1 [26880/60000 (45%)]	loss=1.0216
2025-04-25T17:33:04Z INFO     Train Epoch: 1 [28160/60000 (47%)]	loss=1.0546
2025-04-25T17:33:04Z INFO     Train Epoch: 1 [29440/60000 (49%)]	loss=0.9007
2025-04-25T17:33:04Z INFO     Train Epoch: 1 [30720/60000 (51%)]	loss=0.7915
2025-04-25T17:33:04Z INFO     Train Epoch: 1 [32000/60000 (53%)]	loss=1.1950
2025-04-25T17:33:04Z INFO     Train Epoch: 1 [33280/60000 (55%)]	loss=1.0269
2025-04-25T17:33:05Z INFO     Train Epoch: 1 [34560/60000 (58%)]	loss=0.9581
2025-04-25T17:33:05Z INFO     Train Epoch: 1 [35840/60000 (60%)]	loss=0.7887
2025-04-25T17:33:05Z INFO     Train Epoch: 1 [37120/60000 (62%)]	loss=0.9330
2025-04-25T17:33:05Z INFO     Train Epoch: 1 [38400/60000 (64%)]	loss=0.9513
2025-04-25T17:33:05Z INFO     Train Epoch: 1 [39680/60000 (66%)]	loss=0.8624
2025-04-25T17:33:05Z INFO     Train Epoch: 1 [40960/60000 (68%)]	loss=0.8078
2025-04-25T17:33:05Z INFO     Train Epoch: 1 [42240/60000 (70%)]	loss=0.8890
2025-04-25T17:33:05Z INFO     Train Epoch: 1 [43520/60000 (72%)]	loss=0.9450
2025-04-25T17:33:05Z INFO     Train Epoch: 1 [44800/60000 (75%)]	loss=0.9376
2025-04-25T17:33:06Z INFO     Train Epoch: 1 [46080/60000 (77%)]	loss=0.8239
2025-04-25T17:33:06Z INFO     Train Epoch: 1 [47360/60000 (79%)]	loss=0.7675
2025-04-25T17:33:06Z INFO     Train Epoch: 1 [48640/60000 (81%)]	loss=0.8705
2025-04-25T17:33:06Z INFO     Train Epoch: 1 [49920/60000 (83%)]	loss=0.8696
2025-04-25T17:33:06Z INFO     Train Epoch: 1 [51200/60000 (85%)]	loss=0.7843
2025-04-25T17:33:06Z INFO     Train Epoch: 1 [52480/60000 (87%)]	loss=0.6894
2025-04-25T17:33:06Z INFO     Train Epoch: 1 [53760/60000 (90%)]	loss=0.8081
2025-04-25T17:33:06Z INFO     Train Epoch: 1 [55040/60000 (92%)]	loss=0.8789
2025-04-25T17:33:06Z INFO     Train Epoch: 1 [56320/60000 (94%)]	loss=0.8603
2025-04-25T17:33:07Z INFO     Train Epoch: 1 [57600/60000 (96%)]	loss=0.9263
2025-04-25T17:33:07Z INFO     Train Epoch: 1 [58880/60000 (98%)]	loss=0.7719
2025-04-25T17:33:08Z INFO     {metricName: accuracy, metricValue: 0.6869};{metricName: loss, metricValue: 0.8296}

2025-04-25T17:33:08Z INFO     Train Epoch: 2 [0/60000 (0%)]	loss=0.7525
2025-04-25T17:33:08Z INFO     Train Epoch: 2 [1280/60000 (2%)]	loss=0.6780
2025-04-25T17:33:08Z INFO     Train Epoch: 2 [2560/60000 (4%)]	loss=0.7750
2025-04-25T17:33:08Z INFO     Train Epoch: 2 [3840/60000 (6%)]	loss=0.7720
2025-04-25T17:33:08Z INFO     Train Epoch: 2 [5120/60000 (9%)]	loss=0.7513
2025-04-25T17:33:08Z INFO     Train Epoch: 2 [6400/60000 (11%)]	loss=0.7404
2025-04-25T17:33:08Z INFO     Train Epoch: 2 [7680/60000 (13%)]	loss=0.7573
2025-04-25T17:33:08Z INFO     Train Epoch: 2 [8960/60000 (15%)]	loss=0.6595
2025-04-25T17:33:09Z INFO     Train Epoch: 2 [10240/60000 (17%)]	loss=0.7528
2025-04-25T17:33:09Z INFO     Train Epoch: 2 [11520/60000 (19%)]	loss=0.6044
2025-04-25T17:33:09Z INFO     Train Epoch: 2 [12800/60000 (21%)]	loss=0.7415
2025-04-25T17:33:09Z INFO     Train Epoch: 2 [14080/60000 (23%)]	loss=0.7004
2025-04-25T17:33:09Z INFO     Train Epoch: 2 [15360/60000 (26%)]	loss=0.7805
2025-04-25T17:33:09Z INFO     Train Epoch: 2 [16640/60000 (28%)]	loss=0.6434
2025-04-25T17:33:09Z INFO     Train Epoch: 2 [17920/60000 (30%)]	loss=0.7489
2025-04-25T17:33:09Z INFO     Train Epoch: 2 [19200/60000 (32%)]	loss=0.5678
2025-04-25T17:33:09Z INFO     Train Epoch: 2 [20480/60000 (34%)]	loss=0.7990
2025-04-25T17:33:10Z INFO     Train Epoch: 2 [21760/60000 (36%)]	loss=0.6864
2025-04-25T17:33:10Z INFO     Train Epoch: 2 [23040/60000 (38%)]	loss=0.6716
2025-04-25T17:33:10Z INFO     Train Epoch: 2 [24320/60000 (41%)]	loss=0.6484
2025-04-25T17:33:10Z INFO     Train Epoch: 2 [25600/60000 (43%)]	loss=0.6488
2025-04-25T17:33:10Z INFO     Train Epoch: 2 [26880/60000 (45%)]	loss=0.7616
2025-04-25T17:33:10Z INFO     Train Epoch: 2 [28160/60000 (47%)]	loss=0.5775
2025-04-25T17:33:10Z INFO     Train Epoch: 2 [29440/60000 (49%)]	loss=0.8769
2025-04-25T17:33:10Z INFO     Train Epoch: 2 [30720/60000 (51%)]	loss=0.6950
2025-04-25T17:33:10Z INFO     Train Epoch: 2 [32000/60000 (53%)]	loss=0.7691
2025-04-25T17:33:11Z INFO     Train Epoch: 2 [33280/60000 (55%)]	loss=0.6690
2025-04-25T17:33:11Z INFO     Train Epoch: 2 [34560/60000 (58%)]	loss=0.5763
2025-04-25T17:33:11Z INFO     Train Epoch: 2 [35840/60000 (60%)]	loss=0.5421
2025-04-25T17:33:11Z INFO     Train Epoch: 2 [37120/60000 (62%)]	loss=0.7492
2025-04-25T17:33:11Z INFO     Train Epoch: 2 [38400/60000 (64%)]	loss=0.6815
2025-04-25T17:33:11Z INFO     Train Epoch: 2 [39680/60000 (66%)]	loss=0.6224
2025-04-25T17:33:11Z INFO     Train Epoch: 2 [40960/60000 (68%)]	loss=0.7618
2025-04-25T17:33:11Z INFO     Train Epoch: 2 [42240/60000 (70%)]	loss=0.7593
2025-04-25T17:33:11Z INFO     Train Epoch: 2 [43520/60000 (72%)]	loss=0.5801
2025-04-25T17:33:12Z INFO     Train Epoch: 2 [44800/60000 (75%)]	loss=0.5781
2025-04-25T17:33:12Z INFO     Train Epoch: 2 [46080/60000 (77%)]	loss=0.6870
2025-04-25T17:33:12Z INFO     Train Epoch: 2 [47360/60000 (79%)]	loss=0.7637
2025-04-25T17:33:12Z INFO     Train Epoch: 2 [48640/60000 (81%)]	loss=0.5822
2025-04-25T17:33:12Z INFO     Train Epoch: 2 [49920/60000 (83%)]	loss=0.6992
2025-04-25T17:33:12Z INFO     Train Epoch: 2 [51200/60000 (85%)]	loss=0.8261
2025-04-25T17:33:12Z INFO     Train Epoch: 2 [52480/60000 (87%)]	loss=0.5809
2025-04-25T17:33:12Z INFO     Train Epoch: 2 [53760/60000 (90%)]	loss=0.5226
2025-04-25T17:33:13Z INFO     Train Epoch: 2 [55040/60000 (92%)]	loss=0.6885
2025-04-25T17:33:13Z INFO     Train Epoch: 2 [56320/60000 (94%)]	loss=0.7084
2025-04-25T17:33:13Z INFO     Train Epoch: 2 [57600/60000 (96%)]	loss=0.5113
2025-04-25T17:33:13Z INFO     Train Epoch: 2 [58880/60000 (98%)]	loss=0.5998
2025-04-25T17:33:14Z INFO     {metricName: accuracy, metricValue: 0.7612};{metricName: loss, metricValue: 0.6536}

2025-04-25T17:33:14Z INFO     Train Epoch: 3 [0/60000 (0%)]	loss=0.5441
2025-04-25T17:33:14Z INFO     Train Epoch: 3 [1280/60000 (2%)]	loss=0.6457
2025-04-25T17:33:14Z INFO     Train Epoch: 3 [2560/60000 (4%)]	loss=0.5537
2025-04-25T17:33:14Z INFO     Train Epoch: 3 [3840/60000 (6%)]	loss=0.5123
2025-04-25T17:33:14Z INFO     Train Epoch: 3 [5120/60000 (9%)]	loss=0.5640
2025-04-25T17:33:14Z INFO     Train Epoch: 3 [6400/60000 (11%)]	loss=0.6520
2025-04-25T17:33:15Z INFO     Train Epoch: 3 [7680/60000 (13%)]	loss=0.5266
2025-04-25T17:33:15Z INFO     Train Epoch: 3 [8960/60000 (15%)]	loss=0.6364
2025-04-25T17:33:15Z INFO     Train Epoch: 3 [10240/60000 (17%)]	loss=0.6493
2025-04-25T17:33:15Z INFO     Train Epoch: 3 [11520/60000 (19%)]	loss=0.4751
2025-04-25T17:33:15Z INFO     Train Epoch: 3 [12800/60000 (21%)]	loss=0.6914
2025-04-25T17:33:15Z INFO     Train Epoch: 3 [14080/60000 (23%)]	loss=0.6614
2025-04-25T17:33:15Z INFO     Train Epoch: 3 [15360/60000 (26%)]	loss=0.7002
2025-04-25T17:33:15Z INFO     Train Epoch: 3 [16640/60000 (28%)]	loss=0.5780
2025-04-25T17:33:15Z INFO     Train Epoch: 3 [17920/60000 (30%)]	loss=0.6522
2025-04-25T17:33:16Z INFO     Train Epoch: 3 [19200/60000 (32%)]	loss=0.6453
2025-04-25T17:33:16Z INFO     Train Epoch: 3 [20480/60000 (34%)]	loss=0.6280
2025-04-25T17:33:16Z INFO     Train Epoch: 3 [21760/60000 (36%)]	loss=0.4615
2025-04-25T17:33:16Z INFO     Train Epoch: 3 [23040/60000 (38%)]	loss=0.7003
2025-04-25T17:33:16Z INFO     Train Epoch: 3 [24320/60000 (41%)]	loss=0.6098
2025-04-25T17:33:16Z INFO     Train Epoch: 3 [25600/60000 (43%)]	loss=0.5670
2025-04-25T17:33:16Z INFO     Train Epoch: 3 [26880/60000 (45%)]	loss=0.5175
2025-04-25T17:33:16Z INFO     Train Epoch: 3 [28160/60000 (47%)]	loss=0.6811
2025-04-25T17:33:16Z INFO     Train Epoch: 3 [29440/60000 (49%)]	loss=0.6084
2025-04-25T17:33:17Z INFO     Train Epoch: 3 [30720/60000 (51%)]	loss=0.6057
2025-04-25T17:33:17Z INFO     Train Epoch: 3 [32000/60000 (53%)]	loss=0.6245
2025-04-25T17:33:17Z INFO     Train Epoch: 3 [33280/60000 (55%)]	loss=0.6728
2025-04-25T17:33:17Z INFO     Train Epoch: 3 [34560/60000 (58%)]	loss=0.5918
2025-04-25T17:33:17Z INFO     Train Epoch: 3 [35840/60000 (60%)]	loss=0.5732
2025-04-25T17:33:17Z INFO     Train Epoch: 3 [37120/60000 (62%)]	loss=0.5760
2025-04-25T17:33:17Z INFO     Train Epoch: 3 [38400/60000 (64%)]	loss=0.4599
2025-04-25T17:33:17Z INFO     Train Epoch: 3 [39680/60000 (66%)]	loss=0.5224
2025-04-25T17:33:17Z INFO     Train Epoch: 3 [40960/60000 (68%)]	loss=0.5727
2025-04-25T17:33:18Z INFO     Train Epoch: 3 [42240/60000 (70%)]	loss=0.5979
2025-04-25T17:33:18Z INFO     Train Epoch: 3 [43520/60000 (72%)]	loss=0.7317
2025-04-25T17:33:18Z INFO     Train Epoch: 3 [44800/60000 (75%)]	loss=0.5771
2025-04-25T17:33:18Z INFO     Train Epoch: 3 [46080/60000 (77%)]	loss=0.5911
2025-04-25T17:33:18Z INFO     Train Epoch: 3 [47360/60000 (79%)]	loss=0.5958
2025-04-25T17:33:18Z INFO     Train Epoch: 3 [48640/60000 (81%)]	loss=0.5151
2025-04-25T17:33:18Z INFO     Train Epoch: 3 [49920/60000 (83%)]	loss=0.6278
2025-04-25T17:33:18Z INFO     Train Epoch: 3 [51200/60000 (85%)]	loss=0.6636
2025-04-25T17:33:18Z INFO     Train Epoch: 3 [52480/60000 (87%)]	loss=0.6356
2025-04-25T17:33:19Z INFO     Train Epoch: 3 [53760/60000 (90%)]	loss=0.6290
2025-04-25T17:33:19Z INFO     Train Epoch: 3 [55040/60000 (92%)]	loss=0.5996
2025-04-25T17:33:19Z INFO     Train Epoch: 3 [56320/60000 (94%)]	loss=0.6392
2025-04-25T17:33:19Z INFO     Train Epoch: 3 [57600/60000 (96%)]	loss=0.5180
2025-04-25T17:33:19Z INFO     Train Epoch: 3 [58880/60000 (98%)]	loss=0.7671
2025-04-25T17:33:20Z INFO     {metricName: accuracy, metricValue: 0.7754};{metricName: loss, metricValue: 0.5951}

2025-04-25T17:33:20Z INFO     Train Epoch: 4 [0/60000 (0%)]	loss=0.6223
2025-04-25T17:33:20Z INFO     Train Epoch: 4 [1280/60000 (2%)]	loss=0.5163
2025-04-25T17:33:20Z INFO     Train Epoch: 4 [2560/60000 (4%)]	loss=0.4977
2025-04-25T17:33:20Z INFO     Train Epoch: 4 [3840/60000 (6%)]	loss=0.5829
2025-04-25T17:33:21Z INFO     Train Epoch: 4 [5120/60000 (9%)]	loss=0.5007
2025-04-25T17:33:21Z INFO     Train Epoch: 4 [6400/60000 (11%)]	loss=0.5472
2025-04-25T17:33:21Z INFO     Train Epoch: 4 [7680/60000 (13%)]	loss=0.6098
2025-04-25T17:33:21Z INFO     Train Epoch: 4 [8960/60000 (15%)]	loss=0.4801
2025-04-25T17:33:21Z INFO     Train Epoch: 4 [10240/60000 (17%)]	loss=0.6010
2025-04-25T17:33:21Z INFO     Train Epoch: 4 [11520/60000 (19%)]	loss=0.4610
2025-04-25T17:33:21Z INFO     Train Epoch: 4 [12800/60000 (21%)]	loss=0.5899
2025-04-25T17:33:21Z INFO     Train Epoch: 4 [14080/60000 (23%)]	loss=0.5852
2025-04-25T17:33:21Z INFO     Train Epoch: 4 [15360/60000 (26%)]	loss=0.6078
2025-04-25T17:33:22Z INFO     Train Epoch: 4 [16640/60000 (28%)]	loss=0.5980
2025-04-25T17:33:22Z INFO     Train Epoch: 4 [17920/60000 (30%)]	loss=0.5378
2025-04-25T17:33:22Z INFO     Train Epoch: 4 [19200/60000 (32%)]	loss=0.5663
2025-04-25T17:33:22Z INFO     Train Epoch: 4 [20480/60000 (34%)]	loss=0.4884
2025-04-25T17:33:22Z INFO     Train Epoch: 4 [21760/60000 (36%)]	loss=0.5474
2025-04-25T17:33:22Z INFO     Train Epoch: 4 [23040/60000 (38%)]	loss=0.6158
2025-04-25T17:33:22Z INFO     Train Epoch: 4 [24320/60000 (41%)]	loss=0.4894
2025-04-25T17:33:22Z INFO     Train Epoch: 4 [25600/60000 (43%)]	loss=0.5080
2025-04-25T17:33:22Z INFO     Train Epoch: 4 [26880/60000 (45%)]	loss=0.6034
2025-04-25T17:33:23Z INFO     Train Epoch: 4 [28160/60000 (47%)]	loss=0.4008
2025-04-25T17:33:23Z INFO     Train Epoch: 4 [29440/60000 (49%)]	loss=0.4860
2025-04-25T17:33:23Z INFO     Train Epoch: 4 [30720/60000 (51%)]	loss=0.5145
2025-04-25T17:33:23Z INFO     Train Epoch: 4 [32000/60000 (53%)]	loss=0.4833
2025-04-25T17:33:23Z INFO     Train Epoch: 4 [33280/60000 (55%)]	loss=0.5318
2025-04-25T17:33:23Z INFO     Train Epoch: 4 [34560/60000 (58%)]	loss=0.5402
2025-04-25T17:33:23Z INFO     Train Epoch: 4 [35840/60000 (60%)]	loss=0.4962
2025-04-25T17:33:23Z INFO     Train Epoch: 4 [37120/60000 (62%)]	loss=0.4528
2025-04-25T17:33:23Z INFO     Train Epoch: 4 [38400/60000 (64%)]	loss=0.5641
2025-04-25T17:33:24Z INFO     Train Epoch: 4 [39680/60000 (66%)]	loss=0.4897
2025-04-25T17:33:24Z INFO     Train Epoch: 4 [40960/60000 (68%)]	loss=0.5172
2025-04-25T17:33:24Z INFO     Train Epoch: 4 [42240/60000 (70%)]	loss=0.6543
2025-04-25T17:33:24Z INFO     Train Epoch: 4 [43520/60000 (72%)]	loss=0.5720
2025-04-25T17:33:24Z INFO     Train Epoch: 4 [44800/60000 (75%)]	loss=0.6414
2025-04-25T17:33:24Z INFO     Train Epoch: 4 [46080/60000 (77%)]	loss=0.5460
2025-04-25T17:33:24Z INFO     Train Epoch: 4 [47360/60000 (79%)]	loss=0.4503
2025-04-25T17:33:24Z INFO     Train Epoch: 4 [48640/60000 (81%)]	loss=0.4373
2025-04-25T17:33:24Z INFO     Train Epoch: 4 [49920/60000 (83%)]	loss=0.5653
2025-04-25T17:33:25Z INFO     Train Epoch: 4 [51200/60000 (85%)]	loss=0.5479
2025-04-25T17:33:25Z INFO     Train Epoch: 4 [52480/60000 (87%)]	loss=0.4786
2025-04-25T17:33:25Z INFO     Train Epoch: 4 [53760/60000 (90%)]	loss=0.4874
2025-04-25T17:33:25Z INFO     Train Epoch: 4 [55040/60000 (92%)]	loss=0.5662
2025-04-25T17:33:25Z INFO     Train Epoch: 4 [56320/60000 (94%)]	loss=0.4389
2025-04-25T17:33:25Z INFO     Train Epoch: 4 [57600/60000 (96%)]	loss=0.3738
2025-04-25T17:33:25Z INFO     Train Epoch: 4 [58880/60000 (98%)]	loss=0.4246
2025-04-25T17:33:26Z INFO     {metricName: accuracy, metricValue: 0.8065};{metricName: loss, metricValue: 0.5318}

Took total 31.13 seconds
Took after init_process_group 28.56 seconds

real	0m32.269s
user	0m49.225s
sys	0m15.067s
