Using CUDA
2025-04-19T14:49:17Z INFO     Train Epoch: 1 [0/60000 (0%)]	loss=2.3015
2025-04-19T14:49:18Z INFO     Train Epoch: 1 [1280/60000 (2%)]	loss=2.2863
2025-04-19T14:49:18Z INFO     Train Epoch: 1 [2560/60000 (4%)]	loss=2.2854
2025-04-19T14:49:18Z INFO     Train Epoch: 1 [3840/60000 (6%)]	loss=2.2727
2025-04-19T14:49:18Z INFO     Train Epoch: 1 [5120/60000 (9%)]	loss=2.2693
2025-04-19T14:49:18Z INFO     Train Epoch: 1 [6400/60000 (11%)]	loss=2.2500
2025-04-19T14:49:18Z INFO     Train Epoch: 1 [7680/60000 (13%)]	loss=2.2420
2025-04-19T14:49:18Z INFO     Train Epoch: 1 [8960/60000 (15%)]	loss=2.2028
2025-04-19T14:49:18Z INFO     Train Epoch: 1 [10240/60000 (17%)]	loss=2.1878
2025-04-19T14:49:18Z INFO     Train Epoch: 1 [11520/60000 (19%)]	loss=2.1322
2025-04-19T14:49:19Z INFO     Train Epoch: 1 [12800/60000 (21%)]	loss=2.0497
2025-04-19T14:49:19Z INFO     Train Epoch: 1 [14080/60000 (23%)]	loss=1.9478
2025-04-19T14:49:19Z INFO     Train Epoch: 1 [15360/60000 (26%)]	loss=1.7656
2025-04-19T14:49:19Z INFO     Train Epoch: 1 [16640/60000 (28%)]	loss=1.5976
2025-04-19T14:49:19Z INFO     Train Epoch: 1 [17920/60000 (30%)]	loss=1.3735
2025-04-19T14:49:19Z INFO     Train Epoch: 1 [19200/60000 (32%)]	loss=1.3095
2025-04-19T14:49:19Z INFO     Train Epoch: 1 [20480/60000 (34%)]	loss=1.1857
2025-04-19T14:49:19Z INFO     Train Epoch: 1 [21760/60000 (36%)]	loss=1.0813
2025-04-19T14:49:19Z INFO     Train Epoch: 1 [23040/60000 (38%)]	loss=1.0568
2025-04-19T14:49:20Z INFO     Train Epoch: 1 [24320/60000 (41%)]	loss=1.0204
2025-04-19T14:49:20Z INFO     Train Epoch: 1 [25600/60000 (43%)]	loss=0.9023
2025-04-19T14:49:20Z INFO     Train Epoch: 1 [26880/60000 (45%)]	loss=1.0209
2025-04-19T14:49:20Z INFO     Train Epoch: 1 [28160/60000 (47%)]	loss=1.0540
2025-04-19T14:49:20Z INFO     Train Epoch: 1 [29440/60000 (49%)]	loss=0.9016
2025-04-19T14:49:20Z INFO     Train Epoch: 1 [30720/60000 (51%)]	loss=0.7917
2025-04-19T14:49:20Z INFO     Train Epoch: 1 [32000/60000 (53%)]	loss=1.1950
2025-04-19T14:49:20Z INFO     Train Epoch: 1 [33280/60000 (55%)]	loss=1.0274
2025-04-19T14:49:20Z INFO     Train Epoch: 1 [34560/60000 (58%)]	loss=0.9577
2025-04-19T14:49:21Z INFO     Train Epoch: 1 [35840/60000 (60%)]	loss=0.7869
2025-04-19T14:49:21Z INFO     Train Epoch: 1 [37120/60000 (62%)]	loss=0.9310
2025-04-19T14:49:21Z INFO     Train Epoch: 1 [38400/60000 (64%)]	loss=0.9527
2025-04-19T14:49:21Z INFO     Train Epoch: 1 [39680/60000 (66%)]	loss=0.8626
2025-04-19T14:49:21Z INFO     Train Epoch: 1 [40960/60000 (68%)]	loss=0.8096
2025-04-19T14:49:21Z INFO     Train Epoch: 1 [42240/60000 (70%)]	loss=0.8891
2025-04-19T14:49:21Z INFO     Train Epoch: 1 [43520/60000 (72%)]	loss=0.9459
2025-04-19T14:49:21Z INFO     Train Epoch: 1 [44800/60000 (75%)]	loss=0.9371
2025-04-19T14:49:21Z INFO     Train Epoch: 1 [46080/60000 (77%)]	loss=0.8241
2025-04-19T14:49:22Z INFO     Train Epoch: 1 [47360/60000 (79%)]	loss=0.7675
2025-04-19T14:49:22Z INFO     Train Epoch: 1 [48640/60000 (81%)]	loss=0.8683
2025-04-19T14:49:22Z INFO     Train Epoch: 1 [49920/60000 (83%)]	loss=0.8698
2025-04-19T14:49:22Z INFO     Train Epoch: 1 [51200/60000 (85%)]	loss=0.7842
2025-04-19T14:49:22Z INFO     Train Epoch: 1 [52480/60000 (87%)]	loss=0.6895
2025-04-19T14:49:22Z INFO     Train Epoch: 1 [53760/60000 (90%)]	loss=0.8079
2025-04-19T14:49:22Z INFO     Train Epoch: 1 [55040/60000 (92%)]	loss=0.8789
2025-04-19T14:49:22Z INFO     Train Epoch: 1 [56320/60000 (94%)]	loss=0.8621
2025-04-19T14:49:22Z INFO     Train Epoch: 1 [57600/60000 (96%)]	loss=0.9267
2025-04-19T14:49:23Z INFO     Train Epoch: 1 [58880/60000 (98%)]	loss=0.7707
2025-04-19T14:49:23Z INFO     {metricName: accuracy, metricValue: 0.6868};{metricName: loss, metricValue: 0.8298}

2025-04-19T14:49:23Z INFO     Train Epoch: 2 [0/60000 (0%)]	loss=0.7523
2025-04-19T14:49:24Z INFO     Train Epoch: 2 [1280/60000 (2%)]	loss=0.6795
2025-04-19T14:49:24Z INFO     Train Epoch: 2 [2560/60000 (4%)]	loss=0.7737
2025-04-19T14:49:24Z INFO     Train Epoch: 2 [3840/60000 (6%)]	loss=0.7711
2025-04-19T14:49:24Z INFO     Train Epoch: 2 [5120/60000 (9%)]	loss=0.7501
2025-04-19T14:49:24Z INFO     Train Epoch: 2 [6400/60000 (11%)]	loss=0.7423
2025-04-19T14:49:24Z INFO     Train Epoch: 2 [7680/60000 (13%)]	loss=0.7576
2025-04-19T14:49:24Z INFO     Train Epoch: 2 [8960/60000 (15%)]	loss=0.6603
2025-04-19T14:49:24Z INFO     Train Epoch: 2 [10240/60000 (17%)]	loss=0.7526
2025-04-19T14:49:24Z INFO     Train Epoch: 2 [11520/60000 (19%)]	loss=0.6048
2025-04-19T14:49:25Z INFO     Train Epoch: 2 [12800/60000 (21%)]	loss=0.7419
2025-04-19T14:49:25Z INFO     Train Epoch: 2 [14080/60000 (23%)]	loss=0.6997
2025-04-19T14:49:25Z INFO     Train Epoch: 2 [15360/60000 (26%)]	loss=0.7805
2025-04-19T14:49:25Z INFO     Train Epoch: 2 [16640/60000 (28%)]	loss=0.6453
2025-04-19T14:49:25Z INFO     Train Epoch: 2 [17920/60000 (30%)]	loss=0.7503
2025-04-19T14:49:25Z INFO     Train Epoch: 2 [19200/60000 (32%)]	loss=0.5672
2025-04-19T14:49:25Z INFO     Train Epoch: 2 [20480/60000 (34%)]	loss=0.7983
2025-04-19T14:49:25Z INFO     Train Epoch: 2 [21760/60000 (36%)]	loss=0.6856
2025-04-19T14:49:25Z INFO     Train Epoch: 2 [23040/60000 (38%)]	loss=0.6717
2025-04-19T14:49:26Z INFO     Train Epoch: 2 [24320/60000 (41%)]	loss=0.6472
2025-04-19T14:49:26Z INFO     Train Epoch: 2 [25600/60000 (43%)]	loss=0.6488
2025-04-19T14:49:26Z INFO     Train Epoch: 2 [26880/60000 (45%)]	loss=0.7615
2025-04-19T14:49:26Z INFO     Train Epoch: 2 [28160/60000 (47%)]	loss=0.5766
2025-04-19T14:49:26Z INFO     Train Epoch: 2 [29440/60000 (49%)]	loss=0.8766
2025-04-19T14:49:26Z INFO     Train Epoch: 2 [30720/60000 (51%)]	loss=0.6958
2025-04-19T14:49:26Z INFO     Train Epoch: 2 [32000/60000 (53%)]	loss=0.7691
2025-04-19T14:49:26Z INFO     Train Epoch: 2 [33280/60000 (55%)]	loss=0.6696
2025-04-19T14:49:26Z INFO     Train Epoch: 2 [34560/60000 (58%)]	loss=0.5770
2025-04-19T14:49:27Z INFO     Train Epoch: 2 [35840/60000 (60%)]	loss=0.5422
2025-04-19T14:49:27Z INFO     Train Epoch: 2 [37120/60000 (62%)]	loss=0.7490
2025-04-19T14:49:27Z INFO     Train Epoch: 2 [38400/60000 (64%)]	loss=0.6828
2025-04-19T14:49:27Z INFO     Train Epoch: 2 [39680/60000 (66%)]	loss=0.6230
2025-04-19T14:49:27Z INFO     Train Epoch: 2 [40960/60000 (68%)]	loss=0.7630
2025-04-19T14:49:27Z INFO     Train Epoch: 2 [42240/60000 (70%)]	loss=0.7615
2025-04-19T14:49:27Z INFO     Train Epoch: 2 [43520/60000 (72%)]	loss=0.5811
2025-04-19T14:49:27Z INFO     Train Epoch: 2 [44800/60000 (75%)]	loss=0.5782
2025-04-19T14:49:27Z INFO     Train Epoch: 2 [46080/60000 (77%)]	loss=0.6868
2025-04-19T14:49:28Z INFO     Train Epoch: 2 [47360/60000 (79%)]	loss=0.7657
2025-04-19T14:49:28Z INFO     Train Epoch: 2 [48640/60000 (81%)]	loss=0.5823
2025-04-19T14:49:28Z INFO     Train Epoch: 2 [49920/60000 (83%)]	loss=0.6989
2025-04-19T14:49:28Z INFO     Train Epoch: 2 [51200/60000 (85%)]	loss=0.8269
2025-04-19T14:49:28Z INFO     Train Epoch: 2 [52480/60000 (87%)]	loss=0.5805
2025-04-19T14:49:28Z INFO     Train Epoch: 2 [53760/60000 (90%)]	loss=0.5220
2025-04-19T14:49:28Z INFO     Train Epoch: 2 [55040/60000 (92%)]	loss=0.6886
2025-04-19T14:49:28Z INFO     Train Epoch: 2 [56320/60000 (94%)]	loss=0.7086
2025-04-19T14:49:28Z INFO     Train Epoch: 2 [57600/60000 (96%)]	loss=0.5111
2025-04-19T14:49:29Z INFO     Train Epoch: 2 [58880/60000 (98%)]	loss=0.6001
2025-04-19T14:49:29Z INFO     {metricName: accuracy, metricValue: 0.7608};{metricName: loss, metricValue: 0.6532}

2025-04-19T14:49:30Z INFO     Train Epoch: 3 [0/60000 (0%)]	loss=0.5435
2025-04-19T14:49:30Z INFO     Train Epoch: 3 [1280/60000 (2%)]	loss=0.6456
2025-04-19T14:49:30Z INFO     Train Epoch: 3 [2560/60000 (4%)]	loss=0.5536
2025-04-19T14:49:30Z INFO     Train Epoch: 3 [3840/60000 (6%)]	loss=0.5122
2025-04-19T14:49:30Z INFO     Train Epoch: 3 [5120/60000 (9%)]	loss=0.5636
2025-04-19T14:49:30Z INFO     Train Epoch: 3 [6400/60000 (11%)]	loss=0.6521
2025-04-19T14:49:30Z INFO     Train Epoch: 3 [7680/60000 (13%)]	loss=0.5256
2025-04-19T14:49:30Z INFO     Train Epoch: 3 [8960/60000 (15%)]	loss=0.6355
2025-04-19T14:49:30Z INFO     Train Epoch: 3 [10240/60000 (17%)]	loss=0.6499
2025-04-19T14:49:31Z INFO     Train Epoch: 3 [11520/60000 (19%)]	loss=0.4744
2025-04-19T14:49:31Z INFO     Train Epoch: 3 [12800/60000 (21%)]	loss=0.6912
2025-04-19T14:49:31Z INFO     Train Epoch: 3 [14080/60000 (23%)]	loss=0.6621
2025-04-19T14:49:31Z INFO     Train Epoch: 3 [15360/60000 (26%)]	loss=0.6982
2025-04-19T14:49:31Z INFO     Train Epoch: 3 [16640/60000 (28%)]	loss=0.5773
2025-04-19T14:49:31Z INFO     Train Epoch: 3 [17920/60000 (30%)]	loss=0.6517
2025-04-19T14:49:31Z INFO     Train Epoch: 3 [19200/60000 (32%)]	loss=0.6460
2025-04-19T14:49:31Z INFO     Train Epoch: 3 [20480/60000 (34%)]	loss=0.6249
2025-04-19T14:49:31Z INFO     Train Epoch: 3 [21760/60000 (36%)]	loss=0.4621
2025-04-19T14:49:32Z INFO     Train Epoch: 3 [23040/60000 (38%)]	loss=0.7026
2025-04-19T14:49:32Z INFO     Train Epoch: 3 [24320/60000 (41%)]	loss=0.6114
2025-04-19T14:49:32Z INFO     Train Epoch: 3 [25600/60000 (43%)]	loss=0.5654
2025-04-19T14:49:32Z INFO     Train Epoch: 3 [26880/60000 (45%)]	loss=0.5171
2025-04-19T14:49:32Z INFO     Train Epoch: 3 [28160/60000 (47%)]	loss=0.6812
2025-04-19T14:49:32Z INFO     Train Epoch: 3 [29440/60000 (49%)]	loss=0.6105
2025-04-19T14:49:32Z INFO     Train Epoch: 3 [30720/60000 (51%)]	loss=0.6054
2025-04-19T14:49:32Z INFO     Train Epoch: 3 [32000/60000 (53%)]	loss=0.6249
2025-04-19T14:49:32Z INFO     Train Epoch: 3 [33280/60000 (55%)]	loss=0.6737
2025-04-19T14:49:33Z INFO     Train Epoch: 3 [34560/60000 (58%)]	loss=0.5929
2025-04-19T14:49:33Z INFO     Train Epoch: 3 [35840/60000 (60%)]	loss=0.5697
2025-04-19T14:49:33Z INFO     Train Epoch: 3 [37120/60000 (62%)]	loss=0.5755
2025-04-19T14:49:33Z INFO     Train Epoch: 3 [38400/60000 (64%)]	loss=0.4600
2025-04-19T14:49:33Z INFO     Train Epoch: 3 [39680/60000 (66%)]	loss=0.5212
2025-04-19T14:49:33Z INFO     Train Epoch: 3 [40960/60000 (68%)]	loss=0.5734
2025-04-19T14:49:33Z INFO     Train Epoch: 3 [42240/60000 (70%)]	loss=0.5966
2025-04-19T14:49:33Z INFO     Train Epoch: 3 [43520/60000 (72%)]	loss=0.7314
2025-04-19T14:49:33Z INFO     Train Epoch: 3 [44800/60000 (75%)]	loss=0.5768
2025-04-19T14:49:34Z INFO     Train Epoch: 3 [46080/60000 (77%)]	loss=0.5934
2025-04-19T14:49:34Z INFO     Train Epoch: 3 [47360/60000 (79%)]	loss=0.5963
2025-04-19T14:49:34Z INFO     Train Epoch: 3 [48640/60000 (81%)]	loss=0.5146
2025-04-19T14:49:34Z INFO     Train Epoch: 3 [49920/60000 (83%)]	loss=0.6282
2025-04-19T14:49:34Z INFO     Train Epoch: 3 [51200/60000 (85%)]	loss=0.6655
2025-04-19T14:49:34Z INFO     Train Epoch: 3 [52480/60000 (87%)]	loss=0.6348
2025-04-19T14:49:34Z INFO     Train Epoch: 3 [53760/60000 (90%)]	loss=0.6305
2025-04-19T14:49:34Z INFO     Train Epoch: 3 [55040/60000 (92%)]	loss=0.6016
2025-04-19T14:49:34Z INFO     Train Epoch: 3 [56320/60000 (94%)]	loss=0.6402
2025-04-19T14:49:35Z INFO     Train Epoch: 3 [57600/60000 (96%)]	loss=0.5188
2025-04-19T14:49:35Z INFO     Train Epoch: 3 [58880/60000 (98%)]	loss=0.7643
2025-04-19T14:49:36Z INFO     {metricName: accuracy, metricValue: 0.7759};{metricName: loss, metricValue: 0.5949}

2025-04-19T14:49:36Z INFO     Train Epoch: 4 [0/60000 (0%)]	loss=0.6220
2025-04-19T14:49:36Z INFO     Train Epoch: 4 [1280/60000 (2%)]	loss=0.5153
2025-04-19T14:49:36Z INFO     Train Epoch: 4 [2560/60000 (4%)]	loss=0.4986
2025-04-19T14:49:36Z INFO     Train Epoch: 4 [3840/60000 (6%)]	loss=0.5821
2025-04-19T14:49:36Z INFO     Train Epoch: 4 [5120/60000 (9%)]	loss=0.5005
2025-04-19T14:49:36Z INFO     Train Epoch: 4 [6400/60000 (11%)]	loss=0.5477
2025-04-19T14:49:36Z INFO     Train Epoch: 4 [7680/60000 (13%)]	loss=0.6102
2025-04-19T14:49:36Z INFO     Train Epoch: 4 [8960/60000 (15%)]	loss=0.4786
2025-04-19T14:49:36Z INFO     Train Epoch: 4 [10240/60000 (17%)]	loss=0.6008
2025-04-19T14:49:37Z INFO     Train Epoch: 4 [11520/60000 (19%)]	loss=0.4620
2025-04-19T14:49:37Z INFO     Train Epoch: 4 [12800/60000 (21%)]	loss=0.5886
2025-04-19T14:49:37Z INFO     Train Epoch: 4 [14080/60000 (23%)]	loss=0.5856
2025-04-19T14:49:37Z INFO     Train Epoch: 4 [15360/60000 (26%)]	loss=0.6078
2025-04-19T14:49:37Z INFO     Train Epoch: 4 [16640/60000 (28%)]	loss=0.5974
2025-04-19T14:49:37Z INFO     Train Epoch: 4 [17920/60000 (30%)]	loss=0.5377
2025-04-19T14:49:37Z INFO     Train Epoch: 4 [19200/60000 (32%)]	loss=0.5695
2025-04-19T14:49:37Z INFO     Train Epoch: 4 [20480/60000 (34%)]	loss=0.4877
2025-04-19T14:49:37Z INFO     Train Epoch: 4 [21760/60000 (36%)]	loss=0.5471
2025-04-19T14:49:38Z INFO     Train Epoch: 4 [23040/60000 (38%)]	loss=0.6170
2025-04-19T14:49:38Z INFO     Train Epoch: 4 [24320/60000 (41%)]	loss=0.4899
2025-04-19T14:49:38Z INFO     Train Epoch: 4 [25600/60000 (43%)]	loss=0.5082
2025-04-19T14:49:38Z INFO     Train Epoch: 4 [26880/60000 (45%)]	loss=0.6020
2025-04-19T14:49:38Z INFO     Train Epoch: 4 [28160/60000 (47%)]	loss=0.4009
2025-04-19T14:49:38Z INFO     Train Epoch: 4 [29440/60000 (49%)]	loss=0.4862
2025-04-19T14:49:38Z INFO     Train Epoch: 4 [30720/60000 (51%)]	loss=0.5149
2025-04-19T14:49:38Z INFO     Train Epoch: 4 [32000/60000 (53%)]	loss=0.4832
2025-04-19T14:49:38Z INFO     Train Epoch: 4 [33280/60000 (55%)]	loss=0.5311
2025-04-19T14:49:39Z INFO     Train Epoch: 4 [34560/60000 (58%)]	loss=0.5396
2025-04-19T14:49:39Z INFO     Train Epoch: 4 [35840/60000 (60%)]	loss=0.4966
2025-04-19T14:49:39Z INFO     Train Epoch: 4 [37120/60000 (62%)]	loss=0.4552
2025-04-19T14:49:39Z INFO     Train Epoch: 4 [38400/60000 (64%)]	loss=0.5644
2025-04-19T14:49:39Z INFO     Train Epoch: 4 [39680/60000 (66%)]	loss=0.4891
2025-04-19T14:49:39Z INFO     Train Epoch: 4 [40960/60000 (68%)]	loss=0.5183
2025-04-19T14:49:39Z INFO     Train Epoch: 4 [42240/60000 (70%)]	loss=0.6519
2025-04-19T14:49:39Z INFO     Train Epoch: 4 [43520/60000 (72%)]	loss=0.5739
2025-04-19T14:49:39Z INFO     Train Epoch: 4 [44800/60000 (75%)]	loss=0.6388
2025-04-19T14:49:40Z INFO     Train Epoch: 4 [46080/60000 (77%)]	loss=0.5453
2025-04-19T14:49:40Z INFO     Train Epoch: 4 [47360/60000 (79%)]	loss=0.4492
2025-04-19T14:49:40Z INFO     Train Epoch: 4 [48640/60000 (81%)]	loss=0.4378
2025-04-19T14:49:40Z INFO     Train Epoch: 4 [49920/60000 (83%)]	loss=0.5657
2025-04-19T14:49:40Z INFO     Train Epoch: 4 [51200/60000 (85%)]	loss=0.5464
2025-04-19T14:49:40Z INFO     Train Epoch: 4 [52480/60000 (87%)]	loss=0.4791
2025-04-19T14:49:40Z INFO     Train Epoch: 4 [53760/60000 (90%)]	loss=0.4859
2025-04-19T14:49:40Z INFO     Train Epoch: 4 [55040/60000 (92%)]	loss=0.5644
2025-04-19T14:49:40Z INFO     Train Epoch: 4 [56320/60000 (94%)]	loss=0.4382
2025-04-19T14:49:41Z INFO     Train Epoch: 4 [57600/60000 (96%)]	loss=0.3746
2025-04-19T14:49:41Z INFO     Train Epoch: 4 [58880/60000 (98%)]	loss=0.4249
2025-04-19T14:49:42Z INFO     {metricName: accuracy, metricValue: 0.8075};{metricName: loss, metricValue: 0.5314}


real	0m29.648s
user	0m33.700s
sys	0m7.054s
