Using CUDA
2025-04-19T14:49:52Z INFO     Train Epoch: 1 [0/60000 (0%)]	loss=2.3015
2025-04-19T14:49:52Z INFO     Train Epoch: 1 [1280/60000 (2%)]	loss=2.2863
2025-04-19T14:49:52Z INFO     Train Epoch: 1 [2560/60000 (4%)]	loss=2.2854
2025-04-19T14:49:52Z INFO     Train Epoch: 1 [3840/60000 (6%)]	loss=2.2727
2025-04-19T14:49:52Z INFO     Train Epoch: 1 [5120/60000 (9%)]	loss=2.2693
2025-04-19T14:49:52Z INFO     Train Epoch: 1 [6400/60000 (11%)]	loss=2.2500
2025-04-19T14:49:52Z INFO     Train Epoch: 1 [7680/60000 (13%)]	loss=2.2421
2025-04-19T14:49:52Z INFO     Train Epoch: 1 [8960/60000 (15%)]	loss=2.2029
2025-04-19T14:49:52Z INFO     Train Epoch: 1 [10240/60000 (17%)]	loss=2.1878
2025-04-19T14:49:53Z INFO     Train Epoch: 1 [11520/60000 (19%)]	loss=2.1322
2025-04-19T14:49:53Z INFO     Train Epoch: 1 [12800/60000 (21%)]	loss=2.0497
2025-04-19T14:49:53Z INFO     Train Epoch: 1 [14080/60000 (23%)]	loss=1.9478
2025-04-19T14:49:53Z INFO     Train Epoch: 1 [15360/60000 (26%)]	loss=1.7656
2025-04-19T14:49:53Z INFO     Train Epoch: 1 [16640/60000 (28%)]	loss=1.5977
2025-04-19T14:49:53Z INFO     Train Epoch: 1 [17920/60000 (30%)]	loss=1.3736
2025-04-19T14:49:53Z INFO     Train Epoch: 1 [19200/60000 (32%)]	loss=1.3091
2025-04-19T14:49:53Z INFO     Train Epoch: 1 [20480/60000 (34%)]	loss=1.1875
2025-04-19T14:49:53Z INFO     Train Epoch: 1 [21760/60000 (36%)]	loss=1.0813
2025-04-19T14:49:54Z INFO     Train Epoch: 1 [23040/60000 (38%)]	loss=1.0566
2025-04-19T14:49:54Z INFO     Train Epoch: 1 [24320/60000 (41%)]	loss=1.0197
2025-04-19T14:49:54Z INFO     Train Epoch: 1 [25600/60000 (43%)]	loss=0.9024
2025-04-19T14:49:54Z INFO     Train Epoch: 1 [26880/60000 (45%)]	loss=1.0213
2025-04-19T14:49:54Z INFO     Train Epoch: 1 [28160/60000 (47%)]	loss=1.0537
2025-04-19T14:49:54Z INFO     Train Epoch: 1 [29440/60000 (49%)]	loss=0.9015
2025-04-19T14:49:54Z INFO     Train Epoch: 1 [30720/60000 (51%)]	loss=0.7917
2025-04-19T14:49:54Z INFO     Train Epoch: 1 [32000/60000 (53%)]	loss=1.1950
2025-04-19T14:49:54Z INFO     Train Epoch: 1 [33280/60000 (55%)]	loss=1.0266
2025-04-19T14:49:55Z INFO     Train Epoch: 1 [34560/60000 (58%)]	loss=0.9581
2025-04-19T14:49:55Z INFO     Train Epoch: 1 [35840/60000 (60%)]	loss=0.7876
2025-04-19T14:49:55Z INFO     Train Epoch: 1 [37120/60000 (62%)]	loss=0.9314
2025-04-19T14:49:55Z INFO     Train Epoch: 1 [38400/60000 (64%)]	loss=0.9492
2025-04-19T14:49:55Z INFO     Train Epoch: 1 [39680/60000 (66%)]	loss=0.8615
2025-04-19T14:49:55Z INFO     Train Epoch: 1 [40960/60000 (68%)]	loss=0.8076
2025-04-19T14:49:55Z INFO     Train Epoch: 1 [42240/60000 (70%)]	loss=0.8885
2025-04-19T14:49:55Z INFO     Train Epoch: 1 [43520/60000 (72%)]	loss=0.9459
2025-04-19T14:49:55Z INFO     Train Epoch: 1 [44800/60000 (75%)]	loss=0.9361
2025-04-19T14:49:56Z INFO     Train Epoch: 1 [46080/60000 (77%)]	loss=0.8245
2025-04-19T14:49:56Z INFO     Train Epoch: 1 [47360/60000 (79%)]	loss=0.7681
2025-04-19T14:49:56Z INFO     Train Epoch: 1 [48640/60000 (81%)]	loss=0.8689
2025-04-19T14:49:56Z INFO     Train Epoch: 1 [49920/60000 (83%)]	loss=0.8694
2025-04-19T14:49:56Z INFO     Train Epoch: 1 [51200/60000 (85%)]	loss=0.7848
2025-04-19T14:49:56Z INFO     Train Epoch: 1 [52480/60000 (87%)]	loss=0.6915
2025-04-19T14:49:56Z INFO     Train Epoch: 1 [53760/60000 (90%)]	loss=0.8092
2025-04-19T14:49:56Z INFO     Train Epoch: 1 [55040/60000 (92%)]	loss=0.8783
2025-04-19T14:49:56Z INFO     Train Epoch: 1 [56320/60000 (94%)]	loss=0.8602
2025-04-19T14:49:57Z INFO     Train Epoch: 1 [57600/60000 (96%)]	loss=0.9275
2025-04-19T14:49:57Z INFO     Train Epoch: 1 [58880/60000 (98%)]	loss=0.7695
2025-04-19T14:49:58Z INFO     {metricName: accuracy, metricValue: 0.6869};{metricName: loss, metricValue: 0.8303}

2025-04-19T14:49:58Z INFO     Train Epoch: 2 [0/60000 (0%)]	loss=0.7529
2025-04-19T14:49:58Z INFO     Train Epoch: 2 [1280/60000 (2%)]	loss=0.6785
2025-04-19T14:49:58Z INFO     Train Epoch: 2 [2560/60000 (4%)]	loss=0.7753
2025-04-19T14:49:58Z INFO     Train Epoch: 2 [3840/60000 (6%)]	loss=0.7724
2025-04-19T14:49:58Z INFO     Train Epoch: 2 [5120/60000 (9%)]	loss=0.7511
2025-04-19T14:49:58Z INFO     Train Epoch: 2 [6400/60000 (11%)]	loss=0.7408
2025-04-19T14:49:58Z INFO     Train Epoch: 2 [7680/60000 (13%)]	loss=0.7567
2025-04-19T14:49:58Z INFO     Train Epoch: 2 [8960/60000 (15%)]	loss=0.6596
2025-04-19T14:49:58Z INFO     Train Epoch: 2 [10240/60000 (17%)]	loss=0.7540
2025-04-19T14:49:59Z INFO     Train Epoch: 2 [11520/60000 (19%)]	loss=0.6055
2025-04-19T14:49:59Z INFO     Train Epoch: 2 [12800/60000 (21%)]	loss=0.7417
2025-04-19T14:49:59Z INFO     Train Epoch: 2 [14080/60000 (23%)]	loss=0.6995
2025-04-19T14:49:59Z INFO     Train Epoch: 2 [15360/60000 (26%)]	loss=0.7805
2025-04-19T14:49:59Z INFO     Train Epoch: 2 [16640/60000 (28%)]	loss=0.6451
2025-04-19T14:49:59Z INFO     Train Epoch: 2 [17920/60000 (30%)]	loss=0.7491
2025-04-19T14:49:59Z INFO     Train Epoch: 2 [19200/60000 (32%)]	loss=0.5669
2025-04-19T14:49:59Z INFO     Train Epoch: 2 [20480/60000 (34%)]	loss=0.7974
2025-04-19T14:49:59Z INFO     Train Epoch: 2 [21760/60000 (36%)]	loss=0.6867
2025-04-19T14:50:00Z INFO     Train Epoch: 2 [23040/60000 (38%)]	loss=0.6717
2025-04-19T14:50:00Z INFO     Train Epoch: 2 [24320/60000 (41%)]	loss=0.6474
2025-04-19T14:50:00Z INFO     Train Epoch: 2 [25600/60000 (43%)]	loss=0.6500
2025-04-19T14:50:00Z INFO     Train Epoch: 2 [26880/60000 (45%)]	loss=0.7631
2025-04-19T14:50:00Z INFO     Train Epoch: 2 [28160/60000 (47%)]	loss=0.5765
2025-04-19T14:50:00Z INFO     Train Epoch: 2 [29440/60000 (49%)]	loss=0.8764
2025-04-19T14:50:00Z INFO     Train Epoch: 2 [30720/60000 (51%)]	loss=0.6952
2025-04-19T14:50:00Z INFO     Train Epoch: 2 [32000/60000 (53%)]	loss=0.7680
2025-04-19T14:50:00Z INFO     Train Epoch: 2 [33280/60000 (55%)]	loss=0.6709
2025-04-19T14:50:00Z INFO     Train Epoch: 2 [34560/60000 (58%)]	loss=0.5766
2025-04-19T14:50:01Z INFO     Train Epoch: 2 [35840/60000 (60%)]	loss=0.5417
2025-04-19T14:50:01Z INFO     Train Epoch: 2 [37120/60000 (62%)]	loss=0.7466
2025-04-19T14:50:01Z INFO     Train Epoch: 2 [38400/60000 (64%)]	loss=0.6820
2025-04-19T14:50:01Z INFO     Train Epoch: 2 [39680/60000 (66%)]	loss=0.6236
2025-04-19T14:50:01Z INFO     Train Epoch: 2 [40960/60000 (68%)]	loss=0.7639
2025-04-19T14:50:01Z INFO     Train Epoch: 2 [42240/60000 (70%)]	loss=0.7602
2025-04-19T14:50:01Z INFO     Train Epoch: 2 [43520/60000 (72%)]	loss=0.5804
2025-04-19T14:50:01Z INFO     Train Epoch: 2 [44800/60000 (75%)]	loss=0.5770
2025-04-19T14:50:01Z INFO     Train Epoch: 2 [46080/60000 (77%)]	loss=0.6869
2025-04-19T14:50:02Z INFO     Train Epoch: 2 [47360/60000 (79%)]	loss=0.7643
2025-04-19T14:50:02Z INFO     Train Epoch: 2 [48640/60000 (81%)]	loss=0.5826
2025-04-19T14:50:02Z INFO     Train Epoch: 2 [49920/60000 (83%)]	loss=0.6999
2025-04-19T14:50:02Z INFO     Train Epoch: 2 [51200/60000 (85%)]	loss=0.8266
2025-04-19T14:50:02Z INFO     Train Epoch: 2 [52480/60000 (87%)]	loss=0.5810
2025-04-19T14:50:02Z INFO     Train Epoch: 2 [53760/60000 (90%)]	loss=0.5222
2025-04-19T14:50:02Z INFO     Train Epoch: 2 [55040/60000 (92%)]	loss=0.6891
2025-04-19T14:50:02Z INFO     Train Epoch: 2 [56320/60000 (94%)]	loss=0.7077
2025-04-19T14:50:02Z INFO     Train Epoch: 2 [57600/60000 (96%)]	loss=0.5098
2025-04-19T14:50:03Z INFO     Train Epoch: 2 [58880/60000 (98%)]	loss=0.5990
2025-04-19T14:50:03Z INFO     {metricName: accuracy, metricValue: 0.7606};{metricName: loss, metricValue: 0.6531}

2025-04-19T14:50:04Z INFO     Train Epoch: 3 [0/60000 (0%)]	loss=0.5436
2025-04-19T14:50:04Z INFO     Train Epoch: 3 [1280/60000 (2%)]	loss=0.6460
2025-04-19T14:50:04Z INFO     Train Epoch: 3 [2560/60000 (4%)]	loss=0.5530
2025-04-19T14:50:04Z INFO     Train Epoch: 3 [3840/60000 (6%)]	loss=0.5117
2025-04-19T14:50:04Z INFO     Train Epoch: 3 [5120/60000 (9%)]	loss=0.5643
2025-04-19T14:50:04Z INFO     Train Epoch: 3 [6400/60000 (11%)]	loss=0.6519
2025-04-19T14:50:04Z INFO     Train Epoch: 3 [7680/60000 (13%)]	loss=0.5265
2025-04-19T14:50:04Z INFO     Train Epoch: 3 [8960/60000 (15%)]	loss=0.6375
2025-04-19T14:50:04Z INFO     Train Epoch: 3 [10240/60000 (17%)]	loss=0.6503
2025-04-19T14:50:04Z INFO     Train Epoch: 3 [11520/60000 (19%)]	loss=0.4755
2025-04-19T14:50:05Z INFO     Train Epoch: 3 [12800/60000 (21%)]	loss=0.6911
2025-04-19T14:50:05Z INFO     Train Epoch: 3 [14080/60000 (23%)]	loss=0.6594
2025-04-19T14:50:05Z INFO     Train Epoch: 3 [15360/60000 (26%)]	loss=0.7001
2025-04-19T14:50:05Z INFO     Train Epoch: 3 [16640/60000 (28%)]	loss=0.5779
2025-04-19T14:50:05Z INFO     Train Epoch: 3 [17920/60000 (30%)]	loss=0.6543
2025-04-19T14:50:05Z INFO     Train Epoch: 3 [19200/60000 (32%)]	loss=0.6449
2025-04-19T14:50:05Z INFO     Train Epoch: 3 [20480/60000 (34%)]	loss=0.6271
2025-04-19T14:50:05Z INFO     Train Epoch: 3 [21760/60000 (36%)]	loss=0.4621
2025-04-19T14:50:05Z INFO     Train Epoch: 3 [23040/60000 (38%)]	loss=0.7011
2025-04-19T14:50:06Z INFO     Train Epoch: 3 [24320/60000 (41%)]	loss=0.6111
2025-04-19T14:50:06Z INFO     Train Epoch: 3 [25600/60000 (43%)]	loss=0.5664
2025-04-19T14:50:06Z INFO     Train Epoch: 3 [26880/60000 (45%)]	loss=0.5172
2025-04-19T14:50:06Z INFO     Train Epoch: 3 [28160/60000 (47%)]	loss=0.6837
2025-04-19T14:50:06Z INFO     Train Epoch: 3 [29440/60000 (49%)]	loss=0.6104
2025-04-19T14:50:06Z INFO     Train Epoch: 3 [30720/60000 (51%)]	loss=0.6060
2025-04-19T14:50:06Z INFO     Train Epoch: 3 [32000/60000 (53%)]	loss=0.6244
2025-04-19T14:50:06Z INFO     Train Epoch: 3 [33280/60000 (55%)]	loss=0.6730
2025-04-19T14:50:06Z INFO     Train Epoch: 3 [34560/60000 (58%)]	loss=0.5918
2025-04-19T14:50:07Z INFO     Train Epoch: 3 [35840/60000 (60%)]	loss=0.5704
2025-04-19T14:50:07Z INFO     Train Epoch: 3 [37120/60000 (62%)]	loss=0.5756
2025-04-19T14:50:07Z INFO     Train Epoch: 3 [38400/60000 (64%)]	loss=0.4596
2025-04-19T14:50:07Z INFO     Train Epoch: 3 [39680/60000 (66%)]	loss=0.5216
2025-04-19T14:50:07Z INFO     Train Epoch: 3 [40960/60000 (68%)]	loss=0.5734
2025-04-19T14:50:07Z INFO     Train Epoch: 3 [42240/60000 (70%)]	loss=0.5975
2025-04-19T14:50:07Z INFO     Train Epoch: 3 [43520/60000 (72%)]	loss=0.7322
2025-04-19T14:50:07Z INFO     Train Epoch: 3 [44800/60000 (75%)]	loss=0.5756
2025-04-19T14:50:07Z INFO     Train Epoch: 3 [46080/60000 (77%)]	loss=0.5908
2025-04-19T14:50:08Z INFO     Train Epoch: 3 [47360/60000 (79%)]	loss=0.5957
2025-04-19T14:50:08Z INFO     Train Epoch: 3 [48640/60000 (81%)]	loss=0.5167
2025-04-19T14:50:08Z INFO     Train Epoch: 3 [49920/60000 (83%)]	loss=0.6271
2025-04-19T14:50:08Z INFO     Train Epoch: 3 [51200/60000 (85%)]	loss=0.6643
2025-04-19T14:50:08Z INFO     Train Epoch: 3 [52480/60000 (87%)]	loss=0.6345
2025-04-19T14:50:08Z INFO     Train Epoch: 3 [53760/60000 (90%)]	loss=0.6291
2025-04-19T14:50:08Z INFO     Train Epoch: 3 [55040/60000 (92%)]	loss=0.6001
2025-04-19T14:50:08Z INFO     Train Epoch: 3 [56320/60000 (94%)]	loss=0.6383
2025-04-19T14:50:08Z INFO     Train Epoch: 3 [57600/60000 (96%)]	loss=0.5186
2025-04-19T14:50:09Z INFO     Train Epoch: 3 [58880/60000 (98%)]	loss=0.7668
2025-04-19T14:50:09Z INFO     {metricName: accuracy, metricValue: 0.7762};{metricName: loss, metricValue: 0.5953}

2025-04-19T14:50:09Z INFO     Train Epoch: 4 [0/60000 (0%)]	loss=0.6221
2025-04-19T14:50:10Z INFO     Train Epoch: 4 [1280/60000 (2%)]	loss=0.5153
2025-04-19T14:50:10Z INFO     Train Epoch: 4 [2560/60000 (4%)]	loss=0.4984
2025-04-19T14:50:10Z INFO     Train Epoch: 4 [3840/60000 (6%)]	loss=0.5825
2025-04-19T14:50:10Z INFO     Train Epoch: 4 [5120/60000 (9%)]	loss=0.5009
2025-04-19T14:50:10Z INFO     Train Epoch: 4 [6400/60000 (11%)]	loss=0.5482
2025-04-19T14:50:10Z INFO     Train Epoch: 4 [7680/60000 (13%)]	loss=0.6099
2025-04-19T14:50:10Z INFO     Train Epoch: 4 [8960/60000 (15%)]	loss=0.4787
2025-04-19T14:50:10Z INFO     Train Epoch: 4 [10240/60000 (17%)]	loss=0.6010
2025-04-19T14:50:10Z INFO     Train Epoch: 4 [11520/60000 (19%)]	loss=0.4624
2025-04-19T14:50:11Z INFO     Train Epoch: 4 [12800/60000 (21%)]	loss=0.5884
2025-04-19T14:50:11Z INFO     Train Epoch: 4 [14080/60000 (23%)]	loss=0.5857
2025-04-19T14:50:11Z INFO     Train Epoch: 4 [15360/60000 (26%)]	loss=0.6094
2025-04-19T14:50:11Z INFO     Train Epoch: 4 [16640/60000 (28%)]	loss=0.5980
2025-04-19T14:50:11Z INFO     Train Epoch: 4 [17920/60000 (30%)]	loss=0.5372
2025-04-19T14:50:11Z INFO     Train Epoch: 4 [19200/60000 (32%)]	loss=0.5679
2025-04-19T14:50:11Z INFO     Train Epoch: 4 [20480/60000 (34%)]	loss=0.4870
2025-04-19T14:50:11Z INFO     Train Epoch: 4 [21760/60000 (36%)]	loss=0.5483
2025-04-19T14:50:11Z INFO     Train Epoch: 4 [23040/60000 (38%)]	loss=0.6166
2025-04-19T14:50:12Z INFO     Train Epoch: 4 [24320/60000 (41%)]	loss=0.4900
2025-04-19T14:50:12Z INFO     Train Epoch: 4 [25600/60000 (43%)]	loss=0.5085
2025-04-19T14:50:12Z INFO     Train Epoch: 4 [26880/60000 (45%)]	loss=0.6040
2025-04-19T14:50:12Z INFO     Train Epoch: 4 [28160/60000 (47%)]	loss=0.4014
2025-04-19T14:50:12Z INFO     Train Epoch: 4 [29440/60000 (49%)]	loss=0.4870
2025-04-19T14:50:12Z INFO     Train Epoch: 4 [30720/60000 (51%)]	loss=0.5139
2025-04-19T14:50:12Z INFO     Train Epoch: 4 [32000/60000 (53%)]	loss=0.4826
2025-04-19T14:50:12Z INFO     Train Epoch: 4 [33280/60000 (55%)]	loss=0.5304
2025-04-19T14:50:12Z INFO     Train Epoch: 4 [34560/60000 (58%)]	loss=0.5404
2025-04-19T14:50:13Z INFO     Train Epoch: 4 [35840/60000 (60%)]	loss=0.4975
2025-04-19T14:50:13Z INFO     Train Epoch: 4 [37120/60000 (62%)]	loss=0.4538
2025-04-19T14:50:13Z INFO     Train Epoch: 4 [38400/60000 (64%)]	loss=0.5637
2025-04-19T14:50:13Z INFO     Train Epoch: 4 [39680/60000 (66%)]	loss=0.4891
2025-04-19T14:50:13Z INFO     Train Epoch: 4 [40960/60000 (68%)]	loss=0.5176
2025-04-19T14:50:13Z INFO     Train Epoch: 4 [42240/60000 (70%)]	loss=0.6538
2025-04-19T14:50:13Z INFO     Train Epoch: 4 [43520/60000 (72%)]	loss=0.5723
2025-04-19T14:50:13Z INFO     Train Epoch: 4 [44800/60000 (75%)]	loss=0.6401
2025-04-19T14:50:13Z INFO     Train Epoch: 4 [46080/60000 (77%)]	loss=0.5461
2025-04-19T14:50:14Z INFO     Train Epoch: 4 [47360/60000 (79%)]	loss=0.4502
2025-04-19T14:50:14Z INFO     Train Epoch: 4 [48640/60000 (81%)]	loss=0.4375
2025-04-19T14:50:14Z INFO     Train Epoch: 4 [49920/60000 (83%)]	loss=0.5672
2025-04-19T14:50:14Z INFO     Train Epoch: 4 [51200/60000 (85%)]	loss=0.5482
2025-04-19T14:50:14Z INFO     Train Epoch: 4 [52480/60000 (87%)]	loss=0.4790
2025-04-19T14:50:14Z INFO     Train Epoch: 4 [53760/60000 (90%)]	loss=0.4861
2025-04-19T14:50:14Z INFO     Train Epoch: 4 [55040/60000 (92%)]	loss=0.5656
2025-04-19T14:50:14Z INFO     Train Epoch: 4 [56320/60000 (94%)]	loss=0.4382
2025-04-19T14:50:14Z INFO     Train Epoch: 4 [57600/60000 (96%)]	loss=0.3727
2025-04-19T14:50:14Z INFO     Train Epoch: 4 [58880/60000 (98%)]	loss=0.4257
2025-04-19T14:50:15Z INFO     {metricName: accuracy, metricValue: 0.8068};{metricName: loss, metricValue: 0.5319}


real	0m29.305s
user	0m33.288s
sys	0m7.102s
