Using CUDA
Using distributed PyTorch with nccl backend
2025-04-26T09:14:51Z INFO     Added key: store_based_barrier_key:1 to store for rank: 0
2025-04-26T09:14:51Z INFO     Rank 0: Completed store-based barrier for key:store_based_barrier_key:1 with 2 nodes.
Took 9.13 seconds
pytorch-mnist-master-0:7:7 [0] NCCL INFO Bootstrap : Using eth0:10.224.0.50<0>
pytorch-mnist-master-0:7:7 [0] NCCL INFO NET/Plugin : No plugin found (libnccl-net.so), using internal implementation
pytorch-mnist-master-0:7:7 [0] NCCL INFO NET/IB : Using [0]mlx5_0:1/IB ; OOB eth0:10.224.0.50<0>
pytorch-mnist-master-0:7:7 [0] NCCL INFO Using network IB
NCCL version 2.10.3+cuda10.2
pytorch-mnist-master-0:7:93 [0] NCCL INFO NET/IB : GPU Direct RDMA Disabled for HCA 0 'mlx5_0' (no module)
pytorch-mnist-master-0:7:93 [0] NCCL INFO NET/IB : GPU Direct RDMA Disabled for HCA 0 'mlx5_0' (no module)
pytorch-mnist-master-0:7:93 [0] NCCL INFO Channel 00/02 :    0   1
pytorch-mnist-master-0:7:93 [0] NCCL INFO Channel 01/02 :    0   1
pytorch-mnist-master-0:7:93 [0] NCCL INFO Trees [0] 1/-1/-1->0->-1 [1] -1/-1/-1->0->1
pytorch-mnist-master-0:7:93 [0] NCCL INFO Setting affinity for GPU 0 to 0fffff
pytorch-mnist-master-0:7:93 [0] NCCL INFO Channel 00 : 1[100000] -> 0[100000] [receive] via NET/IB/0
pytorch-mnist-master-0:7:93 [0] NCCL INFO Channel 01 : 1[100000] -> 0[100000] [receive] via NET/IB/0
pytorch-mnist-master-0:7:93 [0] NCCL INFO Channel 00 : 0[100000] -> 1[100000] [send] via NET/IB/0
pytorch-mnist-master-0:7:93 [0] NCCL INFO Channel 01 : 0[100000] -> 1[100000] [send] via NET/IB/0
pytorch-mnist-master-0:7:93 [0] NCCL INFO NET/IB: Dev 0 Port 1 qpn 297 mtu 5 LID 157
pytorch-mnist-master-0:7:93 [0] NCCL INFO NET/IB: Dev 0 Port 1 qpn 298 mtu 5 LID 157
pytorch-mnist-master-0:7:93 [0] NCCL INFO Connected all rings
pytorch-mnist-master-0:7:93 [0] NCCL INFO Connected all trees
pytorch-mnist-master-0:7:93 [0] NCCL INFO threadThresholds 8/8/64 | 16/8/64 | 8/8/512
pytorch-mnist-master-0:7:93 [0] NCCL INFO 2 coll channels, 2 p2p channels, 1 p2p channels per peer
pytorch-mnist-master-0:7:93 [0] NCCL INFO comm 0x7f46e80012d0 rank 0 nranks 2 cudaDev 0 busId 100000 - Init COMPLETE
pytorch-mnist-master-0:7:7 [0] NCCL INFO Launch mode Parallel
2025-04-26T09:14:54Z INFO     Train Epoch: 1 [0/60000 (0%)]	loss=2.3015
2025-04-26T09:14:54Z INFO     Reducer buckets have been rebuilt in this iteration.
2025-04-26T09:14:54Z INFO     Train Epoch: 1 [1280/60000 (2%)]	loss=2.2863
2025-04-26T09:14:55Z INFO     Train Epoch: 1 [2560/60000 (4%)]	loss=2.2854
2025-04-26T09:14:55Z INFO     Train Epoch: 1 [3840/60000 (6%)]	loss=2.2727
2025-04-26T09:14:55Z INFO     Train Epoch: 1 [5120/60000 (9%)]	loss=2.2693
2025-04-26T09:14:55Z INFO     Train Epoch: 1 [6400/60000 (11%)]	loss=2.2500
2025-04-26T09:14:55Z INFO     Train Epoch: 1 [7680/60000 (13%)]	loss=2.2421
2025-04-26T09:14:55Z INFO     Train Epoch: 1 [8960/60000 (15%)]	loss=2.2029
2025-04-26T09:14:55Z INFO     Train Epoch: 1 [10240/60000 (17%)]	loss=2.1878
2025-04-26T09:14:55Z INFO     Train Epoch: 1 [11520/60000 (19%)]	loss=2.1322
2025-04-26T09:14:55Z INFO     Train Epoch: 1 [12800/60000 (21%)]	loss=2.0497
2025-04-26T09:14:56Z INFO     Train Epoch: 1 [14080/60000 (23%)]	loss=1.9478
2025-04-26T09:14:56Z INFO     Train Epoch: 1 [15360/60000 (26%)]	loss=1.7657
2025-04-26T09:14:56Z INFO     Train Epoch: 1 [16640/60000 (28%)]	loss=1.5977
2025-04-26T09:14:56Z INFO     Train Epoch: 1 [17920/60000 (30%)]	loss=1.3736
2025-04-26T09:14:56Z INFO     Train Epoch: 1 [19200/60000 (32%)]	loss=1.3093
2025-04-26T09:14:56Z INFO     Train Epoch: 1 [20480/60000 (34%)]	loss=1.1873
2025-04-26T09:14:56Z INFO     Train Epoch: 1 [21760/60000 (36%)]	loss=1.0813
2025-04-26T09:14:56Z INFO     Train Epoch: 1 [23040/60000 (38%)]	loss=1.0566
2025-04-26T09:14:56Z INFO     Train Epoch: 1 [24320/60000 (41%)]	loss=1.0199
2025-04-26T09:14:57Z INFO     Train Epoch: 1 [25600/60000 (43%)]	loss=0.9025
2025-04-26T09:14:57Z INFO     Train Epoch: 1 [26880/60000 (45%)]	loss=1.0207
2025-04-26T09:14:57Z INFO     Train Epoch: 1 [28160/60000 (47%)]	loss=1.0543
2025-04-26T09:14:57Z INFO     Train Epoch: 1 [29440/60000 (49%)]	loss=0.9023
2025-04-26T09:14:57Z INFO     Train Epoch: 1 [30720/60000 (51%)]	loss=0.7913
2025-04-26T09:14:57Z INFO     Train Epoch: 1 [32000/60000 (53%)]	loss=1.1950
2025-04-26T09:14:57Z INFO     Train Epoch: 1 [33280/60000 (55%)]	loss=1.0260
2025-04-26T09:14:57Z INFO     Train Epoch: 1 [34560/60000 (58%)]	loss=0.9564
2025-04-26T09:14:57Z INFO     Train Epoch: 1 [35840/60000 (60%)]	loss=0.7878
2025-04-26T09:14:58Z INFO     Train Epoch: 1 [37120/60000 (62%)]	loss=0.9339
2025-04-26T09:14:58Z INFO     Train Epoch: 1 [38400/60000 (64%)]	loss=0.9518
2025-04-26T09:14:58Z INFO     Train Epoch: 1 [39680/60000 (66%)]	loss=0.8624
2025-04-26T09:14:58Z INFO     Train Epoch: 1 [40960/60000 (68%)]	loss=0.8088
2025-04-26T09:14:58Z INFO     Train Epoch: 1 [42240/60000 (70%)]	loss=0.8880
2025-04-26T09:14:58Z INFO     Train Epoch: 1 [43520/60000 (72%)]	loss=0.9430
2025-04-26T09:14:58Z INFO     Train Epoch: 1 [44800/60000 (75%)]	loss=0.9380
2025-04-26T09:14:58Z INFO     Train Epoch: 1 [46080/60000 (77%)]	loss=0.8247
2025-04-26T09:14:58Z INFO     Train Epoch: 1 [47360/60000 (79%)]	loss=0.7677
2025-04-26T09:14:59Z INFO     Train Epoch: 1 [48640/60000 (81%)]	loss=0.8700
2025-04-26T09:14:59Z INFO     Train Epoch: 1 [49920/60000 (83%)]	loss=0.8705
2025-04-26T09:14:59Z INFO     Train Epoch: 1 [51200/60000 (85%)]	loss=0.7835
2025-04-26T09:14:59Z INFO     Train Epoch: 1 [52480/60000 (87%)]	loss=0.6906
2025-04-26T09:14:59Z INFO     Train Epoch: 1 [53760/60000 (90%)]	loss=0.8094
2025-04-26T09:14:59Z INFO     Train Epoch: 1 [55040/60000 (92%)]	loss=0.8780
2025-04-26T09:14:59Z INFO     Train Epoch: 1 [56320/60000 (94%)]	loss=0.8608
2025-04-26T09:14:59Z INFO     Train Epoch: 1 [57600/60000 (96%)]	loss=0.9274
2025-04-26T09:14:59Z INFO     Train Epoch: 1 [58880/60000 (98%)]	loss=0.7725
2025-04-26T09:15:00Z INFO     {metricName: accuracy, metricValue: 0.6873};{metricName: loss, metricValue: 0.8283}

2025-04-26T09:15:00Z INFO     Train Epoch: 2 [0/60000 (0%)]	loss=0.7514
2025-04-26T09:15:01Z INFO     Train Epoch: 2 [1280/60000 (2%)]	loss=0.6791
2025-04-26T09:15:01Z INFO     Train Epoch: 2 [2560/60000 (4%)]	loss=0.7743
2025-04-26T09:15:01Z INFO     Train Epoch: 2 [3840/60000 (6%)]	loss=0.7719
2025-04-26T09:15:01Z INFO     Train Epoch: 2 [5120/60000 (9%)]	loss=0.7508
2025-04-26T09:15:01Z INFO     Train Epoch: 2 [6400/60000 (11%)]	loss=0.7435
2025-04-26T09:15:01Z INFO     Train Epoch: 2 [7680/60000 (13%)]	loss=0.7569
2025-04-26T09:15:01Z INFO     Train Epoch: 2 [8960/60000 (15%)]	loss=0.6601
2025-04-26T09:15:01Z INFO     Train Epoch: 2 [10240/60000 (17%)]	loss=0.7517
2025-04-26T09:15:01Z INFO     Train Epoch: 2 [11520/60000 (19%)]	loss=0.6040
2025-04-26T09:15:02Z INFO     Train Epoch: 2 [12800/60000 (21%)]	loss=0.7403
2025-04-26T09:15:02Z INFO     Train Epoch: 2 [14080/60000 (23%)]	loss=0.6987
2025-04-26T09:15:02Z INFO     Train Epoch: 2 [15360/60000 (26%)]	loss=0.7823
2025-04-26T09:15:02Z INFO     Train Epoch: 2 [16640/60000 (28%)]	loss=0.6453
2025-04-26T09:15:02Z INFO     Train Epoch: 2 [17920/60000 (30%)]	loss=0.7498
2025-04-26T09:15:02Z INFO     Train Epoch: 2 [19200/60000 (32%)]	loss=0.5684
2025-04-26T09:15:02Z INFO     Train Epoch: 2 [20480/60000 (34%)]	loss=0.7985
2025-04-26T09:15:02Z INFO     Train Epoch: 2 [21760/60000 (36%)]	loss=0.6861
2025-04-26T09:15:03Z INFO     Train Epoch: 2 [23040/60000 (38%)]	loss=0.6725
2025-04-26T09:15:03Z INFO     Train Epoch: 2 [24320/60000 (41%)]	loss=0.6481
2025-04-26T09:15:03Z INFO     Train Epoch: 2 [25600/60000 (43%)]	loss=0.6501
2025-04-26T09:15:03Z INFO     Train Epoch: 2 [26880/60000 (45%)]	loss=0.7616
2025-04-26T09:15:03Z INFO     Train Epoch: 2 [28160/60000 (47%)]	loss=0.5769
2025-04-26T09:15:03Z INFO     Train Epoch: 2 [29440/60000 (49%)]	loss=0.8770
2025-04-26T09:15:03Z INFO     Train Epoch: 2 [30720/60000 (51%)]	loss=0.6955
2025-04-26T09:15:03Z INFO     Train Epoch: 2 [32000/60000 (53%)]	loss=0.7689
2025-04-26T09:15:03Z INFO     Train Epoch: 2 [33280/60000 (55%)]	loss=0.6695
2025-04-26T09:15:04Z INFO     Train Epoch: 2 [34560/60000 (58%)]	loss=0.5767
2025-04-26T09:15:04Z INFO     Train Epoch: 2 [35840/60000 (60%)]	loss=0.5399
2025-04-26T09:15:04Z INFO     Train Epoch: 2 [37120/60000 (62%)]	loss=0.7473
2025-04-26T09:15:04Z INFO     Train Epoch: 2 [38400/60000 (64%)]	loss=0.6813
2025-04-26T09:15:04Z INFO     Train Epoch: 2 [39680/60000 (66%)]	loss=0.6244
2025-04-26T09:15:04Z INFO     Train Epoch: 2 [40960/60000 (68%)]	loss=0.7635
2025-04-26T09:15:04Z INFO     Train Epoch: 2 [42240/60000 (70%)]	loss=0.7590
2025-04-26T09:15:04Z INFO     Train Epoch: 2 [43520/60000 (72%)]	loss=0.5808
2025-04-26T09:15:04Z INFO     Train Epoch: 2 [44800/60000 (75%)]	loss=0.5771
2025-04-26T09:15:05Z INFO     Train Epoch: 2 [46080/60000 (77%)]	loss=0.6866
2025-04-26T09:15:05Z INFO     Train Epoch: 2 [47360/60000 (79%)]	loss=0.7636
2025-04-26T09:15:05Z INFO     Train Epoch: 2 [48640/60000 (81%)]	loss=0.5815
2025-04-26T09:15:05Z INFO     Train Epoch: 2 [49920/60000 (83%)]	loss=0.6973
2025-04-26T09:15:05Z INFO     Train Epoch: 2 [51200/60000 (85%)]	loss=0.8272
2025-04-26T09:15:05Z INFO     Train Epoch: 2 [52480/60000 (87%)]	loss=0.5803
2025-04-26T09:15:05Z INFO     Train Epoch: 2 [53760/60000 (90%)]	loss=0.5219
2025-04-26T09:15:05Z INFO     Train Epoch: 2 [55040/60000 (92%)]	loss=0.6882
2025-04-26T09:15:05Z INFO     Train Epoch: 2 [56320/60000 (94%)]	loss=0.7059
2025-04-26T09:15:06Z INFO     Train Epoch: 2 [57600/60000 (96%)]	loss=0.5113
2025-04-26T09:15:06Z INFO     Train Epoch: 2 [58880/60000 (98%)]	loss=0.5992
2025-04-26T09:15:07Z INFO     {metricName: accuracy, metricValue: 0.7613};{metricName: loss, metricValue: 0.6535}

2025-04-26T09:15:07Z INFO     Train Epoch: 3 [0/60000 (0%)]	loss=0.5436
2025-04-26T09:15:07Z INFO     Train Epoch: 3 [1280/60000 (2%)]	loss=0.6455
2025-04-26T09:15:07Z INFO     Train Epoch: 3 [2560/60000 (4%)]	loss=0.5542
2025-04-26T09:15:07Z INFO     Train Epoch: 3 [3840/60000 (6%)]	loss=0.5124
2025-04-26T09:15:07Z INFO     Train Epoch: 3 [5120/60000 (9%)]	loss=0.5643
2025-04-26T09:15:07Z INFO     Train Epoch: 3 [6400/60000 (11%)]	loss=0.6526
2025-04-26T09:15:07Z INFO     Train Epoch: 3 [7680/60000 (13%)]	loss=0.5252
2025-04-26T09:15:07Z INFO     Train Epoch: 3 [8960/60000 (15%)]	loss=0.6382
2025-04-26T09:15:08Z INFO     Train Epoch: 3 [10240/60000 (17%)]	loss=0.6507
2025-04-26T09:15:08Z INFO     Train Epoch: 3 [11520/60000 (19%)]	loss=0.4749
2025-04-26T09:15:08Z INFO     Train Epoch: 3 [12800/60000 (21%)]	loss=0.6920
2025-04-26T09:15:08Z INFO     Train Epoch: 3 [14080/60000 (23%)]	loss=0.6605
2025-04-26T09:15:08Z INFO     Train Epoch: 3 [15360/60000 (26%)]	loss=0.6992
2025-04-26T09:15:08Z INFO     Train Epoch: 3 [16640/60000 (28%)]	loss=0.5788
2025-04-26T09:15:08Z INFO     Train Epoch: 3 [17920/60000 (30%)]	loss=0.6529
2025-04-26T09:15:08Z INFO     Train Epoch: 3 [19200/60000 (32%)]	loss=0.6459
2025-04-26T09:15:08Z INFO     Train Epoch: 3 [20480/60000 (34%)]	loss=0.6272
2025-04-26T09:15:09Z INFO     Train Epoch: 3 [21760/60000 (36%)]	loss=0.4604
2025-04-26T09:15:09Z INFO     Train Epoch: 3 [23040/60000 (38%)]	loss=0.7000
2025-04-26T09:15:09Z INFO     Train Epoch: 3 [24320/60000 (41%)]	loss=0.6119
2025-04-26T09:15:09Z INFO     Train Epoch: 3 [25600/60000 (43%)]	loss=0.5656
2025-04-26T09:15:09Z INFO     Train Epoch: 3 [26880/60000 (45%)]	loss=0.5179
2025-04-26T09:15:09Z INFO     Train Epoch: 3 [28160/60000 (47%)]	loss=0.6823
2025-04-26T09:15:09Z INFO     Train Epoch: 3 [29440/60000 (49%)]	loss=0.6091
2025-04-26T09:15:09Z INFO     Train Epoch: 3 [30720/60000 (51%)]	loss=0.6056
2025-04-26T09:15:09Z INFO     Train Epoch: 3 [32000/60000 (53%)]	loss=0.6245
2025-04-26T09:15:10Z INFO     Train Epoch: 3 [33280/60000 (55%)]	loss=0.6744
2025-04-26T09:15:10Z INFO     Train Epoch: 3 [34560/60000 (58%)]	loss=0.5938
2025-04-26T09:15:10Z INFO     Train Epoch: 3 [35840/60000 (60%)]	loss=0.5718
2025-04-26T09:15:10Z INFO     Train Epoch: 3 [37120/60000 (62%)]	loss=0.5741
2025-04-26T09:15:10Z INFO     Train Epoch: 3 [38400/60000 (64%)]	loss=0.4602
2025-04-26T09:15:10Z INFO     Train Epoch: 3 [39680/60000 (66%)]	loss=0.5220
2025-04-26T09:15:10Z INFO     Train Epoch: 3 [40960/60000 (68%)]	loss=0.5721
2025-04-26T09:15:10Z INFO     Train Epoch: 3 [42240/60000 (70%)]	loss=0.5985
2025-04-26T09:15:10Z INFO     Train Epoch: 3 [43520/60000 (72%)]	loss=0.7325
2025-04-26T09:15:11Z INFO     Train Epoch: 3 [44800/60000 (75%)]	loss=0.5754
2025-04-26T09:15:11Z INFO     Train Epoch: 3 [46080/60000 (77%)]	loss=0.5919
2025-04-26T09:15:11Z INFO     Train Epoch: 3 [47360/60000 (79%)]	loss=0.5960
2025-04-26T09:15:11Z INFO     Train Epoch: 3 [48640/60000 (81%)]	loss=0.5146
2025-04-26T09:15:11Z INFO     Train Epoch: 3 [49920/60000 (83%)]	loss=0.6284
2025-04-26T09:15:11Z INFO     Train Epoch: 3 [51200/60000 (85%)]	loss=0.6642
2025-04-26T09:15:11Z INFO     Train Epoch: 3 [52480/60000 (87%)]	loss=0.6345
2025-04-26T09:15:11Z INFO     Train Epoch: 3 [53760/60000 (90%)]	loss=0.6305
2025-04-26T09:15:11Z INFO     Train Epoch: 3 [55040/60000 (92%)]	loss=0.5999
2025-04-26T09:15:12Z INFO     Train Epoch: 3 [56320/60000 (94%)]	loss=0.6391
2025-04-26T09:15:12Z INFO     Train Epoch: 3 [57600/60000 (96%)]	loss=0.5196
2025-04-26T09:15:12Z INFO     Train Epoch: 3 [58880/60000 (98%)]	loss=0.7661
2025-04-26T09:15:13Z INFO     {metricName: accuracy, metricValue: 0.7756};{metricName: loss, metricValue: 0.5946}

2025-04-26T09:15:13Z INFO     Train Epoch: 4 [0/60000 (0%)]	loss=0.6220
2025-04-26T09:15:13Z INFO     Train Epoch: 4 [1280/60000 (2%)]	loss=0.5154
2025-04-26T09:15:13Z INFO     Train Epoch: 4 [2560/60000 (4%)]	loss=0.4980
2025-04-26T09:15:13Z INFO     Train Epoch: 4 [3840/60000 (6%)]	loss=0.5832
2025-04-26T09:15:13Z INFO     Train Epoch: 4 [5120/60000 (9%)]	loss=0.5011
2025-04-26T09:15:13Z INFO     Train Epoch: 4 [6400/60000 (11%)]	loss=0.5477
2025-04-26T09:15:13Z INFO     Train Epoch: 4 [7680/60000 (13%)]	loss=0.6106
2025-04-26T09:15:14Z INFO     Train Epoch: 4 [8960/60000 (15%)]	loss=0.4799
2025-04-26T09:15:14Z INFO     Train Epoch: 4 [10240/60000 (17%)]	loss=0.6004
2025-04-26T09:15:14Z INFO     Train Epoch: 4 [11520/60000 (19%)]	loss=0.4625
2025-04-26T09:15:14Z INFO     Train Epoch: 4 [12800/60000 (21%)]	loss=0.5883
2025-04-26T09:15:14Z INFO     Train Epoch: 4 [14080/60000 (23%)]	loss=0.5865
2025-04-26T09:15:14Z INFO     Train Epoch: 4 [15360/60000 (26%)]	loss=0.6094
2025-04-26T09:15:14Z INFO     Train Epoch: 4 [16640/60000 (28%)]	loss=0.5990
2025-04-26T09:15:14Z INFO     Train Epoch: 4 [17920/60000 (30%)]	loss=0.5381
2025-04-26T09:15:15Z INFO     Train Epoch: 4 [19200/60000 (32%)]	loss=0.5676
2025-04-26T09:15:15Z INFO     Train Epoch: 4 [20480/60000 (34%)]	loss=0.4883
2025-04-26T09:15:15Z INFO     Train Epoch: 4 [21760/60000 (36%)]	loss=0.5489
2025-04-26T09:15:15Z INFO     Train Epoch: 4 [23040/60000 (38%)]	loss=0.6154
2025-04-26T09:15:15Z INFO     Train Epoch: 4 [24320/60000 (41%)]	loss=0.4891
2025-04-26T09:15:15Z INFO     Train Epoch: 4 [25600/60000 (43%)]	loss=0.5089
2025-04-26T09:15:15Z INFO     Train Epoch: 4 [26880/60000 (45%)]	loss=0.6043
2025-04-26T09:15:15Z INFO     Train Epoch: 4 [28160/60000 (47%)]	loss=0.4018
2025-04-26T09:15:15Z INFO     Train Epoch: 4 [29440/60000 (49%)]	loss=0.4866
2025-04-26T09:15:16Z INFO     Train Epoch: 4 [30720/60000 (51%)]	loss=0.5150
2025-04-26T09:15:16Z INFO     Train Epoch: 4 [32000/60000 (53%)]	loss=0.4840
2025-04-26T09:15:16Z INFO     Train Epoch: 4 [33280/60000 (55%)]	loss=0.5318
2025-04-26T09:15:16Z INFO     Train Epoch: 4 [34560/60000 (58%)]	loss=0.5392
2025-04-26T09:15:16Z INFO     Train Epoch: 4 [35840/60000 (60%)]	loss=0.4967
2025-04-26T09:15:16Z INFO     Train Epoch: 4 [37120/60000 (62%)]	loss=0.4522
2025-04-26T09:15:16Z INFO     Train Epoch: 4 [38400/60000 (64%)]	loss=0.5653
2025-04-26T09:15:16Z INFO     Train Epoch: 4 [39680/60000 (66%)]	loss=0.4877
2025-04-26T09:15:16Z INFO     Train Epoch: 4 [40960/60000 (68%)]	loss=0.5193
2025-04-26T09:15:17Z INFO     Train Epoch: 4 [42240/60000 (70%)]	loss=0.6522
2025-04-26T09:15:17Z INFO     Train Epoch: 4 [43520/60000 (72%)]	loss=0.5747
2025-04-26T09:15:17Z INFO     Train Epoch: 4 [44800/60000 (75%)]	loss=0.6401
2025-04-26T09:15:17Z INFO     Train Epoch: 4 [46080/60000 (77%)]	loss=0.5458
2025-04-26T09:15:17Z INFO     Train Epoch: 4 [47360/60000 (79%)]	loss=0.4505
2025-04-26T09:15:17Z INFO     Train Epoch: 4 [48640/60000 (81%)]	loss=0.4370
2025-04-26T09:15:17Z INFO     Train Epoch: 4 [49920/60000 (83%)]	loss=0.5663
2025-04-26T09:15:17Z INFO     Train Epoch: 4 [51200/60000 (85%)]	loss=0.5482
2025-04-26T09:15:17Z INFO     Train Epoch: 4 [52480/60000 (87%)]	loss=0.4791
2025-04-26T09:15:18Z INFO     Train Epoch: 4 [53760/60000 (90%)]	loss=0.4874
2025-04-26T09:15:18Z INFO     Train Epoch: 4 [55040/60000 (92%)]	loss=0.5647
2025-04-26T09:15:18Z INFO     Train Epoch: 4 [56320/60000 (94%)]	loss=0.4389
2025-04-26T09:15:18Z INFO     Train Epoch: 4 [57600/60000 (96%)]	loss=0.3736
2025-04-26T09:15:18Z INFO     Train Epoch: 4 [58880/60000 (98%)]	loss=0.4252
2025-04-26T09:15:19Z INFO     {metricName: accuracy, metricValue: 0.8076};{metricName: loss, metricValue: 0.5309}
Took total 37.35 seconds
Took after init_process_group 28.22 seconds


real	0m38.896s
user	1m0.826s
sys	0m15.700s
