Using CUDA
Using distributed PyTorch with nccl backend
2025-04-26T09:17:39Z INFO     Added key: store_based_barrier_key:1 to store for rank: 0
2025-04-26T09:17:39Z INFO     Rank 0: Completed store-based barrier for key:store_based_barrier_key:1 with 2 nodes.
Took 3.76 seconds
pytorch-mnist-master-0:7:7 [0] NCCL INFO Bootstrap : Using eth0:10.224.0.34<0>
pytorch-mnist-master-0:7:7 [0] NCCL INFO NET/Plugin : No plugin found (libnccl-net.so), using internal implementation
pytorch-mnist-master-0:7:7 [0] NCCL INFO NET/IB : Using [0]mlx5_0:1/IB ; OOB eth0:10.224.0.34<0>
pytorch-mnist-master-0:7:7 [0] NCCL INFO Using network IB
NCCL version 2.10.3+cuda10.2
pytorch-mnist-master-0:7:93 [0] NCCL INFO NET/IB : GPU Direct RDMA Disabled for HCA 0 'mlx5_0' (no module)
pytorch-mnist-master-0:7:93 [0] NCCL INFO NET/IB : GPU Direct RDMA Disabled for HCA 0 'mlx5_0' (no module)
pytorch-mnist-master-0:7:93 [0] NCCL INFO Channel 00/02 :    0   1
pytorch-mnist-master-0:7:93 [0] NCCL INFO Channel 01/02 :    0   1
pytorch-mnist-master-0:7:93 [0] NCCL INFO Trees [0] 1/-1/-1->0->-1 [1] -1/-1/-1->0->1
pytorch-mnist-master-0:7:93 [0] NCCL INFO Setting affinity for GPU 0 to 0fffff
pytorch-mnist-master-0:7:93 [0] NCCL INFO Channel 00 : 1[100000] -> 0[100000] [receive] via NET/IB/0
pytorch-mnist-master-0:7:93 [0] NCCL INFO Channel 01 : 1[100000] -> 0[100000] [receive] via NET/IB/0
pytorch-mnist-master-0:7:93 [0] NCCL INFO Channel 00 : 0[100000] -> 1[100000] [send] via NET/IB/0
pytorch-mnist-master-0:7:93 [0] NCCL INFO Channel 01 : 0[100000] -> 1[100000] [send] via NET/IB/0
pytorch-mnist-master-0:7:93 [0] NCCL INFO NET/IB: Dev 0 Port 1 qpn 310 mtu 5 LID 157
pytorch-mnist-master-0:7:93 [0] NCCL INFO NET/IB: Dev 0 Port 1 qpn 311 mtu 5 LID 157
pytorch-mnist-master-0:7:93 [0] NCCL INFO Connected all rings
pytorch-mnist-master-0:7:93 [0] NCCL INFO Connected all trees
pytorch-mnist-master-0:7:93 [0] NCCL INFO threadThresholds 8/8/64 | 16/8/64 | 8/8/512
pytorch-mnist-master-0:7:93 [0] NCCL INFO 2 coll channels, 2 p2p channels, 1 p2p channels per peer
pytorch-mnist-master-0:7:93 [0] NCCL INFO comm 0x7f4ca80012d0 rank 0 nranks 2 cudaDev 0 busId 100000 - Init COMPLETE
pytorch-mnist-master-0:7:7 [0] NCCL INFO Launch mode Parallel
2025-04-26T09:17:43Z INFO     Train Epoch: 1 [0/60000 (0%)]	loss=2.3015
2025-04-26T09:17:43Z INFO     Reducer buckets have been rebuilt in this iteration.
2025-04-26T09:17:43Z INFO     Train Epoch: 1 [1280/60000 (2%)]	loss=2.2863
2025-04-26T09:17:43Z INFO     Train Epoch: 1 [2560/60000 (4%)]	loss=2.2854
2025-04-26T09:17:43Z INFO     Train Epoch: 1 [3840/60000 (6%)]	loss=2.2727
2025-04-26T09:17:43Z INFO     Train Epoch: 1 [5120/60000 (9%)]	loss=2.2693
2025-04-26T09:17:43Z INFO     Train Epoch: 1 [6400/60000 (11%)]	loss=2.2500
2025-04-26T09:17:43Z INFO     Train Epoch: 1 [7680/60000 (13%)]	loss=2.2421
2025-04-26T09:17:44Z INFO     Train Epoch: 1 [8960/60000 (15%)]	loss=2.2029
2025-04-26T09:17:44Z INFO     Train Epoch: 1 [10240/60000 (17%)]	loss=2.1878
2025-04-26T09:17:44Z INFO     Train Epoch: 1 [11520/60000 (19%)]	loss=2.1322
2025-04-26T09:17:44Z INFO     Train Epoch: 1 [12800/60000 (21%)]	loss=2.0497
2025-04-26T09:17:44Z INFO     Train Epoch: 1 [14080/60000 (23%)]	loss=1.9477
2025-04-26T09:17:44Z INFO     Train Epoch: 1 [15360/60000 (26%)]	loss=1.7655
2025-04-26T09:17:44Z INFO     Train Epoch: 1 [16640/60000 (28%)]	loss=1.5975
2025-04-26T09:17:44Z INFO     Train Epoch: 1 [17920/60000 (30%)]	loss=1.3733
2025-04-26T09:17:44Z INFO     Train Epoch: 1 [19200/60000 (32%)]	loss=1.3090
2025-04-26T09:17:45Z INFO     Train Epoch: 1 [20480/60000 (34%)]	loss=1.1861
2025-04-26T09:17:45Z INFO     Train Epoch: 1 [21760/60000 (36%)]	loss=1.0813
2025-04-26T09:17:45Z INFO     Train Epoch: 1 [23040/60000 (38%)]	loss=1.0573
2025-04-26T09:17:45Z INFO     Train Epoch: 1 [24320/60000 (41%)]	loss=1.0207
2025-04-26T09:17:45Z INFO     Train Epoch: 1 [25600/60000 (43%)]	loss=0.9027
2025-04-26T09:17:45Z INFO     Train Epoch: 1 [26880/60000 (45%)]	loss=1.0209
2025-04-26T09:17:45Z INFO     Train Epoch: 1 [28160/60000 (47%)]	loss=1.0537
2025-04-26T09:17:45Z INFO     Train Epoch: 1 [29440/60000 (49%)]	loss=0.9028
2025-04-26T09:17:45Z INFO     Train Epoch: 1 [30720/60000 (51%)]	loss=0.7915
2025-04-26T09:17:46Z INFO     Train Epoch: 1 [32000/60000 (53%)]	loss=1.1956
2025-04-26T09:17:46Z INFO     Train Epoch: 1 [33280/60000 (55%)]	loss=1.0273
2025-04-26T09:17:46Z INFO     Train Epoch: 1 [34560/60000 (58%)]	loss=0.9586
2025-04-26T09:17:46Z INFO     Train Epoch: 1 [35840/60000 (60%)]	loss=0.7885
2025-04-26T09:17:46Z INFO     Train Epoch: 1 [37120/60000 (62%)]	loss=0.9345
2025-04-26T09:17:46Z INFO     Train Epoch: 1 [38400/60000 (64%)]	loss=0.9514
2025-04-26T09:17:46Z INFO     Train Epoch: 1 [39680/60000 (66%)]	loss=0.8625
2025-04-26T09:17:46Z INFO     Train Epoch: 1 [40960/60000 (68%)]	loss=0.8082
2025-04-26T09:17:46Z INFO     Train Epoch: 1 [42240/60000 (70%)]	loss=0.8881
2025-04-26T09:17:47Z INFO     Train Epoch: 1 [43520/60000 (72%)]	loss=0.9451
2025-04-26T09:17:47Z INFO     Train Epoch: 1 [44800/60000 (75%)]	loss=0.9367
2025-04-26T09:17:47Z INFO     Train Epoch: 1 [46080/60000 (77%)]	loss=0.8240
2025-04-26T09:17:47Z INFO     Train Epoch: 1 [47360/60000 (79%)]	loss=0.7683
2025-04-26T09:17:47Z INFO     Train Epoch: 1 [48640/60000 (81%)]	loss=0.8700
2025-04-26T09:17:47Z INFO     Train Epoch: 1 [49920/60000 (83%)]	loss=0.8696
2025-04-26T09:17:47Z INFO     Train Epoch: 1 [51200/60000 (85%)]	loss=0.7863
2025-04-26T09:17:47Z INFO     Train Epoch: 1 [52480/60000 (87%)]	loss=0.6898
2025-04-26T09:17:47Z INFO     Train Epoch: 1 [53760/60000 (90%)]	loss=0.8083
2025-04-26T09:17:48Z INFO     Train Epoch: 1 [55040/60000 (92%)]	loss=0.8807
2025-04-26T09:17:48Z INFO     Train Epoch: 1 [56320/60000 (94%)]	loss=0.8604
2025-04-26T09:17:48Z INFO     Train Epoch: 1 [57600/60000 (96%)]	loss=0.9269
2025-04-26T09:17:48Z INFO     Train Epoch: 1 [58880/60000 (98%)]	loss=0.7710
2025-04-26T09:17:49Z INFO     {metricName: accuracy, metricValue: 0.6878};{metricName: loss, metricValue: 0.8278}

2025-04-26T09:17:49Z INFO     Train Epoch: 2 [0/60000 (0%)]	loss=0.7508
2025-04-26T09:17:49Z INFO     Train Epoch: 2 [1280/60000 (2%)]	loss=0.6785
2025-04-26T09:17:49Z INFO     Train Epoch: 2 [2560/60000 (4%)]	loss=0.7744
2025-04-26T09:17:49Z INFO     Train Epoch: 2 [3840/60000 (6%)]	loss=0.7717
2025-04-26T09:17:49Z INFO     Train Epoch: 2 [5120/60000 (9%)]	loss=0.7501
2025-04-26T09:17:49Z INFO     Train Epoch: 2 [6400/60000 (11%)]	loss=0.7416
2025-04-26T09:17:50Z INFO     Train Epoch: 2 [7680/60000 (13%)]	loss=0.7566
2025-04-26T09:17:50Z INFO     Train Epoch: 2 [8960/60000 (15%)]	loss=0.6591
2025-04-26T09:17:50Z INFO     Train Epoch: 2 [10240/60000 (17%)]	loss=0.7532
2025-04-26T09:17:50Z INFO     Train Epoch: 2 [11520/60000 (19%)]	loss=0.6043
2025-04-26T09:17:50Z INFO     Train Epoch: 2 [12800/60000 (21%)]	loss=0.7419
2025-04-26T09:17:50Z INFO     Train Epoch: 2 [14080/60000 (23%)]	loss=0.6992
2025-04-26T09:17:50Z INFO     Train Epoch: 2 [15360/60000 (26%)]	loss=0.7809
2025-04-26T09:17:50Z INFO     Train Epoch: 2 [16640/60000 (28%)]	loss=0.6447
2025-04-26T09:17:50Z INFO     Train Epoch: 2 [17920/60000 (30%)]	loss=0.7485
2025-04-26T09:17:51Z INFO     Train Epoch: 2 [19200/60000 (32%)]	loss=0.5676
2025-04-26T09:17:51Z INFO     Train Epoch: 2 [20480/60000 (34%)]	loss=0.7977
2025-04-26T09:17:51Z INFO     Train Epoch: 2 [21760/60000 (36%)]	loss=0.6863
2025-04-26T09:17:51Z INFO     Train Epoch: 2 [23040/60000 (38%)]	loss=0.6714
2025-04-26T09:17:51Z INFO     Train Epoch: 2 [24320/60000 (41%)]	loss=0.6471
2025-04-26T09:17:51Z INFO     Train Epoch: 2 [25600/60000 (43%)]	loss=0.6484
2025-04-26T09:17:51Z INFO     Train Epoch: 2 [26880/60000 (45%)]	loss=0.7612
2025-04-26T09:17:51Z INFO     Train Epoch: 2 [28160/60000 (47%)]	loss=0.5770
2025-04-26T09:17:51Z INFO     Train Epoch: 2 [29440/60000 (49%)]	loss=0.8775
2025-04-26T09:17:52Z INFO     Train Epoch: 2 [30720/60000 (51%)]	loss=0.6950
2025-04-26T09:17:52Z INFO     Train Epoch: 2 [32000/60000 (53%)]	loss=0.7685
2025-04-26T09:17:52Z INFO     Train Epoch: 2 [33280/60000 (55%)]	loss=0.6698
2025-04-26T09:17:52Z INFO     Train Epoch: 2 [34560/60000 (58%)]	loss=0.5755
2025-04-26T09:17:52Z INFO     Train Epoch: 2 [35840/60000 (60%)]	loss=0.5414
2025-04-26T09:17:52Z INFO     Train Epoch: 2 [37120/60000 (62%)]	loss=0.7467
2025-04-26T09:17:52Z INFO     Train Epoch: 2 [38400/60000 (64%)]	loss=0.6815
2025-04-26T09:17:52Z INFO     Train Epoch: 2 [39680/60000 (66%)]	loss=0.6224
2025-04-26T09:17:52Z INFO     Train Epoch: 2 [40960/60000 (68%)]	loss=0.7626
2025-04-26T09:17:53Z INFO     Train Epoch: 2 [42240/60000 (70%)]	loss=0.7596
2025-04-26T09:17:53Z INFO     Train Epoch: 2 [43520/60000 (72%)]	loss=0.5803
2025-04-26T09:17:53Z INFO     Train Epoch: 2 [44800/60000 (75%)]	loss=0.5780
2025-04-26T09:17:53Z INFO     Train Epoch: 2 [46080/60000 (77%)]	loss=0.6869
2025-04-26T09:17:53Z INFO     Train Epoch: 2 [47360/60000 (79%)]	loss=0.7644
2025-04-26T09:17:53Z INFO     Train Epoch: 2 [48640/60000 (81%)]	loss=0.5833
2025-04-26T09:17:53Z INFO     Train Epoch: 2 [49920/60000 (83%)]	loss=0.6989
2025-04-26T09:17:53Z INFO     Train Epoch: 2 [51200/60000 (85%)]	loss=0.8271
2025-04-26T09:17:53Z INFO     Train Epoch: 2 [52480/60000 (87%)]	loss=0.5805
2025-04-26T09:17:54Z INFO     Train Epoch: 2 [53760/60000 (90%)]	loss=0.5220
2025-04-26T09:17:54Z INFO     Train Epoch: 2 [55040/60000 (92%)]	loss=0.6894
2025-04-26T09:17:54Z INFO     Train Epoch: 2 [56320/60000 (94%)]	loss=0.7082
2025-04-26T09:17:54Z INFO     Train Epoch: 2 [57600/60000 (96%)]	loss=0.5112
2025-04-26T09:17:54Z INFO     Train Epoch: 2 [58880/60000 (98%)]	loss=0.5995
2025-04-26T09:17:55Z INFO     {metricName: accuracy, metricValue: 0.7606};{metricName: loss, metricValue: 0.6529}

2025-04-26T09:17:55Z INFO     Train Epoch: 3 [0/60000 (0%)]	loss=0.5441
2025-04-26T09:17:55Z INFO     Train Epoch: 3 [1280/60000 (2%)]	loss=0.6463
2025-04-26T09:17:55Z INFO     Train Epoch: 3 [2560/60000 (4%)]	loss=0.5534
2025-04-26T09:17:55Z INFO     Train Epoch: 3 [3840/60000 (6%)]	loss=0.5119
2025-04-26T09:17:55Z INFO     Train Epoch: 3 [5120/60000 (9%)]	loss=0.5642
2025-04-26T09:17:56Z INFO     Train Epoch: 3 [6400/60000 (11%)]	loss=0.6517
2025-04-26T09:17:56Z INFO     Train Epoch: 3 [7680/60000 (13%)]	loss=0.5261
2025-04-26T09:17:56Z INFO     Train Epoch: 3 [8960/60000 (15%)]	loss=0.6374
2025-04-26T09:17:56Z INFO     Train Epoch: 3 [10240/60000 (17%)]	loss=0.6498
2025-04-26T09:17:56Z INFO     Train Epoch: 3 [11520/60000 (19%)]	loss=0.4751
2025-04-26T09:17:56Z INFO     Train Epoch: 3 [12800/60000 (21%)]	loss=0.6920
2025-04-26T09:17:56Z INFO     Train Epoch: 3 [14080/60000 (23%)]	loss=0.6598
2025-04-26T09:17:56Z INFO     Train Epoch: 3 [15360/60000 (26%)]	loss=0.6997
2025-04-26T09:17:56Z INFO     Train Epoch: 3 [16640/60000 (28%)]	loss=0.5767
2025-04-26T09:17:57Z INFO     Train Epoch: 3 [17920/60000 (30%)]	loss=0.6516
2025-04-26T09:17:57Z INFO     Train Epoch: 3 [19200/60000 (32%)]	loss=0.6475
2025-04-26T09:17:57Z INFO     Train Epoch: 3 [20480/60000 (34%)]	loss=0.6269
2025-04-26T09:17:57Z INFO     Train Epoch: 3 [21760/60000 (36%)]	loss=0.4615
2025-04-26T09:17:57Z INFO     Train Epoch: 3 [23040/60000 (38%)]	loss=0.7007
2025-04-26T09:17:57Z INFO     Train Epoch: 3 [24320/60000 (41%)]	loss=0.6113
2025-04-26T09:17:57Z INFO     Train Epoch: 3 [25600/60000 (43%)]	loss=0.5665
2025-04-26T09:17:57Z INFO     Train Epoch: 3 [26880/60000 (45%)]	loss=0.5160
2025-04-26T09:17:57Z INFO     Train Epoch: 3 [28160/60000 (47%)]	loss=0.6816
2025-04-26T09:17:58Z INFO     Train Epoch: 3 [29440/60000 (49%)]	loss=0.6093
2025-04-26T09:17:58Z INFO     Train Epoch: 3 [30720/60000 (51%)]	loss=0.6058
2025-04-26T09:17:58Z INFO     Train Epoch: 3 [32000/60000 (53%)]	loss=0.6248
2025-04-26T09:17:58Z INFO     Train Epoch: 3 [33280/60000 (55%)]	loss=0.6733
2025-04-26T09:17:58Z INFO     Train Epoch: 3 [34560/60000 (58%)]	loss=0.5921
2025-04-26T09:17:58Z INFO     Train Epoch: 3 [35840/60000 (60%)]	loss=0.5722
2025-04-26T09:17:58Z INFO     Train Epoch: 3 [37120/60000 (62%)]	loss=0.5757
2025-04-26T09:17:58Z INFO     Train Epoch: 3 [38400/60000 (64%)]	loss=0.4603
2025-04-26T09:17:58Z INFO     Train Epoch: 3 [39680/60000 (66%)]	loss=0.5212
2025-04-26T09:17:59Z INFO     Train Epoch: 3 [40960/60000 (68%)]	loss=0.5727
2025-04-26T09:17:59Z INFO     Train Epoch: 3 [42240/60000 (70%)]	loss=0.5971
2025-04-26T09:17:59Z INFO     Train Epoch: 3 [43520/60000 (72%)]	loss=0.7317
2025-04-26T09:17:59Z INFO     Train Epoch: 3 [44800/60000 (75%)]	loss=0.5765
2025-04-26T09:17:59Z INFO     Train Epoch: 3 [46080/60000 (77%)]	loss=0.5904
2025-04-26T09:17:59Z INFO     Train Epoch: 3 [47360/60000 (79%)]	loss=0.5947
2025-04-26T09:17:59Z INFO     Train Epoch: 3 [48640/60000 (81%)]	loss=0.5149
2025-04-26T09:17:59Z INFO     Train Epoch: 3 [49920/60000 (83%)]	loss=0.6277
2025-04-26T09:17:59Z INFO     Train Epoch: 3 [51200/60000 (85%)]	loss=0.6634
2025-04-26T09:18:00Z INFO     Train Epoch: 3 [52480/60000 (87%)]	loss=0.6341
2025-04-26T09:18:00Z INFO     Train Epoch: 3 [53760/60000 (90%)]	loss=0.6286
2025-04-26T09:18:00Z INFO     Train Epoch: 3 [55040/60000 (92%)]	loss=0.6013
2025-04-26T09:18:00Z INFO     Train Epoch: 3 [56320/60000 (94%)]	loss=0.6392
2025-04-26T09:18:00Z INFO     Train Epoch: 3 [57600/60000 (96%)]	loss=0.5189
2025-04-26T09:18:00Z INFO     Train Epoch: 3 [58880/60000 (98%)]	loss=0.7655
2025-04-26T09:18:01Z INFO     {metricName: accuracy, metricValue: 0.7751};{metricName: loss, metricValue: 0.5947}

2025-04-26T09:18:01Z INFO     Train Epoch: 4 [0/60000 (0%)]	loss=0.6222
2025-04-26T09:18:01Z INFO     Train Epoch: 4 [1280/60000 (2%)]	loss=0.5163
2025-04-26T09:18:01Z INFO     Train Epoch: 4 [2560/60000 (4%)]	loss=0.4974
2025-04-26T09:18:01Z INFO     Train Epoch: 4 [3840/60000 (6%)]	loss=0.5825
2025-04-26T09:18:02Z INFO     Train Epoch: 4 [5120/60000 (9%)]	loss=0.5008
2025-04-26T09:18:02Z INFO     Train Epoch: 4 [6400/60000 (11%)]	loss=0.5479
2025-04-26T09:18:02Z INFO     Train Epoch: 4 [7680/60000 (13%)]	loss=0.6094
2025-04-26T09:18:02Z INFO     Train Epoch: 4 [8960/60000 (15%)]	loss=0.4804
2025-04-26T09:18:02Z INFO     Train Epoch: 4 [10240/60000 (17%)]	loss=0.6015
2025-04-26T09:18:02Z INFO     Train Epoch: 4 [11520/60000 (19%)]	loss=0.4609
2025-04-26T09:18:02Z INFO     Train Epoch: 4 [12800/60000 (21%)]	loss=0.5893
2025-04-26T09:18:02Z INFO     Train Epoch: 4 [14080/60000 (23%)]	loss=0.5860
2025-04-26T09:18:02Z INFO     Train Epoch: 4 [15360/60000 (26%)]	loss=0.6087
2025-04-26T09:18:03Z INFO     Train Epoch: 4 [16640/60000 (28%)]	loss=0.5994
2025-04-26T09:18:03Z INFO     Train Epoch: 4 [17920/60000 (30%)]	loss=0.5372
2025-04-26T09:18:03Z INFO     Train Epoch: 4 [19200/60000 (32%)]	loss=0.5685
2025-04-26T09:18:03Z INFO     Train Epoch: 4 [20480/60000 (34%)]	loss=0.4880
2025-04-26T09:18:03Z INFO     Train Epoch: 4 [21760/60000 (36%)]	loss=0.5470
2025-04-26T09:18:03Z INFO     Train Epoch: 4 [23040/60000 (38%)]	loss=0.6157
2025-04-26T09:18:03Z INFO     Train Epoch: 4 [24320/60000 (41%)]	loss=0.4909
2025-04-26T09:18:03Z INFO     Train Epoch: 4 [25600/60000 (43%)]	loss=0.5085
2025-04-26T09:18:03Z INFO     Train Epoch: 4 [26880/60000 (45%)]	loss=0.6028
2025-04-26T09:18:04Z INFO     Train Epoch: 4 [28160/60000 (47%)]	loss=0.4002
2025-04-26T09:18:04Z INFO     Train Epoch: 4 [29440/60000 (49%)]	loss=0.4862
2025-04-26T09:18:04Z INFO     Train Epoch: 4 [30720/60000 (51%)]	loss=0.5136
2025-04-26T09:18:04Z INFO     Train Epoch: 4 [32000/60000 (53%)]	loss=0.4844
2025-04-26T09:18:04Z INFO     Train Epoch: 4 [33280/60000 (55%)]	loss=0.5335
2025-04-26T09:18:04Z INFO     Train Epoch: 4 [34560/60000 (58%)]	loss=0.5398
2025-04-26T09:18:04Z INFO     Train Epoch: 4 [35840/60000 (60%)]	loss=0.4967
2025-04-26T09:18:04Z INFO     Train Epoch: 4 [37120/60000 (62%)]	loss=0.4530
2025-04-26T09:18:04Z INFO     Train Epoch: 4 [38400/60000 (64%)]	loss=0.5635
2025-04-26T09:18:05Z INFO     Train Epoch: 4 [39680/60000 (66%)]	loss=0.4890
2025-04-26T09:18:05Z INFO     Train Epoch: 4 [40960/60000 (68%)]	loss=0.5181
2025-04-26T09:18:05Z INFO     Train Epoch: 4 [42240/60000 (70%)]	loss=0.6513
2025-04-26T09:18:05Z INFO     Train Epoch: 4 [43520/60000 (72%)]	loss=0.5711
2025-04-26T09:18:05Z INFO     Train Epoch: 4 [44800/60000 (75%)]	loss=0.6381
2025-04-26T09:18:05Z INFO     Train Epoch: 4 [46080/60000 (77%)]	loss=0.5462
2025-04-26T09:18:05Z INFO     Train Epoch: 4 [47360/60000 (79%)]	loss=0.4499
2025-04-26T09:18:05Z INFO     Train Epoch: 4 [48640/60000 (81%)]	loss=0.4371
2025-04-26T09:18:05Z INFO     Train Epoch: 4 [49920/60000 (83%)]	loss=0.5654
2025-04-26T09:18:06Z INFO     Train Epoch: 4 [51200/60000 (85%)]	loss=0.5479
2025-04-26T09:18:06Z INFO     Train Epoch: 4 [52480/60000 (87%)]	loss=0.4783
2025-04-26T09:18:06Z INFO     Train Epoch: 4 [53760/60000 (90%)]	loss=0.4878
2025-04-26T09:18:06Z INFO     Train Epoch: 4 [55040/60000 (92%)]	loss=0.5651
2025-04-26T09:18:06Z INFO     Train Epoch: 4 [56320/60000 (94%)]	loss=0.4387
2025-04-26T09:18:06Z INFO     Train Epoch: 4 [57600/60000 (96%)]	loss=0.3746
2025-04-26T09:18:06Z INFO     Train Epoch: 4 [58880/60000 (98%)]	loss=0.4261
2025-04-26T09:18:07Z INFO     {metricName: accuracy, metricValue: 0.8072};{metricName: loss, metricValue: 0.5315}

Took total 31.80 seconds
Took after init_process_group 28.04 seconds

real	0m33.284s
user	0m35.530s
sys	0m7.902s
