Using CUDA
Using distributed PyTorch with nccl backend
2025-04-26T09:17:01Z INFO     Added key: store_based_barrier_key:1 to store for rank: 0
2025-04-26T09:17:01Z INFO     Rank 0: Completed store-based barrier for key:store_based_barrier_key:1 with 2 nodes.
Took 3.78 seconds
pytorch-mnist-master-0:7:7 [0] NCCL INFO Bootstrap : Using eth0:10.224.0.54<0>
pytorch-mnist-master-0:7:7 [0] NCCL INFO NET/Plugin : No plugin found (libnccl-net.so), using internal implementation
pytorch-mnist-master-0:7:7 [0] NCCL INFO NET/IB : Using [0]mlx5_0:1/IB ; OOB eth0:10.224.0.54<0>
pytorch-mnist-master-0:7:7 [0] NCCL INFO Using network IB
NCCL version 2.10.3+cuda10.2
pytorch-mnist-master-0:7:93 [0] NCCL INFO NET/IB : GPU Direct RDMA Disabled for HCA 0 'mlx5_0' (no module)
pytorch-mnist-master-0:7:93 [0] NCCL INFO NET/IB : GPU Direct RDMA Disabled for HCA 0 'mlx5_0' (no module)
pytorch-mnist-master-0:7:93 [0] NCCL INFO Channel 00/02 :    0   1
pytorch-mnist-master-0:7:93 [0] NCCL INFO Channel 01/02 :    0   1
pytorch-mnist-master-0:7:93 [0] NCCL INFO Trees [0] 1/-1/-1->0->-1 [1] -1/-1/-1->0->1
pytorch-mnist-master-0:7:93 [0] NCCL INFO Setting affinity for GPU 0 to 0fffff
pytorch-mnist-master-0:7:93 [0] NCCL INFO Channel 00 : 1[100000] -> 0[100000] [receive] via NET/IB/0
pytorch-mnist-master-0:7:93 [0] NCCL INFO Channel 01 : 1[100000] -> 0[100000] [receive] via NET/IB/0
pytorch-mnist-master-0:7:93 [0] NCCL INFO Channel 00 : 0[100000] -> 1[100000] [send] via NET/IB/0
pytorch-mnist-master-0:7:93 [0] NCCL INFO Channel 01 : 0[100000] -> 1[100000] [send] via NET/IB/0
pytorch-mnist-master-0:7:93 [0] NCCL INFO NET/IB: Dev 0 Port 1 qpn 306 mtu 5 LID 157
pytorch-mnist-master-0:7:93 [0] NCCL INFO NET/IB: Dev 0 Port 1 qpn 307 mtu 5 LID 157
pytorch-mnist-master-0:7:93 [0] NCCL INFO Connected all rings
pytorch-mnist-master-0:7:93 [0] NCCL INFO Connected all trees
pytorch-mnist-master-0:7:93 [0] NCCL INFO threadThresholds 8/8/64 | 16/8/64 | 8/8/512
pytorch-mnist-master-0:7:93 [0] NCCL INFO 2 coll channels, 2 p2p channels, 1 p2p channels per peer
pytorch-mnist-master-0:7:93 [0] NCCL INFO comm 0x7fd5680012d0 rank 0 nranks 2 cudaDev 0 busId 100000 - Init COMPLETE
pytorch-mnist-master-0:7:7 [0] NCCL INFO Launch mode Parallel
2025-04-26T09:17:05Z INFO     Train Epoch: 1 [0/60000 (0%)]	loss=2.3015
2025-04-26T09:17:05Z INFO     Reducer buckets have been rebuilt in this iteration.
2025-04-26T09:17:05Z INFO     Train Epoch: 1 [1280/60000 (2%)]	loss=2.2863
2025-04-26T09:17:05Z INFO     Train Epoch: 1 [2560/60000 (4%)]	loss=2.2854
2025-04-26T09:17:05Z INFO     Train Epoch: 1 [3840/60000 (6%)]	loss=2.2727
2025-04-26T09:17:05Z INFO     Train Epoch: 1 [5120/60000 (9%)]	loss=2.2693
2025-04-26T09:17:05Z INFO     Train Epoch: 1 [6400/60000 (11%)]	loss=2.2499
2025-04-26T09:17:05Z INFO     Train Epoch: 1 [7680/60000 (13%)]	loss=2.2420
2025-04-26T09:17:05Z INFO     Train Epoch: 1 [8960/60000 (15%)]	loss=2.2029
2025-04-26T09:17:05Z INFO     Train Epoch: 1 [10240/60000 (17%)]	loss=2.1878
2025-04-26T09:17:06Z INFO     Train Epoch: 1 [11520/60000 (19%)]	loss=2.1322
2025-04-26T09:17:06Z INFO     Train Epoch: 1 [12800/60000 (21%)]	loss=2.0497
2025-04-26T09:17:06Z INFO     Train Epoch: 1 [14080/60000 (23%)]	loss=1.9475
2025-04-26T09:17:06Z INFO     Train Epoch: 1 [15360/60000 (26%)]	loss=1.7655
2025-04-26T09:17:06Z INFO     Train Epoch: 1 [16640/60000 (28%)]	loss=1.5975
2025-04-26T09:17:06Z INFO     Train Epoch: 1 [17920/60000 (30%)]	loss=1.3734
2025-04-26T09:17:06Z INFO     Train Epoch: 1 [19200/60000 (32%)]	loss=1.3092
2025-04-26T09:17:06Z INFO     Train Epoch: 1 [20480/60000 (34%)]	loss=1.1875
2025-04-26T09:17:06Z INFO     Train Epoch: 1 [21760/60000 (36%)]	loss=1.0809
2025-04-26T09:17:07Z INFO     Train Epoch: 1 [23040/60000 (38%)]	loss=1.0567
2025-04-26T09:17:07Z INFO     Train Epoch: 1 [24320/60000 (41%)]	loss=1.0200
2025-04-26T09:17:07Z INFO     Train Epoch: 1 [25600/60000 (43%)]	loss=0.9028
2025-04-26T09:17:07Z INFO     Train Epoch: 1 [26880/60000 (45%)]	loss=1.0217
2025-04-26T09:17:07Z INFO     Train Epoch: 1 [28160/60000 (47%)]	loss=1.0538
2025-04-26T09:17:07Z INFO     Train Epoch: 1 [29440/60000 (49%)]	loss=0.9020
2025-04-26T09:17:07Z INFO     Train Epoch: 1 [30720/60000 (51%)]	loss=0.7914
2025-04-26T09:17:07Z INFO     Train Epoch: 1 [32000/60000 (53%)]	loss=1.1950
2025-04-26T09:17:07Z INFO     Train Epoch: 1 [33280/60000 (55%)]	loss=1.0291
2025-04-26T09:17:08Z INFO     Train Epoch: 1 [34560/60000 (58%)]	loss=0.9573
2025-04-26T09:17:08Z INFO     Train Epoch: 1 [35840/60000 (60%)]	loss=0.7859
2025-04-26T09:17:08Z INFO     Train Epoch: 1 [37120/60000 (62%)]	loss=0.9323
2025-04-26T09:17:08Z INFO     Train Epoch: 1 [38400/60000 (64%)]	loss=0.9519
2025-04-26T09:17:08Z INFO     Train Epoch: 1 [39680/60000 (66%)]	loss=0.8636
2025-04-26T09:17:08Z INFO     Train Epoch: 1 [40960/60000 (68%)]	loss=0.8091
2025-04-26T09:17:08Z INFO     Train Epoch: 1 [42240/60000 (70%)]	loss=0.8887
2025-04-26T09:17:08Z INFO     Train Epoch: 1 [43520/60000 (72%)]	loss=0.9427
2025-04-26T09:17:08Z INFO     Train Epoch: 1 [44800/60000 (75%)]	loss=0.9363
2025-04-26T09:17:09Z INFO     Train Epoch: 1 [46080/60000 (77%)]	loss=0.8249
2025-04-26T09:17:09Z INFO     Train Epoch: 1 [47360/60000 (79%)]	loss=0.7677
2025-04-26T09:17:09Z INFO     Train Epoch: 1 [48640/60000 (81%)]	loss=0.8706
2025-04-26T09:17:09Z INFO     Train Epoch: 1 [49920/60000 (83%)]	loss=0.8694
2025-04-26T09:17:09Z INFO     Train Epoch: 1 [51200/60000 (85%)]	loss=0.7837
2025-04-26T09:17:09Z INFO     Train Epoch: 1 [52480/60000 (87%)]	loss=0.6898
2025-04-26T09:17:09Z INFO     Train Epoch: 1 [53760/60000 (90%)]	loss=0.8084
2025-04-26T09:17:09Z INFO     Train Epoch: 1 [55040/60000 (92%)]	loss=0.8802
2025-04-26T09:17:09Z INFO     Train Epoch: 1 [56320/60000 (94%)]	loss=0.8602
2025-04-26T09:17:10Z INFO     Train Epoch: 1 [57600/60000 (96%)]	loss=0.9272
2025-04-26T09:17:10Z INFO     Train Epoch: 1 [58880/60000 (98%)]	loss=0.7702
2025-04-26T09:17:11Z INFO     {metricName: accuracy, metricValue: 0.6872};{metricName: loss, metricValue: 0.8281}

2025-04-26T09:17:11Z INFO     Train Epoch: 2 [0/60000 (0%)]	loss=0.7514
2025-04-26T09:17:11Z INFO     Train Epoch: 2 [1280/60000 (2%)]	loss=0.6780
2025-04-26T09:17:11Z INFO     Train Epoch: 2 [2560/60000 (4%)]	loss=0.7744
2025-04-26T09:17:11Z INFO     Train Epoch: 2 [3840/60000 (6%)]	loss=0.7716
2025-04-26T09:17:11Z INFO     Train Epoch: 2 [5120/60000 (9%)]	loss=0.7513
2025-04-26T09:17:11Z INFO     Train Epoch: 2 [6400/60000 (11%)]	loss=0.7425
2025-04-26T09:17:11Z INFO     Train Epoch: 2 [7680/60000 (13%)]	loss=0.7582
2025-04-26T09:17:11Z INFO     Train Epoch: 2 [8960/60000 (15%)]	loss=0.6599
2025-04-26T09:17:12Z INFO     Train Epoch: 2 [10240/60000 (17%)]	loss=0.7524
2025-04-26T09:17:12Z INFO     Train Epoch: 2 [11520/60000 (19%)]	loss=0.6037
2025-04-26T09:17:12Z INFO     Train Epoch: 2 [12800/60000 (21%)]	loss=0.7400
2025-04-26T09:17:12Z INFO     Train Epoch: 2 [14080/60000 (23%)]	loss=0.6991
2025-04-26T09:17:12Z INFO     Train Epoch: 2 [15360/60000 (26%)]	loss=0.7802
2025-04-26T09:17:12Z INFO     Train Epoch: 2 [16640/60000 (28%)]	loss=0.6438
2025-04-26T09:17:12Z INFO     Train Epoch: 2 [17920/60000 (30%)]	loss=0.7481
2025-04-26T09:17:12Z INFO     Train Epoch: 2 [19200/60000 (32%)]	loss=0.5676
2025-04-26T09:17:12Z INFO     Train Epoch: 2 [20480/60000 (34%)]	loss=0.7975
2025-04-26T09:17:13Z INFO     Train Epoch: 2 [21760/60000 (36%)]	loss=0.6861
2025-04-26T09:17:13Z INFO     Train Epoch: 2 [23040/60000 (38%)]	loss=0.6717
2025-04-26T09:17:13Z INFO     Train Epoch: 2 [24320/60000 (41%)]	loss=0.6481
2025-04-26T09:17:13Z INFO     Train Epoch: 2 [25600/60000 (43%)]	loss=0.6490
2025-04-26T09:17:13Z INFO     Train Epoch: 2 [26880/60000 (45%)]	loss=0.7604
2025-04-26T09:17:13Z INFO     Train Epoch: 2 [28160/60000 (47%)]	loss=0.5770
2025-04-26T09:17:13Z INFO     Train Epoch: 2 [29440/60000 (49%)]	loss=0.8773
2025-04-26T09:17:13Z INFO     Train Epoch: 2 [30720/60000 (51%)]	loss=0.6957
2025-04-26T09:17:13Z INFO     Train Epoch: 2 [32000/60000 (53%)]	loss=0.7685
2025-04-26T09:17:14Z INFO     Train Epoch: 2 [33280/60000 (55%)]	loss=0.6700
2025-04-26T09:17:14Z INFO     Train Epoch: 2 [34560/60000 (58%)]	loss=0.5764
2025-04-26T09:17:14Z INFO     Train Epoch: 2 [35840/60000 (60%)]	loss=0.5406
2025-04-26T09:17:14Z INFO     Train Epoch: 2 [37120/60000 (62%)]	loss=0.7461
2025-04-26T09:17:14Z INFO     Train Epoch: 2 [38400/60000 (64%)]	loss=0.6825
2025-04-26T09:17:14Z INFO     Train Epoch: 2 [39680/60000 (66%)]	loss=0.6227
2025-04-26T09:17:14Z INFO     Train Epoch: 2 [40960/60000 (68%)]	loss=0.7625
2025-04-26T09:17:14Z INFO     Train Epoch: 2 [42240/60000 (70%)]	loss=0.7605
2025-04-26T09:17:14Z INFO     Train Epoch: 2 [43520/60000 (72%)]	loss=0.5805
2025-04-26T09:17:15Z INFO     Train Epoch: 2 [44800/60000 (75%)]	loss=0.5785
2025-04-26T09:17:15Z INFO     Train Epoch: 2 [46080/60000 (77%)]	loss=0.6856
2025-04-26T09:17:15Z INFO     Train Epoch: 2 [47360/60000 (79%)]	loss=0.7655
2025-04-26T09:17:15Z INFO     Train Epoch: 2 [48640/60000 (81%)]	loss=0.5826
2025-04-26T09:17:15Z INFO     Train Epoch: 2 [49920/60000 (83%)]	loss=0.6981
2025-04-26T09:17:15Z INFO     Train Epoch: 2 [51200/60000 (85%)]	loss=0.8268
2025-04-26T09:17:15Z INFO     Train Epoch: 2 [52480/60000 (87%)]	loss=0.5802
2025-04-26T09:17:15Z INFO     Train Epoch: 2 [53760/60000 (90%)]	loss=0.5221
2025-04-26T09:17:15Z INFO     Train Epoch: 2 [55040/60000 (92%)]	loss=0.6890
2025-04-26T09:17:16Z INFO     Train Epoch: 2 [56320/60000 (94%)]	loss=0.7077
2025-04-26T09:17:16Z INFO     Train Epoch: 2 [57600/60000 (96%)]	loss=0.5104
2025-04-26T09:17:16Z INFO     Train Epoch: 2 [58880/60000 (98%)]	loss=0.5995
2025-04-26T09:17:17Z INFO     {metricName: accuracy, metricValue: 0.7607};{metricName: loss, metricValue: 0.6535}

2025-04-26T09:17:17Z INFO     Train Epoch: 3 [0/60000 (0%)]	loss=0.5438
2025-04-26T09:17:17Z INFO     Train Epoch: 3 [1280/60000 (2%)]	loss=0.6468
2025-04-26T09:17:17Z INFO     Train Epoch: 3 [2560/60000 (4%)]	loss=0.5525
2025-04-26T09:17:17Z INFO     Train Epoch: 3 [3840/60000 (6%)]	loss=0.5129
2025-04-26T09:17:17Z INFO     Train Epoch: 3 [5120/60000 (9%)]	loss=0.5643
2025-04-26T09:17:17Z INFO     Train Epoch: 3 [6400/60000 (11%)]	loss=0.6522
2025-04-26T09:17:17Z INFO     Train Epoch: 3 [7680/60000 (13%)]	loss=0.5270
2025-04-26T09:17:18Z INFO     Train Epoch: 3 [8960/60000 (15%)]	loss=0.6370
2025-04-26T09:17:18Z INFO     Train Epoch: 3 [10240/60000 (17%)]	loss=0.6497
2025-04-26T09:17:18Z INFO     Train Epoch: 3 [11520/60000 (19%)]	loss=0.4754
2025-04-26T09:17:18Z INFO     Train Epoch: 3 [12800/60000 (21%)]	loss=0.6916
2025-04-26T09:17:18Z INFO     Train Epoch: 3 [14080/60000 (23%)]	loss=0.6610
2025-04-26T09:17:18Z INFO     Train Epoch: 3 [15360/60000 (26%)]	loss=0.7001
2025-04-26T09:17:18Z INFO     Train Epoch: 3 [16640/60000 (28%)]	loss=0.5767
2025-04-26T09:17:18Z INFO     Train Epoch: 3 [17920/60000 (30%)]	loss=0.6519
2025-04-26T09:17:18Z INFO     Train Epoch: 3 [19200/60000 (32%)]	loss=0.6456
2025-04-26T09:17:19Z INFO     Train Epoch: 3 [20480/60000 (34%)]	loss=0.6257
2025-04-26T09:17:19Z INFO     Train Epoch: 3 [21760/60000 (36%)]	loss=0.4617
2025-04-26T09:17:19Z INFO     Train Epoch: 3 [23040/60000 (38%)]	loss=0.7010
2025-04-26T09:17:19Z INFO     Train Epoch: 3 [24320/60000 (41%)]	loss=0.6106
2025-04-26T09:17:19Z INFO     Train Epoch: 3 [25600/60000 (43%)]	loss=0.5666
2025-04-26T09:17:19Z INFO     Train Epoch: 3 [26880/60000 (45%)]	loss=0.5169
2025-04-26T09:17:19Z INFO     Train Epoch: 3 [28160/60000 (47%)]	loss=0.6811
2025-04-26T09:17:19Z INFO     Train Epoch: 3 [29440/60000 (49%)]	loss=0.6093
2025-04-26T09:17:19Z INFO     Train Epoch: 3 [30720/60000 (51%)]	loss=0.6053
2025-04-26T09:17:20Z INFO     Train Epoch: 3 [32000/60000 (53%)]	loss=0.6252
2025-04-26T09:17:20Z INFO     Train Epoch: 3 [33280/60000 (55%)]	loss=0.6746
2025-04-26T09:17:20Z INFO     Train Epoch: 3 [34560/60000 (58%)]	loss=0.5909
2025-04-26T09:17:20Z INFO     Train Epoch: 3 [35840/60000 (60%)]	loss=0.5729
2025-04-26T09:17:20Z INFO     Train Epoch: 3 [37120/60000 (62%)]	loss=0.5756
2025-04-26T09:17:20Z INFO     Train Epoch: 3 [38400/60000 (64%)]	loss=0.4610
2025-04-26T09:17:20Z INFO     Train Epoch: 3 [39680/60000 (66%)]	loss=0.5209
2025-04-26T09:17:20Z INFO     Train Epoch: 3 [40960/60000 (68%)]	loss=0.5732
2025-04-26T09:17:20Z INFO     Train Epoch: 3 [42240/60000 (70%)]	loss=0.5975
2025-04-26T09:17:21Z INFO     Train Epoch: 3 [43520/60000 (72%)]	loss=0.7317
2025-04-26T09:17:21Z INFO     Train Epoch: 3 [44800/60000 (75%)]	loss=0.5752
2025-04-26T09:17:21Z INFO     Train Epoch: 3 [46080/60000 (77%)]	loss=0.5905
2025-04-26T09:17:21Z INFO     Train Epoch: 3 [47360/60000 (79%)]	loss=0.5969
2025-04-26T09:17:21Z INFO     Train Epoch: 3 [48640/60000 (81%)]	loss=0.5158
2025-04-26T09:17:21Z INFO     Train Epoch: 3 [49920/60000 (83%)]	loss=0.6275
2025-04-26T09:17:21Z INFO     Train Epoch: 3 [51200/60000 (85%)]	loss=0.6638
2025-04-26T09:17:21Z INFO     Train Epoch: 3 [52480/60000 (87%)]	loss=0.6337
2025-04-26T09:17:21Z INFO     Train Epoch: 3 [53760/60000 (90%)]	loss=0.6301
2025-04-26T09:17:22Z INFO     Train Epoch: 3 [55040/60000 (92%)]	loss=0.6006
2025-04-26T09:17:22Z INFO     Train Epoch: 3 [56320/60000 (94%)]	loss=0.6398
2025-04-26T09:17:22Z INFO     Train Epoch: 3 [57600/60000 (96%)]	loss=0.5197
2025-04-26T09:17:22Z INFO     Train Epoch: 3 [58880/60000 (98%)]	loss=0.7672
2025-04-26T09:17:23Z INFO     {metricName: accuracy, metricValue: 0.7753};{metricName: loss, metricValue: 0.5950}

2025-04-26T09:17:23Z INFO     Train Epoch: 4 [0/60000 (0%)]	loss=0.6217
2025-04-26T09:17:23Z INFO     Train Epoch: 4 [1280/60000 (2%)]	loss=0.5156
2025-04-26T09:17:23Z INFO     Train Epoch: 4 [2560/60000 (4%)]	loss=0.4970
2025-04-26T09:17:23Z INFO     Train Epoch: 4 [3840/60000 (6%)]	loss=0.5827
2025-04-26T09:17:23Z INFO     Train Epoch: 4 [5120/60000 (9%)]	loss=0.5005
2025-04-26T09:17:23Z INFO     Train Epoch: 4 [6400/60000 (11%)]	loss=0.5480
2025-04-26T09:17:24Z INFO     Train Epoch: 4 [7680/60000 (13%)]	loss=0.6091
2025-04-26T09:17:24Z INFO     Train Epoch: 4 [8960/60000 (15%)]	loss=0.4810
2025-04-26T09:17:24Z INFO     Train Epoch: 4 [10240/60000 (17%)]	loss=0.6008
2025-04-26T09:17:24Z INFO     Train Epoch: 4 [11520/60000 (19%)]	loss=0.4611
2025-04-26T09:17:24Z INFO     Train Epoch: 4 [12800/60000 (21%)]	loss=0.5895
2025-04-26T09:17:24Z INFO     Train Epoch: 4 [14080/60000 (23%)]	loss=0.5861
2025-04-26T09:17:24Z INFO     Train Epoch: 4 [15360/60000 (26%)]	loss=0.6093
2025-04-26T09:17:24Z INFO     Train Epoch: 4 [16640/60000 (28%)]	loss=0.5975
2025-04-26T09:17:24Z INFO     Train Epoch: 4 [17920/60000 (30%)]	loss=0.5378
2025-04-26T09:17:25Z INFO     Train Epoch: 4 [19200/60000 (32%)]	loss=0.5681
2025-04-26T09:17:25Z INFO     Train Epoch: 4 [20480/60000 (34%)]	loss=0.4885
2025-04-26T09:17:25Z INFO     Train Epoch: 4 [21760/60000 (36%)]	loss=0.5477
2025-04-26T09:17:25Z INFO     Train Epoch: 4 [23040/60000 (38%)]	loss=0.6167
2025-04-26T09:17:25Z INFO     Train Epoch: 4 [24320/60000 (41%)]	loss=0.4892
2025-04-26T09:17:25Z INFO     Train Epoch: 4 [25600/60000 (43%)]	loss=0.5083
2025-04-26T09:17:25Z INFO     Train Epoch: 4 [26880/60000 (45%)]	loss=0.6025
2025-04-26T09:17:25Z INFO     Train Epoch: 4 [28160/60000 (47%)]	loss=0.4011
2025-04-26T09:17:25Z INFO     Train Epoch: 4 [29440/60000 (49%)]	loss=0.4856
2025-04-26T09:17:26Z INFO     Train Epoch: 4 [30720/60000 (51%)]	loss=0.5142
2025-04-26T09:17:26Z INFO     Train Epoch: 4 [32000/60000 (53%)]	loss=0.4839
2025-04-26T09:17:26Z INFO     Train Epoch: 4 [33280/60000 (55%)]	loss=0.5320
2025-04-26T09:17:26Z INFO     Train Epoch: 4 [34560/60000 (58%)]	loss=0.5399
2025-04-26T09:17:26Z INFO     Train Epoch: 4 [35840/60000 (60%)]	loss=0.4967
2025-04-26T09:17:26Z INFO     Train Epoch: 4 [37120/60000 (62%)]	loss=0.4526
2025-04-26T09:17:26Z INFO     Train Epoch: 4 [38400/60000 (64%)]	loss=0.5643
2025-04-26T09:17:26Z INFO     Train Epoch: 4 [39680/60000 (66%)]	loss=0.4879
2025-04-26T09:17:26Z INFO     Train Epoch: 4 [40960/60000 (68%)]	loss=0.5183
2025-04-26T09:17:27Z INFO     Train Epoch: 4 [42240/60000 (70%)]	loss=0.6526
2025-04-26T09:17:27Z INFO     Train Epoch: 4 [43520/60000 (72%)]	loss=0.5732
2025-04-26T09:17:27Z INFO     Train Epoch: 4 [44800/60000 (75%)]	loss=0.6391
2025-04-26T09:17:27Z INFO     Train Epoch: 4 [46080/60000 (77%)]	loss=0.5453
2025-04-26T09:17:27Z INFO     Train Epoch: 4 [47360/60000 (79%)]	loss=0.4498
2025-04-26T09:17:27Z INFO     Train Epoch: 4 [48640/60000 (81%)]	loss=0.4369
2025-04-26T09:17:27Z INFO     Train Epoch: 4 [49920/60000 (83%)]	loss=0.5656
2025-04-26T09:17:27Z INFO     Train Epoch: 4 [51200/60000 (85%)]	loss=0.5507
2025-04-26T09:17:27Z INFO     Train Epoch: 4 [52480/60000 (87%)]	loss=0.4791
2025-04-26T09:17:28Z INFO     Train Epoch: 4 [53760/60000 (90%)]	loss=0.4861
2025-04-26T09:17:28Z INFO     Train Epoch: 4 [55040/60000 (92%)]	loss=0.5655
2025-04-26T09:17:28Z INFO     Train Epoch: 4 [56320/60000 (94%)]	loss=0.4403
2025-04-26T09:17:28Z INFO     Train Epoch: 4 [57600/60000 (96%)]	loss=0.3736
2025-04-26T09:17:28Z INFO     Train Epoch: 4 [58880/60000 (98%)]	loss=0.4251
2025-04-26T09:17:29Z INFO     {metricName: accuracy, metricValue: 0.8078};{metricName: loss, metricValue: 0.5312}

Took total 31.73 seconds
Took after init_process_group 27.96 seconds

real	0m33.241s
user	1m0.146s
sys	0m15.728s
