Using CUDA
Using distributed PyTorch with nccl backend
2025-04-19T15:23:19Z INFO     Added key: store_based_barrier_key:1 to store for rank: 0
2025-04-19T15:23:19Z INFO     Rank 0: Completed store-based barrier for key:store_based_barrier_key:1 with 2 nodes.
2025-04-19T15:23:23Z INFO     Train Epoch: 1 [0/60000 (0%)]	loss=2.3015
2025-04-19T15:23:23Z INFO     Reducer buckets have been rebuilt in this iteration.
2025-04-19T15:23:23Z INFO     Train Epoch: 1 [1280/60000 (2%)]	loss=2.2863
2025-04-19T15:23:23Z INFO     Train Epoch: 1 [2560/60000 (4%)]	loss=2.2854
2025-04-19T15:23:23Z INFO     Train Epoch: 1 [3840/60000 (6%)]	loss=2.2727
2025-04-19T15:23:23Z INFO     Train Epoch: 1 [5120/60000 (9%)]	loss=2.2693
2025-04-19T15:23:23Z INFO     Train Epoch: 1 [6400/60000 (11%)]	loss=2.2499
2025-04-19T15:23:23Z INFO     Train Epoch: 1 [7680/60000 (13%)]	loss=2.2420
2025-04-19T15:23:24Z INFO     Train Epoch: 1 [8960/60000 (15%)]	loss=2.2029
2025-04-19T15:23:24Z INFO     Train Epoch: 1 [10240/60000 (17%)]	loss=2.1878
2025-04-19T15:23:24Z INFO     Train Epoch: 1 [11520/60000 (19%)]	loss=2.1322
2025-04-19T15:23:24Z INFO     Train Epoch: 1 [12800/60000 (21%)]	loss=2.0496
2025-04-19T15:23:24Z INFO     Train Epoch: 1 [14080/60000 (23%)]	loss=1.9475
2025-04-19T15:23:24Z INFO     Train Epoch: 1 [15360/60000 (26%)]	loss=1.7654
2025-04-19T15:23:24Z INFO     Train Epoch: 1 [16640/60000 (28%)]	loss=1.5975
2025-04-19T15:23:24Z INFO     Train Epoch: 1 [17920/60000 (30%)]	loss=1.3733
2025-04-19T15:23:24Z INFO     Train Epoch: 1 [19200/60000 (32%)]	loss=1.3092
2025-04-19T15:23:25Z INFO     Train Epoch: 1 [20480/60000 (34%)]	loss=1.1869
2025-04-19T15:23:25Z INFO     Train Epoch: 1 [21760/60000 (36%)]	loss=1.0811
2025-04-19T15:23:25Z INFO     Train Epoch: 1 [23040/60000 (38%)]	loss=1.0569
2025-04-19T15:23:25Z INFO     Train Epoch: 1 [24320/60000 (41%)]	loss=1.0201
2025-04-19T15:23:25Z INFO     Train Epoch: 1 [25600/60000 (43%)]	loss=0.9026
2025-04-19T15:23:25Z INFO     Train Epoch: 1 [26880/60000 (45%)]	loss=1.0223
2025-04-19T15:23:25Z INFO     Train Epoch: 1 [28160/60000 (47%)]	loss=1.0539
2025-04-19T15:23:25Z INFO     Train Epoch: 1 [29440/60000 (49%)]	loss=0.9030
2025-04-19T15:23:25Z INFO     Train Epoch: 1 [30720/60000 (51%)]	loss=0.7909
2025-04-19T15:23:26Z INFO     Train Epoch: 1 [32000/60000 (53%)]	loss=1.1952
2025-04-19T15:23:26Z INFO     Train Epoch: 1 [33280/60000 (55%)]	loss=1.0278
2025-04-19T15:23:26Z INFO     Train Epoch: 1 [34560/60000 (58%)]	loss=0.9577
2025-04-19T15:23:26Z INFO     Train Epoch: 1 [35840/60000 (60%)]	loss=0.7873
2025-04-19T15:23:26Z INFO     Train Epoch: 1 [37120/60000 (62%)]	loss=0.9327
2025-04-19T15:23:26Z INFO     Train Epoch: 1 [38400/60000 (64%)]	loss=0.9503
2025-04-19T15:23:26Z INFO     Train Epoch: 1 [39680/60000 (66%)]	loss=0.8626
2025-04-19T15:23:26Z INFO     Train Epoch: 1 [40960/60000 (68%)]	loss=0.8075
2025-04-19T15:23:26Z INFO     Train Epoch: 1 [42240/60000 (70%)]	loss=0.8879
2025-04-19T15:23:27Z INFO     Train Epoch: 1 [43520/60000 (72%)]	loss=0.9448
2025-04-19T15:23:27Z INFO     Train Epoch: 1 [44800/60000 (75%)]	loss=0.9370
2025-04-19T15:23:27Z INFO     Train Epoch: 1 [46080/60000 (77%)]	loss=0.8254
2025-04-19T15:23:27Z INFO     Train Epoch: 1 [47360/60000 (79%)]	loss=0.7678
2025-04-19T15:23:27Z INFO     Train Epoch: 1 [48640/60000 (81%)]	loss=0.8690
2025-04-19T15:23:27Z INFO     Train Epoch: 1 [49920/60000 (83%)]	loss=0.8702
2025-04-19T15:23:27Z INFO     Train Epoch: 1 [51200/60000 (85%)]	loss=0.7844
2025-04-19T15:23:27Z INFO     Train Epoch: 1 [52480/60000 (87%)]	loss=0.6907
2025-04-19T15:23:27Z INFO     Train Epoch: 1 [53760/60000 (90%)]	loss=0.8085
2025-04-19T15:23:27Z INFO     Train Epoch: 1 [55040/60000 (92%)]	loss=0.8796
2025-04-19T15:23:28Z INFO     Train Epoch: 1 [56320/60000 (94%)]	loss=0.8610
2025-04-19T15:23:28Z INFO     Train Epoch: 1 [57600/60000 (96%)]	loss=0.9269
2025-04-19T15:23:28Z INFO     Train Epoch: 1 [58880/60000 (98%)]	loss=0.7711
2025-04-19T15:23:29Z INFO     {metricName: accuracy, metricValue: 0.6875};{metricName: loss, metricValue: 0.8287}

2025-04-19T15:23:29Z INFO     Train Epoch: 2 [0/60000 (0%)]	loss=0.7517
2025-04-19T15:23:29Z INFO     Train Epoch: 2 [1280/60000 (2%)]	loss=0.6791
2025-04-19T15:23:29Z INFO     Train Epoch: 2 [2560/60000 (4%)]	loss=0.7748
2025-04-19T15:23:29Z INFO     Train Epoch: 2 [3840/60000 (6%)]	loss=0.7719
2025-04-19T15:23:29Z INFO     Train Epoch: 2 [5120/60000 (9%)]	loss=0.7504
2025-04-19T15:23:29Z INFO     Train Epoch: 2 [6400/60000 (11%)]	loss=0.7426
2025-04-19T15:23:29Z INFO     Train Epoch: 2 [7680/60000 (13%)]	loss=0.7575
2025-04-19T15:23:30Z INFO     Train Epoch: 2 [8960/60000 (15%)]	loss=0.6595
2025-04-19T15:23:30Z INFO     Train Epoch: 2 [10240/60000 (17%)]	loss=0.7526
2025-04-19T15:23:30Z INFO     Train Epoch: 2 [11520/60000 (19%)]	loss=0.6048
2025-04-19T15:23:30Z INFO     Train Epoch: 2 [12800/60000 (21%)]	loss=0.7413
2025-04-19T15:23:30Z INFO     Train Epoch: 2 [14080/60000 (23%)]	loss=0.6998
2025-04-19T15:23:30Z INFO     Train Epoch: 2 [15360/60000 (26%)]	loss=0.7816
2025-04-19T15:23:30Z INFO     Train Epoch: 2 [16640/60000 (28%)]	loss=0.6445
2025-04-19T15:23:30Z INFO     Train Epoch: 2 [17920/60000 (30%)]	loss=0.7491
2025-04-19T15:23:30Z INFO     Train Epoch: 2 [19200/60000 (32%)]	loss=0.5680
2025-04-19T15:23:31Z INFO     Train Epoch: 2 [20480/60000 (34%)]	loss=0.7976
2025-04-19T15:23:31Z INFO     Train Epoch: 2 [21760/60000 (36%)]	loss=0.6860
2025-04-19T15:23:31Z INFO     Train Epoch: 2 [23040/60000 (38%)]	loss=0.6719
2025-04-19T15:23:31Z INFO     Train Epoch: 2 [24320/60000 (41%)]	loss=0.6484
2025-04-19T15:23:31Z INFO     Train Epoch: 2 [25600/60000 (43%)]	loss=0.6484
2025-04-19T15:23:31Z INFO     Train Epoch: 2 [26880/60000 (45%)]	loss=0.7623
2025-04-19T15:23:31Z INFO     Train Epoch: 2 [28160/60000 (47%)]	loss=0.5771
2025-04-19T15:23:31Z INFO     Train Epoch: 2 [29440/60000 (49%)]	loss=0.8765
2025-04-19T15:23:31Z INFO     Train Epoch: 2 [30720/60000 (51%)]	loss=0.6945
2025-04-19T15:23:31Z INFO     Train Epoch: 2 [32000/60000 (53%)]	loss=0.7672
2025-04-19T15:23:32Z INFO     Train Epoch: 2 [33280/60000 (55%)]	loss=0.6689
2025-04-19T15:23:32Z INFO     Train Epoch: 2 [34560/60000 (58%)]	loss=0.5764
2025-04-19T15:23:32Z INFO     Train Epoch: 2 [35840/60000 (60%)]	loss=0.5417
2025-04-19T15:23:32Z INFO     Train Epoch: 2 [37120/60000 (62%)]	loss=0.7486
2025-04-19T15:23:32Z INFO     Train Epoch: 2 [38400/60000 (64%)]	loss=0.6834
2025-04-19T15:23:32Z INFO     Train Epoch: 2 [39680/60000 (66%)]	loss=0.6234
2025-04-19T15:23:32Z INFO     Train Epoch: 2 [40960/60000 (68%)]	loss=0.7633
2025-04-19T15:23:32Z INFO     Train Epoch: 2 [42240/60000 (70%)]	loss=0.7596
2025-04-19T15:23:32Z INFO     Train Epoch: 2 [43520/60000 (72%)]	loss=0.5807
2025-04-19T15:23:33Z INFO     Train Epoch: 2 [44800/60000 (75%)]	loss=0.5789
2025-04-19T15:23:33Z INFO     Train Epoch: 2 [46080/60000 (77%)]	loss=0.6869
2025-04-19T15:23:33Z INFO     Train Epoch: 2 [47360/60000 (79%)]	loss=0.7653
2025-04-19T15:23:33Z INFO     Train Epoch: 2 [48640/60000 (81%)]	loss=0.5828
2025-04-19T15:23:33Z INFO     Train Epoch: 2 [49920/60000 (83%)]	loss=0.6979
2025-04-19T15:23:33Z INFO     Train Epoch: 2 [51200/60000 (85%)]	loss=0.8263
2025-04-19T15:23:33Z INFO     Train Epoch: 2 [52480/60000 (87%)]	loss=0.5812
2025-04-19T15:23:33Z INFO     Train Epoch: 2 [53760/60000 (90%)]	loss=0.5226
2025-04-19T15:23:33Z INFO     Train Epoch: 2 [55040/60000 (92%)]	loss=0.6884
2025-04-19T15:23:34Z INFO     Train Epoch: 2 [56320/60000 (94%)]	loss=0.7076
2025-04-19T15:23:34Z INFO     Train Epoch: 2 [57600/60000 (96%)]	loss=0.5106
2025-04-19T15:23:34Z INFO     Train Epoch: 2 [58880/60000 (98%)]	loss=0.5995
2025-04-19T15:23:35Z INFO     {metricName: accuracy, metricValue: 0.7607};{metricName: loss, metricValue: 0.6531}

2025-04-19T15:23:35Z INFO     Train Epoch: 3 [0/60000 (0%)]	loss=0.5425
2025-04-19T15:23:35Z INFO     Train Epoch: 3 [1280/60000 (2%)]	loss=0.6474
2025-04-19T15:23:35Z INFO     Train Epoch: 3 [2560/60000 (4%)]	loss=0.5532
2025-04-19T15:23:35Z INFO     Train Epoch: 3 [3840/60000 (6%)]	loss=0.5115
2025-04-19T15:23:35Z INFO     Train Epoch: 3 [5120/60000 (9%)]	loss=0.5635
2025-04-19T15:23:35Z INFO     Train Epoch: 3 [6400/60000 (11%)]	loss=0.6522
2025-04-19T15:23:35Z INFO     Train Epoch: 3 [7680/60000 (13%)]	loss=0.5266
2025-04-19T15:23:35Z INFO     Train Epoch: 3 [8960/60000 (15%)]	loss=0.6371
2025-04-19T15:23:36Z INFO     Train Epoch: 3 [10240/60000 (17%)]	loss=0.6495
2025-04-19T15:23:36Z INFO     Train Epoch: 3 [11520/60000 (19%)]	loss=0.4756
2025-04-19T15:23:36Z INFO     Train Epoch: 3 [12800/60000 (21%)]	loss=0.6917
2025-04-19T15:23:36Z INFO     Train Epoch: 3 [14080/60000 (23%)]	loss=0.6586
2025-04-19T15:23:36Z INFO     Train Epoch: 3 [15360/60000 (26%)]	loss=0.6998
2025-04-19T15:23:36Z INFO     Train Epoch: 3 [16640/60000 (28%)]	loss=0.5768
2025-04-19T15:23:36Z INFO     Train Epoch: 3 [17920/60000 (30%)]	loss=0.6523
2025-04-19T15:23:36Z INFO     Train Epoch: 3 [19200/60000 (32%)]	loss=0.6453
2025-04-19T15:23:36Z INFO     Train Epoch: 3 [20480/60000 (34%)]	loss=0.6258
2025-04-19T15:23:37Z INFO     Train Epoch: 3 [21760/60000 (36%)]	loss=0.4620
2025-04-19T15:23:37Z INFO     Train Epoch: 3 [23040/60000 (38%)]	loss=0.7004
2025-04-19T15:23:37Z INFO     Train Epoch: 3 [24320/60000 (41%)]	loss=0.6106
2025-04-19T15:23:37Z INFO     Train Epoch: 3 [25600/60000 (43%)]	loss=0.5652
2025-04-19T15:23:37Z INFO     Train Epoch: 3 [26880/60000 (45%)]	loss=0.5157
2025-04-19T15:23:37Z INFO     Train Epoch: 3 [28160/60000 (47%)]	loss=0.6808
2025-04-19T15:23:37Z INFO     Train Epoch: 3 [29440/60000 (49%)]	loss=0.6100
2025-04-19T15:23:37Z INFO     Train Epoch: 3 [30720/60000 (51%)]	loss=0.6055
2025-04-19T15:23:37Z INFO     Train Epoch: 3 [32000/60000 (53%)]	loss=0.6240
2025-04-19T15:23:38Z INFO     Train Epoch: 3 [33280/60000 (55%)]	loss=0.6742
2025-04-19T15:23:38Z INFO     Train Epoch: 3 [34560/60000 (58%)]	loss=0.5918
2025-04-19T15:23:38Z INFO     Train Epoch: 3 [35840/60000 (60%)]	loss=0.5711
2025-04-19T15:23:38Z INFO     Train Epoch: 3 [37120/60000 (62%)]	loss=0.5751
2025-04-19T15:23:38Z INFO     Train Epoch: 3 [38400/60000 (64%)]	loss=0.4602
2025-04-19T15:23:38Z INFO     Train Epoch: 3 [39680/60000 (66%)]	loss=0.5220
2025-04-19T15:23:38Z INFO     Train Epoch: 3 [40960/60000 (68%)]	loss=0.5736
2025-04-19T15:23:38Z INFO     Train Epoch: 3 [42240/60000 (70%)]	loss=0.5989
2025-04-19T15:23:38Z INFO     Train Epoch: 3 [43520/60000 (72%)]	loss=0.7312
2025-04-19T15:23:39Z INFO     Train Epoch: 3 [44800/60000 (75%)]	loss=0.5752
2025-04-19T15:23:39Z INFO     Train Epoch: 3 [46080/60000 (77%)]	loss=0.5925
2025-04-19T15:23:39Z INFO     Train Epoch: 3 [47360/60000 (79%)]	loss=0.5955
2025-04-19T15:23:39Z INFO     Train Epoch: 3 [48640/60000 (81%)]	loss=0.5167
2025-04-19T15:23:39Z INFO     Train Epoch: 3 [49920/60000 (83%)]	loss=0.6284
2025-04-19T15:23:39Z INFO     Train Epoch: 3 [51200/60000 (85%)]	loss=0.6644
2025-04-19T15:23:39Z INFO     Train Epoch: 3 [52480/60000 (87%)]	loss=0.6360
2025-04-19T15:23:39Z INFO     Train Epoch: 3 [53760/60000 (90%)]	loss=0.6291
2025-04-19T15:23:39Z INFO     Train Epoch: 3 [55040/60000 (92%)]	loss=0.6008
2025-04-19T15:23:40Z INFO     Train Epoch: 3 [56320/60000 (94%)]	loss=0.6393
2025-04-19T15:23:40Z INFO     Train Epoch: 3 [57600/60000 (96%)]	loss=0.5179
2025-04-19T15:23:40Z INFO     Train Epoch: 3 [58880/60000 (98%)]	loss=0.7652
2025-04-19T15:23:41Z INFO     {metricName: accuracy, metricValue: 0.7749};{metricName: loss, metricValue: 0.5945}

2025-04-19T15:23:41Z INFO     Train Epoch: 4 [0/60000 (0%)]	loss=0.6206
2025-04-19T15:23:41Z INFO     Train Epoch: 4 [1280/60000 (2%)]	loss=0.5147
2025-04-19T15:23:41Z INFO     Train Epoch: 4 [2560/60000 (4%)]	loss=0.4972
2025-04-19T15:23:41Z INFO     Train Epoch: 4 [3840/60000 (6%)]	loss=0.5839
2025-04-19T15:23:41Z INFO     Train Epoch: 4 [5120/60000 (9%)]	loss=0.5010
2025-04-19T15:23:41Z INFO     Train Epoch: 4 [6400/60000 (11%)]	loss=0.5475
2025-04-19T15:23:41Z INFO     Train Epoch: 4 [7680/60000 (13%)]	loss=0.6093
2025-04-19T15:23:41Z INFO     Train Epoch: 4 [8960/60000 (15%)]	loss=0.4790
2025-04-19T15:23:42Z INFO     Train Epoch: 4 [10240/60000 (17%)]	loss=0.6009
2025-04-19T15:23:42Z INFO     Train Epoch: 4 [11520/60000 (19%)]	loss=0.4623
2025-04-19T15:23:42Z INFO     Train Epoch: 4 [12800/60000 (21%)]	loss=0.5881
2025-04-19T15:23:42Z INFO     Train Epoch: 4 [14080/60000 (23%)]	loss=0.5852
2025-04-19T15:23:42Z INFO     Train Epoch: 4 [15360/60000 (26%)]	loss=0.6094
2025-04-19T15:23:42Z INFO     Train Epoch: 4 [16640/60000 (28%)]	loss=0.5983
2025-04-19T15:23:42Z INFO     Train Epoch: 4 [17920/60000 (30%)]	loss=0.5371
2025-04-19T15:23:42Z INFO     Train Epoch: 4 [19200/60000 (32%)]	loss=0.5684
2025-04-19T15:23:42Z INFO     Train Epoch: 4 [20480/60000 (34%)]	loss=0.4875
2025-04-19T15:23:43Z INFO     Train Epoch: 4 [21760/60000 (36%)]	loss=0.5473
2025-04-19T15:23:43Z INFO     Train Epoch: 4 [23040/60000 (38%)]	loss=0.6173
2025-04-19T15:23:43Z INFO     Train Epoch: 4 [24320/60000 (41%)]	loss=0.4910
2025-04-19T15:23:43Z INFO     Train Epoch: 4 [25600/60000 (43%)]	loss=0.5096
2025-04-19T15:23:43Z INFO     Train Epoch: 4 [26880/60000 (45%)]	loss=0.6021
2025-04-19T15:23:43Z INFO     Train Epoch: 4 [28160/60000 (47%)]	loss=0.4007
2025-04-19T15:23:43Z INFO     Train Epoch: 4 [29440/60000 (49%)]	loss=0.4857
2025-04-19T15:23:43Z INFO     Train Epoch: 4 [30720/60000 (51%)]	loss=0.5134
2025-04-19T15:23:43Z INFO     Train Epoch: 4 [32000/60000 (53%)]	loss=0.4831
2025-04-19T15:23:44Z INFO     Train Epoch: 4 [33280/60000 (55%)]	loss=0.5317
2025-04-19T15:23:44Z INFO     Train Epoch: 4 [34560/60000 (58%)]	loss=0.5396
2025-04-19T15:23:44Z INFO     Train Epoch: 4 [35840/60000 (60%)]	loss=0.4967
2025-04-19T15:23:44Z INFO     Train Epoch: 4 [37120/60000 (62%)]	loss=0.4522
2025-04-19T15:23:44Z INFO     Train Epoch: 4 [38400/60000 (64%)]	loss=0.5639
2025-04-19T15:23:44Z INFO     Train Epoch: 4 [39680/60000 (66%)]	loss=0.4889
2025-04-19T15:23:44Z INFO     Train Epoch: 4 [40960/60000 (68%)]	loss=0.5176
2025-04-19T15:23:44Z INFO     Train Epoch: 4 [42240/60000 (70%)]	loss=0.6531
2025-04-19T15:23:44Z INFO     Train Epoch: 4 [43520/60000 (72%)]	loss=0.5723
2025-04-19T15:23:45Z INFO     Train Epoch: 4 [44800/60000 (75%)]	loss=0.6397
2025-04-19T15:23:45Z INFO     Train Epoch: 4 [46080/60000 (77%)]	loss=0.5453
2025-04-19T15:23:45Z INFO     Train Epoch: 4 [47360/60000 (79%)]	loss=0.4498
2025-04-19T15:23:45Z INFO     Train Epoch: 4 [48640/60000 (81%)]	loss=0.4371
2025-04-19T15:23:45Z INFO     Train Epoch: 4 [49920/60000 (83%)]	loss=0.5642
2025-04-19T15:23:45Z INFO     Train Epoch: 4 [51200/60000 (85%)]	loss=0.5478
2025-04-19T15:23:45Z INFO     Train Epoch: 4 [52480/60000 (87%)]	loss=0.4793
2025-04-19T15:23:45Z INFO     Train Epoch: 4 [53760/60000 (90%)]	loss=0.4873
2025-04-19T15:23:45Z INFO     Train Epoch: 4 [55040/60000 (92%)]	loss=0.5654
2025-04-19T15:23:46Z INFO     Train Epoch: 4 [56320/60000 (94%)]	loss=0.4385
2025-04-19T15:23:46Z INFO     Train Epoch: 4 [57600/60000 (96%)]	loss=0.3741
2025-04-19T15:23:46Z INFO     Train Epoch: 4 [58880/60000 (98%)]	loss=0.4254
2025-04-19T15:23:47Z INFO     {metricName: accuracy, metricValue: 0.8076};{metricName: loss, metricValue: 0.5307}


real	0m34.033s
user	0m52.347s
sys	0m17.849s
