Using CUDA
Using distributed PyTorch with nccl backend
2025-04-26T09:15:34Z INFO     Added key: store_based_barrier_key:1 to store for rank: 0
2025-04-26T09:15:44Z INFO     Waiting in store based barrier to initialize process group for rank: 0, key: store_based_barrier_key:1 (world_size=2, worker_count=1, timeout=0:30:00)
2025-04-26T09:15:54Z INFO     Waiting in store based barrier to initialize process group for rank: 0, key: store_based_barrier_key:1 (world_size=2, worker_count=1, timeout=0:30:00)
2025-04-26T09:16:04Z INFO     Waiting in store based barrier to initialize process group for rank: 0, key: store_based_barrier_key:1 (world_size=2, worker_count=1, timeout=0:30:00)
2025-04-26T09:16:14Z INFO     Waiting in store based barrier to initialize process group for rank: 0, key: store_based_barrier_key:1 (world_size=2, worker_count=1, timeout=0:30:00)
2025-04-26T09:16:23Z INFO     Rank 0: Completed store-based barrier for key:store_based_barrier_key:1 with 2 nodes.
Took 58.41 seconds
pytorch-mnist-master-0:7:7 [0] NCCL INFO Bootstrap : Using eth0:10.224.0.44<0>
pytorch-mnist-master-0:7:7 [0] NCCL INFO NET/Plugin : No plugin found (libnccl-net.so), using internal implementation
pytorch-mnist-master-0:7:7 [0] NCCL INFO NET/IB : Using [0]mlx5_0:1/IB ; OOB eth0:10.224.0.44<0>
pytorch-mnist-master-0:7:7 [0] NCCL INFO Using network IB
NCCL version 2.10.3+cuda10.2
pytorch-mnist-master-0:7:93 [0] NCCL INFO NET/IB : GPU Direct RDMA Disabled for HCA 0 'mlx5_0' (no module)
pytorch-mnist-master-0:7:93 [0] NCCL INFO NET/IB : GPU Direct RDMA Disabled for HCA 0 'mlx5_0' (no module)
pytorch-mnist-master-0:7:93 [0] NCCL INFO Channel 00/02 :    0   1
pytorch-mnist-master-0:7:93 [0] NCCL INFO Channel 01/02 :    0   1
pytorch-mnist-master-0:7:93 [0] NCCL INFO Trees [0] 1/-1/-1->0->-1 [1] -1/-1/-1->0->1
pytorch-mnist-master-0:7:93 [0] NCCL INFO Setting affinity for GPU 0 to 0fffff
pytorch-mnist-master-0:7:93 [0] NCCL INFO Channel 00 : 1[100000] -> 0[100000] [receive] via NET/IB/0
pytorch-mnist-master-0:7:93 [0] NCCL INFO Channel 01 : 1[100000] -> 0[100000] [receive] via NET/IB/0
pytorch-mnist-master-0:7:93 [0] NCCL INFO Channel 00 : 0[100000] -> 1[100000] [send] via NET/IB/0
pytorch-mnist-master-0:7:93 [0] NCCL INFO Channel 01 : 0[100000] -> 1[100000] [send] via NET/IB/0
pytorch-mnist-master-0:7:93 [0] NCCL INFO NET/IB: Dev 0 Port 1 qpn 302 mtu 5 LID 157
pytorch-mnist-master-0:7:93 [0] NCCL INFO NET/IB: Dev 0 Port 1 qpn 303 mtu 5 LID 157
pytorch-mnist-master-0:7:93 [0] NCCL INFO Connected all rings
pytorch-mnist-master-0:7:93 [0] NCCL INFO Connected all trees
pytorch-mnist-master-0:7:93 [0] NCCL INFO threadThresholds 8/8/64 | 16/8/64 | 8/8/512
pytorch-mnist-master-0:7:93 [0] NCCL INFO 2 coll channels, 2 p2p channels, 1 p2p channels per peer
pytorch-mnist-master-0:7:93 [0] NCCL INFO comm 0x7fb36c0012d0 rank 0 nranks 2 cudaDev 0 busId 100000 - Init COMPLETE
pytorch-mnist-master-0:7:7 [0] NCCL INFO Launch mode Parallel
2025-04-26T09:16:27Z INFO     Train Epoch: 1 [0/60000 (0%)]	loss=2.3015
2025-04-26T09:16:27Z INFO     Reducer buckets have been rebuilt in this iteration.
2025-04-26T09:16:27Z INFO     Train Epoch: 1 [1280/60000 (2%)]	loss=2.2863
2025-04-26T09:16:27Z INFO     Train Epoch: 1 [2560/60000 (4%)]	loss=2.2854
2025-04-26T09:16:27Z INFO     Train Epoch: 1 [3840/60000 (6%)]	loss=2.2727
2025-04-26T09:16:28Z INFO     Train Epoch: 1 [5120/60000 (9%)]	loss=2.2693
2025-04-26T09:16:28Z INFO     Train Epoch: 1 [6400/60000 (11%)]	loss=2.2500
2025-04-26T09:16:28Z INFO     Train Epoch: 1 [7680/60000 (13%)]	loss=2.2421
2025-04-26T09:16:28Z INFO     Train Epoch: 1 [8960/60000 (15%)]	loss=2.2029
2025-04-26T09:16:28Z INFO     Train Epoch: 1 [10240/60000 (17%)]	loss=2.1878
2025-04-26T09:16:28Z INFO     Train Epoch: 1 [11520/60000 (19%)]	loss=2.1322
2025-04-26T09:16:28Z INFO     Train Epoch: 1 [12800/60000 (21%)]	loss=2.0496
2025-04-26T09:16:28Z INFO     Train Epoch: 1 [14080/60000 (23%)]	loss=1.9476
2025-04-26T09:16:28Z INFO     Train Epoch: 1 [15360/60000 (26%)]	loss=1.7655
2025-04-26T09:16:29Z INFO     Train Epoch: 1 [16640/60000 (28%)]	loss=1.5976
2025-04-26T09:16:29Z INFO     Train Epoch: 1 [17920/60000 (30%)]	loss=1.3735
2025-04-26T09:16:29Z INFO     Train Epoch: 1 [19200/60000 (32%)]	loss=1.3094
2025-04-26T09:16:29Z INFO     Train Epoch: 1 [20480/60000 (34%)]	loss=1.1860
2025-04-26T09:16:29Z INFO     Train Epoch: 1 [21760/60000 (36%)]	loss=1.0814
2025-04-26T09:16:29Z INFO     Train Epoch: 1 [23040/60000 (38%)]	loss=1.0568
2025-04-26T09:16:29Z INFO     Train Epoch: 1 [24320/60000 (41%)]	loss=1.0204
2025-04-26T09:16:29Z INFO     Train Epoch: 1 [25600/60000 (43%)]	loss=0.9024
2025-04-26T09:16:29Z INFO     Train Epoch: 1 [26880/60000 (45%)]	loss=1.0203
2025-04-26T09:16:30Z INFO     Train Epoch: 1 [28160/60000 (47%)]	loss=1.0542
2025-04-26T09:16:30Z INFO     Train Epoch: 1 [29440/60000 (49%)]	loss=0.9028
2025-04-26T09:16:30Z INFO     Train Epoch: 1 [30720/60000 (51%)]	loss=0.7924
2025-04-26T09:16:30Z INFO     Train Epoch: 1 [32000/60000 (53%)]	loss=1.1946
2025-04-26T09:16:30Z INFO     Train Epoch: 1 [33280/60000 (55%)]	loss=1.0281
2025-04-26T09:16:30Z INFO     Train Epoch: 1 [34560/60000 (58%)]	loss=0.9588
2025-04-26T09:16:30Z INFO     Train Epoch: 1 [35840/60000 (60%)]	loss=0.7876
2025-04-26T09:16:30Z INFO     Train Epoch: 1 [37120/60000 (62%)]	loss=0.9327
2025-04-26T09:16:30Z INFO     Train Epoch: 1 [38400/60000 (64%)]	loss=0.9519
2025-04-26T09:16:31Z INFO     Train Epoch: 1 [39680/60000 (66%)]	loss=0.8617
2025-04-26T09:16:31Z INFO     Train Epoch: 1 [40960/60000 (68%)]	loss=0.8089
2025-04-26T09:16:31Z INFO     Train Epoch: 1 [42240/60000 (70%)]	loss=0.8880
2025-04-26T09:16:31Z INFO     Train Epoch: 1 [43520/60000 (72%)]	loss=0.9444
2025-04-26T09:16:31Z INFO     Train Epoch: 1 [44800/60000 (75%)]	loss=0.9371
2025-04-26T09:16:31Z INFO     Train Epoch: 1 [46080/60000 (77%)]	loss=0.8242
2025-04-26T09:16:31Z INFO     Train Epoch: 1 [47360/60000 (79%)]	loss=0.7680
2025-04-26T09:16:31Z INFO     Train Epoch: 1 [48640/60000 (81%)]	loss=0.8693
2025-04-26T09:16:31Z INFO     Train Epoch: 1 [49920/60000 (83%)]	loss=0.8688
2025-04-26T09:16:32Z INFO     Train Epoch: 1 [51200/60000 (85%)]	loss=0.7864
2025-04-26T09:16:32Z INFO     Train Epoch: 1 [52480/60000 (87%)]	loss=0.6898
2025-04-26T09:16:32Z INFO     Train Epoch: 1 [53760/60000 (90%)]	loss=0.8084
2025-04-26T09:16:32Z INFO     Train Epoch: 1 [55040/60000 (92%)]	loss=0.8798
2025-04-26T09:16:32Z INFO     Train Epoch: 1 [56320/60000 (94%)]	loss=0.8618
2025-04-26T09:16:32Z INFO     Train Epoch: 1 [57600/60000 (96%)]	loss=0.9263
2025-04-26T09:16:32Z INFO     Train Epoch: 1 [58880/60000 (98%)]	loss=0.7718
2025-04-26T09:16:33Z INFO     {metricName: accuracy, metricValue: 0.6880};{metricName: loss, metricValue: 0.8279}

2025-04-26T09:16:33Z INFO     Train Epoch: 2 [0/60000 (0%)]	loss=0.7511
2025-04-26T09:16:33Z INFO     Train Epoch: 2 [1280/60000 (2%)]	loss=0.6790
2025-04-26T09:16:33Z INFO     Train Epoch: 2 [2560/60000 (4%)]	loss=0.7736
2025-04-26T09:16:33Z INFO     Train Epoch: 2 [3840/60000 (6%)]	loss=0.7730
2025-04-26T09:16:34Z INFO     Train Epoch: 2 [5120/60000 (9%)]	loss=0.7505
2025-04-26T09:16:34Z INFO     Train Epoch: 2 [6400/60000 (11%)]	loss=0.7413
2025-04-26T09:16:34Z INFO     Train Epoch: 2 [7680/60000 (13%)]	loss=0.7577
2025-04-26T09:16:34Z INFO     Train Epoch: 2 [8960/60000 (15%)]	loss=0.6589
2025-04-26T09:16:34Z INFO     Train Epoch: 2 [10240/60000 (17%)]	loss=0.7526
2025-04-26T09:16:34Z INFO     Train Epoch: 2 [11520/60000 (19%)]	loss=0.6045
2025-04-26T09:16:34Z INFO     Train Epoch: 2 [12800/60000 (21%)]	loss=0.7407
2025-04-26T09:16:34Z INFO     Train Epoch: 2 [14080/60000 (23%)]	loss=0.6993
2025-04-26T09:16:34Z INFO     Train Epoch: 2 [15360/60000 (26%)]	loss=0.7803
2025-04-26T09:16:35Z INFO     Train Epoch: 2 [16640/60000 (28%)]	loss=0.6443
2025-04-26T09:16:35Z INFO     Train Epoch: 2 [17920/60000 (30%)]	loss=0.7494
2025-04-26T09:16:35Z INFO     Train Epoch: 2 [19200/60000 (32%)]	loss=0.5674
2025-04-26T09:16:35Z INFO     Train Epoch: 2 [20480/60000 (34%)]	loss=0.7972
2025-04-26T09:16:35Z INFO     Train Epoch: 2 [21760/60000 (36%)]	loss=0.6862
2025-04-26T09:16:35Z INFO     Train Epoch: 2 [23040/60000 (38%)]	loss=0.6719
2025-04-26T09:16:35Z INFO     Train Epoch: 2 [24320/60000 (41%)]	loss=0.6474
2025-04-26T09:16:35Z INFO     Train Epoch: 2 [25600/60000 (43%)]	loss=0.6496
2025-04-26T09:16:35Z INFO     Train Epoch: 2 [26880/60000 (45%)]	loss=0.7624
2025-04-26T09:16:36Z INFO     Train Epoch: 2 [28160/60000 (47%)]	loss=0.5771
2025-04-26T09:16:36Z INFO     Train Epoch: 2 [29440/60000 (49%)]	loss=0.8758
2025-04-26T09:16:36Z INFO     Train Epoch: 2 [30720/60000 (51%)]	loss=0.6954
2025-04-26T09:16:36Z INFO     Train Epoch: 2 [32000/60000 (53%)]	loss=0.7686
2025-04-26T09:16:36Z INFO     Train Epoch: 2 [33280/60000 (55%)]	loss=0.6715
2025-04-26T09:16:36Z INFO     Train Epoch: 2 [34560/60000 (58%)]	loss=0.5762
2025-04-26T09:16:36Z INFO     Train Epoch: 2 [35840/60000 (60%)]	loss=0.5416
2025-04-26T09:16:36Z INFO     Train Epoch: 2 [37120/60000 (62%)]	loss=0.7485
2025-04-26T09:16:36Z INFO     Train Epoch: 2 [38400/60000 (64%)]	loss=0.6823
2025-04-26T09:16:37Z INFO     Train Epoch: 2 [39680/60000 (66%)]	loss=0.6221
2025-04-26T09:16:37Z INFO     Train Epoch: 2 [40960/60000 (68%)]	loss=0.7623
2025-04-26T09:16:37Z INFO     Train Epoch: 2 [42240/60000 (70%)]	loss=0.7604
2025-04-26T09:16:37Z INFO     Train Epoch: 2 [43520/60000 (72%)]	loss=0.5804
2025-04-26T09:16:37Z INFO     Train Epoch: 2 [44800/60000 (75%)]	loss=0.5783
2025-04-26T09:16:37Z INFO     Train Epoch: 2 [46080/60000 (77%)]	loss=0.6878
2025-04-26T09:16:37Z INFO     Train Epoch: 2 [47360/60000 (79%)]	loss=0.7641
2025-04-26T09:16:37Z INFO     Train Epoch: 2 [48640/60000 (81%)]	loss=0.5822
2025-04-26T09:16:37Z INFO     Train Epoch: 2 [49920/60000 (83%)]	loss=0.6995
2025-04-26T09:16:38Z INFO     Train Epoch: 2 [51200/60000 (85%)]	loss=0.8270
2025-04-26T09:16:38Z INFO     Train Epoch: 2 [52480/60000 (87%)]	loss=0.5803
2025-04-26T09:16:38Z INFO     Train Epoch: 2 [53760/60000 (90%)]	loss=0.5233
2025-04-26T09:16:38Z INFO     Train Epoch: 2 [55040/60000 (92%)]	loss=0.6884
2025-04-26T09:16:38Z INFO     Train Epoch: 2 [56320/60000 (94%)]	loss=0.7070
2025-04-26T09:16:38Z INFO     Train Epoch: 2 [57600/60000 (96%)]	loss=0.5100
2025-04-26T09:16:38Z INFO     Train Epoch: 2 [58880/60000 (98%)]	loss=0.5997
2025-04-26T09:16:39Z INFO     {metricName: accuracy, metricValue: 0.7604};{metricName: loss, metricValue: 0.6532}

2025-04-26T09:16:39Z INFO     Train Epoch: 3 [0/60000 (0%)]	loss=0.5437
2025-04-26T09:16:39Z INFO     Train Epoch: 3 [1280/60000 (2%)]	loss=0.6470
2025-04-26T09:16:39Z INFO     Train Epoch: 3 [2560/60000 (4%)]	loss=0.5525
2025-04-26T09:16:39Z INFO     Train Epoch: 3 [3840/60000 (6%)]	loss=0.5124
2025-04-26T09:16:40Z INFO     Train Epoch: 3 [5120/60000 (9%)]	loss=0.5642
2025-04-26T09:16:40Z INFO     Train Epoch: 3 [6400/60000 (11%)]	loss=0.6515
2025-04-26T09:16:40Z INFO     Train Epoch: 3 [7680/60000 (13%)]	loss=0.5263
2025-04-26T09:16:40Z INFO     Train Epoch: 3 [8960/60000 (15%)]	loss=0.6369
2025-04-26T09:16:40Z INFO     Train Epoch: 3 [10240/60000 (17%)]	loss=0.6502
2025-04-26T09:16:40Z INFO     Train Epoch: 3 [11520/60000 (19%)]	loss=0.4744
2025-04-26T09:16:40Z INFO     Train Epoch: 3 [12800/60000 (21%)]	loss=0.6910
2025-04-26T09:16:40Z INFO     Train Epoch: 3 [14080/60000 (23%)]	loss=0.6614
2025-04-26T09:16:40Z INFO     Train Epoch: 3 [15360/60000 (26%)]	loss=0.7007
2025-04-26T09:16:41Z INFO     Train Epoch: 3 [16640/60000 (28%)]	loss=0.5770
2025-04-26T09:16:41Z INFO     Train Epoch: 3 [17920/60000 (30%)]	loss=0.6524
2025-04-26T09:16:41Z INFO     Train Epoch: 3 [19200/60000 (32%)]	loss=0.6461
2025-04-26T09:16:41Z INFO     Train Epoch: 3 [20480/60000 (34%)]	loss=0.6275
2025-04-26T09:16:41Z INFO     Train Epoch: 3 [21760/60000 (36%)]	loss=0.4618
2025-04-26T09:16:41Z INFO     Train Epoch: 3 [23040/60000 (38%)]	loss=0.7002
2025-04-26T09:16:41Z INFO     Train Epoch: 3 [24320/60000 (41%)]	loss=0.6109
2025-04-26T09:16:41Z INFO     Train Epoch: 3 [25600/60000 (43%)]	loss=0.5666
2025-04-26T09:16:41Z INFO     Train Epoch: 3 [26880/60000 (45%)]	loss=0.5167
2025-04-26T09:16:42Z INFO     Train Epoch: 3 [28160/60000 (47%)]	loss=0.6813
2025-04-26T09:16:42Z INFO     Train Epoch: 3 [29440/60000 (49%)]	loss=0.6091
2025-04-26T09:16:42Z INFO     Train Epoch: 3 [30720/60000 (51%)]	loss=0.6042
2025-04-26T09:16:42Z INFO     Train Epoch: 3 [32000/60000 (53%)]	loss=0.6248
2025-04-26T09:16:42Z INFO     Train Epoch: 3 [33280/60000 (55%)]	loss=0.6729
2025-04-26T09:16:42Z INFO     Train Epoch: 3 [34560/60000 (58%)]	loss=0.5922
2025-04-26T09:16:42Z INFO     Train Epoch: 3 [35840/60000 (60%)]	loss=0.5734
2025-04-26T09:16:42Z INFO     Train Epoch: 3 [37120/60000 (62%)]	loss=0.5748
2025-04-26T09:16:42Z INFO     Train Epoch: 3 [38400/60000 (64%)]	loss=0.4596
2025-04-26T09:16:43Z INFO     Train Epoch: 3 [39680/60000 (66%)]	loss=0.5218
2025-04-26T09:16:43Z INFO     Train Epoch: 3 [40960/60000 (68%)]	loss=0.5725
2025-04-26T09:16:43Z INFO     Train Epoch: 3 [42240/60000 (70%)]	loss=0.5974
2025-04-26T09:16:43Z INFO     Train Epoch: 3 [43520/60000 (72%)]	loss=0.7319
2025-04-26T09:16:43Z INFO     Train Epoch: 3 [44800/60000 (75%)]	loss=0.5746
2025-04-26T09:16:43Z INFO     Train Epoch: 3 [46080/60000 (77%)]	loss=0.5902
2025-04-26T09:16:43Z INFO     Train Epoch: 3 [47360/60000 (79%)]	loss=0.5963
2025-04-26T09:16:43Z INFO     Train Epoch: 3 [48640/60000 (81%)]	loss=0.5154
2025-04-26T09:16:43Z INFO     Train Epoch: 3 [49920/60000 (83%)]	loss=0.6275
2025-04-26T09:16:44Z INFO     Train Epoch: 3 [51200/60000 (85%)]	loss=0.6644
2025-04-26T09:16:44Z INFO     Train Epoch: 3 [52480/60000 (87%)]	loss=0.6337
2025-04-26T09:16:44Z INFO     Train Epoch: 3 [53760/60000 (90%)]	loss=0.6287
2025-04-26T09:16:44Z INFO     Train Epoch: 3 [55040/60000 (92%)]	loss=0.5991
2025-04-26T09:16:44Z INFO     Train Epoch: 3 [56320/60000 (94%)]	loss=0.6404
2025-04-26T09:16:44Z INFO     Train Epoch: 3 [57600/60000 (96%)]	loss=0.5177
2025-04-26T09:16:44Z INFO     Train Epoch: 3 [58880/60000 (98%)]	loss=0.7655
2025-04-26T09:16:45Z INFO     {metricName: accuracy, metricValue: 0.7760};{metricName: loss, metricValue: 0.5944}

2025-04-26T09:16:45Z INFO     Train Epoch: 4 [0/60000 (0%)]	loss=0.6210
2025-04-26T09:16:45Z INFO     Train Epoch: 4 [1280/60000 (2%)]	loss=0.5160
2025-04-26T09:16:45Z INFO     Train Epoch: 4 [2560/60000 (4%)]	loss=0.4988
2025-04-26T09:16:45Z INFO     Train Epoch: 4 [3840/60000 (6%)]	loss=0.5831
2025-04-26T09:16:46Z INFO     Train Epoch: 4 [5120/60000 (9%)]	loss=0.5007
2025-04-26T09:16:46Z INFO     Train Epoch: 4 [6400/60000 (11%)]	loss=0.5477
2025-04-26T09:16:46Z INFO     Train Epoch: 4 [7680/60000 (13%)]	loss=0.6099
2025-04-26T09:16:46Z INFO     Train Epoch: 4 [8960/60000 (15%)]	loss=0.4799
2025-04-26T09:16:46Z INFO     Train Epoch: 4 [10240/60000 (17%)]	loss=0.6004
2025-04-26T09:16:46Z INFO     Train Epoch: 4 [11520/60000 (19%)]	loss=0.4622
2025-04-26T09:16:46Z INFO     Train Epoch: 4 [12800/60000 (21%)]	loss=0.5898
2025-04-26T09:16:46Z INFO     Train Epoch: 4 [14080/60000 (23%)]	loss=0.5854
2025-04-26T09:16:46Z INFO     Train Epoch: 4 [15360/60000 (26%)]	loss=0.6089
2025-04-26T09:16:47Z INFO     Train Epoch: 4 [16640/60000 (28%)]	loss=0.5968
2025-04-26T09:16:47Z INFO     Train Epoch: 4 [17920/60000 (30%)]	loss=0.5373
2025-04-26T09:16:47Z INFO     Train Epoch: 4 [19200/60000 (32%)]	loss=0.5683
2025-04-26T09:16:47Z INFO     Train Epoch: 4 [20480/60000 (34%)]	loss=0.4875
2025-04-26T09:16:47Z INFO     Train Epoch: 4 [21760/60000 (36%)]	loss=0.5465
2025-04-26T09:16:47Z INFO     Train Epoch: 4 [23040/60000 (38%)]	loss=0.6158
2025-04-26T09:16:47Z INFO     Train Epoch: 4 [24320/60000 (41%)]	loss=0.4902
2025-04-26T09:16:47Z INFO     Train Epoch: 4 [25600/60000 (43%)]	loss=0.5088
2025-04-26T09:16:47Z INFO     Train Epoch: 4 [26880/60000 (45%)]	loss=0.6026
2025-04-26T09:16:47Z INFO     Train Epoch: 4 [28160/60000 (47%)]	loss=0.4011
2025-04-26T09:16:48Z INFO     Train Epoch: 4 [29440/60000 (49%)]	loss=0.4880
2025-04-26T09:16:48Z INFO     Train Epoch: 4 [30720/60000 (51%)]	loss=0.5145
2025-04-26T09:16:48Z INFO     Train Epoch: 4 [32000/60000 (53%)]	loss=0.4828
2025-04-26T09:16:48Z INFO     Train Epoch: 4 [33280/60000 (55%)]	loss=0.5302
2025-04-26T09:16:48Z INFO     Train Epoch: 4 [34560/60000 (58%)]	loss=0.5399
2025-04-26T09:16:48Z INFO     Train Epoch: 4 [35840/60000 (60%)]	loss=0.4962
2025-04-26T09:16:48Z INFO     Train Epoch: 4 [37120/60000 (62%)]	loss=0.4527
2025-04-26T09:16:48Z INFO     Train Epoch: 4 [38400/60000 (64%)]	loss=0.5627
2025-04-26T09:16:48Z INFO     Train Epoch: 4 [39680/60000 (66%)]	loss=0.4874
2025-04-26T09:16:49Z INFO     Train Epoch: 4 [40960/60000 (68%)]	loss=0.5175
2025-04-26T09:16:49Z INFO     Train Epoch: 4 [42240/60000 (70%)]	loss=0.6545
2025-04-26T09:16:49Z INFO     Train Epoch: 4 [43520/60000 (72%)]	loss=0.5729
2025-04-26T09:16:49Z INFO     Train Epoch: 4 [44800/60000 (75%)]	loss=0.6395
2025-04-26T09:16:49Z INFO     Train Epoch: 4 [46080/60000 (77%)]	loss=0.5449
2025-04-26T09:16:49Z INFO     Train Epoch: 4 [47360/60000 (79%)]	loss=0.4485
2025-04-26T09:16:49Z INFO     Train Epoch: 4 [48640/60000 (81%)]	loss=0.4366
2025-04-26T09:16:49Z INFO     Train Epoch: 4 [49920/60000 (83%)]	loss=0.5647
2025-04-26T09:16:49Z INFO     Train Epoch: 4 [51200/60000 (85%)]	loss=0.5476
2025-04-26T09:16:50Z INFO     Train Epoch: 4 [52480/60000 (87%)]	loss=0.4788
2025-04-26T09:16:50Z INFO     Train Epoch: 4 [53760/60000 (90%)]	loss=0.4869
2025-04-26T09:16:50Z INFO     Train Epoch: 4 [55040/60000 (92%)]	loss=0.5662
2025-04-26T09:16:50Z INFO     Train Epoch: 4 [56320/60000 (94%)]	loss=0.4395
2025-04-26T09:16:50Z INFO     Train Epoch: 4 [57600/60000 (96%)]	loss=0.3734
2025-04-26T09:16:50Z INFO     Train Epoch: 4 [58880/60000 (98%)]	loss=0.4256
2025-04-26T09:16:51Z INFO     {metricName: accuracy, metricValue: 0.8073};{metricName: loss, metricValue: 0.5316}

Took total 85.94 seconds
Took after init_process_group 27.53 seconds

real	1m27.419s
user	0m39.182s
sys	0m10.257s
