Using CUDA
Took 0.66 seconds
2025-04-26T09:21:39Z INFO     Train Epoch: 1 [0/60000 (0%)]	loss=2.3015
2025-04-26T09:21:39Z INFO     Train Epoch: 1 [1280/60000 (2%)]	loss=2.2863
2025-04-26T09:21:39Z INFO     Train Epoch: 1 [2560/60000 (4%)]	loss=2.2854
2025-04-26T09:21:39Z INFO     Train Epoch: 1 [3840/60000 (6%)]	loss=2.2727
2025-04-26T09:21:40Z INFO     Train Epoch: 1 [5120/60000 (9%)]	loss=2.2693
2025-04-26T09:21:40Z INFO     Train Epoch: 1 [6400/60000 (11%)]	loss=2.2500
2025-04-26T09:21:40Z INFO     Train Epoch: 1 [7680/60000 (13%)]	loss=2.2420
2025-04-26T09:21:40Z INFO     Train Epoch: 1 [8960/60000 (15%)]	loss=2.2029
2025-04-26T09:21:40Z INFO     Train Epoch: 1 [10240/60000 (17%)]	loss=2.1878
2025-04-26T09:21:40Z INFO     Train Epoch: 1 [11520/60000 (19%)]	loss=2.1322
2025-04-26T09:21:40Z INFO     Train Epoch: 1 [12800/60000 (21%)]	loss=2.0496
2025-04-26T09:21:40Z INFO     Train Epoch: 1 [14080/60000 (23%)]	loss=1.9477
2025-04-26T09:21:40Z INFO     Train Epoch: 1 [15360/60000 (26%)]	loss=1.7654
2025-04-26T09:21:41Z INFO     Train Epoch: 1 [16640/60000 (28%)]	loss=1.5974
2025-04-26T09:21:41Z INFO     Train Epoch: 1 [17920/60000 (30%)]	loss=1.3734
2025-04-26T09:21:41Z INFO     Train Epoch: 1 [19200/60000 (32%)]	loss=1.3090
2025-04-26T09:21:41Z INFO     Train Epoch: 1 [20480/60000 (34%)]	loss=1.1864
2025-04-26T09:21:41Z INFO     Train Epoch: 1 [21760/60000 (36%)]	loss=1.0809
2025-04-26T09:21:41Z INFO     Train Epoch: 1 [23040/60000 (38%)]	loss=1.0569
2025-04-26T09:21:41Z INFO     Train Epoch: 1 [24320/60000 (41%)]	loss=1.0203
2025-04-26T09:21:41Z INFO     Train Epoch: 1 [25600/60000 (43%)]	loss=0.9027
2025-04-26T09:21:41Z INFO     Train Epoch: 1 [26880/60000 (45%)]	loss=1.0204
2025-04-26T09:21:42Z INFO     Train Epoch: 1 [28160/60000 (47%)]	loss=1.0538
2025-04-26T09:21:42Z INFO     Train Epoch: 1 [29440/60000 (49%)]	loss=0.9015
2025-04-26T09:21:42Z INFO     Train Epoch: 1 [30720/60000 (51%)]	loss=0.7918
2025-04-26T09:21:42Z INFO     Train Epoch: 1 [32000/60000 (53%)]	loss=1.1955
2025-04-26T09:21:42Z INFO     Train Epoch: 1 [33280/60000 (55%)]	loss=1.0275
2025-04-26T09:21:42Z INFO     Train Epoch: 1 [34560/60000 (58%)]	loss=0.9574
2025-04-26T09:21:42Z INFO     Train Epoch: 1 [35840/60000 (60%)]	loss=0.7888
2025-04-26T09:21:42Z INFO     Train Epoch: 1 [37120/60000 (62%)]	loss=0.9341
2025-04-26T09:21:42Z INFO     Train Epoch: 1 [38400/60000 (64%)]	loss=0.9526
2025-04-26T09:21:43Z INFO     Train Epoch: 1 [39680/60000 (66%)]	loss=0.8615
2025-04-26T09:21:43Z INFO     Train Epoch: 1 [40960/60000 (68%)]	loss=0.8072
2025-04-26T09:21:43Z INFO     Train Epoch: 1 [42240/60000 (70%)]	loss=0.8870
2025-04-26T09:21:43Z INFO     Train Epoch: 1 [43520/60000 (72%)]	loss=0.9449
2025-04-26T09:21:43Z INFO     Train Epoch: 1 [44800/60000 (75%)]	loss=0.9358
2025-04-26T09:21:43Z INFO     Train Epoch: 1 [46080/60000 (77%)]	loss=0.8245
2025-04-26T09:21:43Z INFO     Train Epoch: 1 [47360/60000 (79%)]	loss=0.7675
2025-04-26T09:21:43Z INFO     Train Epoch: 1 [48640/60000 (81%)]	loss=0.8705
2025-04-26T09:21:43Z INFO     Train Epoch: 1 [49920/60000 (83%)]	loss=0.8700
2025-04-26T09:21:44Z INFO     Train Epoch: 1 [51200/60000 (85%)]	loss=0.7859
2025-04-26T09:21:44Z INFO     Train Epoch: 1 [52480/60000 (87%)]	loss=0.6893
2025-04-26T09:21:44Z INFO     Train Epoch: 1 [53760/60000 (90%)]	loss=0.8081
2025-04-26T09:21:44Z INFO     Train Epoch: 1 [55040/60000 (92%)]	loss=0.8791
2025-04-26T09:21:44Z INFO     Train Epoch: 1 [56320/60000 (94%)]	loss=0.8607
2025-04-26T09:21:44Z INFO     Train Epoch: 1 [57600/60000 (96%)]	loss=0.9276
2025-04-26T09:21:44Z INFO     Train Epoch: 1 [58880/60000 (98%)]	loss=0.7708
2025-04-26T09:21:45Z INFO     {metricName: accuracy, metricValue: 0.6871};{metricName: loss, metricValue: 0.8290}

2025-04-26T09:21:45Z INFO     Train Epoch: 2 [0/60000 (0%)]	loss=0.7522
2025-04-26T09:21:45Z INFO     Train Epoch: 2 [1280/60000 (2%)]	loss=0.6783
2025-04-26T09:21:45Z INFO     Train Epoch: 2 [2560/60000 (4%)]	loss=0.7737
2025-04-26T09:21:45Z INFO     Train Epoch: 2 [3840/60000 (6%)]	loss=0.7724
2025-04-26T09:21:46Z INFO     Train Epoch: 2 [5120/60000 (9%)]	loss=0.7509
2025-04-26T09:21:46Z INFO     Train Epoch: 2 [6400/60000 (11%)]	loss=0.7421
2025-04-26T09:21:46Z INFO     Train Epoch: 2 [7680/60000 (13%)]	loss=0.7576
2025-04-26T09:21:46Z INFO     Train Epoch: 2 [8960/60000 (15%)]	loss=0.6581
2025-04-26T09:21:46Z INFO     Train Epoch: 2 [10240/60000 (17%)]	loss=0.7533
2025-04-26T09:21:46Z INFO     Train Epoch: 2 [11520/60000 (19%)]	loss=0.6049
2025-04-26T09:21:46Z INFO     Train Epoch: 2 [12800/60000 (21%)]	loss=0.7413
2025-04-26T09:21:46Z INFO     Train Epoch: 2 [14080/60000 (23%)]	loss=0.6994
2025-04-26T09:21:46Z INFO     Train Epoch: 2 [15360/60000 (26%)]	loss=0.7809
2025-04-26T09:21:47Z INFO     Train Epoch: 2 [16640/60000 (28%)]	loss=0.6449
2025-04-26T09:21:47Z INFO     Train Epoch: 2 [17920/60000 (30%)]	loss=0.7487
2025-04-26T09:21:47Z INFO     Train Epoch: 2 [19200/60000 (32%)]	loss=0.5672
2025-04-26T09:21:47Z INFO     Train Epoch: 2 [20480/60000 (34%)]	loss=0.7970
2025-04-26T09:21:47Z INFO     Train Epoch: 2 [21760/60000 (36%)]	loss=0.6866
2025-04-26T09:21:47Z INFO     Train Epoch: 2 [23040/60000 (38%)]	loss=0.6708
2025-04-26T09:21:47Z INFO     Train Epoch: 2 [24320/60000 (41%)]	loss=0.6469
2025-04-26T09:21:47Z INFO     Train Epoch: 2 [25600/60000 (43%)]	loss=0.6496
2025-04-26T09:21:47Z INFO     Train Epoch: 2 [26880/60000 (45%)]	loss=0.7617
2025-04-26T09:21:48Z INFO     Train Epoch: 2 [28160/60000 (47%)]	loss=0.5765
2025-04-26T09:21:48Z INFO     Train Epoch: 2 [29440/60000 (49%)]	loss=0.8760
2025-04-26T09:21:48Z INFO     Train Epoch: 2 [30720/60000 (51%)]	loss=0.6958
2025-04-26T09:21:48Z INFO     Train Epoch: 2 [32000/60000 (53%)]	loss=0.7701
2025-04-26T09:21:48Z INFO     Train Epoch: 2 [33280/60000 (55%)]	loss=0.6699
2025-04-26T09:21:48Z INFO     Train Epoch: 2 [34560/60000 (58%)]	loss=0.5774
2025-04-26T09:21:48Z INFO     Train Epoch: 2 [35840/60000 (60%)]	loss=0.5407
2025-04-26T09:21:48Z INFO     Train Epoch: 2 [37120/60000 (62%)]	loss=0.7474
2025-04-26T09:21:48Z INFO     Train Epoch: 2 [38400/60000 (64%)]	loss=0.6822
2025-04-26T09:21:49Z INFO     Train Epoch: 2 [39680/60000 (66%)]	loss=0.6241
2025-04-26T09:21:49Z INFO     Train Epoch: 2 [40960/60000 (68%)]	loss=0.7628
2025-04-26T09:21:49Z INFO     Train Epoch: 2 [42240/60000 (70%)]	loss=0.7598
2025-04-26T09:21:49Z INFO     Train Epoch: 2 [43520/60000 (72%)]	loss=0.5805
2025-04-26T09:21:49Z INFO     Train Epoch: 2 [44800/60000 (75%)]	loss=0.5784
2025-04-26T09:21:49Z INFO     Train Epoch: 2 [46080/60000 (77%)]	loss=0.6863
2025-04-26T09:21:49Z INFO     Train Epoch: 2 [47360/60000 (79%)]	loss=0.7654
2025-04-26T09:21:49Z INFO     Train Epoch: 2 [48640/60000 (81%)]	loss=0.5825
2025-04-26T09:21:49Z INFO     Train Epoch: 2 [49920/60000 (83%)]	loss=0.6987
2025-04-26T09:21:50Z INFO     Train Epoch: 2 [51200/60000 (85%)]	loss=0.8268
2025-04-26T09:21:50Z INFO     Train Epoch: 2 [52480/60000 (87%)]	loss=0.5805
2025-04-26T09:21:50Z INFO     Train Epoch: 2 [53760/60000 (90%)]	loss=0.5219
2025-04-26T09:21:50Z INFO     Train Epoch: 2 [55040/60000 (92%)]	loss=0.6885
2025-04-26T09:21:50Z INFO     Train Epoch: 2 [56320/60000 (94%)]	loss=0.7078
2025-04-26T09:21:50Z INFO     Train Epoch: 2 [57600/60000 (96%)]	loss=0.5101
2025-04-26T09:21:50Z INFO     Train Epoch: 2 [58880/60000 (98%)]	loss=0.5989
2025-04-26T09:21:51Z INFO     {metricName: accuracy, metricValue: 0.7611};{metricName: loss, metricValue: 0.6528}

2025-04-26T09:21:51Z INFO     Train Epoch: 3 [0/60000 (0%)]	loss=0.5433
2025-04-26T09:21:51Z INFO     Train Epoch: 3 [1280/60000 (2%)]	loss=0.6460
2025-04-26T09:21:51Z INFO     Train Epoch: 3 [2560/60000 (4%)]	loss=0.5541
2025-04-26T09:21:51Z INFO     Train Epoch: 3 [3840/60000 (6%)]	loss=0.5119
2025-04-26T09:21:52Z INFO     Train Epoch: 3 [5120/60000 (9%)]	loss=0.5646
2025-04-26T09:21:52Z INFO     Train Epoch: 3 [6400/60000 (11%)]	loss=0.6529
2025-04-26T09:21:52Z INFO     Train Epoch: 3 [7680/60000 (13%)]	loss=0.5263
2025-04-26T09:21:52Z INFO     Train Epoch: 3 [8960/60000 (15%)]	loss=0.6359
2025-04-26T09:21:52Z INFO     Train Epoch: 3 [10240/60000 (17%)]	loss=0.6484
2025-04-26T09:21:52Z INFO     Train Epoch: 3 [11520/60000 (19%)]	loss=0.4759
2025-04-26T09:21:52Z INFO     Train Epoch: 3 [12800/60000 (21%)]	loss=0.6908
2025-04-26T09:21:52Z INFO     Train Epoch: 3 [14080/60000 (23%)]	loss=0.6603
2025-04-26T09:21:52Z INFO     Train Epoch: 3 [15360/60000 (26%)]	loss=0.6987
2025-04-26T09:21:53Z INFO     Train Epoch: 3 [16640/60000 (28%)]	loss=0.5772
2025-04-26T09:21:53Z INFO     Train Epoch: 3 [17920/60000 (30%)]	loss=0.6532
2025-04-26T09:21:53Z INFO     Train Epoch: 3 [19200/60000 (32%)]	loss=0.6448
2025-04-26T09:21:53Z INFO     Train Epoch: 3 [20480/60000 (34%)]	loss=0.6255
2025-04-26T09:21:53Z INFO     Train Epoch: 3 [21760/60000 (36%)]	loss=0.4614
2025-04-26T09:21:53Z INFO     Train Epoch: 3 [23040/60000 (38%)]	loss=0.7011
2025-04-26T09:21:53Z INFO     Train Epoch: 3 [24320/60000 (41%)]	loss=0.6110
2025-04-26T09:21:53Z INFO     Train Epoch: 3 [25600/60000 (43%)]	loss=0.5657
2025-04-26T09:21:53Z INFO     Train Epoch: 3 [26880/60000 (45%)]	loss=0.5159
2025-04-26T09:21:53Z INFO     Train Epoch: 3 [28160/60000 (47%)]	loss=0.6812
2025-04-26T09:21:54Z INFO     Train Epoch: 3 [29440/60000 (49%)]	loss=0.6088
2025-04-26T09:21:54Z INFO     Train Epoch: 3 [30720/60000 (51%)]	loss=0.6051
2025-04-26T09:21:54Z INFO     Train Epoch: 3 [32000/60000 (53%)]	loss=0.6242
2025-04-26T09:21:54Z INFO     Train Epoch: 3 [33280/60000 (55%)]	loss=0.6749
2025-04-26T09:21:54Z INFO     Train Epoch: 3 [34560/60000 (58%)]	loss=0.5917
2025-04-26T09:21:54Z INFO     Train Epoch: 3 [35840/60000 (60%)]	loss=0.5715
2025-04-26T09:21:54Z INFO     Train Epoch: 3 [37120/60000 (62%)]	loss=0.5750
2025-04-26T09:21:54Z INFO     Train Epoch: 3 [38400/60000 (64%)]	loss=0.4601
2025-04-26T09:21:54Z INFO     Train Epoch: 3 [39680/60000 (66%)]	loss=0.5211
2025-04-26T09:21:55Z INFO     Train Epoch: 3 [40960/60000 (68%)]	loss=0.5726
2025-04-26T09:21:55Z INFO     Train Epoch: 3 [42240/60000 (70%)]	loss=0.5974
2025-04-26T09:21:55Z INFO     Train Epoch: 3 [43520/60000 (72%)]	loss=0.7314
2025-04-26T09:21:55Z INFO     Train Epoch: 3 [44800/60000 (75%)]	loss=0.5756
2025-04-26T09:21:55Z INFO     Train Epoch: 3 [46080/60000 (77%)]	loss=0.5910
2025-04-26T09:21:55Z INFO     Train Epoch: 3 [47360/60000 (79%)]	loss=0.5957
2025-04-26T09:21:55Z INFO     Train Epoch: 3 [48640/60000 (81%)]	loss=0.5163
2025-04-26T09:21:55Z INFO     Train Epoch: 3 [49920/60000 (83%)]	loss=0.6282
2025-04-26T09:21:55Z INFO     Train Epoch: 3 [51200/60000 (85%)]	loss=0.6650
2025-04-26T09:21:56Z INFO     Train Epoch: 3 [52480/60000 (87%)]	loss=0.6340
2025-04-26T09:21:56Z INFO     Train Epoch: 3 [53760/60000 (90%)]	loss=0.6298
2025-04-26T09:21:56Z INFO     Train Epoch: 3 [55040/60000 (92%)]	loss=0.6013
2025-04-26T09:21:56Z INFO     Train Epoch: 3 [56320/60000 (94%)]	loss=0.6391
2025-04-26T09:21:56Z INFO     Train Epoch: 3 [57600/60000 (96%)]	loss=0.5187
2025-04-26T09:21:56Z INFO     Train Epoch: 3 [58880/60000 (98%)]	loss=0.7664
2025-04-26T09:21:57Z INFO     {metricName: accuracy, metricValue: 0.7758};{metricName: loss, metricValue: 0.5945}

2025-04-26T09:21:57Z INFO     Train Epoch: 4 [0/60000 (0%)]	loss=0.6225
2025-04-26T09:21:57Z INFO     Train Epoch: 4 [1280/60000 (2%)]	loss=0.5146
2025-04-26T09:21:57Z INFO     Train Epoch: 4 [2560/60000 (4%)]	loss=0.4968
2025-04-26T09:21:57Z INFO     Train Epoch: 4 [3840/60000 (6%)]	loss=0.5829
2025-04-26T09:21:57Z INFO     Train Epoch: 4 [5120/60000 (9%)]	loss=0.5006
2025-04-26T09:21:58Z INFO     Train Epoch: 4 [6400/60000 (11%)]	loss=0.5470
2025-04-26T09:21:58Z INFO     Train Epoch: 4 [7680/60000 (13%)]	loss=0.6089
2025-04-26T09:21:58Z INFO     Train Epoch: 4 [8960/60000 (15%)]	loss=0.4797
2025-04-26T09:21:58Z INFO     Train Epoch: 4 [10240/60000 (17%)]	loss=0.5993
2025-04-26T09:21:58Z INFO     Train Epoch: 4 [11520/60000 (19%)]	loss=0.4615
2025-04-26T09:21:58Z INFO     Train Epoch: 4 [12800/60000 (21%)]	loss=0.5881
2025-04-26T09:21:58Z INFO     Train Epoch: 4 [14080/60000 (23%)]	loss=0.5851
2025-04-26T09:21:58Z INFO     Train Epoch: 4 [15360/60000 (26%)]	loss=0.6096
2025-04-26T09:21:58Z INFO     Train Epoch: 4 [16640/60000 (28%)]	loss=0.5981
2025-04-26T09:21:59Z INFO     Train Epoch: 4 [17920/60000 (30%)]	loss=0.5379
2025-04-26T09:21:59Z INFO     Train Epoch: 4 [19200/60000 (32%)]	loss=0.5683
2025-04-26T09:21:59Z INFO     Train Epoch: 4 [20480/60000 (34%)]	loss=0.4885
2025-04-26T09:21:59Z INFO     Train Epoch: 4 [21760/60000 (36%)]	loss=0.5479
2025-04-26T09:21:59Z INFO     Train Epoch: 4 [23040/60000 (38%)]	loss=0.6169
2025-04-26T09:21:59Z INFO     Train Epoch: 4 [24320/60000 (41%)]	loss=0.4902
2025-04-26T09:21:59Z INFO     Train Epoch: 4 [25600/60000 (43%)]	loss=0.5091
2025-04-26T09:21:59Z INFO     Train Epoch: 4 [26880/60000 (45%)]	loss=0.6027
2025-04-26T09:21:59Z INFO     Train Epoch: 4 [28160/60000 (47%)]	loss=0.4007
2025-04-26T09:22:00Z INFO     Train Epoch: 4 [29440/60000 (49%)]	loss=0.4861
2025-04-26T09:22:00Z INFO     Train Epoch: 4 [30720/60000 (51%)]	loss=0.5150
2025-04-26T09:22:00Z INFO     Train Epoch: 4 [32000/60000 (53%)]	loss=0.4826
2025-04-26T09:22:00Z INFO     Train Epoch: 4 [33280/60000 (55%)]	loss=0.5301
2025-04-26T09:22:00Z INFO     Train Epoch: 4 [34560/60000 (58%)]	loss=0.5399
2025-04-26T09:22:00Z INFO     Train Epoch: 4 [35840/60000 (60%)]	loss=0.4962
2025-04-26T09:22:00Z INFO     Train Epoch: 4 [37120/60000 (62%)]	loss=0.4535
2025-04-26T09:22:00Z INFO     Train Epoch: 4 [38400/60000 (64%)]	loss=0.5639
2025-04-26T09:22:00Z INFO     Train Epoch: 4 [39680/60000 (66%)]	loss=0.4884
2025-04-26T09:22:01Z INFO     Train Epoch: 4 [40960/60000 (68%)]	loss=0.5169
2025-04-26T09:22:01Z INFO     Train Epoch: 4 [42240/60000 (70%)]	loss=0.6536
2025-04-26T09:22:01Z INFO     Train Epoch: 4 [43520/60000 (72%)]	loss=0.5722
2025-04-26T09:22:01Z INFO     Train Epoch: 4 [44800/60000 (75%)]	loss=0.6372
2025-04-26T09:22:01Z INFO     Train Epoch: 4 [46080/60000 (77%)]	loss=0.5480
2025-04-26T09:22:01Z INFO     Train Epoch: 4 [47360/60000 (79%)]	loss=0.4483
2025-04-26T09:22:01Z INFO     Train Epoch: 4 [48640/60000 (81%)]	loss=0.4374
2025-04-26T09:22:01Z INFO     Train Epoch: 4 [49920/60000 (83%)]	loss=0.5650
2025-04-26T09:22:01Z INFO     Train Epoch: 4 [51200/60000 (85%)]	loss=0.5481
2025-04-26T09:22:02Z INFO     Train Epoch: 4 [52480/60000 (87%)]	loss=0.4782
2025-04-26T09:22:02Z INFO     Train Epoch: 4 [53760/60000 (90%)]	loss=0.4850
2025-04-26T09:22:02Z INFO     Train Epoch: 4 [55040/60000 (92%)]	loss=0.5663
2025-04-26T09:22:02Z INFO     Train Epoch: 4 [56320/60000 (94%)]	loss=0.4385
2025-04-26T09:22:02Z INFO     Train Epoch: 4 [57600/60000 (96%)]	loss=0.3728
2025-04-26T09:22:02Z INFO     Train Epoch: 4 [58880/60000 (98%)]	loss=0.4256
2025-04-26T09:22:03Z INFO     {metricName: accuracy, metricValue: 0.8073};{metricName: loss, metricValue: 0.5305}

Took total 27.84 seconds
Took after init_process_group 27.18 seconds

real	0m29.373s
user	0m33.164s
sys	0m7.263s
