Using CUDA
2025-04-25T15:10:34Z INFO     Train Epoch: 1 [0/60000 (0%)]	loss=2.3015
2025-04-25T15:10:34Z INFO     Train Epoch: 1 [1280/60000 (2%)]	loss=2.2863
2025-04-25T15:10:34Z INFO     Train Epoch: 1 [2560/60000 (4%)]	loss=2.2854
2025-04-25T15:10:34Z INFO     Train Epoch: 1 [3840/60000 (6%)]	loss=2.2727
2025-04-25T15:10:35Z INFO     Train Epoch: 1 [5120/60000 (9%)]	loss=2.2693
2025-04-25T15:10:35Z INFO     Train Epoch: 1 [6400/60000 (11%)]	loss=2.2500
2025-04-25T15:10:35Z INFO     Train Epoch: 1 [7680/60000 (13%)]	loss=2.2421
2025-04-25T15:10:35Z INFO     Train Epoch: 1 [8960/60000 (15%)]	loss=2.2029
2025-04-25T15:10:35Z INFO     Train Epoch: 1 [10240/60000 (17%)]	loss=2.1878
2025-04-25T15:10:35Z INFO     Train Epoch: 1 [11520/60000 (19%)]	loss=2.1322
2025-04-25T15:10:35Z INFO     Train Epoch: 1 [12800/60000 (21%)]	loss=2.0498
2025-04-25T15:10:35Z INFO     Train Epoch: 1 [14080/60000 (23%)]	loss=1.9479
2025-04-25T15:10:35Z INFO     Train Epoch: 1 [15360/60000 (26%)]	loss=1.7657
2025-04-25T15:10:36Z INFO     Train Epoch: 1 [16640/60000 (28%)]	loss=1.5978
2025-04-25T15:10:36Z INFO     Train Epoch: 1 [17920/60000 (30%)]	loss=1.3736
2025-04-25T15:10:36Z INFO     Train Epoch: 1 [19200/60000 (32%)]	loss=1.3094
2025-04-25T15:10:36Z INFO     Train Epoch: 1 [20480/60000 (34%)]	loss=1.1871
2025-04-25T15:10:36Z INFO     Train Epoch: 1 [21760/60000 (36%)]	loss=1.0811
2025-04-25T15:10:36Z INFO     Train Epoch: 1 [23040/60000 (38%)]	loss=1.0570
2025-04-25T15:10:36Z INFO     Train Epoch: 1 [24320/60000 (41%)]	loss=1.0205
2025-04-25T15:10:36Z INFO     Train Epoch: 1 [25600/60000 (43%)]	loss=0.9027
2025-04-25T15:10:36Z INFO     Train Epoch: 1 [26880/60000 (45%)]	loss=1.0206
2025-04-25T15:10:37Z INFO     Train Epoch: 1 [28160/60000 (47%)]	loss=1.0537
2025-04-25T15:10:37Z INFO     Train Epoch: 1 [29440/60000 (49%)]	loss=0.9012
2025-04-25T15:10:37Z INFO     Train Epoch: 1 [30720/60000 (51%)]	loss=0.7919
2025-04-25T15:10:37Z INFO     Train Epoch: 1 [32000/60000 (53%)]	loss=1.1952
2025-04-25T15:10:37Z INFO     Train Epoch: 1 [33280/60000 (55%)]	loss=1.0278
2025-04-25T15:10:37Z INFO     Train Epoch: 1 [34560/60000 (58%)]	loss=0.9587
2025-04-25T15:10:37Z INFO     Train Epoch: 1 [35840/60000 (60%)]	loss=0.7871
2025-04-25T15:10:37Z INFO     Train Epoch: 1 [37120/60000 (62%)]	loss=0.9318
2025-04-25T15:10:37Z INFO     Train Epoch: 1 [38400/60000 (64%)]	loss=0.9514
2025-04-25T15:10:38Z INFO     Train Epoch: 1 [39680/60000 (66%)]	loss=0.8619
2025-04-25T15:10:38Z INFO     Train Epoch: 1 [40960/60000 (68%)]	loss=0.8082
2025-04-25T15:10:38Z INFO     Train Epoch: 1 [42240/60000 (70%)]	loss=0.8863
2025-04-25T15:10:38Z INFO     Train Epoch: 1 [43520/60000 (72%)]	loss=0.9443
2025-04-25T15:10:38Z INFO     Train Epoch: 1 [44800/60000 (75%)]	loss=0.9360
2025-04-25T15:10:38Z INFO     Train Epoch: 1 [46080/60000 (77%)]	loss=0.8244
2025-04-25T15:10:38Z INFO     Train Epoch: 1 [47360/60000 (79%)]	loss=0.7681
2025-04-25T15:10:38Z INFO     Train Epoch: 1 [48640/60000 (81%)]	loss=0.8700
2025-04-25T15:10:38Z INFO     Train Epoch: 1 [49920/60000 (83%)]	loss=0.8691
2025-04-25T15:10:39Z INFO     Train Epoch: 1 [51200/60000 (85%)]	loss=0.7869
2025-04-25T15:10:39Z INFO     Train Epoch: 1 [52480/60000 (87%)]	loss=0.6912
2025-04-25T15:10:39Z INFO     Train Epoch: 1 [53760/60000 (90%)]	loss=0.8086
2025-04-25T15:10:39Z INFO     Train Epoch: 1 [55040/60000 (92%)]	loss=0.8803
2025-04-25T15:10:39Z INFO     Train Epoch: 1 [56320/60000 (94%)]	loss=0.8601
2025-04-25T15:10:39Z INFO     Train Epoch: 1 [57600/60000 (96%)]	loss=0.9279
2025-04-25T15:10:39Z INFO     Train Epoch: 1 [58880/60000 (98%)]	loss=0.7716
2025-04-25T15:10:40Z INFO     {metricName: accuracy, metricValue: 0.6883};{metricName: loss, metricValue: 0.8276}

2025-04-25T15:10:40Z INFO     Train Epoch: 2 [0/60000 (0%)]	loss=0.7498
2025-04-25T15:10:40Z INFO     Train Epoch: 2 [1280/60000 (2%)]	loss=0.6784
2025-04-25T15:10:40Z INFO     Train Epoch: 2 [2560/60000 (4%)]	loss=0.7747
2025-04-25T15:10:41Z INFO     Train Epoch: 2 [3840/60000 (6%)]	loss=0.7707
2025-04-25T15:10:41Z INFO     Train Epoch: 2 [5120/60000 (9%)]	loss=0.7498
2025-04-25T15:10:41Z INFO     Train Epoch: 2 [6400/60000 (11%)]	loss=0.7414
2025-04-25T15:10:41Z INFO     Train Epoch: 2 [7680/60000 (13%)]	loss=0.7572
2025-04-25T15:10:41Z INFO     Train Epoch: 2 [8960/60000 (15%)]	loss=0.6605
2025-04-25T15:10:41Z INFO     Train Epoch: 2 [10240/60000 (17%)]	loss=0.7523
2025-04-25T15:10:41Z INFO     Train Epoch: 2 [11520/60000 (19%)]	loss=0.6046
2025-04-25T15:10:41Z INFO     Train Epoch: 2 [12800/60000 (21%)]	loss=0.7424
2025-04-25T15:10:41Z INFO     Train Epoch: 2 [14080/60000 (23%)]	loss=0.6994
2025-04-25T15:10:42Z INFO     Train Epoch: 2 [15360/60000 (26%)]	loss=0.7809
2025-04-25T15:10:42Z INFO     Train Epoch: 2 [16640/60000 (28%)]	loss=0.6457
2025-04-25T15:10:42Z INFO     Train Epoch: 2 [17920/60000 (30%)]	loss=0.7496
2025-04-25T15:10:42Z INFO     Train Epoch: 2 [19200/60000 (32%)]	loss=0.5676
2025-04-25T15:10:42Z INFO     Train Epoch: 2 [20480/60000 (34%)]	loss=0.7981
2025-04-25T15:10:42Z INFO     Train Epoch: 2 [21760/60000 (36%)]	loss=0.6862
2025-04-25T15:10:42Z INFO     Train Epoch: 2 [23040/60000 (38%)]	loss=0.6721
2025-04-25T15:10:42Z INFO     Train Epoch: 2 [24320/60000 (41%)]	loss=0.6476
2025-04-25T15:10:42Z INFO     Train Epoch: 2 [25600/60000 (43%)]	loss=0.6489
2025-04-25T15:10:43Z INFO     Train Epoch: 2 [26880/60000 (45%)]	loss=0.7618
2025-04-25T15:10:43Z INFO     Train Epoch: 2 [28160/60000 (47%)]	loss=0.5772
2025-04-25T15:10:43Z INFO     Train Epoch: 2 [29440/60000 (49%)]	loss=0.8758
2025-04-25T15:10:43Z INFO     Train Epoch: 2 [30720/60000 (51%)]	loss=0.6955
2025-04-25T15:10:43Z INFO     Train Epoch: 2 [32000/60000 (53%)]	loss=0.7681
2025-04-25T15:10:43Z INFO     Train Epoch: 2 [33280/60000 (55%)]	loss=0.6701
2025-04-25T15:10:43Z INFO     Train Epoch: 2 [34560/60000 (58%)]	loss=0.5763
2025-04-25T15:10:43Z INFO     Train Epoch: 2 [35840/60000 (60%)]	loss=0.5414
2025-04-25T15:10:43Z INFO     Train Epoch: 2 [37120/60000 (62%)]	loss=0.7486
2025-04-25T15:10:44Z INFO     Train Epoch: 2 [38400/60000 (64%)]	loss=0.6821
2025-04-25T15:10:44Z INFO     Train Epoch: 2 [39680/60000 (66%)]	loss=0.6228
2025-04-25T15:10:44Z INFO     Train Epoch: 2 [40960/60000 (68%)]	loss=0.7624
2025-04-25T15:10:44Z INFO     Train Epoch: 2 [42240/60000 (70%)]	loss=0.7598
2025-04-25T15:10:44Z INFO     Train Epoch: 2 [43520/60000 (72%)]	loss=0.5807
2025-04-25T15:10:44Z INFO     Train Epoch: 2 [44800/60000 (75%)]	loss=0.5771
2025-04-25T15:10:44Z INFO     Train Epoch: 2 [46080/60000 (77%)]	loss=0.6861
2025-04-25T15:10:44Z INFO     Train Epoch: 2 [47360/60000 (79%)]	loss=0.7646
2025-04-25T15:10:44Z INFO     Train Epoch: 2 [48640/60000 (81%)]	loss=0.5824
2025-04-25T15:10:45Z INFO     Train Epoch: 2 [49920/60000 (83%)]	loss=0.6992
2025-04-25T15:10:45Z INFO     Train Epoch: 2 [51200/60000 (85%)]	loss=0.8263
2025-04-25T15:10:45Z INFO     Train Epoch: 2 [52480/60000 (87%)]	loss=0.5809
2025-04-25T15:10:45Z INFO     Train Epoch: 2 [53760/60000 (90%)]	loss=0.5226
2025-04-25T15:10:45Z INFO     Train Epoch: 2 [55040/60000 (92%)]	loss=0.6884
2025-04-25T15:10:45Z INFO     Train Epoch: 2 [56320/60000 (94%)]	loss=0.7076
2025-04-25T15:10:45Z INFO     Train Epoch: 2 [57600/60000 (96%)]	loss=0.5102
2025-04-25T15:10:45Z INFO     Train Epoch: 2 [58880/60000 (98%)]	loss=0.5998
2025-04-25T15:10:46Z INFO     {metricName: accuracy, metricValue: 0.7615};{metricName: loss, metricValue: 0.6527}

2025-04-25T15:10:46Z INFO     Train Epoch: 3 [0/60000 (0%)]	loss=0.5432
2025-04-25T15:10:46Z INFO     Train Epoch: 3 [1280/60000 (2%)]	loss=0.6455
2025-04-25T15:10:47Z INFO     Train Epoch: 3 [2560/60000 (4%)]	loss=0.5528
2025-04-25T15:10:47Z INFO     Train Epoch: 3 [3840/60000 (6%)]	loss=0.5128
2025-04-25T15:10:47Z INFO     Train Epoch: 3 [5120/60000 (9%)]	loss=0.5635
2025-04-25T15:10:47Z INFO     Train Epoch: 3 [6400/60000 (11%)]	loss=0.6516
2025-04-25T15:10:47Z INFO     Train Epoch: 3 [7680/60000 (13%)]	loss=0.5260
2025-04-25T15:10:47Z INFO     Train Epoch: 3 [8960/60000 (15%)]	loss=0.6366
2025-04-25T15:10:47Z INFO     Train Epoch: 3 [10240/60000 (17%)]	loss=0.6503
2025-04-25T15:10:47Z INFO     Train Epoch: 3 [11520/60000 (19%)]	loss=0.4746
2025-04-25T15:10:47Z INFO     Train Epoch: 3 [12800/60000 (21%)]	loss=0.6915
2025-04-25T15:10:48Z INFO     Train Epoch: 3 [14080/60000 (23%)]	loss=0.6611
2025-04-25T15:10:48Z INFO     Train Epoch: 3 [15360/60000 (26%)]	loss=0.6990
2025-04-25T15:10:48Z INFO     Train Epoch: 3 [16640/60000 (28%)]	loss=0.5772
2025-04-25T15:10:48Z INFO     Train Epoch: 3 [17920/60000 (30%)]	loss=0.6531
2025-04-25T15:10:48Z INFO     Train Epoch: 3 [19200/60000 (32%)]	loss=0.6458
2025-04-25T15:10:48Z INFO     Train Epoch: 3 [20480/60000 (34%)]	loss=0.6253
2025-04-25T15:10:48Z INFO     Train Epoch: 3 [21760/60000 (36%)]	loss=0.4613
2025-04-25T15:10:48Z INFO     Train Epoch: 3 [23040/60000 (38%)]	loss=0.6997
2025-04-25T15:10:48Z INFO     Train Epoch: 3 [24320/60000 (41%)]	loss=0.6117
2025-04-25T15:10:49Z INFO     Train Epoch: 3 [25600/60000 (43%)]	loss=0.5651
2025-04-25T15:10:49Z INFO     Train Epoch: 3 [26880/60000 (45%)]	loss=0.5166
2025-04-25T15:10:49Z INFO     Train Epoch: 3 [28160/60000 (47%)]	loss=0.6825
2025-04-25T15:10:49Z INFO     Train Epoch: 3 [29440/60000 (49%)]	loss=0.6093
2025-04-25T15:10:49Z INFO     Train Epoch: 3 [30720/60000 (51%)]	loss=0.6059
2025-04-25T15:10:49Z INFO     Train Epoch: 3 [32000/60000 (53%)]	loss=0.6236
2025-04-25T15:10:49Z INFO     Train Epoch: 3 [33280/60000 (55%)]	loss=0.6729
2025-04-25T15:10:49Z INFO     Train Epoch: 3 [34560/60000 (58%)]	loss=0.5918
2025-04-25T15:10:49Z INFO     Train Epoch: 3 [35840/60000 (60%)]	loss=0.5728
2025-04-25T15:10:50Z INFO     Train Epoch: 3 [37120/60000 (62%)]	loss=0.5759
2025-04-25T15:10:50Z INFO     Train Epoch: 3 [38400/60000 (64%)]	loss=0.4596
2025-04-25T15:10:50Z INFO     Train Epoch: 3 [39680/60000 (66%)]	loss=0.5214
2025-04-25T15:10:50Z INFO     Train Epoch: 3 [40960/60000 (68%)]	loss=0.5732
2025-04-25T15:10:50Z INFO     Train Epoch: 3 [42240/60000 (70%)]	loss=0.5974
2025-04-25T15:10:50Z INFO     Train Epoch: 3 [43520/60000 (72%)]	loss=0.7310
2025-04-25T15:10:50Z INFO     Train Epoch: 3 [44800/60000 (75%)]	loss=0.5758
2025-04-25T15:10:50Z INFO     Train Epoch: 3 [46080/60000 (77%)]	loss=0.5896
2025-04-25T15:10:50Z INFO     Train Epoch: 3 [47360/60000 (79%)]	loss=0.5965
2025-04-25T15:10:51Z INFO     Train Epoch: 3 [48640/60000 (81%)]	loss=0.5158
2025-04-25T15:10:51Z INFO     Train Epoch: 3 [49920/60000 (83%)]	loss=0.6271
2025-04-25T15:10:51Z INFO     Train Epoch: 3 [51200/60000 (85%)]	loss=0.6649
2025-04-25T15:10:51Z INFO     Train Epoch: 3 [52480/60000 (87%)]	loss=0.6348
2025-04-25T15:10:51Z INFO     Train Epoch: 3 [53760/60000 (90%)]	loss=0.6294
2025-04-25T15:10:51Z INFO     Train Epoch: 3 [55040/60000 (92%)]	loss=0.5997
2025-04-25T15:10:51Z INFO     Train Epoch: 3 [56320/60000 (94%)]	loss=0.6395
2025-04-25T15:10:51Z INFO     Train Epoch: 3 [57600/60000 (96%)]	loss=0.5184
2025-04-25T15:10:51Z INFO     Train Epoch: 3 [58880/60000 (98%)]	loss=0.7672
2025-04-25T15:10:52Z INFO     {metricName: accuracy, metricValue: 0.7759};{metricName: loss, metricValue: 0.5944}

2025-04-25T15:10:52Z INFO     Train Epoch: 4 [0/60000 (0%)]	loss=0.6223
2025-04-25T15:10:53Z INFO     Train Epoch: 4 [1280/60000 (2%)]	loss=0.5153
2025-04-25T15:10:53Z INFO     Train Epoch: 4 [2560/60000 (4%)]	loss=0.4981
2025-04-25T15:10:53Z INFO     Train Epoch: 4 [3840/60000 (6%)]	loss=0.5832
2025-04-25T15:10:53Z INFO     Train Epoch: 4 [5120/60000 (9%)]	loss=0.5015
2025-04-25T15:10:53Z INFO     Train Epoch: 4 [6400/60000 (11%)]	loss=0.5486
2025-04-25T15:10:53Z INFO     Train Epoch: 4 [7680/60000 (13%)]	loss=0.6100
2025-04-25T15:10:53Z INFO     Train Epoch: 4 [8960/60000 (15%)]	loss=0.4794
2025-04-25T15:10:53Z INFO     Train Epoch: 4 [10240/60000 (17%)]	loss=0.5998
2025-04-25T15:10:53Z INFO     Train Epoch: 4 [11520/60000 (19%)]	loss=0.4620
2025-04-25T15:10:54Z INFO     Train Epoch: 4 [12800/60000 (21%)]	loss=0.5893
2025-04-25T15:10:54Z INFO     Train Epoch: 4 [14080/60000 (23%)]	loss=0.5851
2025-04-25T15:10:54Z INFO     Train Epoch: 4 [15360/60000 (26%)]	loss=0.6079
2025-04-25T15:10:54Z INFO     Train Epoch: 4 [16640/60000 (28%)]	loss=0.5980
2025-04-25T15:10:54Z INFO     Train Epoch: 4 [17920/60000 (30%)]	loss=0.5373
2025-04-25T15:10:54Z INFO     Train Epoch: 4 [19200/60000 (32%)]	loss=0.5693
2025-04-25T15:10:54Z INFO     Train Epoch: 4 [20480/60000 (34%)]	loss=0.4881
2025-04-25T15:10:54Z INFO     Train Epoch: 4 [21760/60000 (36%)]	loss=0.5481
2025-04-25T15:10:54Z INFO     Train Epoch: 4 [23040/60000 (38%)]	loss=0.6174
2025-04-25T15:10:55Z INFO     Train Epoch: 4 [24320/60000 (41%)]	loss=0.4903
2025-04-25T15:10:55Z INFO     Train Epoch: 4 [25600/60000 (43%)]	loss=0.5084
2025-04-25T15:10:55Z INFO     Train Epoch: 4 [26880/60000 (45%)]	loss=0.6031
2025-04-25T15:10:55Z INFO     Train Epoch: 4 [28160/60000 (47%)]	loss=0.4004
2025-04-25T15:10:55Z INFO     Train Epoch: 4 [29440/60000 (49%)]	loss=0.4871
2025-04-25T15:10:55Z INFO     Train Epoch: 4 [30720/60000 (51%)]	loss=0.5146
2025-04-25T15:10:55Z INFO     Train Epoch: 4 [32000/60000 (53%)]	loss=0.4848
2025-04-25T15:10:55Z INFO     Train Epoch: 4 [33280/60000 (55%)]	loss=0.5311
2025-04-25T15:10:55Z INFO     Train Epoch: 4 [34560/60000 (58%)]	loss=0.5395
2025-04-25T15:10:56Z INFO     Train Epoch: 4 [35840/60000 (60%)]	loss=0.4961
2025-04-25T15:10:56Z INFO     Train Epoch: 4 [37120/60000 (62%)]	loss=0.4526
2025-04-25T15:10:56Z INFO     Train Epoch: 4 [38400/60000 (64%)]	loss=0.5623
2025-04-25T15:10:56Z INFO     Train Epoch: 4 [39680/60000 (66%)]	loss=0.4887
2025-04-25T15:10:56Z INFO     Train Epoch: 4 [40960/60000 (68%)]	loss=0.5169
2025-04-25T15:10:56Z INFO     Train Epoch: 4 [42240/60000 (70%)]	loss=0.6559
2025-04-25T15:10:56Z INFO     Train Epoch: 4 [43520/60000 (72%)]	loss=0.5742
2025-04-25T15:10:56Z INFO     Train Epoch: 4 [44800/60000 (75%)]	loss=0.6387
2025-04-25T15:10:56Z INFO     Train Epoch: 4 [46080/60000 (77%)]	loss=0.5445
2025-04-25T15:10:57Z INFO     Train Epoch: 4 [47360/60000 (79%)]	loss=0.4490
2025-04-25T15:10:57Z INFO     Train Epoch: 4 [48640/60000 (81%)]	loss=0.4377
2025-04-25T15:10:57Z INFO     Train Epoch: 4 [49920/60000 (83%)]	loss=0.5660
2025-04-25T15:10:57Z INFO     Train Epoch: 4 [51200/60000 (85%)]	loss=0.5477
2025-04-25T15:10:57Z INFO     Train Epoch: 4 [52480/60000 (87%)]	loss=0.4802
2025-04-25T15:10:57Z INFO     Train Epoch: 4 [53760/60000 (90%)]	loss=0.4867
2025-04-25T15:10:57Z INFO     Train Epoch: 4 [55040/60000 (92%)]	loss=0.5653
2025-04-25T15:10:57Z INFO     Train Epoch: 4 [56320/60000 (94%)]	loss=0.4391
2025-04-25T15:10:57Z INFO     Train Epoch: 4 [57600/60000 (96%)]	loss=0.3730
2025-04-25T15:10:58Z INFO     Train Epoch: 4 [58880/60000 (98%)]	loss=0.4250
2025-04-25T15:10:58Z INFO     {metricName: accuracy, metricValue: 0.8073};{metricName: loss, metricValue: 0.5314}


real	0m29.837s
user	0m33.347s
sys	0m7.561s
