Using CUDA
Took 0.66 seconds
2025-04-26T09:21:05Z INFO     Train Epoch: 1 [0/60000 (0%)]	loss=2.3015
2025-04-26T09:21:05Z INFO     Train Epoch: 1 [1280/60000 (2%)]	loss=2.2863
2025-04-26T09:21:05Z INFO     Train Epoch: 1 [2560/60000 (4%)]	loss=2.2854
2025-04-26T09:21:05Z INFO     Train Epoch: 1 [3840/60000 (6%)]	loss=2.2727
2025-04-26T09:21:05Z INFO     Train Epoch: 1 [5120/60000 (9%)]	loss=2.2693
2025-04-26T09:21:05Z INFO     Train Epoch: 1 [6400/60000 (11%)]	loss=2.2499
2025-04-26T09:21:05Z INFO     Train Epoch: 1 [7680/60000 (13%)]	loss=2.2421
2025-04-26T09:21:06Z INFO     Train Epoch: 1 [8960/60000 (15%)]	loss=2.2029
2025-04-26T09:21:06Z INFO     Train Epoch: 1 [10240/60000 (17%)]	loss=2.1878
2025-04-26T09:21:06Z INFO     Train Epoch: 1 [11520/60000 (19%)]	loss=2.1321
2025-04-26T09:21:06Z INFO     Train Epoch: 1 [12800/60000 (21%)]	loss=2.0497
2025-04-26T09:21:06Z INFO     Train Epoch: 1 [14080/60000 (23%)]	loss=1.9478
2025-04-26T09:21:06Z INFO     Train Epoch: 1 [15360/60000 (26%)]	loss=1.7655
2025-04-26T09:21:06Z INFO     Train Epoch: 1 [16640/60000 (28%)]	loss=1.5977
2025-04-26T09:21:06Z INFO     Train Epoch: 1 [17920/60000 (30%)]	loss=1.3736
2025-04-26T09:21:06Z INFO     Train Epoch: 1 [19200/60000 (32%)]	loss=1.3093
2025-04-26T09:21:07Z INFO     Train Epoch: 1 [20480/60000 (34%)]	loss=1.1877
2025-04-26T09:21:07Z INFO     Train Epoch: 1 [21760/60000 (36%)]	loss=1.0810
2025-04-26T09:21:07Z INFO     Train Epoch: 1 [23040/60000 (38%)]	loss=1.0570
2025-04-26T09:21:07Z INFO     Train Epoch: 1 [24320/60000 (41%)]	loss=1.0200
2025-04-26T09:21:07Z INFO     Train Epoch: 1 [25600/60000 (43%)]	loss=0.9027
2025-04-26T09:21:07Z INFO     Train Epoch: 1 [26880/60000 (45%)]	loss=1.0214
2025-04-26T09:21:07Z INFO     Train Epoch: 1 [28160/60000 (47%)]	loss=1.0540
2025-04-26T09:21:07Z INFO     Train Epoch: 1 [29440/60000 (49%)]	loss=0.9016
2025-04-26T09:21:07Z INFO     Train Epoch: 1 [30720/60000 (51%)]	loss=0.7916
2025-04-26T09:21:08Z INFO     Train Epoch: 1 [32000/60000 (53%)]	loss=1.1950
2025-04-26T09:21:08Z INFO     Train Epoch: 1 [33280/60000 (55%)]	loss=1.0276
2025-04-26T09:21:08Z INFO     Train Epoch: 1 [34560/60000 (58%)]	loss=0.9569
2025-04-26T09:21:08Z INFO     Train Epoch: 1 [35840/60000 (60%)]	loss=0.7873
2025-04-26T09:21:08Z INFO     Train Epoch: 1 [37120/60000 (62%)]	loss=0.9342
2025-04-26T09:21:08Z INFO     Train Epoch: 1 [38400/60000 (64%)]	loss=0.9516
2025-04-26T09:21:08Z INFO     Train Epoch: 1 [39680/60000 (66%)]	loss=0.8631
2025-04-26T09:21:08Z INFO     Train Epoch: 1 [40960/60000 (68%)]	loss=0.8080
2025-04-26T09:21:08Z INFO     Train Epoch: 1 [42240/60000 (70%)]	loss=0.8879
2025-04-26T09:21:08Z INFO     Train Epoch: 1 [43520/60000 (72%)]	loss=0.9440
2025-04-26T09:21:09Z INFO     Train Epoch: 1 [44800/60000 (75%)]	loss=0.9370
2025-04-26T09:21:09Z INFO     Train Epoch: 1 [46080/60000 (77%)]	loss=0.8248
2025-04-26T09:21:09Z INFO     Train Epoch: 1 [47360/60000 (79%)]	loss=0.7677
2025-04-26T09:21:09Z INFO     Train Epoch: 1 [48640/60000 (81%)]	loss=0.8701
2025-04-26T09:21:09Z INFO     Train Epoch: 1 [49920/60000 (83%)]	loss=0.8703
2025-04-26T09:21:09Z INFO     Train Epoch: 1 [51200/60000 (85%)]	loss=0.7830
2025-04-26T09:21:09Z INFO     Train Epoch: 1 [52480/60000 (87%)]	loss=0.6908
2025-04-26T09:21:09Z INFO     Train Epoch: 1 [53760/60000 (90%)]	loss=0.8082
2025-04-26T09:21:09Z INFO     Train Epoch: 1 [55040/60000 (92%)]	loss=0.8790
2025-04-26T09:21:10Z INFO     Train Epoch: 1 [56320/60000 (94%)]	loss=0.8597
2025-04-26T09:21:10Z INFO     Train Epoch: 1 [57600/60000 (96%)]	loss=0.9281
2025-04-26T09:21:10Z INFO     Train Epoch: 1 [58880/60000 (98%)]	loss=0.7726
2025-04-26T09:21:11Z INFO     {metricName: accuracy, metricValue: 0.6867};{metricName: loss, metricValue: 0.8297}

2025-04-26T09:21:11Z INFO     Train Epoch: 2 [0/60000 (0%)]	loss=0.7525
2025-04-26T09:21:11Z INFO     Train Epoch: 2 [1280/60000 (2%)]	loss=0.6784
2025-04-26T09:21:11Z INFO     Train Epoch: 2 [2560/60000 (4%)]	loss=0.7753
2025-04-26T09:21:11Z INFO     Train Epoch: 2 [3840/60000 (6%)]	loss=0.7716
2025-04-26T09:21:11Z INFO     Train Epoch: 2 [5120/60000 (9%)]	loss=0.7502
2025-04-26T09:21:11Z INFO     Train Epoch: 2 [6400/60000 (11%)]	loss=0.7423
2025-04-26T09:21:11Z INFO     Train Epoch: 2 [7680/60000 (13%)]	loss=0.7576
2025-04-26T09:21:12Z INFO     Train Epoch: 2 [8960/60000 (15%)]	loss=0.6608
2025-04-26T09:21:12Z INFO     Train Epoch: 2 [10240/60000 (17%)]	loss=0.7529
2025-04-26T09:21:12Z INFO     Train Epoch: 2 [11520/60000 (19%)]	loss=0.6045
2025-04-26T09:21:12Z INFO     Train Epoch: 2 [12800/60000 (21%)]	loss=0.7415
2025-04-26T09:21:12Z INFO     Train Epoch: 2 [14080/60000 (23%)]	loss=0.6996
2025-04-26T09:21:12Z INFO     Train Epoch: 2 [15360/60000 (26%)]	loss=0.7812
2025-04-26T09:21:12Z INFO     Train Epoch: 2 [16640/60000 (28%)]	loss=0.6443
2025-04-26T09:21:12Z INFO     Train Epoch: 2 [17920/60000 (30%)]	loss=0.7492
2025-04-26T09:21:12Z INFO     Train Epoch: 2 [19200/60000 (32%)]	loss=0.5683
2025-04-26T09:21:13Z INFO     Train Epoch: 2 [20480/60000 (34%)]	loss=0.7987
2025-04-26T09:21:13Z INFO     Train Epoch: 2 [21760/60000 (36%)]	loss=0.6858
2025-04-26T09:21:13Z INFO     Train Epoch: 2 [23040/60000 (38%)]	loss=0.6712
2025-04-26T09:21:13Z INFO     Train Epoch: 2 [24320/60000 (41%)]	loss=0.6483
2025-04-26T09:21:13Z INFO     Train Epoch: 2 [25600/60000 (43%)]	loss=0.6498
2025-04-26T09:21:13Z INFO     Train Epoch: 2 [26880/60000 (45%)]	loss=0.7622
2025-04-26T09:21:13Z INFO     Train Epoch: 2 [28160/60000 (47%)]	loss=0.5764
2025-04-26T09:21:13Z INFO     Train Epoch: 2 [29440/60000 (49%)]	loss=0.8768
2025-04-26T09:21:13Z INFO     Train Epoch: 2 [30720/60000 (51%)]	loss=0.6945
2025-04-26T09:21:14Z INFO     Train Epoch: 2 [32000/60000 (53%)]	loss=0.7684
2025-04-26T09:21:14Z INFO     Train Epoch: 2 [33280/60000 (55%)]	loss=0.6684
2025-04-26T09:21:14Z INFO     Train Epoch: 2 [34560/60000 (58%)]	loss=0.5762
2025-04-26T09:21:14Z INFO     Train Epoch: 2 [35840/60000 (60%)]	loss=0.5418
2025-04-26T09:21:14Z INFO     Train Epoch: 2 [37120/60000 (62%)]	loss=0.7480
2025-04-26T09:21:14Z INFO     Train Epoch: 2 [38400/60000 (64%)]	loss=0.6819
2025-04-26T09:21:14Z INFO     Train Epoch: 2 [39680/60000 (66%)]	loss=0.6236
2025-04-26T09:21:14Z INFO     Train Epoch: 2 [40960/60000 (68%)]	loss=0.7618
2025-04-26T09:21:14Z INFO     Train Epoch: 2 [42240/60000 (70%)]	loss=0.7586
2025-04-26T09:21:15Z INFO     Train Epoch: 2 [43520/60000 (72%)]	loss=0.5811
2025-04-26T09:21:15Z INFO     Train Epoch: 2 [44800/60000 (75%)]	loss=0.5775
2025-04-26T09:21:15Z INFO     Train Epoch: 2 [46080/60000 (77%)]	loss=0.6857
2025-04-26T09:21:15Z INFO     Train Epoch: 2 [47360/60000 (79%)]	loss=0.7650
2025-04-26T09:21:15Z INFO     Train Epoch: 2 [48640/60000 (81%)]	loss=0.5824
2025-04-26T09:21:15Z INFO     Train Epoch: 2 [49920/60000 (83%)]	loss=0.6976
2025-04-26T09:21:15Z INFO     Train Epoch: 2 [51200/60000 (85%)]	loss=0.8267
2025-04-26T09:21:15Z INFO     Train Epoch: 2 [52480/60000 (87%)]	loss=0.5804
2025-04-26T09:21:15Z INFO     Train Epoch: 2 [53760/60000 (90%)]	loss=0.5228
2025-04-26T09:21:16Z INFO     Train Epoch: 2 [55040/60000 (92%)]	loss=0.6887
2025-04-26T09:21:16Z INFO     Train Epoch: 2 [56320/60000 (94%)]	loss=0.7084
2025-04-26T09:21:16Z INFO     Train Epoch: 2 [57600/60000 (96%)]	loss=0.5107
2025-04-26T09:21:16Z INFO     Train Epoch: 2 [58880/60000 (98%)]	loss=0.5994
2025-04-26T09:21:17Z INFO     {metricName: accuracy, metricValue: 0.7606};{metricName: loss, metricValue: 0.6534}

2025-04-26T09:21:17Z INFO     Train Epoch: 3 [0/60000 (0%)]	loss=0.5441
2025-04-26T09:21:17Z INFO     Train Epoch: 3 [1280/60000 (2%)]	loss=0.6450
2025-04-26T09:21:17Z INFO     Train Epoch: 3 [2560/60000 (4%)]	loss=0.5533
2025-04-26T09:21:17Z INFO     Train Epoch: 3 [3840/60000 (6%)]	loss=0.5121
2025-04-26T09:21:17Z INFO     Train Epoch: 3 [5120/60000 (9%)]	loss=0.5639
2025-04-26T09:21:17Z INFO     Train Epoch: 3 [6400/60000 (11%)]	loss=0.6514
2025-04-26T09:21:18Z INFO     Train Epoch: 3 [7680/60000 (13%)]	loss=0.5262
2025-04-26T09:21:18Z INFO     Train Epoch: 3 [8960/60000 (15%)]	loss=0.6369
2025-04-26T09:21:18Z INFO     Train Epoch: 3 [10240/60000 (17%)]	loss=0.6493
2025-04-26T09:21:18Z INFO     Train Epoch: 3 [11520/60000 (19%)]	loss=0.4743
2025-04-26T09:21:18Z INFO     Train Epoch: 3 [12800/60000 (21%)]	loss=0.6919
2025-04-26T09:21:18Z INFO     Train Epoch: 3 [14080/60000 (23%)]	loss=0.6613
2025-04-26T09:21:18Z INFO     Train Epoch: 3 [15360/60000 (26%)]	loss=0.6985
2025-04-26T09:21:18Z INFO     Train Epoch: 3 [16640/60000 (28%)]	loss=0.5779
2025-04-26T09:21:18Z INFO     Train Epoch: 3 [17920/60000 (30%)]	loss=0.6531
2025-04-26T09:21:19Z INFO     Train Epoch: 3 [19200/60000 (32%)]	loss=0.6446
2025-04-26T09:21:19Z INFO     Train Epoch: 3 [20480/60000 (34%)]	loss=0.6263
2025-04-26T09:21:19Z INFO     Train Epoch: 3 [21760/60000 (36%)]	loss=0.4611
2025-04-26T09:21:19Z INFO     Train Epoch: 3 [23040/60000 (38%)]	loss=0.7009
2025-04-26T09:21:19Z INFO     Train Epoch: 3 [24320/60000 (41%)]	loss=0.6100
2025-04-26T09:21:19Z INFO     Train Epoch: 3 [25600/60000 (43%)]	loss=0.5662
2025-04-26T09:21:19Z INFO     Train Epoch: 3 [26880/60000 (45%)]	loss=0.5169
2025-04-26T09:21:19Z INFO     Train Epoch: 3 [28160/60000 (47%)]	loss=0.6825
2025-04-26T09:21:19Z INFO     Train Epoch: 3 [29440/60000 (49%)]	loss=0.6092
2025-04-26T09:21:20Z INFO     Train Epoch: 3 [30720/60000 (51%)]	loss=0.6055
2025-04-26T09:21:20Z INFO     Train Epoch: 3 [32000/60000 (53%)]	loss=0.6243
2025-04-26T09:21:20Z INFO     Train Epoch: 3 [33280/60000 (55%)]	loss=0.6731
2025-04-26T09:21:20Z INFO     Train Epoch: 3 [34560/60000 (58%)]	loss=0.5914
2025-04-26T09:21:20Z INFO     Train Epoch: 3 [35840/60000 (60%)]	loss=0.5730
2025-04-26T09:21:20Z INFO     Train Epoch: 3 [37120/60000 (62%)]	loss=0.5749
2025-04-26T09:21:20Z INFO     Train Epoch: 3 [38400/60000 (64%)]	loss=0.4600
2025-04-26T09:21:20Z INFO     Train Epoch: 3 [39680/60000 (66%)]	loss=0.5215
2025-04-26T09:21:20Z INFO     Train Epoch: 3 [40960/60000 (68%)]	loss=0.5727
2025-04-26T09:21:21Z INFO     Train Epoch: 3 [42240/60000 (70%)]	loss=0.5967
2025-04-26T09:21:21Z INFO     Train Epoch: 3 [43520/60000 (72%)]	loss=0.7314
2025-04-26T09:21:21Z INFO     Train Epoch: 3 [44800/60000 (75%)]	loss=0.5759
2025-04-26T09:21:21Z INFO     Train Epoch: 3 [46080/60000 (77%)]	loss=0.5912
2025-04-26T09:21:21Z INFO     Train Epoch: 3 [47360/60000 (79%)]	loss=0.5960
2025-04-26T09:21:21Z INFO     Train Epoch: 3 [48640/60000 (81%)]	loss=0.5148
2025-04-26T09:21:21Z INFO     Train Epoch: 3 [49920/60000 (83%)]	loss=0.6277
2025-04-26T09:21:21Z INFO     Train Epoch: 3 [51200/60000 (85%)]	loss=0.6645
2025-04-26T09:21:21Z INFO     Train Epoch: 3 [52480/60000 (87%)]	loss=0.6353
2025-04-26T09:21:22Z INFO     Train Epoch: 3 [53760/60000 (90%)]	loss=0.6299
2025-04-26T09:21:22Z INFO     Train Epoch: 3 [55040/60000 (92%)]	loss=0.6005
2025-04-26T09:21:22Z INFO     Train Epoch: 3 [56320/60000 (94%)]	loss=0.6390
2025-04-26T09:21:22Z INFO     Train Epoch: 3 [57600/60000 (96%)]	loss=0.5186
2025-04-26T09:21:22Z INFO     Train Epoch: 3 [58880/60000 (98%)]	loss=0.7658
2025-04-26T09:21:23Z INFO     {metricName: accuracy, metricValue: 0.7756};{metricName: loss, metricValue: 0.5948}

2025-04-26T09:21:23Z INFO     Train Epoch: 4 [0/60000 (0%)]	loss=0.6221
2025-04-26T09:21:23Z INFO     Train Epoch: 4 [1280/60000 (2%)]	loss=0.5153
2025-04-26T09:21:23Z INFO     Train Epoch: 4 [2560/60000 (4%)]	loss=0.4970
2025-04-26T09:21:23Z INFO     Train Epoch: 4 [3840/60000 (6%)]	loss=0.5829
2025-04-26T09:21:23Z INFO     Train Epoch: 4 [5120/60000 (9%)]	loss=0.5013
2025-04-26T09:21:23Z INFO     Train Epoch: 4 [6400/60000 (11%)]	loss=0.5474
2025-04-26T09:21:24Z INFO     Train Epoch: 4 [7680/60000 (13%)]	loss=0.6093
2025-04-26T09:21:24Z INFO     Train Epoch: 4 [8960/60000 (15%)]	loss=0.4808
2025-04-26T09:21:24Z INFO     Train Epoch: 4 [10240/60000 (17%)]	loss=0.5996
2025-04-26T09:21:24Z INFO     Train Epoch: 4 [11520/60000 (19%)]	loss=0.4626
2025-04-26T09:21:24Z INFO     Train Epoch: 4 [12800/60000 (21%)]	loss=0.5888
2025-04-26T09:21:24Z INFO     Train Epoch: 4 [14080/60000 (23%)]	loss=0.5862
2025-04-26T09:21:24Z INFO     Train Epoch: 4 [15360/60000 (26%)]	loss=0.6077
2025-04-26T09:21:24Z INFO     Train Epoch: 4 [16640/60000 (28%)]	loss=0.5984
2025-04-26T09:21:24Z INFO     Train Epoch: 4 [17920/60000 (30%)]	loss=0.5365
2025-04-26T09:21:25Z INFO     Train Epoch: 4 [19200/60000 (32%)]	loss=0.5688
2025-04-26T09:21:25Z INFO     Train Epoch: 4 [20480/60000 (34%)]	loss=0.4886
2025-04-26T09:21:25Z INFO     Train Epoch: 4 [21760/60000 (36%)]	loss=0.5479
2025-04-26T09:21:25Z INFO     Train Epoch: 4 [23040/60000 (38%)]	loss=0.6167
2025-04-26T09:21:25Z INFO     Train Epoch: 4 [24320/60000 (41%)]	loss=0.4909
2025-04-26T09:21:25Z INFO     Train Epoch: 4 [25600/60000 (43%)]	loss=0.5088
2025-04-26T09:21:25Z INFO     Train Epoch: 4 [26880/60000 (45%)]	loss=0.6019
2025-04-26T09:21:25Z INFO     Train Epoch: 4 [28160/60000 (47%)]	loss=0.4008
2025-04-26T09:21:25Z INFO     Train Epoch: 4 [29440/60000 (49%)]	loss=0.4869
2025-04-26T09:21:26Z INFO     Train Epoch: 4 [30720/60000 (51%)]	loss=0.5141
2025-04-26T09:21:26Z INFO     Train Epoch: 4 [32000/60000 (53%)]	loss=0.4841
2025-04-26T09:21:26Z INFO     Train Epoch: 4 [33280/60000 (55%)]	loss=0.5313
2025-04-26T09:21:26Z INFO     Train Epoch: 4 [34560/60000 (58%)]	loss=0.5400
2025-04-26T09:21:26Z INFO     Train Epoch: 4 [35840/60000 (60%)]	loss=0.4969
2025-04-26T09:21:26Z INFO     Train Epoch: 4 [37120/60000 (62%)]	loss=0.4531
2025-04-26T09:21:26Z INFO     Train Epoch: 4 [38400/60000 (64%)]	loss=0.5644
2025-04-26T09:21:26Z INFO     Train Epoch: 4 [39680/60000 (66%)]	loss=0.4887
2025-04-26T09:21:26Z INFO     Train Epoch: 4 [40960/60000 (68%)]	loss=0.5195
2025-04-26T09:21:27Z INFO     Train Epoch: 4 [42240/60000 (70%)]	loss=0.6530
2025-04-26T09:21:27Z INFO     Train Epoch: 4 [43520/60000 (72%)]	loss=0.5728
2025-04-26T09:21:27Z INFO     Train Epoch: 4 [44800/60000 (75%)]	loss=0.6402
2025-04-26T09:21:27Z INFO     Train Epoch: 4 [46080/60000 (77%)]	loss=0.5450
2025-04-26T09:21:27Z INFO     Train Epoch: 4 [47360/60000 (79%)]	loss=0.4489
2025-04-26T09:21:27Z INFO     Train Epoch: 4 [48640/60000 (81%)]	loss=0.4380
2025-04-26T09:21:27Z INFO     Train Epoch: 4 [49920/60000 (83%)]	loss=0.5645
2025-04-26T09:21:27Z INFO     Train Epoch: 4 [51200/60000 (85%)]	loss=0.5481
2025-04-26T09:21:27Z INFO     Train Epoch: 4 [52480/60000 (87%)]	loss=0.4784
2025-04-26T09:21:28Z INFO     Train Epoch: 4 [53760/60000 (90%)]	loss=0.4863
2025-04-26T09:21:28Z INFO     Train Epoch: 4 [55040/60000 (92%)]	loss=0.5657
2025-04-26T09:21:28Z INFO     Train Epoch: 4 [56320/60000 (94%)]	loss=0.4385
2025-04-26T09:21:28Z INFO     Train Epoch: 4 [57600/60000 (96%)]	loss=0.3739
2025-04-26T09:21:28Z INFO     Train Epoch: 4 [58880/60000 (98%)]	loss=0.4266
2025-04-26T09:21:29Z INFO     {metricName: accuracy, metricValue: 0.8074};{metricName: loss, metricValue: 0.5313}

Took total 28.14 seconds
Took after init_process_group 27.48 seconds

real	0m29.618s
user	0m33.774s
sys	0m7.233s
