Using CUDA
2025-04-25T15:08:17Z INFO     Train Epoch: 1 [0/60000 (0%)]	loss=2.3015
2025-04-25T15:08:17Z INFO     Train Epoch: 1 [1280/60000 (2%)]	loss=2.2863
2025-04-25T15:08:17Z INFO     Train Epoch: 1 [2560/60000 (4%)]	loss=2.2854
2025-04-25T15:08:17Z INFO     Train Epoch: 1 [3840/60000 (6%)]	loss=2.2727
2025-04-25T15:08:17Z INFO     Train Epoch: 1 [5120/60000 (9%)]	loss=2.2693
2025-04-25T15:08:17Z INFO     Train Epoch: 1 [6400/60000 (11%)]	loss=2.2499
2025-04-25T15:08:18Z INFO     Train Epoch: 1 [7680/60000 (13%)]	loss=2.2420
2025-04-25T15:08:18Z INFO     Train Epoch: 1 [8960/60000 (15%)]	loss=2.2028
2025-04-25T15:08:18Z INFO     Train Epoch: 1 [10240/60000 (17%)]	loss=2.1878
2025-04-25T15:08:18Z INFO     Train Epoch: 1 [11520/60000 (19%)]	loss=2.1322
2025-04-25T15:08:18Z INFO     Train Epoch: 1 [12800/60000 (21%)]	loss=2.0497
2025-04-25T15:08:18Z INFO     Train Epoch: 1 [14080/60000 (23%)]	loss=1.9477
2025-04-25T15:08:18Z INFO     Train Epoch: 1 [15360/60000 (26%)]	loss=1.7656
2025-04-25T15:08:18Z INFO     Train Epoch: 1 [16640/60000 (28%)]	loss=1.5976
2025-04-25T15:08:18Z INFO     Train Epoch: 1 [17920/60000 (30%)]	loss=1.3736
2025-04-25T15:08:18Z INFO     Train Epoch: 1 [19200/60000 (32%)]	loss=1.3091
2025-04-25T15:08:19Z INFO     Train Epoch: 1 [20480/60000 (34%)]	loss=1.1872
2025-04-25T15:08:19Z INFO     Train Epoch: 1 [21760/60000 (36%)]	loss=1.0813
2025-04-25T15:08:19Z INFO     Train Epoch: 1 [23040/60000 (38%)]	loss=1.0568
2025-04-25T15:08:19Z INFO     Train Epoch: 1 [24320/60000 (41%)]	loss=1.0203
2025-04-25T15:08:19Z INFO     Train Epoch: 1 [25600/60000 (43%)]	loss=0.9028
2025-04-25T15:08:19Z INFO     Train Epoch: 1 [26880/60000 (45%)]	loss=1.0209
2025-04-25T15:08:19Z INFO     Train Epoch: 1 [28160/60000 (47%)]	loss=1.0545
2025-04-25T15:08:19Z INFO     Train Epoch: 1 [29440/60000 (49%)]	loss=0.9028
2025-04-25T15:08:19Z INFO     Train Epoch: 1 [30720/60000 (51%)]	loss=0.7911
2025-04-25T15:08:20Z INFO     Train Epoch: 1 [32000/60000 (53%)]	loss=1.1947
2025-04-25T15:08:20Z INFO     Train Epoch: 1 [33280/60000 (55%)]	loss=1.0281
2025-04-25T15:08:20Z INFO     Train Epoch: 1 [34560/60000 (58%)]	loss=0.9570
2025-04-25T15:08:20Z INFO     Train Epoch: 1 [35840/60000 (60%)]	loss=0.7880
2025-04-25T15:08:20Z INFO     Train Epoch: 1 [37120/60000 (62%)]	loss=0.9331
2025-04-25T15:08:20Z INFO     Train Epoch: 1 [38400/60000 (64%)]	loss=0.9512
2025-04-25T15:08:20Z INFO     Train Epoch: 1 [39680/60000 (66%)]	loss=0.8614
2025-04-25T15:08:20Z INFO     Train Epoch: 1 [40960/60000 (68%)]	loss=0.8090
2025-04-25T15:08:20Z INFO     Train Epoch: 1 [42240/60000 (70%)]	loss=0.8879
2025-04-25T15:08:21Z INFO     Train Epoch: 1 [43520/60000 (72%)]	loss=0.9441
2025-04-25T15:08:21Z INFO     Train Epoch: 1 [44800/60000 (75%)]	loss=0.9371
2025-04-25T15:08:21Z INFO     Train Epoch: 1 [46080/60000 (77%)]	loss=0.8243
2025-04-25T15:08:21Z INFO     Train Epoch: 1 [47360/60000 (79%)]	loss=0.7680
2025-04-25T15:08:21Z INFO     Train Epoch: 1 [48640/60000 (81%)]	loss=0.8713
2025-04-25T15:08:21Z INFO     Train Epoch: 1 [49920/60000 (83%)]	loss=0.8696
2025-04-25T15:08:21Z INFO     Train Epoch: 1 [51200/60000 (85%)]	loss=0.7846
2025-04-25T15:08:21Z INFO     Train Epoch: 1 [52480/60000 (87%)]	loss=0.6894
2025-04-25T15:08:21Z INFO     Train Epoch: 1 [53760/60000 (90%)]	loss=0.8080
2025-04-25T15:08:22Z INFO     Train Epoch: 1 [55040/60000 (92%)]	loss=0.8795
2025-04-25T15:08:22Z INFO     Train Epoch: 1 [56320/60000 (94%)]	loss=0.8587
2025-04-25T15:08:22Z INFO     Train Epoch: 1 [57600/60000 (96%)]	loss=0.9282
2025-04-25T15:08:22Z INFO     Train Epoch: 1 [58880/60000 (98%)]	loss=0.7694
2025-04-25T15:08:23Z INFO     {metricName: accuracy, metricValue: 0.6874};{metricName: loss, metricValue: 0.8286}

2025-04-25T15:08:23Z INFO     Train Epoch: 2 [0/60000 (0%)]	loss=0.7508
2025-04-25T15:08:23Z INFO     Train Epoch: 2 [1280/60000 (2%)]	loss=0.6791
2025-04-25T15:08:23Z INFO     Train Epoch: 2 [2560/60000 (4%)]	loss=0.7744
2025-04-25T15:08:23Z INFO     Train Epoch: 2 [3840/60000 (6%)]	loss=0.7719
2025-04-25T15:08:23Z INFO     Train Epoch: 2 [5120/60000 (9%)]	loss=0.7500
2025-04-25T15:08:23Z INFO     Train Epoch: 2 [6400/60000 (11%)]	loss=0.7416
2025-04-25T15:08:23Z INFO     Train Epoch: 2 [7680/60000 (13%)]	loss=0.7574
2025-04-25T15:08:24Z INFO     Train Epoch: 2 [8960/60000 (15%)]	loss=0.6585
2025-04-25T15:08:24Z INFO     Train Epoch: 2 [10240/60000 (17%)]	loss=0.7527
2025-04-25T15:08:24Z INFO     Train Epoch: 2 [11520/60000 (19%)]	loss=0.6047
2025-04-25T15:08:24Z INFO     Train Epoch: 2 [12800/60000 (21%)]	loss=0.7413
2025-04-25T15:08:24Z INFO     Train Epoch: 2 [14080/60000 (23%)]	loss=0.6996
2025-04-25T15:08:24Z INFO     Train Epoch: 2 [15360/60000 (26%)]	loss=0.7802
2025-04-25T15:08:24Z INFO     Train Epoch: 2 [16640/60000 (28%)]	loss=0.6438
2025-04-25T15:08:24Z INFO     Train Epoch: 2 [17920/60000 (30%)]	loss=0.7489
2025-04-25T15:08:24Z INFO     Train Epoch: 2 [19200/60000 (32%)]	loss=0.5678
2025-04-25T15:08:25Z INFO     Train Epoch: 2 [20480/60000 (34%)]	loss=0.7992
2025-04-25T15:08:25Z INFO     Train Epoch: 2 [21760/60000 (36%)]	loss=0.6863
2025-04-25T15:08:25Z INFO     Train Epoch: 2 [23040/60000 (38%)]	loss=0.6720
2025-04-25T15:08:25Z INFO     Train Epoch: 2 [24320/60000 (41%)]	loss=0.6476
2025-04-25T15:08:25Z INFO     Train Epoch: 2 [25600/60000 (43%)]	loss=0.6492
2025-04-25T15:08:25Z INFO     Train Epoch: 2 [26880/60000 (45%)]	loss=0.7624
2025-04-25T15:08:25Z INFO     Train Epoch: 2 [28160/60000 (47%)]	loss=0.5765
2025-04-25T15:08:25Z INFO     Train Epoch: 2 [29440/60000 (49%)]	loss=0.8775
2025-04-25T15:08:25Z INFO     Train Epoch: 2 [30720/60000 (51%)]	loss=0.6958
2025-04-25T15:08:26Z INFO     Train Epoch: 2 [32000/60000 (53%)]	loss=0.7680
2025-04-25T15:08:26Z INFO     Train Epoch: 2 [33280/60000 (55%)]	loss=0.6703
2025-04-25T15:08:26Z INFO     Train Epoch: 2 [34560/60000 (58%)]	loss=0.5766
2025-04-25T15:08:26Z INFO     Train Epoch: 2 [35840/60000 (60%)]	loss=0.5410
2025-04-25T15:08:26Z INFO     Train Epoch: 2 [37120/60000 (62%)]	loss=0.7477
2025-04-25T15:08:26Z INFO     Train Epoch: 2 [38400/60000 (64%)]	loss=0.6823
2025-04-25T15:08:26Z INFO     Train Epoch: 2 [39680/60000 (66%)]	loss=0.6214
2025-04-25T15:08:26Z INFO     Train Epoch: 2 [40960/60000 (68%)]	loss=0.7626
2025-04-25T15:08:26Z INFO     Train Epoch: 2 [42240/60000 (70%)]	loss=0.7603
2025-04-25T15:08:27Z INFO     Train Epoch: 2 [43520/60000 (72%)]	loss=0.5806
2025-04-25T15:08:27Z INFO     Train Epoch: 2 [44800/60000 (75%)]	loss=0.5777
2025-04-25T15:08:27Z INFO     Train Epoch: 2 [46080/60000 (77%)]	loss=0.6867
2025-04-25T15:08:27Z INFO     Train Epoch: 2 [47360/60000 (79%)]	loss=0.7639
2025-04-25T15:08:27Z INFO     Train Epoch: 2 [48640/60000 (81%)]	loss=0.5817
2025-04-25T15:08:27Z INFO     Train Epoch: 2 [49920/60000 (83%)]	loss=0.6988
2025-04-25T15:08:27Z INFO     Train Epoch: 2 [51200/60000 (85%)]	loss=0.8255
2025-04-25T15:08:27Z INFO     Train Epoch: 2 [52480/60000 (87%)]	loss=0.5798
2025-04-25T15:08:27Z INFO     Train Epoch: 2 [53760/60000 (90%)]	loss=0.5208
2025-04-25T15:08:28Z INFO     Train Epoch: 2 [55040/60000 (92%)]	loss=0.6880
2025-04-25T15:08:28Z INFO     Train Epoch: 2 [56320/60000 (94%)]	loss=0.7070
2025-04-25T15:08:28Z INFO     Train Epoch: 2 [57600/60000 (96%)]	loss=0.5105
2025-04-25T15:08:28Z INFO     Train Epoch: 2 [58880/60000 (98%)]	loss=0.5997
2025-04-25T15:08:29Z INFO     {metricName: accuracy, metricValue: 0.7617};{metricName: loss, metricValue: 0.6530}

2025-04-25T15:08:29Z INFO     Train Epoch: 3 [0/60000 (0%)]	loss=0.5428
2025-04-25T15:08:29Z INFO     Train Epoch: 3 [1280/60000 (2%)]	loss=0.6448
2025-04-25T15:08:29Z INFO     Train Epoch: 3 [2560/60000 (4%)]	loss=0.5533
2025-04-25T15:08:29Z INFO     Train Epoch: 3 [3840/60000 (6%)]	loss=0.5119
2025-04-25T15:08:29Z INFO     Train Epoch: 3 [5120/60000 (9%)]	loss=0.5636
2025-04-25T15:08:29Z INFO     Train Epoch: 3 [6400/60000 (11%)]	loss=0.6524
2025-04-25T15:08:29Z INFO     Train Epoch: 3 [7680/60000 (13%)]	loss=0.5258
2025-04-25T15:08:30Z INFO     Train Epoch: 3 [8960/60000 (15%)]	loss=0.6376
2025-04-25T15:08:30Z INFO     Train Epoch: 3 [10240/60000 (17%)]	loss=0.6501
2025-04-25T15:08:30Z INFO     Train Epoch: 3 [11520/60000 (19%)]	loss=0.4747
2025-04-25T15:08:30Z INFO     Train Epoch: 3 [12800/60000 (21%)]	loss=0.6919
2025-04-25T15:08:30Z INFO     Train Epoch: 3 [14080/60000 (23%)]	loss=0.6606
2025-04-25T15:08:30Z INFO     Train Epoch: 3 [15360/60000 (26%)]	loss=0.7002
2025-04-25T15:08:30Z INFO     Train Epoch: 3 [16640/60000 (28%)]	loss=0.5772
2025-04-25T15:08:30Z INFO     Train Epoch: 3 [17920/60000 (30%)]	loss=0.6529
2025-04-25T15:08:30Z INFO     Train Epoch: 3 [19200/60000 (32%)]	loss=0.6457
2025-04-25T15:08:31Z INFO     Train Epoch: 3 [20480/60000 (34%)]	loss=0.6267
2025-04-25T15:08:31Z INFO     Train Epoch: 3 [21760/60000 (36%)]	loss=0.4614
2025-04-25T15:08:31Z INFO     Train Epoch: 3 [23040/60000 (38%)]	loss=0.6989
2025-04-25T15:08:31Z INFO     Train Epoch: 3 [24320/60000 (41%)]	loss=0.6110
2025-04-25T15:08:31Z INFO     Train Epoch: 3 [25600/60000 (43%)]	loss=0.5663
2025-04-25T15:08:31Z INFO     Train Epoch: 3 [26880/60000 (45%)]	loss=0.5169
2025-04-25T15:08:31Z INFO     Train Epoch: 3 [28160/60000 (47%)]	loss=0.6812
2025-04-25T15:08:31Z INFO     Train Epoch: 3 [29440/60000 (49%)]	loss=0.6086
2025-04-25T15:08:31Z INFO     Train Epoch: 3 [30720/60000 (51%)]	loss=0.6051
2025-04-25T15:08:32Z INFO     Train Epoch: 3 [32000/60000 (53%)]	loss=0.6244
2025-04-25T15:08:32Z INFO     Train Epoch: 3 [33280/60000 (55%)]	loss=0.6738
2025-04-25T15:08:32Z INFO     Train Epoch: 3 [34560/60000 (58%)]	loss=0.5913
2025-04-25T15:08:32Z INFO     Train Epoch: 3 [35840/60000 (60%)]	loss=0.5724
2025-04-25T15:08:32Z INFO     Train Epoch: 3 [37120/60000 (62%)]	loss=0.5757
2025-04-25T15:08:32Z INFO     Train Epoch: 3 [38400/60000 (64%)]	loss=0.4594
2025-04-25T15:08:32Z INFO     Train Epoch: 3 [39680/60000 (66%)]	loss=0.5218
2025-04-25T15:08:32Z INFO     Train Epoch: 3 [40960/60000 (68%)]	loss=0.5736
2025-04-25T15:08:32Z INFO     Train Epoch: 3 [42240/60000 (70%)]	loss=0.5970
2025-04-25T15:08:32Z INFO     Train Epoch: 3 [43520/60000 (72%)]	loss=0.7322
2025-04-25T15:08:33Z INFO     Train Epoch: 3 [44800/60000 (75%)]	loss=0.5772
2025-04-25T15:08:33Z INFO     Train Epoch: 3 [46080/60000 (77%)]	loss=0.5898
2025-04-25T15:08:33Z INFO     Train Epoch: 3 [47360/60000 (79%)]	loss=0.5966
2025-04-25T15:08:33Z INFO     Train Epoch: 3 [48640/60000 (81%)]	loss=0.5146
2025-04-25T15:08:33Z INFO     Train Epoch: 3 [49920/60000 (83%)]	loss=0.6283
2025-04-25T15:08:33Z INFO     Train Epoch: 3 [51200/60000 (85%)]	loss=0.6637
2025-04-25T15:08:33Z INFO     Train Epoch: 3 [52480/60000 (87%)]	loss=0.6333
2025-04-25T15:08:33Z INFO     Train Epoch: 3 [53760/60000 (90%)]	loss=0.6291
2025-04-25T15:08:33Z INFO     Train Epoch: 3 [55040/60000 (92%)]	loss=0.6011
2025-04-25T15:08:34Z INFO     Train Epoch: 3 [56320/60000 (94%)]	loss=0.6390
2025-04-25T15:08:34Z INFO     Train Epoch: 3 [57600/60000 (96%)]	loss=0.5190
2025-04-25T15:08:34Z INFO     Train Epoch: 3 [58880/60000 (98%)]	loss=0.7662
2025-04-25T15:08:35Z INFO     {metricName: accuracy, metricValue: 0.7747};{metricName: loss, metricValue: 0.5949}

2025-04-25T15:08:35Z INFO     Train Epoch: 4 [0/60000 (0%)]	loss=0.6212
2025-04-25T15:08:35Z INFO     Train Epoch: 4 [1280/60000 (2%)]	loss=0.5160
2025-04-25T15:08:35Z INFO     Train Epoch: 4 [2560/60000 (4%)]	loss=0.4984
2025-04-25T15:08:35Z INFO     Train Epoch: 4 [3840/60000 (6%)]	loss=0.5838
2025-04-25T15:08:35Z INFO     Train Epoch: 4 [5120/60000 (9%)]	loss=0.5017
2025-04-25T15:08:35Z INFO     Train Epoch: 4 [6400/60000 (11%)]	loss=0.5477
2025-04-25T15:08:35Z INFO     Train Epoch: 4 [7680/60000 (13%)]	loss=0.6106
2025-04-25T15:08:36Z INFO     Train Epoch: 4 [8960/60000 (15%)]	loss=0.4798
2025-04-25T15:08:36Z INFO     Train Epoch: 4 [10240/60000 (17%)]	loss=0.6011
2025-04-25T15:08:36Z INFO     Train Epoch: 4 [11520/60000 (19%)]	loss=0.4609
2025-04-25T15:08:36Z INFO     Train Epoch: 4 [12800/60000 (21%)]	loss=0.5880
2025-04-25T15:08:36Z INFO     Train Epoch: 4 [14080/60000 (23%)]	loss=0.5855
2025-04-25T15:08:36Z INFO     Train Epoch: 4 [15360/60000 (26%)]	loss=0.6086
2025-04-25T15:08:36Z INFO     Train Epoch: 4 [16640/60000 (28%)]	loss=0.5979
2025-04-25T15:08:36Z INFO     Train Epoch: 4 [17920/60000 (30%)]	loss=0.5372
2025-04-25T15:08:36Z INFO     Train Epoch: 4 [19200/60000 (32%)]	loss=0.5683
2025-04-25T15:08:36Z INFO     Train Epoch: 4 [20480/60000 (34%)]	loss=0.4873
2025-04-25T15:08:37Z INFO     Train Epoch: 4 [21760/60000 (36%)]	loss=0.5481
2025-04-25T15:08:37Z INFO     Train Epoch: 4 [23040/60000 (38%)]	loss=0.6144
2025-04-25T15:08:37Z INFO     Train Epoch: 4 [24320/60000 (41%)]	loss=0.4895
2025-04-25T15:08:37Z INFO     Train Epoch: 4 [25600/60000 (43%)]	loss=0.5091
2025-04-25T15:08:37Z INFO     Train Epoch: 4 [26880/60000 (45%)]	loss=0.6018
2025-04-25T15:08:37Z INFO     Train Epoch: 4 [28160/60000 (47%)]	loss=0.4013
2025-04-25T15:08:37Z INFO     Train Epoch: 4 [29440/60000 (49%)]	loss=0.4857
2025-04-25T15:08:37Z INFO     Train Epoch: 4 [30720/60000 (51%)]	loss=0.5143
2025-04-25T15:08:37Z INFO     Train Epoch: 4 [32000/60000 (53%)]	loss=0.4830
2025-04-25T15:08:38Z INFO     Train Epoch: 4 [33280/60000 (55%)]	loss=0.5304
2025-04-25T15:08:38Z INFO     Train Epoch: 4 [34560/60000 (58%)]	loss=0.5392
2025-04-25T15:08:38Z INFO     Train Epoch: 4 [35840/60000 (60%)]	loss=0.4968
2025-04-25T15:08:38Z INFO     Train Epoch: 4 [37120/60000 (62%)]	loss=0.4522
2025-04-25T15:08:38Z INFO     Train Epoch: 4 [38400/60000 (64%)]	loss=0.5624
2025-04-25T15:08:38Z INFO     Train Epoch: 4 [39680/60000 (66%)]	loss=0.4876
2025-04-25T15:08:38Z INFO     Train Epoch: 4 [40960/60000 (68%)]	loss=0.5184
2025-04-25T15:08:38Z INFO     Train Epoch: 4 [42240/60000 (70%)]	loss=0.6562
2025-04-25T15:08:38Z INFO     Train Epoch: 4 [43520/60000 (72%)]	loss=0.5736
2025-04-25T15:08:39Z INFO     Train Epoch: 4 [44800/60000 (75%)]	loss=0.6390
2025-04-25T15:08:39Z INFO     Train Epoch: 4 [46080/60000 (77%)]	loss=0.5457
2025-04-25T15:08:39Z INFO     Train Epoch: 4 [47360/60000 (79%)]	loss=0.4488
2025-04-25T15:08:39Z INFO     Train Epoch: 4 [48640/60000 (81%)]	loss=0.4366
2025-04-25T15:08:39Z INFO     Train Epoch: 4 [49920/60000 (83%)]	loss=0.5656
2025-04-25T15:08:39Z INFO     Train Epoch: 4 [51200/60000 (85%)]	loss=0.5473
2025-04-25T15:08:39Z INFO     Train Epoch: 4 [52480/60000 (87%)]	loss=0.4786
2025-04-25T15:08:39Z INFO     Train Epoch: 4 [53760/60000 (90%)]	loss=0.4860
2025-04-25T15:08:39Z INFO     Train Epoch: 4 [55040/60000 (92%)]	loss=0.5659
2025-04-25T15:08:40Z INFO     Train Epoch: 4 [56320/60000 (94%)]	loss=0.4383
2025-04-25T15:08:40Z INFO     Train Epoch: 4 [57600/60000 (96%)]	loss=0.3730
2025-04-25T15:08:40Z INFO     Train Epoch: 4 [58880/60000 (98%)]	loss=0.4257
2025-04-25T15:08:41Z INFO     {metricName: accuracy, metricValue: 0.8060};{metricName: loss, metricValue: 0.5314}


real	0m29.331s
user	0m32.958s
sys	0m7.337s
