Using CUDA
2025-04-19T14:48:09Z INFO     Train Epoch: 1 [0/60000 (0%)]	loss=2.3015
2025-04-19T14:48:09Z INFO     Train Epoch: 1 [1280/60000 (2%)]	loss=2.2863
2025-04-19T14:48:09Z INFO     Train Epoch: 1 [2560/60000 (4%)]	loss=2.2854
2025-04-19T14:48:10Z INFO     Train Epoch: 1 [3840/60000 (6%)]	loss=2.2727
2025-04-19T14:48:10Z INFO     Train Epoch: 1 [5120/60000 (9%)]	loss=2.2693
2025-04-19T14:48:10Z INFO     Train Epoch: 1 [6400/60000 (11%)]	loss=2.2500
2025-04-19T14:48:10Z INFO     Train Epoch: 1 [7680/60000 (13%)]	loss=2.2420
2025-04-19T14:48:10Z INFO     Train Epoch: 1 [8960/60000 (15%)]	loss=2.2029
2025-04-19T14:48:10Z INFO     Train Epoch: 1 [10240/60000 (17%)]	loss=2.1878
2025-04-19T14:48:10Z INFO     Train Epoch: 1 [11520/60000 (19%)]	loss=2.1322
2025-04-19T14:48:10Z INFO     Train Epoch: 1 [12800/60000 (21%)]	loss=2.0497
2025-04-19T14:48:10Z INFO     Train Epoch: 1 [14080/60000 (23%)]	loss=1.9478
2025-04-19T14:48:10Z INFO     Train Epoch: 1 [15360/60000 (26%)]	loss=1.7656
2025-04-19T14:48:11Z INFO     Train Epoch: 1 [16640/60000 (28%)]	loss=1.5977
2025-04-19T14:48:11Z INFO     Train Epoch: 1 [17920/60000 (30%)]	loss=1.3736
2025-04-19T14:48:11Z INFO     Train Epoch: 1 [19200/60000 (32%)]	loss=1.3095
2025-04-19T14:48:11Z INFO     Train Epoch: 1 [20480/60000 (34%)]	loss=1.1862
2025-04-19T14:48:11Z INFO     Train Epoch: 1 [21760/60000 (36%)]	loss=1.0814
2025-04-19T14:48:11Z INFO     Train Epoch: 1 [23040/60000 (38%)]	loss=1.0570
2025-04-19T14:48:11Z INFO     Train Epoch: 1 [24320/60000 (41%)]	loss=1.0204
2025-04-19T14:48:11Z INFO     Train Epoch: 1 [25600/60000 (43%)]	loss=0.9031
2025-04-19T14:48:11Z INFO     Train Epoch: 1 [26880/60000 (45%)]	loss=1.0217
2025-04-19T14:48:12Z INFO     Train Epoch: 1 [28160/60000 (47%)]	loss=1.0543
2025-04-19T14:48:12Z INFO     Train Epoch: 1 [29440/60000 (49%)]	loss=0.9023
2025-04-19T14:48:12Z INFO     Train Epoch: 1 [30720/60000 (51%)]	loss=0.7915
2025-04-19T14:48:12Z INFO     Train Epoch: 1 [32000/60000 (53%)]	loss=1.1955
2025-04-19T14:48:12Z INFO     Train Epoch: 1 [33280/60000 (55%)]	loss=1.0265
2025-04-19T14:48:12Z INFO     Train Epoch: 1 [34560/60000 (58%)]	loss=0.9567
2025-04-19T14:48:12Z INFO     Train Epoch: 1 [35840/60000 (60%)]	loss=0.7888
2025-04-19T14:48:12Z INFO     Train Epoch: 1 [37120/60000 (62%)]	loss=0.9329
2025-04-19T14:48:12Z INFO     Train Epoch: 1 [38400/60000 (64%)]	loss=0.9520
2025-04-19T14:48:13Z INFO     Train Epoch: 1 [39680/60000 (66%)]	loss=0.8618
2025-04-19T14:48:13Z INFO     Train Epoch: 1 [40960/60000 (68%)]	loss=0.8080
2025-04-19T14:48:13Z INFO     Train Epoch: 1 [42240/60000 (70%)]	loss=0.8870
2025-04-19T14:48:13Z INFO     Train Epoch: 1 [43520/60000 (72%)]	loss=0.9455
2025-04-19T14:48:13Z INFO     Train Epoch: 1 [44800/60000 (75%)]	loss=0.9364
2025-04-19T14:48:13Z INFO     Train Epoch: 1 [46080/60000 (77%)]	loss=0.8249
2025-04-19T14:48:13Z INFO     Train Epoch: 1 [47360/60000 (79%)]	loss=0.7684
2025-04-19T14:48:13Z INFO     Train Epoch: 1 [48640/60000 (81%)]	loss=0.8699
2025-04-19T14:48:13Z INFO     Train Epoch: 1 [49920/60000 (83%)]	loss=0.8695
2025-04-19T14:48:14Z INFO     Train Epoch: 1 [51200/60000 (85%)]	loss=0.7880
2025-04-19T14:48:14Z INFO     Train Epoch: 1 [52480/60000 (87%)]	loss=0.6908
2025-04-19T14:48:14Z INFO     Train Epoch: 1 [53760/60000 (90%)]	loss=0.8085
2025-04-19T14:48:14Z INFO     Train Epoch: 1 [55040/60000 (92%)]	loss=0.8806
2025-04-19T14:48:14Z INFO     Train Epoch: 1 [56320/60000 (94%)]	loss=0.8600
2025-04-19T14:48:14Z INFO     Train Epoch: 1 [57600/60000 (96%)]	loss=0.9275
2025-04-19T14:48:14Z INFO     Train Epoch: 1 [58880/60000 (98%)]	loss=0.7707
2025-04-19T14:48:15Z INFO     {metricName: accuracy, metricValue: 0.6877};{metricName: loss, metricValue: 0.8280}

2025-04-19T14:48:15Z INFO     Train Epoch: 2 [0/60000 (0%)]	loss=0.7507
2025-04-19T14:48:15Z INFO     Train Epoch: 2 [1280/60000 (2%)]	loss=0.6788
2025-04-19T14:48:15Z INFO     Train Epoch: 2 [2560/60000 (4%)]	loss=0.7741
2025-04-19T14:48:15Z INFO     Train Epoch: 2 [3840/60000 (6%)]	loss=0.7711
2025-04-19T14:48:16Z INFO     Train Epoch: 2 [5120/60000 (9%)]	loss=0.7492
2025-04-19T14:48:16Z INFO     Train Epoch: 2 [6400/60000 (11%)]	loss=0.7427
2025-04-19T14:48:16Z INFO     Train Epoch: 2 [7680/60000 (13%)]	loss=0.7570
2025-04-19T14:48:16Z INFO     Train Epoch: 2 [8960/60000 (15%)]	loss=0.6599
2025-04-19T14:48:16Z INFO     Train Epoch: 2 [10240/60000 (17%)]	loss=0.7525
2025-04-19T14:48:16Z INFO     Train Epoch: 2 [11520/60000 (19%)]	loss=0.6043
2025-04-19T14:48:16Z INFO     Train Epoch: 2 [12800/60000 (21%)]	loss=0.7416
2025-04-19T14:48:16Z INFO     Train Epoch: 2 [14080/60000 (23%)]	loss=0.6996
2025-04-19T14:48:16Z INFO     Train Epoch: 2 [15360/60000 (26%)]	loss=0.7802
2025-04-19T14:48:17Z INFO     Train Epoch: 2 [16640/60000 (28%)]	loss=0.6446
2025-04-19T14:48:17Z INFO     Train Epoch: 2 [17920/60000 (30%)]	loss=0.7496
2025-04-19T14:48:17Z INFO     Train Epoch: 2 [19200/60000 (32%)]	loss=0.5678
2025-04-19T14:48:17Z INFO     Train Epoch: 2 [20480/60000 (34%)]	loss=0.7964
2025-04-19T14:48:17Z INFO     Train Epoch: 2 [21760/60000 (36%)]	loss=0.6860
2025-04-19T14:48:17Z INFO     Train Epoch: 2 [23040/60000 (38%)]	loss=0.6719
2025-04-19T14:48:17Z INFO     Train Epoch: 2 [24320/60000 (41%)]	loss=0.6478
2025-04-19T14:48:17Z INFO     Train Epoch: 2 [25600/60000 (43%)]	loss=0.6499
2025-04-19T14:48:17Z INFO     Train Epoch: 2 [26880/60000 (45%)]	loss=0.7614
2025-04-19T14:48:18Z INFO     Train Epoch: 2 [28160/60000 (47%)]	loss=0.5768
2025-04-19T14:48:18Z INFO     Train Epoch: 2 [29440/60000 (49%)]	loss=0.8770
2025-04-19T14:48:18Z INFO     Train Epoch: 2 [30720/60000 (51%)]	loss=0.6952
2025-04-19T14:48:18Z INFO     Train Epoch: 2 [32000/60000 (53%)]	loss=0.7686
2025-04-19T14:48:18Z INFO     Train Epoch: 2 [33280/60000 (55%)]	loss=0.6697
2025-04-19T14:48:18Z INFO     Train Epoch: 2 [34560/60000 (58%)]	loss=0.5758
2025-04-19T14:48:18Z INFO     Train Epoch: 2 [35840/60000 (60%)]	loss=0.5417
2025-04-19T14:48:18Z INFO     Train Epoch: 2 [37120/60000 (62%)]	loss=0.7493
2025-04-19T14:48:18Z INFO     Train Epoch: 2 [38400/60000 (64%)]	loss=0.6809
2025-04-19T14:48:19Z INFO     Train Epoch: 2 [39680/60000 (66%)]	loss=0.6222
2025-04-19T14:48:19Z INFO     Train Epoch: 2 [40960/60000 (68%)]	loss=0.7618
2025-04-19T14:48:19Z INFO     Train Epoch: 2 [42240/60000 (70%)]	loss=0.7589
2025-04-19T14:48:19Z INFO     Train Epoch: 2 [43520/60000 (72%)]	loss=0.5807
2025-04-19T14:48:19Z INFO     Train Epoch: 2 [44800/60000 (75%)]	loss=0.5775
2025-04-19T14:48:19Z INFO     Train Epoch: 2 [46080/60000 (77%)]	loss=0.6865
2025-04-19T14:48:19Z INFO     Train Epoch: 2 [47360/60000 (79%)]	loss=0.7636
2025-04-19T14:48:19Z INFO     Train Epoch: 2 [48640/60000 (81%)]	loss=0.5821
2025-04-19T14:48:19Z INFO     Train Epoch: 2 [49920/60000 (83%)]	loss=0.6980
2025-04-19T14:48:20Z INFO     Train Epoch: 2 [51200/60000 (85%)]	loss=0.8283
2025-04-19T14:48:20Z INFO     Train Epoch: 2 [52480/60000 (87%)]	loss=0.5797
2025-04-19T14:48:20Z INFO     Train Epoch: 2 [53760/60000 (90%)]	loss=0.5210
2025-04-19T14:48:20Z INFO     Train Epoch: 2 [55040/60000 (92%)]	loss=0.6897
2025-04-19T14:48:20Z INFO     Train Epoch: 2 [56320/60000 (94%)]	loss=0.7067
2025-04-19T14:48:20Z INFO     Train Epoch: 2 [57600/60000 (96%)]	loss=0.5102
2025-04-19T14:48:20Z INFO     Train Epoch: 2 [58880/60000 (98%)]	loss=0.5994
2025-04-19T14:48:21Z INFO     {metricName: accuracy, metricValue: 0.7614};{metricName: loss, metricValue: 0.6530}

2025-04-19T14:48:21Z INFO     Train Epoch: 3 [0/60000 (0%)]	loss=0.5435
2025-04-19T14:48:21Z INFO     Train Epoch: 3 [1280/60000 (2%)]	loss=0.6455
2025-04-19T14:48:21Z INFO     Train Epoch: 3 [2560/60000 (4%)]	loss=0.5524
2025-04-19T14:48:21Z INFO     Train Epoch: 3 [3840/60000 (6%)]	loss=0.5119
2025-04-19T14:48:22Z INFO     Train Epoch: 3 [5120/60000 (9%)]	loss=0.5637
2025-04-19T14:48:22Z INFO     Train Epoch: 3 [6400/60000 (11%)]	loss=0.6524
2025-04-19T14:48:22Z INFO     Train Epoch: 3 [7680/60000 (13%)]	loss=0.5263
2025-04-19T14:48:22Z INFO     Train Epoch: 3 [8960/60000 (15%)]	loss=0.6372
2025-04-19T14:48:22Z INFO     Train Epoch: 3 [10240/60000 (17%)]	loss=0.6495
2025-04-19T14:48:22Z INFO     Train Epoch: 3 [11520/60000 (19%)]	loss=0.4747
2025-04-19T14:48:22Z INFO     Train Epoch: 3 [12800/60000 (21%)]	loss=0.6917
2025-04-19T14:48:22Z INFO     Train Epoch: 3 [14080/60000 (23%)]	loss=0.6595
2025-04-19T14:48:22Z INFO     Train Epoch: 3 [15360/60000 (26%)]	loss=0.6987
2025-04-19T14:48:23Z INFO     Train Epoch: 3 [16640/60000 (28%)]	loss=0.5775
2025-04-19T14:48:23Z INFO     Train Epoch: 3 [17920/60000 (30%)]	loss=0.6526
2025-04-19T14:48:23Z INFO     Train Epoch: 3 [19200/60000 (32%)]	loss=0.6465
2025-04-19T14:48:23Z INFO     Train Epoch: 3 [20480/60000 (34%)]	loss=0.6256
2025-04-19T14:48:23Z INFO     Train Epoch: 3 [21760/60000 (36%)]	loss=0.4616
2025-04-19T14:48:23Z INFO     Train Epoch: 3 [23040/60000 (38%)]	loss=0.7000
2025-04-19T14:48:23Z INFO     Train Epoch: 3 [24320/60000 (41%)]	loss=0.6114
2025-04-19T14:48:23Z INFO     Train Epoch: 3 [25600/60000 (43%)]	loss=0.5671
2025-04-19T14:48:23Z INFO     Train Epoch: 3 [26880/60000 (45%)]	loss=0.5167
2025-04-19T14:48:24Z INFO     Train Epoch: 3 [28160/60000 (47%)]	loss=0.6819
2025-04-19T14:48:24Z INFO     Train Epoch: 3 [29440/60000 (49%)]	loss=0.6097
2025-04-19T14:48:24Z INFO     Train Epoch: 3 [30720/60000 (51%)]	loss=0.6044
2025-04-19T14:48:24Z INFO     Train Epoch: 3 [32000/60000 (53%)]	loss=0.6232
2025-04-19T14:48:24Z INFO     Train Epoch: 3 [33280/60000 (55%)]	loss=0.6739
2025-04-19T14:48:24Z INFO     Train Epoch: 3 [34560/60000 (58%)]	loss=0.5911
2025-04-19T14:48:24Z INFO     Train Epoch: 3 [35840/60000 (60%)]	loss=0.5698
2025-04-19T14:48:24Z INFO     Train Epoch: 3 [37120/60000 (62%)]	loss=0.5751
2025-04-19T14:48:24Z INFO     Train Epoch: 3 [38400/60000 (64%)]	loss=0.4594
2025-04-19T14:48:25Z INFO     Train Epoch: 3 [39680/60000 (66%)]	loss=0.5216
2025-04-19T14:48:25Z INFO     Train Epoch: 3 [40960/60000 (68%)]	loss=0.5737
2025-04-19T14:48:25Z INFO     Train Epoch: 3 [42240/60000 (70%)]	loss=0.5974
2025-04-19T14:48:25Z INFO     Train Epoch: 3 [43520/60000 (72%)]	loss=0.7346
2025-04-19T14:48:25Z INFO     Train Epoch: 3 [44800/60000 (75%)]	loss=0.5761
2025-04-19T14:48:25Z INFO     Train Epoch: 3 [46080/60000 (77%)]	loss=0.5900
2025-04-19T14:48:25Z INFO     Train Epoch: 3 [47360/60000 (79%)]	loss=0.5957
2025-04-19T14:48:25Z INFO     Train Epoch: 3 [48640/60000 (81%)]	loss=0.5160
2025-04-19T14:48:25Z INFO     Train Epoch: 3 [49920/60000 (83%)]	loss=0.6273
2025-04-19T14:48:26Z INFO     Train Epoch: 3 [51200/60000 (85%)]	loss=0.6650
2025-04-19T14:48:26Z INFO     Train Epoch: 3 [52480/60000 (87%)]	loss=0.6350
2025-04-19T14:48:26Z INFO     Train Epoch: 3 [53760/60000 (90%)]	loss=0.6291
2025-04-19T14:48:26Z INFO     Train Epoch: 3 [55040/60000 (92%)]	loss=0.6013
2025-04-19T14:48:26Z INFO     Train Epoch: 3 [56320/60000 (94%)]	loss=0.6390
2025-04-19T14:48:26Z INFO     Train Epoch: 3 [57600/60000 (96%)]	loss=0.5186
2025-04-19T14:48:26Z INFO     Train Epoch: 3 [58880/60000 (98%)]	loss=0.7657
2025-04-19T14:48:27Z INFO     {metricName: accuracy, metricValue: 0.7761};{metricName: loss, metricValue: 0.5949}

2025-04-19T14:48:27Z INFO     Train Epoch: 4 [0/60000 (0%)]	loss=0.6220
2025-04-19T14:48:27Z INFO     Train Epoch: 4 [1280/60000 (2%)]	loss=0.5156
2025-04-19T14:48:27Z INFO     Train Epoch: 4 [2560/60000 (4%)]	loss=0.4976
2025-04-19T14:48:27Z INFO     Train Epoch: 4 [3840/60000 (6%)]	loss=0.5822
2025-04-19T14:48:28Z INFO     Train Epoch: 4 [5120/60000 (9%)]	loss=0.5004
2025-04-19T14:48:28Z INFO     Train Epoch: 4 [6400/60000 (11%)]	loss=0.5479
2025-04-19T14:48:28Z INFO     Train Epoch: 4 [7680/60000 (13%)]	loss=0.6089
2025-04-19T14:48:28Z INFO     Train Epoch: 4 [8960/60000 (15%)]	loss=0.4792
2025-04-19T14:48:28Z INFO     Train Epoch: 4 [10240/60000 (17%)]	loss=0.5992
2025-04-19T14:48:28Z INFO     Train Epoch: 4 [11520/60000 (19%)]	loss=0.4616
2025-04-19T14:48:28Z INFO     Train Epoch: 4 [12800/60000 (21%)]	loss=0.5886
2025-04-19T14:48:28Z INFO     Train Epoch: 4 [14080/60000 (23%)]	loss=0.5858
2025-04-19T14:48:28Z INFO     Train Epoch: 4 [15360/60000 (26%)]	loss=0.6090
2025-04-19T14:48:29Z INFO     Train Epoch: 4 [16640/60000 (28%)]	loss=0.5992
2025-04-19T14:48:29Z INFO     Train Epoch: 4 [17920/60000 (30%)]	loss=0.5372
2025-04-19T14:48:29Z INFO     Train Epoch: 4 [19200/60000 (32%)]	loss=0.5674
2025-04-19T14:48:29Z INFO     Train Epoch: 4 [20480/60000 (34%)]	loss=0.4870
2025-04-19T14:48:29Z INFO     Train Epoch: 4 [21760/60000 (36%)]	loss=0.5477
2025-04-19T14:48:29Z INFO     Train Epoch: 4 [23040/60000 (38%)]	loss=0.6177
2025-04-19T14:48:29Z INFO     Train Epoch: 4 [24320/60000 (41%)]	loss=0.4893
2025-04-19T14:48:29Z INFO     Train Epoch: 4 [25600/60000 (43%)]	loss=0.5084
2025-04-19T14:48:29Z INFO     Train Epoch: 4 [26880/60000 (45%)]	loss=0.6011
2025-04-19T14:48:30Z INFO     Train Epoch: 4 [28160/60000 (47%)]	loss=0.4018
2025-04-19T14:48:30Z INFO     Train Epoch: 4 [29440/60000 (49%)]	loss=0.4861
2025-04-19T14:48:30Z INFO     Train Epoch: 4 [30720/60000 (51%)]	loss=0.5129
2025-04-19T14:48:30Z INFO     Train Epoch: 4 [32000/60000 (53%)]	loss=0.4829
2025-04-19T14:48:30Z INFO     Train Epoch: 4 [33280/60000 (55%)]	loss=0.5324
2025-04-19T14:48:30Z INFO     Train Epoch: 4 [34560/60000 (58%)]	loss=0.5411
2025-04-19T14:48:30Z INFO     Train Epoch: 4 [35840/60000 (60%)]	loss=0.4967
2025-04-19T14:48:30Z INFO     Train Epoch: 4 [37120/60000 (62%)]	loss=0.4526
2025-04-19T14:48:30Z INFO     Train Epoch: 4 [38400/60000 (64%)]	loss=0.5627
2025-04-19T14:48:31Z INFO     Train Epoch: 4 [39680/60000 (66%)]	loss=0.4877
2025-04-19T14:48:31Z INFO     Train Epoch: 4 [40960/60000 (68%)]	loss=0.5172
2025-04-19T14:48:31Z INFO     Train Epoch: 4 [42240/60000 (70%)]	loss=0.6546
2025-04-19T14:48:31Z INFO     Train Epoch: 4 [43520/60000 (72%)]	loss=0.5739
2025-04-19T14:48:31Z INFO     Train Epoch: 4 [44800/60000 (75%)]	loss=0.6399
2025-04-19T14:48:31Z INFO     Train Epoch: 4 [46080/60000 (77%)]	loss=0.5455
2025-04-19T14:48:31Z INFO     Train Epoch: 4 [47360/60000 (79%)]	loss=0.4494
2025-04-19T14:48:31Z INFO     Train Epoch: 4 [48640/60000 (81%)]	loss=0.4373
2025-04-19T14:48:31Z INFO     Train Epoch: 4 [49920/60000 (83%)]	loss=0.5653
2025-04-19T14:48:32Z INFO     Train Epoch: 4 [51200/60000 (85%)]	loss=0.5509
2025-04-19T14:48:32Z INFO     Train Epoch: 4 [52480/60000 (87%)]	loss=0.4790
2025-04-19T14:48:32Z INFO     Train Epoch: 4 [53760/60000 (90%)]	loss=0.4863
2025-04-19T14:48:32Z INFO     Train Epoch: 4 [55040/60000 (92%)]	loss=0.5655
2025-04-19T14:48:32Z INFO     Train Epoch: 4 [56320/60000 (94%)]	loss=0.4385
2025-04-19T14:48:32Z INFO     Train Epoch: 4 [57600/60000 (96%)]	loss=0.3744
2025-04-19T14:48:32Z INFO     Train Epoch: 4 [58880/60000 (98%)]	loss=0.4245
2025-04-19T14:48:33Z INFO     {metricName: accuracy, metricValue: 0.8071};{metricName: loss, metricValue: 0.5320}


real	0m29.453s
user	0m33.250s
sys	0m7.188s
