Using CUDA
Using distributed PyTorch with nccl backend
2025-04-25T16:55:11Z INFO     Added key: store_based_barrier_key:1 to store for rank: 0
2025-04-25T16:55:11Z INFO     Rank 0: Completed store-based barrier for key:store_based_barrier_key:1 with 4 nodes.
pytorch-mnist-master-0:38:38 [0] NCCL INFO Bootstrap : Using eth0:10.244.0.6<0>
pytorch-mnist-master-0:38:38 [0] NCCL INFO NET/Plugin : No plugin found (libnccl-net.so), using internal implementation
pytorch-mnist-master-0:38:38 [0] NCCL INFO NET/IB : Using [0]mlx5_0:1/IB ; OOB eth0:10.244.0.6<0>
pytorch-mnist-master-0:38:38 [0] NCCL INFO Using network IB
NCCL version 2.10.3+cuda10.2
pytorch-mnist-master-0:38:124 [0] NCCL INFO NET/IB : GPU Direct RDMA Disabled for HCA 0 'mlx5_0' (no module)
pytorch-mnist-master-0:38:124 [0] NCCL INFO NET/IB : GPU Direct RDMA Disabled for HCA 0 'mlx5_0' (no module)
pytorch-mnist-master-0:38:124 [0] NCCL INFO Channel 00/02 :    0   1   2   3
pytorch-mnist-master-0:38:124 [0] NCCL INFO Channel 01/02 :    0   1   2   3
pytorch-mnist-master-0:38:124 [0] NCCL INFO Trees [0] 2/-1/-1->0->-1 [1] -1/-1/-1->0->1
pytorch-mnist-master-0:38:124 [0] NCCL INFO Setting affinity for GPU 0 to 0fffff
pytorch-mnist-master-0:38:124 [0] NCCL INFO Channel 00 : 3[100000] -> 0[100000] [receive] via NET/IB/0
pytorch-mnist-master-0:38:124 [0] NCCL INFO Channel 01 : 3[100000] -> 0[100000] [receive] via NET/IB/0
pytorch-mnist-master-0:38:124 [0] NCCL INFO Channel 00 : 0[100000] -> 1[100000] [send] via NET/IB/0
pytorch-mnist-master-0:38:124 [0] NCCL INFO Channel 01 : 0[100000] -> 1[100000] [send] via NET/IB/0
pytorch-mnist-master-0:38:124 [0] NCCL INFO NET/IB: Dev 0 Port 1 qpn 301 mtu 5 LID 146
pytorch-mnist-master-0:38:124 [0] NCCL INFO NET/IB: Dev 0 Port 1 qpn 302 mtu 5 LID 146
pytorch-mnist-master-0:38:124 [0] NCCL INFO Connected all rings
pytorch-mnist-master-0:38:124 [0] NCCL INFO Channel 00 : 2[100000] -> 0[100000] [receive] via NET/IB/0
pytorch-mnist-master-0:38:124 [0] NCCL INFO Channel 00 : 0[100000] -> 2[100000] [send] via NET/IB/0
pytorch-mnist-master-0:38:124 [0] NCCL INFO NET/IB: Dev 0 Port 1 qpn 305 mtu 5 LID 146
pytorch-mnist-master-0:38:124 [0] NCCL INFO Channel 01 : 1[100000] -> 0[100000] [receive] via NET/IB/0
pytorch-mnist-master-0:38:124 [0] NCCL INFO Connected all trees
pytorch-mnist-master-0:38:124 [0] NCCL INFO threadThresholds 8/8/64 | 32/8/64 | 8/8/512
pytorch-mnist-master-0:38:124 [0] NCCL INFO 2 coll channels, 2 p2p channels, 1 p2p channels per peer
pytorch-mnist-master-0:38:124 [0] NCCL INFO comm 0x7b3b68001360 rank 0 nranks 4 cudaDev 0 busId 100000 - Init COMPLETE
pytorch-mnist-master-0:38:38 [0] NCCL INFO Launch mode Parallel
2025-04-25T16:55:15Z INFO     Train Epoch: 1 [0/60000 (0%)]	loss=2.3015
2025-04-25T16:55:15Z INFO     Reducer buckets have been rebuilt in this iteration.
2025-04-25T16:55:15Z INFO     Train Epoch: 1 [1280/60000 (2%)]	loss=2.2863
2025-04-25T16:55:15Z INFO     Train Epoch: 1 [2560/60000 (4%)]	loss=2.2854
2025-04-25T16:55:15Z INFO     Train Epoch: 1 [3840/60000 (6%)]	loss=2.2727
2025-04-25T16:55:15Z INFO     Train Epoch: 1 [5120/60000 (9%)]	loss=2.2693
2025-04-25T16:55:15Z INFO     Train Epoch: 1 [6400/60000 (11%)]	loss=2.2499
2025-04-25T16:55:15Z INFO     Train Epoch: 1 [7680/60000 (13%)]	loss=2.2421
2025-04-25T16:55:16Z INFO     Train Epoch: 1 [8960/60000 (15%)]	loss=2.2029
2025-04-25T16:55:16Z INFO     Train Epoch: 1 [10240/60000 (17%)]	loss=2.1879
2025-04-25T16:55:16Z INFO     Train Epoch: 1 [11520/60000 (19%)]	loss=2.1322
2025-04-25T16:55:16Z INFO     Train Epoch: 1 [12800/60000 (21%)]	loss=2.0497
2025-04-25T16:55:16Z INFO     Train Epoch: 1 [14080/60000 (23%)]	loss=1.9477
2025-04-25T16:55:16Z INFO     Train Epoch: 1 [15360/60000 (26%)]	loss=1.7655
2025-04-25T16:55:16Z INFO     Train Epoch: 1 [16640/60000 (28%)]	loss=1.5976
2025-04-25T16:55:16Z INFO     Train Epoch: 1 [17920/60000 (30%)]	loss=1.3737
2025-04-25T16:55:16Z INFO     Train Epoch: 1 [19200/60000 (32%)]	loss=1.3095
2025-04-25T16:55:17Z INFO     Train Epoch: 1 [20480/60000 (34%)]	loss=1.1866
2025-04-25T16:55:17Z INFO     Train Epoch: 1 [21760/60000 (36%)]	loss=1.0810
2025-04-25T16:55:17Z INFO     Train Epoch: 1 [23040/60000 (38%)]	loss=1.0572
2025-04-25T16:55:17Z INFO     Train Epoch: 1 [24320/60000 (41%)]	loss=1.0205
2025-04-25T16:55:17Z INFO     Train Epoch: 1 [25600/60000 (43%)]	loss=0.9026
2025-04-25T16:55:17Z INFO     Train Epoch: 1 [26880/60000 (45%)]	loss=1.0209
2025-04-25T16:55:17Z INFO     Train Epoch: 1 [28160/60000 (47%)]	loss=1.0538
2025-04-25T16:55:17Z INFO     Train Epoch: 1 [29440/60000 (49%)]	loss=0.9021
2025-04-25T16:55:18Z INFO     Train Epoch: 1 [30720/60000 (51%)]	loss=0.7913
2025-04-25T16:55:18Z INFO     Train Epoch: 1 [32000/60000 (53%)]	loss=1.1954
2025-04-25T16:55:18Z INFO     Train Epoch: 1 [33280/60000 (55%)]	loss=1.0280
2025-04-25T16:55:18Z INFO     Train Epoch: 1 [34560/60000 (58%)]	loss=0.9574
2025-04-25T16:55:18Z INFO     Train Epoch: 1 [35840/60000 (60%)]	loss=0.7874
2025-04-25T16:55:18Z INFO     Train Epoch: 1 [37120/60000 (62%)]	loss=0.9330
2025-04-25T16:55:18Z INFO     Train Epoch: 1 [38400/60000 (64%)]	loss=0.9503
2025-04-25T16:55:18Z INFO     Train Epoch: 1 [39680/60000 (66%)]	loss=0.8621
2025-04-25T16:55:18Z INFO     Train Epoch: 1 [40960/60000 (68%)]	loss=0.8089
2025-04-25T16:55:19Z INFO     Train Epoch: 1 [42240/60000 (70%)]	loss=0.8868
2025-04-25T16:55:19Z INFO     Train Epoch: 1 [43520/60000 (72%)]	loss=0.9455
2025-04-25T16:55:19Z INFO     Train Epoch: 1 [44800/60000 (75%)]	loss=0.9374
2025-04-25T16:55:19Z INFO     Train Epoch: 1 [46080/60000 (77%)]	loss=0.8247
2025-04-25T16:55:19Z INFO     Train Epoch: 1 [47360/60000 (79%)]	loss=0.7676
2025-04-25T16:55:19Z INFO     Train Epoch: 1 [48640/60000 (81%)]	loss=0.8710
2025-04-25T16:55:19Z INFO     Train Epoch: 1 [49920/60000 (83%)]	loss=0.8691
2025-04-25T16:55:19Z INFO     Train Epoch: 1 [51200/60000 (85%)]	loss=0.7832
2025-04-25T16:55:19Z INFO     Train Epoch: 1 [52480/60000 (87%)]	loss=0.6908
2025-04-25T16:55:20Z INFO     Train Epoch: 1 [53760/60000 (90%)]	loss=0.8084
2025-04-25T16:55:20Z INFO     Train Epoch: 1 [55040/60000 (92%)]	loss=0.8791
2025-04-25T16:55:20Z INFO     Train Epoch: 1 [56320/60000 (94%)]	loss=0.8596
2025-04-25T16:55:20Z INFO     Train Epoch: 1 [57600/60000 (96%)]	loss=0.9282
2025-04-25T16:55:20Z INFO     Train Epoch: 1 [58880/60000 (98%)]	loss=0.7708
2025-04-25T16:55:21Z INFO     {metricName: accuracy, metricValue: 0.6875};{metricName: loss, metricValue: 0.8283}

2025-04-25T16:55:21Z INFO     Train Epoch: 2 [0/60000 (0%)]	loss=0.7507
2025-04-25T16:55:21Z INFO     Train Epoch: 2 [1280/60000 (2%)]	loss=0.6790
2025-04-25T16:55:21Z INFO     Train Epoch: 2 [2560/60000 (4%)]	loss=0.7744
2025-04-25T16:55:21Z INFO     Train Epoch: 2 [3840/60000 (6%)]	loss=0.7719
2025-04-25T16:55:21Z INFO     Train Epoch: 2 [5120/60000 (9%)]	loss=0.7511
2025-04-25T16:55:22Z INFO     Train Epoch: 2 [6400/60000 (11%)]	loss=0.7408
2025-04-25T16:55:22Z INFO     Train Epoch: 2 [7680/60000 (13%)]	loss=0.7572
2025-04-25T16:55:22Z INFO     Train Epoch: 2 [8960/60000 (15%)]	loss=0.6595
2025-04-25T16:55:22Z INFO     Train Epoch: 2 [10240/60000 (17%)]	loss=0.7517
2025-04-25T16:55:22Z INFO     Train Epoch: 2 [11520/60000 (19%)]	loss=0.6046
2025-04-25T16:55:22Z INFO     Train Epoch: 2 [12800/60000 (21%)]	loss=0.7428
2025-04-25T16:55:22Z INFO     Train Epoch: 2 [14080/60000 (23%)]	loss=0.6997
2025-04-25T16:55:22Z INFO     Train Epoch: 2 [15360/60000 (26%)]	loss=0.7804
2025-04-25T16:55:22Z INFO     Train Epoch: 2 [16640/60000 (28%)]	loss=0.6445
2025-04-25T16:55:23Z INFO     Train Epoch: 2 [17920/60000 (30%)]	loss=0.7500
2025-04-25T16:55:23Z INFO     Train Epoch: 2 [19200/60000 (32%)]	loss=0.5671
2025-04-25T16:55:23Z INFO     Train Epoch: 2 [20480/60000 (34%)]	loss=0.7983
2025-04-25T16:55:23Z INFO     Train Epoch: 2 [21760/60000 (36%)]	loss=0.6869
2025-04-25T16:55:23Z INFO     Train Epoch: 2 [23040/60000 (38%)]	loss=0.6720
2025-04-25T16:55:23Z INFO     Train Epoch: 2 [24320/60000 (41%)]	loss=0.6487
2025-04-25T16:55:23Z INFO     Train Epoch: 2 [25600/60000 (43%)]	loss=0.6494
2025-04-25T16:55:23Z INFO     Train Epoch: 2 [26880/60000 (45%)]	loss=0.7622
2025-04-25T16:55:23Z INFO     Train Epoch: 2 [28160/60000 (47%)]	loss=0.5770
2025-04-25T16:55:24Z INFO     Train Epoch: 2 [29440/60000 (49%)]	loss=0.8774
2025-04-25T16:55:24Z INFO     Train Epoch: 2 [30720/60000 (51%)]	loss=0.6968
2025-04-25T16:55:24Z INFO     Train Epoch: 2 [32000/60000 (53%)]	loss=0.7676
2025-04-25T16:55:24Z INFO     Train Epoch: 2 [33280/60000 (55%)]	loss=0.6698
2025-04-25T16:55:24Z INFO     Train Epoch: 2 [34560/60000 (58%)]	loss=0.5767
2025-04-25T16:55:24Z INFO     Train Epoch: 2 [35840/60000 (60%)]	loss=0.5408
2025-04-25T16:55:24Z INFO     Train Epoch: 2 [37120/60000 (62%)]	loss=0.7475
2025-04-25T16:55:24Z INFO     Train Epoch: 2 [38400/60000 (64%)]	loss=0.6824
2025-04-25T16:55:24Z INFO     Train Epoch: 2 [39680/60000 (66%)]	loss=0.6229
2025-04-25T16:55:25Z INFO     Train Epoch: 2 [40960/60000 (68%)]	loss=0.7623
2025-04-25T16:55:25Z INFO     Train Epoch: 2 [42240/60000 (70%)]	loss=0.7596
2025-04-25T16:55:25Z INFO     Train Epoch: 2 [43520/60000 (72%)]	loss=0.5805
2025-04-25T16:55:25Z INFO     Train Epoch: 2 [44800/60000 (75%)]	loss=0.5777
2025-04-25T16:55:25Z INFO     Train Epoch: 2 [46080/60000 (77%)]	loss=0.6875
2025-04-25T16:55:25Z INFO     Train Epoch: 2 [47360/60000 (79%)]	loss=0.7646
2025-04-25T16:55:25Z INFO     Train Epoch: 2 [48640/60000 (81%)]	loss=0.5829
2025-04-25T16:55:25Z INFO     Train Epoch: 2 [49920/60000 (83%)]	loss=0.6987
2025-04-25T16:55:25Z INFO     Train Epoch: 2 [51200/60000 (85%)]	loss=0.8262
2025-04-25T16:55:26Z INFO     Train Epoch: 2 [52480/60000 (87%)]	loss=0.5799
2025-04-25T16:55:26Z INFO     Train Epoch: 2 [53760/60000 (90%)]	loss=0.5222
2025-04-25T16:55:26Z INFO     Train Epoch: 2 [55040/60000 (92%)]	loss=0.6886
2025-04-25T16:55:26Z INFO     Train Epoch: 2 [56320/60000 (94%)]	loss=0.7069
2025-04-25T16:55:26Z INFO     Train Epoch: 2 [57600/60000 (96%)]	loss=0.5100
2025-04-25T16:55:26Z INFO     Train Epoch: 2 [58880/60000 (98%)]	loss=0.6007
2025-04-25T16:55:27Z INFO     {metricName: accuracy, metricValue: 0.7607};{metricName: loss, metricValue: 0.6533}

2025-04-25T16:55:27Z INFO     Train Epoch: 3 [0/60000 (0%)]	loss=0.5431
2025-04-25T16:55:27Z INFO     Train Epoch: 3 [1280/60000 (2%)]	loss=0.6455
2025-04-25T16:55:27Z INFO     Train Epoch: 3 [2560/60000 (4%)]	loss=0.5544
2025-04-25T16:55:28Z INFO     Train Epoch: 3 [3840/60000 (6%)]	loss=0.5124
2025-04-25T16:55:28Z INFO     Train Epoch: 3 [5120/60000 (9%)]	loss=0.5632
2025-04-25T16:55:28Z INFO     Train Epoch: 3 [6400/60000 (11%)]	loss=0.6531
2025-04-25T16:55:28Z INFO     Train Epoch: 3 [7680/60000 (13%)]	loss=0.5261
2025-04-25T16:55:28Z INFO     Train Epoch: 3 [8960/60000 (15%)]	loss=0.6371
2025-04-25T16:55:28Z INFO     Train Epoch: 3 [10240/60000 (17%)]	loss=0.6518
2025-04-25T16:55:28Z INFO     Train Epoch: 3 [11520/60000 (19%)]	loss=0.4747
2025-04-25T16:55:28Z INFO     Train Epoch: 3 [12800/60000 (21%)]	loss=0.6913
2025-04-25T16:55:28Z INFO     Train Epoch: 3 [14080/60000 (23%)]	loss=0.6608
2025-04-25T16:55:29Z INFO     Train Epoch: 3 [15360/60000 (26%)]	loss=0.6975
2025-04-25T16:55:29Z INFO     Train Epoch: 3 [16640/60000 (28%)]	loss=0.5770
2025-04-25T16:55:29Z INFO     Train Epoch: 3 [17920/60000 (30%)]	loss=0.6518
2025-04-25T16:55:29Z INFO     Train Epoch: 3 [19200/60000 (32%)]	loss=0.6466
2025-04-25T16:55:29Z INFO     Train Epoch: 3 [20480/60000 (34%)]	loss=0.6263
2025-04-25T16:55:29Z INFO     Train Epoch: 3 [21760/60000 (36%)]	loss=0.4617
2025-04-25T16:55:29Z INFO     Train Epoch: 3 [23040/60000 (38%)]	loss=0.7001
2025-04-25T16:55:29Z INFO     Train Epoch: 3 [24320/60000 (41%)]	loss=0.6110
2025-04-25T16:55:29Z INFO     Train Epoch: 3 [25600/60000 (43%)]	loss=0.5669
2025-04-25T16:55:30Z INFO     Train Epoch: 3 [26880/60000 (45%)]	loss=0.5170
2025-04-25T16:55:30Z INFO     Train Epoch: 3 [28160/60000 (47%)]	loss=0.6817
2025-04-25T16:55:30Z INFO     Train Epoch: 3 [29440/60000 (49%)]	loss=0.6090
2025-04-25T16:55:30Z INFO     Train Epoch: 3 [30720/60000 (51%)]	loss=0.6058
2025-04-25T16:55:30Z INFO     Train Epoch: 3 [32000/60000 (53%)]	loss=0.6240
2025-04-25T16:55:30Z INFO     Train Epoch: 3 [33280/60000 (55%)]	loss=0.6739
2025-04-25T16:55:30Z INFO     Train Epoch: 3 [34560/60000 (58%)]	loss=0.5918
2025-04-25T16:55:30Z INFO     Train Epoch: 3 [35840/60000 (60%)]	loss=0.5732
2025-04-25T16:55:30Z INFO     Train Epoch: 3 [37120/60000 (62%)]	loss=0.5746
2025-04-25T16:55:31Z INFO     Train Epoch: 3 [38400/60000 (64%)]	loss=0.4595
2025-04-25T16:55:31Z INFO     Train Epoch: 3 [39680/60000 (66%)]	loss=0.5217
2025-04-25T16:55:31Z INFO     Train Epoch: 3 [40960/60000 (68%)]	loss=0.5722
2025-04-25T16:55:31Z INFO     Train Epoch: 3 [42240/60000 (70%)]	loss=0.5971
2025-04-25T16:55:31Z INFO     Train Epoch: 3 [43520/60000 (72%)]	loss=0.7324
2025-04-25T16:55:31Z INFO     Train Epoch: 3 [44800/60000 (75%)]	loss=0.5756
2025-04-25T16:55:31Z INFO     Train Epoch: 3 [46080/60000 (77%)]	loss=0.5902
2025-04-25T16:55:31Z INFO     Train Epoch: 3 [47360/60000 (79%)]	loss=0.5956
2025-04-25T16:55:31Z INFO     Train Epoch: 3 [48640/60000 (81%)]	loss=0.5165
2025-04-25T16:55:32Z INFO     Train Epoch: 3 [49920/60000 (83%)]	loss=0.6279
2025-04-25T16:55:32Z INFO     Train Epoch: 3 [51200/60000 (85%)]	loss=0.6639
2025-04-25T16:55:32Z INFO     Train Epoch: 3 [52480/60000 (87%)]	loss=0.6342
2025-04-25T16:55:32Z INFO     Train Epoch: 3 [53760/60000 (90%)]	loss=0.6291
2025-04-25T16:55:32Z INFO     Train Epoch: 3 [55040/60000 (92%)]	loss=0.5995
2025-04-25T16:55:32Z INFO     Train Epoch: 3 [56320/60000 (94%)]	loss=0.6385
2025-04-25T16:55:32Z INFO     Train Epoch: 3 [57600/60000 (96%)]	loss=0.5183
2025-04-25T16:55:32Z INFO     Train Epoch: 3 [58880/60000 (98%)]	loss=0.7656
2025-04-25T16:55:33Z INFO     {metricName: accuracy, metricValue: 0.7762};{metricName: loss, metricValue: 0.5955}

2025-04-25T16:55:33Z INFO     Train Epoch: 4 [0/60000 (0%)]	loss=0.6215
2025-04-25T16:55:33Z INFO     Train Epoch: 4 [1280/60000 (2%)]	loss=0.5154
2025-04-25T16:55:34Z INFO     Train Epoch: 4 [2560/60000 (4%)]	loss=0.4981
2025-04-25T16:55:34Z INFO     Train Epoch: 4 [3840/60000 (6%)]	loss=0.5837
2025-04-25T16:55:34Z INFO     Train Epoch: 4 [5120/60000 (9%)]	loss=0.5003
2025-04-25T16:55:34Z INFO     Train Epoch: 4 [6400/60000 (11%)]	loss=0.5479
2025-04-25T16:55:34Z INFO     Train Epoch: 4 [7680/60000 (13%)]	loss=0.6101
2025-04-25T16:55:34Z INFO     Train Epoch: 4 [8960/60000 (15%)]	loss=0.4795
2025-04-25T16:55:34Z INFO     Train Epoch: 4 [10240/60000 (17%)]	loss=0.6007
2025-04-25T16:55:34Z INFO     Train Epoch: 4 [11520/60000 (19%)]	loss=0.4614
2025-04-25T16:55:35Z INFO     Train Epoch: 4 [12800/60000 (21%)]	loss=0.5885
2025-04-25T16:55:35Z INFO     Train Epoch: 4 [14080/60000 (23%)]	loss=0.5858
2025-04-25T16:55:35Z INFO     Train Epoch: 4 [15360/60000 (26%)]	loss=0.6094
2025-04-25T16:55:35Z INFO     Train Epoch: 4 [16640/60000 (28%)]	loss=0.5977
2025-04-25T16:55:35Z INFO     Train Epoch: 4 [17920/60000 (30%)]	loss=0.5370
2025-04-25T16:55:35Z INFO     Train Epoch: 4 [19200/60000 (32%)]	loss=0.5675
2025-04-25T16:55:35Z INFO     Train Epoch: 4 [20480/60000 (34%)]	loss=0.4884
2025-04-25T16:55:35Z INFO     Train Epoch: 4 [21760/60000 (36%)]	loss=0.5479
2025-04-25T16:55:35Z INFO     Train Epoch: 4 [23040/60000 (38%)]	loss=0.6164
2025-04-25T16:55:36Z INFO     Train Epoch: 4 [24320/60000 (41%)]	loss=0.4894
2025-04-25T16:55:36Z INFO     Train Epoch: 4 [25600/60000 (43%)]	loss=0.5082
2025-04-25T16:55:36Z INFO     Train Epoch: 4 [26880/60000 (45%)]	loss=0.6004
2025-04-25T16:55:36Z INFO     Train Epoch: 4 [28160/60000 (47%)]	loss=0.4025
2025-04-25T16:55:36Z INFO     Train Epoch: 4 [29440/60000 (49%)]	loss=0.4873
2025-04-25T16:55:36Z INFO     Train Epoch: 4 [30720/60000 (51%)]	loss=0.5142
2025-04-25T16:55:36Z INFO     Train Epoch: 4 [32000/60000 (53%)]	loss=0.4848
2025-04-25T16:55:36Z INFO     Train Epoch: 4 [33280/60000 (55%)]	loss=0.5333
2025-04-25T16:55:36Z INFO     Train Epoch: 4 [34560/60000 (58%)]	loss=0.5398
2025-04-25T16:55:37Z INFO     Train Epoch: 4 [35840/60000 (60%)]	loss=0.4959
2025-04-25T16:55:37Z INFO     Train Epoch: 4 [37120/60000 (62%)]	loss=0.4524
2025-04-25T16:55:37Z INFO     Train Epoch: 4 [38400/60000 (64%)]	loss=0.5650
2025-04-25T16:55:37Z INFO     Train Epoch: 4 [39680/60000 (66%)]	loss=0.4877
2025-04-25T16:55:37Z INFO     Train Epoch: 4 [40960/60000 (68%)]	loss=0.5184
2025-04-25T16:55:37Z INFO     Train Epoch: 4 [42240/60000 (70%)]	loss=0.6568
2025-04-25T16:55:37Z INFO     Train Epoch: 4 [43520/60000 (72%)]	loss=0.5696
2025-04-25T16:55:37Z INFO     Train Epoch: 4 [44800/60000 (75%)]	loss=0.6382
2025-04-25T16:55:37Z INFO     Train Epoch: 4 [46080/60000 (77%)]	loss=0.5458
2025-04-25T16:55:38Z INFO     Train Epoch: 4 [47360/60000 (79%)]	loss=0.4483
2025-04-25T16:55:38Z INFO     Train Epoch: 4 [48640/60000 (81%)]	loss=0.4369
2025-04-25T16:55:38Z INFO     Train Epoch: 4 [49920/60000 (83%)]	loss=0.5664
2025-04-25T16:55:38Z INFO     Train Epoch: 4 [51200/60000 (85%)]	loss=0.5482
2025-04-25T16:55:38Z INFO     Train Epoch: 4 [52480/60000 (87%)]	loss=0.4794
2025-04-25T16:55:38Z INFO     Train Epoch: 4 [53760/60000 (90%)]	loss=0.4867
2025-04-25T16:55:38Z INFO     Train Epoch: 4 [55040/60000 (92%)]	loss=0.5664
2025-04-25T16:55:38Z INFO     Train Epoch: 4 [56320/60000 (94%)]	loss=0.4391
2025-04-25T16:55:39Z INFO     Train Epoch: 4 [57600/60000 (96%)]	loss=0.3739
2025-04-25T16:55:39Z INFO     Train Epoch: 4 [58880/60000 (98%)]	loss=0.4254
2025-04-25T16:55:40Z INFO     {metricName: accuracy, metricValue: 0.8070};{metricName: loss, metricValue: 0.5308}


real	0m38.301s
user	0m57.065s
sys	0m17.307s
