Using CUDA
Using distributed PyTorch with nccl backend
2025-04-25T16:57:51Z INFO     Added key: store_based_barrier_key:1 to store for rank: 0
2025-04-25T16:57:51Z INFO     Rank 0: Completed store-based barrier for key:store_based_barrier_key:1 with 4 nodes.
pytorch-mnist-master-0:38:38 [0] NCCL INFO Bootstrap : Using eth0:10.244.2.19<0>
pytorch-mnist-master-0:38:38 [0] NCCL INFO NET/Plugin : No plugin found (libnccl-net.so), using internal implementation
pytorch-mnist-master-0:38:38 [0] NCCL INFO NET/IB : Using [0]mlx5_0:1/IB ; OOB eth0:10.244.2.19<0>
pytorch-mnist-master-0:38:38 [0] NCCL INFO Using network IB
NCCL version 2.10.3+cuda10.2
pytorch-mnist-master-0:38:124 [0] NCCL INFO NET/IB : GPU Direct RDMA Disabled for HCA 0 'mlx5_0' (no module)
pytorch-mnist-master-0:38:124 [0] NCCL INFO NET/IB : GPU Direct RDMA Disabled for HCA 0 'mlx5_0' (no module)
pytorch-mnist-master-0:38:124 [0] NCCL INFO Channel 00/02 :    0   1   2   3
pytorch-mnist-master-0:38:124 [0] NCCL INFO Channel 01/02 :    0   1   2   3
pytorch-mnist-master-0:38:124 [0] NCCL INFO Trees [0] 2/-1/-1->0->-1 [1] -1/-1/-1->0->1
pytorch-mnist-master-0:38:124 [0] NCCL INFO Setting affinity for GPU 0 to 0fffff
pytorch-mnist-master-0:38:124 [0] NCCL INFO Channel 00 : 3[100000] -> 0[100000] [receive] via NET/IB/0
pytorch-mnist-master-0:38:124 [0] NCCL INFO Channel 01 : 3[100000] -> 0[100000] [receive] via NET/IB/0
pytorch-mnist-master-0:38:124 [0] NCCL INFO Channel 00 : 0[100000] -> 1[100000] [send] via NET/IB/0
pytorch-mnist-master-0:38:124 [0] NCCL INFO Channel 01 : 0[100000] -> 1[100000] [send] via NET/IB/0
pytorch-mnist-master-0:38:124 [0] NCCL INFO NET/IB: Dev 0 Port 1 qpn 346 mtu 5 LID 153
pytorch-mnist-master-0:38:124 [0] NCCL INFO NET/IB: Dev 0 Port 1 qpn 347 mtu 5 LID 153
pytorch-mnist-master-0:38:124 [0] NCCL INFO Connected all rings
pytorch-mnist-master-0:38:124 [0] NCCL INFO Channel 00 : 2[100000] -> 0[100000] [receive] via NET/IB/0
pytorch-mnist-master-0:38:124 [0] NCCL INFO Channel 00 : 0[100000] -> 2[100000] [send] via NET/IB/0
pytorch-mnist-master-0:38:124 [0] NCCL INFO NET/IB: Dev 0 Port 1 qpn 370 mtu 5 LID 153
pytorch-mnist-master-0:38:124 [0] NCCL INFO Channel 01 : 1[100000] -> 0[100000] [receive] via NET/IB/0
pytorch-mnist-master-0:38:124 [0] NCCL INFO Connected all trees
pytorch-mnist-master-0:38:124 [0] NCCL INFO threadThresholds 8/8/64 | 32/8/64 | 8/8/512
pytorch-mnist-master-0:38:124 [0] NCCL INFO 2 coll channels, 2 p2p channels, 1 p2p channels per peer
pytorch-mnist-master-0:38:124 [0] NCCL INFO comm 0x707ad0001360 rank 0 nranks 4 cudaDev 0 busId 100000 - Init COMPLETE
pytorch-mnist-master-0:38:38 [0] NCCL INFO Launch mode Parallel
2025-04-25T16:57:55Z INFO     Train Epoch: 1 [0/60000 (0%)]	loss=2.3015
2025-04-25T16:57:55Z INFO     Reducer buckets have been rebuilt in this iteration.
2025-04-25T16:57:55Z INFO     Train Epoch: 1 [1280/60000 (2%)]	loss=2.2863
2025-04-25T16:57:55Z INFO     Train Epoch: 1 [2560/60000 (4%)]	loss=2.2854
2025-04-25T16:57:56Z INFO     Train Epoch: 1 [3840/60000 (6%)]	loss=2.2727
2025-04-25T16:57:56Z INFO     Train Epoch: 1 [5120/60000 (9%)]	loss=2.2693
2025-04-25T16:57:56Z INFO     Train Epoch: 1 [6400/60000 (11%)]	loss=2.2500
2025-04-25T16:57:56Z INFO     Train Epoch: 1 [7680/60000 (13%)]	loss=2.2421
2025-04-25T16:57:56Z INFO     Train Epoch: 1 [8960/60000 (15%)]	loss=2.2029
2025-04-25T16:57:56Z INFO     Train Epoch: 1 [10240/60000 (17%)]	loss=2.1878
2025-04-25T16:57:56Z INFO     Train Epoch: 1 [11520/60000 (19%)]	loss=2.1322
2025-04-25T16:57:56Z INFO     Train Epoch: 1 [12800/60000 (21%)]	loss=2.0496
2025-04-25T16:57:56Z INFO     Train Epoch: 1 [14080/60000 (23%)]	loss=1.9476
2025-04-25T16:57:57Z INFO     Train Epoch: 1 [15360/60000 (26%)]	loss=1.7655
2025-04-25T16:57:57Z INFO     Train Epoch: 1 [16640/60000 (28%)]	loss=1.5976
2025-04-25T16:57:57Z INFO     Train Epoch: 1 [17920/60000 (30%)]	loss=1.3735
2025-04-25T16:57:57Z INFO     Train Epoch: 1 [19200/60000 (32%)]	loss=1.3092
2025-04-25T16:57:57Z INFO     Train Epoch: 1 [20480/60000 (34%)]	loss=1.1867
2025-04-25T16:57:57Z INFO     Train Epoch: 1 [21760/60000 (36%)]	loss=1.0811
2025-04-25T16:57:57Z INFO     Train Epoch: 1 [23040/60000 (38%)]	loss=1.0567
2025-04-25T16:57:57Z INFO     Train Epoch: 1 [24320/60000 (41%)]	loss=1.0199
2025-04-25T16:57:57Z INFO     Train Epoch: 1 [25600/60000 (43%)]	loss=0.9027
2025-04-25T16:57:58Z INFO     Train Epoch: 1 [26880/60000 (45%)]	loss=1.0217
2025-04-25T16:57:58Z INFO     Train Epoch: 1 [28160/60000 (47%)]	loss=1.0542
2025-04-25T16:57:58Z INFO     Train Epoch: 1 [29440/60000 (49%)]	loss=0.9006
2025-04-25T16:57:58Z INFO     Train Epoch: 1 [30720/60000 (51%)]	loss=0.7917
2025-04-25T16:57:58Z INFO     Train Epoch: 1 [32000/60000 (53%)]	loss=1.1951
2025-04-25T16:57:58Z INFO     Train Epoch: 1 [33280/60000 (55%)]	loss=1.0261
2025-04-25T16:57:58Z INFO     Train Epoch: 1 [34560/60000 (58%)]	loss=0.9580
2025-04-25T16:57:58Z INFO     Train Epoch: 1 [35840/60000 (60%)]	loss=0.7890
2025-04-25T16:57:58Z INFO     Train Epoch: 1 [37120/60000 (62%)]	loss=0.9334
2025-04-25T16:57:59Z INFO     Train Epoch: 1 [38400/60000 (64%)]	loss=0.9502
2025-04-25T16:57:59Z INFO     Train Epoch: 1 [39680/60000 (66%)]	loss=0.8632
2025-04-25T16:57:59Z INFO     Train Epoch: 1 [40960/60000 (68%)]	loss=0.8081
2025-04-25T16:57:59Z INFO     Train Epoch: 1 [42240/60000 (70%)]	loss=0.8895
2025-04-25T16:57:59Z INFO     Train Epoch: 1 [43520/60000 (72%)]	loss=0.9436
2025-04-25T16:57:59Z INFO     Train Epoch: 1 [44800/60000 (75%)]	loss=0.9367
2025-04-25T16:57:59Z INFO     Train Epoch: 1 [46080/60000 (77%)]	loss=0.8244
2025-04-25T16:57:59Z INFO     Train Epoch: 1 [47360/60000 (79%)]	loss=0.7690
2025-04-25T16:57:59Z INFO     Train Epoch: 1 [48640/60000 (81%)]	loss=0.8701
2025-04-25T16:58:00Z INFO     Train Epoch: 1 [49920/60000 (83%)]	loss=0.8687
2025-04-25T16:58:00Z INFO     Train Epoch: 1 [51200/60000 (85%)]	loss=0.7819
2025-04-25T16:58:00Z INFO     Train Epoch: 1 [52480/60000 (87%)]	loss=0.6888
2025-04-25T16:58:00Z INFO     Train Epoch: 1 [53760/60000 (90%)]	loss=0.8077
2025-04-25T16:58:00Z INFO     Train Epoch: 1 [55040/60000 (92%)]	loss=0.8788
2025-04-25T16:58:00Z INFO     Train Epoch: 1 [56320/60000 (94%)]	loss=0.8605
2025-04-25T16:58:00Z INFO     Train Epoch: 1 [57600/60000 (96%)]	loss=0.9276
2025-04-25T16:58:00Z INFO     Train Epoch: 1 [58880/60000 (98%)]	loss=0.7694
2025-04-25T16:58:01Z INFO     {metricName: accuracy, metricValue: 0.6874};{metricName: loss, metricValue: 0.8298}

2025-04-25T16:58:01Z INFO     Train Epoch: 2 [0/60000 (0%)]	loss=0.7521
2025-04-25T16:58:02Z INFO     Train Epoch: 2 [1280/60000 (2%)]	loss=0.6806
2025-04-25T16:58:02Z INFO     Train Epoch: 2 [2560/60000 (4%)]	loss=0.7741
2025-04-25T16:58:02Z INFO     Train Epoch: 2 [3840/60000 (6%)]	loss=0.7713
2025-04-25T16:58:02Z INFO     Train Epoch: 2 [5120/60000 (9%)]	loss=0.7510
2025-04-25T16:58:02Z INFO     Train Epoch: 2 [6400/60000 (11%)]	loss=0.7416
2025-04-25T16:58:02Z INFO     Train Epoch: 2 [7680/60000 (13%)]	loss=0.7580
2025-04-25T16:58:02Z INFO     Train Epoch: 2 [8960/60000 (15%)]	loss=0.6588
2025-04-25T16:58:02Z INFO     Train Epoch: 2 [10240/60000 (17%)]	loss=0.7529
2025-04-25T16:58:02Z INFO     Train Epoch: 2 [11520/60000 (19%)]	loss=0.6045
2025-04-25T16:58:03Z INFO     Train Epoch: 2 [12800/60000 (21%)]	loss=0.7415
2025-04-25T16:58:03Z INFO     Train Epoch: 2 [14080/60000 (23%)]	loss=0.6997
2025-04-25T16:58:03Z INFO     Train Epoch: 2 [15360/60000 (26%)]	loss=0.7807
2025-04-25T16:58:03Z INFO     Train Epoch: 2 [16640/60000 (28%)]	loss=0.6445
2025-04-25T16:58:03Z INFO     Train Epoch: 2 [17920/60000 (30%)]	loss=0.7495
2025-04-25T16:58:03Z INFO     Train Epoch: 2 [19200/60000 (32%)]	loss=0.5675
2025-04-25T16:58:03Z INFO     Train Epoch: 2 [20480/60000 (34%)]	loss=0.7980
2025-04-25T16:58:03Z INFO     Train Epoch: 2 [21760/60000 (36%)]	loss=0.6872
2025-04-25T16:58:03Z INFO     Train Epoch: 2 [23040/60000 (38%)]	loss=0.6718
2025-04-25T16:58:04Z INFO     Train Epoch: 2 [24320/60000 (41%)]	loss=0.6473
2025-04-25T16:58:04Z INFO     Train Epoch: 2 [25600/60000 (43%)]	loss=0.6491
2025-04-25T16:58:04Z INFO     Train Epoch: 2 [26880/60000 (45%)]	loss=0.7613
2025-04-25T16:58:04Z INFO     Train Epoch: 2 [28160/60000 (47%)]	loss=0.5768
2025-04-25T16:58:04Z INFO     Train Epoch: 2 [29440/60000 (49%)]	loss=0.8776
2025-04-25T16:58:04Z INFO     Train Epoch: 2 [30720/60000 (51%)]	loss=0.6962
2025-04-25T16:58:04Z INFO     Train Epoch: 2 [32000/60000 (53%)]	loss=0.7695
2025-04-25T16:58:04Z INFO     Train Epoch: 2 [33280/60000 (55%)]	loss=0.6708
2025-04-25T16:58:04Z INFO     Train Epoch: 2 [34560/60000 (58%)]	loss=0.5767
2025-04-25T16:58:05Z INFO     Train Epoch: 2 [35840/60000 (60%)]	loss=0.5404
2025-04-25T16:58:05Z INFO     Train Epoch: 2 [37120/60000 (62%)]	loss=0.7478
2025-04-25T16:58:05Z INFO     Train Epoch: 2 [38400/60000 (64%)]	loss=0.6807
2025-04-25T16:58:05Z INFO     Train Epoch: 2 [39680/60000 (66%)]	loss=0.6220
2025-04-25T16:58:05Z INFO     Train Epoch: 2 [40960/60000 (68%)]	loss=0.7613
2025-04-25T16:58:05Z INFO     Train Epoch: 2 [42240/60000 (70%)]	loss=0.7592
2025-04-25T16:58:05Z INFO     Train Epoch: 2 [43520/60000 (72%)]	loss=0.5806
2025-04-25T16:58:05Z INFO     Train Epoch: 2 [44800/60000 (75%)]	loss=0.5773
2025-04-25T16:58:06Z INFO     Train Epoch: 2 [46080/60000 (77%)]	loss=0.6865
2025-04-25T16:58:06Z INFO     Train Epoch: 2 [47360/60000 (79%)]	loss=0.7640
2025-04-25T16:58:06Z INFO     Train Epoch: 2 [48640/60000 (81%)]	loss=0.5822
2025-04-25T16:58:06Z INFO     Train Epoch: 2 [49920/60000 (83%)]	loss=0.6992
2025-04-25T16:58:06Z INFO     Train Epoch: 2 [51200/60000 (85%)]	loss=0.8273
2025-04-25T16:58:06Z INFO     Train Epoch: 2 [52480/60000 (87%)]	loss=0.5800
2025-04-25T16:58:06Z INFO     Train Epoch: 2 [53760/60000 (90%)]	loss=0.5224
2025-04-25T16:58:06Z INFO     Train Epoch: 2 [55040/60000 (92%)]	loss=0.6880
2025-04-25T16:58:06Z INFO     Train Epoch: 2 [56320/60000 (94%)]	loss=0.7076
2025-04-25T16:58:07Z INFO     Train Epoch: 2 [57600/60000 (96%)]	loss=0.5101
2025-04-25T16:58:07Z INFO     Train Epoch: 2 [58880/60000 (98%)]	loss=0.5990
2025-04-25T16:58:08Z INFO     {metricName: accuracy, metricValue: 0.7617};{metricName: loss, metricValue: 0.6526}

2025-04-25T16:58:08Z INFO     Train Epoch: 3 [0/60000 (0%)]	loss=0.5429
2025-04-25T16:58:08Z INFO     Train Epoch: 3 [1280/60000 (2%)]	loss=0.6452
2025-04-25T16:58:08Z INFO     Train Epoch: 3 [2560/60000 (4%)]	loss=0.5551
2025-04-25T16:58:08Z INFO     Train Epoch: 3 [3840/60000 (6%)]	loss=0.5124
2025-04-25T16:58:08Z INFO     Train Epoch: 3 [5120/60000 (9%)]	loss=0.5640
2025-04-25T16:58:08Z INFO     Train Epoch: 3 [6400/60000 (11%)]	loss=0.6526
2025-04-25T16:58:08Z INFO     Train Epoch: 3 [7680/60000 (13%)]	loss=0.5262
2025-04-25T16:58:08Z INFO     Train Epoch: 3 [8960/60000 (15%)]	loss=0.6361
2025-04-25T16:58:09Z INFO     Train Epoch: 3 [10240/60000 (17%)]	loss=0.6516
2025-04-25T16:58:09Z INFO     Train Epoch: 3 [11520/60000 (19%)]	loss=0.4754
2025-04-25T16:58:09Z INFO     Train Epoch: 3 [12800/60000 (21%)]	loss=0.6909
2025-04-25T16:58:09Z INFO     Train Epoch: 3 [14080/60000 (23%)]	loss=0.6604
2025-04-25T16:58:09Z INFO     Train Epoch: 3 [15360/60000 (26%)]	loss=0.6984
2025-04-25T16:58:09Z INFO     Train Epoch: 3 [16640/60000 (28%)]	loss=0.5763
2025-04-25T16:58:09Z INFO     Train Epoch: 3 [17920/60000 (30%)]	loss=0.6519
2025-04-25T16:58:09Z INFO     Train Epoch: 3 [19200/60000 (32%)]	loss=0.6448
2025-04-25T16:58:09Z INFO     Train Epoch: 3 [20480/60000 (34%)]	loss=0.6260
2025-04-25T16:58:10Z INFO     Train Epoch: 3 [21760/60000 (36%)]	loss=0.4615
2025-04-25T16:58:10Z INFO     Train Epoch: 3 [23040/60000 (38%)]	loss=0.7003
2025-04-25T16:58:10Z INFO     Train Epoch: 3 [24320/60000 (41%)]	loss=0.6093
2025-04-25T16:58:10Z INFO     Train Epoch: 3 [25600/60000 (43%)]	loss=0.5657
2025-04-25T16:58:10Z INFO     Train Epoch: 3 [26880/60000 (45%)]	loss=0.5165
2025-04-25T16:58:10Z INFO     Train Epoch: 3 [28160/60000 (47%)]	loss=0.6802
2025-04-25T16:58:10Z INFO     Train Epoch: 3 [29440/60000 (49%)]	loss=0.6081
2025-04-25T16:58:10Z INFO     Train Epoch: 3 [30720/60000 (51%)]	loss=0.6043
2025-04-25T16:58:10Z INFO     Train Epoch: 3 [32000/60000 (53%)]	loss=0.6239
2025-04-25T16:58:11Z INFO     Train Epoch: 3 [33280/60000 (55%)]	loss=0.6737
2025-04-25T16:58:11Z INFO     Train Epoch: 3 [34560/60000 (58%)]	loss=0.5924
2025-04-25T16:58:11Z INFO     Train Epoch: 3 [35840/60000 (60%)]	loss=0.5712
2025-04-25T16:58:11Z INFO     Train Epoch: 3 [37120/60000 (62%)]	loss=0.5743
2025-04-25T16:58:11Z INFO     Train Epoch: 3 [38400/60000 (64%)]	loss=0.4604
2025-04-25T16:58:11Z INFO     Train Epoch: 3 [39680/60000 (66%)]	loss=0.5213
2025-04-25T16:58:11Z INFO     Train Epoch: 3 [40960/60000 (68%)]	loss=0.5732
2025-04-25T16:58:11Z INFO     Train Epoch: 3 [42240/60000 (70%)]	loss=0.5972
2025-04-25T16:58:12Z INFO     Train Epoch: 3 [43520/60000 (72%)]	loss=0.7328
2025-04-25T16:58:12Z INFO     Train Epoch: 3 [44800/60000 (75%)]	loss=0.5754
2025-04-25T16:58:12Z INFO     Train Epoch: 3 [46080/60000 (77%)]	loss=0.5918
2025-04-25T16:58:12Z INFO     Train Epoch: 3 [47360/60000 (79%)]	loss=0.5950
2025-04-25T16:58:12Z INFO     Train Epoch: 3 [48640/60000 (81%)]	loss=0.5152
2025-04-25T16:58:12Z INFO     Train Epoch: 3 [49920/60000 (83%)]	loss=0.6271
2025-04-25T16:58:12Z INFO     Train Epoch: 3 [51200/60000 (85%)]	loss=0.6634
2025-04-25T16:58:12Z INFO     Train Epoch: 3 [52480/60000 (87%)]	loss=0.6339
2025-04-25T16:58:12Z INFO     Train Epoch: 3 [53760/60000 (90%)]	loss=0.6300
2025-04-25T16:58:13Z INFO     Train Epoch: 3 [55040/60000 (92%)]	loss=0.6019
2025-04-25T16:58:13Z INFO     Train Epoch: 3 [56320/60000 (94%)]	loss=0.6402
2025-04-25T16:58:13Z INFO     Train Epoch: 3 [57600/60000 (96%)]	loss=0.5190
2025-04-25T16:58:13Z INFO     Train Epoch: 3 [58880/60000 (98%)]	loss=0.7646
2025-04-25T16:58:14Z INFO     {metricName: accuracy, metricValue: 0.7764};{metricName: loss, metricValue: 0.5939}

2025-04-25T16:58:14Z INFO     Train Epoch: 4 [0/60000 (0%)]	loss=0.6210
2025-04-25T16:58:14Z INFO     Train Epoch: 4 [1280/60000 (2%)]	loss=0.5150
2025-04-25T16:58:14Z INFO     Train Epoch: 4 [2560/60000 (4%)]	loss=0.4967
2025-04-25T16:58:14Z INFO     Train Epoch: 4 [3840/60000 (6%)]	loss=0.5819
2025-04-25T16:58:14Z INFO     Train Epoch: 4 [5120/60000 (9%)]	loss=0.5001
2025-04-25T16:58:14Z INFO     Train Epoch: 4 [6400/60000 (11%)]	loss=0.5472
2025-04-25T16:58:15Z INFO     Train Epoch: 4 [7680/60000 (13%)]	loss=0.6100
2025-04-25T16:58:15Z INFO     Train Epoch: 4 [8960/60000 (15%)]	loss=0.4799
2025-04-25T16:58:15Z INFO     Train Epoch: 4 [10240/60000 (17%)]	loss=0.5998
2025-04-25T16:58:15Z INFO     Train Epoch: 4 [11520/60000 (19%)]	loss=0.4616
2025-04-25T16:58:15Z INFO     Train Epoch: 4 [12800/60000 (21%)]	loss=0.5882
2025-04-25T16:58:15Z INFO     Train Epoch: 4 [14080/60000 (23%)]	loss=0.5865
2025-04-25T16:58:15Z INFO     Train Epoch: 4 [15360/60000 (26%)]	loss=0.6092
2025-04-25T16:58:15Z INFO     Train Epoch: 4 [16640/60000 (28%)]	loss=0.5981
2025-04-25T16:58:15Z INFO     Train Epoch: 4 [17920/60000 (30%)]	loss=0.5370
2025-04-25T16:58:16Z INFO     Train Epoch: 4 [19200/60000 (32%)]	loss=0.5683
2025-04-25T16:58:16Z INFO     Train Epoch: 4 [20480/60000 (34%)]	loss=0.4882
2025-04-25T16:58:16Z INFO     Train Epoch: 4 [21760/60000 (36%)]	loss=0.5483
2025-04-25T16:58:16Z INFO     Train Epoch: 4 [23040/60000 (38%)]	loss=0.6158
2025-04-25T16:58:16Z INFO     Train Epoch: 4 [24320/60000 (41%)]	loss=0.4894
2025-04-25T16:58:16Z INFO     Train Epoch: 4 [25600/60000 (43%)]	loss=0.5076
2025-04-25T16:58:16Z INFO     Train Epoch: 4 [26880/60000 (45%)]	loss=0.6007
2025-04-25T16:58:16Z INFO     Train Epoch: 4 [28160/60000 (47%)]	loss=0.4014
2025-04-25T16:58:16Z INFO     Train Epoch: 4 [29440/60000 (49%)]	loss=0.4866
2025-04-25T16:58:17Z INFO     Train Epoch: 4 [30720/60000 (51%)]	loss=0.5146
2025-04-25T16:58:17Z INFO     Train Epoch: 4 [32000/60000 (53%)]	loss=0.4834
2025-04-25T16:58:17Z INFO     Train Epoch: 4 [33280/60000 (55%)]	loss=0.5305
2025-04-25T16:58:17Z INFO     Train Epoch: 4 [34560/60000 (58%)]	loss=0.5407
2025-04-25T16:58:17Z INFO     Train Epoch: 4 [35840/60000 (60%)]	loss=0.4961
2025-04-25T16:58:17Z INFO     Train Epoch: 4 [37120/60000 (62%)]	loss=0.4526
2025-04-25T16:58:17Z INFO     Train Epoch: 4 [38400/60000 (64%)]	loss=0.5623
2025-04-25T16:58:17Z INFO     Train Epoch: 4 [39680/60000 (66%)]	loss=0.4879
2025-04-25T16:58:18Z INFO     Train Epoch: 4 [40960/60000 (68%)]	loss=0.5180
2025-04-25T16:58:18Z INFO     Train Epoch: 4 [42240/60000 (70%)]	loss=0.6558
2025-04-25T16:58:18Z INFO     Train Epoch: 4 [43520/60000 (72%)]	loss=0.5754
2025-04-25T16:58:18Z INFO     Train Epoch: 4 [44800/60000 (75%)]	loss=0.6397
2025-04-25T16:58:18Z INFO     Train Epoch: 4 [46080/60000 (77%)]	loss=0.5456
2025-04-25T16:58:18Z INFO     Train Epoch: 4 [47360/60000 (79%)]	loss=0.4479
2025-04-25T16:58:18Z INFO     Train Epoch: 4 [48640/60000 (81%)]	loss=0.4366
2025-04-25T16:58:18Z INFO     Train Epoch: 4 [49920/60000 (83%)]	loss=0.5651
2025-04-25T16:58:18Z INFO     Train Epoch: 4 [51200/60000 (85%)]	loss=0.5481
2025-04-25T16:58:19Z INFO     Train Epoch: 4 [52480/60000 (87%)]	loss=0.4785
2025-04-25T16:58:19Z INFO     Train Epoch: 4 [53760/60000 (90%)]	loss=0.4859
2025-04-25T16:58:19Z INFO     Train Epoch: 4 [55040/60000 (92%)]	loss=0.5650
2025-04-25T16:58:19Z INFO     Train Epoch: 4 [56320/60000 (94%)]	loss=0.4388
2025-04-25T16:58:19Z INFO     Train Epoch: 4 [57600/60000 (96%)]	loss=0.3742
2025-04-25T16:58:19Z INFO     Train Epoch: 4 [58880/60000 (98%)]	loss=0.4248
2025-04-25T16:58:20Z INFO     {metricName: accuracy, metricValue: 0.8077};{metricName: loss, metricValue: 0.5311}


real	0m37.946s
user	0m39.737s
sys	0m11.179s
