Using CUDA
Using distributed PyTorch with nccl backend
2025-04-25T16:56:31Z INFO     Added key: store_based_barrier_key:1 to store for rank: 0
2025-04-25T16:56:31Z INFO     Rank 0: Completed store-based barrier for key:store_based_barrier_key:1 with 4 nodes.
pytorch-mnist-master-0:38:38 [0] NCCL INFO Bootstrap : Using eth0:10.244.3.17<0>
pytorch-mnist-master-0:38:38 [0] NCCL INFO NET/Plugin : No plugin found (libnccl-net.so), using internal implementation
pytorch-mnist-master-0:38:38 [0] NCCL INFO NET/IB : Using [0]mlx5_0:1/IB ; OOB eth0:10.244.3.17<0>
pytorch-mnist-master-0:38:38 [0] NCCL INFO Using network IB
NCCL version 2.10.3+cuda10.2
pytorch-mnist-master-0:38:124 [0] NCCL INFO NET/IB : GPU Direct RDMA Disabled for HCA 0 'mlx5_0' (no module)
pytorch-mnist-master-0:38:124 [0] NCCL INFO NET/IB : GPU Direct RDMA Disabled for HCA 0 'mlx5_0' (no module)
pytorch-mnist-master-0:38:124 [0] NCCL INFO Channel 00/02 :    0   1   2   3
pytorch-mnist-master-0:38:124 [0] NCCL INFO Channel 01/02 :    0   1   2   3
pytorch-mnist-master-0:38:124 [0] NCCL INFO Trees [0] 2/-1/-1->0->-1 [1] -1/-1/-1->0->1
pytorch-mnist-master-0:38:124 [0] NCCL INFO Setting affinity for GPU 0 to 0fffff
pytorch-mnist-master-0:38:124 [0] NCCL INFO Channel 00 : 3[100000] -> 0[100000] [receive] via NET/IB/0
pytorch-mnist-master-0:38:124 [0] NCCL INFO Channel 01 : 3[100000] -> 0[100000] [receive] via NET/IB/0
pytorch-mnist-master-0:38:124 [0] NCCL INFO Channel 00 : 0[100000] -> 1[100000] [send] via NET/IB/0
pytorch-mnist-master-0:38:124 [0] NCCL INFO Channel 01 : 0[100000] -> 1[100000] [send] via NET/IB/0
pytorch-mnist-master-0:38:124 [0] NCCL INFO NET/IB: Dev 0 Port 1 qpn 331 mtu 5 LID 151
pytorch-mnist-master-0:38:124 [0] NCCL INFO NET/IB: Dev 0 Port 1 qpn 332 mtu 5 LID 151
pytorch-mnist-master-0:38:124 [0] NCCL INFO Connected all rings
pytorch-mnist-master-0:38:124 [0] NCCL INFO Channel 00 : 2[100000] -> 0[100000] [receive] via NET/IB/0
pytorch-mnist-master-0:38:124 [0] NCCL INFO Channel 00 : 0[100000] -> 2[100000] [send] via NET/IB/0
pytorch-mnist-master-0:38:124 [0] NCCL INFO NET/IB: Dev 0 Port 1 qpn 335 mtu 5 LID 151
pytorch-mnist-master-0:38:124 [0] NCCL INFO Channel 01 : 1[100000] -> 0[100000] [receive] via NET/IB/0
pytorch-mnist-master-0:38:124 [0] NCCL INFO Connected all trees
pytorch-mnist-master-0:38:124 [0] NCCL INFO threadThresholds 8/8/64 | 32/8/64 | 8/8/512
pytorch-mnist-master-0:38:124 [0] NCCL INFO 2 coll channels, 2 p2p channels, 1 p2p channels per peer
pytorch-mnist-master-0:38:124 [0] NCCL INFO comm 0x7223b8001360 rank 0 nranks 4 cudaDev 0 busId 100000 - Init COMPLETE
pytorch-mnist-master-0:38:38 [0] NCCL INFO Launch mode Parallel
2025-04-25T16:56:35Z INFO     Train Epoch: 1 [0/60000 (0%)]	loss=2.3015
2025-04-25T16:56:35Z INFO     Reducer buckets have been rebuilt in this iteration.
2025-04-25T16:56:35Z INFO     Train Epoch: 1 [1280/60000 (2%)]	loss=2.2863
2025-04-25T16:56:35Z INFO     Train Epoch: 1 [2560/60000 (4%)]	loss=2.2854
2025-04-25T16:56:35Z INFO     Train Epoch: 1 [3840/60000 (6%)]	loss=2.2727
2025-04-25T16:56:35Z INFO     Train Epoch: 1 [5120/60000 (9%)]	loss=2.2693
2025-04-25T16:56:36Z INFO     Train Epoch: 1 [6400/60000 (11%)]	loss=2.2500
2025-04-25T16:56:36Z INFO     Train Epoch: 1 [7680/60000 (13%)]	loss=2.2421
2025-04-25T16:56:36Z INFO     Train Epoch: 1 [8960/60000 (15%)]	loss=2.2029
2025-04-25T16:56:36Z INFO     Train Epoch: 1 [10240/60000 (17%)]	loss=2.1878
2025-04-25T16:56:36Z INFO     Train Epoch: 1 [11520/60000 (19%)]	loss=2.1322
2025-04-25T16:56:36Z INFO     Train Epoch: 1 [12800/60000 (21%)]	loss=2.0497
2025-04-25T16:56:36Z INFO     Train Epoch: 1 [14080/60000 (23%)]	loss=1.9478
2025-04-25T16:56:36Z INFO     Train Epoch: 1 [15360/60000 (26%)]	loss=1.7655
2025-04-25T16:56:36Z INFO     Train Epoch: 1 [16640/60000 (28%)]	loss=1.5976
2025-04-25T16:56:37Z INFO     Train Epoch: 1 [17920/60000 (30%)]	loss=1.3736
2025-04-25T16:56:37Z INFO     Train Epoch: 1 [19200/60000 (32%)]	loss=1.3091
2025-04-25T16:56:37Z INFO     Train Epoch: 1 [20480/60000 (34%)]	loss=1.1867
2025-04-25T16:56:37Z INFO     Train Epoch: 1 [21760/60000 (36%)]	loss=1.0812
2025-04-25T16:56:37Z INFO     Train Epoch: 1 [23040/60000 (38%)]	loss=1.0568
2025-04-25T16:56:37Z INFO     Train Epoch: 1 [24320/60000 (41%)]	loss=1.0202
2025-04-25T16:56:37Z INFO     Train Epoch: 1 [25600/60000 (43%)]	loss=0.9029
2025-04-25T16:56:37Z INFO     Train Epoch: 1 [26880/60000 (45%)]	loss=1.0205
2025-04-25T16:56:37Z INFO     Train Epoch: 1 [28160/60000 (47%)]	loss=1.0539
2025-04-25T16:56:38Z INFO     Train Epoch: 1 [29440/60000 (49%)]	loss=0.9020
2025-04-25T16:56:38Z INFO     Train Epoch: 1 [30720/60000 (51%)]	loss=0.7917
2025-04-25T16:56:38Z INFO     Train Epoch: 1 [32000/60000 (53%)]	loss=1.1948
2025-04-25T16:56:38Z INFO     Train Epoch: 1 [33280/60000 (55%)]	loss=1.0277
2025-04-25T16:56:38Z INFO     Train Epoch: 1 [34560/60000 (58%)]	loss=0.9580
2025-04-25T16:56:38Z INFO     Train Epoch: 1 [35840/60000 (60%)]	loss=0.7889
2025-04-25T16:56:38Z INFO     Train Epoch: 1 [37120/60000 (62%)]	loss=0.9321
2025-04-25T16:56:38Z INFO     Train Epoch: 1 [38400/60000 (64%)]	loss=0.9511
2025-04-25T16:56:38Z INFO     Train Epoch: 1 [39680/60000 (66%)]	loss=0.8614
2025-04-25T16:56:39Z INFO     Train Epoch: 1 [40960/60000 (68%)]	loss=0.8086
2025-04-25T16:56:39Z INFO     Train Epoch: 1 [42240/60000 (70%)]	loss=0.8874
2025-04-25T16:56:39Z INFO     Train Epoch: 1 [43520/60000 (72%)]	loss=0.9452
2025-04-25T16:56:39Z INFO     Train Epoch: 1 [44800/60000 (75%)]	loss=0.9363
2025-04-25T16:56:39Z INFO     Train Epoch: 1 [46080/60000 (77%)]	loss=0.8236
2025-04-25T16:56:39Z INFO     Train Epoch: 1 [47360/60000 (79%)]	loss=0.7686
2025-04-25T16:56:39Z INFO     Train Epoch: 1 [48640/60000 (81%)]	loss=0.8699
2025-04-25T16:56:39Z INFO     Train Epoch: 1 [49920/60000 (83%)]	loss=0.8695
2025-04-25T16:56:39Z INFO     Train Epoch: 1 [51200/60000 (85%)]	loss=0.7862
2025-04-25T16:56:40Z INFO     Train Epoch: 1 [52480/60000 (87%)]	loss=0.6895
2025-04-25T16:56:40Z INFO     Train Epoch: 1 [53760/60000 (90%)]	loss=0.8077
2025-04-25T16:56:40Z INFO     Train Epoch: 1 [55040/60000 (92%)]	loss=0.8796
2025-04-25T16:56:40Z INFO     Train Epoch: 1 [56320/60000 (94%)]	loss=0.8609
2025-04-25T16:56:40Z INFO     Train Epoch: 1 [57600/60000 (96%)]	loss=0.9272
2025-04-25T16:56:40Z INFO     Train Epoch: 1 [58880/60000 (98%)]	loss=0.7713
2025-04-25T16:56:41Z INFO     {metricName: accuracy, metricValue: 0.6879};{metricName: loss, metricValue: 0.8278}

2025-04-25T16:56:41Z INFO     Train Epoch: 2 [0/60000 (0%)]	loss=0.7506
2025-04-25T16:56:41Z INFO     Train Epoch: 2 [1280/60000 (2%)]	loss=0.6803
2025-04-25T16:56:41Z INFO     Train Epoch: 2 [2560/60000 (4%)]	loss=0.7737
2025-04-25T16:56:41Z INFO     Train Epoch: 2 [3840/60000 (6%)]	loss=0.7712
2025-04-25T16:56:42Z INFO     Train Epoch: 2 [5120/60000 (9%)]	loss=0.7509
2025-04-25T16:56:42Z INFO     Train Epoch: 2 [6400/60000 (11%)]	loss=0.7416
2025-04-25T16:56:42Z INFO     Train Epoch: 2 [7680/60000 (13%)]	loss=0.7569
2025-04-25T16:56:42Z INFO     Train Epoch: 2 [8960/60000 (15%)]	loss=0.6584
2025-04-25T16:56:42Z INFO     Train Epoch: 2 [10240/60000 (17%)]	loss=0.7514
2025-04-25T16:56:42Z INFO     Train Epoch: 2 [11520/60000 (19%)]	loss=0.6041
2025-04-25T16:56:42Z INFO     Train Epoch: 2 [12800/60000 (21%)]	loss=0.7419
2025-04-25T16:56:42Z INFO     Train Epoch: 2 [14080/60000 (23%)]	loss=0.6996
2025-04-25T16:56:42Z INFO     Train Epoch: 2 [15360/60000 (26%)]	loss=0.7810
2025-04-25T16:56:43Z INFO     Train Epoch: 2 [16640/60000 (28%)]	loss=0.6433
2025-04-25T16:56:43Z INFO     Train Epoch: 2 [17920/60000 (30%)]	loss=0.7491
2025-04-25T16:56:43Z INFO     Train Epoch: 2 [19200/60000 (32%)]	loss=0.5679
2025-04-25T16:56:43Z INFO     Train Epoch: 2 [20480/60000 (34%)]	loss=0.7975
2025-04-25T16:56:43Z INFO     Train Epoch: 2 [21760/60000 (36%)]	loss=0.6863
2025-04-25T16:56:43Z INFO     Train Epoch: 2 [23040/60000 (38%)]	loss=0.6710
2025-04-25T16:56:43Z INFO     Train Epoch: 2 [24320/60000 (41%)]	loss=0.6476
2025-04-25T16:56:43Z INFO     Train Epoch: 2 [25600/60000 (43%)]	loss=0.6491
2025-04-25T16:56:43Z INFO     Train Epoch: 2 [26880/60000 (45%)]	loss=0.7624
2025-04-25T16:56:44Z INFO     Train Epoch: 2 [28160/60000 (47%)]	loss=0.5764
2025-04-25T16:56:44Z INFO     Train Epoch: 2 [29440/60000 (49%)]	loss=0.8752
2025-04-25T16:56:44Z INFO     Train Epoch: 2 [30720/60000 (51%)]	loss=0.6941
2025-04-25T16:56:44Z INFO     Train Epoch: 2 [32000/60000 (53%)]	loss=0.7670
2025-04-25T16:56:44Z INFO     Train Epoch: 2 [33280/60000 (55%)]	loss=0.6696
2025-04-25T16:56:44Z INFO     Train Epoch: 2 [34560/60000 (58%)]	loss=0.5767
2025-04-25T16:56:44Z INFO     Train Epoch: 2 [35840/60000 (60%)]	loss=0.5404
2025-04-25T16:56:44Z INFO     Train Epoch: 2 [37120/60000 (62%)]	loss=0.7468
2025-04-25T16:56:44Z INFO     Train Epoch: 2 [38400/60000 (64%)]	loss=0.6815
2025-04-25T16:56:45Z INFO     Train Epoch: 2 [39680/60000 (66%)]	loss=0.6239
2025-04-25T16:56:45Z INFO     Train Epoch: 2 [40960/60000 (68%)]	loss=0.7625
2025-04-25T16:56:45Z INFO     Train Epoch: 2 [42240/60000 (70%)]	loss=0.7603
2025-04-25T16:56:45Z INFO     Train Epoch: 2 [43520/60000 (72%)]	loss=0.5809
2025-04-25T16:56:45Z INFO     Train Epoch: 2 [44800/60000 (75%)]	loss=0.5775
2025-04-25T16:56:45Z INFO     Train Epoch: 2 [46080/60000 (77%)]	loss=0.6859
2025-04-25T16:56:45Z INFO     Train Epoch: 2 [47360/60000 (79%)]	loss=0.7642
2025-04-25T16:56:45Z INFO     Train Epoch: 2 [48640/60000 (81%)]	loss=0.5822
2025-04-25T16:56:46Z INFO     Train Epoch: 2 [49920/60000 (83%)]	loss=0.6992
2025-04-25T16:56:46Z INFO     Train Epoch: 2 [51200/60000 (85%)]	loss=0.8273
2025-04-25T16:56:46Z INFO     Train Epoch: 2 [52480/60000 (87%)]	loss=0.5805
2025-04-25T16:56:46Z INFO     Train Epoch: 2 [53760/60000 (90%)]	loss=0.5226
2025-04-25T16:56:46Z INFO     Train Epoch: 2 [55040/60000 (92%)]	loss=0.6879
2025-04-25T16:56:46Z INFO     Train Epoch: 2 [56320/60000 (94%)]	loss=0.7082
2025-04-25T16:56:46Z INFO     Train Epoch: 2 [57600/60000 (96%)]	loss=0.5094
2025-04-25T16:56:46Z INFO     Train Epoch: 2 [58880/60000 (98%)]	loss=0.5995
2025-04-25T16:56:47Z INFO     {metricName: accuracy, metricValue: 0.7614};{metricName: loss, metricValue: 0.6531}

2025-04-25T16:56:47Z INFO     Train Epoch: 3 [0/60000 (0%)]	loss=0.5432
2025-04-25T16:56:47Z INFO     Train Epoch: 3 [1280/60000 (2%)]	loss=0.6447
2025-04-25T16:56:48Z INFO     Train Epoch: 3 [2560/60000 (4%)]	loss=0.5524
2025-04-25T16:56:48Z INFO     Train Epoch: 3 [3840/60000 (6%)]	loss=0.5114
2025-04-25T16:56:48Z INFO     Train Epoch: 3 [5120/60000 (9%)]	loss=0.5635
2025-04-25T16:56:48Z INFO     Train Epoch: 3 [6400/60000 (11%)]	loss=0.6516
2025-04-25T16:56:48Z INFO     Train Epoch: 3 [7680/60000 (13%)]	loss=0.5257
2025-04-25T16:56:48Z INFO     Train Epoch: 3 [8960/60000 (15%)]	loss=0.6365
2025-04-25T16:56:48Z INFO     Train Epoch: 3 [10240/60000 (17%)]	loss=0.6486
2025-04-25T16:56:48Z INFO     Train Epoch: 3 [11520/60000 (19%)]	loss=0.4751
2025-04-25T16:56:48Z INFO     Train Epoch: 3 [12800/60000 (21%)]	loss=0.6907
2025-04-25T16:56:49Z INFO     Train Epoch: 3 [14080/60000 (23%)]	loss=0.6598
2025-04-25T16:56:49Z INFO     Train Epoch: 3 [15360/60000 (26%)]	loss=0.6988
2025-04-25T16:56:49Z INFO     Train Epoch: 3 [16640/60000 (28%)]	loss=0.5762
2025-04-25T16:56:49Z INFO     Train Epoch: 3 [17920/60000 (30%)]	loss=0.6524
2025-04-25T16:56:49Z INFO     Train Epoch: 3 [19200/60000 (32%)]	loss=0.6456
2025-04-25T16:56:49Z INFO     Train Epoch: 3 [20480/60000 (34%)]	loss=0.6263
2025-04-25T16:56:49Z INFO     Train Epoch: 3 [21760/60000 (36%)]	loss=0.4620
2025-04-25T16:56:49Z INFO     Train Epoch: 3 [23040/60000 (38%)]	loss=0.6998
2025-04-25T16:56:49Z INFO     Train Epoch: 3 [24320/60000 (41%)]	loss=0.6111
2025-04-25T16:56:50Z INFO     Train Epoch: 3 [25600/60000 (43%)]	loss=0.5660
2025-04-25T16:56:50Z INFO     Train Epoch: 3 [26880/60000 (45%)]	loss=0.5160
2025-04-25T16:56:50Z INFO     Train Epoch: 3 [28160/60000 (47%)]	loss=0.6817
2025-04-25T16:56:50Z INFO     Train Epoch: 3 [29440/60000 (49%)]	loss=0.6087
2025-04-25T16:56:50Z INFO     Train Epoch: 3 [30720/60000 (51%)]	loss=0.6064
2025-04-25T16:56:50Z INFO     Train Epoch: 3 [32000/60000 (53%)]	loss=0.6227
2025-04-25T16:56:50Z INFO     Train Epoch: 3 [33280/60000 (55%)]	loss=0.6742
2025-04-25T16:56:50Z INFO     Train Epoch: 3 [34560/60000 (58%)]	loss=0.5914
2025-04-25T16:56:50Z INFO     Train Epoch: 3 [35840/60000 (60%)]	loss=0.5709
2025-04-25T16:56:51Z INFO     Train Epoch: 3 [37120/60000 (62%)]	loss=0.5748
2025-04-25T16:56:51Z INFO     Train Epoch: 3 [38400/60000 (64%)]	loss=0.4592
2025-04-25T16:56:51Z INFO     Train Epoch: 3 [39680/60000 (66%)]	loss=0.5214
2025-04-25T16:56:51Z INFO     Train Epoch: 3 [40960/60000 (68%)]	loss=0.5722
2025-04-25T16:56:51Z INFO     Train Epoch: 3 [42240/60000 (70%)]	loss=0.5968
2025-04-25T16:56:51Z INFO     Train Epoch: 3 [43520/60000 (72%)]	loss=0.7332
2025-04-25T16:56:51Z INFO     Train Epoch: 3 [44800/60000 (75%)]	loss=0.5752
2025-04-25T16:56:51Z INFO     Train Epoch: 3 [46080/60000 (77%)]	loss=0.5879
2025-04-25T16:56:51Z INFO     Train Epoch: 3 [47360/60000 (79%)]	loss=0.5957
2025-04-25T16:56:52Z INFO     Train Epoch: 3 [48640/60000 (81%)]	loss=0.5148
2025-04-25T16:56:52Z INFO     Train Epoch: 3 [49920/60000 (83%)]	loss=0.6265
2025-04-25T16:56:52Z INFO     Train Epoch: 3 [51200/60000 (85%)]	loss=0.6657
2025-04-25T16:56:52Z INFO     Train Epoch: 3 [52480/60000 (87%)]	loss=0.6339
2025-04-25T16:56:52Z INFO     Train Epoch: 3 [53760/60000 (90%)]	loss=0.6300
2025-04-25T16:56:52Z INFO     Train Epoch: 3 [55040/60000 (92%)]	loss=0.6008
2025-04-25T16:56:52Z INFO     Train Epoch: 3 [56320/60000 (94%)]	loss=0.6392
2025-04-25T16:56:52Z INFO     Train Epoch: 3 [57600/60000 (96%)]	loss=0.5183
2025-04-25T16:56:52Z INFO     Train Epoch: 3 [58880/60000 (98%)]	loss=0.7658
2025-04-25T16:56:53Z INFO     {metricName: accuracy, metricValue: 0.7758};{metricName: loss, metricValue: 0.5950}

2025-04-25T16:56:53Z INFO     Train Epoch: 4 [0/60000 (0%)]	loss=0.6210
2025-04-25T16:56:54Z INFO     Train Epoch: 4 [1280/60000 (2%)]	loss=0.5153
2025-04-25T16:56:54Z INFO     Train Epoch: 4 [2560/60000 (4%)]	loss=0.4975
2025-04-25T16:56:54Z INFO     Train Epoch: 4 [3840/60000 (6%)]	loss=0.5826
2025-04-25T16:56:54Z INFO     Train Epoch: 4 [5120/60000 (9%)]	loss=0.5001
2025-04-25T16:56:54Z INFO     Train Epoch: 4 [6400/60000 (11%)]	loss=0.5476
2025-04-25T16:56:54Z INFO     Train Epoch: 4 [7680/60000 (13%)]	loss=0.6083
2025-04-25T16:56:54Z INFO     Train Epoch: 4 [8960/60000 (15%)]	loss=0.4798
2025-04-25T16:56:54Z INFO     Train Epoch: 4 [10240/60000 (17%)]	loss=0.5997
2025-04-25T16:56:54Z INFO     Train Epoch: 4 [11520/60000 (19%)]	loss=0.4612
2025-04-25T16:56:55Z INFO     Train Epoch: 4 [12800/60000 (21%)]	loss=0.5898
2025-04-25T16:56:55Z INFO     Train Epoch: 4 [14080/60000 (23%)]	loss=0.5850
2025-04-25T16:56:55Z INFO     Train Epoch: 4 [15360/60000 (26%)]	loss=0.6092
2025-04-25T16:56:55Z INFO     Train Epoch: 4 [16640/60000 (28%)]	loss=0.5977
2025-04-25T16:56:55Z INFO     Train Epoch: 4 [17920/60000 (30%)]	loss=0.5370
2025-04-25T16:56:55Z INFO     Train Epoch: 4 [19200/60000 (32%)]	loss=0.5678
2025-04-25T16:56:55Z INFO     Train Epoch: 4 [20480/60000 (34%)]	loss=0.4874
2025-04-25T16:56:55Z INFO     Train Epoch: 4 [21760/60000 (36%)]	loss=0.5481
2025-04-25T16:56:55Z INFO     Train Epoch: 4 [23040/60000 (38%)]	loss=0.6167
2025-04-25T16:56:56Z INFO     Train Epoch: 4 [24320/60000 (41%)]	loss=0.4902
2025-04-25T16:56:56Z INFO     Train Epoch: 4 [25600/60000 (43%)]	loss=0.5083
2025-04-25T16:56:56Z INFO     Train Epoch: 4 [26880/60000 (45%)]	loss=0.6010
2025-04-25T16:56:56Z INFO     Train Epoch: 4 [28160/60000 (47%)]	loss=0.4018
2025-04-25T16:56:56Z INFO     Train Epoch: 4 [29440/60000 (49%)]	loss=0.4857
2025-04-25T16:56:56Z INFO     Train Epoch: 4 [30720/60000 (51%)]	loss=0.5149
2025-04-25T16:56:56Z INFO     Train Epoch: 4 [32000/60000 (53%)]	loss=0.4835
2025-04-25T16:56:56Z INFO     Train Epoch: 4 [33280/60000 (55%)]	loss=0.5303
2025-04-25T16:56:57Z INFO     Train Epoch: 4 [34560/60000 (58%)]	loss=0.5401
2025-04-25T16:56:57Z INFO     Train Epoch: 4 [35840/60000 (60%)]	loss=0.4956
2025-04-25T16:56:57Z INFO     Train Epoch: 4 [37120/60000 (62%)]	loss=0.4535
2025-04-25T16:56:57Z INFO     Train Epoch: 4 [38400/60000 (64%)]	loss=0.5637
2025-04-25T16:56:57Z INFO     Train Epoch: 4 [39680/60000 (66%)]	loss=0.4887
2025-04-25T16:56:57Z INFO     Train Epoch: 4 [40960/60000 (68%)]	loss=0.5170
2025-04-25T16:56:57Z INFO     Train Epoch: 4 [42240/60000 (70%)]	loss=0.6537
2025-04-25T16:56:57Z INFO     Train Epoch: 4 [43520/60000 (72%)]	loss=0.5732
2025-04-25T16:56:57Z INFO     Train Epoch: 4 [44800/60000 (75%)]	loss=0.6380
2025-04-25T16:56:58Z INFO     Train Epoch: 4 [46080/60000 (77%)]	loss=0.5462
2025-04-25T16:56:58Z INFO     Train Epoch: 4 [47360/60000 (79%)]	loss=0.4489
2025-04-25T16:56:58Z INFO     Train Epoch: 4 [48640/60000 (81%)]	loss=0.4367
2025-04-25T16:56:58Z INFO     Train Epoch: 4 [49920/60000 (83%)]	loss=0.5663
2025-04-25T16:56:58Z INFO     Train Epoch: 4 [51200/60000 (85%)]	loss=0.5471
2025-04-25T16:56:58Z INFO     Train Epoch: 4 [52480/60000 (87%)]	loss=0.4793
2025-04-25T16:56:58Z INFO     Train Epoch: 4 [53760/60000 (90%)]	loss=0.4852
2025-04-25T16:56:58Z INFO     Train Epoch: 4 [55040/60000 (92%)]	loss=0.5654
2025-04-25T16:56:58Z INFO     Train Epoch: 4 [56320/60000 (94%)]	loss=0.4385
2025-04-25T16:56:59Z INFO     Train Epoch: 4 [57600/60000 (96%)]	loss=0.3734
2025-04-25T16:56:59Z INFO     Train Epoch: 4 [58880/60000 (98%)]	loss=0.4244
2025-04-25T16:57:00Z INFO     {metricName: accuracy, metricValue: 0.8069};{metricName: loss, metricValue: 0.5309}


real	0m37.669s
user	0m48.643s
sys	0m14.607s
