Using CUDA
Using distributed PyTorch with nccl backend
2025-04-25T16:57:11Z INFO     Added key: store_based_barrier_key:1 to store for rank: 0
2025-04-25T16:57:11Z INFO     Rank 0: Completed store-based barrier for key:store_based_barrier_key:1 with 4 nodes.
pytorch-mnist-master-0:38:38 [0] NCCL INFO Bootstrap : Using eth0:10.244.3.18<0>
pytorch-mnist-master-0:38:38 [0] NCCL INFO NET/Plugin : No plugin found (libnccl-net.so), using internal implementation
pytorch-mnist-master-0:38:38 [0] NCCL INFO NET/IB : Using [0]mlx5_0:1/IB ; OOB eth0:10.244.3.18<0>
pytorch-mnist-master-0:38:38 [0] NCCL INFO Using network IB
NCCL version 2.10.3+cuda10.2
pytorch-mnist-master-0:38:124 [0] NCCL INFO NET/IB : GPU Direct RDMA Disabled for HCA 0 'mlx5_0' (no module)
pytorch-mnist-master-0:38:124 [0] NCCL INFO NET/IB : GPU Direct RDMA Disabled for HCA 0 'mlx5_0' (no module)
pytorch-mnist-master-0:38:124 [0] NCCL INFO Channel 00/02 :    0   1   2   3
pytorch-mnist-master-0:38:124 [0] NCCL INFO Channel 01/02 :    0   1   2   3
pytorch-mnist-master-0:38:124 [0] NCCL INFO Trees [0] 2/-1/-1->0->-1 [1] -1/-1/-1->0->1
pytorch-mnist-master-0:38:124 [0] NCCL INFO Setting affinity for GPU 0 to 0fffff
pytorch-mnist-master-0:38:124 [0] NCCL INFO Channel 00 : 3[100000] -> 0[100000] [receive] via NET/IB/0
pytorch-mnist-master-0:38:124 [0] NCCL INFO Channel 01 : 3[100000] -> 0[100000] [receive] via NET/IB/0
pytorch-mnist-master-0:38:124 [0] NCCL INFO Channel 00 : 0[100000] -> 1[100000] [send] via NET/IB/0
pytorch-mnist-master-0:38:124 [0] NCCL INFO Channel 01 : 0[100000] -> 1[100000] [send] via NET/IB/0
pytorch-mnist-master-0:38:124 [0] NCCL INFO NET/IB: Dev 0 Port 1 qpn 338 mtu 5 LID 151
pytorch-mnist-master-0:38:124 [0] NCCL INFO NET/IB: Dev 0 Port 1 qpn 339 mtu 5 LID 151
pytorch-mnist-master-0:38:124 [0] NCCL INFO Connected all rings
pytorch-mnist-master-0:38:124 [0] NCCL INFO Channel 00 : 2[100000] -> 0[100000] [receive] via NET/IB/0
pytorch-mnist-master-0:38:124 [0] NCCL INFO Channel 00 : 0[100000] -> 2[100000] [send] via NET/IB/0
pytorch-mnist-master-0:38:124 [0] NCCL INFO NET/IB: Dev 0 Port 1 qpn 366 mtu 5 LID 151
pytorch-mnist-master-0:38:124 [0] NCCL INFO Channel 01 : 1[100000] -> 0[100000] [receive] via NET/IB/0
pytorch-mnist-master-0:38:124 [0] NCCL INFO Connected all trees
pytorch-mnist-master-0:38:124 [0] NCCL INFO threadThresholds 8/8/64 | 32/8/64 | 8/8/512
pytorch-mnist-master-0:38:124 [0] NCCL INFO 2 coll channels, 2 p2p channels, 1 p2p channels per peer
pytorch-mnist-master-0:38:124 [0] NCCL INFO comm 0x7dfa30001360 rank 0 nranks 4 cudaDev 0 busId 100000 - Init COMPLETE
pytorch-mnist-master-0:38:38 [0] NCCL INFO Launch mode Parallel
2025-04-25T16:57:15Z INFO     Train Epoch: 1 [0/60000 (0%)]	loss=2.3015
2025-04-25T16:57:15Z INFO     Reducer buckets have been rebuilt in this iteration.
2025-04-25T16:57:15Z INFO     Train Epoch: 1 [1280/60000 (2%)]	loss=2.2863
2025-04-25T16:57:15Z INFO     Train Epoch: 1 [2560/60000 (4%)]	loss=2.2854
2025-04-25T16:57:15Z INFO     Train Epoch: 1 [3840/60000 (6%)]	loss=2.2727
2025-04-25T16:57:15Z INFO     Train Epoch: 1 [5120/60000 (9%)]	loss=2.2693
2025-04-25T16:57:15Z INFO     Train Epoch: 1 [6400/60000 (11%)]	loss=2.2500
2025-04-25T16:57:15Z INFO     Train Epoch: 1 [7680/60000 (13%)]	loss=2.2421
2025-04-25T16:57:16Z INFO     Train Epoch: 1 [8960/60000 (15%)]	loss=2.2029
2025-04-25T16:57:16Z INFO     Train Epoch: 1 [10240/60000 (17%)]	loss=2.1878
2025-04-25T16:57:16Z INFO     Train Epoch: 1 [11520/60000 (19%)]	loss=2.1322
2025-04-25T16:57:16Z INFO     Train Epoch: 1 [12800/60000 (21%)]	loss=2.0497
2025-04-25T16:57:16Z INFO     Train Epoch: 1 [14080/60000 (23%)]	loss=1.9476
2025-04-25T16:57:16Z INFO     Train Epoch: 1 [15360/60000 (26%)]	loss=1.7655
2025-04-25T16:57:16Z INFO     Train Epoch: 1 [16640/60000 (28%)]	loss=1.5975
2025-04-25T16:57:16Z INFO     Train Epoch: 1 [17920/60000 (30%)]	loss=1.3734
2025-04-25T16:57:17Z INFO     Train Epoch: 1 [19200/60000 (32%)]	loss=1.3089
2025-04-25T16:57:17Z INFO     Train Epoch: 1 [20480/60000 (34%)]	loss=1.1868
2025-04-25T16:57:17Z INFO     Train Epoch: 1 [21760/60000 (36%)]	loss=1.0817
2025-04-25T16:57:17Z INFO     Train Epoch: 1 [23040/60000 (38%)]	loss=1.0563
2025-04-25T16:57:17Z INFO     Train Epoch: 1 [24320/60000 (41%)]	loss=1.0196
2025-04-25T16:57:17Z INFO     Train Epoch: 1 [25600/60000 (43%)]	loss=0.9026
2025-04-25T16:57:17Z INFO     Train Epoch: 1 [26880/60000 (45%)]	loss=1.0207
2025-04-25T16:57:17Z INFO     Train Epoch: 1 [28160/60000 (47%)]	loss=1.0544
2025-04-25T16:57:17Z INFO     Train Epoch: 1 [29440/60000 (49%)]	loss=0.9020
2025-04-25T16:57:18Z INFO     Train Epoch: 1 [30720/60000 (51%)]	loss=0.7915
2025-04-25T16:57:18Z INFO     Train Epoch: 1 [32000/60000 (53%)]	loss=1.1953
2025-04-25T16:57:18Z INFO     Train Epoch: 1 [33280/60000 (55%)]	loss=1.0273
2025-04-25T16:57:18Z INFO     Train Epoch: 1 [34560/60000 (58%)]	loss=0.9576
2025-04-25T16:57:18Z INFO     Train Epoch: 1 [35840/60000 (60%)]	loss=0.7893
2025-04-25T16:57:18Z INFO     Train Epoch: 1 [37120/60000 (62%)]	loss=0.9323
2025-04-25T16:57:18Z INFO     Train Epoch: 1 [38400/60000 (64%)]	loss=0.9519
2025-04-25T16:57:18Z INFO     Train Epoch: 1 [39680/60000 (66%)]	loss=0.8620
2025-04-25T16:57:18Z INFO     Train Epoch: 1 [40960/60000 (68%)]	loss=0.8077
2025-04-25T16:57:19Z INFO     Train Epoch: 1 [42240/60000 (70%)]	loss=0.8886
2025-04-25T16:57:19Z INFO     Train Epoch: 1 [43520/60000 (72%)]	loss=0.9440
2025-04-25T16:57:19Z INFO     Train Epoch: 1 [44800/60000 (75%)]	loss=0.9372
2025-04-25T16:57:19Z INFO     Train Epoch: 1 [46080/60000 (77%)]	loss=0.8242
2025-04-25T16:57:19Z INFO     Train Epoch: 1 [47360/60000 (79%)]	loss=0.7681
2025-04-25T16:57:19Z INFO     Train Epoch: 1 [48640/60000 (81%)]	loss=0.8702
2025-04-25T16:57:19Z INFO     Train Epoch: 1 [49920/60000 (83%)]	loss=0.8691
2025-04-25T16:57:19Z INFO     Train Epoch: 1 [51200/60000 (85%)]	loss=0.7850
2025-04-25T16:57:19Z INFO     Train Epoch: 1 [52480/60000 (87%)]	loss=0.6900
2025-04-25T16:57:20Z INFO     Train Epoch: 1 [53760/60000 (90%)]	loss=0.8085
2025-04-25T16:57:20Z INFO     Train Epoch: 1 [55040/60000 (92%)]	loss=0.8808
2025-04-25T16:57:20Z INFO     Train Epoch: 1 [56320/60000 (94%)]	loss=0.8597
2025-04-25T16:57:20Z INFO     Train Epoch: 1 [57600/60000 (96%)]	loss=0.9272
2025-04-25T16:57:20Z INFO     Train Epoch: 1 [58880/60000 (98%)]	loss=0.7727
2025-04-25T16:57:21Z INFO     {metricName: accuracy, metricValue: 0.6873};{metricName: loss, metricValue: 0.8280}

2025-04-25T16:57:21Z INFO     Train Epoch: 2 [0/60000 (0%)]	loss=0.7499
2025-04-25T16:57:21Z INFO     Train Epoch: 2 [1280/60000 (2%)]	loss=0.6800
2025-04-25T16:57:21Z INFO     Train Epoch: 2 [2560/60000 (4%)]	loss=0.7745
2025-04-25T16:57:21Z INFO     Train Epoch: 2 [3840/60000 (6%)]	loss=0.7711
2025-04-25T16:57:21Z INFO     Train Epoch: 2 [5120/60000 (9%)]	loss=0.7508
2025-04-25T16:57:22Z INFO     Train Epoch: 2 [6400/60000 (11%)]	loss=0.7433
2025-04-25T16:57:22Z INFO     Train Epoch: 2 [7680/60000 (13%)]	loss=0.7576
2025-04-25T16:57:22Z INFO     Train Epoch: 2 [8960/60000 (15%)]	loss=0.6602
2025-04-25T16:57:22Z INFO     Train Epoch: 2 [10240/60000 (17%)]	loss=0.7524
2025-04-25T16:57:22Z INFO     Train Epoch: 2 [11520/60000 (19%)]	loss=0.6046
2025-04-25T16:57:22Z INFO     Train Epoch: 2 [12800/60000 (21%)]	loss=0.7400
2025-04-25T16:57:22Z INFO     Train Epoch: 2 [14080/60000 (23%)]	loss=0.6996
2025-04-25T16:57:22Z INFO     Train Epoch: 2 [15360/60000 (26%)]	loss=0.7803
2025-04-25T16:57:22Z INFO     Train Epoch: 2 [16640/60000 (28%)]	loss=0.6434
2025-04-25T16:57:23Z INFO     Train Epoch: 2 [17920/60000 (30%)]	loss=0.7491
2025-04-25T16:57:23Z INFO     Train Epoch: 2 [19200/60000 (32%)]	loss=0.5679
2025-04-25T16:57:23Z INFO     Train Epoch: 2 [20480/60000 (34%)]	loss=0.7998
2025-04-25T16:57:23Z INFO     Train Epoch: 2 [21760/60000 (36%)]	loss=0.6855
2025-04-25T16:57:23Z INFO     Train Epoch: 2 [23040/60000 (38%)]	loss=0.6720
2025-04-25T16:57:23Z INFO     Train Epoch: 2 [24320/60000 (41%)]	loss=0.6482
2025-04-25T16:57:23Z INFO     Train Epoch: 2 [25600/60000 (43%)]	loss=0.6498
2025-04-25T16:57:23Z INFO     Train Epoch: 2 [26880/60000 (45%)]	loss=0.7617
2025-04-25T16:57:23Z INFO     Train Epoch: 2 [28160/60000 (47%)]	loss=0.5765
2025-04-25T16:57:24Z INFO     Train Epoch: 2 [29440/60000 (49%)]	loss=0.8756
2025-04-25T16:57:24Z INFO     Train Epoch: 2 [30720/60000 (51%)]	loss=0.6961
2025-04-25T16:57:24Z INFO     Train Epoch: 2 [32000/60000 (53%)]	loss=0.7669
2025-04-25T16:57:24Z INFO     Train Epoch: 2 [33280/60000 (55%)]	loss=0.6705
2025-04-25T16:57:24Z INFO     Train Epoch: 2 [34560/60000 (58%)]	loss=0.5756
2025-04-25T16:57:24Z INFO     Train Epoch: 2 [35840/60000 (60%)]	loss=0.5409
2025-04-25T16:57:24Z INFO     Train Epoch: 2 [37120/60000 (62%)]	loss=0.7460
2025-04-25T16:57:24Z INFO     Train Epoch: 2 [38400/60000 (64%)]	loss=0.6817
2025-04-25T16:57:24Z INFO     Train Epoch: 2 [39680/60000 (66%)]	loss=0.6224
2025-04-25T16:57:25Z INFO     Train Epoch: 2 [40960/60000 (68%)]	loss=0.7617
2025-04-25T16:57:25Z INFO     Train Epoch: 2 [42240/60000 (70%)]	loss=0.7594
2025-04-25T16:57:25Z INFO     Train Epoch: 2 [43520/60000 (72%)]	loss=0.5804
2025-04-25T16:57:25Z INFO     Train Epoch: 2 [44800/60000 (75%)]	loss=0.5774
2025-04-25T16:57:25Z INFO     Train Epoch: 2 [46080/60000 (77%)]	loss=0.6855
2025-04-25T16:57:25Z INFO     Train Epoch: 2 [47360/60000 (79%)]	loss=0.7643
2025-04-25T16:57:25Z INFO     Train Epoch: 2 [48640/60000 (81%)]	loss=0.5822
2025-04-25T16:57:25Z INFO     Train Epoch: 2 [49920/60000 (83%)]	loss=0.6977
2025-04-25T16:57:26Z INFO     Train Epoch: 2 [51200/60000 (85%)]	loss=0.8267
2025-04-25T16:57:26Z INFO     Train Epoch: 2 [52480/60000 (87%)]	loss=0.5806
2025-04-25T16:57:26Z INFO     Train Epoch: 2 [53760/60000 (90%)]	loss=0.5218
2025-04-25T16:57:26Z INFO     Train Epoch: 2 [55040/60000 (92%)]	loss=0.6882
2025-04-25T16:57:26Z INFO     Train Epoch: 2 [56320/60000 (94%)]	loss=0.7070
2025-04-25T16:57:26Z INFO     Train Epoch: 2 [57600/60000 (96%)]	loss=0.5107
2025-04-25T16:57:26Z INFO     Train Epoch: 2 [58880/60000 (98%)]	loss=0.5998
2025-04-25T16:57:27Z INFO     {metricName: accuracy, metricValue: 0.7615};{metricName: loss, metricValue: 0.6527}

2025-04-25T16:57:27Z INFO     Train Epoch: 3 [0/60000 (0%)]	loss=0.5433
2025-04-25T16:57:27Z INFO     Train Epoch: 3 [1280/60000 (2%)]	loss=0.6457
2025-04-25T16:57:27Z INFO     Train Epoch: 3 [2560/60000 (4%)]	loss=0.5543
2025-04-25T16:57:28Z INFO     Train Epoch: 3 [3840/60000 (6%)]	loss=0.5118
2025-04-25T16:57:28Z INFO     Train Epoch: 3 [5120/60000 (9%)]	loss=0.5642
2025-04-25T16:57:28Z INFO     Train Epoch: 3 [6400/60000 (11%)]	loss=0.6519
2025-04-25T16:57:28Z INFO     Train Epoch: 3 [7680/60000 (13%)]	loss=0.5257
2025-04-25T16:57:28Z INFO     Train Epoch: 3 [8960/60000 (15%)]	loss=0.6364
2025-04-25T16:57:28Z INFO     Train Epoch: 3 [10240/60000 (17%)]	loss=0.6503
2025-04-25T16:57:28Z INFO     Train Epoch: 3 [11520/60000 (19%)]	loss=0.4757
2025-04-25T16:57:28Z INFO     Train Epoch: 3 [12800/60000 (21%)]	loss=0.6921
2025-04-25T16:57:28Z INFO     Train Epoch: 3 [14080/60000 (23%)]	loss=0.6602
2025-04-25T16:57:29Z INFO     Train Epoch: 3 [15360/60000 (26%)]	loss=0.6993
2025-04-25T16:57:29Z INFO     Train Epoch: 3 [16640/60000 (28%)]	loss=0.5767
2025-04-25T16:57:29Z INFO     Train Epoch: 3 [17920/60000 (30%)]	loss=0.6521
2025-04-25T16:57:29Z INFO     Train Epoch: 3 [19200/60000 (32%)]	loss=0.6451
2025-04-25T16:57:29Z INFO     Train Epoch: 3 [20480/60000 (34%)]	loss=0.6278
2025-04-25T16:57:29Z INFO     Train Epoch: 3 [21760/60000 (36%)]	loss=0.4612
2025-04-25T16:57:29Z INFO     Train Epoch: 3 [23040/60000 (38%)]	loss=0.7011
2025-04-25T16:57:29Z INFO     Train Epoch: 3 [24320/60000 (41%)]	loss=0.6100
2025-04-25T16:57:29Z INFO     Train Epoch: 3 [25600/60000 (43%)]	loss=0.5660
2025-04-25T16:57:30Z INFO     Train Epoch: 3 [26880/60000 (45%)]	loss=0.5173
2025-04-25T16:57:30Z INFO     Train Epoch: 3 [28160/60000 (47%)]	loss=0.6814
2025-04-25T16:57:30Z INFO     Train Epoch: 3 [29440/60000 (49%)]	loss=0.6088
2025-04-25T16:57:30Z INFO     Train Epoch: 3 [30720/60000 (51%)]	loss=0.6060
2025-04-25T16:57:30Z INFO     Train Epoch: 3 [32000/60000 (53%)]	loss=0.6255
2025-04-25T16:57:30Z INFO     Train Epoch: 3 [33280/60000 (55%)]	loss=0.6735
2025-04-25T16:57:30Z INFO     Train Epoch: 3 [34560/60000 (58%)]	loss=0.5916
2025-04-25T16:57:30Z INFO     Train Epoch: 3 [35840/60000 (60%)]	loss=0.5727
2025-04-25T16:57:30Z INFO     Train Epoch: 3 [37120/60000 (62%)]	loss=0.5744
2025-04-25T16:57:31Z INFO     Train Epoch: 3 [38400/60000 (64%)]	loss=0.4602
2025-04-25T16:57:31Z INFO     Train Epoch: 3 [39680/60000 (66%)]	loss=0.5214
2025-04-25T16:57:31Z INFO     Train Epoch: 3 [40960/60000 (68%)]	loss=0.5725
2025-04-25T16:57:31Z INFO     Train Epoch: 3 [42240/60000 (70%)]	loss=0.5979
2025-04-25T16:57:31Z INFO     Train Epoch: 3 [43520/60000 (72%)]	loss=0.7311
2025-04-25T16:57:31Z INFO     Train Epoch: 3 [44800/60000 (75%)]	loss=0.5750
2025-04-25T16:57:31Z INFO     Train Epoch: 3 [46080/60000 (77%)]	loss=0.5898
2025-04-25T16:57:31Z INFO     Train Epoch: 3 [47360/60000 (79%)]	loss=0.5964
2025-04-25T16:57:31Z INFO     Train Epoch: 3 [48640/60000 (81%)]	loss=0.5151
2025-04-25T16:57:32Z INFO     Train Epoch: 3 [49920/60000 (83%)]	loss=0.6273
2025-04-25T16:57:32Z INFO     Train Epoch: 3 [51200/60000 (85%)]	loss=0.6648
2025-04-25T16:57:32Z INFO     Train Epoch: 3 [52480/60000 (87%)]	loss=0.6341
2025-04-25T16:57:32Z INFO     Train Epoch: 3 [53760/60000 (90%)]	loss=0.6291
2025-04-25T16:57:32Z INFO     Train Epoch: 3 [55040/60000 (92%)]	loss=0.6007
2025-04-25T16:57:32Z INFO     Train Epoch: 3 [56320/60000 (94%)]	loss=0.6402
2025-04-25T16:57:32Z INFO     Train Epoch: 3 [57600/60000 (96%)]	loss=0.5182
2025-04-25T16:57:32Z INFO     Train Epoch: 3 [58880/60000 (98%)]	loss=0.7683
2025-04-25T16:57:33Z INFO     {metricName: accuracy, metricValue: 0.7751};{metricName: loss, metricValue: 0.5949}

2025-04-25T16:57:33Z INFO     Train Epoch: 4 [0/60000 (0%)]	loss=0.6210
2025-04-25T16:57:33Z INFO     Train Epoch: 4 [1280/60000 (2%)]	loss=0.5155
2025-04-25T16:57:34Z INFO     Train Epoch: 4 [2560/60000 (4%)]	loss=0.4974
2025-04-25T16:57:34Z INFO     Train Epoch: 4 [3840/60000 (6%)]	loss=0.5832
2025-04-25T16:57:34Z INFO     Train Epoch: 4 [5120/60000 (9%)]	loss=0.5006
2025-04-25T16:57:34Z INFO     Train Epoch: 4 [6400/60000 (11%)]	loss=0.5469
2025-04-25T16:57:34Z INFO     Train Epoch: 4 [7680/60000 (13%)]	loss=0.6093
2025-04-25T16:57:34Z INFO     Train Epoch: 4 [8960/60000 (15%)]	loss=0.4790
2025-04-25T16:57:34Z INFO     Train Epoch: 4 [10240/60000 (17%)]	loss=0.6006
2025-04-25T16:57:34Z INFO     Train Epoch: 4 [11520/60000 (19%)]	loss=0.4619
2025-04-25T16:57:34Z INFO     Train Epoch: 4 [12800/60000 (21%)]	loss=0.5895
2025-04-25T16:57:35Z INFO     Train Epoch: 4 [14080/60000 (23%)]	loss=0.5869
2025-04-25T16:57:35Z INFO     Train Epoch: 4 [15360/60000 (26%)]	loss=0.6077
2025-04-25T16:57:35Z INFO     Train Epoch: 4 [16640/60000 (28%)]	loss=0.5967
2025-04-25T16:57:35Z INFO     Train Epoch: 4 [17920/60000 (30%)]	loss=0.5372
2025-04-25T16:57:35Z INFO     Train Epoch: 4 [19200/60000 (32%)]	loss=0.5672
2025-04-25T16:57:35Z INFO     Train Epoch: 4 [20480/60000 (34%)]	loss=0.4884
2025-04-25T16:57:35Z INFO     Train Epoch: 4 [21760/60000 (36%)]	loss=0.5475
2025-04-25T16:57:35Z INFO     Train Epoch: 4 [23040/60000 (38%)]	loss=0.6169
2025-04-25T16:57:36Z INFO     Train Epoch: 4 [24320/60000 (41%)]	loss=0.4899
2025-04-25T16:57:36Z INFO     Train Epoch: 4 [25600/60000 (43%)]	loss=0.5094
2025-04-25T16:57:36Z INFO     Train Epoch: 4 [26880/60000 (45%)]	loss=0.6041
2025-04-25T16:57:36Z INFO     Train Epoch: 4 [28160/60000 (47%)]	loss=0.4018
2025-04-25T16:57:36Z INFO     Train Epoch: 4 [29440/60000 (49%)]	loss=0.4869
2025-04-25T16:57:36Z INFO     Train Epoch: 4 [30720/60000 (51%)]	loss=0.5141
2025-04-25T16:57:36Z INFO     Train Epoch: 4 [32000/60000 (53%)]	loss=0.4835
2025-04-25T16:57:36Z INFO     Train Epoch: 4 [33280/60000 (55%)]	loss=0.5316
2025-04-25T16:57:36Z INFO     Train Epoch: 4 [34560/60000 (58%)]	loss=0.5400
2025-04-25T16:57:37Z INFO     Train Epoch: 4 [35840/60000 (60%)]	loss=0.4956
2025-04-25T16:57:37Z INFO     Train Epoch: 4 [37120/60000 (62%)]	loss=0.4532
2025-04-25T16:57:37Z INFO     Train Epoch: 4 [38400/60000 (64%)]	loss=0.5639
2025-04-25T16:57:37Z INFO     Train Epoch: 4 [39680/60000 (66%)]	loss=0.4877
2025-04-25T16:57:37Z INFO     Train Epoch: 4 [40960/60000 (68%)]	loss=0.5176
2025-04-25T16:57:37Z INFO     Train Epoch: 4 [42240/60000 (70%)]	loss=0.6524
2025-04-25T16:57:37Z INFO     Train Epoch: 4 [43520/60000 (72%)]	loss=0.5736
2025-04-25T16:57:37Z INFO     Train Epoch: 4 [44800/60000 (75%)]	loss=0.6395
2025-04-25T16:57:37Z INFO     Train Epoch: 4 [46080/60000 (77%)]	loss=0.5453
2025-04-25T16:57:38Z INFO     Train Epoch: 4 [47360/60000 (79%)]	loss=0.4498
2025-04-25T16:57:38Z INFO     Train Epoch: 4 [48640/60000 (81%)]	loss=0.4379
2025-04-25T16:57:38Z INFO     Train Epoch: 4 [49920/60000 (83%)]	loss=0.5656
2025-04-25T16:57:38Z INFO     Train Epoch: 4 [51200/60000 (85%)]	loss=0.5510
2025-04-25T16:57:38Z INFO     Train Epoch: 4 [52480/60000 (87%)]	loss=0.4776
2025-04-25T16:57:38Z INFO     Train Epoch: 4 [53760/60000 (90%)]	loss=0.4871
2025-04-25T16:57:38Z INFO     Train Epoch: 4 [55040/60000 (92%)]	loss=0.5644
2025-04-25T16:57:38Z INFO     Train Epoch: 4 [56320/60000 (94%)]	loss=0.4387
2025-04-25T16:57:38Z INFO     Train Epoch: 4 [57600/60000 (96%)]	loss=0.3736
2025-04-25T16:57:39Z INFO     Train Epoch: 4 [58880/60000 (98%)]	loss=0.4271
2025-04-25T16:57:39Z INFO     {metricName: accuracy, metricValue: 0.8081};{metricName: loss, metricValue: 0.5312}


real	0m37.527s
user	0m46.278s
sys	0m14.641s
