Using CUDA
Using distributed PyTorch with nccl backend
2025-04-26T09:08:19Z INFO     Added key: store_based_barrier_key:1 to store for rank: 0
2025-04-26T09:08:19Z INFO     Rank 0: Completed store-based barrier for key:store_based_barrier_key:1 with 4 nodes.
Took 31.55 seconds
pytorch-mnist-master-0:7:7 [0] NCCL INFO Bootstrap : Using eth0:10.224.0.45<0>
pytorch-mnist-master-0:7:7 [0] NCCL INFO NET/Plugin : No plugin found (libnccl-net.so), using internal implementation
pytorch-mnist-master-0:7:7 [0] NCCL INFO NET/IB : Using [0]mlx5_0:1/IB ; OOB eth0:10.224.0.45<0>
pytorch-mnist-master-0:7:7 [0] NCCL INFO Using network IB
NCCL version 2.10.3+cuda10.2
pytorch-mnist-master-0:7:93 [0] NCCL INFO NET/IB : GPU Direct RDMA Disabled for HCA 0 'mlx5_0' (no module)
pytorch-mnist-master-0:7:93 [0] NCCL INFO NET/IB : GPU Direct RDMA Disabled for HCA 0 'mlx5_0' (no module)
pytorch-mnist-master-0:7:93 [0] NCCL INFO Channel 00/02 :    0   1   2   3
pytorch-mnist-master-0:7:93 [0] NCCL INFO Channel 01/02 :    0   1   2   3
pytorch-mnist-master-0:7:93 [0] NCCL INFO Trees [0] 2/-1/-1->0->-1 [1] -1/-1/-1->0->1
pytorch-mnist-master-0:7:93 [0] NCCL INFO Setting affinity for GPU 0 to 0fffff
pytorch-mnist-master-0:7:93 [0] NCCL INFO Channel 00 : 3[100000] -> 0[100000] [receive] via NET/IB/0
pytorch-mnist-master-0:7:93 [0] NCCL INFO Channel 01 : 3[100000] -> 0[100000] [receive] via NET/IB/0
pytorch-mnist-master-0:7:93 [0] NCCL INFO Channel 00 : 0[100000] -> 1[100000] [send] via NET/IB/0
pytorch-mnist-master-0:7:93 [0] NCCL INFO Channel 01 : 0[100000] -> 1[100000] [send] via NET/IB/0
pytorch-mnist-master-0:7:93 [0] NCCL INFO NET/IB: Dev 0 Port 1 qpn 302 mtu 5 LID 157
pytorch-mnist-master-0:7:93 [0] NCCL INFO NET/IB: Dev 0 Port 1 qpn 303 mtu 5 LID 157
pytorch-mnist-master-0:7:93 [0] NCCL INFO Connected all rings
pytorch-mnist-master-0:7:93 [0] NCCL INFO Channel 00 : 2[100000] -> 0[100000] [receive] via NET/IB/0
pytorch-mnist-master-0:7:93 [0] NCCL INFO Channel 00 : 0[100000] -> 2[100000] [send] via NET/IB/0
pytorch-mnist-master-0:7:93 [0] NCCL INFO NET/IB: Dev 0 Port 1 qpn 306 mtu 5 LID 157
pytorch-mnist-master-0:7:93 [0] NCCL INFO Channel 01 : 1[100000] -> 0[100000] [receive] via NET/IB/0
pytorch-mnist-master-0:7:93 [0] NCCL INFO Connected all trees
pytorch-mnist-master-0:7:93 [0] NCCL INFO threadThresholds 8/8/64 | 32/8/64 | 8/8/512
pytorch-mnist-master-0:7:93 [0] NCCL INFO 2 coll channels, 2 p2p channels, 1 p2p channels per peer
pytorch-mnist-master-0:7:93 [0] NCCL INFO comm 0x7f5e440012d0 rank 0 nranks 4 cudaDev 0 busId 100000 - Init COMPLETE
pytorch-mnist-master-0:7:7 [0] NCCL INFO Launch mode Parallel
2025-04-26T09:08:23Z INFO     Train Epoch: 1 [0/60000 (0%)]	loss=2.3015
2025-04-26T09:08:23Z INFO     Reducer buckets have been rebuilt in this iteration.
2025-04-26T09:08:23Z INFO     Train Epoch: 1 [1280/60000 (2%)]	loss=2.2863
2025-04-26T09:08:23Z INFO     Train Epoch: 1 [2560/60000 (4%)]	loss=2.2854
2025-04-26T09:08:23Z INFO     Train Epoch: 1 [3840/60000 (6%)]	loss=2.2727
2025-04-26T09:08:23Z INFO     Train Epoch: 1 [5120/60000 (9%)]	loss=2.2693
2025-04-26T09:08:23Z INFO     Train Epoch: 1 [6400/60000 (11%)]	loss=2.2500
2025-04-26T09:08:23Z INFO     Train Epoch: 1 [7680/60000 (13%)]	loss=2.2420
2025-04-26T09:08:23Z INFO     Train Epoch: 1 [8960/60000 (15%)]	loss=2.2029
2025-04-26T09:08:24Z INFO     Train Epoch: 1 [10240/60000 (17%)]	loss=2.1878
2025-04-26T09:08:24Z INFO     Train Epoch: 1 [11520/60000 (19%)]	loss=2.1322
2025-04-26T09:08:24Z INFO     Train Epoch: 1 [12800/60000 (21%)]	loss=2.0497
2025-04-26T09:08:24Z INFO     Train Epoch: 1 [14080/60000 (23%)]	loss=1.9478
2025-04-26T09:08:24Z INFO     Train Epoch: 1 [15360/60000 (26%)]	loss=1.7656
2025-04-26T09:08:24Z INFO     Train Epoch: 1 [16640/60000 (28%)]	loss=1.5976
2025-04-26T09:08:24Z INFO     Train Epoch: 1 [17920/60000 (30%)]	loss=1.3736
2025-04-26T09:08:24Z INFO     Train Epoch: 1 [19200/60000 (32%)]	loss=1.3092
2025-04-26T09:08:24Z INFO     Train Epoch: 1 [20480/60000 (34%)]	loss=1.1875
2025-04-26T09:08:25Z INFO     Train Epoch: 1 [21760/60000 (36%)]	loss=1.0812
2025-04-26T09:08:25Z INFO     Train Epoch: 1 [23040/60000 (38%)]	loss=1.0567
2025-04-26T09:08:25Z INFO     Train Epoch: 1 [24320/60000 (41%)]	loss=1.0200
2025-04-26T09:08:25Z INFO     Train Epoch: 1 [25600/60000 (43%)]	loss=0.9026
2025-04-26T09:08:25Z INFO     Train Epoch: 1 [26880/60000 (45%)]	loss=1.0204
2025-04-26T09:08:25Z INFO     Train Epoch: 1 [28160/60000 (47%)]	loss=1.0541
2025-04-26T09:08:25Z INFO     Train Epoch: 1 [29440/60000 (49%)]	loss=0.9011
2025-04-26T09:08:25Z INFO     Train Epoch: 1 [30720/60000 (51%)]	loss=0.7918
2025-04-26T09:08:25Z INFO     Train Epoch: 1 [32000/60000 (53%)]	loss=1.1946
2025-04-26T09:08:26Z INFO     Train Epoch: 1 [33280/60000 (55%)]	loss=1.0262
2025-04-26T09:08:26Z INFO     Train Epoch: 1 [34560/60000 (58%)]	loss=0.9582
2025-04-26T09:08:26Z INFO     Train Epoch: 1 [35840/60000 (60%)]	loss=0.7875
2025-04-26T09:08:26Z INFO     Train Epoch: 1 [37120/60000 (62%)]	loss=0.9326
2025-04-26T09:08:26Z INFO     Train Epoch: 1 [38400/60000 (64%)]	loss=0.9512
2025-04-26T09:08:26Z INFO     Train Epoch: 1 [39680/60000 (66%)]	loss=0.8621
2025-04-26T09:08:26Z INFO     Train Epoch: 1 [40960/60000 (68%)]	loss=0.8082
2025-04-26T09:08:26Z INFO     Train Epoch: 1 [42240/60000 (70%)]	loss=0.8880
2025-04-26T09:08:26Z INFO     Train Epoch: 1 [43520/60000 (72%)]	loss=0.9443
2025-04-26T09:08:26Z INFO     Train Epoch: 1 [44800/60000 (75%)]	loss=0.9370
2025-04-26T09:08:27Z INFO     Train Epoch: 1 [46080/60000 (77%)]	loss=0.8249
2025-04-26T09:08:27Z INFO     Train Epoch: 1 [47360/60000 (79%)]	loss=0.7676
2025-04-26T09:08:27Z INFO     Train Epoch: 1 [48640/60000 (81%)]	loss=0.8700
2025-04-26T09:08:27Z INFO     Train Epoch: 1 [49920/60000 (83%)]	loss=0.8691
2025-04-26T09:08:27Z INFO     Train Epoch: 1 [51200/60000 (85%)]	loss=0.7871
2025-04-26T09:08:27Z INFO     Train Epoch: 1 [52480/60000 (87%)]	loss=0.6903
2025-04-26T09:08:27Z INFO     Train Epoch: 1 [53760/60000 (90%)]	loss=0.8082
2025-04-26T09:08:27Z INFO     Train Epoch: 1 [55040/60000 (92%)]	loss=0.8803
2025-04-26T09:08:27Z INFO     Train Epoch: 1 [56320/60000 (94%)]	loss=0.8616
2025-04-26T09:08:28Z INFO     Train Epoch: 1 [57600/60000 (96%)]	loss=0.9272
2025-04-26T09:08:28Z INFO     Train Epoch: 1 [58880/60000 (98%)]	loss=0.7716
2025-04-26T09:08:29Z INFO     {metricName: accuracy, metricValue: 0.6873};{metricName: loss, metricValue: 0.8288}

2025-04-26T09:08:29Z INFO     Train Epoch: 2 [0/60000 (0%)]	loss=0.7518
2025-04-26T09:08:29Z INFO     Train Epoch: 2 [1280/60000 (2%)]	loss=0.6789
2025-04-26T09:08:29Z INFO     Train Epoch: 2 [2560/60000 (4%)]	loss=0.7735
2025-04-26T09:08:29Z INFO     Train Epoch: 2 [3840/60000 (6%)]	loss=0.7717
2025-04-26T09:08:29Z INFO     Train Epoch: 2 [5120/60000 (9%)]	loss=0.7509
2025-04-26T09:08:29Z INFO     Train Epoch: 2 [6400/60000 (11%)]	loss=0.7428
2025-04-26T09:08:29Z INFO     Train Epoch: 2 [7680/60000 (13%)]	loss=0.7580
2025-04-26T09:08:29Z INFO     Train Epoch: 2 [8960/60000 (15%)]	loss=0.6602
2025-04-26T09:08:30Z INFO     Train Epoch: 2 [10240/60000 (17%)]	loss=0.7527
2025-04-26T09:08:30Z INFO     Train Epoch: 2 [11520/60000 (19%)]	loss=0.6047
2025-04-26T09:08:30Z INFO     Train Epoch: 2 [12800/60000 (21%)]	loss=0.7407
2025-04-26T09:08:30Z INFO     Train Epoch: 2 [14080/60000 (23%)]	loss=0.6994
2025-04-26T09:08:30Z INFO     Train Epoch: 2 [15360/60000 (26%)]	loss=0.7805
2025-04-26T09:08:30Z INFO     Train Epoch: 2 [16640/60000 (28%)]	loss=0.6442
2025-04-26T09:08:30Z INFO     Train Epoch: 2 [17920/60000 (30%)]	loss=0.7497
2025-04-26T09:08:30Z INFO     Train Epoch: 2 [19200/60000 (32%)]	loss=0.5678
2025-04-26T09:08:30Z INFO     Train Epoch: 2 [20480/60000 (34%)]	loss=0.7984
2025-04-26T09:08:31Z INFO     Train Epoch: 2 [21760/60000 (36%)]	loss=0.6857
2025-04-26T09:08:31Z INFO     Train Epoch: 2 [23040/60000 (38%)]	loss=0.6725
2025-04-26T09:08:31Z INFO     Train Epoch: 2 [24320/60000 (41%)]	loss=0.6472
2025-04-26T09:08:31Z INFO     Train Epoch: 2 [25600/60000 (43%)]	loss=0.6490
2025-04-26T09:08:31Z INFO     Train Epoch: 2 [26880/60000 (45%)]	loss=0.7615
2025-04-26T09:08:31Z INFO     Train Epoch: 2 [28160/60000 (47%)]	loss=0.5774
2025-04-26T09:08:31Z INFO     Train Epoch: 2 [29440/60000 (49%)]	loss=0.8770
2025-04-26T09:08:31Z INFO     Train Epoch: 2 [30720/60000 (51%)]	loss=0.6948
2025-04-26T09:08:31Z INFO     Train Epoch: 2 [32000/60000 (53%)]	loss=0.7677
2025-04-26T09:08:32Z INFO     Train Epoch: 2 [33280/60000 (55%)]	loss=0.6710
2025-04-26T09:08:32Z INFO     Train Epoch: 2 [34560/60000 (58%)]	loss=0.5771
2025-04-26T09:08:32Z INFO     Train Epoch: 2 [35840/60000 (60%)]	loss=0.5414
2025-04-26T09:08:32Z INFO     Train Epoch: 2 [37120/60000 (62%)]	loss=0.7480
2025-04-26T09:08:32Z INFO     Train Epoch: 2 [38400/60000 (64%)]	loss=0.6822
2025-04-26T09:08:32Z INFO     Train Epoch: 2 [39680/60000 (66%)]	loss=0.6236
2025-04-26T09:08:32Z INFO     Train Epoch: 2 [40960/60000 (68%)]	loss=0.7623
2025-04-26T09:08:32Z INFO     Train Epoch: 2 [42240/60000 (70%)]	loss=0.7595
2025-04-26T09:08:32Z INFO     Train Epoch: 2 [43520/60000 (72%)]	loss=0.5812
2025-04-26T09:08:33Z INFO     Train Epoch: 2 [44800/60000 (75%)]	loss=0.5776
2025-04-26T09:08:33Z INFO     Train Epoch: 2 [46080/60000 (77%)]	loss=0.6867
2025-04-26T09:08:33Z INFO     Train Epoch: 2 [47360/60000 (79%)]	loss=0.7633
2025-04-26T09:08:33Z INFO     Train Epoch: 2 [48640/60000 (81%)]	loss=0.5822
2025-04-26T09:08:33Z INFO     Train Epoch: 2 [49920/60000 (83%)]	loss=0.6989
2025-04-26T09:08:33Z INFO     Train Epoch: 2 [51200/60000 (85%)]	loss=0.8259
2025-04-26T09:08:33Z INFO     Train Epoch: 2 [52480/60000 (87%)]	loss=0.5799
2025-04-26T09:08:33Z INFO     Train Epoch: 2 [53760/60000 (90%)]	loss=0.5227
2025-04-26T09:08:33Z INFO     Train Epoch: 2 [55040/60000 (92%)]	loss=0.6886
2025-04-26T09:08:34Z INFO     Train Epoch: 2 [56320/60000 (94%)]	loss=0.7071
2025-04-26T09:08:34Z INFO     Train Epoch: 2 [57600/60000 (96%)]	loss=0.5102
2025-04-26T09:08:34Z INFO     Train Epoch: 2 [58880/60000 (98%)]	loss=0.6004
2025-04-26T09:08:35Z INFO     {metricName: accuracy, metricValue: 0.7606};{metricName: loss, metricValue: 0.6531}

2025-04-26T09:08:35Z INFO     Train Epoch: 3 [0/60000 (0%)]	loss=0.5435
2025-04-26T09:08:35Z INFO     Train Epoch: 3 [1280/60000 (2%)]	loss=0.6461
2025-04-26T09:08:35Z INFO     Train Epoch: 3 [2560/60000 (4%)]	loss=0.5541
2025-04-26T09:08:35Z INFO     Train Epoch: 3 [3840/60000 (6%)]	loss=0.5120
2025-04-26T09:08:35Z INFO     Train Epoch: 3 [5120/60000 (9%)]	loss=0.5640
2025-04-26T09:08:35Z INFO     Train Epoch: 3 [6400/60000 (11%)]	loss=0.6517
2025-04-26T09:08:35Z INFO     Train Epoch: 3 [7680/60000 (13%)]	loss=0.5258
2025-04-26T09:08:35Z INFO     Train Epoch: 3 [8960/60000 (15%)]	loss=0.6376
2025-04-26T09:08:36Z INFO     Train Epoch: 3 [10240/60000 (17%)]	loss=0.6498
2025-04-26T09:08:36Z INFO     Train Epoch: 3 [11520/60000 (19%)]	loss=0.4749
2025-04-26T09:08:36Z INFO     Train Epoch: 3 [12800/60000 (21%)]	loss=0.6902
2025-04-26T09:08:36Z INFO     Train Epoch: 3 [14080/60000 (23%)]	loss=0.6605
2025-04-26T09:08:36Z INFO     Train Epoch: 3 [15360/60000 (26%)]	loss=0.7004
2025-04-26T09:08:36Z INFO     Train Epoch: 3 [16640/60000 (28%)]	loss=0.5784
2025-04-26T09:08:36Z INFO     Train Epoch: 3 [17920/60000 (30%)]	loss=0.6541
2025-04-26T09:08:36Z INFO     Train Epoch: 3 [19200/60000 (32%)]	loss=0.6452
2025-04-26T09:08:36Z INFO     Train Epoch: 3 [20480/60000 (34%)]	loss=0.6269
2025-04-26T09:08:37Z INFO     Train Epoch: 3 [21760/60000 (36%)]	loss=0.4612
2025-04-26T09:08:37Z INFO     Train Epoch: 3 [23040/60000 (38%)]	loss=0.7000
2025-04-26T09:08:37Z INFO     Train Epoch: 3 [24320/60000 (41%)]	loss=0.6105
2025-04-26T09:08:37Z INFO     Train Epoch: 3 [25600/60000 (43%)]	loss=0.5665
2025-04-26T09:08:37Z INFO     Train Epoch: 3 [26880/60000 (45%)]	loss=0.5172
2025-04-26T09:08:37Z INFO     Train Epoch: 3 [28160/60000 (47%)]	loss=0.6815
2025-04-26T09:08:37Z INFO     Train Epoch: 3 [29440/60000 (49%)]	loss=0.6098
2025-04-26T09:08:37Z INFO     Train Epoch: 3 [30720/60000 (51%)]	loss=0.6032
2025-04-26T09:08:37Z INFO     Train Epoch: 3 [32000/60000 (53%)]	loss=0.6233
2025-04-26T09:08:38Z INFO     Train Epoch: 3 [33280/60000 (55%)]	loss=0.6746
2025-04-26T09:08:38Z INFO     Train Epoch: 3 [34560/60000 (58%)]	loss=0.5921
2025-04-26T09:08:38Z INFO     Train Epoch: 3 [35840/60000 (60%)]	loss=0.5712
2025-04-26T09:08:38Z INFO     Train Epoch: 3 [37120/60000 (62%)]	loss=0.5746
2025-04-26T09:08:38Z INFO     Train Epoch: 3 [38400/60000 (64%)]	loss=0.4600
2025-04-26T09:08:38Z INFO     Train Epoch: 3 [39680/60000 (66%)]	loss=0.5216
2025-04-26T09:08:38Z INFO     Train Epoch: 3 [40960/60000 (68%)]	loss=0.5726
2025-04-26T09:08:38Z INFO     Train Epoch: 3 [42240/60000 (70%)]	loss=0.5980
2025-04-26T09:08:38Z INFO     Train Epoch: 3 [43520/60000 (72%)]	loss=0.7323
2025-04-26T09:08:39Z INFO     Train Epoch: 3 [44800/60000 (75%)]	loss=0.5758
2025-04-26T09:08:39Z INFO     Train Epoch: 3 [46080/60000 (77%)]	loss=0.5888
2025-04-26T09:08:39Z INFO     Train Epoch: 3 [47360/60000 (79%)]	loss=0.5982
2025-04-26T09:08:39Z INFO     Train Epoch: 3 [48640/60000 (81%)]	loss=0.5155
2025-04-26T09:08:39Z INFO     Train Epoch: 3 [49920/60000 (83%)]	loss=0.6290
2025-04-26T09:08:39Z INFO     Train Epoch: 3 [51200/60000 (85%)]	loss=0.6642
2025-04-26T09:08:39Z INFO     Train Epoch: 3 [52480/60000 (87%)]	loss=0.6347
2025-04-26T09:08:39Z INFO     Train Epoch: 3 [53760/60000 (90%)]	loss=0.6287
2025-04-26T09:08:39Z INFO     Train Epoch: 3 [55040/60000 (92%)]	loss=0.6012
2025-04-26T09:08:40Z INFO     Train Epoch: 3 [56320/60000 (94%)]	loss=0.6397
2025-04-26T09:08:40Z INFO     Train Epoch: 3 [57600/60000 (96%)]	loss=0.5179
2025-04-26T09:08:40Z INFO     Train Epoch: 3 [58880/60000 (98%)]	loss=0.7660
2025-04-26T09:08:41Z INFO     {metricName: accuracy, metricValue: 0.7765};{metricName: loss, metricValue: 0.5943}

2025-04-26T09:08:41Z INFO     Train Epoch: 4 [0/60000 (0%)]	loss=0.6211
2025-04-26T09:08:41Z INFO     Train Epoch: 4 [1280/60000 (2%)]	loss=0.5152
2025-04-26T09:08:41Z INFO     Train Epoch: 4 [2560/60000 (4%)]	loss=0.4979
2025-04-26T09:08:41Z INFO     Train Epoch: 4 [3840/60000 (6%)]	loss=0.5824
2025-04-26T09:08:41Z INFO     Train Epoch: 4 [5120/60000 (9%)]	loss=0.5018
2025-04-26T09:08:41Z INFO     Train Epoch: 4 [6400/60000 (11%)]	loss=0.5477
2025-04-26T09:08:41Z INFO     Train Epoch: 4 [7680/60000 (13%)]	loss=0.6090
2025-04-26T09:08:41Z INFO     Train Epoch: 4 [8960/60000 (15%)]	loss=0.4800
2025-04-26T09:08:42Z INFO     Train Epoch: 4 [10240/60000 (17%)]	loss=0.6005
2025-04-26T09:08:42Z INFO     Train Epoch: 4 [11520/60000 (19%)]	loss=0.4633
2025-04-26T09:08:42Z INFO     Train Epoch: 4 [12800/60000 (21%)]	loss=0.5894
2025-04-26T09:08:42Z INFO     Train Epoch: 4 [14080/60000 (23%)]	loss=0.5861
2025-04-26T09:08:42Z INFO     Train Epoch: 4 [15360/60000 (26%)]	loss=0.6091
2025-04-26T09:08:42Z INFO     Train Epoch: 4 [16640/60000 (28%)]	loss=0.5995
2025-04-26T09:08:42Z INFO     Train Epoch: 4 [17920/60000 (30%)]	loss=0.5384
2025-04-26T09:08:42Z INFO     Train Epoch: 4 [19200/60000 (32%)]	loss=0.5680
2025-04-26T09:08:42Z INFO     Train Epoch: 4 [20480/60000 (34%)]	loss=0.4872
2025-04-26T09:08:43Z INFO     Train Epoch: 4 [21760/60000 (36%)]	loss=0.5476
2025-04-26T09:08:43Z INFO     Train Epoch: 4 [23040/60000 (38%)]	loss=0.6168
2025-04-26T09:08:43Z INFO     Train Epoch: 4 [24320/60000 (41%)]	loss=0.4901
2025-04-26T09:08:43Z INFO     Train Epoch: 4 [25600/60000 (43%)]	loss=0.5080
2025-04-26T09:08:43Z INFO     Train Epoch: 4 [26880/60000 (45%)]	loss=0.6029
2025-04-26T09:08:43Z INFO     Train Epoch: 4 [28160/60000 (47%)]	loss=0.4015
2025-04-26T09:08:43Z INFO     Train Epoch: 4 [29440/60000 (49%)]	loss=0.4879
2025-04-26T09:08:43Z INFO     Train Epoch: 4 [30720/60000 (51%)]	loss=0.5153
2025-04-26T09:08:43Z INFO     Train Epoch: 4 [32000/60000 (53%)]	loss=0.4828
2025-04-26T09:08:44Z INFO     Train Epoch: 4 [33280/60000 (55%)]	loss=0.5318
2025-04-26T09:08:44Z INFO     Train Epoch: 4 [34560/60000 (58%)]	loss=0.5399
2025-04-26T09:08:44Z INFO     Train Epoch: 4 [35840/60000 (60%)]	loss=0.4974
2025-04-26T09:08:44Z INFO     Train Epoch: 4 [37120/60000 (62%)]	loss=0.4526
2025-04-26T09:08:44Z INFO     Train Epoch: 4 [38400/60000 (64%)]	loss=0.5638
2025-04-26T09:08:44Z INFO     Train Epoch: 4 [39680/60000 (66%)]	loss=0.4876
2025-04-26T09:08:44Z INFO     Train Epoch: 4 [40960/60000 (68%)]	loss=0.5181
2025-04-26T09:08:44Z INFO     Train Epoch: 4 [42240/60000 (70%)]	loss=0.6538
2025-04-26T09:08:44Z INFO     Train Epoch: 4 [43520/60000 (72%)]	loss=0.5723
2025-04-26T09:08:45Z INFO     Train Epoch: 4 [44800/60000 (75%)]	loss=0.6382
2025-04-26T09:08:45Z INFO     Train Epoch: 4 [46080/60000 (77%)]	loss=0.5453
2025-04-26T09:08:45Z INFO     Train Epoch: 4 [47360/60000 (79%)]	loss=0.4496
2025-04-26T09:08:45Z INFO     Train Epoch: 4 [48640/60000 (81%)]	loss=0.4372
2025-04-26T09:08:45Z INFO     Train Epoch: 4 [49920/60000 (83%)]	loss=0.5664
2025-04-26T09:08:45Z INFO     Train Epoch: 4 [51200/60000 (85%)]	loss=0.5483
2025-04-26T09:08:45Z INFO     Train Epoch: 4 [52480/60000 (87%)]	loss=0.4774
2025-04-26T09:08:45Z INFO     Train Epoch: 4 [53760/60000 (90%)]	loss=0.4855
2025-04-26T09:08:45Z INFO     Train Epoch: 4 [55040/60000 (92%)]	loss=0.5665
2025-04-26T09:08:46Z INFO     Train Epoch: 4 [56320/60000 (94%)]	loss=0.4379
2025-04-26T09:08:46Z INFO     Train Epoch: 4 [57600/60000 (96%)]	loss=0.3738
2025-04-26T09:08:46Z INFO     Train Epoch: 4 [58880/60000 (98%)]	loss=0.4269
2025-04-26T09:08:47Z INFO     {metricName: accuracy, metricValue: 0.8070};{metricName: loss, metricValue: 0.5319}

Took total 59.15 seconds
Took after init_process_group 27.59 seconds

real	1m0.673s
user	0m58.339s
sys	0m15.760s
