Using CUDA
Using distributed PyTorch with nccl backend
2025-04-26T09:12:41Z INFO     Added key: store_based_barrier_key:1 to store for rank: 0
2025-04-26T09:12:41Z INFO     Rank 0: Completed store-based barrier for key:store_based_barrier_key:1 with 4 nodes.
Took 31.35 seconds
pytorch-mnist-master-0:7:7 [0] NCCL INFO Bootstrap : Using eth0:10.224.0.44<0>
pytorch-mnist-master-0:7:7 [0] NCCL INFO NET/Plugin : No plugin found (libnccl-net.so), using internal implementation
pytorch-mnist-master-0:7:7 [0] NCCL INFO NET/IB : Using [0]mlx5_0:1/IB ; OOB eth0:10.224.0.44<0>
pytorch-mnist-master-0:7:7 [0] NCCL INFO Using network IB
NCCL version 2.10.3+cuda10.2
pytorch-mnist-master-0:7:93 [0] NCCL INFO NET/IB : GPU Direct RDMA Disabled for HCA 0 'mlx5_0' (no module)
pytorch-mnist-master-0:7:93 [0] NCCL INFO NET/IB : GPU Direct RDMA Disabled for HCA 0 'mlx5_0' (no module)
pytorch-mnist-master-0:7:93 [0] NCCL INFO Channel 00/02 :    0   1   2   3
pytorch-mnist-master-0:7:93 [0] NCCL INFO Channel 01/02 :    0   1   2   3
pytorch-mnist-master-0:7:93 [0] NCCL INFO Trees [0] 2/-1/-1->0->-1 [1] -1/-1/-1->0->1
pytorch-mnist-master-0:7:93 [0] NCCL INFO Setting affinity for GPU 0 to 0fffff
pytorch-mnist-master-0:7:93 [0] NCCL INFO Channel 00 : 3[100000] -> 0[100000] [receive] via NET/IB/0
pytorch-mnist-master-0:7:93 [0] NCCL INFO Channel 01 : 3[100000] -> 0[100000] [receive] via NET/IB/0
pytorch-mnist-master-0:7:93 [0] NCCL INFO Channel 00 : 0[100000] -> 1[100000] [send] via NET/IB/0
pytorch-mnist-master-0:7:93 [0] NCCL INFO Channel 01 : 0[100000] -> 1[100000] [send] via NET/IB/0
pytorch-mnist-master-0:7:93 [0] NCCL INFO NET/IB: Dev 0 Port 1 qpn 332 mtu 5 LID 157
pytorch-mnist-master-0:7:93 [0] NCCL INFO NET/IB: Dev 0 Port 1 qpn 333 mtu 5 LID 157
pytorch-mnist-master-0:7:93 [0] NCCL INFO Connected all rings
pytorch-mnist-master-0:7:93 [0] NCCL INFO Channel 00 : 2[100000] -> 0[100000] [receive] via NET/IB/0
pytorch-mnist-master-0:7:93 [0] NCCL INFO Channel 00 : 0[100000] -> 2[100000] [send] via NET/IB/0
pytorch-mnist-master-0:7:93 [0] NCCL INFO NET/IB: Dev 0 Port 1 qpn 294 mtu 5 LID 157
pytorch-mnist-master-0:7:93 [0] NCCL INFO Channel 01 : 1[100000] -> 0[100000] [receive] via NET/IB/0
pytorch-mnist-master-0:7:93 [0] NCCL INFO Connected all trees
pytorch-mnist-master-0:7:93 [0] NCCL INFO threadThresholds 8/8/64 | 32/8/64 | 8/8/512
pytorch-mnist-master-0:7:93 [0] NCCL INFO 2 coll channels, 2 p2p channels, 1 p2p channels per peer
pytorch-mnist-master-0:7:93 [0] NCCL INFO comm 0x7f60140012d0 rank 0 nranks 4 cudaDev 0 busId 100000 - Init COMPLETE
pytorch-mnist-master-0:7:7 [0] NCCL INFO Launch mode Parallel
2025-04-26T09:12:44Z INFO     Train Epoch: 1 [0/60000 (0%)]	loss=2.3015
2025-04-26T09:12:44Z INFO     Reducer buckets have been rebuilt in this iteration.
2025-04-26T09:12:44Z INFO     Train Epoch: 1 [1280/60000 (2%)]	loss=2.2863
2025-04-26T09:12:44Z INFO     Train Epoch: 1 [2560/60000 (4%)]	loss=2.2854
2025-04-26T09:12:44Z INFO     Train Epoch: 1 [3840/60000 (6%)]	loss=2.2727
2025-04-26T09:12:45Z INFO     Train Epoch: 1 [5120/60000 (9%)]	loss=2.2693
2025-04-26T09:12:45Z INFO     Train Epoch: 1 [6400/60000 (11%)]	loss=2.2499
2025-04-26T09:12:45Z INFO     Train Epoch: 1 [7680/60000 (13%)]	loss=2.2420
2025-04-26T09:12:45Z INFO     Train Epoch: 1 [8960/60000 (15%)]	loss=2.2029
2025-04-26T09:12:45Z INFO     Train Epoch: 1 [10240/60000 (17%)]	loss=2.1878
2025-04-26T09:12:45Z INFO     Train Epoch: 1 [11520/60000 (19%)]	loss=2.1322
2025-04-26T09:12:45Z INFO     Train Epoch: 1 [12800/60000 (21%)]	loss=2.0497
2025-04-26T09:12:45Z INFO     Train Epoch: 1 [14080/60000 (23%)]	loss=1.9476
2025-04-26T09:12:45Z INFO     Train Epoch: 1 [15360/60000 (26%)]	loss=1.7655
2025-04-26T09:12:46Z INFO     Train Epoch: 1 [16640/60000 (28%)]	loss=1.5977
2025-04-26T09:12:46Z INFO     Train Epoch: 1 [17920/60000 (30%)]	loss=1.3734
2025-04-26T09:12:46Z INFO     Train Epoch: 1 [19200/60000 (32%)]	loss=1.3091
2025-04-26T09:12:46Z INFO     Train Epoch: 1 [20480/60000 (34%)]	loss=1.1871
2025-04-26T09:12:46Z INFO     Train Epoch: 1 [21760/60000 (36%)]	loss=1.0812
2025-04-26T09:12:46Z INFO     Train Epoch: 1 [23040/60000 (38%)]	loss=1.0567
2025-04-26T09:12:46Z INFO     Train Epoch: 1 [24320/60000 (41%)]	loss=1.0201
2025-04-26T09:12:46Z INFO     Train Epoch: 1 [25600/60000 (43%)]	loss=0.9022
2025-04-26T09:12:46Z INFO     Train Epoch: 1 [26880/60000 (45%)]	loss=1.0227
2025-04-26T09:12:47Z INFO     Train Epoch: 1 [28160/60000 (47%)]	loss=1.0543
2025-04-26T09:12:47Z INFO     Train Epoch: 1 [29440/60000 (49%)]	loss=0.9027
2025-04-26T09:12:47Z INFO     Train Epoch: 1 [30720/60000 (51%)]	loss=0.7913
2025-04-26T09:12:47Z INFO     Train Epoch: 1 [32000/60000 (53%)]	loss=1.1951
2025-04-26T09:12:47Z INFO     Train Epoch: 1 [33280/60000 (55%)]	loss=1.0267
2025-04-26T09:12:47Z INFO     Train Epoch: 1 [34560/60000 (58%)]	loss=0.9588
2025-04-26T09:12:47Z INFO     Train Epoch: 1 [35840/60000 (60%)]	loss=0.7875
2025-04-26T09:12:47Z INFO     Train Epoch: 1 [37120/60000 (62%)]	loss=0.9332
2025-04-26T09:12:47Z INFO     Train Epoch: 1 [38400/60000 (64%)]	loss=0.9525
2025-04-26T09:12:48Z INFO     Train Epoch: 1 [39680/60000 (66%)]	loss=0.8626
2025-04-26T09:12:48Z INFO     Train Epoch: 1 [40960/60000 (68%)]	loss=0.8089
2025-04-26T09:12:48Z INFO     Train Epoch: 1 [42240/60000 (70%)]	loss=0.8879
2025-04-26T09:12:48Z INFO     Train Epoch: 1 [43520/60000 (72%)]	loss=0.9445
2025-04-26T09:12:48Z INFO     Train Epoch: 1 [44800/60000 (75%)]	loss=0.9363
2025-04-26T09:12:48Z INFO     Train Epoch: 1 [46080/60000 (77%)]	loss=0.8248
2025-04-26T09:12:48Z INFO     Train Epoch: 1 [47360/60000 (79%)]	loss=0.7684
2025-04-26T09:12:48Z INFO     Train Epoch: 1 [48640/60000 (81%)]	loss=0.8702
2025-04-26T09:12:48Z INFO     Train Epoch: 1 [49920/60000 (83%)]	loss=0.8708
2025-04-26T09:12:49Z INFO     Train Epoch: 1 [51200/60000 (85%)]	loss=0.7855
2025-04-26T09:12:49Z INFO     Train Epoch: 1 [52480/60000 (87%)]	loss=0.6909
2025-04-26T09:12:49Z INFO     Train Epoch: 1 [53760/60000 (90%)]	loss=0.8092
2025-04-26T09:12:49Z INFO     Train Epoch: 1 [55040/60000 (92%)]	loss=0.8779
2025-04-26T09:12:49Z INFO     Train Epoch: 1 [56320/60000 (94%)]	loss=0.8598
2025-04-26T09:12:49Z INFO     Train Epoch: 1 [57600/60000 (96%)]	loss=0.9275
2025-04-26T09:12:49Z INFO     Train Epoch: 1 [58880/60000 (98%)]	loss=0.7723
2025-04-26T09:12:50Z INFO     {metricName: accuracy, metricValue: 0.6870};{metricName: loss, metricValue: 0.8296}

2025-04-26T09:12:50Z INFO     Train Epoch: 2 [0/60000 (0%)]	loss=0.7516
2025-04-26T09:12:50Z INFO     Train Epoch: 2 [1280/60000 (2%)]	loss=0.6786
2025-04-26T09:12:50Z INFO     Train Epoch: 2 [2560/60000 (4%)]	loss=0.7752
2025-04-26T09:12:51Z INFO     Train Epoch: 2 [3840/60000 (6%)]	loss=0.7708
2025-04-26T09:12:51Z INFO     Train Epoch: 2 [5120/60000 (9%)]	loss=0.7505
2025-04-26T09:12:51Z INFO     Train Epoch: 2 [6400/60000 (11%)]	loss=0.7419
2025-04-26T09:12:51Z INFO     Train Epoch: 2 [7680/60000 (13%)]	loss=0.7576
2025-04-26T09:12:51Z INFO     Train Epoch: 2 [8960/60000 (15%)]	loss=0.6604
2025-04-26T09:12:51Z INFO     Train Epoch: 2 [10240/60000 (17%)]	loss=0.7532
2025-04-26T09:12:51Z INFO     Train Epoch: 2 [11520/60000 (19%)]	loss=0.6057
2025-04-26T09:12:51Z INFO     Train Epoch: 2 [12800/60000 (21%)]	loss=0.7426
2025-04-26T09:12:51Z INFO     Train Epoch: 2 [14080/60000 (23%)]	loss=0.6988
2025-04-26T09:12:52Z INFO     Train Epoch: 2 [15360/60000 (26%)]	loss=0.7808
2025-04-26T09:12:52Z INFO     Train Epoch: 2 [16640/60000 (28%)]	loss=0.6457
2025-04-26T09:12:52Z INFO     Train Epoch: 2 [17920/60000 (30%)]	loss=0.7497
2025-04-26T09:12:52Z INFO     Train Epoch: 2 [19200/60000 (32%)]	loss=0.5669
2025-04-26T09:12:52Z INFO     Train Epoch: 2 [20480/60000 (34%)]	loss=0.7971
2025-04-26T09:12:52Z INFO     Train Epoch: 2 [21760/60000 (36%)]	loss=0.6859
2025-04-26T09:12:52Z INFO     Train Epoch: 2 [23040/60000 (38%)]	loss=0.6718
2025-04-26T09:12:52Z INFO     Train Epoch: 2 [24320/60000 (41%)]	loss=0.6473
2025-04-26T09:12:52Z INFO     Train Epoch: 2 [25600/60000 (43%)]	loss=0.6492
2025-04-26T09:12:53Z INFO     Train Epoch: 2 [26880/60000 (45%)]	loss=0.7631
2025-04-26T09:12:53Z INFO     Train Epoch: 2 [28160/60000 (47%)]	loss=0.5765
2025-04-26T09:12:53Z INFO     Train Epoch: 2 [29440/60000 (49%)]	loss=0.8765
2025-04-26T09:12:53Z INFO     Train Epoch: 2 [30720/60000 (51%)]	loss=0.6957
2025-04-26T09:12:53Z INFO     Train Epoch: 2 [32000/60000 (53%)]	loss=0.7688
2025-04-26T09:12:53Z INFO     Train Epoch: 2 [33280/60000 (55%)]	loss=0.6707
2025-04-26T09:12:53Z INFO     Train Epoch: 2 [34560/60000 (58%)]	loss=0.5761
2025-04-26T09:12:53Z INFO     Train Epoch: 2 [35840/60000 (60%)]	loss=0.5418
2025-04-26T09:12:53Z INFO     Train Epoch: 2 [37120/60000 (62%)]	loss=0.7473
2025-04-26T09:12:54Z INFO     Train Epoch: 2 [38400/60000 (64%)]	loss=0.6820
2025-04-26T09:12:54Z INFO     Train Epoch: 2 [39680/60000 (66%)]	loss=0.6231
2025-04-26T09:12:54Z INFO     Train Epoch: 2 [40960/60000 (68%)]	loss=0.7638
2025-04-26T09:12:54Z INFO     Train Epoch: 2 [42240/60000 (70%)]	loss=0.7608
2025-04-26T09:12:54Z INFO     Train Epoch: 2 [43520/60000 (72%)]	loss=0.5811
2025-04-26T09:12:54Z INFO     Train Epoch: 2 [44800/60000 (75%)]	loss=0.5777
2025-04-26T09:12:54Z INFO     Train Epoch: 2 [46080/60000 (77%)]	loss=0.6854
2025-04-26T09:12:54Z INFO     Train Epoch: 2 [47360/60000 (79%)]	loss=0.7648
2025-04-26T09:12:54Z INFO     Train Epoch: 2 [48640/60000 (81%)]	loss=0.5827
2025-04-26T09:12:55Z INFO     Train Epoch: 2 [49920/60000 (83%)]	loss=0.6986
2025-04-26T09:12:55Z INFO     Train Epoch: 2 [51200/60000 (85%)]	loss=0.8259
2025-04-26T09:12:55Z INFO     Train Epoch: 2 [52480/60000 (87%)]	loss=0.5807
2025-04-26T09:12:55Z INFO     Train Epoch: 2 [53760/60000 (90%)]	loss=0.5226
2025-04-26T09:12:55Z INFO     Train Epoch: 2 [55040/60000 (92%)]	loss=0.6867
2025-04-26T09:12:55Z INFO     Train Epoch: 2 [56320/60000 (94%)]	loss=0.7077
2025-04-26T09:12:55Z INFO     Train Epoch: 2 [57600/60000 (96%)]	loss=0.5110
2025-04-26T09:12:55Z INFO     Train Epoch: 2 [58880/60000 (98%)]	loss=0.5995
2025-04-26T09:12:56Z INFO     {metricName: accuracy, metricValue: 0.7604};{metricName: loss, metricValue: 0.6533}

2025-04-26T09:12:56Z INFO     Train Epoch: 3 [0/60000 (0%)]	loss=0.5441
2025-04-26T09:12:56Z INFO     Train Epoch: 3 [1280/60000 (2%)]	loss=0.6469
2025-04-26T09:12:57Z INFO     Train Epoch: 3 [2560/60000 (4%)]	loss=0.5551
2025-04-26T09:12:57Z INFO     Train Epoch: 3 [3840/60000 (6%)]	loss=0.5125
2025-04-26T09:12:57Z INFO     Train Epoch: 3 [5120/60000 (9%)]	loss=0.5636
2025-04-26T09:12:57Z INFO     Train Epoch: 3 [6400/60000 (11%)]	loss=0.6525
2025-04-26T09:12:57Z INFO     Train Epoch: 3 [7680/60000 (13%)]	loss=0.5259
2025-04-26T09:12:57Z INFO     Train Epoch: 3 [8960/60000 (15%)]	loss=0.6371
2025-04-26T09:12:57Z INFO     Train Epoch: 3 [10240/60000 (17%)]	loss=0.6498
2025-04-26T09:12:57Z INFO     Train Epoch: 3 [11520/60000 (19%)]	loss=0.4750
2025-04-26T09:12:57Z INFO     Train Epoch: 3 [12800/60000 (21%)]	loss=0.6923
2025-04-26T09:12:58Z INFO     Train Epoch: 3 [14080/60000 (23%)]	loss=0.6612
2025-04-26T09:12:58Z INFO     Train Epoch: 3 [15360/60000 (26%)]	loss=0.6998
2025-04-26T09:12:58Z INFO     Train Epoch: 3 [16640/60000 (28%)]	loss=0.5769
2025-04-26T09:12:58Z INFO     Train Epoch: 3 [17920/60000 (30%)]	loss=0.6541
2025-04-26T09:12:58Z INFO     Train Epoch: 3 [19200/60000 (32%)]	loss=0.6459
2025-04-26T09:12:58Z INFO     Train Epoch: 3 [20480/60000 (34%)]	loss=0.6261
2025-04-26T09:12:58Z INFO     Train Epoch: 3 [21760/60000 (36%)]	loss=0.4618
2025-04-26T09:12:58Z INFO     Train Epoch: 3 [23040/60000 (38%)]	loss=0.7011
2025-04-26T09:12:58Z INFO     Train Epoch: 3 [24320/60000 (41%)]	loss=0.6098
2025-04-26T09:12:59Z INFO     Train Epoch: 3 [25600/60000 (43%)]	loss=0.5658
2025-04-26T09:12:59Z INFO     Train Epoch: 3 [26880/60000 (45%)]	loss=0.5175
2025-04-26T09:12:59Z INFO     Train Epoch: 3 [28160/60000 (47%)]	loss=0.6826
2025-04-26T09:12:59Z INFO     Train Epoch: 3 [29440/60000 (49%)]	loss=0.6096
2025-04-26T09:12:59Z INFO     Train Epoch: 3 [30720/60000 (51%)]	loss=0.6050
2025-04-26T09:12:59Z INFO     Train Epoch: 3 [32000/60000 (53%)]	loss=0.6254
2025-04-26T09:12:59Z INFO     Train Epoch: 3 [33280/60000 (55%)]	loss=0.6741
2025-04-26T09:12:59Z INFO     Train Epoch: 3 [34560/60000 (58%)]	loss=0.5919
2025-04-26T09:12:59Z INFO     Train Epoch: 3 [35840/60000 (60%)]	loss=0.5714
2025-04-26T09:13:00Z INFO     Train Epoch: 3 [37120/60000 (62%)]	loss=0.5751
2025-04-26T09:13:00Z INFO     Train Epoch: 3 [38400/60000 (64%)]	loss=0.4593
2025-04-26T09:13:00Z INFO     Train Epoch: 3 [39680/60000 (66%)]	loss=0.5225
2025-04-26T09:13:00Z INFO     Train Epoch: 3 [40960/60000 (68%)]	loss=0.5734
2025-04-26T09:13:00Z INFO     Train Epoch: 3 [42240/60000 (70%)]	loss=0.5993
2025-04-26T09:13:00Z INFO     Train Epoch: 3 [43520/60000 (72%)]	loss=0.7318
2025-04-26T09:13:00Z INFO     Train Epoch: 3 [44800/60000 (75%)]	loss=0.5768
2025-04-26T09:13:00Z INFO     Train Epoch: 3 [46080/60000 (77%)]	loss=0.5912
2025-04-26T09:13:00Z INFO     Train Epoch: 3 [47360/60000 (79%)]	loss=0.5956
2025-04-26T09:13:01Z INFO     Train Epoch: 3 [48640/60000 (81%)]	loss=0.5150
2025-04-26T09:13:01Z INFO     Train Epoch: 3 [49920/60000 (83%)]	loss=0.6280
2025-04-26T09:13:01Z INFO     Train Epoch: 3 [51200/60000 (85%)]	loss=0.6642
2025-04-26T09:13:01Z INFO     Train Epoch: 3 [52480/60000 (87%)]	loss=0.6364
2025-04-26T09:13:01Z INFO     Train Epoch: 3 [53760/60000 (90%)]	loss=0.6286
2025-04-26T09:13:01Z INFO     Train Epoch: 3 [55040/60000 (92%)]	loss=0.6006
2025-04-26T09:13:01Z INFO     Train Epoch: 3 [56320/60000 (94%)]	loss=0.6387
2025-04-26T09:13:01Z INFO     Train Epoch: 3 [57600/60000 (96%)]	loss=0.5201
2025-04-26T09:13:01Z INFO     Train Epoch: 3 [58880/60000 (98%)]	loss=0.7684
2025-04-26T09:13:02Z INFO     {metricName: accuracy, metricValue: 0.7748};{metricName: loss, metricValue: 0.5954}

2025-04-26T09:13:02Z INFO     Train Epoch: 4 [0/60000 (0%)]	loss=0.6230
2025-04-26T09:13:02Z INFO     Train Epoch: 4 [1280/60000 (2%)]	loss=0.5148
2025-04-26T09:13:03Z INFO     Train Epoch: 4 [2560/60000 (4%)]	loss=0.4993
2025-04-26T09:13:03Z INFO     Train Epoch: 4 [3840/60000 (6%)]	loss=0.5826
2025-04-26T09:13:03Z INFO     Train Epoch: 4 [5120/60000 (9%)]	loss=0.5013
2025-04-26T09:13:03Z INFO     Train Epoch: 4 [6400/60000 (11%)]	loss=0.5494
2025-04-26T09:13:03Z INFO     Train Epoch: 4 [7680/60000 (13%)]	loss=0.6105
2025-04-26T09:13:03Z INFO     Train Epoch: 4 [8960/60000 (15%)]	loss=0.4813
2025-04-26T09:13:03Z INFO     Train Epoch: 4 [10240/60000 (17%)]	loss=0.6006
2025-04-26T09:13:03Z INFO     Train Epoch: 4 [11520/60000 (19%)]	loss=0.4623
2025-04-26T09:13:03Z INFO     Train Epoch: 4 [12800/60000 (21%)]	loss=0.5899
2025-04-26T09:13:04Z INFO     Train Epoch: 4 [14080/60000 (23%)]	loss=0.5860
2025-04-26T09:13:04Z INFO     Train Epoch: 4 [15360/60000 (26%)]	loss=0.6083
2025-04-26T09:13:04Z INFO     Train Epoch: 4 [16640/60000 (28%)]	loss=0.5982
2025-04-26T09:13:04Z INFO     Train Epoch: 4 [17920/60000 (30%)]	loss=0.5370
2025-04-26T09:13:04Z INFO     Train Epoch: 4 [19200/60000 (32%)]	loss=0.5672
2025-04-26T09:13:04Z INFO     Train Epoch: 4 [20480/60000 (34%)]	loss=0.4901
2025-04-26T09:13:04Z INFO     Train Epoch: 4 [21760/60000 (36%)]	loss=0.5473
2025-04-26T09:13:04Z INFO     Train Epoch: 4 [23040/60000 (38%)]	loss=0.6175
2025-04-26T09:13:04Z INFO     Train Epoch: 4 [24320/60000 (41%)]	loss=0.4900
2025-04-26T09:13:05Z INFO     Train Epoch: 4 [25600/60000 (43%)]	loss=0.5094
2025-04-26T09:13:05Z INFO     Train Epoch: 4 [26880/60000 (45%)]	loss=0.6029
2025-04-26T09:13:05Z INFO     Train Epoch: 4 [28160/60000 (47%)]	loss=0.4003
2025-04-26T09:13:05Z INFO     Train Epoch: 4 [29440/60000 (49%)]	loss=0.4875
2025-04-26T09:13:05Z INFO     Train Epoch: 4 [30720/60000 (51%)]	loss=0.5143
2025-04-26T09:13:05Z INFO     Train Epoch: 4 [32000/60000 (53%)]	loss=0.4846
2025-04-26T09:13:05Z INFO     Train Epoch: 4 [33280/60000 (55%)]	loss=0.5320
2025-04-26T09:13:05Z INFO     Train Epoch: 4 [34560/60000 (58%)]	loss=0.5412
2025-04-26T09:13:05Z INFO     Train Epoch: 4 [35840/60000 (60%)]	loss=0.4976
2025-04-26T09:13:06Z INFO     Train Epoch: 4 [37120/60000 (62%)]	loss=0.4529
2025-04-26T09:13:06Z INFO     Train Epoch: 4 [38400/60000 (64%)]	loss=0.5649
2025-04-26T09:13:06Z INFO     Train Epoch: 4 [39680/60000 (66%)]	loss=0.4878
2025-04-26T09:13:06Z INFO     Train Epoch: 4 [40960/60000 (68%)]	loss=0.5183
2025-04-26T09:13:06Z INFO     Train Epoch: 4 [42240/60000 (70%)]	loss=0.6535
2025-04-26T09:13:06Z INFO     Train Epoch: 4 [43520/60000 (72%)]	loss=0.5729
2025-04-26T09:13:06Z INFO     Train Epoch: 4 [44800/60000 (75%)]	loss=0.6387
2025-04-26T09:13:06Z INFO     Train Epoch: 4 [46080/60000 (77%)]	loss=0.5443
2025-04-26T09:13:06Z INFO     Train Epoch: 4 [47360/60000 (79%)]	loss=0.4505
2025-04-26T09:13:07Z INFO     Train Epoch: 4 [48640/60000 (81%)]	loss=0.4369
2025-04-26T09:13:07Z INFO     Train Epoch: 4 [49920/60000 (83%)]	loss=0.5661
2025-04-26T09:13:07Z INFO     Train Epoch: 4 [51200/60000 (85%)]	loss=0.5483
2025-04-26T09:13:07Z INFO     Train Epoch: 4 [52480/60000 (87%)]	loss=0.4794
2025-04-26T09:13:07Z INFO     Train Epoch: 4 [53760/60000 (90%)]	loss=0.4870
2025-04-26T09:13:07Z INFO     Train Epoch: 4 [55040/60000 (92%)]	loss=0.5658
2025-04-26T09:13:07Z INFO     Train Epoch: 4 [56320/60000 (94%)]	loss=0.4390
2025-04-26T09:13:07Z INFO     Train Epoch: 4 [57600/60000 (96%)]	loss=0.3736
2025-04-26T09:13:07Z INFO     Train Epoch: 4 [58880/60000 (98%)]	loss=0.4255
2025-04-26T09:13:08Z INFO     {metricName: accuracy, metricValue: 0.8066};{metricName: loss, metricValue: 0.5315}

Took total 59.19 seconds
Took after init_process_group 27.84 seconds

real	1m0.734s
user	0m59.422s
sys	0m16.051s
