Using CUDA
Using distributed PyTorch with nccl backend
2025-04-26T09:09:25Z INFO     Added key: store_based_barrier_key:1 to store for rank: 0
2025-04-26T09:09:25Z INFO     Rank 0: Completed store-based barrier for key:store_based_barrier_key:1 with 4 nodes.
Took 31.42 seconds
pytorch-mnist-master-0:7:7 [0] NCCL INFO Bootstrap : Using eth0:10.224.0.50<0>
pytorch-mnist-master-0:7:7 [0] NCCL INFO NET/Plugin : No plugin found (libnccl-net.so), using internal implementation
pytorch-mnist-master-0:7:7 [0] NCCL INFO NET/IB : Using [0]mlx5_0:1/IB ; OOB eth0:10.224.0.50<0>
pytorch-mnist-master-0:7:7 [0] NCCL INFO Using network IB
NCCL version 2.10.3+cuda10.2
pytorch-mnist-master-0:7:93 [0] NCCL INFO NET/IB : GPU Direct RDMA Disabled for HCA 0 'mlx5_0' (no module)
pytorch-mnist-master-0:7:93 [0] NCCL INFO NET/IB : GPU Direct RDMA Disabled for HCA 0 'mlx5_0' (no module)
pytorch-mnist-master-0:7:93 [0] NCCL INFO Channel 00/02 :    0   1   2   3
pytorch-mnist-master-0:7:93 [0] NCCL INFO Channel 01/02 :    0   1   2   3
pytorch-mnist-master-0:7:93 [0] NCCL INFO Trees [0] 2/-1/-1->0->-1 [1] -1/-1/-1->0->1
pytorch-mnist-master-0:7:93 [0] NCCL INFO Setting affinity for GPU 0 to 0fffff
pytorch-mnist-master-0:7:93 [0] NCCL INFO Channel 00 : 3[100000] -> 0[100000] [receive] via NET/IB/0
pytorch-mnist-master-0:7:93 [0] NCCL INFO Channel 01 : 3[100000] -> 0[100000] [receive] via NET/IB/0
pytorch-mnist-master-0:7:93 [0] NCCL INFO Channel 00 : 0[100000] -> 1[100000] [send] via NET/IB/0
pytorch-mnist-master-0:7:93 [0] NCCL INFO Channel 01 : 0[100000] -> 1[100000] [send] via NET/IB/0
pytorch-mnist-master-0:7:93 [0] NCCL INFO NET/IB: Dev 0 Port 1 qpn 309 mtu 5 LID 157
pytorch-mnist-master-0:7:93 [0] NCCL INFO NET/IB: Dev 0 Port 1 qpn 310 mtu 5 LID 157
pytorch-mnist-master-0:7:93 [0] NCCL INFO Connected all rings
pytorch-mnist-master-0:7:93 [0] NCCL INFO Channel 00 : 2[100000] -> 0[100000] [receive] via NET/IB/0
pytorch-mnist-master-0:7:93 [0] NCCL INFO Channel 00 : 0[100000] -> 2[100000] [send] via NET/IB/0
pytorch-mnist-master-0:7:93 [0] NCCL INFO NET/IB: Dev 0 Port 1 qpn 313 mtu 5 LID 157
pytorch-mnist-master-0:7:93 [0] NCCL INFO Channel 01 : 1[100000] -> 0[100000] [receive] via NET/IB/0
pytorch-mnist-master-0:7:93 [0] NCCL INFO Connected all trees
pytorch-mnist-master-0:7:93 [0] NCCL INFO threadThresholds 8/8/64 | 32/8/64 | 8/8/512
pytorch-mnist-master-0:7:93 [0] NCCL INFO 2 coll channels, 2 p2p channels, 1 p2p channels per peer
pytorch-mnist-master-0:7:93 [0] NCCL INFO comm 0x7f63300012d0 rank 0 nranks 4 cudaDev 0 busId 100000 - Init COMPLETE
pytorch-mnist-master-0:7:7 [0] NCCL INFO Launch mode Parallel
2025-04-26T09:09:29Z INFO     Train Epoch: 1 [0/60000 (0%)]	loss=2.3015
2025-04-26T09:09:29Z INFO     Reducer buckets have been rebuilt in this iteration.
2025-04-26T09:09:29Z INFO     Train Epoch: 1 [1280/60000 (2%)]	loss=2.2863
2025-04-26T09:09:29Z INFO     Train Epoch: 1 [2560/60000 (4%)]	loss=2.2854
2025-04-26T09:09:29Z INFO     Train Epoch: 1 [3840/60000 (6%)]	loss=2.2727
2025-04-26T09:09:29Z INFO     Train Epoch: 1 [5120/60000 (9%)]	loss=2.2693
2025-04-26T09:09:29Z INFO     Train Epoch: 1 [6400/60000 (11%)]	loss=2.2499
2025-04-26T09:09:29Z INFO     Train Epoch: 1 [7680/60000 (13%)]	loss=2.2421
2025-04-26T09:09:30Z INFO     Train Epoch: 1 [8960/60000 (15%)]	loss=2.2029
2025-04-26T09:09:30Z INFO     Train Epoch: 1 [10240/60000 (17%)]	loss=2.1878
2025-04-26T09:09:30Z INFO     Train Epoch: 1 [11520/60000 (19%)]	loss=2.1321
2025-04-26T09:09:30Z INFO     Train Epoch: 1 [12800/60000 (21%)]	loss=2.0497
2025-04-26T09:09:30Z INFO     Train Epoch: 1 [14080/60000 (23%)]	loss=1.9476
2025-04-26T09:09:30Z INFO     Train Epoch: 1 [15360/60000 (26%)]	loss=1.7655
2025-04-26T09:09:30Z INFO     Train Epoch: 1 [16640/60000 (28%)]	loss=1.5975
2025-04-26T09:09:30Z INFO     Train Epoch: 1 [17920/60000 (30%)]	loss=1.3735
2025-04-26T09:09:30Z INFO     Train Epoch: 1 [19200/60000 (32%)]	loss=1.3092
2025-04-26T09:09:31Z INFO     Train Epoch: 1 [20480/60000 (34%)]	loss=1.1858
2025-04-26T09:09:31Z INFO     Train Epoch: 1 [21760/60000 (36%)]	loss=1.0813
2025-04-26T09:09:31Z INFO     Train Epoch: 1 [23040/60000 (38%)]	loss=1.0569
2025-04-26T09:09:31Z INFO     Train Epoch: 1 [24320/60000 (41%)]	loss=1.0195
2025-04-26T09:09:31Z INFO     Train Epoch: 1 [25600/60000 (43%)]	loss=0.9025
2025-04-26T09:09:31Z INFO     Train Epoch: 1 [26880/60000 (45%)]	loss=1.0209
2025-04-26T09:09:31Z INFO     Train Epoch: 1 [28160/60000 (47%)]	loss=1.0538
2025-04-26T09:09:31Z INFO     Train Epoch: 1 [29440/60000 (49%)]	loss=0.9022
2025-04-26T09:09:31Z INFO     Train Epoch: 1 [30720/60000 (51%)]	loss=0.7924
2025-04-26T09:09:32Z INFO     Train Epoch: 1 [32000/60000 (53%)]	loss=1.1946
2025-04-26T09:09:32Z INFO     Train Epoch: 1 [33280/60000 (55%)]	loss=1.0275
2025-04-26T09:09:32Z INFO     Train Epoch: 1 [34560/60000 (58%)]	loss=0.9585
2025-04-26T09:09:32Z INFO     Train Epoch: 1 [35840/60000 (60%)]	loss=0.7882
2025-04-26T09:09:32Z INFO     Train Epoch: 1 [37120/60000 (62%)]	loss=0.9341
2025-04-26T09:09:32Z INFO     Train Epoch: 1 [38400/60000 (64%)]	loss=0.9520
2025-04-26T09:09:32Z INFO     Train Epoch: 1 [39680/60000 (66%)]	loss=0.8613
2025-04-26T09:09:32Z INFO     Train Epoch: 1 [40960/60000 (68%)]	loss=0.8093
2025-04-26T09:09:32Z INFO     Train Epoch: 1 [42240/60000 (70%)]	loss=0.8892
2025-04-26T09:09:33Z INFO     Train Epoch: 1 [43520/60000 (72%)]	loss=0.9435
2025-04-26T09:09:33Z INFO     Train Epoch: 1 [44800/60000 (75%)]	loss=0.9372
2025-04-26T09:09:33Z INFO     Train Epoch: 1 [46080/60000 (77%)]	loss=0.8248
2025-04-26T09:09:33Z INFO     Train Epoch: 1 [47360/60000 (79%)]	loss=0.7684
2025-04-26T09:09:33Z INFO     Train Epoch: 1 [48640/60000 (81%)]	loss=0.8705
2025-04-26T09:09:33Z INFO     Train Epoch: 1 [49920/60000 (83%)]	loss=0.8700
2025-04-26T09:09:33Z INFO     Train Epoch: 1 [51200/60000 (85%)]	loss=0.7855
2025-04-26T09:09:33Z INFO     Train Epoch: 1 [52480/60000 (87%)]	loss=0.6899
2025-04-26T09:09:33Z INFO     Train Epoch: 1 [53760/60000 (90%)]	loss=0.8081
2025-04-26T09:09:34Z INFO     Train Epoch: 1 [55040/60000 (92%)]	loss=0.8782
2025-04-26T09:09:34Z INFO     Train Epoch: 1 [56320/60000 (94%)]	loss=0.8600
2025-04-26T09:09:34Z INFO     Train Epoch: 1 [57600/60000 (96%)]	loss=0.9273
2025-04-26T09:09:34Z INFO     Train Epoch: 1 [58880/60000 (98%)]	loss=0.7691
2025-04-26T09:09:35Z INFO     {metricName: accuracy, metricValue: 0.6870};{metricName: loss, metricValue: 0.8289}

2025-04-26T09:09:35Z INFO     Train Epoch: 2 [0/60000 (0%)]	loss=0.7517
2025-04-26T09:09:35Z INFO     Train Epoch: 2 [1280/60000 (2%)]	loss=0.6793
2025-04-26T09:09:35Z INFO     Train Epoch: 2 [2560/60000 (4%)]	loss=0.7745
2025-04-26T09:09:35Z INFO     Train Epoch: 2 [3840/60000 (6%)]	loss=0.7720
2025-04-26T09:09:35Z INFO     Train Epoch: 2 [5120/60000 (9%)]	loss=0.7506
2025-04-26T09:09:35Z INFO     Train Epoch: 2 [6400/60000 (11%)]	loss=0.7429
2025-04-26T09:09:35Z INFO     Train Epoch: 2 [7680/60000 (13%)]	loss=0.7572
2025-04-26T09:09:36Z INFO     Train Epoch: 2 [8960/60000 (15%)]	loss=0.6602
2025-04-26T09:09:36Z INFO     Train Epoch: 2 [10240/60000 (17%)]	loss=0.7514
2025-04-26T09:09:36Z INFO     Train Epoch: 2 [11520/60000 (19%)]	loss=0.6046
2025-04-26T09:09:36Z INFO     Train Epoch: 2 [12800/60000 (21%)]	loss=0.7400
2025-04-26T09:09:36Z INFO     Train Epoch: 2 [14080/60000 (23%)]	loss=0.6993
2025-04-26T09:09:36Z INFO     Train Epoch: 2 [15360/60000 (26%)]	loss=0.7806
2025-04-26T09:09:36Z INFO     Train Epoch: 2 [16640/60000 (28%)]	loss=0.6436
2025-04-26T09:09:36Z INFO     Train Epoch: 2 [17920/60000 (30%)]	loss=0.7491
2025-04-26T09:09:36Z INFO     Train Epoch: 2 [19200/60000 (32%)]	loss=0.5675
2025-04-26T09:09:37Z INFO     Train Epoch: 2 [20480/60000 (34%)]	loss=0.7982
2025-04-26T09:09:37Z INFO     Train Epoch: 2 [21760/60000 (36%)]	loss=0.6854
2025-04-26T09:09:37Z INFO     Train Epoch: 2 [23040/60000 (38%)]	loss=0.6716
2025-04-26T09:09:37Z INFO     Train Epoch: 2 [24320/60000 (41%)]	loss=0.6476
2025-04-26T09:09:37Z INFO     Train Epoch: 2 [25600/60000 (43%)]	loss=0.6496
2025-04-26T09:09:37Z INFO     Train Epoch: 2 [26880/60000 (45%)]	loss=0.7622
2025-04-26T09:09:37Z INFO     Train Epoch: 2 [28160/60000 (47%)]	loss=0.5771
2025-04-26T09:09:37Z INFO     Train Epoch: 2 [29440/60000 (49%)]	loss=0.8767
2025-04-26T09:09:37Z INFO     Train Epoch: 2 [30720/60000 (51%)]	loss=0.6957
2025-04-26T09:09:38Z INFO     Train Epoch: 2 [32000/60000 (53%)]	loss=0.7679
2025-04-26T09:09:38Z INFO     Train Epoch: 2 [33280/60000 (55%)]	loss=0.6710
2025-04-26T09:09:38Z INFO     Train Epoch: 2 [34560/60000 (58%)]	loss=0.5760
2025-04-26T09:09:38Z INFO     Train Epoch: 2 [35840/60000 (60%)]	loss=0.5407
2025-04-26T09:09:38Z INFO     Train Epoch: 2 [37120/60000 (62%)]	loss=0.7489
2025-04-26T09:09:38Z INFO     Train Epoch: 2 [38400/60000 (64%)]	loss=0.6822
2025-04-26T09:09:38Z INFO     Train Epoch: 2 [39680/60000 (66%)]	loss=0.6222
2025-04-26T09:09:38Z INFO     Train Epoch: 2 [40960/60000 (68%)]	loss=0.7632
2025-04-26T09:09:38Z INFO     Train Epoch: 2 [42240/60000 (70%)]	loss=0.7593
2025-04-26T09:09:39Z INFO     Train Epoch: 2 [43520/60000 (72%)]	loss=0.5811
2025-04-26T09:09:39Z INFO     Train Epoch: 2 [44800/60000 (75%)]	loss=0.5771
2025-04-26T09:09:39Z INFO     Train Epoch: 2 [46080/60000 (77%)]	loss=0.6857
2025-04-26T09:09:39Z INFO     Train Epoch: 2 [47360/60000 (79%)]	loss=0.7652
2025-04-26T09:09:39Z INFO     Train Epoch: 2 [48640/60000 (81%)]	loss=0.5823
2025-04-26T09:09:39Z INFO     Train Epoch: 2 [49920/60000 (83%)]	loss=0.7003
2025-04-26T09:09:39Z INFO     Train Epoch: 2 [51200/60000 (85%)]	loss=0.8258
2025-04-26T09:09:39Z INFO     Train Epoch: 2 [52480/60000 (87%)]	loss=0.5801
2025-04-26T09:09:39Z INFO     Train Epoch: 2 [53760/60000 (90%)]	loss=0.5218
2025-04-26T09:09:40Z INFO     Train Epoch: 2 [55040/60000 (92%)]	loss=0.6883
2025-04-26T09:09:40Z INFO     Train Epoch: 2 [56320/60000 (94%)]	loss=0.7070
2025-04-26T09:09:40Z INFO     Train Epoch: 2 [57600/60000 (96%)]	loss=0.5110
2025-04-26T09:09:40Z INFO     Train Epoch: 2 [58880/60000 (98%)]	loss=0.5989
2025-04-26T09:09:41Z INFO     {metricName: accuracy, metricValue: 0.7608};{metricName: loss, metricValue: 0.6535}

2025-04-26T09:09:41Z INFO     Train Epoch: 3 [0/60000 (0%)]	loss=0.5439
2025-04-26T09:09:41Z INFO     Train Epoch: 3 [1280/60000 (2%)]	loss=0.6442
2025-04-26T09:09:41Z INFO     Train Epoch: 3 [2560/60000 (4%)]	loss=0.5534
2025-04-26T09:09:41Z INFO     Train Epoch: 3 [3840/60000 (6%)]	loss=0.5123
2025-04-26T09:09:41Z INFO     Train Epoch: 3 [5120/60000 (9%)]	loss=0.5642
2025-04-26T09:09:41Z INFO     Train Epoch: 3 [6400/60000 (11%)]	loss=0.6530
2025-04-26T09:09:42Z INFO     Train Epoch: 3 [7680/60000 (13%)]	loss=0.5272
2025-04-26T09:09:42Z INFO     Train Epoch: 3 [8960/60000 (15%)]	loss=0.6372
2025-04-26T09:09:42Z INFO     Train Epoch: 3 [10240/60000 (17%)]	loss=0.6502
2025-04-26T09:09:42Z INFO     Train Epoch: 3 [11520/60000 (19%)]	loss=0.4745
2025-04-26T09:09:42Z INFO     Train Epoch: 3 [12800/60000 (21%)]	loss=0.6918
2025-04-26T09:09:42Z INFO     Train Epoch: 3 [14080/60000 (23%)]	loss=0.6608
2025-04-26T09:09:42Z INFO     Train Epoch: 3 [15360/60000 (26%)]	loss=0.6990
2025-04-26T09:09:42Z INFO     Train Epoch: 3 [16640/60000 (28%)]	loss=0.5778
2025-04-26T09:09:42Z INFO     Train Epoch: 3 [17920/60000 (30%)]	loss=0.6525
2025-04-26T09:09:43Z INFO     Train Epoch: 3 [19200/60000 (32%)]	loss=0.6464
2025-04-26T09:09:43Z INFO     Train Epoch: 3 [20480/60000 (34%)]	loss=0.6259
2025-04-26T09:09:43Z INFO     Train Epoch: 3 [21760/60000 (36%)]	loss=0.4614
2025-04-26T09:09:43Z INFO     Train Epoch: 3 [23040/60000 (38%)]	loss=0.6993
2025-04-26T09:09:43Z INFO     Train Epoch: 3 [24320/60000 (41%)]	loss=0.6105
2025-04-26T09:09:43Z INFO     Train Epoch: 3 [25600/60000 (43%)]	loss=0.5668
2025-04-26T09:09:43Z INFO     Train Epoch: 3 [26880/60000 (45%)]	loss=0.5171
2025-04-26T09:09:43Z INFO     Train Epoch: 3 [28160/60000 (47%)]	loss=0.6807
2025-04-26T09:09:43Z INFO     Train Epoch: 3 [29440/60000 (49%)]	loss=0.6077
2025-04-26T09:09:44Z INFO     Train Epoch: 3 [30720/60000 (51%)]	loss=0.6053
2025-04-26T09:09:44Z INFO     Train Epoch: 3 [32000/60000 (53%)]	loss=0.6249
2025-04-26T09:09:44Z INFO     Train Epoch: 3 [33280/60000 (55%)]	loss=0.6742
2025-04-26T09:09:44Z INFO     Train Epoch: 3 [34560/60000 (58%)]	loss=0.5918
2025-04-26T09:09:44Z INFO     Train Epoch: 3 [35840/60000 (60%)]	loss=0.5737
2025-04-26T09:09:44Z INFO     Train Epoch: 3 [37120/60000 (62%)]	loss=0.5751
2025-04-26T09:09:44Z INFO     Train Epoch: 3 [38400/60000 (64%)]	loss=0.4594
2025-04-26T09:09:44Z INFO     Train Epoch: 3 [39680/60000 (66%)]	loss=0.5212
2025-04-26T09:09:44Z INFO     Train Epoch: 3 [40960/60000 (68%)]	loss=0.5729
2025-04-26T09:09:45Z INFO     Train Epoch: 3 [42240/60000 (70%)]	loss=0.5969
2025-04-26T09:09:45Z INFO     Train Epoch: 3 [43520/60000 (72%)]	loss=0.7324
2025-04-26T09:09:45Z INFO     Train Epoch: 3 [44800/60000 (75%)]	loss=0.5755
2025-04-26T09:09:45Z INFO     Train Epoch: 3 [46080/60000 (77%)]	loss=0.5905
2025-04-26T09:09:45Z INFO     Train Epoch: 3 [47360/60000 (79%)]	loss=0.5958
2025-04-26T09:09:45Z INFO     Train Epoch: 3 [48640/60000 (81%)]	loss=0.5153
2025-04-26T09:09:45Z INFO     Train Epoch: 3 [49920/60000 (83%)]	loss=0.6267
2025-04-26T09:09:45Z INFO     Train Epoch: 3 [51200/60000 (85%)]	loss=0.6643
2025-04-26T09:09:45Z INFO     Train Epoch: 3 [52480/60000 (87%)]	loss=0.6337
2025-04-26T09:09:46Z INFO     Train Epoch: 3 [53760/60000 (90%)]	loss=0.6290
2025-04-26T09:09:46Z INFO     Train Epoch: 3 [55040/60000 (92%)]	loss=0.6004
2025-04-26T09:09:46Z INFO     Train Epoch: 3 [56320/60000 (94%)]	loss=0.6398
2025-04-26T09:09:46Z INFO     Train Epoch: 3 [57600/60000 (96%)]	loss=0.5186
2025-04-26T09:09:46Z INFO     Train Epoch: 3 [58880/60000 (98%)]	loss=0.7659
2025-04-26T09:09:47Z INFO     {metricName: accuracy, metricValue: 0.7752};{metricName: loss, metricValue: 0.5947}

2025-04-26T09:09:47Z INFO     Train Epoch: 4 [0/60000 (0%)]	loss=0.6222
2025-04-26T09:09:47Z INFO     Train Epoch: 4 [1280/60000 (2%)]	loss=0.5164
2025-04-26T09:09:47Z INFO     Train Epoch: 4 [2560/60000 (4%)]	loss=0.4972
2025-04-26T09:09:47Z INFO     Train Epoch: 4 [3840/60000 (6%)]	loss=0.5826
2025-04-26T09:09:47Z INFO     Train Epoch: 4 [5120/60000 (9%)]	loss=0.5011
2025-04-26T09:09:47Z INFO     Train Epoch: 4 [6400/60000 (11%)]	loss=0.5471
2025-04-26T09:09:48Z INFO     Train Epoch: 4 [7680/60000 (13%)]	loss=0.6103
2025-04-26T09:09:48Z INFO     Train Epoch: 4 [8960/60000 (15%)]	loss=0.4802
2025-04-26T09:09:48Z INFO     Train Epoch: 4 [10240/60000 (17%)]	loss=0.6002
2025-04-26T09:09:48Z INFO     Train Epoch: 4 [11520/60000 (19%)]	loss=0.4612
2025-04-26T09:09:48Z INFO     Train Epoch: 4 [12800/60000 (21%)]	loss=0.5895
2025-04-26T09:09:48Z INFO     Train Epoch: 4 [14080/60000 (23%)]	loss=0.5853
2025-04-26T09:09:48Z INFO     Train Epoch: 4 [15360/60000 (26%)]	loss=0.6083
2025-04-26T09:09:48Z INFO     Train Epoch: 4 [16640/60000 (28%)]	loss=0.5983
2025-04-26T09:09:48Z INFO     Train Epoch: 4 [17920/60000 (30%)]	loss=0.5374
2025-04-26T09:09:49Z INFO     Train Epoch: 4 [19200/60000 (32%)]	loss=0.5690
2025-04-26T09:09:49Z INFO     Train Epoch: 4 [20480/60000 (34%)]	loss=0.4875
2025-04-26T09:09:49Z INFO     Train Epoch: 4 [21760/60000 (36%)]	loss=0.5477
2025-04-26T09:09:49Z INFO     Train Epoch: 4 [23040/60000 (38%)]	loss=0.6162
2025-04-26T09:09:49Z INFO     Train Epoch: 4 [24320/60000 (41%)]	loss=0.4899
2025-04-26T09:09:49Z INFO     Train Epoch: 4 [25600/60000 (43%)]	loss=0.5101
2025-04-26T09:09:49Z INFO     Train Epoch: 4 [26880/60000 (45%)]	loss=0.6008
2025-04-26T09:09:49Z INFO     Train Epoch: 4 [28160/60000 (47%)]	loss=0.4001
2025-04-26T09:09:49Z INFO     Train Epoch: 4 [29440/60000 (49%)]	loss=0.4861
2025-04-26T09:09:50Z INFO     Train Epoch: 4 [30720/60000 (51%)]	loss=0.5155
2025-04-26T09:09:50Z INFO     Train Epoch: 4 [32000/60000 (53%)]	loss=0.4831
2025-04-26T09:09:50Z INFO     Train Epoch: 4 [33280/60000 (55%)]	loss=0.5317
2025-04-26T09:09:50Z INFO     Train Epoch: 4 [34560/60000 (58%)]	loss=0.5405
2025-04-26T09:09:50Z INFO     Train Epoch: 4 [35840/60000 (60%)]	loss=0.4965
2025-04-26T09:09:50Z INFO     Train Epoch: 4 [37120/60000 (62%)]	loss=0.4530
2025-04-26T09:09:50Z INFO     Train Epoch: 4 [38400/60000 (64%)]	loss=0.5632
2025-04-26T09:09:50Z INFO     Train Epoch: 4 [39680/60000 (66%)]	loss=0.4877
2025-04-26T09:09:50Z INFO     Train Epoch: 4 [40960/60000 (68%)]	loss=0.5178
2025-04-26T09:09:51Z INFO     Train Epoch: 4 [42240/60000 (70%)]	loss=0.6566
2025-04-26T09:09:51Z INFO     Train Epoch: 4 [43520/60000 (72%)]	loss=0.5746
2025-04-26T09:09:51Z INFO     Train Epoch: 4 [44800/60000 (75%)]	loss=0.6396
2025-04-26T09:09:51Z INFO     Train Epoch: 4 [46080/60000 (77%)]	loss=0.5453
2025-04-26T09:09:51Z INFO     Train Epoch: 4 [47360/60000 (79%)]	loss=0.4509
2025-04-26T09:09:51Z INFO     Train Epoch: 4 [48640/60000 (81%)]	loss=0.4378
2025-04-26T09:09:51Z INFO     Train Epoch: 4 [49920/60000 (83%)]	loss=0.5648
2025-04-26T09:09:51Z INFO     Train Epoch: 4 [51200/60000 (85%)]	loss=0.5484
2025-04-26T09:09:51Z INFO     Train Epoch: 4 [52480/60000 (87%)]	loss=0.4786
2025-04-26T09:09:52Z INFO     Train Epoch: 4 [53760/60000 (90%)]	loss=0.4861
2025-04-26T09:09:52Z INFO     Train Epoch: 4 [55040/60000 (92%)]	loss=0.5670
2025-04-26T09:09:52Z INFO     Train Epoch: 4 [56320/60000 (94%)]	loss=0.4388
2025-04-26T09:09:52Z INFO     Train Epoch: 4 [57600/60000 (96%)]	loss=0.3732
2025-04-26T09:09:52Z INFO     Train Epoch: 4 [58880/60000 (98%)]	loss=0.4260
2025-04-26T09:09:53Z INFO     {metricName: accuracy, metricValue: 0.8072};{metricName: loss, metricValue: 0.5317}

Took total 59.12 seconds
Took after init_process_group 27.70 seconds

real	1m0.654s
user	0m35.351s
sys	0m8.072s
