Using CUDA
Using distributed PyTorch with nccl backend
2025-04-26T09:11:35Z INFO     Added key: store_based_barrier_key:1 to store for rank: 0
2025-04-26T09:11:35Z INFO     Rank 0: Completed store-based barrier for key:store_based_barrier_key:1 with 4 nodes.
Took 31.30 seconds
pytorch-mnist-master-0:7:7 [0] NCCL INFO Bootstrap : Using eth0:10.224.0.54<0>
pytorch-mnist-master-0:7:7 [0] NCCL INFO NET/Plugin : No plugin found (libnccl-net.so), using internal implementation
pytorch-mnist-master-0:7:7 [0] NCCL INFO NET/IB : Using [0]mlx5_0:1/IB ; OOB eth0:10.224.0.54<0>
pytorch-mnist-master-0:7:7 [0] NCCL INFO Using network IB
NCCL version 2.10.3+cuda10.2
pytorch-mnist-master-0:7:93 [0] NCCL INFO NET/IB : GPU Direct RDMA Disabled for HCA 0 'mlx5_0' (no module)
pytorch-mnist-master-0:7:93 [0] NCCL INFO NET/IB : GPU Direct RDMA Disabled for HCA 0 'mlx5_0' (no module)
pytorch-mnist-master-0:7:93 [0] NCCL INFO Channel 00/02 :    0   1   2   3
pytorch-mnist-master-0:7:93 [0] NCCL INFO Channel 01/02 :    0   1   2   3
pytorch-mnist-master-0:7:93 [0] NCCL INFO Trees [0] 2/-1/-1->0->-1 [1] -1/-1/-1->0->1
pytorch-mnist-master-0:7:93 [0] NCCL INFO Setting affinity for GPU 0 to 0fffff
pytorch-mnist-master-0:7:93 [0] NCCL INFO Channel 00 : 3[100000] -> 0[100000] [receive] via NET/IB/0
pytorch-mnist-master-0:7:93 [0] NCCL INFO Channel 01 : 3[100000] -> 0[100000] [receive] via NET/IB/0
pytorch-mnist-master-0:7:93 [0] NCCL INFO Channel 00 : 0[100000] -> 1[100000] [send] via NET/IB/0
pytorch-mnist-master-0:7:93 [0] NCCL INFO Channel 01 : 0[100000] -> 1[100000] [send] via NET/IB/0
pytorch-mnist-master-0:7:93 [0] NCCL INFO NET/IB: Dev 0 Port 1 qpn 323 mtu 5 LID 157
pytorch-mnist-master-0:7:93 [0] NCCL INFO NET/IB: Dev 0 Port 1 qpn 324 mtu 5 LID 157
pytorch-mnist-master-0:7:93 [0] NCCL INFO Connected all rings
pytorch-mnist-master-0:7:93 [0] NCCL INFO Channel 00 : 2[100000] -> 0[100000] [receive] via NET/IB/0
pytorch-mnist-master-0:7:93 [0] NCCL INFO Channel 00 : 0[100000] -> 2[100000] [send] via NET/IB/0
pytorch-mnist-master-0:7:93 [0] NCCL INFO NET/IB: Dev 0 Port 1 qpn 329 mtu 5 LID 157
pytorch-mnist-master-0:7:93 [0] NCCL INFO Channel 01 : 1[100000] -> 0[100000] [receive] via NET/IB/0
pytorch-mnist-master-0:7:93 [0] NCCL INFO Connected all trees
pytorch-mnist-master-0:7:93 [0] NCCL INFO threadThresholds 8/8/64 | 32/8/64 | 8/8/512
pytorch-mnist-master-0:7:93 [0] NCCL INFO 2 coll channels, 2 p2p channels, 1 p2p channels per peer
pytorch-mnist-master-0:7:93 [0] NCCL INFO comm 0x7f4ff40012d0 rank 0 nranks 4 cudaDev 0 busId 100000 - Init COMPLETE
pytorch-mnist-master-0:7:7 [0] NCCL INFO Launch mode Parallel
2025-04-26T09:11:39Z INFO     Train Epoch: 1 [0/60000 (0%)]	loss=2.3015
2025-04-26T09:11:39Z INFO     Reducer buckets have been rebuilt in this iteration.
2025-04-26T09:11:39Z INFO     Train Epoch: 1 [1280/60000 (2%)]	loss=2.2863
2025-04-26T09:11:39Z INFO     Train Epoch: 1 [2560/60000 (4%)]	loss=2.2854
2025-04-26T09:11:39Z INFO     Train Epoch: 1 [3840/60000 (6%)]	loss=2.2727
2025-04-26T09:11:39Z INFO     Train Epoch: 1 [5120/60000 (9%)]	loss=2.2693
2025-04-26T09:11:40Z INFO     Train Epoch: 1 [6400/60000 (11%)]	loss=2.2500
2025-04-26T09:11:40Z INFO     Train Epoch: 1 [7680/60000 (13%)]	loss=2.2421
2025-04-26T09:11:40Z INFO     Train Epoch: 1 [8960/60000 (15%)]	loss=2.2029
2025-04-26T09:11:40Z INFO     Train Epoch: 1 [10240/60000 (17%)]	loss=2.1878
2025-04-26T09:11:40Z INFO     Train Epoch: 1 [11520/60000 (19%)]	loss=2.1322
2025-04-26T09:11:40Z INFO     Train Epoch: 1 [12800/60000 (21%)]	loss=2.0496
2025-04-26T09:11:40Z INFO     Train Epoch: 1 [14080/60000 (23%)]	loss=1.9477
2025-04-26T09:11:40Z INFO     Train Epoch: 1 [15360/60000 (26%)]	loss=1.7655
2025-04-26T09:11:40Z INFO     Train Epoch: 1 [16640/60000 (28%)]	loss=1.5975
2025-04-26T09:11:41Z INFO     Train Epoch: 1 [17920/60000 (30%)]	loss=1.3735
2025-04-26T09:11:41Z INFO     Train Epoch: 1 [19200/60000 (32%)]	loss=1.3091
2025-04-26T09:11:41Z INFO     Train Epoch: 1 [20480/60000 (34%)]	loss=1.1871
2025-04-26T09:11:41Z INFO     Train Epoch: 1 [21760/60000 (36%)]	loss=1.0808
2025-04-26T09:11:41Z INFO     Train Epoch: 1 [23040/60000 (38%)]	loss=1.0570
2025-04-26T09:11:41Z INFO     Train Epoch: 1 [24320/60000 (41%)]	loss=1.0203
2025-04-26T09:11:41Z INFO     Train Epoch: 1 [25600/60000 (43%)]	loss=0.9024
2025-04-26T09:11:41Z INFO     Train Epoch: 1 [26880/60000 (45%)]	loss=1.0208
2025-04-26T09:11:41Z INFO     Train Epoch: 1 [28160/60000 (47%)]	loss=1.0547
2025-04-26T09:11:42Z INFO     Train Epoch: 1 [29440/60000 (49%)]	loss=0.9032
2025-04-26T09:11:42Z INFO     Train Epoch: 1 [30720/60000 (51%)]	loss=0.7918
2025-04-26T09:11:42Z INFO     Train Epoch: 1 [32000/60000 (53%)]	loss=1.1948
2025-04-26T09:11:42Z INFO     Train Epoch: 1 [33280/60000 (55%)]	loss=1.0270
2025-04-26T09:11:42Z INFO     Train Epoch: 1 [34560/60000 (58%)]	loss=0.9582
2025-04-26T09:11:42Z INFO     Train Epoch: 1 [35840/60000 (60%)]	loss=0.7886
2025-04-26T09:11:42Z INFO     Train Epoch: 1 [37120/60000 (62%)]	loss=0.9327
2025-04-26T09:11:42Z INFO     Train Epoch: 1 [38400/60000 (64%)]	loss=0.9521
2025-04-26T09:11:42Z INFO     Train Epoch: 1 [39680/60000 (66%)]	loss=0.8616
2025-04-26T09:11:43Z INFO     Train Epoch: 1 [40960/60000 (68%)]	loss=0.8086
2025-04-26T09:11:43Z INFO     Train Epoch: 1 [42240/60000 (70%)]	loss=0.8886
2025-04-26T09:11:43Z INFO     Train Epoch: 1 [43520/60000 (72%)]	loss=0.9437
2025-04-26T09:11:43Z INFO     Train Epoch: 1 [44800/60000 (75%)]	loss=0.9370
2025-04-26T09:11:43Z INFO     Train Epoch: 1 [46080/60000 (77%)]	loss=0.8245
2025-04-26T09:11:43Z INFO     Train Epoch: 1 [47360/60000 (79%)]	loss=0.7677
2025-04-26T09:11:43Z INFO     Train Epoch: 1 [48640/60000 (81%)]	loss=0.8698
2025-04-26T09:11:43Z INFO     Train Epoch: 1 [49920/60000 (83%)]	loss=0.8691
2025-04-26T09:11:43Z INFO     Train Epoch: 1 [51200/60000 (85%)]	loss=0.7850
2025-04-26T09:11:44Z INFO     Train Epoch: 1 [52480/60000 (87%)]	loss=0.6909
2025-04-26T09:11:44Z INFO     Train Epoch: 1 [53760/60000 (90%)]	loss=0.8086
2025-04-26T09:11:44Z INFO     Train Epoch: 1 [55040/60000 (92%)]	loss=0.8796
2025-04-26T09:11:44Z INFO     Train Epoch: 1 [56320/60000 (94%)]	loss=0.8611
2025-04-26T09:11:44Z INFO     Train Epoch: 1 [57600/60000 (96%)]	loss=0.9273
2025-04-26T09:11:44Z INFO     Train Epoch: 1 [58880/60000 (98%)]	loss=0.7716
2025-04-26T09:11:45Z INFO     {metricName: accuracy, metricValue: 0.6877};{metricName: loss, metricValue: 0.8287}

2025-04-26T09:11:45Z INFO     Train Epoch: 2 [0/60000 (0%)]	loss=0.7513
2025-04-26T09:11:45Z INFO     Train Epoch: 2 [1280/60000 (2%)]	loss=0.6789
2025-04-26T09:11:45Z INFO     Train Epoch: 2 [2560/60000 (4%)]	loss=0.7743
2025-04-26T09:11:45Z INFO     Train Epoch: 2 [3840/60000 (6%)]	loss=0.7710
2025-04-26T09:11:45Z INFO     Train Epoch: 2 [5120/60000 (9%)]	loss=0.7510
2025-04-26T09:11:46Z INFO     Train Epoch: 2 [6400/60000 (11%)]	loss=0.7427
2025-04-26T09:11:46Z INFO     Train Epoch: 2 [7680/60000 (13%)]	loss=0.7571
2025-04-26T09:11:46Z INFO     Train Epoch: 2 [8960/60000 (15%)]	loss=0.6593
2025-04-26T09:11:46Z INFO     Train Epoch: 2 [10240/60000 (17%)]	loss=0.7515
2025-04-26T09:11:46Z INFO     Train Epoch: 2 [11520/60000 (19%)]	loss=0.6035
2025-04-26T09:11:46Z INFO     Train Epoch: 2 [12800/60000 (21%)]	loss=0.7410
2025-04-26T09:11:46Z INFO     Train Epoch: 2 [14080/60000 (23%)]	loss=0.6992
2025-04-26T09:11:46Z INFO     Train Epoch: 2 [15360/60000 (26%)]	loss=0.7807
2025-04-26T09:11:46Z INFO     Train Epoch: 2 [16640/60000 (28%)]	loss=0.6453
2025-04-26T09:11:47Z INFO     Train Epoch: 2 [17920/60000 (30%)]	loss=0.7503
2025-04-26T09:11:47Z INFO     Train Epoch: 2 [19200/60000 (32%)]	loss=0.5678
2025-04-26T09:11:47Z INFO     Train Epoch: 2 [20480/60000 (34%)]	loss=0.7983
2025-04-26T09:11:47Z INFO     Train Epoch: 2 [21760/60000 (36%)]	loss=0.6860
2025-04-26T09:11:47Z INFO     Train Epoch: 2 [23040/60000 (38%)]	loss=0.6721
2025-04-26T09:11:47Z INFO     Train Epoch: 2 [24320/60000 (41%)]	loss=0.6475
2025-04-26T09:11:47Z INFO     Train Epoch: 2 [25600/60000 (43%)]	loss=0.6493
2025-04-26T09:11:47Z INFO     Train Epoch: 2 [26880/60000 (45%)]	loss=0.7605
2025-04-26T09:11:47Z INFO     Train Epoch: 2 [28160/60000 (47%)]	loss=0.5771
2025-04-26T09:11:48Z INFO     Train Epoch: 2 [29440/60000 (49%)]	loss=0.8763
2025-04-26T09:11:48Z INFO     Train Epoch: 2 [30720/60000 (51%)]	loss=0.6949
2025-04-26T09:11:48Z INFO     Train Epoch: 2 [32000/60000 (53%)]	loss=0.7682
2025-04-26T09:11:48Z INFO     Train Epoch: 2 [33280/60000 (55%)]	loss=0.6711
2025-04-26T09:11:48Z INFO     Train Epoch: 2 [34560/60000 (58%)]	loss=0.5751
2025-04-26T09:11:48Z INFO     Train Epoch: 2 [35840/60000 (60%)]	loss=0.5408
2025-04-26T09:11:48Z INFO     Train Epoch: 2 [37120/60000 (62%)]	loss=0.7471
2025-04-26T09:11:48Z INFO     Train Epoch: 2 [38400/60000 (64%)]	loss=0.6819
2025-04-26T09:11:48Z INFO     Train Epoch: 2 [39680/60000 (66%)]	loss=0.6221
2025-04-26T09:11:49Z INFO     Train Epoch: 2 [40960/60000 (68%)]	loss=0.7631
2025-04-26T09:11:49Z INFO     Train Epoch: 2 [42240/60000 (70%)]	loss=0.7588
2025-04-26T09:11:49Z INFO     Train Epoch: 2 [43520/60000 (72%)]	loss=0.5807
2025-04-26T09:11:49Z INFO     Train Epoch: 2 [44800/60000 (75%)]	loss=0.5781
2025-04-26T09:11:49Z INFO     Train Epoch: 2 [46080/60000 (77%)]	loss=0.6861
2025-04-26T09:11:49Z INFO     Train Epoch: 2 [47360/60000 (79%)]	loss=0.7659
2025-04-26T09:11:49Z INFO     Train Epoch: 2 [48640/60000 (81%)]	loss=0.5822
2025-04-26T09:11:49Z INFO     Train Epoch: 2 [49920/60000 (83%)]	loss=0.6996
2025-04-26T09:11:49Z INFO     Train Epoch: 2 [51200/60000 (85%)]	loss=0.8262
2025-04-26T09:11:50Z INFO     Train Epoch: 2 [52480/60000 (87%)]	loss=0.5799
2025-04-26T09:11:50Z INFO     Train Epoch: 2 [53760/60000 (90%)]	loss=0.5218
2025-04-26T09:11:50Z INFO     Train Epoch: 2 [55040/60000 (92%)]	loss=0.6886
2025-04-26T09:11:50Z INFO     Train Epoch: 2 [56320/60000 (94%)]	loss=0.7086
2025-04-26T09:11:50Z INFO     Train Epoch: 2 [57600/60000 (96%)]	loss=0.5106
2025-04-26T09:11:50Z INFO     Train Epoch: 2 [58880/60000 (98%)]	loss=0.5992
2025-04-26T09:11:51Z INFO     {metricName: accuracy, metricValue: 0.7615};{metricName: loss, metricValue: 0.6528}

2025-04-26T09:11:51Z INFO     Train Epoch: 3 [0/60000 (0%)]	loss=0.5433
2025-04-26T09:11:51Z INFO     Train Epoch: 3 [1280/60000 (2%)]	loss=0.6465
2025-04-26T09:11:51Z INFO     Train Epoch: 3 [2560/60000 (4%)]	loss=0.5529
2025-04-26T09:11:51Z INFO     Train Epoch: 3 [3840/60000 (6%)]	loss=0.5111
2025-04-26T09:11:52Z INFO     Train Epoch: 3 [5120/60000 (9%)]	loss=0.5627
2025-04-26T09:11:52Z INFO     Train Epoch: 3 [6400/60000 (11%)]	loss=0.6513
2025-04-26T09:11:52Z INFO     Train Epoch: 3 [7680/60000 (13%)]	loss=0.5260
2025-04-26T09:11:52Z INFO     Train Epoch: 3 [8960/60000 (15%)]	loss=0.6368
2025-04-26T09:11:52Z INFO     Train Epoch: 3 [10240/60000 (17%)]	loss=0.6489
2025-04-26T09:11:52Z INFO     Train Epoch: 3 [11520/60000 (19%)]	loss=0.4751
2025-04-26T09:11:52Z INFO     Train Epoch: 3 [12800/60000 (21%)]	loss=0.6904
2025-04-26T09:11:52Z INFO     Train Epoch: 3 [14080/60000 (23%)]	loss=0.6600
2025-04-26T09:11:52Z INFO     Train Epoch: 3 [15360/60000 (26%)]	loss=0.6986
2025-04-26T09:11:52Z INFO     Train Epoch: 3 [16640/60000 (28%)]	loss=0.5763
2025-04-26T09:11:53Z INFO     Train Epoch: 3 [17920/60000 (30%)]	loss=0.6526
2025-04-26T09:11:53Z INFO     Train Epoch: 3 [19200/60000 (32%)]	loss=0.6474
2025-04-26T09:11:53Z INFO     Train Epoch: 3 [20480/60000 (34%)]	loss=0.6261
2025-04-26T09:11:53Z INFO     Train Epoch: 3 [21760/60000 (36%)]	loss=0.4608
2025-04-26T09:11:53Z INFO     Train Epoch: 3 [23040/60000 (38%)]	loss=0.7016
2025-04-26T09:11:53Z INFO     Train Epoch: 3 [24320/60000 (41%)]	loss=0.6104
2025-04-26T09:11:53Z INFO     Train Epoch: 3 [25600/60000 (43%)]	loss=0.5657
2025-04-26T09:11:53Z INFO     Train Epoch: 3 [26880/60000 (45%)]	loss=0.5166
2025-04-26T09:11:53Z INFO     Train Epoch: 3 [28160/60000 (47%)]	loss=0.6815
2025-04-26T09:11:54Z INFO     Train Epoch: 3 [29440/60000 (49%)]	loss=0.6084
2025-04-26T09:11:54Z INFO     Train Epoch: 3 [30720/60000 (51%)]	loss=0.6043
2025-04-26T09:11:54Z INFO     Train Epoch: 3 [32000/60000 (53%)]	loss=0.6236
2025-04-26T09:11:54Z INFO     Train Epoch: 3 [33280/60000 (55%)]	loss=0.6742
2025-04-26T09:11:54Z INFO     Train Epoch: 3 [34560/60000 (58%)]	loss=0.5908
2025-04-26T09:11:54Z INFO     Train Epoch: 3 [35840/60000 (60%)]	loss=0.5683
2025-04-26T09:11:54Z INFO     Train Epoch: 3 [37120/60000 (62%)]	loss=0.5758
2025-04-26T09:11:54Z INFO     Train Epoch: 3 [38400/60000 (64%)]	loss=0.4589
2025-04-26T09:11:54Z INFO     Train Epoch: 3 [39680/60000 (66%)]	loss=0.5210
2025-04-26T09:11:55Z INFO     Train Epoch: 3 [40960/60000 (68%)]	loss=0.5733
2025-04-26T09:11:55Z INFO     Train Epoch: 3 [42240/60000 (70%)]	loss=0.5961
2025-04-26T09:11:55Z INFO     Train Epoch: 3 [43520/60000 (72%)]	loss=0.7329
2025-04-26T09:11:55Z INFO     Train Epoch: 3 [44800/60000 (75%)]	loss=0.5764
2025-04-26T09:11:55Z INFO     Train Epoch: 3 [46080/60000 (77%)]	loss=0.5874
2025-04-26T09:11:55Z INFO     Train Epoch: 3 [47360/60000 (79%)]	loss=0.5947
2025-04-26T09:11:55Z INFO     Train Epoch: 3 [48640/60000 (81%)]	loss=0.5148
2025-04-26T09:11:55Z INFO     Train Epoch: 3 [49920/60000 (83%)]	loss=0.6286
2025-04-26T09:11:55Z INFO     Train Epoch: 3 [51200/60000 (85%)]	loss=0.6652
2025-04-26T09:11:56Z INFO     Train Epoch: 3 [52480/60000 (87%)]	loss=0.6340
2025-04-26T09:11:56Z INFO     Train Epoch: 3 [53760/60000 (90%)]	loss=0.6296
2025-04-26T09:11:56Z INFO     Train Epoch: 3 [55040/60000 (92%)]	loss=0.6000
2025-04-26T09:11:56Z INFO     Train Epoch: 3 [56320/60000 (94%)]	loss=0.6386
2025-04-26T09:11:56Z INFO     Train Epoch: 3 [57600/60000 (96%)]	loss=0.5194
2025-04-26T09:11:56Z INFO     Train Epoch: 3 [58880/60000 (98%)]	loss=0.7667
2025-04-26T09:11:57Z INFO     {metricName: accuracy, metricValue: 0.7755};{metricName: loss, metricValue: 0.5953}

2025-04-26T09:11:57Z INFO     Train Epoch: 4 [0/60000 (0%)]	loss=0.6222
2025-04-26T09:11:57Z INFO     Train Epoch: 4 [1280/60000 (2%)]	loss=0.5145
2025-04-26T09:11:57Z INFO     Train Epoch: 4 [2560/60000 (4%)]	loss=0.4981
2025-04-26T09:11:57Z INFO     Train Epoch: 4 [3840/60000 (6%)]	loss=0.5821
2025-04-26T09:11:58Z INFO     Train Epoch: 4 [5120/60000 (9%)]	loss=0.4997
2025-04-26T09:11:58Z INFO     Train Epoch: 4 [6400/60000 (11%)]	loss=0.5480
2025-04-26T09:11:58Z INFO     Train Epoch: 4 [7680/60000 (13%)]	loss=0.6091
2025-04-26T09:11:58Z INFO     Train Epoch: 4 [8960/60000 (15%)]	loss=0.4792
2025-04-26T09:11:58Z INFO     Train Epoch: 4 [10240/60000 (17%)]	loss=0.5998
2025-04-26T09:11:58Z INFO     Train Epoch: 4 [11520/60000 (19%)]	loss=0.4610
2025-04-26T09:11:58Z INFO     Train Epoch: 4 [12800/60000 (21%)]	loss=0.5884
2025-04-26T09:11:58Z INFO     Train Epoch: 4 [14080/60000 (23%)]	loss=0.5867
2025-04-26T09:11:58Z INFO     Train Epoch: 4 [15360/60000 (26%)]	loss=0.6083
2025-04-26T09:11:59Z INFO     Train Epoch: 4 [16640/60000 (28%)]	loss=0.5983
2025-04-26T09:11:59Z INFO     Train Epoch: 4 [17920/60000 (30%)]	loss=0.5363
2025-04-26T09:11:59Z INFO     Train Epoch: 4 [19200/60000 (32%)]	loss=0.5684
2025-04-26T09:11:59Z INFO     Train Epoch: 4 [20480/60000 (34%)]	loss=0.4877
2025-04-26T09:11:59Z INFO     Train Epoch: 4 [21760/60000 (36%)]	loss=0.5487
2025-04-26T09:11:59Z INFO     Train Epoch: 4 [23040/60000 (38%)]	loss=0.6167
2025-04-26T09:11:59Z INFO     Train Epoch: 4 [24320/60000 (41%)]	loss=0.4899
2025-04-26T09:11:59Z INFO     Train Epoch: 4 [25600/60000 (43%)]	loss=0.5087
2025-04-26T09:11:59Z INFO     Train Epoch: 4 [26880/60000 (45%)]	loss=0.6030
2025-04-26T09:12:00Z INFO     Train Epoch: 4 [28160/60000 (47%)]	loss=0.4009
2025-04-26T09:12:00Z INFO     Train Epoch: 4 [29440/60000 (49%)]	loss=0.4878
2025-04-26T09:12:00Z INFO     Train Epoch: 4 [30720/60000 (51%)]	loss=0.5134
2025-04-26T09:12:00Z INFO     Train Epoch: 4 [32000/60000 (53%)]	loss=0.4826
2025-04-26T09:12:00Z INFO     Train Epoch: 4 [33280/60000 (55%)]	loss=0.5318
2025-04-26T09:12:00Z INFO     Train Epoch: 4 [34560/60000 (58%)]	loss=0.5397
2025-04-26T09:12:00Z INFO     Train Epoch: 4 [35840/60000 (60%)]	loss=0.4965
2025-04-26T09:12:00Z INFO     Train Epoch: 4 [37120/60000 (62%)]	loss=0.4530
2025-04-26T09:12:00Z INFO     Train Epoch: 4 [38400/60000 (64%)]	loss=0.5630
2025-04-26T09:12:01Z INFO     Train Epoch: 4 [39680/60000 (66%)]	loss=0.4883
2025-04-26T09:12:01Z INFO     Train Epoch: 4 [40960/60000 (68%)]	loss=0.5166
2025-04-26T09:12:01Z INFO     Train Epoch: 4 [42240/60000 (70%)]	loss=0.6507
2025-04-26T09:12:01Z INFO     Train Epoch: 4 [43520/60000 (72%)]	loss=0.5745
2025-04-26T09:12:01Z INFO     Train Epoch: 4 [44800/60000 (75%)]	loss=0.6373
2025-04-26T09:12:01Z INFO     Train Epoch: 4 [46080/60000 (77%)]	loss=0.5458
2025-04-26T09:12:01Z INFO     Train Epoch: 4 [47360/60000 (79%)]	loss=0.4488
2025-04-26T09:12:01Z INFO     Train Epoch: 4 [48640/60000 (81%)]	loss=0.4358
2025-04-26T09:12:01Z INFO     Train Epoch: 4 [49920/60000 (83%)]	loss=0.5653
2025-04-26T09:12:02Z INFO     Train Epoch: 4 [51200/60000 (85%)]	loss=0.5487
2025-04-26T09:12:02Z INFO     Train Epoch: 4 [52480/60000 (87%)]	loss=0.4775
2025-04-26T09:12:02Z INFO     Train Epoch: 4 [53760/60000 (90%)]	loss=0.4862
2025-04-26T09:12:02Z INFO     Train Epoch: 4 [55040/60000 (92%)]	loss=0.5658
2025-04-26T09:12:02Z INFO     Train Epoch: 4 [56320/60000 (94%)]	loss=0.4381
2025-04-26T09:12:02Z INFO     Train Epoch: 4 [57600/60000 (96%)]	loss=0.3733
2025-04-26T09:12:02Z INFO     Train Epoch: 4 [58880/60000 (98%)]	loss=0.4254
2025-04-26T09:12:03Z INFO     {metricName: accuracy, metricValue: 0.8079};{metricName: loss, metricValue: 0.5310}

Took total 58.99 seconds
Took after init_process_group 27.69 seconds

real	1m0.509s
user	0m45.319s
sys	0m11.614s
