Using CUDA
Using distributed PyTorch with nccl backend
2025-04-25T17:31:12Z INFO     Added key: store_based_barrier_key:1 to store for rank: 0
2025-04-25T17:31:12Z INFO     Rank 0: Completed store-based barrier for key:store_based_barrier_key:1 with 4 nodes.
Took 7.30 seconds
pytorch-mnist-master-0:38:38 [0] NCCL INFO Bootstrap : Using eth0:10.244.0.20<0>
pytorch-mnist-master-0:38:38 [0] NCCL INFO NET/Plugin : No plugin found (libnccl-net.so), using internal implementation
pytorch-mnist-master-0:38:38 [0] NCCL INFO NET/IB : Using [0]mlx5_0:1/IB ; OOB eth0:10.244.0.20<0>
pytorch-mnist-master-0:38:38 [0] NCCL INFO Using network IB
NCCL version 2.10.3+cuda10.2
pytorch-mnist-master-0:38:124 [0] NCCL INFO NET/IB : GPU Direct RDMA Disabled for HCA 0 'mlx5_0' (no module)
pytorch-mnist-master-0:38:124 [0] NCCL INFO NET/IB : GPU Direct RDMA Disabled for HCA 0 'mlx5_0' (no module)
pytorch-mnist-master-0:38:124 [0] NCCL INFO Channel 00/02 :    0   1   2   3
pytorch-mnist-master-0:38:124 [0] NCCL INFO Channel 01/02 :    0   1   2   3
pytorch-mnist-master-0:38:124 [0] NCCL INFO Trees [0] 2/-1/-1->0->-1 [1] -1/-1/-1->0->1
pytorch-mnist-master-0:38:124 [0] NCCL INFO Setting affinity for GPU 0 to 0fffff
pytorch-mnist-master-0:38:124 [0] NCCL INFO Channel 00 : 3[100000] -> 0[100000] [receive] via NET/IB/0
pytorch-mnist-master-0:38:124 [0] NCCL INFO Channel 01 : 3[100000] -> 0[100000] [receive] via NET/IB/0
pytorch-mnist-master-0:38:124 [0] NCCL INFO Channel 00 : 0[100000] -> 1[100000] [send] via NET/IB/0
pytorch-mnist-master-0:38:124 [0] NCCL INFO Channel 01 : 0[100000] -> 1[100000] [send] via NET/IB/0
pytorch-mnist-master-0:38:124 [0] NCCL INFO NET/IB: Dev 0 Port 1 qpn 345 mtu 5 LID 146
pytorch-mnist-master-0:38:124 [0] NCCL INFO NET/IB: Dev 0 Port 1 qpn 346 mtu 5 LID 146
pytorch-mnist-master-0:38:124 [0] NCCL INFO Connected all rings
pytorch-mnist-master-0:38:124 [0] NCCL INFO Channel 00 : 2[100000] -> 0[100000] [receive] via NET/IB/0
pytorch-mnist-master-0:38:124 [0] NCCL INFO Channel 00 : 0[100000] -> 2[100000] [send] via NET/IB/0
pytorch-mnist-master-0:38:124 [0] NCCL INFO NET/IB: Dev 0 Port 1 qpn 349 mtu 5 LID 146
pytorch-mnist-master-0:38:124 [0] NCCL INFO Channel 01 : 1[100000] -> 0[100000] [receive] via NET/IB/0
pytorch-mnist-master-0:38:124 [0] NCCL INFO Connected all trees
pytorch-mnist-master-0:38:124 [0] NCCL INFO threadThresholds 8/8/64 | 32/8/64 | 8/8/512
pytorch-mnist-master-0:38:124 [0] NCCL INFO 2 coll channels, 2 p2p channels, 1 p2p channels per peer
pytorch-mnist-master-0:38:124 [0] NCCL INFO comm 0x71b858001360 rank 0 nranks 4 cudaDev 0 busId 100000 - Init COMPLETE
pytorch-mnist-master-0:38:38 [0] NCCL INFO Launch mode Parallel
2025-04-25T17:31:16Z INFO     Train Epoch: 1 [0/60000 (0%)]	loss=2.3015
2025-04-25T17:31:16Z INFO     Reducer buckets have been rebuilt in this iteration.
2025-04-25T17:31:16Z INFO     Train Epoch: 1 [1280/60000 (2%)]	loss=2.2863
2025-04-25T17:31:16Z INFO     Train Epoch: 1 [2560/60000 (4%)]	loss=2.2854
2025-04-25T17:31:17Z INFO     Train Epoch: 1 [3840/60000 (6%)]	loss=2.2727
2025-04-25T17:31:17Z INFO     Train Epoch: 1 [5120/60000 (9%)]	loss=2.2693
2025-04-25T17:31:17Z INFO     Train Epoch: 1 [6400/60000 (11%)]	loss=2.2499
2025-04-25T17:31:17Z INFO     Train Epoch: 1 [7680/60000 (13%)]	loss=2.2421
2025-04-25T17:31:17Z INFO     Train Epoch: 1 [8960/60000 (15%)]	loss=2.2029
2025-04-25T17:31:17Z INFO     Train Epoch: 1 [10240/60000 (17%)]	loss=2.1878
2025-04-25T17:31:17Z INFO     Train Epoch: 1 [11520/60000 (19%)]	loss=2.1322
2025-04-25T17:31:17Z INFO     Train Epoch: 1 [12800/60000 (21%)]	loss=2.0497
2025-04-25T17:31:17Z INFO     Train Epoch: 1 [14080/60000 (23%)]	loss=1.9477
2025-04-25T17:31:18Z INFO     Train Epoch: 1 [15360/60000 (26%)]	loss=1.7656
2025-04-25T17:31:18Z INFO     Train Epoch: 1 [16640/60000 (28%)]	loss=1.5977
2025-04-25T17:31:18Z INFO     Train Epoch: 1 [17920/60000 (30%)]	loss=1.3735
2025-04-25T17:31:18Z INFO     Train Epoch: 1 [19200/60000 (32%)]	loss=1.3091
2025-04-25T17:31:18Z INFO     Train Epoch: 1 [20480/60000 (34%)]	loss=1.1873
2025-04-25T17:31:18Z INFO     Train Epoch: 1 [21760/60000 (36%)]	loss=1.0810
2025-04-25T17:31:18Z INFO     Train Epoch: 1 [23040/60000 (38%)]	loss=1.0568
2025-04-25T17:31:18Z INFO     Train Epoch: 1 [24320/60000 (41%)]	loss=1.0194
2025-04-25T17:31:18Z INFO     Train Epoch: 1 [25600/60000 (43%)]	loss=0.9026
2025-04-25T17:31:19Z INFO     Train Epoch: 1 [26880/60000 (45%)]	loss=1.0213
2025-04-25T17:31:19Z INFO     Train Epoch: 1 [28160/60000 (47%)]	loss=1.0538
2025-04-25T17:31:19Z INFO     Train Epoch: 1 [29440/60000 (49%)]	loss=0.9025
2025-04-25T17:31:19Z INFO     Train Epoch: 1 [30720/60000 (51%)]	loss=0.7914
2025-04-25T17:31:19Z INFO     Train Epoch: 1 [32000/60000 (53%)]	loss=1.1951
2025-04-25T17:31:19Z INFO     Train Epoch: 1 [33280/60000 (55%)]	loss=1.0275
2025-04-25T17:31:19Z INFO     Train Epoch: 1 [34560/60000 (58%)]	loss=0.9581
2025-04-25T17:31:19Z INFO     Train Epoch: 1 [35840/60000 (60%)]	loss=0.7885
2025-04-25T17:31:19Z INFO     Train Epoch: 1 [37120/60000 (62%)]	loss=0.9330
2025-04-25T17:31:20Z INFO     Train Epoch: 1 [38400/60000 (64%)]	loss=0.9524
2025-04-25T17:31:20Z INFO     Train Epoch: 1 [39680/60000 (66%)]	loss=0.8623
2025-04-25T17:31:20Z INFO     Train Epoch: 1 [40960/60000 (68%)]	loss=0.8096
2025-04-25T17:31:20Z INFO     Train Epoch: 1 [42240/60000 (70%)]	loss=0.8866
2025-04-25T17:31:20Z INFO     Train Epoch: 1 [43520/60000 (72%)]	loss=0.9453
2025-04-25T17:31:20Z INFO     Train Epoch: 1 [44800/60000 (75%)]	loss=0.9371
2025-04-25T17:31:20Z INFO     Train Epoch: 1 [46080/60000 (77%)]	loss=0.8243
2025-04-25T17:31:20Z INFO     Train Epoch: 1 [47360/60000 (79%)]	loss=0.7684
2025-04-25T17:31:20Z INFO     Train Epoch: 1 [48640/60000 (81%)]	loss=0.8709
2025-04-25T17:31:21Z INFO     Train Epoch: 1 [49920/60000 (83%)]	loss=0.8698
2025-04-25T17:31:21Z INFO     Train Epoch: 1 [51200/60000 (85%)]	loss=0.7813
2025-04-25T17:31:21Z INFO     Train Epoch: 1 [52480/60000 (87%)]	loss=0.6895
2025-04-25T17:31:21Z INFO     Train Epoch: 1 [53760/60000 (90%)]	loss=0.8093
2025-04-25T17:31:21Z INFO     Train Epoch: 1 [55040/60000 (92%)]	loss=0.8784
2025-04-25T17:31:21Z INFO     Train Epoch: 1 [56320/60000 (94%)]	loss=0.8593
2025-04-25T17:31:21Z INFO     Train Epoch: 1 [57600/60000 (96%)]	loss=0.9271
2025-04-25T17:31:21Z INFO     Train Epoch: 1 [58880/60000 (98%)]	loss=0.7722
2025-04-25T17:31:22Z INFO     {metricName: accuracy, metricValue: 0.6880};{metricName: loss, metricValue: 0.8273}

2025-04-25T17:31:22Z INFO     Train Epoch: 2 [0/60000 (0%)]	loss=0.7492
2025-04-25T17:31:22Z INFO     Train Epoch: 2 [1280/60000 (2%)]	loss=0.6791
2025-04-25T17:31:23Z INFO     Train Epoch: 2 [2560/60000 (4%)]	loss=0.7747
2025-04-25T17:31:23Z INFO     Train Epoch: 2 [3840/60000 (6%)]	loss=0.7718
2025-04-25T17:31:23Z INFO     Train Epoch: 2 [5120/60000 (9%)]	loss=0.7503
2025-04-25T17:31:23Z INFO     Train Epoch: 2 [6400/60000 (11%)]	loss=0.7426
2025-04-25T17:31:23Z INFO     Train Epoch: 2 [7680/60000 (13%)]	loss=0.7579
2025-04-25T17:31:23Z INFO     Train Epoch: 2 [8960/60000 (15%)]	loss=0.6585
2025-04-25T17:31:23Z INFO     Train Epoch: 2 [10240/60000 (17%)]	loss=0.7521
2025-04-25T17:31:23Z INFO     Train Epoch: 2 [11520/60000 (19%)]	loss=0.6049
2025-04-25T17:31:24Z INFO     Train Epoch: 2 [12800/60000 (21%)]	loss=0.7406
2025-04-25T17:31:24Z INFO     Train Epoch: 2 [14080/60000 (23%)]	loss=0.6990
2025-04-25T17:31:24Z INFO     Train Epoch: 2 [15360/60000 (26%)]	loss=0.7813
2025-04-25T17:31:24Z INFO     Train Epoch: 2 [16640/60000 (28%)]	loss=0.6448
2025-04-25T17:31:24Z INFO     Train Epoch: 2 [17920/60000 (30%)]	loss=0.7496
2025-04-25T17:31:24Z INFO     Train Epoch: 2 [19200/60000 (32%)]	loss=0.5675
2025-04-25T17:31:24Z INFO     Train Epoch: 2 [20480/60000 (34%)]	loss=0.7972
2025-04-25T17:31:24Z INFO     Train Epoch: 2 [21760/60000 (36%)]	loss=0.6857
2025-04-25T17:31:24Z INFO     Train Epoch: 2 [23040/60000 (38%)]	loss=0.6715
2025-04-25T17:31:25Z INFO     Train Epoch: 2 [24320/60000 (41%)]	loss=0.6471
2025-04-25T17:31:25Z INFO     Train Epoch: 2 [25600/60000 (43%)]	loss=0.6488
2025-04-25T17:31:25Z INFO     Train Epoch: 2 [26880/60000 (45%)]	loss=0.7622
2025-04-25T17:31:25Z INFO     Train Epoch: 2 [28160/60000 (47%)]	loss=0.5775
2025-04-25T17:31:25Z INFO     Train Epoch: 2 [29440/60000 (49%)]	loss=0.8752
2025-04-25T17:31:25Z INFO     Train Epoch: 2 [30720/60000 (51%)]	loss=0.6946
2025-04-25T17:31:25Z INFO     Train Epoch: 2 [32000/60000 (53%)]	loss=0.7681
2025-04-25T17:31:25Z INFO     Train Epoch: 2 [33280/60000 (55%)]	loss=0.6696
2025-04-25T17:31:25Z INFO     Train Epoch: 2 [34560/60000 (58%)]	loss=0.5765
2025-04-25T17:31:26Z INFO     Train Epoch: 2 [35840/60000 (60%)]	loss=0.5411
2025-04-25T17:31:26Z INFO     Train Epoch: 2 [37120/60000 (62%)]	loss=0.7473
2025-04-25T17:31:26Z INFO     Train Epoch: 2 [38400/60000 (64%)]	loss=0.6812
2025-04-25T17:31:26Z INFO     Train Epoch: 2 [39680/60000 (66%)]	loss=0.6219
2025-04-25T17:31:26Z INFO     Train Epoch: 2 [40960/60000 (68%)]	loss=0.7620
2025-04-25T17:31:26Z INFO     Train Epoch: 2 [42240/60000 (70%)]	loss=0.7597
2025-04-25T17:31:26Z INFO     Train Epoch: 2 [43520/60000 (72%)]	loss=0.5802
2025-04-25T17:31:26Z INFO     Train Epoch: 2 [44800/60000 (75%)]	loss=0.5780
2025-04-25T17:31:26Z INFO     Train Epoch: 2 [46080/60000 (77%)]	loss=0.6858
2025-04-25T17:31:27Z INFO     Train Epoch: 2 [47360/60000 (79%)]	loss=0.7642
2025-04-25T17:31:27Z INFO     Train Epoch: 2 [48640/60000 (81%)]	loss=0.5827
2025-04-25T17:31:27Z INFO     Train Epoch: 2 [49920/60000 (83%)]	loss=0.7003
2025-04-25T17:31:27Z INFO     Train Epoch: 2 [51200/60000 (85%)]	loss=0.8265
2025-04-25T17:31:27Z INFO     Train Epoch: 2 [52480/60000 (87%)]	loss=0.5804
2025-04-25T17:31:27Z INFO     Train Epoch: 2 [53760/60000 (90%)]	loss=0.5219
2025-04-25T17:31:27Z INFO     Train Epoch: 2 [55040/60000 (92%)]	loss=0.6881
2025-04-25T17:31:27Z INFO     Train Epoch: 2 [56320/60000 (94%)]	loss=0.7076
2025-04-25T17:31:27Z INFO     Train Epoch: 2 [57600/60000 (96%)]	loss=0.5107
2025-04-25T17:31:28Z INFO     Train Epoch: 2 [58880/60000 (98%)]	loss=0.5993
2025-04-25T17:31:29Z INFO     {metricName: accuracy, metricValue: 0.7610};{metricName: loss, metricValue: 0.6529}

2025-04-25T17:31:29Z INFO     Train Epoch: 3 [0/60000 (0%)]	loss=0.5433
2025-04-25T17:31:29Z INFO     Train Epoch: 3 [1280/60000 (2%)]	loss=0.6462
2025-04-25T17:31:29Z INFO     Train Epoch: 3 [2560/60000 (4%)]	loss=0.5541
2025-04-25T17:31:29Z INFO     Train Epoch: 3 [3840/60000 (6%)]	loss=0.5127
2025-04-25T17:31:29Z INFO     Train Epoch: 3 [5120/60000 (9%)]	loss=0.5636
2025-04-25T17:31:29Z INFO     Train Epoch: 3 [6400/60000 (11%)]	loss=0.6527
2025-04-25T17:31:29Z INFO     Train Epoch: 3 [7680/60000 (13%)]	loss=0.5267
2025-04-25T17:31:29Z INFO     Train Epoch: 3 [8960/60000 (15%)]	loss=0.6366
2025-04-25T17:31:29Z INFO     Train Epoch: 3 [10240/60000 (17%)]	loss=0.6488
2025-04-25T17:31:30Z INFO     Train Epoch: 3 [11520/60000 (19%)]	loss=0.4758
2025-04-25T17:31:30Z INFO     Train Epoch: 3 [12800/60000 (21%)]	loss=0.6905
2025-04-25T17:31:30Z INFO     Train Epoch: 3 [14080/60000 (23%)]	loss=0.6603
2025-04-25T17:31:30Z INFO     Train Epoch: 3 [15360/60000 (26%)]	loss=0.6997
2025-04-25T17:31:30Z INFO     Train Epoch: 3 [16640/60000 (28%)]	loss=0.5775
2025-04-25T17:31:30Z INFO     Train Epoch: 3 [17920/60000 (30%)]	loss=0.6519
2025-04-25T17:31:30Z INFO     Train Epoch: 3 [19200/60000 (32%)]	loss=0.6480
2025-04-25T17:31:30Z INFO     Train Epoch: 3 [20480/60000 (34%)]	loss=0.6268
2025-04-25T17:31:30Z INFO     Train Epoch: 3 [21760/60000 (36%)]	loss=0.4620
2025-04-25T17:31:31Z INFO     Train Epoch: 3 [23040/60000 (38%)]	loss=0.6997
2025-04-25T17:31:31Z INFO     Train Epoch: 3 [24320/60000 (41%)]	loss=0.6106
2025-04-25T17:31:31Z INFO     Train Epoch: 3 [25600/60000 (43%)]	loss=0.5661
2025-04-25T17:31:31Z INFO     Train Epoch: 3 [26880/60000 (45%)]	loss=0.5155
2025-04-25T17:31:31Z INFO     Train Epoch: 3 [28160/60000 (47%)]	loss=0.6826
2025-04-25T17:31:31Z INFO     Train Epoch: 3 [29440/60000 (49%)]	loss=0.6097
2025-04-25T17:31:31Z INFO     Train Epoch: 3 [30720/60000 (51%)]	loss=0.6062
2025-04-25T17:31:31Z INFO     Train Epoch: 3 [32000/60000 (53%)]	loss=0.6237
2025-04-25T17:31:32Z INFO     Train Epoch: 3 [33280/60000 (55%)]	loss=0.6748
2025-04-25T17:31:32Z INFO     Train Epoch: 3 [34560/60000 (58%)]	loss=0.5923
2025-04-25T17:31:32Z INFO     Train Epoch: 3 [35840/60000 (60%)]	loss=0.5695
2025-04-25T17:31:32Z INFO     Train Epoch: 3 [37120/60000 (62%)]	loss=0.5756
2025-04-25T17:31:32Z INFO     Train Epoch: 3 [38400/60000 (64%)]	loss=0.4607
2025-04-25T17:31:32Z INFO     Train Epoch: 3 [39680/60000 (66%)]	loss=0.5217
2025-04-25T17:31:32Z INFO     Train Epoch: 3 [40960/60000 (68%)]	loss=0.5724
2025-04-25T17:31:32Z INFO     Train Epoch: 3 [42240/60000 (70%)]	loss=0.5970
2025-04-25T17:31:32Z INFO     Train Epoch: 3 [43520/60000 (72%)]	loss=0.7331
2025-04-25T17:31:33Z INFO     Train Epoch: 3 [44800/60000 (75%)]	loss=0.5763
2025-04-25T17:31:33Z INFO     Train Epoch: 3 [46080/60000 (77%)]	loss=0.5904
2025-04-25T17:31:33Z INFO     Train Epoch: 3 [47360/60000 (79%)]	loss=0.5971
2025-04-25T17:31:33Z INFO     Train Epoch: 3 [48640/60000 (81%)]	loss=0.5159
2025-04-25T17:31:33Z INFO     Train Epoch: 3 [49920/60000 (83%)]	loss=0.6271
2025-04-25T17:31:33Z INFO     Train Epoch: 3 [51200/60000 (85%)]	loss=0.6653
2025-04-25T17:31:33Z INFO     Train Epoch: 3 [52480/60000 (87%)]	loss=0.6333
2025-04-25T17:31:33Z INFO     Train Epoch: 3 [53760/60000 (90%)]	loss=0.6296
2025-04-25T17:31:33Z INFO     Train Epoch: 3 [55040/60000 (92%)]	loss=0.6008
2025-04-25T17:31:34Z INFO     Train Epoch: 3 [56320/60000 (94%)]	loss=0.6394
2025-04-25T17:31:34Z INFO     Train Epoch: 3 [57600/60000 (96%)]	loss=0.5190
2025-04-25T17:31:34Z INFO     Train Epoch: 3 [58880/60000 (98%)]	loss=0.7674
2025-04-25T17:31:35Z INFO     {metricName: accuracy, metricValue: 0.7756};{metricName: loss, metricValue: 0.5947}

2025-04-25T17:31:35Z INFO     Train Epoch: 4 [0/60000 (0%)]	loss=0.6210
2025-04-25T17:31:35Z INFO     Train Epoch: 4 [1280/60000 (2%)]	loss=0.5156
2025-04-25T17:31:35Z INFO     Train Epoch: 4 [2560/60000 (4%)]	loss=0.4975
2025-04-25T17:31:35Z INFO     Train Epoch: 4 [3840/60000 (6%)]	loss=0.5831
2025-04-25T17:31:35Z INFO     Train Epoch: 4 [5120/60000 (9%)]	loss=0.5012
2025-04-25T17:31:35Z INFO     Train Epoch: 4 [6400/60000 (11%)]	loss=0.5475
2025-04-25T17:31:35Z INFO     Train Epoch: 4 [7680/60000 (13%)]	loss=0.6095
2025-04-25T17:31:36Z INFO     Train Epoch: 4 [8960/60000 (15%)]	loss=0.4801
2025-04-25T17:31:36Z INFO     Train Epoch: 4 [10240/60000 (17%)]	loss=0.6004
2025-04-25T17:31:36Z INFO     Train Epoch: 4 [11520/60000 (19%)]	loss=0.4618
2025-04-25T17:31:36Z INFO     Train Epoch: 4 [12800/60000 (21%)]	loss=0.5893
2025-04-25T17:31:36Z INFO     Train Epoch: 4 [14080/60000 (23%)]	loss=0.5856
2025-04-25T17:31:36Z INFO     Train Epoch: 4 [15360/60000 (26%)]	loss=0.6075
2025-04-25T17:31:36Z INFO     Train Epoch: 4 [16640/60000 (28%)]	loss=0.5976
2025-04-25T17:31:36Z INFO     Train Epoch: 4 [17920/60000 (30%)]	loss=0.5369
2025-04-25T17:31:36Z INFO     Train Epoch: 4 [19200/60000 (32%)]	loss=0.5686
2025-04-25T17:31:37Z INFO     Train Epoch: 4 [20480/60000 (34%)]	loss=0.4869
2025-04-25T17:31:37Z INFO     Train Epoch: 4 [21760/60000 (36%)]	loss=0.5490
2025-04-25T17:31:37Z INFO     Train Epoch: 4 [23040/60000 (38%)]	loss=0.6176
2025-04-25T17:31:37Z INFO     Train Epoch: 4 [24320/60000 (41%)]	loss=0.4903
2025-04-25T17:31:37Z INFO     Train Epoch: 4 [25600/60000 (43%)]	loss=0.5083
2025-04-25T17:31:37Z INFO     Train Epoch: 4 [26880/60000 (45%)]	loss=0.6026
2025-04-25T17:31:37Z INFO     Train Epoch: 4 [28160/60000 (47%)]	loss=0.4021
2025-04-25T17:31:37Z INFO     Train Epoch: 4 [29440/60000 (49%)]	loss=0.4865
2025-04-25T17:31:37Z INFO     Train Epoch: 4 [30720/60000 (51%)]	loss=0.5149
2025-04-25T17:31:38Z INFO     Train Epoch: 4 [32000/60000 (53%)]	loss=0.4846
2025-04-25T17:31:38Z INFO     Train Epoch: 4 [33280/60000 (55%)]	loss=0.5323
2025-04-25T17:31:38Z INFO     Train Epoch: 4 [34560/60000 (58%)]	loss=0.5394
2025-04-25T17:31:38Z INFO     Train Epoch: 4 [35840/60000 (60%)]	loss=0.4967
2025-04-25T17:31:38Z INFO     Train Epoch: 4 [37120/60000 (62%)]	loss=0.4533
2025-04-25T17:31:38Z INFO     Train Epoch: 4 [38400/60000 (64%)]	loss=0.5652
2025-04-25T17:31:38Z INFO     Train Epoch: 4 [39680/60000 (66%)]	loss=0.4894
2025-04-25T17:31:38Z INFO     Train Epoch: 4 [40960/60000 (68%)]	loss=0.5175
2025-04-25T17:31:38Z INFO     Train Epoch: 4 [42240/60000 (70%)]	loss=0.6519
2025-04-25T17:31:39Z INFO     Train Epoch: 4 [43520/60000 (72%)]	loss=0.5723
2025-04-25T17:31:39Z INFO     Train Epoch: 4 [44800/60000 (75%)]	loss=0.6390
2025-04-25T17:31:39Z INFO     Train Epoch: 4 [46080/60000 (77%)]	loss=0.5453
2025-04-25T17:31:39Z INFO     Train Epoch: 4 [47360/60000 (79%)]	loss=0.4493
2025-04-25T17:31:39Z INFO     Train Epoch: 4 [48640/60000 (81%)]	loss=0.4371
2025-04-25T17:31:39Z INFO     Train Epoch: 4 [49920/60000 (83%)]	loss=0.5652
2025-04-25T17:31:39Z INFO     Train Epoch: 4 [51200/60000 (85%)]	loss=0.5478
2025-04-25T17:31:39Z INFO     Train Epoch: 4 [52480/60000 (87%)]	loss=0.4786
2025-04-25T17:31:40Z INFO     Train Epoch: 4 [53760/60000 (90%)]	loss=0.4857
2025-04-25T17:31:40Z INFO     Train Epoch: 4 [55040/60000 (92%)]	loss=0.5659
2025-04-25T17:31:40Z INFO     Train Epoch: 4 [56320/60000 (94%)]	loss=0.4385
2025-04-25T17:31:40Z INFO     Train Epoch: 4 [57600/60000 (96%)]	loss=0.3738
2025-04-25T17:31:40Z INFO     Train Epoch: 4 [58880/60000 (98%)]	loss=0.4260
2025-04-25T17:31:41Z INFO     {metricName: accuracy, metricValue: 0.8076};{metricName: loss, metricValue: 0.5316}

Took total 35.71 seconds
Took after init_process_group 28.41 seconds

real	0m36.846s
user	0m58.100s
sys	0m17.536s
