Using CUDA
Using distributed PyTorch with nccl backend
2025-04-25T17:33:33Z INFO     Added key: store_based_barrier_key:1 to store for rank: 0
2025-04-25T17:33:33Z INFO     Rank 0: Completed store-based barrier for key:store_based_barrier_key:1 with 4 nodes.
Took 2.58 seconds
pytorch-mnist-master-0:38:38 [0] NCCL INFO Bootstrap : Using eth0:10.244.2.35<0>
pytorch-mnist-master-0:38:38 [0] NCCL INFO NET/Plugin : No plugin found (libnccl-net.so), using internal implementation
pytorch-mnist-master-0:38:38 [0] NCCL INFO NET/IB : Using [0]mlx5_0:1/IB ; OOB eth0:10.244.2.35<0>
pytorch-mnist-master-0:38:38 [0] NCCL INFO Using network IB
NCCL version 2.10.3+cuda10.2
pytorch-mnist-master-0:38:124 [0] NCCL INFO NET/IB : GPU Direct RDMA Disabled for HCA 0 'mlx5_0' (no module)
pytorch-mnist-master-0:38:124 [0] NCCL INFO NET/IB : GPU Direct RDMA Disabled for HCA 0 'mlx5_0' (no module)
pytorch-mnist-master-0:38:124 [0] NCCL INFO Channel 00/02 :    0   1   2   3
pytorch-mnist-master-0:38:124 [0] NCCL INFO Channel 01/02 :    0   1   2   3
pytorch-mnist-master-0:38:124 [0] NCCL INFO Trees [0] 2/-1/-1->0->-1 [1] -1/-1/-1->0->1
pytorch-mnist-master-0:38:124 [0] NCCL INFO Setting affinity for GPU 0 to 0fffff
pytorch-mnist-master-0:38:124 [0] NCCL INFO Channel 00 : 3[100000] -> 0[100000] [receive] via NET/IB/0
pytorch-mnist-master-0:38:124 [0] NCCL INFO Channel 01 : 3[100000] -> 0[100000] [receive] via NET/IB/0
pytorch-mnist-master-0:38:124 [0] NCCL INFO Channel 00 : 0[100000] -> 1[100000] [send] via NET/IB/0
pytorch-mnist-master-0:38:124 [0] NCCL INFO Channel 01 : 0[100000] -> 1[100000] [send] via NET/IB/0
pytorch-mnist-master-0:38:124 [0] NCCL INFO NET/IB: Dev 0 Port 1 qpn 356 mtu 5 LID 153
pytorch-mnist-master-0:38:124 [0] NCCL INFO NET/IB: Dev 0 Port 1 qpn 357 mtu 5 LID 153
pytorch-mnist-master-0:38:124 [0] NCCL INFO Connected all rings
pytorch-mnist-master-0:38:124 [0] NCCL INFO Channel 00 : 2[100000] -> 0[100000] [receive] via NET/IB/0
pytorch-mnist-master-0:38:124 [0] NCCL INFO Channel 00 : 0[100000] -> 2[100000] [send] via NET/IB/0
pytorch-mnist-master-0:38:124 [0] NCCL INFO NET/IB: Dev 0 Port 1 qpn 370 mtu 5 LID 153
pytorch-mnist-master-0:38:124 [0] NCCL INFO Channel 01 : 1[100000] -> 0[100000] [receive] via NET/IB/0
pytorch-mnist-master-0:38:124 [0] NCCL INFO Connected all trees
pytorch-mnist-master-0:38:124 [0] NCCL INFO threadThresholds 8/8/64 | 32/8/64 | 8/8/512
pytorch-mnist-master-0:38:124 [0] NCCL INFO 2 coll channels, 2 p2p channels, 1 p2p channels per peer
pytorch-mnist-master-0:38:124 [0] NCCL INFO comm 0x724ebc001360 rank 0 nranks 4 cudaDev 0 busId 100000 - Init COMPLETE
pytorch-mnist-master-0:38:38 [0] NCCL INFO Launch mode Parallel
2025-04-25T17:33:36Z INFO     Train Epoch: 1 [0/60000 (0%)]	loss=2.3015
2025-04-25T17:33:36Z INFO     Reducer buckets have been rebuilt in this iteration.
2025-04-25T17:33:37Z INFO     Train Epoch: 1 [1280/60000 (2%)]	loss=2.2863
2025-04-25T17:33:37Z INFO     Train Epoch: 1 [2560/60000 (4%)]	loss=2.2854
2025-04-25T17:33:37Z INFO     Train Epoch: 1 [3840/60000 (6%)]	loss=2.2727
2025-04-25T17:33:37Z INFO     Train Epoch: 1 [5120/60000 (9%)]	loss=2.2693
2025-04-25T17:33:37Z INFO     Train Epoch: 1 [6400/60000 (11%)]	loss=2.2499
2025-04-25T17:33:37Z INFO     Train Epoch: 1 [7680/60000 (13%)]	loss=2.2420
2025-04-25T17:33:37Z INFO     Train Epoch: 1 [8960/60000 (15%)]	loss=2.2029
2025-04-25T17:33:37Z INFO     Train Epoch: 1 [10240/60000 (17%)]	loss=2.1878
2025-04-25T17:33:37Z INFO     Train Epoch: 1 [11520/60000 (19%)]	loss=2.1322
2025-04-25T17:33:38Z INFO     Train Epoch: 1 [12800/60000 (21%)]	loss=2.0497
2025-04-25T17:33:38Z INFO     Train Epoch: 1 [14080/60000 (23%)]	loss=1.9478
2025-04-25T17:33:38Z INFO     Train Epoch: 1 [15360/60000 (26%)]	loss=1.7656
2025-04-25T17:33:38Z INFO     Train Epoch: 1 [16640/60000 (28%)]	loss=1.5976
2025-04-25T17:33:38Z INFO     Train Epoch: 1 [17920/60000 (30%)]	loss=1.3735
2025-04-25T17:33:38Z INFO     Train Epoch: 1 [19200/60000 (32%)]	loss=1.3093
2025-04-25T17:33:38Z INFO     Train Epoch: 1 [20480/60000 (34%)]	loss=1.1852
2025-04-25T17:33:38Z INFO     Train Epoch: 1 [21760/60000 (36%)]	loss=1.0812
2025-04-25T17:33:39Z INFO     Train Epoch: 1 [23040/60000 (38%)]	loss=1.0570
2025-04-25T17:33:39Z INFO     Train Epoch: 1 [24320/60000 (41%)]	loss=1.0199
2025-04-25T17:33:39Z INFO     Train Epoch: 1 [25600/60000 (43%)]	loss=0.9028
2025-04-25T17:33:39Z INFO     Train Epoch: 1 [26880/60000 (45%)]	loss=1.0213
2025-04-25T17:33:39Z INFO     Train Epoch: 1 [28160/60000 (47%)]	loss=1.0537
2025-04-25T17:33:39Z INFO     Train Epoch: 1 [29440/60000 (49%)]	loss=0.9025
2025-04-25T17:33:39Z INFO     Train Epoch: 1 [30720/60000 (51%)]	loss=0.7914
2025-04-25T17:33:39Z INFO     Train Epoch: 1 [32000/60000 (53%)]	loss=1.1955
2025-04-25T17:33:39Z INFO     Train Epoch: 1 [33280/60000 (55%)]	loss=1.0272
2025-04-25T17:33:40Z INFO     Train Epoch: 1 [34560/60000 (58%)]	loss=0.9579
2025-04-25T17:33:40Z INFO     Train Epoch: 1 [35840/60000 (60%)]	loss=0.7864
2025-04-25T17:33:40Z INFO     Train Epoch: 1 [37120/60000 (62%)]	loss=0.9335
2025-04-25T17:33:40Z INFO     Train Epoch: 1 [38400/60000 (64%)]	loss=0.9519
2025-04-25T17:33:40Z INFO     Train Epoch: 1 [39680/60000 (66%)]	loss=0.8626
2025-04-25T17:33:40Z INFO     Train Epoch: 1 [40960/60000 (68%)]	loss=0.8087
2025-04-25T17:33:40Z INFO     Train Epoch: 1 [42240/60000 (70%)]	loss=0.8875
2025-04-25T17:33:40Z INFO     Train Epoch: 1 [43520/60000 (72%)]	loss=0.9459
2025-04-25T17:33:40Z INFO     Train Epoch: 1 [44800/60000 (75%)]	loss=0.9367
2025-04-25T17:33:41Z INFO     Train Epoch: 1 [46080/60000 (77%)]	loss=0.8243
2025-04-25T17:33:41Z INFO     Train Epoch: 1 [47360/60000 (79%)]	loss=0.7685
2025-04-25T17:33:41Z INFO     Train Epoch: 1 [48640/60000 (81%)]	loss=0.8692
2025-04-25T17:33:41Z INFO     Train Epoch: 1 [49920/60000 (83%)]	loss=0.8687
2025-04-25T17:33:41Z INFO     Train Epoch: 1 [51200/60000 (85%)]	loss=0.7868
2025-04-25T17:33:41Z INFO     Train Epoch: 1 [52480/60000 (87%)]	loss=0.6906
2025-04-25T17:33:41Z INFO     Train Epoch: 1 [53760/60000 (90%)]	loss=0.8085
2025-04-25T17:33:41Z INFO     Train Epoch: 1 [55040/60000 (92%)]	loss=0.8803
2025-04-25T17:33:41Z INFO     Train Epoch: 1 [56320/60000 (94%)]	loss=0.8593
2025-04-25T17:33:42Z INFO     Train Epoch: 1 [57600/60000 (96%)]	loss=0.9285
2025-04-25T17:33:42Z INFO     Train Epoch: 1 [58880/60000 (98%)]	loss=0.7703
2025-04-25T17:33:43Z INFO     {metricName: accuracy, metricValue: 0.6871};{metricName: loss, metricValue: 0.8298}

2025-04-25T17:33:43Z INFO     Train Epoch: 2 [0/60000 (0%)]	loss=0.7531
2025-04-25T17:33:43Z INFO     Train Epoch: 2 [1280/60000 (2%)]	loss=0.6791
2025-04-25T17:33:43Z INFO     Train Epoch: 2 [2560/60000 (4%)]	loss=0.7738
2025-04-25T17:33:43Z INFO     Train Epoch: 2 [3840/60000 (6%)]	loss=0.7723
2025-04-25T17:33:43Z INFO     Train Epoch: 2 [5120/60000 (9%)]	loss=0.7504
2025-04-25T17:33:43Z INFO     Train Epoch: 2 [6400/60000 (11%)]	loss=0.7417
2025-04-25T17:33:43Z INFO     Train Epoch: 2 [7680/60000 (13%)]	loss=0.7569
2025-04-25T17:33:44Z INFO     Train Epoch: 2 [8960/60000 (15%)]	loss=0.6585
2025-04-25T17:33:44Z INFO     Train Epoch: 2 [10240/60000 (17%)]	loss=0.7528
2025-04-25T17:33:44Z INFO     Train Epoch: 2 [11520/60000 (19%)]	loss=0.6046
2025-04-25T17:33:44Z INFO     Train Epoch: 2 [12800/60000 (21%)]	loss=0.7416
2025-04-25T17:33:44Z INFO     Train Epoch: 2 [14080/60000 (23%)]	loss=0.6995
2025-04-25T17:33:44Z INFO     Train Epoch: 2 [15360/60000 (26%)]	loss=0.7797
2025-04-25T17:33:44Z INFO     Train Epoch: 2 [16640/60000 (28%)]	loss=0.6446
2025-04-25T17:33:44Z INFO     Train Epoch: 2 [17920/60000 (30%)]	loss=0.7501
2025-04-25T17:33:44Z INFO     Train Epoch: 2 [19200/60000 (32%)]	loss=0.5679
2025-04-25T17:33:45Z INFO     Train Epoch: 2 [20480/60000 (34%)]	loss=0.7978
2025-04-25T17:33:45Z INFO     Train Epoch: 2 [21760/60000 (36%)]	loss=0.6858
2025-04-25T17:33:45Z INFO     Train Epoch: 2 [23040/60000 (38%)]	loss=0.6718
2025-04-25T17:33:45Z INFO     Train Epoch: 2 [24320/60000 (41%)]	loss=0.6482
2025-04-25T17:33:45Z INFO     Train Epoch: 2 [25600/60000 (43%)]	loss=0.6492
2025-04-25T17:33:45Z INFO     Train Epoch: 2 [26880/60000 (45%)]	loss=0.7619
2025-04-25T17:33:45Z INFO     Train Epoch: 2 [28160/60000 (47%)]	loss=0.5773
2025-04-25T17:33:45Z INFO     Train Epoch: 2 [29440/60000 (49%)]	loss=0.8775
2025-04-25T17:33:45Z INFO     Train Epoch: 2 [30720/60000 (51%)]	loss=0.6954
2025-04-25T17:33:46Z INFO     Train Epoch: 2 [32000/60000 (53%)]	loss=0.7682
2025-04-25T17:33:46Z INFO     Train Epoch: 2 [33280/60000 (55%)]	loss=0.6695
2025-04-25T17:33:46Z INFO     Train Epoch: 2 [34560/60000 (58%)]	loss=0.5767
2025-04-25T17:33:46Z INFO     Train Epoch: 2 [35840/60000 (60%)]	loss=0.5413
2025-04-25T17:33:46Z INFO     Train Epoch: 2 [37120/60000 (62%)]	loss=0.7477
2025-04-25T17:33:46Z INFO     Train Epoch: 2 [38400/60000 (64%)]	loss=0.6811
2025-04-25T17:33:46Z INFO     Train Epoch: 2 [39680/60000 (66%)]	loss=0.6236
2025-04-25T17:33:46Z INFO     Train Epoch: 2 [40960/60000 (68%)]	loss=0.7626
2025-04-25T17:33:47Z INFO     Train Epoch: 2 [42240/60000 (70%)]	loss=0.7590
2025-04-25T17:33:47Z INFO     Train Epoch: 2 [43520/60000 (72%)]	loss=0.5806
2025-04-25T17:33:47Z INFO     Train Epoch: 2 [44800/60000 (75%)]	loss=0.5780
2025-04-25T17:33:47Z INFO     Train Epoch: 2 [46080/60000 (77%)]	loss=0.6865
2025-04-25T17:33:47Z INFO     Train Epoch: 2 [47360/60000 (79%)]	loss=0.7645
2025-04-25T17:33:47Z INFO     Train Epoch: 2 [48640/60000 (81%)]	loss=0.5819
2025-04-25T17:33:47Z INFO     Train Epoch: 2 [49920/60000 (83%)]	loss=0.6968
2025-04-25T17:33:47Z INFO     Train Epoch: 2 [51200/60000 (85%)]	loss=0.8274
2025-04-25T17:33:47Z INFO     Train Epoch: 2 [52480/60000 (87%)]	loss=0.5804
2025-04-25T17:33:48Z INFO     Train Epoch: 2 [53760/60000 (90%)]	loss=0.5217
2025-04-25T17:33:48Z INFO     Train Epoch: 2 [55040/60000 (92%)]	loss=0.6888
2025-04-25T17:33:48Z INFO     Train Epoch: 2 [56320/60000 (94%)]	loss=0.7082
2025-04-25T17:33:48Z INFO     Train Epoch: 2 [57600/60000 (96%)]	loss=0.5108
2025-04-25T17:33:48Z INFO     Train Epoch: 2 [58880/60000 (98%)]	loss=0.6006
2025-04-25T17:33:49Z INFO     {metricName: accuracy, metricValue: 0.7606};{metricName: loss, metricValue: 0.6532}

2025-04-25T17:33:49Z INFO     Train Epoch: 3 [0/60000 (0%)]	loss=0.5441
2025-04-25T17:33:49Z INFO     Train Epoch: 3 [1280/60000 (2%)]	loss=0.6450
2025-04-25T17:33:49Z INFO     Train Epoch: 3 [2560/60000 (4%)]	loss=0.5521
2025-04-25T17:33:49Z INFO     Train Epoch: 3 [3840/60000 (6%)]	loss=0.5123
2025-04-25T17:33:49Z INFO     Train Epoch: 3 [5120/60000 (9%)]	loss=0.5639
2025-04-25T17:33:50Z INFO     Train Epoch: 3 [6400/60000 (11%)]	loss=0.6518
2025-04-25T17:33:50Z INFO     Train Epoch: 3 [7680/60000 (13%)]	loss=0.5272
2025-04-25T17:33:50Z INFO     Train Epoch: 3 [8960/60000 (15%)]	loss=0.6363
2025-04-25T17:33:50Z INFO     Train Epoch: 3 [10240/60000 (17%)]	loss=0.6504
2025-04-25T17:33:50Z INFO     Train Epoch: 3 [11520/60000 (19%)]	loss=0.4755
2025-04-25T17:33:50Z INFO     Train Epoch: 3 [12800/60000 (21%)]	loss=0.6901
2025-04-25T17:33:50Z INFO     Train Epoch: 3 [14080/60000 (23%)]	loss=0.6614
2025-04-25T17:33:50Z INFO     Train Epoch: 3 [15360/60000 (26%)]	loss=0.7003
2025-04-25T17:33:51Z INFO     Train Epoch: 3 [16640/60000 (28%)]	loss=0.5768
2025-04-25T17:33:51Z INFO     Train Epoch: 3 [17920/60000 (30%)]	loss=0.6521
2025-04-25T17:33:51Z INFO     Train Epoch: 3 [19200/60000 (32%)]	loss=0.6467
2025-04-25T17:33:51Z INFO     Train Epoch: 3 [20480/60000 (34%)]	loss=0.6267
2025-04-25T17:33:51Z INFO     Train Epoch: 3 [21760/60000 (36%)]	loss=0.4618
2025-04-25T17:33:51Z INFO     Train Epoch: 3 [23040/60000 (38%)]	loss=0.7012
2025-04-25T17:33:51Z INFO     Train Epoch: 3 [24320/60000 (41%)]	loss=0.6110
2025-04-25T17:33:51Z INFO     Train Epoch: 3 [25600/60000 (43%)]	loss=0.5664
2025-04-25T17:33:51Z INFO     Train Epoch: 3 [26880/60000 (45%)]	loss=0.5173
2025-04-25T17:33:52Z INFO     Train Epoch: 3 [28160/60000 (47%)]	loss=0.6814
2025-04-25T17:33:52Z INFO     Train Epoch: 3 [29440/60000 (49%)]	loss=0.6099
2025-04-25T17:33:52Z INFO     Train Epoch: 3 [30720/60000 (51%)]	loss=0.6061
2025-04-25T17:33:52Z INFO     Train Epoch: 3 [32000/60000 (53%)]	loss=0.6237
2025-04-25T17:33:52Z INFO     Train Epoch: 3 [33280/60000 (55%)]	loss=0.6725
2025-04-25T17:33:52Z INFO     Train Epoch: 3 [34560/60000 (58%)]	loss=0.5917
2025-04-25T17:33:52Z INFO     Train Epoch: 3 [35840/60000 (60%)]	loss=0.5713
2025-04-25T17:33:52Z INFO     Train Epoch: 3 [37120/60000 (62%)]	loss=0.5759
2025-04-25T17:33:52Z INFO     Train Epoch: 3 [38400/60000 (64%)]	loss=0.4610
2025-04-25T17:33:53Z INFO     Train Epoch: 3 [39680/60000 (66%)]	loss=0.5219
2025-04-25T17:33:53Z INFO     Train Epoch: 3 [40960/60000 (68%)]	loss=0.5735
2025-04-25T17:33:53Z INFO     Train Epoch: 3 [42240/60000 (70%)]	loss=0.5984
2025-04-25T17:33:53Z INFO     Train Epoch: 3 [43520/60000 (72%)]	loss=0.7329
2025-04-25T17:33:53Z INFO     Train Epoch: 3 [44800/60000 (75%)]	loss=0.5764
2025-04-25T17:33:53Z INFO     Train Epoch: 3 [46080/60000 (77%)]	loss=0.5909
2025-04-25T17:33:53Z INFO     Train Epoch: 3 [47360/60000 (79%)]	loss=0.5967
2025-04-25T17:33:53Z INFO     Train Epoch: 3 [48640/60000 (81%)]	loss=0.5158
2025-04-25T17:33:53Z INFO     Train Epoch: 3 [49920/60000 (83%)]	loss=0.6284
2025-04-25T17:33:54Z INFO     Train Epoch: 3 [51200/60000 (85%)]	loss=0.6642
2025-04-25T17:33:54Z INFO     Train Epoch: 3 [52480/60000 (87%)]	loss=0.6350
2025-04-25T17:33:54Z INFO     Train Epoch: 3 [53760/60000 (90%)]	loss=0.6297
2025-04-25T17:33:54Z INFO     Train Epoch: 3 [55040/60000 (92%)]	loss=0.6008
2025-04-25T17:33:54Z INFO     Train Epoch: 3 [56320/60000 (94%)]	loss=0.6381
2025-04-25T17:33:54Z INFO     Train Epoch: 3 [57600/60000 (96%)]	loss=0.5189
2025-04-25T17:33:54Z INFO     Train Epoch: 3 [58880/60000 (98%)]	loss=0.7655
2025-04-25T17:33:55Z INFO     {metricName: accuracy, metricValue: 0.7760};{metricName: loss, metricValue: 0.5940}

2025-04-25T17:33:55Z INFO     Train Epoch: 4 [0/60000 (0%)]	loss=0.6215
2025-04-25T17:33:55Z INFO     Train Epoch: 4 [1280/60000 (2%)]	loss=0.5158
2025-04-25T17:33:56Z INFO     Train Epoch: 4 [2560/60000 (4%)]	loss=0.4982
2025-04-25T17:33:56Z INFO     Train Epoch: 4 [3840/60000 (6%)]	loss=0.5841
2025-04-25T17:33:56Z INFO     Train Epoch: 4 [5120/60000 (9%)]	loss=0.5012
2025-04-25T17:33:56Z INFO     Train Epoch: 4 [6400/60000 (11%)]	loss=0.5483
2025-04-25T17:33:56Z INFO     Train Epoch: 4 [7680/60000 (13%)]	loss=0.6109
2025-04-25T17:33:56Z INFO     Train Epoch: 4 [8960/60000 (15%)]	loss=0.4807
2025-04-25T17:33:56Z INFO     Train Epoch: 4 [10240/60000 (17%)]	loss=0.6010
2025-04-25T17:33:56Z INFO     Train Epoch: 4 [11520/60000 (19%)]	loss=0.4616
2025-04-25T17:33:56Z INFO     Train Epoch: 4 [12800/60000 (21%)]	loss=0.5899
2025-04-25T17:33:57Z INFO     Train Epoch: 4 [14080/60000 (23%)]	loss=0.5861
2025-04-25T17:33:57Z INFO     Train Epoch: 4 [15360/60000 (26%)]	loss=0.6082
2025-04-25T17:33:57Z INFO     Train Epoch: 4 [16640/60000 (28%)]	loss=0.5966
2025-04-25T17:33:57Z INFO     Train Epoch: 4 [17920/60000 (30%)]	loss=0.5382
2025-04-25T17:33:57Z INFO     Train Epoch: 4 [19200/60000 (32%)]	loss=0.5672
2025-04-25T17:33:57Z INFO     Train Epoch: 4 [20480/60000 (34%)]	loss=0.4878
2025-04-25T17:33:57Z INFO     Train Epoch: 4 [21760/60000 (36%)]	loss=0.5474
2025-04-25T17:33:57Z INFO     Train Epoch: 4 [23040/60000 (38%)]	loss=0.6157
2025-04-25T17:33:57Z INFO     Train Epoch: 4 [24320/60000 (41%)]	loss=0.4907
2025-04-25T17:33:58Z INFO     Train Epoch: 4 [25600/60000 (43%)]	loss=0.5085
2025-04-25T17:33:58Z INFO     Train Epoch: 4 [26880/60000 (45%)]	loss=0.6011
2025-04-25T17:33:58Z INFO     Train Epoch: 4 [28160/60000 (47%)]	loss=0.4008
2025-04-25T17:33:58Z INFO     Train Epoch: 4 [29440/60000 (49%)]	loss=0.4858
2025-04-25T17:33:58Z INFO     Train Epoch: 4 [30720/60000 (51%)]	loss=0.5143
2025-04-25T17:33:58Z INFO     Train Epoch: 4 [32000/60000 (53%)]	loss=0.4844
2025-04-25T17:33:58Z INFO     Train Epoch: 4 [33280/60000 (55%)]	loss=0.5313
2025-04-25T17:33:58Z INFO     Train Epoch: 4 [34560/60000 (58%)]	loss=0.5394
2025-04-25T17:33:59Z INFO     Train Epoch: 4 [35840/60000 (60%)]	loss=0.4970
2025-04-25T17:33:59Z INFO     Train Epoch: 4 [37120/60000 (62%)]	loss=0.4510
2025-04-25T17:33:59Z INFO     Train Epoch: 4 [38400/60000 (64%)]	loss=0.5657
2025-04-25T17:33:59Z INFO     Train Epoch: 4 [39680/60000 (66%)]	loss=0.4885
2025-04-25T17:33:59Z INFO     Train Epoch: 4 [40960/60000 (68%)]	loss=0.5180
2025-04-25T17:33:59Z INFO     Train Epoch: 4 [42240/60000 (70%)]	loss=0.6534
2025-04-25T17:33:59Z INFO     Train Epoch: 4 [43520/60000 (72%)]	loss=0.5709
2025-04-25T17:33:59Z INFO     Train Epoch: 4 [44800/60000 (75%)]	loss=0.6407
2025-04-25T17:33:59Z INFO     Train Epoch: 4 [46080/60000 (77%)]	loss=0.5467
2025-04-25T17:34:00Z INFO     Train Epoch: 4 [47360/60000 (79%)]	loss=0.4503
2025-04-25T17:34:00Z INFO     Train Epoch: 4 [48640/60000 (81%)]	loss=0.4369
2025-04-25T17:34:00Z INFO     Train Epoch: 4 [49920/60000 (83%)]	loss=0.5665
2025-04-25T17:34:00Z INFO     Train Epoch: 4 [51200/60000 (85%)]	loss=0.5496
2025-04-25T17:34:00Z INFO     Train Epoch: 4 [52480/60000 (87%)]	loss=0.4784
2025-04-25T17:34:00Z INFO     Train Epoch: 4 [53760/60000 (90%)]	loss=0.4868
2025-04-25T17:34:00Z INFO     Train Epoch: 4 [55040/60000 (92%)]	loss=0.5664
2025-04-25T17:34:00Z INFO     Train Epoch: 4 [56320/60000 (94%)]	loss=0.4389
2025-04-25T17:34:00Z INFO     Train Epoch: 4 [57600/60000 (96%)]	loss=0.3748
2025-04-25T17:34:01Z INFO     Train Epoch: 4 [58880/60000 (98%)]	loss=0.4248
2025-04-25T17:34:01Z INFO     {metricName: accuracy, metricValue: 0.8073};{metricName: loss, metricValue: 0.5313}

Took total 31.35 seconds
Took after init_process_group 28.78 seconds

real	0m32.510s
user	0m39.480s
sys	0m10.120s
