Using CUDA
2025-04-15T18:30:50Z INFO     Train Epoch: 1 [0/60000 (0%)]	loss=2.3015
2025-04-15T18:30:50Z INFO     Train Epoch: 1 [1280/60000 (2%)]	loss=2.2863
2025-04-15T18:30:50Z INFO     Train Epoch: 1 [2560/60000 (4%)]	loss=2.2854
2025-04-15T18:30:50Z INFO     Train Epoch: 1 [3840/60000 (6%)]	loss=2.2727
2025-04-15T18:30:50Z INFO     Train Epoch: 1 [5120/60000 (9%)]	loss=2.2693
2025-04-15T18:30:50Z INFO     Train Epoch: 1 [6400/60000 (11%)]	loss=2.2500
2025-04-15T18:30:50Z INFO     Train Epoch: 1 [7680/60000 (13%)]	loss=2.2421
2025-04-15T18:30:51Z INFO     Train Epoch: 1 [8960/60000 (15%)]	loss=2.2029
2025-04-15T18:30:51Z INFO     Train Epoch: 1 [10240/60000 (17%)]	loss=2.1878
2025-04-15T18:30:51Z INFO     Train Epoch: 1 [11520/60000 (19%)]	loss=2.1322
2025-04-15T18:30:51Z INFO     Train Epoch: 1 [12800/60000 (21%)]	loss=2.0497
2025-04-15T18:30:51Z INFO     Train Epoch: 1 [14080/60000 (23%)]	loss=1.9478
2025-04-15T18:30:51Z INFO     Train Epoch: 1 [15360/60000 (26%)]	loss=1.7656
2025-04-15T18:30:51Z INFO     Train Epoch: 1 [16640/60000 (28%)]	loss=1.5977
2025-04-15T18:30:51Z INFO     Train Epoch: 1 [17920/60000 (30%)]	loss=1.3735
2025-04-15T18:30:51Z INFO     Train Epoch: 1 [19200/60000 (32%)]	loss=1.3094
2025-04-15T18:30:52Z INFO     Train Epoch: 1 [20480/60000 (34%)]	loss=1.1861
2025-04-15T18:30:52Z INFO     Train Epoch: 1 [21760/60000 (36%)]	loss=1.0811
2025-04-15T18:30:52Z INFO     Train Epoch: 1 [23040/60000 (38%)]	loss=1.0570
2025-04-15T18:30:52Z INFO     Train Epoch: 1 [24320/60000 (41%)]	loss=1.0200
2025-04-15T18:30:52Z INFO     Train Epoch: 1 [25600/60000 (43%)]	loss=0.9026
2025-04-15T18:30:52Z INFO     Train Epoch: 1 [26880/60000 (45%)]	loss=1.0203
2025-04-15T18:30:52Z INFO     Train Epoch: 1 [28160/60000 (47%)]	loss=1.0544
2025-04-15T18:30:52Z INFO     Train Epoch: 1 [29440/60000 (49%)]	loss=0.9015
2025-04-15T18:30:52Z INFO     Train Epoch: 1 [30720/60000 (51%)]	loss=0.7921
2025-04-15T18:30:53Z INFO     Train Epoch: 1 [32000/60000 (53%)]	loss=1.1949
2025-04-15T18:30:53Z INFO     Train Epoch: 1 [33280/60000 (55%)]	loss=1.0264
2025-04-15T18:30:53Z INFO     Train Epoch: 1 [34560/60000 (58%)]	loss=0.9576
2025-04-15T18:30:53Z INFO     Train Epoch: 1 [35840/60000 (60%)]	loss=0.7889
2025-04-15T18:30:53Z INFO     Train Epoch: 1 [37120/60000 (62%)]	loss=0.9337
2025-04-15T18:30:53Z INFO     Train Epoch: 1 [38400/60000 (64%)]	loss=0.9523
2025-04-15T18:30:53Z INFO     Train Epoch: 1 [39680/60000 (66%)]	loss=0.8634
2025-04-15T18:30:53Z INFO     Train Epoch: 1 [40960/60000 (68%)]	loss=0.8091
2025-04-15T18:30:53Z INFO     Train Epoch: 1 [42240/60000 (70%)]	loss=0.8884
2025-04-15T18:30:54Z INFO     Train Epoch: 1 [43520/60000 (72%)]	loss=0.9463
2025-04-15T18:30:54Z INFO     Train Epoch: 1 [44800/60000 (75%)]	loss=0.9364
2025-04-15T18:30:54Z INFO     Train Epoch: 1 [46080/60000 (77%)]	loss=0.8249
2025-04-15T18:30:54Z INFO     Train Epoch: 1 [47360/60000 (79%)]	loss=0.7689
2025-04-15T18:30:54Z INFO     Train Epoch: 1 [48640/60000 (81%)]	loss=0.8706
2025-04-15T18:30:54Z INFO     Train Epoch: 1 [49920/60000 (83%)]	loss=0.8684
2025-04-15T18:30:54Z INFO     Train Epoch: 1 [51200/60000 (85%)]	loss=0.7849
2025-04-15T18:30:54Z INFO     Train Epoch: 1 [52480/60000 (87%)]	loss=0.6900
2025-04-15T18:30:54Z INFO     Train Epoch: 1 [53760/60000 (90%)]	loss=0.8084
2025-04-15T18:30:54Z INFO     Train Epoch: 1 [55040/60000 (92%)]	loss=0.8793
2025-04-15T18:30:55Z INFO     Train Epoch: 1 [56320/60000 (94%)]	loss=0.8603
2025-04-15T18:30:55Z INFO     Train Epoch: 1 [57600/60000 (96%)]	loss=0.9269
2025-04-15T18:30:55Z INFO     Train Epoch: 1 [58880/60000 (98%)]	loss=0.7705
2025-04-15T18:30:56Z INFO     {metricName: accuracy, metricValue: 0.6866};{metricName: loss, metricValue: 0.8295}

2025-04-15T18:30:56Z INFO     Train Epoch: 2 [0/60000 (0%)]	loss=0.7521
2025-04-15T18:30:56Z INFO     Train Epoch: 2 [1280/60000 (2%)]	loss=0.6789
2025-04-15T18:30:56Z INFO     Train Epoch: 2 [2560/60000 (4%)]	loss=0.7744
2025-04-15T18:30:56Z INFO     Train Epoch: 2 [3840/60000 (6%)]	loss=0.7722
2025-04-15T18:30:56Z INFO     Train Epoch: 2 [5120/60000 (9%)]	loss=0.7517
2025-04-15T18:30:56Z INFO     Train Epoch: 2 [6400/60000 (11%)]	loss=0.7423
2025-04-15T18:30:56Z INFO     Train Epoch: 2 [7680/60000 (13%)]	loss=0.7578
2025-04-15T18:30:56Z INFO     Train Epoch: 2 [8960/60000 (15%)]	loss=0.6595
2025-04-15T18:30:57Z INFO     Train Epoch: 2 [10240/60000 (17%)]	loss=0.7526
2025-04-15T18:30:57Z INFO     Train Epoch: 2 [11520/60000 (19%)]	loss=0.6046
2025-04-15T18:30:57Z INFO     Train Epoch: 2 [12800/60000 (21%)]	loss=0.7413
2025-04-15T18:30:57Z INFO     Train Epoch: 2 [14080/60000 (23%)]	loss=0.6996
2025-04-15T18:30:57Z INFO     Train Epoch: 2 [15360/60000 (26%)]	loss=0.7812
2025-04-15T18:30:57Z INFO     Train Epoch: 2 [16640/60000 (28%)]	loss=0.6440
2025-04-15T18:30:57Z INFO     Train Epoch: 2 [17920/60000 (30%)]	loss=0.7492
2025-04-15T18:30:57Z INFO     Train Epoch: 2 [19200/60000 (32%)]	loss=0.5677
2025-04-15T18:30:57Z INFO     Train Epoch: 2 [20480/60000 (34%)]	loss=0.7992
2025-04-15T18:30:58Z INFO     Train Epoch: 2 [21760/60000 (36%)]	loss=0.6871
2025-04-15T18:30:58Z INFO     Train Epoch: 2 [23040/60000 (38%)]	loss=0.6717
2025-04-15T18:30:58Z INFO     Train Epoch: 2 [24320/60000 (41%)]	loss=0.6475
2025-04-15T18:30:58Z INFO     Train Epoch: 2 [25600/60000 (43%)]	loss=0.6488
2025-04-15T18:30:58Z INFO     Train Epoch: 2 [26880/60000 (45%)]	loss=0.7616
2025-04-15T18:30:58Z INFO     Train Epoch: 2 [28160/60000 (47%)]	loss=0.5771
2025-04-15T18:30:58Z INFO     Train Epoch: 2 [29440/60000 (49%)]	loss=0.8765
2025-04-15T18:30:58Z INFO     Train Epoch: 2 [30720/60000 (51%)]	loss=0.6970
2025-04-15T18:30:58Z INFO     Train Epoch: 2 [32000/60000 (53%)]	loss=0.7675
2025-04-15T18:30:59Z INFO     Train Epoch: 2 [33280/60000 (55%)]	loss=0.6700
2025-04-15T18:30:59Z INFO     Train Epoch: 2 [34560/60000 (58%)]	loss=0.5768
2025-04-15T18:30:59Z INFO     Train Epoch: 2 [35840/60000 (60%)]	loss=0.5415
2025-04-15T18:30:59Z INFO     Train Epoch: 2 [37120/60000 (62%)]	loss=0.7479
2025-04-15T18:30:59Z INFO     Train Epoch: 2 [38400/60000 (64%)]	loss=0.6820
2025-04-15T18:30:59Z INFO     Train Epoch: 2 [39680/60000 (66%)]	loss=0.6228
2025-04-15T18:30:59Z INFO     Train Epoch: 2 [40960/60000 (68%)]	loss=0.7617
2025-04-15T18:30:59Z INFO     Train Epoch: 2 [42240/60000 (70%)]	loss=0.7597
2025-04-15T18:30:59Z INFO     Train Epoch: 2 [43520/60000 (72%)]	loss=0.5808
2025-04-15T18:31:00Z INFO     Train Epoch: 2 [44800/60000 (75%)]	loss=0.5784
2025-04-15T18:31:00Z INFO     Train Epoch: 2 [46080/60000 (77%)]	loss=0.6872
2025-04-15T18:31:00Z INFO     Train Epoch: 2 [47360/60000 (79%)]	loss=0.7642
2025-04-15T18:31:00Z INFO     Train Epoch: 2 [48640/60000 (81%)]	loss=0.5820
2025-04-15T18:31:00Z INFO     Train Epoch: 2 [49920/60000 (83%)]	loss=0.6975
2025-04-15T18:31:00Z INFO     Train Epoch: 2 [51200/60000 (85%)]	loss=0.8268
2025-04-15T18:31:00Z INFO     Train Epoch: 2 [52480/60000 (87%)]	loss=0.5801
2025-04-15T18:31:00Z INFO     Train Epoch: 2 [53760/60000 (90%)]	loss=0.5215
2025-04-15T18:31:00Z INFO     Train Epoch: 2 [55040/60000 (92%)]	loss=0.6890
2025-04-15T18:31:01Z INFO     Train Epoch: 2 [56320/60000 (94%)]	loss=0.7077
2025-04-15T18:31:01Z INFO     Train Epoch: 2 [57600/60000 (96%)]	loss=0.5112
2025-04-15T18:31:01Z INFO     Train Epoch: 2 [58880/60000 (98%)]	loss=0.5996
2025-04-15T18:31:02Z INFO     {metricName: accuracy, metricValue: 0.7607};{metricName: loss, metricValue: 0.6529}

2025-04-15T18:31:02Z INFO     Train Epoch: 3 [0/60000 (0%)]	loss=0.5437
2025-04-15T18:31:02Z INFO     Train Epoch: 3 [1280/60000 (2%)]	loss=0.6461
2025-04-15T18:31:02Z INFO     Train Epoch: 3 [2560/60000 (4%)]	loss=0.5539
2025-04-15T18:31:02Z INFO     Train Epoch: 3 [3840/60000 (6%)]	loss=0.5118
2025-04-15T18:31:02Z INFO     Train Epoch: 3 [5120/60000 (9%)]	loss=0.5639
2025-04-15T18:31:02Z INFO     Train Epoch: 3 [6400/60000 (11%)]	loss=0.6522
2025-04-15T18:31:02Z INFO     Train Epoch: 3 [7680/60000 (13%)]	loss=0.5257
2025-04-15T18:31:02Z INFO     Train Epoch: 3 [8960/60000 (15%)]	loss=0.6372
2025-04-15T18:31:03Z INFO     Train Epoch: 3 [10240/60000 (17%)]	loss=0.6504
2025-04-15T18:31:03Z INFO     Train Epoch: 3 [11520/60000 (19%)]	loss=0.4751
2025-04-15T18:31:03Z INFO     Train Epoch: 3 [12800/60000 (21%)]	loss=0.6914
2025-04-15T18:31:03Z INFO     Train Epoch: 3 [14080/60000 (23%)]	loss=0.6612
2025-04-15T18:31:03Z INFO     Train Epoch: 3 [15360/60000 (26%)]	loss=0.6984
2025-04-15T18:31:03Z INFO     Train Epoch: 3 [16640/60000 (28%)]	loss=0.5778
2025-04-15T18:31:03Z INFO     Train Epoch: 3 [17920/60000 (30%)]	loss=0.6531
2025-04-15T18:31:03Z INFO     Train Epoch: 3 [19200/60000 (32%)]	loss=0.6444
2025-04-15T18:31:03Z INFO     Train Epoch: 3 [20480/60000 (34%)]	loss=0.6256
2025-04-15T18:31:04Z INFO     Train Epoch: 3 [21760/60000 (36%)]	loss=0.4622
2025-04-15T18:31:04Z INFO     Train Epoch: 3 [23040/60000 (38%)]	loss=0.7006
2025-04-15T18:31:04Z INFO     Train Epoch: 3 [24320/60000 (41%)]	loss=0.6102
2025-04-15T18:31:04Z INFO     Train Epoch: 3 [25600/60000 (43%)]	loss=0.5673
2025-04-15T18:31:04Z INFO     Train Epoch: 3 [26880/60000 (45%)]	loss=0.5177
2025-04-15T18:31:04Z INFO     Train Epoch: 3 [28160/60000 (47%)]	loss=0.6819
2025-04-15T18:31:04Z INFO     Train Epoch: 3 [29440/60000 (49%)]	loss=0.6102
2025-04-15T18:31:04Z INFO     Train Epoch: 3 [30720/60000 (51%)]	loss=0.6052
2025-04-15T18:31:04Z INFO     Train Epoch: 3 [32000/60000 (53%)]	loss=0.6251
2025-04-15T18:31:05Z INFO     Train Epoch: 3 [33280/60000 (55%)]	loss=0.6731
2025-04-15T18:31:05Z INFO     Train Epoch: 3 [34560/60000 (58%)]	loss=0.5913
2025-04-15T18:31:05Z INFO     Train Epoch: 3 [35840/60000 (60%)]	loss=0.5727
2025-04-15T18:31:05Z INFO     Train Epoch: 3 [37120/60000 (62%)]	loss=0.5749
2025-04-15T18:31:05Z INFO     Train Epoch: 3 [38400/60000 (64%)]	loss=0.4605
2025-04-15T18:31:05Z INFO     Train Epoch: 3 [39680/60000 (66%)]	loss=0.5217
2025-04-15T18:31:05Z INFO     Train Epoch: 3 [40960/60000 (68%)]	loss=0.5727
2025-04-15T18:31:05Z INFO     Train Epoch: 3 [42240/60000 (70%)]	loss=0.5984
2025-04-15T18:31:05Z INFO     Train Epoch: 3 [43520/60000 (72%)]	loss=0.7320
2025-04-15T18:31:05Z INFO     Train Epoch: 3 [44800/60000 (75%)]	loss=0.5756
2025-04-15T18:31:06Z INFO     Train Epoch: 3 [46080/60000 (77%)]	loss=0.5902
2025-04-15T18:31:06Z INFO     Train Epoch: 3 [47360/60000 (79%)]	loss=0.5953
2025-04-15T18:31:06Z INFO     Train Epoch: 3 [48640/60000 (81%)]	loss=0.5153
2025-04-15T18:31:06Z INFO     Train Epoch: 3 [49920/60000 (83%)]	loss=0.6289
2025-04-15T18:31:06Z INFO     Train Epoch: 3 [51200/60000 (85%)]	loss=0.6652
2025-04-15T18:31:06Z INFO     Train Epoch: 3 [52480/60000 (87%)]	loss=0.6350
2025-04-15T18:31:06Z INFO     Train Epoch: 3 [53760/60000 (90%)]	loss=0.6306
2025-04-15T18:31:06Z INFO     Train Epoch: 3 [55040/60000 (92%)]	loss=0.6008
2025-04-15T18:31:06Z INFO     Train Epoch: 3 [56320/60000 (94%)]	loss=0.6403
2025-04-15T18:31:07Z INFO     Train Epoch: 3 [57600/60000 (96%)]	loss=0.5187
2025-04-15T18:31:07Z INFO     Train Epoch: 3 [58880/60000 (98%)]	loss=0.7678
2025-04-15T18:31:08Z INFO     {metricName: accuracy, metricValue: 0.7759};{metricName: loss, metricValue: 0.5943}

2025-04-15T18:31:08Z INFO     Train Epoch: 4 [0/60000 (0%)]	loss=0.6212
2025-04-15T18:31:08Z INFO     Train Epoch: 4 [1280/60000 (2%)]	loss=0.5150
2025-04-15T18:31:08Z INFO     Train Epoch: 4 [2560/60000 (4%)]	loss=0.4982
2025-04-15T18:31:08Z INFO     Train Epoch: 4 [3840/60000 (6%)]	loss=0.5835
2025-04-15T18:31:08Z INFO     Train Epoch: 4 [5120/60000 (9%)]	loss=0.5011
2025-04-15T18:31:08Z INFO     Train Epoch: 4 [6400/60000 (11%)]	loss=0.5475
2025-04-15T18:31:08Z INFO     Train Epoch: 4 [7680/60000 (13%)]	loss=0.6096
2025-04-15T18:31:08Z INFO     Train Epoch: 4 [8960/60000 (15%)]	loss=0.4796
2025-04-15T18:31:09Z INFO     Train Epoch: 4 [10240/60000 (17%)]	loss=0.6012
2025-04-15T18:31:09Z INFO     Train Epoch: 4 [11520/60000 (19%)]	loss=0.4614
2025-04-15T18:31:09Z INFO     Train Epoch: 4 [12800/60000 (21%)]	loss=0.5891
2025-04-15T18:31:09Z INFO     Train Epoch: 4 [14080/60000 (23%)]	loss=0.5854
2025-04-15T18:31:09Z INFO     Train Epoch: 4 [15360/60000 (26%)]	loss=0.6080
2025-04-15T18:31:09Z INFO     Train Epoch: 4 [16640/60000 (28%)]	loss=0.5989
2025-04-15T18:31:09Z INFO     Train Epoch: 4 [17920/60000 (30%)]	loss=0.5373
2025-04-15T18:31:09Z INFO     Train Epoch: 4 [19200/60000 (32%)]	loss=0.5685
2025-04-15T18:31:09Z INFO     Train Epoch: 4 [20480/60000 (34%)]	loss=0.4876
2025-04-15T18:31:09Z INFO     Train Epoch: 4 [21760/60000 (36%)]	loss=0.5465
2025-04-15T18:31:10Z INFO     Train Epoch: 4 [23040/60000 (38%)]	loss=0.6173
2025-04-15T18:31:10Z INFO     Train Epoch: 4 [24320/60000 (41%)]	loss=0.4894
2025-04-15T18:31:10Z INFO     Train Epoch: 4 [25600/60000 (43%)]	loss=0.5093
2025-04-15T18:31:10Z INFO     Train Epoch: 4 [26880/60000 (45%)]	loss=0.6024
2025-04-15T18:31:10Z INFO     Train Epoch: 4 [28160/60000 (47%)]	loss=0.4007
2025-04-15T18:31:10Z INFO     Train Epoch: 4 [29440/60000 (49%)]	loss=0.4864
2025-04-15T18:31:10Z INFO     Train Epoch: 4 [30720/60000 (51%)]	loss=0.5150
2025-04-15T18:31:10Z INFO     Train Epoch: 4 [32000/60000 (53%)]	loss=0.4830
2025-04-15T18:31:10Z INFO     Train Epoch: 4 [33280/60000 (55%)]	loss=0.5316
2025-04-15T18:31:11Z INFO     Train Epoch: 4 [34560/60000 (58%)]	loss=0.5398
2025-04-15T18:31:11Z INFO     Train Epoch: 4 [35840/60000 (60%)]	loss=0.4969
2025-04-15T18:31:11Z INFO     Train Epoch: 4 [37120/60000 (62%)]	loss=0.4526
2025-04-15T18:31:11Z INFO     Train Epoch: 4 [38400/60000 (64%)]	loss=0.5635
2025-04-15T18:31:11Z INFO     Train Epoch: 4 [39680/60000 (66%)]	loss=0.4880
2025-04-15T18:31:11Z INFO     Train Epoch: 4 [40960/60000 (68%)]	loss=0.5187
2025-04-15T18:31:11Z INFO     Train Epoch: 4 [42240/60000 (70%)]	loss=0.6520
2025-04-15T18:31:11Z INFO     Train Epoch: 4 [43520/60000 (72%)]	loss=0.5732
2025-04-15T18:31:11Z INFO     Train Epoch: 4 [44800/60000 (75%)]	loss=0.6398
2025-04-15T18:31:12Z INFO     Train Epoch: 4 [46080/60000 (77%)]	loss=0.5461
2025-04-15T18:31:12Z INFO     Train Epoch: 4 [47360/60000 (79%)]	loss=0.4501
2025-04-15T18:31:12Z INFO     Train Epoch: 4 [48640/60000 (81%)]	loss=0.4374
2025-04-15T18:31:12Z INFO     Train Epoch: 4 [49920/60000 (83%)]	loss=0.5665
2025-04-15T18:31:12Z INFO     Train Epoch: 4 [51200/60000 (85%)]	loss=0.5485
2025-04-15T18:31:12Z INFO     Train Epoch: 4 [52480/60000 (87%)]	loss=0.4776
2025-04-15T18:31:12Z INFO     Train Epoch: 4 [53760/60000 (90%)]	loss=0.4870
2025-04-15T18:31:12Z INFO     Train Epoch: 4 [55040/60000 (92%)]	loss=0.5650
2025-04-15T18:31:12Z INFO     Train Epoch: 4 [56320/60000 (94%)]	loss=0.4386
2025-04-15T18:31:13Z INFO     Train Epoch: 4 [57600/60000 (96%)]	loss=0.3734
2025-04-15T18:31:13Z INFO     Train Epoch: 4 [58880/60000 (98%)]	loss=0.4252
2025-04-15T18:31:14Z INFO     {metricName: accuracy, metricValue: 0.8074};{metricName: loss, metricValue: 0.5312}


real	0m29.275s
user	0m33.521s
sys	0m6.826s
