Using CUDA
2025-04-24T16:54:56Z INFO     Train Epoch: 1 [0/60000 (0%)]	loss=2.3015
2025-04-24T16:54:56Z INFO     Train Epoch: 1 [1280/60000 (2%)]	loss=2.2863
2025-04-24T16:54:56Z INFO     Train Epoch: 1 [2560/60000 (4%)]	loss=2.2854
2025-04-24T16:54:57Z INFO     Train Epoch: 1 [3840/60000 (6%)]	loss=2.2727
2025-04-24T16:54:57Z INFO     Train Epoch: 1 [5120/60000 (9%)]	loss=2.2693
2025-04-24T16:54:57Z INFO     Train Epoch: 1 [6400/60000 (11%)]	loss=2.2499
2025-04-24T16:54:57Z INFO     Train Epoch: 1 [7680/60000 (13%)]	loss=2.2420
2025-04-24T16:54:57Z INFO     Train Epoch: 1 [8960/60000 (15%)]	loss=2.2029
2025-04-24T16:54:57Z INFO     Train Epoch: 1 [10240/60000 (17%)]	loss=2.1878
2025-04-24T16:54:57Z INFO     Train Epoch: 1 [11520/60000 (19%)]	loss=2.1322
2025-04-24T16:54:57Z INFO     Train Epoch: 1 [12800/60000 (21%)]	loss=2.0497
2025-04-24T16:54:58Z INFO     Train Epoch: 1 [14080/60000 (23%)]	loss=1.9476
2025-04-24T16:54:58Z INFO     Train Epoch: 1 [15360/60000 (26%)]	loss=1.7655
2025-04-24T16:54:58Z INFO     Train Epoch: 1 [16640/60000 (28%)]	loss=1.5976
2025-04-24T16:54:58Z INFO     Train Epoch: 1 [17920/60000 (30%)]	loss=1.3734
2025-04-24T16:54:58Z INFO     Train Epoch: 1 [19200/60000 (32%)]	loss=1.3091
2025-04-24T16:54:58Z INFO     Train Epoch: 1 [20480/60000 (34%)]	loss=1.1875
2025-04-24T16:54:58Z INFO     Train Epoch: 1 [21760/60000 (36%)]	loss=1.0810
2025-04-24T16:54:58Z INFO     Train Epoch: 1 [23040/60000 (38%)]	loss=1.0571
2025-04-24T16:54:58Z INFO     Train Epoch: 1 [24320/60000 (41%)]	loss=1.0203
2025-04-24T16:54:59Z INFO     Train Epoch: 1 [25600/60000 (43%)]	loss=0.9028
2025-04-24T16:54:59Z INFO     Train Epoch: 1 [26880/60000 (45%)]	loss=1.0207
2025-04-24T16:54:59Z INFO     Train Epoch: 1 [28160/60000 (47%)]	loss=1.0543
2025-04-24T16:54:59Z INFO     Train Epoch: 1 [29440/60000 (49%)]	loss=0.9012
2025-04-24T16:54:59Z INFO     Train Epoch: 1 [30720/60000 (51%)]	loss=0.7926
2025-04-24T16:54:59Z INFO     Train Epoch: 1 [32000/60000 (53%)]	loss=1.1953
2025-04-24T16:54:59Z INFO     Train Epoch: 1 [33280/60000 (55%)]	loss=1.0265
2025-04-24T16:54:59Z INFO     Train Epoch: 1 [34560/60000 (58%)]	loss=0.9577
2025-04-24T16:54:59Z INFO     Train Epoch: 1 [35840/60000 (60%)]	loss=0.7886
2025-04-24T16:55:00Z INFO     Train Epoch: 1 [37120/60000 (62%)]	loss=0.9342
2025-04-24T16:55:00Z INFO     Train Epoch: 1 [38400/60000 (64%)]	loss=0.9507
2025-04-24T16:55:00Z INFO     Train Epoch: 1 [39680/60000 (66%)]	loss=0.8625
2025-04-24T16:55:00Z INFO     Train Epoch: 1 [40960/60000 (68%)]	loss=0.8082
2025-04-24T16:55:00Z INFO     Train Epoch: 1 [42240/60000 (70%)]	loss=0.8883
2025-04-24T16:55:00Z INFO     Train Epoch: 1 [43520/60000 (72%)]	loss=0.9456
2025-04-24T16:55:00Z INFO     Train Epoch: 1 [44800/60000 (75%)]	loss=0.9366
2025-04-24T16:55:00Z INFO     Train Epoch: 1 [46080/60000 (77%)]	loss=0.8239
2025-04-24T16:55:00Z INFO     Train Epoch: 1 [47360/60000 (79%)]	loss=0.7676
2025-04-24T16:55:01Z INFO     Train Epoch: 1 [48640/60000 (81%)]	loss=0.8695
2025-04-24T16:55:01Z INFO     Train Epoch: 1 [49920/60000 (83%)]	loss=0.8692
2025-04-24T16:55:01Z INFO     Train Epoch: 1 [51200/60000 (85%)]	loss=0.7875
2025-04-24T16:55:01Z INFO     Train Epoch: 1 [52480/60000 (87%)]	loss=0.6900
2025-04-24T16:55:01Z INFO     Train Epoch: 1 [53760/60000 (90%)]	loss=0.8076
2025-04-24T16:55:01Z INFO     Train Epoch: 1 [55040/60000 (92%)]	loss=0.8788
2025-04-24T16:55:01Z INFO     Train Epoch: 1 [56320/60000 (94%)]	loss=0.8599
2025-04-24T16:55:01Z INFO     Train Epoch: 1 [57600/60000 (96%)]	loss=0.9273
2025-04-24T16:55:01Z INFO     Train Epoch: 1 [58880/60000 (98%)]	loss=0.7713
2025-04-24T16:55:02Z INFO     {metricName: accuracy, metricValue: 0.6872};{metricName: loss, metricValue: 0.8292}

2025-04-24T16:55:02Z INFO     Train Epoch: 2 [0/60000 (0%)]	loss=0.7518
2025-04-24T16:55:03Z INFO     Train Epoch: 2 [1280/60000 (2%)]	loss=0.6789
2025-04-24T16:55:03Z INFO     Train Epoch: 2 [2560/60000 (4%)]	loss=0.7744
2025-04-24T16:55:03Z INFO     Train Epoch: 2 [3840/60000 (6%)]	loss=0.7721
2025-04-24T16:55:03Z INFO     Train Epoch: 2 [5120/60000 (9%)]	loss=0.7502
2025-04-24T16:55:03Z INFO     Train Epoch: 2 [6400/60000 (11%)]	loss=0.7411
2025-04-24T16:55:03Z INFO     Train Epoch: 2 [7680/60000 (13%)]	loss=0.7576
2025-04-24T16:55:03Z INFO     Train Epoch: 2 [8960/60000 (15%)]	loss=0.6603
2025-04-24T16:55:03Z INFO     Train Epoch: 2 [10240/60000 (17%)]	loss=0.7532
2025-04-24T16:55:03Z INFO     Train Epoch: 2 [11520/60000 (19%)]	loss=0.6044
2025-04-24T16:55:04Z INFO     Train Epoch: 2 [12800/60000 (21%)]	loss=0.7405
2025-04-24T16:55:04Z INFO     Train Epoch: 2 [14080/60000 (23%)]	loss=0.6991
2025-04-24T16:55:04Z INFO     Train Epoch: 2 [15360/60000 (26%)]	loss=0.7811
2025-04-24T16:55:04Z INFO     Train Epoch: 2 [16640/60000 (28%)]	loss=0.6445
2025-04-24T16:55:04Z INFO     Train Epoch: 2 [17920/60000 (30%)]	loss=0.7493
2025-04-24T16:55:04Z INFO     Train Epoch: 2 [19200/60000 (32%)]	loss=0.5674
2025-04-24T16:55:04Z INFO     Train Epoch: 2 [20480/60000 (34%)]	loss=0.7985
2025-04-24T16:55:04Z INFO     Train Epoch: 2 [21760/60000 (36%)]	loss=0.6851
2025-04-24T16:55:04Z INFO     Train Epoch: 2 [23040/60000 (38%)]	loss=0.6712
2025-04-24T16:55:05Z INFO     Train Epoch: 2 [24320/60000 (41%)]	loss=0.6479
2025-04-24T16:55:05Z INFO     Train Epoch: 2 [25600/60000 (43%)]	loss=0.6495
2025-04-24T16:55:05Z INFO     Train Epoch: 2 [26880/60000 (45%)]	loss=0.7615
2025-04-24T16:55:05Z INFO     Train Epoch: 2 [28160/60000 (47%)]	loss=0.5771
2025-04-24T16:55:05Z INFO     Train Epoch: 2 [29440/60000 (49%)]	loss=0.8770
2025-04-24T16:55:05Z INFO     Train Epoch: 2 [30720/60000 (51%)]	loss=0.6966
2025-04-24T16:55:05Z INFO     Train Epoch: 2 [32000/60000 (53%)]	loss=0.7674
2025-04-24T16:55:05Z INFO     Train Epoch: 2 [33280/60000 (55%)]	loss=0.6706
2025-04-24T16:55:05Z INFO     Train Epoch: 2 [34560/60000 (58%)]	loss=0.5751
2025-04-24T16:55:06Z INFO     Train Epoch: 2 [35840/60000 (60%)]	loss=0.5417
2025-04-24T16:55:06Z INFO     Train Epoch: 2 [37120/60000 (62%)]	loss=0.7484
2025-04-24T16:55:06Z INFO     Train Epoch: 2 [38400/60000 (64%)]	loss=0.6831
2025-04-24T16:55:06Z INFO     Train Epoch: 2 [39680/60000 (66%)]	loss=0.6229
2025-04-24T16:55:06Z INFO     Train Epoch: 2 [40960/60000 (68%)]	loss=0.7624
2025-04-24T16:55:06Z INFO     Train Epoch: 2 [42240/60000 (70%)]	loss=0.7602
2025-04-24T16:55:06Z INFO     Train Epoch: 2 [43520/60000 (72%)]	loss=0.5799
2025-04-24T16:55:06Z INFO     Train Epoch: 2 [44800/60000 (75%)]	loss=0.5784
2025-04-24T16:55:06Z INFO     Train Epoch: 2 [46080/60000 (77%)]	loss=0.6873
2025-04-24T16:55:07Z INFO     Train Epoch: 2 [47360/60000 (79%)]	loss=0.7636
2025-04-24T16:55:07Z INFO     Train Epoch: 2 [48640/60000 (81%)]	loss=0.5831
2025-04-24T16:55:07Z INFO     Train Epoch: 2 [49920/60000 (83%)]	loss=0.6984
2025-04-24T16:55:07Z INFO     Train Epoch: 2 [51200/60000 (85%)]	loss=0.8260
2025-04-24T16:55:07Z INFO     Train Epoch: 2 [52480/60000 (87%)]	loss=0.5799
2025-04-24T16:55:07Z INFO     Train Epoch: 2 [53760/60000 (90%)]	loss=0.5227
2025-04-24T16:55:07Z INFO     Train Epoch: 2 [55040/60000 (92%)]	loss=0.6889
2025-04-24T16:55:07Z INFO     Train Epoch: 2 [56320/60000 (94%)]	loss=0.7077
2025-04-24T16:55:07Z INFO     Train Epoch: 2 [57600/60000 (96%)]	loss=0.5108
2025-04-24T16:55:08Z INFO     Train Epoch: 2 [58880/60000 (98%)]	loss=0.5989
2025-04-24T16:55:08Z INFO     {metricName: accuracy, metricValue: 0.7610};{metricName: loss, metricValue: 0.6526}

2025-04-24T16:55:09Z INFO     Train Epoch: 3 [0/60000 (0%)]	loss=0.5433
2025-04-24T16:55:09Z INFO     Train Epoch: 3 [1280/60000 (2%)]	loss=0.6450
2025-04-24T16:55:09Z INFO     Train Epoch: 3 [2560/60000 (4%)]	loss=0.5536
2025-04-24T16:55:09Z INFO     Train Epoch: 3 [3840/60000 (6%)]	loss=0.5112
2025-04-24T16:55:09Z INFO     Train Epoch: 3 [5120/60000 (9%)]	loss=0.5636
2025-04-24T16:55:09Z INFO     Train Epoch: 3 [6400/60000 (11%)]	loss=0.6524
2025-04-24T16:55:09Z INFO     Train Epoch: 3 [7680/60000 (13%)]	loss=0.5258
2025-04-24T16:55:09Z INFO     Train Epoch: 3 [8960/60000 (15%)]	loss=0.6376
2025-04-24T16:55:09Z INFO     Train Epoch: 3 [10240/60000 (17%)]	loss=0.6495
2025-04-24T16:55:10Z INFO     Train Epoch: 3 [11520/60000 (19%)]	loss=0.4760
2025-04-24T16:55:10Z INFO     Train Epoch: 3 [12800/60000 (21%)]	loss=0.6892
2025-04-24T16:55:10Z INFO     Train Epoch: 3 [14080/60000 (23%)]	loss=0.6599
2025-04-24T16:55:10Z INFO     Train Epoch: 3 [15360/60000 (26%)]	loss=0.6990
2025-04-24T16:55:10Z INFO     Train Epoch: 3 [16640/60000 (28%)]	loss=0.5779
2025-04-24T16:55:10Z INFO     Train Epoch: 3 [17920/60000 (30%)]	loss=0.6531
2025-04-24T16:55:10Z INFO     Train Epoch: 3 [19200/60000 (32%)]	loss=0.6455
2025-04-24T16:55:10Z INFO     Train Epoch: 3 [20480/60000 (34%)]	loss=0.6263
2025-04-24T16:55:10Z INFO     Train Epoch: 3 [21760/60000 (36%)]	loss=0.4613
2025-04-24T16:55:11Z INFO     Train Epoch: 3 [23040/60000 (38%)]	loss=0.6996
2025-04-24T16:55:11Z INFO     Train Epoch: 3 [24320/60000 (41%)]	loss=0.6109
2025-04-24T16:55:11Z INFO     Train Epoch: 3 [25600/60000 (43%)]	loss=0.5652
2025-04-24T16:55:11Z INFO     Train Epoch: 3 [26880/60000 (45%)]	loss=0.5174
2025-04-24T16:55:11Z INFO     Train Epoch: 3 [28160/60000 (47%)]	loss=0.6820
2025-04-24T16:55:11Z INFO     Train Epoch: 3 [29440/60000 (49%)]	loss=0.6087
2025-04-24T16:55:11Z INFO     Train Epoch: 3 [30720/60000 (51%)]	loss=0.6065
2025-04-24T16:55:11Z INFO     Train Epoch: 3 [32000/60000 (53%)]	loss=0.6248
2025-04-24T16:55:11Z INFO     Train Epoch: 3 [33280/60000 (55%)]	loss=0.6747
2025-04-24T16:55:12Z INFO     Train Epoch: 3 [34560/60000 (58%)]	loss=0.5912
2025-04-24T16:55:12Z INFO     Train Epoch: 3 [35840/60000 (60%)]	loss=0.5726
2025-04-24T16:55:12Z INFO     Train Epoch: 3 [37120/60000 (62%)]	loss=0.5754
2025-04-24T16:55:12Z INFO     Train Epoch: 3 [38400/60000 (64%)]	loss=0.4603
2025-04-24T16:55:12Z INFO     Train Epoch: 3 [39680/60000 (66%)]	loss=0.5216
2025-04-24T16:55:12Z INFO     Train Epoch: 3 [40960/60000 (68%)]	loss=0.5732
2025-04-24T16:55:12Z INFO     Train Epoch: 3 [42240/60000 (70%)]	loss=0.5978
2025-04-24T16:55:12Z INFO     Train Epoch: 3 [43520/60000 (72%)]	loss=0.7311
2025-04-24T16:55:12Z INFO     Train Epoch: 3 [44800/60000 (75%)]	loss=0.5755
2025-04-24T16:55:13Z INFO     Train Epoch: 3 [46080/60000 (77%)]	loss=0.5911
2025-04-24T16:55:13Z INFO     Train Epoch: 3 [47360/60000 (79%)]	loss=0.5951
2025-04-24T16:55:13Z INFO     Train Epoch: 3 [48640/60000 (81%)]	loss=0.5156
2025-04-24T16:55:13Z INFO     Train Epoch: 3 [49920/60000 (83%)]	loss=0.6272
2025-04-24T16:55:13Z INFO     Train Epoch: 3 [51200/60000 (85%)]	loss=0.6648
2025-04-24T16:55:13Z INFO     Train Epoch: 3 [52480/60000 (87%)]	loss=0.6335
2025-04-24T16:55:13Z INFO     Train Epoch: 3 [53760/60000 (90%)]	loss=0.6287
2025-04-24T16:55:13Z INFO     Train Epoch: 3 [55040/60000 (92%)]	loss=0.6000
2025-04-24T16:55:13Z INFO     Train Epoch: 3 [56320/60000 (94%)]	loss=0.6386
2025-04-24T16:55:14Z INFO     Train Epoch: 3 [57600/60000 (96%)]	loss=0.5191
2025-04-24T16:55:14Z INFO     Train Epoch: 3 [58880/60000 (98%)]	loss=0.7668
2025-04-24T16:55:15Z INFO     {metricName: accuracy, metricValue: 0.7761};{metricName: loss, metricValue: 0.5949}

2025-04-24T16:55:15Z INFO     Train Epoch: 4 [0/60000 (0%)]	loss=0.6225
2025-04-24T16:55:15Z INFO     Train Epoch: 4 [1280/60000 (2%)]	loss=0.5160
2025-04-24T16:55:15Z INFO     Train Epoch: 4 [2560/60000 (4%)]	loss=0.4972
2025-04-24T16:55:15Z INFO     Train Epoch: 4 [3840/60000 (6%)]	loss=0.5823
2025-04-24T16:55:15Z INFO     Train Epoch: 4 [5120/60000 (9%)]	loss=0.5016
2025-04-24T16:55:15Z INFO     Train Epoch: 4 [6400/60000 (11%)]	loss=0.5482
2025-04-24T16:55:15Z INFO     Train Epoch: 4 [7680/60000 (13%)]	loss=0.6092
2025-04-24T16:55:15Z INFO     Train Epoch: 4 [8960/60000 (15%)]	loss=0.4791
2025-04-24T16:55:16Z INFO     Train Epoch: 4 [10240/60000 (17%)]	loss=0.6011
2025-04-24T16:55:16Z INFO     Train Epoch: 4 [11520/60000 (19%)]	loss=0.4615
2025-04-24T16:55:16Z INFO     Train Epoch: 4 [12800/60000 (21%)]	loss=0.5891
2025-04-24T16:55:16Z INFO     Train Epoch: 4 [14080/60000 (23%)]	loss=0.5873
2025-04-24T16:55:16Z INFO     Train Epoch: 4 [15360/60000 (26%)]	loss=0.6093
2025-04-24T16:55:16Z INFO     Train Epoch: 4 [16640/60000 (28%)]	loss=0.5979
2025-04-24T16:55:16Z INFO     Train Epoch: 4 [17920/60000 (30%)]	loss=0.5384
2025-04-24T16:55:16Z INFO     Train Epoch: 4 [19200/60000 (32%)]	loss=0.5686
2025-04-24T16:55:16Z INFO     Train Epoch: 4 [20480/60000 (34%)]	loss=0.4882
2025-04-24T16:55:17Z INFO     Train Epoch: 4 [21760/60000 (36%)]	loss=0.5476
2025-04-24T16:55:17Z INFO     Train Epoch: 4 [23040/60000 (38%)]	loss=0.6159
2025-04-24T16:55:17Z INFO     Train Epoch: 4 [24320/60000 (41%)]	loss=0.4893
2025-04-24T16:55:17Z INFO     Train Epoch: 4 [25600/60000 (43%)]	loss=0.5113
2025-04-24T16:55:17Z INFO     Train Epoch: 4 [26880/60000 (45%)]	loss=0.6007
2025-04-24T16:55:17Z INFO     Train Epoch: 4 [28160/60000 (47%)]	loss=0.4011
2025-04-24T16:55:17Z INFO     Train Epoch: 4 [29440/60000 (49%)]	loss=0.4875
2025-04-24T16:55:17Z INFO     Train Epoch: 4 [30720/60000 (51%)]	loss=0.5141
2025-04-24T16:55:18Z INFO     Train Epoch: 4 [32000/60000 (53%)]	loss=0.4836
2025-04-24T16:55:18Z INFO     Train Epoch: 4 [33280/60000 (55%)]	loss=0.5308
2025-04-24T16:55:18Z INFO     Train Epoch: 4 [34560/60000 (58%)]	loss=0.5400
2025-04-24T16:55:18Z INFO     Train Epoch: 4 [35840/60000 (60%)]	loss=0.4973
2025-04-24T16:55:18Z INFO     Train Epoch: 4 [37120/60000 (62%)]	loss=0.4540
2025-04-24T16:55:18Z INFO     Train Epoch: 4 [38400/60000 (64%)]	loss=0.5638
2025-04-24T16:55:18Z INFO     Train Epoch: 4 [39680/60000 (66%)]	loss=0.4877
2025-04-24T16:55:18Z INFO     Train Epoch: 4 [40960/60000 (68%)]	loss=0.5180
2025-04-24T16:55:18Z INFO     Train Epoch: 4 [42240/60000 (70%)]	loss=0.6521
2025-04-24T16:55:19Z INFO     Train Epoch: 4 [43520/60000 (72%)]	loss=0.5731
2025-04-24T16:55:19Z INFO     Train Epoch: 4 [44800/60000 (75%)]	loss=0.6389
2025-04-24T16:55:19Z INFO     Train Epoch: 4 [46080/60000 (77%)]	loss=0.5474
2025-04-24T16:55:19Z INFO     Train Epoch: 4 [47360/60000 (79%)]	loss=0.4499
2025-04-24T16:55:19Z INFO     Train Epoch: 4 [48640/60000 (81%)]	loss=0.4359
2025-04-24T16:55:19Z INFO     Train Epoch: 4 [49920/60000 (83%)]	loss=0.5646
2025-04-24T16:55:19Z INFO     Train Epoch: 4 [51200/60000 (85%)]	loss=0.5490
2025-04-24T16:55:19Z INFO     Train Epoch: 4 [52480/60000 (87%)]	loss=0.4785
2025-04-24T16:55:19Z INFO     Train Epoch: 4 [53760/60000 (90%)]	loss=0.4848
2025-04-24T16:55:20Z INFO     Train Epoch: 4 [55040/60000 (92%)]	loss=0.5661
2025-04-24T16:55:20Z INFO     Train Epoch: 4 [56320/60000 (94%)]	loss=0.4394
2025-04-24T16:55:20Z INFO     Train Epoch: 4 [57600/60000 (96%)]	loss=0.3748
2025-04-24T16:55:20Z INFO     Train Epoch: 4 [58880/60000 (98%)]	loss=0.4253
2025-04-24T16:55:21Z INFO     {metricName: accuracy, metricValue: 0.8064};{metricName: loss, metricValue: 0.5314}


real	0m29.289s
user	0m33.686s
sys	0m6.727s
