Using CUDA
2025-04-24T16:57:03Z INFO     Train Epoch: 1 [0/60000 (0%)]	loss=2.3015
2025-04-24T16:57:03Z INFO     Train Epoch: 1 [1280/60000 (2%)]	loss=2.2863
2025-04-24T16:57:03Z INFO     Train Epoch: 1 [2560/60000 (4%)]	loss=2.2854
2025-04-24T16:57:04Z INFO     Train Epoch: 1 [3840/60000 (6%)]	loss=2.2727
2025-04-24T16:57:04Z INFO     Train Epoch: 1 [5120/60000 (9%)]	loss=2.2693
2025-04-24T16:57:04Z INFO     Train Epoch: 1 [6400/60000 (11%)]	loss=2.2499
2025-04-24T16:57:04Z INFO     Train Epoch: 1 [7680/60000 (13%)]	loss=2.2420
2025-04-24T16:57:04Z INFO     Train Epoch: 1 [8960/60000 (15%)]	loss=2.2029
2025-04-24T16:57:04Z INFO     Train Epoch: 1 [10240/60000 (17%)]	loss=2.1878
2025-04-24T16:57:04Z INFO     Train Epoch: 1 [11520/60000 (19%)]	loss=2.1322
2025-04-24T16:57:04Z INFO     Train Epoch: 1 [12800/60000 (21%)]	loss=2.0496
2025-04-24T16:57:04Z INFO     Train Epoch: 1 [14080/60000 (23%)]	loss=1.9477
2025-04-24T16:57:05Z INFO     Train Epoch: 1 [15360/60000 (26%)]	loss=1.7655
2025-04-24T16:57:05Z INFO     Train Epoch: 1 [16640/60000 (28%)]	loss=1.5975
2025-04-24T16:57:05Z INFO     Train Epoch: 1 [17920/60000 (30%)]	loss=1.3735
2025-04-24T16:57:05Z INFO     Train Epoch: 1 [19200/60000 (32%)]	loss=1.3092
2025-04-24T16:57:05Z INFO     Train Epoch: 1 [20480/60000 (34%)]	loss=1.1857
2025-04-24T16:57:05Z INFO     Train Epoch: 1 [21760/60000 (36%)]	loss=1.0812
2025-04-24T16:57:05Z INFO     Train Epoch: 1 [23040/60000 (38%)]	loss=1.0571
2025-04-24T16:57:05Z INFO     Train Epoch: 1 [24320/60000 (41%)]	loss=1.0202
2025-04-24T16:57:06Z INFO     Train Epoch: 1 [25600/60000 (43%)]	loss=0.9024
2025-04-24T16:57:06Z INFO     Train Epoch: 1 [26880/60000 (45%)]	loss=1.0215
2025-04-24T16:57:06Z INFO     Train Epoch: 1 [28160/60000 (47%)]	loss=1.0547
2025-04-24T16:57:06Z INFO     Train Epoch: 1 [29440/60000 (49%)]	loss=0.9019
2025-04-24T16:57:06Z INFO     Train Epoch: 1 [30720/60000 (51%)]	loss=0.7920
2025-04-24T16:57:06Z INFO     Train Epoch: 1 [32000/60000 (53%)]	loss=1.1948
2025-04-24T16:57:06Z INFO     Train Epoch: 1 [33280/60000 (55%)]	loss=1.0285
2025-04-24T16:57:06Z INFO     Train Epoch: 1 [34560/60000 (58%)]	loss=0.9583
2025-04-24T16:57:06Z INFO     Train Epoch: 1 [35840/60000 (60%)]	loss=0.7891
2025-04-24T16:57:07Z INFO     Train Epoch: 1 [37120/60000 (62%)]	loss=0.9327
2025-04-24T16:57:07Z INFO     Train Epoch: 1 [38400/60000 (64%)]	loss=0.9523
2025-04-24T16:57:07Z INFO     Train Epoch: 1 [39680/60000 (66%)]	loss=0.8622
2025-04-24T16:57:07Z INFO     Train Epoch: 1 [40960/60000 (68%)]	loss=0.8091
2025-04-24T16:57:07Z INFO     Train Epoch: 1 [42240/60000 (70%)]	loss=0.8878
2025-04-24T16:57:07Z INFO     Train Epoch: 1 [43520/60000 (72%)]	loss=0.9434
2025-04-24T16:57:07Z INFO     Train Epoch: 1 [44800/60000 (75%)]	loss=0.9366
2025-04-24T16:57:07Z INFO     Train Epoch: 1 [46080/60000 (77%)]	loss=0.8243
2025-04-24T16:57:07Z INFO     Train Epoch: 1 [47360/60000 (79%)]	loss=0.7678
2025-04-24T16:57:08Z INFO     Train Epoch: 1 [48640/60000 (81%)]	loss=0.8698
2025-04-24T16:57:08Z INFO     Train Epoch: 1 [49920/60000 (83%)]	loss=0.8693
2025-04-24T16:57:08Z INFO     Train Epoch: 1 [51200/60000 (85%)]	loss=0.7864
2025-04-24T16:57:08Z INFO     Train Epoch: 1 [52480/60000 (87%)]	loss=0.6900
2025-04-24T16:57:08Z INFO     Train Epoch: 1 [53760/60000 (90%)]	loss=0.8078
2025-04-24T16:57:08Z INFO     Train Epoch: 1 [55040/60000 (92%)]	loss=0.8804
2025-04-24T16:57:08Z INFO     Train Epoch: 1 [56320/60000 (94%)]	loss=0.8611
2025-04-24T16:57:08Z INFO     Train Epoch: 1 [57600/60000 (96%)]	loss=0.9265
2025-04-24T16:57:08Z INFO     Train Epoch: 1 [58880/60000 (98%)]	loss=0.7714
2025-04-24T16:57:09Z INFO     {metricName: accuracy, metricValue: 0.6877};{metricName: loss, metricValue: 0.8281}

2025-04-24T16:57:09Z INFO     Train Epoch: 2 [0/60000 (0%)]	loss=0.7502
2025-04-24T16:57:10Z INFO     Train Epoch: 2 [1280/60000 (2%)]	loss=0.6793
2025-04-24T16:57:10Z INFO     Train Epoch: 2 [2560/60000 (4%)]	loss=0.7734
2025-04-24T16:57:10Z INFO     Train Epoch: 2 [3840/60000 (6%)]	loss=0.7713
2025-04-24T16:57:10Z INFO     Train Epoch: 2 [5120/60000 (9%)]	loss=0.7512
2025-04-24T16:57:10Z INFO     Train Epoch: 2 [6400/60000 (11%)]	loss=0.7407
2025-04-24T16:57:10Z INFO     Train Epoch: 2 [7680/60000 (13%)]	loss=0.7577
2025-04-24T16:57:10Z INFO     Train Epoch: 2 [8960/60000 (15%)]	loss=0.6583
2025-04-24T16:57:10Z INFO     Train Epoch: 2 [10240/60000 (17%)]	loss=0.7528
2025-04-24T16:57:10Z INFO     Train Epoch: 2 [11520/60000 (19%)]	loss=0.6046
2025-04-24T16:57:11Z INFO     Train Epoch: 2 [12800/60000 (21%)]	loss=0.7423
2025-04-24T16:57:11Z INFO     Train Epoch: 2 [14080/60000 (23%)]	loss=0.7000
2025-04-24T16:57:11Z INFO     Train Epoch: 2 [15360/60000 (26%)]	loss=0.7816
2025-04-24T16:57:11Z INFO     Train Epoch: 2 [16640/60000 (28%)]	loss=0.6434
2025-04-24T16:57:11Z INFO     Train Epoch: 2 [17920/60000 (30%)]	loss=0.7489
2025-04-24T16:57:11Z INFO     Train Epoch: 2 [19200/60000 (32%)]	loss=0.5675
2025-04-24T16:57:11Z INFO     Train Epoch: 2 [20480/60000 (34%)]	loss=0.8000
2025-04-24T16:57:11Z INFO     Train Epoch: 2 [21760/60000 (36%)]	loss=0.6860
2025-04-24T16:57:11Z INFO     Train Epoch: 2 [23040/60000 (38%)]	loss=0.6712
2025-04-24T16:57:12Z INFO     Train Epoch: 2 [24320/60000 (41%)]	loss=0.6482
2025-04-24T16:57:12Z INFO     Train Epoch: 2 [25600/60000 (43%)]	loss=0.6486
2025-04-24T16:57:12Z INFO     Train Epoch: 2 [26880/60000 (45%)]	loss=0.7622
2025-04-24T16:57:12Z INFO     Train Epoch: 2 [28160/60000 (47%)]	loss=0.5775
2025-04-24T16:57:12Z INFO     Train Epoch: 2 [29440/60000 (49%)]	loss=0.8770
2025-04-24T16:57:12Z INFO     Train Epoch: 2 [30720/60000 (51%)]	loss=0.6950
2025-04-24T16:57:12Z INFO     Train Epoch: 2 [32000/60000 (53%)]	loss=0.7679
2025-04-24T16:57:12Z INFO     Train Epoch: 2 [33280/60000 (55%)]	loss=0.6694
2025-04-24T16:57:12Z INFO     Train Epoch: 2 [34560/60000 (58%)]	loss=0.5772
2025-04-24T16:57:13Z INFO     Train Epoch: 2 [35840/60000 (60%)]	loss=0.5414
2025-04-24T16:57:13Z INFO     Train Epoch: 2 [37120/60000 (62%)]	loss=0.7490
2025-04-24T16:57:13Z INFO     Train Epoch: 2 [38400/60000 (64%)]	loss=0.6821
2025-04-24T16:57:13Z INFO     Train Epoch: 2 [39680/60000 (66%)]	loss=0.6229
2025-04-24T16:57:13Z INFO     Train Epoch: 2 [40960/60000 (68%)]	loss=0.7618
2025-04-24T16:57:13Z INFO     Train Epoch: 2 [42240/60000 (70%)]	loss=0.7597
2025-04-24T16:57:13Z INFO     Train Epoch: 2 [43520/60000 (72%)]	loss=0.5803
2025-04-24T16:57:13Z INFO     Train Epoch: 2 [44800/60000 (75%)]	loss=0.5779
2025-04-24T16:57:13Z INFO     Train Epoch: 2 [46080/60000 (77%)]	loss=0.6870
2025-04-24T16:57:14Z INFO     Train Epoch: 2 [47360/60000 (79%)]	loss=0.7641
2025-04-24T16:57:14Z INFO     Train Epoch: 2 [48640/60000 (81%)]	loss=0.5827
2025-04-24T16:57:14Z INFO     Train Epoch: 2 [49920/60000 (83%)]	loss=0.6982
2025-04-24T16:57:14Z INFO     Train Epoch: 2 [51200/60000 (85%)]	loss=0.8259
2025-04-24T16:57:14Z INFO     Train Epoch: 2 [52480/60000 (87%)]	loss=0.5809
2025-04-24T16:57:14Z INFO     Train Epoch: 2 [53760/60000 (90%)]	loss=0.5217
2025-04-24T16:57:14Z INFO     Train Epoch: 2 [55040/60000 (92%)]	loss=0.6892
2025-04-24T16:57:14Z INFO     Train Epoch: 2 [56320/60000 (94%)]	loss=0.7074
2025-04-24T16:57:15Z INFO     Train Epoch: 2 [57600/60000 (96%)]	loss=0.5109
2025-04-24T16:57:15Z INFO     Train Epoch: 2 [58880/60000 (98%)]	loss=0.5995
2025-04-24T16:57:16Z INFO     {metricName: accuracy, metricValue: 0.7608};{metricName: loss, metricValue: 0.6528}

2025-04-24T16:57:16Z INFO     Train Epoch: 3 [0/60000 (0%)]	loss=0.5432
2025-04-24T16:57:16Z INFO     Train Epoch: 3 [1280/60000 (2%)]	loss=0.6451
2025-04-24T16:57:16Z INFO     Train Epoch: 3 [2560/60000 (4%)]	loss=0.5539
2025-04-24T16:57:16Z INFO     Train Epoch: 3 [3840/60000 (6%)]	loss=0.5117
2025-04-24T16:57:16Z INFO     Train Epoch: 3 [5120/60000 (9%)]	loss=0.5631
2025-04-24T16:57:16Z INFO     Train Epoch: 3 [6400/60000 (11%)]	loss=0.6532
2025-04-24T16:57:16Z INFO     Train Epoch: 3 [7680/60000 (13%)]	loss=0.5268
2025-04-24T16:57:16Z INFO     Train Epoch: 3 [8960/60000 (15%)]	loss=0.6366
2025-04-24T16:57:17Z INFO     Train Epoch: 3 [10240/60000 (17%)]	loss=0.6502
2025-04-24T16:57:17Z INFO     Train Epoch: 3 [11520/60000 (19%)]	loss=0.4756
2025-04-24T16:57:17Z INFO     Train Epoch: 3 [12800/60000 (21%)]	loss=0.6918
2025-04-24T16:57:17Z INFO     Train Epoch: 3 [14080/60000 (23%)]	loss=0.6615
2025-04-24T16:57:17Z INFO     Train Epoch: 3 [15360/60000 (26%)]	loss=0.6993
2025-04-24T16:57:17Z INFO     Train Epoch: 3 [16640/60000 (28%)]	loss=0.5769
2025-04-24T16:57:17Z INFO     Train Epoch: 3 [17920/60000 (30%)]	loss=0.6529
2025-04-24T16:57:17Z INFO     Train Epoch: 3 [19200/60000 (32%)]	loss=0.6467
2025-04-24T16:57:17Z INFO     Train Epoch: 3 [20480/60000 (34%)]	loss=0.6275
2025-04-24T16:57:18Z INFO     Train Epoch: 3 [21760/60000 (36%)]	loss=0.4619
2025-04-24T16:57:18Z INFO     Train Epoch: 3 [23040/60000 (38%)]	loss=0.6988
2025-04-24T16:57:18Z INFO     Train Epoch: 3 [24320/60000 (41%)]	loss=0.6116
2025-04-24T16:57:18Z INFO     Train Epoch: 3 [25600/60000 (43%)]	loss=0.5661
2025-04-24T16:57:18Z INFO     Train Epoch: 3 [26880/60000 (45%)]	loss=0.5176
2025-04-24T16:57:18Z INFO     Train Epoch: 3 [28160/60000 (47%)]	loss=0.6820
2025-04-24T16:57:18Z INFO     Train Epoch: 3 [29440/60000 (49%)]	loss=0.6092
2025-04-24T16:57:18Z INFO     Train Epoch: 3 [30720/60000 (51%)]	loss=0.6066
2025-04-24T16:57:18Z INFO     Train Epoch: 3 [32000/60000 (53%)]	loss=0.6242
2025-04-24T16:57:19Z INFO     Train Epoch: 3 [33280/60000 (55%)]	loss=0.6728
2025-04-24T16:57:19Z INFO     Train Epoch: 3 [34560/60000 (58%)]	loss=0.5920
2025-04-24T16:57:19Z INFO     Train Epoch: 3 [35840/60000 (60%)]	loss=0.5720
2025-04-24T16:57:19Z INFO     Train Epoch: 3 [37120/60000 (62%)]	loss=0.5757
2025-04-24T16:57:19Z INFO     Train Epoch: 3 [38400/60000 (64%)]	loss=0.4607
2025-04-24T16:57:19Z INFO     Train Epoch: 3 [39680/60000 (66%)]	loss=0.5213
2025-04-24T16:57:19Z INFO     Train Epoch: 3 [40960/60000 (68%)]	loss=0.5726
2025-04-24T16:57:19Z INFO     Train Epoch: 3 [42240/60000 (70%)]	loss=0.5979
2025-04-24T16:57:19Z INFO     Train Epoch: 3 [43520/60000 (72%)]	loss=0.7322
2025-04-24T16:57:20Z INFO     Train Epoch: 3 [44800/60000 (75%)]	loss=0.5762
2025-04-24T16:57:20Z INFO     Train Epoch: 3 [46080/60000 (77%)]	loss=0.5896
2025-04-24T16:57:20Z INFO     Train Epoch: 3 [47360/60000 (79%)]	loss=0.5968
2025-04-24T16:57:20Z INFO     Train Epoch: 3 [48640/60000 (81%)]	loss=0.5156
2025-04-24T16:57:20Z INFO     Train Epoch: 3 [49920/60000 (83%)]	loss=0.6269
2025-04-24T16:57:20Z INFO     Train Epoch: 3 [51200/60000 (85%)]	loss=0.6647
2025-04-24T16:57:20Z INFO     Train Epoch: 3 [52480/60000 (87%)]	loss=0.6347
2025-04-24T16:57:20Z INFO     Train Epoch: 3 [53760/60000 (90%)]	loss=0.6288
2025-04-24T16:57:20Z INFO     Train Epoch: 3 [55040/60000 (92%)]	loss=0.5996
2025-04-24T16:57:21Z INFO     Train Epoch: 3 [56320/60000 (94%)]	loss=0.6399
2025-04-24T16:57:21Z INFO     Train Epoch: 3 [57600/60000 (96%)]	loss=0.5187
2025-04-24T16:57:21Z INFO     Train Epoch: 3 [58880/60000 (98%)]	loss=0.7665
2025-04-24T16:57:22Z INFO     {metricName: accuracy, metricValue: 0.7759};{metricName: loss, metricValue: 0.5947}

2025-04-24T16:57:22Z INFO     Train Epoch: 4 [0/60000 (0%)]	loss=0.6220
2025-04-24T16:57:22Z INFO     Train Epoch: 4 [1280/60000 (2%)]	loss=0.5162
2025-04-24T16:57:22Z INFO     Train Epoch: 4 [2560/60000 (4%)]	loss=0.4977
2025-04-24T16:57:22Z INFO     Train Epoch: 4 [3840/60000 (6%)]	loss=0.5822
2025-04-24T16:57:22Z INFO     Train Epoch: 4 [5120/60000 (9%)]	loss=0.5008
2025-04-24T16:57:22Z INFO     Train Epoch: 4 [6400/60000 (11%)]	loss=0.5476
2025-04-24T16:57:22Z INFO     Train Epoch: 4 [7680/60000 (13%)]	loss=0.6102
2025-04-24T16:57:23Z INFO     Train Epoch: 4 [8960/60000 (15%)]	loss=0.4796
2025-04-24T16:57:23Z INFO     Train Epoch: 4 [10240/60000 (17%)]	loss=0.6008
2025-04-24T16:57:23Z INFO     Train Epoch: 4 [11520/60000 (19%)]	loss=0.4600
2025-04-24T16:57:23Z INFO     Train Epoch: 4 [12800/60000 (21%)]	loss=0.5890
2025-04-24T16:57:23Z INFO     Train Epoch: 4 [14080/60000 (23%)]	loss=0.5861
2025-04-24T16:57:23Z INFO     Train Epoch: 4 [15360/60000 (26%)]	loss=0.6087
2025-04-24T16:57:23Z INFO     Train Epoch: 4 [16640/60000 (28%)]	loss=0.5996
2025-04-24T16:57:23Z INFO     Train Epoch: 4 [17920/60000 (30%)]	loss=0.5378
2025-04-24T16:57:23Z INFO     Train Epoch: 4 [19200/60000 (32%)]	loss=0.5682
2025-04-24T16:57:24Z INFO     Train Epoch: 4 [20480/60000 (34%)]	loss=0.4881
2025-04-24T16:57:24Z INFO     Train Epoch: 4 [21760/60000 (36%)]	loss=0.5474
2025-04-24T16:57:24Z INFO     Train Epoch: 4 [23040/60000 (38%)]	loss=0.6155
2025-04-24T16:57:24Z INFO     Train Epoch: 4 [24320/60000 (41%)]	loss=0.4899
2025-04-24T16:57:24Z INFO     Train Epoch: 4 [25600/60000 (43%)]	loss=0.5089
2025-04-24T16:57:24Z INFO     Train Epoch: 4 [26880/60000 (45%)]	loss=0.6024
2025-04-24T16:57:24Z INFO     Train Epoch: 4 [28160/60000 (47%)]	loss=0.4005
2025-04-24T16:57:24Z INFO     Train Epoch: 4 [29440/60000 (49%)]	loss=0.4854
2025-04-24T16:57:25Z INFO     Train Epoch: 4 [30720/60000 (51%)]	loss=0.5148
2025-04-24T16:57:25Z INFO     Train Epoch: 4 [32000/60000 (53%)]	loss=0.4840
2025-04-24T16:57:25Z INFO     Train Epoch: 4 [33280/60000 (55%)]	loss=0.5325
2025-04-24T16:57:25Z INFO     Train Epoch: 4 [34560/60000 (58%)]	loss=0.5404
2025-04-24T16:57:25Z INFO     Train Epoch: 4 [35840/60000 (60%)]	loss=0.4968
2025-04-24T16:57:25Z INFO     Train Epoch: 4 [37120/60000 (62%)]	loss=0.4530
2025-04-24T16:57:25Z INFO     Train Epoch: 4 [38400/60000 (64%)]	loss=0.5630
2025-04-24T16:57:25Z INFO     Train Epoch: 4 [39680/60000 (66%)]	loss=0.4893
2025-04-24T16:57:25Z INFO     Train Epoch: 4 [40960/60000 (68%)]	loss=0.5189
2025-04-24T16:57:26Z INFO     Train Epoch: 4 [42240/60000 (70%)]	loss=0.6534
2025-04-24T16:57:26Z INFO     Train Epoch: 4 [43520/60000 (72%)]	loss=0.5740
2025-04-24T16:57:26Z INFO     Train Epoch: 4 [44800/60000 (75%)]	loss=0.6405
2025-04-24T16:57:26Z INFO     Train Epoch: 4 [46080/60000 (77%)]	loss=0.5448
2025-04-24T16:57:26Z INFO     Train Epoch: 4 [47360/60000 (79%)]	loss=0.4496
2025-04-24T16:57:26Z INFO     Train Epoch: 4 [48640/60000 (81%)]	loss=0.4374
2025-04-24T16:57:26Z INFO     Train Epoch: 4 [49920/60000 (83%)]	loss=0.5648
2025-04-24T16:57:26Z INFO     Train Epoch: 4 [51200/60000 (85%)]	loss=0.5494
2025-04-24T16:57:26Z INFO     Train Epoch: 4 [52480/60000 (87%)]	loss=0.4787
2025-04-24T16:57:27Z INFO     Train Epoch: 4 [53760/60000 (90%)]	loss=0.4865
2025-04-24T16:57:27Z INFO     Train Epoch: 4 [55040/60000 (92%)]	loss=0.5671
2025-04-24T16:57:27Z INFO     Train Epoch: 4 [56320/60000 (94%)]	loss=0.4386
2025-04-24T16:57:27Z INFO     Train Epoch: 4 [57600/60000 (96%)]	loss=0.3733
2025-04-24T16:57:27Z INFO     Train Epoch: 4 [58880/60000 (98%)]	loss=0.4261
2025-04-24T16:57:28Z INFO     {metricName: accuracy, metricValue: 0.8064};{metricName: loss, metricValue: 0.5320}


real	0m29.408s
user	0m33.887s
sys	0m6.913s
