Using CUDA
2025-04-24T16:55:59Z INFO     Train Epoch: 1 [0/60000 (0%)]	loss=2.3015
2025-04-24T16:55:59Z INFO     Train Epoch: 1 [1280/60000 (2%)]	loss=2.2863
2025-04-24T16:55:59Z INFO     Train Epoch: 1 [2560/60000 (4%)]	loss=2.2854
2025-04-24T16:55:59Z INFO     Train Epoch: 1 [3840/60000 (6%)]	loss=2.2727
2025-04-24T16:56:00Z INFO     Train Epoch: 1 [5120/60000 (9%)]	loss=2.2693
2025-04-24T16:56:00Z INFO     Train Epoch: 1 [6400/60000 (11%)]	loss=2.2499
2025-04-24T16:56:00Z INFO     Train Epoch: 1 [7680/60000 (13%)]	loss=2.2421
2025-04-24T16:56:00Z INFO     Train Epoch: 1 [8960/60000 (15%)]	loss=2.2029
2025-04-24T16:56:00Z INFO     Train Epoch: 1 [10240/60000 (17%)]	loss=2.1878
2025-04-24T16:56:00Z INFO     Train Epoch: 1 [11520/60000 (19%)]	loss=2.1322
2025-04-24T16:56:00Z INFO     Train Epoch: 1 [12800/60000 (21%)]	loss=2.0496
2025-04-24T16:56:00Z INFO     Train Epoch: 1 [14080/60000 (23%)]	loss=1.9477
2025-04-24T16:56:00Z INFO     Train Epoch: 1 [15360/60000 (26%)]	loss=1.7655
2025-04-24T16:56:01Z INFO     Train Epoch: 1 [16640/60000 (28%)]	loss=1.5975
2025-04-24T16:56:01Z INFO     Train Epoch: 1 [17920/60000 (30%)]	loss=1.3734
2025-04-24T16:56:01Z INFO     Train Epoch: 1 [19200/60000 (32%)]	loss=1.3094
2025-04-24T16:56:01Z INFO     Train Epoch: 1 [20480/60000 (34%)]	loss=1.1868
2025-04-24T16:56:01Z INFO     Train Epoch: 1 [21760/60000 (36%)]	loss=1.0815
2025-04-24T16:56:01Z INFO     Train Epoch: 1 [23040/60000 (38%)]	loss=1.0570
2025-04-24T16:56:01Z INFO     Train Epoch: 1 [24320/60000 (41%)]	loss=1.0199
2025-04-24T16:56:01Z INFO     Train Epoch: 1 [25600/60000 (43%)]	loss=0.9026
2025-04-24T16:56:01Z INFO     Train Epoch: 1 [26880/60000 (45%)]	loss=1.0205
2025-04-24T16:56:02Z INFO     Train Epoch: 1 [28160/60000 (47%)]	loss=1.0541
2025-04-24T16:56:02Z INFO     Train Epoch: 1 [29440/60000 (49%)]	loss=0.9015
2025-04-24T16:56:02Z INFO     Train Epoch: 1 [30720/60000 (51%)]	loss=0.7919
2025-04-24T16:56:02Z INFO     Train Epoch: 1 [32000/60000 (53%)]	loss=1.1942
2025-04-24T16:56:02Z INFO     Train Epoch: 1 [33280/60000 (55%)]	loss=1.0278
2025-04-24T16:56:02Z INFO     Train Epoch: 1 [34560/60000 (58%)]	loss=0.9582
2025-04-24T16:56:02Z INFO     Train Epoch: 1 [35840/60000 (60%)]	loss=0.7883
2025-04-24T16:56:02Z INFO     Train Epoch: 1 [37120/60000 (62%)]	loss=0.9356
2025-04-24T16:56:02Z INFO     Train Epoch: 1 [38400/60000 (64%)]	loss=0.9511
2025-04-24T16:56:03Z INFO     Train Epoch: 1 [39680/60000 (66%)]	loss=0.8621
2025-04-24T16:56:03Z INFO     Train Epoch: 1 [40960/60000 (68%)]	loss=0.8081
2025-04-24T16:56:03Z INFO     Train Epoch: 1 [42240/60000 (70%)]	loss=0.8876
2025-04-24T16:56:03Z INFO     Train Epoch: 1 [43520/60000 (72%)]	loss=0.9446
2025-04-24T16:56:03Z INFO     Train Epoch: 1 [44800/60000 (75%)]	loss=0.9367
2025-04-24T16:56:03Z INFO     Train Epoch: 1 [46080/60000 (77%)]	loss=0.8245
2025-04-24T16:56:03Z INFO     Train Epoch: 1 [47360/60000 (79%)]	loss=0.7677
2025-04-24T16:56:03Z INFO     Train Epoch: 1 [48640/60000 (81%)]	loss=0.8693
2025-04-24T16:56:03Z INFO     Train Epoch: 1 [49920/60000 (83%)]	loss=0.8688
2025-04-24T16:56:04Z INFO     Train Epoch: 1 [51200/60000 (85%)]	loss=0.7834
2025-04-24T16:56:04Z INFO     Train Epoch: 1 [52480/60000 (87%)]	loss=0.6904
2025-04-24T16:56:04Z INFO     Train Epoch: 1 [53760/60000 (90%)]	loss=0.8081
2025-04-24T16:56:04Z INFO     Train Epoch: 1 [55040/60000 (92%)]	loss=0.8785
2025-04-24T16:56:04Z INFO     Train Epoch: 1 [56320/60000 (94%)]	loss=0.8602
2025-04-24T16:56:04Z INFO     Train Epoch: 1 [57600/60000 (96%)]	loss=0.9261
2025-04-24T16:56:04Z INFO     Train Epoch: 1 [58880/60000 (98%)]	loss=0.7712
2025-04-24T16:56:05Z INFO     {metricName: accuracy, metricValue: 0.6873};{metricName: loss, metricValue: 0.8291}

2025-04-24T16:56:05Z INFO     Train Epoch: 2 [0/60000 (0%)]	loss=0.7517
2025-04-24T16:56:05Z INFO     Train Epoch: 2 [1280/60000 (2%)]	loss=0.6796
2025-04-24T16:56:05Z INFO     Train Epoch: 2 [2560/60000 (4%)]	loss=0.7750
2025-04-24T16:56:06Z INFO     Train Epoch: 2 [3840/60000 (6%)]	loss=0.7720
2025-04-24T16:56:06Z INFO     Train Epoch: 2 [5120/60000 (9%)]	loss=0.7504
2025-04-24T16:56:06Z INFO     Train Epoch: 2 [6400/60000 (11%)]	loss=0.7426
2025-04-24T16:56:06Z INFO     Train Epoch: 2 [7680/60000 (13%)]	loss=0.7562
2025-04-24T16:56:06Z INFO     Train Epoch: 2 [8960/60000 (15%)]	loss=0.6599
2025-04-24T16:56:06Z INFO     Train Epoch: 2 [10240/60000 (17%)]	loss=0.7522
2025-04-24T16:56:06Z INFO     Train Epoch: 2 [11520/60000 (19%)]	loss=0.6045
2025-04-24T16:56:06Z INFO     Train Epoch: 2 [12800/60000 (21%)]	loss=0.7415
2025-04-24T16:56:06Z INFO     Train Epoch: 2 [14080/60000 (23%)]	loss=0.6993
2025-04-24T16:56:07Z INFO     Train Epoch: 2 [15360/60000 (26%)]	loss=0.7808
2025-04-24T16:56:07Z INFO     Train Epoch: 2 [16640/60000 (28%)]	loss=0.6455
2025-04-24T16:56:07Z INFO     Train Epoch: 2 [17920/60000 (30%)]	loss=0.7491
2025-04-24T16:56:07Z INFO     Train Epoch: 2 [19200/60000 (32%)]	loss=0.5672
2025-04-24T16:56:07Z INFO     Train Epoch: 2 [20480/60000 (34%)]	loss=0.7989
2025-04-24T16:56:07Z INFO     Train Epoch: 2 [21760/60000 (36%)]	loss=0.6854
2025-04-24T16:56:07Z INFO     Train Epoch: 2 [23040/60000 (38%)]	loss=0.6721
2025-04-24T16:56:07Z INFO     Train Epoch: 2 [24320/60000 (41%)]	loss=0.6479
2025-04-24T16:56:07Z INFO     Train Epoch: 2 [25600/60000 (43%)]	loss=0.6495
2025-04-24T16:56:08Z INFO     Train Epoch: 2 [26880/60000 (45%)]	loss=0.7616
2025-04-24T16:56:08Z INFO     Train Epoch: 2 [28160/60000 (47%)]	loss=0.5773
2025-04-24T16:56:08Z INFO     Train Epoch: 2 [29440/60000 (49%)]	loss=0.8771
2025-04-24T16:56:08Z INFO     Train Epoch: 2 [30720/60000 (51%)]	loss=0.6954
2025-04-24T16:56:08Z INFO     Train Epoch: 2 [32000/60000 (53%)]	loss=0.7685
2025-04-24T16:56:08Z INFO     Train Epoch: 2 [33280/60000 (55%)]	loss=0.6695
2025-04-24T16:56:08Z INFO     Train Epoch: 2 [34560/60000 (58%)]	loss=0.5757
2025-04-24T16:56:08Z INFO     Train Epoch: 2 [35840/60000 (60%)]	loss=0.5413
2025-04-24T16:56:08Z INFO     Train Epoch: 2 [37120/60000 (62%)]	loss=0.7493
2025-04-24T16:56:09Z INFO     Train Epoch: 2 [38400/60000 (64%)]	loss=0.6814
2025-04-24T16:56:09Z INFO     Train Epoch: 2 [39680/60000 (66%)]	loss=0.6222
2025-04-24T16:56:09Z INFO     Train Epoch: 2 [40960/60000 (68%)]	loss=0.7624
2025-04-24T16:56:09Z INFO     Train Epoch: 2 [42240/60000 (70%)]	loss=0.7587
2025-04-24T16:56:09Z INFO     Train Epoch: 2 [43520/60000 (72%)]	loss=0.5806
2025-04-24T16:56:09Z INFO     Train Epoch: 2 [44800/60000 (75%)]	loss=0.5774
2025-04-24T16:56:09Z INFO     Train Epoch: 2 [46080/60000 (77%)]	loss=0.6856
2025-04-24T16:56:09Z INFO     Train Epoch: 2 [47360/60000 (79%)]	loss=0.7654
2025-04-24T16:56:09Z INFO     Train Epoch: 2 [48640/60000 (81%)]	loss=0.5820
2025-04-24T16:56:10Z INFO     Train Epoch: 2 [49920/60000 (83%)]	loss=0.6998
2025-04-24T16:56:10Z INFO     Train Epoch: 2 [51200/60000 (85%)]	loss=0.8265
2025-04-24T16:56:10Z INFO     Train Epoch: 2 [52480/60000 (87%)]	loss=0.5803
2025-04-24T16:56:10Z INFO     Train Epoch: 2 [53760/60000 (90%)]	loss=0.5217
2025-04-24T16:56:10Z INFO     Train Epoch: 2 [55040/60000 (92%)]	loss=0.6884
2025-04-24T16:56:10Z INFO     Train Epoch: 2 [56320/60000 (94%)]	loss=0.7072
2025-04-24T16:56:10Z INFO     Train Epoch: 2 [57600/60000 (96%)]	loss=0.5103
2025-04-24T16:56:10Z INFO     Train Epoch: 2 [58880/60000 (98%)]	loss=0.5993
2025-04-24T16:56:11Z INFO     {metricName: accuracy, metricValue: 0.7619};{metricName: loss, metricValue: 0.6524}

2025-04-24T16:56:11Z INFO     Train Epoch: 3 [0/60000 (0%)]	loss=0.5429
2025-04-24T16:56:11Z INFO     Train Epoch: 3 [1280/60000 (2%)]	loss=0.6457
2025-04-24T16:56:12Z INFO     Train Epoch: 3 [2560/60000 (4%)]	loss=0.5538
2025-04-24T16:56:12Z INFO     Train Epoch: 3 [3840/60000 (6%)]	loss=0.5116
2025-04-24T16:56:12Z INFO     Train Epoch: 3 [5120/60000 (9%)]	loss=0.5636
2025-04-24T16:56:12Z INFO     Train Epoch: 3 [6400/60000 (11%)]	loss=0.6526
2025-04-24T16:56:12Z INFO     Train Epoch: 3 [7680/60000 (13%)]	loss=0.5259
2025-04-24T16:56:12Z INFO     Train Epoch: 3 [8960/60000 (15%)]	loss=0.6359
2025-04-24T16:56:12Z INFO     Train Epoch: 3 [10240/60000 (17%)]	loss=0.6492
2025-04-24T16:56:12Z INFO     Train Epoch: 3 [11520/60000 (19%)]	loss=0.4733
2025-04-24T16:56:12Z INFO     Train Epoch: 3 [12800/60000 (21%)]	loss=0.6915
2025-04-24T16:56:13Z INFO     Train Epoch: 3 [14080/60000 (23%)]	loss=0.6604
2025-04-24T16:56:13Z INFO     Train Epoch: 3 [15360/60000 (26%)]	loss=0.7000
2025-04-24T16:56:13Z INFO     Train Epoch: 3 [16640/60000 (28%)]	loss=0.5779
2025-04-24T16:56:13Z INFO     Train Epoch: 3 [17920/60000 (30%)]	loss=0.6520
2025-04-24T16:56:13Z INFO     Train Epoch: 3 [19200/60000 (32%)]	loss=0.6454
2025-04-24T16:56:13Z INFO     Train Epoch: 3 [20480/60000 (34%)]	loss=0.6263
2025-04-24T16:56:13Z INFO     Train Epoch: 3 [21760/60000 (36%)]	loss=0.4614
2025-04-24T16:56:13Z INFO     Train Epoch: 3 [23040/60000 (38%)]	loss=0.6990
2025-04-24T16:56:13Z INFO     Train Epoch: 3 [24320/60000 (41%)]	loss=0.6108
2025-04-24T16:56:14Z INFO     Train Epoch: 3 [25600/60000 (43%)]	loss=0.5657
2025-04-24T16:56:14Z INFO     Train Epoch: 3 [26880/60000 (45%)]	loss=0.5171
2025-04-24T16:56:14Z INFO     Train Epoch: 3 [28160/60000 (47%)]	loss=0.6808
2025-04-24T16:56:14Z INFO     Train Epoch: 3 [29440/60000 (49%)]	loss=0.6086
2025-04-24T16:56:14Z INFO     Train Epoch: 3 [30720/60000 (51%)]	loss=0.6053
2025-04-24T16:56:14Z INFO     Train Epoch: 3 [32000/60000 (53%)]	loss=0.6248
2025-04-24T16:56:14Z INFO     Train Epoch: 3 [33280/60000 (55%)]	loss=0.6747
2025-04-24T16:56:14Z INFO     Train Epoch: 3 [34560/60000 (58%)]	loss=0.5913
2025-04-24T16:56:14Z INFO     Train Epoch: 3 [35840/60000 (60%)]	loss=0.5718
2025-04-24T16:56:15Z INFO     Train Epoch: 3 [37120/60000 (62%)]	loss=0.5752
2025-04-24T16:56:15Z INFO     Train Epoch: 3 [38400/60000 (64%)]	loss=0.4597
2025-04-24T16:56:15Z INFO     Train Epoch: 3 [39680/60000 (66%)]	loss=0.5211
2025-04-24T16:56:15Z INFO     Train Epoch: 3 [40960/60000 (68%)]	loss=0.5730
2025-04-24T16:56:15Z INFO     Train Epoch: 3 [42240/60000 (70%)]	loss=0.5963
2025-04-24T16:56:15Z INFO     Train Epoch: 3 [43520/60000 (72%)]	loss=0.7306
2025-04-24T16:56:15Z INFO     Train Epoch: 3 [44800/60000 (75%)]	loss=0.5758
2025-04-24T16:56:15Z INFO     Train Epoch: 3 [46080/60000 (77%)]	loss=0.5903
2025-04-24T16:56:15Z INFO     Train Epoch: 3 [47360/60000 (79%)]	loss=0.5956
2025-04-24T16:56:16Z INFO     Train Epoch: 3 [48640/60000 (81%)]	loss=0.5144
2025-04-24T16:56:16Z INFO     Train Epoch: 3 [49920/60000 (83%)]	loss=0.6281
2025-04-24T16:56:16Z INFO     Train Epoch: 3 [51200/60000 (85%)]	loss=0.6633
2025-04-24T16:56:16Z INFO     Train Epoch: 3 [52480/60000 (87%)]	loss=0.6337
2025-04-24T16:56:16Z INFO     Train Epoch: 3 [53760/60000 (90%)]	loss=0.6286
2025-04-24T16:56:16Z INFO     Train Epoch: 3 [55040/60000 (92%)]	loss=0.6001
2025-04-24T16:56:16Z INFO     Train Epoch: 3 [56320/60000 (94%)]	loss=0.6390
2025-04-24T16:56:16Z INFO     Train Epoch: 3 [57600/60000 (96%)]	loss=0.5195
2025-04-24T16:56:16Z INFO     Train Epoch: 3 [58880/60000 (98%)]	loss=0.7665
2025-04-24T16:56:17Z INFO     {metricName: accuracy, metricValue: 0.7759};{metricName: loss, metricValue: 0.5947}

2025-04-24T16:56:17Z INFO     Train Epoch: 4 [0/60000 (0%)]	loss=0.6216
2025-04-24T16:56:18Z INFO     Train Epoch: 4 [1280/60000 (2%)]	loss=0.5160
2025-04-24T16:56:18Z INFO     Train Epoch: 4 [2560/60000 (4%)]	loss=0.4982
2025-04-24T16:56:18Z INFO     Train Epoch: 4 [3840/60000 (6%)]	loss=0.5813
2025-04-24T16:56:18Z INFO     Train Epoch: 4 [5120/60000 (9%)]	loss=0.5010
2025-04-24T16:56:18Z INFO     Train Epoch: 4 [6400/60000 (11%)]	loss=0.5477
2025-04-24T16:56:18Z INFO     Train Epoch: 4 [7680/60000 (13%)]	loss=0.6093
2025-04-24T16:56:18Z INFO     Train Epoch: 4 [8960/60000 (15%)]	loss=0.4803
2025-04-24T16:56:18Z INFO     Train Epoch: 4 [10240/60000 (17%)]	loss=0.6003
2025-04-24T16:56:18Z INFO     Train Epoch: 4 [11520/60000 (19%)]	loss=0.4610
2025-04-24T16:56:19Z INFO     Train Epoch: 4 [12800/60000 (21%)]	loss=0.5875
2025-04-24T16:56:19Z INFO     Train Epoch: 4 [14080/60000 (23%)]	loss=0.5872
2025-04-24T16:56:19Z INFO     Train Epoch: 4 [15360/60000 (26%)]	loss=0.6091
2025-04-24T16:56:19Z INFO     Train Epoch: 4 [16640/60000 (28%)]	loss=0.5987
2025-04-24T16:56:19Z INFO     Train Epoch: 4 [17920/60000 (30%)]	loss=0.5376
2025-04-24T16:56:19Z INFO     Train Epoch: 4 [19200/60000 (32%)]	loss=0.5681
2025-04-24T16:56:19Z INFO     Train Epoch: 4 [20480/60000 (34%)]	loss=0.4882
2025-04-24T16:56:19Z INFO     Train Epoch: 4 [21760/60000 (36%)]	loss=0.5463
2025-04-24T16:56:19Z INFO     Train Epoch: 4 [23040/60000 (38%)]	loss=0.6159
2025-04-24T16:56:20Z INFO     Train Epoch: 4 [24320/60000 (41%)]	loss=0.4905
2025-04-24T16:56:20Z INFO     Train Epoch: 4 [25600/60000 (43%)]	loss=0.5099
2025-04-24T16:56:20Z INFO     Train Epoch: 4 [26880/60000 (45%)]	loss=0.6006
2025-04-24T16:56:20Z INFO     Train Epoch: 4 [28160/60000 (47%)]	loss=0.4006
2025-04-24T16:56:20Z INFO     Train Epoch: 4 [29440/60000 (49%)]	loss=0.4873
2025-04-24T16:56:20Z INFO     Train Epoch: 4 [30720/60000 (51%)]	loss=0.5146
2025-04-24T16:56:20Z INFO     Train Epoch: 4 [32000/60000 (53%)]	loss=0.4829
2025-04-24T16:56:20Z INFO     Train Epoch: 4 [33280/60000 (55%)]	loss=0.5324
2025-04-24T16:56:20Z INFO     Train Epoch: 4 [34560/60000 (58%)]	loss=0.5388
2025-04-24T16:56:21Z INFO     Train Epoch: 4 [35840/60000 (60%)]	loss=0.4971
2025-04-24T16:56:21Z INFO     Train Epoch: 4 [37120/60000 (62%)]	loss=0.4521
2025-04-24T16:56:21Z INFO     Train Epoch: 4 [38400/60000 (64%)]	loss=0.5631
2025-04-24T16:56:21Z INFO     Train Epoch: 4 [39680/60000 (66%)]	loss=0.4873
2025-04-24T16:56:21Z INFO     Train Epoch: 4 [40960/60000 (68%)]	loss=0.5179
2025-04-24T16:56:21Z INFO     Train Epoch: 4 [42240/60000 (70%)]	loss=0.6536
2025-04-24T16:56:21Z INFO     Train Epoch: 4 [43520/60000 (72%)]	loss=0.5730
2025-04-24T16:56:21Z INFO     Train Epoch: 4 [44800/60000 (75%)]	loss=0.6390
2025-04-24T16:56:21Z INFO     Train Epoch: 4 [46080/60000 (77%)]	loss=0.5466
2025-04-24T16:56:22Z INFO     Train Epoch: 4 [47360/60000 (79%)]	loss=0.4488
2025-04-24T16:56:22Z INFO     Train Epoch: 4 [48640/60000 (81%)]	loss=0.4368
2025-04-24T16:56:22Z INFO     Train Epoch: 4 [49920/60000 (83%)]	loss=0.5667
2025-04-24T16:56:22Z INFO     Train Epoch: 4 [51200/60000 (85%)]	loss=0.5483
2025-04-24T16:56:22Z INFO     Train Epoch: 4 [52480/60000 (87%)]	loss=0.4776
2025-04-24T16:56:22Z INFO     Train Epoch: 4 [53760/60000 (90%)]	loss=0.4868
2025-04-24T16:56:22Z INFO     Train Epoch: 4 [55040/60000 (92%)]	loss=0.5665
2025-04-24T16:56:22Z INFO     Train Epoch: 4 [56320/60000 (94%)]	loss=0.4377
2025-04-24T16:56:22Z INFO     Train Epoch: 4 [57600/60000 (96%)]	loss=0.3730
2025-04-24T16:56:23Z INFO     Train Epoch: 4 [58880/60000 (98%)]	loss=0.4255
2025-04-24T16:56:24Z INFO     {metricName: accuracy, metricValue: 0.8068};{metricName: loss, metricValue: 0.5320}


real	0m29.094s
user	0m33.500s
sys	0m6.788s
