Using CUDA
2025-04-24T16:55:28Z INFO     Train Epoch: 1 [0/60000 (0%)]	loss=2.3015
2025-04-24T16:55:28Z INFO     Train Epoch: 1 [1280/60000 (2%)]	loss=2.2863
2025-04-24T16:55:28Z INFO     Train Epoch: 1 [2560/60000 (4%)]	loss=2.2854
2025-04-24T16:55:28Z INFO     Train Epoch: 1 [3840/60000 (6%)]	loss=2.2727
2025-04-24T16:55:28Z INFO     Train Epoch: 1 [5120/60000 (9%)]	loss=2.2693
2025-04-24T16:55:28Z INFO     Train Epoch: 1 [6400/60000 (11%)]	loss=2.2500
2025-04-24T16:55:29Z INFO     Train Epoch: 1 [7680/60000 (13%)]	loss=2.2421
2025-04-24T16:55:29Z INFO     Train Epoch: 1 [8960/60000 (15%)]	loss=2.2029
2025-04-24T16:55:29Z INFO     Train Epoch: 1 [10240/60000 (17%)]	loss=2.1878
2025-04-24T16:55:29Z INFO     Train Epoch: 1 [11520/60000 (19%)]	loss=2.1322
2025-04-24T16:55:29Z INFO     Train Epoch: 1 [12800/60000 (21%)]	loss=2.0497
2025-04-24T16:55:29Z INFO     Train Epoch: 1 [14080/60000 (23%)]	loss=1.9477
2025-04-24T16:55:29Z INFO     Train Epoch: 1 [15360/60000 (26%)]	loss=1.7656
2025-04-24T16:55:29Z INFO     Train Epoch: 1 [16640/60000 (28%)]	loss=1.5976
2025-04-24T16:55:29Z INFO     Train Epoch: 1 [17920/60000 (30%)]	loss=1.3735
2025-04-24T16:55:30Z INFO     Train Epoch: 1 [19200/60000 (32%)]	loss=1.3093
2025-04-24T16:55:30Z INFO     Train Epoch: 1 [20480/60000 (34%)]	loss=1.1869
2025-04-24T16:55:30Z INFO     Train Epoch: 1 [21760/60000 (36%)]	loss=1.0815
2025-04-24T16:55:30Z INFO     Train Epoch: 1 [23040/60000 (38%)]	loss=1.0569
2025-04-24T16:55:30Z INFO     Train Epoch: 1 [24320/60000 (41%)]	loss=1.0200
2025-04-24T16:55:30Z INFO     Train Epoch: 1 [25600/60000 (43%)]	loss=0.9028
2025-04-24T16:55:30Z INFO     Train Epoch: 1 [26880/60000 (45%)]	loss=1.0215
2025-04-24T16:55:30Z INFO     Train Epoch: 1 [28160/60000 (47%)]	loss=1.0542
2025-04-24T16:55:30Z INFO     Train Epoch: 1 [29440/60000 (49%)]	loss=0.9017
2025-04-24T16:55:31Z INFO     Train Epoch: 1 [30720/60000 (51%)]	loss=0.7917
2025-04-24T16:55:31Z INFO     Train Epoch: 1 [32000/60000 (53%)]	loss=1.1951
2025-04-24T16:55:31Z INFO     Train Epoch: 1 [33280/60000 (55%)]	loss=1.0268
2025-04-24T16:55:31Z INFO     Train Epoch: 1 [34560/60000 (58%)]	loss=0.9586
2025-04-24T16:55:31Z INFO     Train Epoch: 1 [35840/60000 (60%)]	loss=0.7874
2025-04-24T16:55:31Z INFO     Train Epoch: 1 [37120/60000 (62%)]	loss=0.9319
2025-04-24T16:55:31Z INFO     Train Epoch: 1 [38400/60000 (64%)]	loss=0.9501
2025-04-24T16:55:31Z INFO     Train Epoch: 1 [39680/60000 (66%)]	loss=0.8618
2025-04-24T16:55:31Z INFO     Train Epoch: 1 [40960/60000 (68%)]	loss=0.8084
2025-04-24T16:55:32Z INFO     Train Epoch: 1 [42240/60000 (70%)]	loss=0.8888
2025-04-24T16:55:32Z INFO     Train Epoch: 1 [43520/60000 (72%)]	loss=0.9446
2025-04-24T16:55:32Z INFO     Train Epoch: 1 [44800/60000 (75%)]	loss=0.9362
2025-04-24T16:55:32Z INFO     Train Epoch: 1 [46080/60000 (77%)]	loss=0.8248
2025-04-24T16:55:32Z INFO     Train Epoch: 1 [47360/60000 (79%)]	loss=0.7686
2025-04-24T16:55:32Z INFO     Train Epoch: 1 [48640/60000 (81%)]	loss=0.8694
2025-04-24T16:55:32Z INFO     Train Epoch: 1 [49920/60000 (83%)]	loss=0.8700
2025-04-24T16:55:32Z INFO     Train Epoch: 1 [51200/60000 (85%)]	loss=0.7850
2025-04-24T16:55:32Z INFO     Train Epoch: 1 [52480/60000 (87%)]	loss=0.6890
2025-04-24T16:55:33Z INFO     Train Epoch: 1 [53760/60000 (90%)]	loss=0.8080
2025-04-24T16:55:33Z INFO     Train Epoch: 1 [55040/60000 (92%)]	loss=0.8788
2025-04-24T16:55:33Z INFO     Train Epoch: 1 [56320/60000 (94%)]	loss=0.8603
2025-04-24T16:55:33Z INFO     Train Epoch: 1 [57600/60000 (96%)]	loss=0.9271
2025-04-24T16:55:33Z INFO     Train Epoch: 1 [58880/60000 (98%)]	loss=0.7722
2025-04-24T16:55:34Z INFO     {metricName: accuracy, metricValue: 0.6876};{metricName: loss, metricValue: 0.8285}

2025-04-24T16:55:34Z INFO     Train Epoch: 2 [0/60000 (0%)]	loss=0.7500
2025-04-24T16:55:34Z INFO     Train Epoch: 2 [1280/60000 (2%)]	loss=0.6788
2025-04-24T16:55:34Z INFO     Train Epoch: 2 [2560/60000 (4%)]	loss=0.7736
2025-04-24T16:55:34Z INFO     Train Epoch: 2 [3840/60000 (6%)]	loss=0.7723
2025-04-24T16:55:34Z INFO     Train Epoch: 2 [5120/60000 (9%)]	loss=0.7509
2025-04-24T16:55:35Z INFO     Train Epoch: 2 [6400/60000 (11%)]	loss=0.7416
2025-04-24T16:55:35Z INFO     Train Epoch: 2 [7680/60000 (13%)]	loss=0.7576
2025-04-24T16:55:35Z INFO     Train Epoch: 2 [8960/60000 (15%)]	loss=0.6593
2025-04-24T16:55:35Z INFO     Train Epoch: 2 [10240/60000 (17%)]	loss=0.7526
2025-04-24T16:55:35Z INFO     Train Epoch: 2 [11520/60000 (19%)]	loss=0.6046
2025-04-24T16:55:35Z INFO     Train Epoch: 2 [12800/60000 (21%)]	loss=0.7406
2025-04-24T16:55:35Z INFO     Train Epoch: 2 [14080/60000 (23%)]	loss=0.6995
2025-04-24T16:55:35Z INFO     Train Epoch: 2 [15360/60000 (26%)]	loss=0.7806
2025-04-24T16:55:35Z INFO     Train Epoch: 2 [16640/60000 (28%)]	loss=0.6448
2025-04-24T16:55:36Z INFO     Train Epoch: 2 [17920/60000 (30%)]	loss=0.7495
2025-04-24T16:55:36Z INFO     Train Epoch: 2 [19200/60000 (32%)]	loss=0.5680
2025-04-24T16:55:36Z INFO     Train Epoch: 2 [20480/60000 (34%)]	loss=0.7985
2025-04-24T16:55:36Z INFO     Train Epoch: 2 [21760/60000 (36%)]	loss=0.6865
2025-04-24T16:55:36Z INFO     Train Epoch: 2 [23040/60000 (38%)]	loss=0.6716
2025-04-24T16:55:36Z INFO     Train Epoch: 2 [24320/60000 (41%)]	loss=0.6477
2025-04-24T16:55:36Z INFO     Train Epoch: 2 [25600/60000 (43%)]	loss=0.6493
2025-04-24T16:55:36Z INFO     Train Epoch: 2 [26880/60000 (45%)]	loss=0.7618
2025-04-24T16:55:36Z INFO     Train Epoch: 2 [28160/60000 (47%)]	loss=0.5763
2025-04-24T16:55:37Z INFO     Train Epoch: 2 [29440/60000 (49%)]	loss=0.8766
2025-04-24T16:55:37Z INFO     Train Epoch: 2 [30720/60000 (51%)]	loss=0.6959
2025-04-24T16:55:37Z INFO     Train Epoch: 2 [32000/60000 (53%)]	loss=0.7681
2025-04-24T16:55:37Z INFO     Train Epoch: 2 [33280/60000 (55%)]	loss=0.6708
2025-04-24T16:55:37Z INFO     Train Epoch: 2 [34560/60000 (58%)]	loss=0.5769
2025-04-24T16:55:37Z INFO     Train Epoch: 2 [35840/60000 (60%)]	loss=0.5405
2025-04-24T16:55:37Z INFO     Train Epoch: 2 [37120/60000 (62%)]	loss=0.7482
2025-04-24T16:55:37Z INFO     Train Epoch: 2 [38400/60000 (64%)]	loss=0.6818
2025-04-24T16:55:37Z INFO     Train Epoch: 2 [39680/60000 (66%)]	loss=0.6223
2025-04-24T16:55:38Z INFO     Train Epoch: 2 [40960/60000 (68%)]	loss=0.7630
2025-04-24T16:55:38Z INFO     Train Epoch: 2 [42240/60000 (70%)]	loss=0.7593
2025-04-24T16:55:38Z INFO     Train Epoch: 2 [43520/60000 (72%)]	loss=0.5804
2025-04-24T16:55:38Z INFO     Train Epoch: 2 [44800/60000 (75%)]	loss=0.5779
2025-04-24T16:55:38Z INFO     Train Epoch: 2 [46080/60000 (77%)]	loss=0.6872
2025-04-24T16:55:38Z INFO     Train Epoch: 2 [47360/60000 (79%)]	loss=0.7641
2025-04-24T16:55:38Z INFO     Train Epoch: 2 [48640/60000 (81%)]	loss=0.5828
2025-04-24T16:55:38Z INFO     Train Epoch: 2 [49920/60000 (83%)]	loss=0.6985
2025-04-24T16:55:38Z INFO     Train Epoch: 2 [51200/60000 (85%)]	loss=0.8259
2025-04-24T16:55:39Z INFO     Train Epoch: 2 [52480/60000 (87%)]	loss=0.5806
2025-04-24T16:55:39Z INFO     Train Epoch: 2 [53760/60000 (90%)]	loss=0.5225
2025-04-24T16:55:39Z INFO     Train Epoch: 2 [55040/60000 (92%)]	loss=0.6896
2025-04-24T16:55:39Z INFO     Train Epoch: 2 [56320/60000 (94%)]	loss=0.7070
2025-04-24T16:55:39Z INFO     Train Epoch: 2 [57600/60000 (96%)]	loss=0.5108
2025-04-24T16:55:39Z INFO     Train Epoch: 2 [58880/60000 (98%)]	loss=0.5987
2025-04-24T16:55:40Z INFO     {metricName: accuracy, metricValue: 0.7610};{metricName: loss, metricValue: 0.6535}

2025-04-24T16:55:40Z INFO     Train Epoch: 3 [0/60000 (0%)]	loss=0.5439
2025-04-24T16:55:40Z INFO     Train Epoch: 3 [1280/60000 (2%)]	loss=0.6454
2025-04-24T16:55:40Z INFO     Train Epoch: 3 [2560/60000 (4%)]	loss=0.5525
2025-04-24T16:55:40Z INFO     Train Epoch: 3 [3840/60000 (6%)]	loss=0.5125
2025-04-24T16:55:41Z INFO     Train Epoch: 3 [5120/60000 (9%)]	loss=0.5641
2025-04-24T16:55:41Z INFO     Train Epoch: 3 [6400/60000 (11%)]	loss=0.6521
2025-04-24T16:55:41Z INFO     Train Epoch: 3 [7680/60000 (13%)]	loss=0.5262
2025-04-24T16:55:41Z INFO     Train Epoch: 3 [8960/60000 (15%)]	loss=0.6378
2025-04-24T16:55:41Z INFO     Train Epoch: 3 [10240/60000 (17%)]	loss=0.6506
2025-04-24T16:55:41Z INFO     Train Epoch: 3 [11520/60000 (19%)]	loss=0.4749
2025-04-24T16:55:41Z INFO     Train Epoch: 3 [12800/60000 (21%)]	loss=0.6912
2025-04-24T16:55:41Z INFO     Train Epoch: 3 [14080/60000 (23%)]	loss=0.6599
2025-04-24T16:55:41Z INFO     Train Epoch: 3 [15360/60000 (26%)]	loss=0.6985
2025-04-24T16:55:42Z INFO     Train Epoch: 3 [16640/60000 (28%)]	loss=0.5780
2025-04-24T16:55:42Z INFO     Train Epoch: 3 [17920/60000 (30%)]	loss=0.6534
2025-04-24T16:55:42Z INFO     Train Epoch: 3 [19200/60000 (32%)]	loss=0.6461
2025-04-24T16:55:42Z INFO     Train Epoch: 3 [20480/60000 (34%)]	loss=0.6262
2025-04-24T16:55:42Z INFO     Train Epoch: 3 [21760/60000 (36%)]	loss=0.4609
2025-04-24T16:55:42Z INFO     Train Epoch: 3 [23040/60000 (38%)]	loss=0.7016
2025-04-24T16:55:42Z INFO     Train Epoch: 3 [24320/60000 (41%)]	loss=0.6111
2025-04-24T16:55:42Z INFO     Train Epoch: 3 [25600/60000 (43%)]	loss=0.5663
2025-04-24T16:55:42Z INFO     Train Epoch: 3 [26880/60000 (45%)]	loss=0.5171
2025-04-24T16:55:43Z INFO     Train Epoch: 3 [28160/60000 (47%)]	loss=0.6813
2025-04-24T16:55:43Z INFO     Train Epoch: 3 [29440/60000 (49%)]	loss=0.6095
2025-04-24T16:55:43Z INFO     Train Epoch: 3 [30720/60000 (51%)]	loss=0.6061
2025-04-24T16:55:43Z INFO     Train Epoch: 3 [32000/60000 (53%)]	loss=0.6242
2025-04-24T16:55:43Z INFO     Train Epoch: 3 [33280/60000 (55%)]	loss=0.6739
2025-04-24T16:55:43Z INFO     Train Epoch: 3 [34560/60000 (58%)]	loss=0.5925
2025-04-24T16:55:43Z INFO     Train Epoch: 3 [35840/60000 (60%)]	loss=0.5726
2025-04-24T16:55:43Z INFO     Train Epoch: 3 [37120/60000 (62%)]	loss=0.5752
2025-04-24T16:55:43Z INFO     Train Epoch: 3 [38400/60000 (64%)]	loss=0.4601
2025-04-24T16:55:44Z INFO     Train Epoch: 3 [39680/60000 (66%)]	loss=0.5216
2025-04-24T16:55:44Z INFO     Train Epoch: 3 [40960/60000 (68%)]	loss=0.5728
2025-04-24T16:55:44Z INFO     Train Epoch: 3 [42240/60000 (70%)]	loss=0.5976
2025-04-24T16:55:44Z INFO     Train Epoch: 3 [43520/60000 (72%)]	loss=0.7324
2025-04-24T16:55:44Z INFO     Train Epoch: 3 [44800/60000 (75%)]	loss=0.5750
2025-04-24T16:55:44Z INFO     Train Epoch: 3 [46080/60000 (77%)]	loss=0.5910
2025-04-24T16:55:44Z INFO     Train Epoch: 3 [47360/60000 (79%)]	loss=0.5978
2025-04-24T16:55:44Z INFO     Train Epoch: 3 [48640/60000 (81%)]	loss=0.5152
2025-04-24T16:55:44Z INFO     Train Epoch: 3 [49920/60000 (83%)]	loss=0.6269
2025-04-24T16:55:45Z INFO     Train Epoch: 3 [51200/60000 (85%)]	loss=0.6637
2025-04-24T16:55:45Z INFO     Train Epoch: 3 [52480/60000 (87%)]	loss=0.6365
2025-04-24T16:55:45Z INFO     Train Epoch: 3 [53760/60000 (90%)]	loss=0.6294
2025-04-24T16:55:45Z INFO     Train Epoch: 3 [55040/60000 (92%)]	loss=0.6018
2025-04-24T16:55:45Z INFO     Train Epoch: 3 [56320/60000 (94%)]	loss=0.6391
2025-04-24T16:55:45Z INFO     Train Epoch: 3 [57600/60000 (96%)]	loss=0.5180
2025-04-24T16:55:45Z INFO     Train Epoch: 3 [58880/60000 (98%)]	loss=0.7672
2025-04-24T16:55:46Z INFO     {metricName: accuracy, metricValue: 0.7765};{metricName: loss, metricValue: 0.5946}

2025-04-24T16:55:46Z INFO     Train Epoch: 4 [0/60000 (0%)]	loss=0.6212
2025-04-24T16:55:46Z INFO     Train Epoch: 4 [1280/60000 (2%)]	loss=0.5155
2025-04-24T16:55:46Z INFO     Train Epoch: 4 [2560/60000 (4%)]	loss=0.4986
2025-04-24T16:55:46Z INFO     Train Epoch: 4 [3840/60000 (6%)]	loss=0.5825
2025-04-24T16:55:47Z INFO     Train Epoch: 4 [5120/60000 (9%)]	loss=0.5012
2025-04-24T16:55:47Z INFO     Train Epoch: 4 [6400/60000 (11%)]	loss=0.5480
2025-04-24T16:55:47Z INFO     Train Epoch: 4 [7680/60000 (13%)]	loss=0.6098
2025-04-24T16:55:47Z INFO     Train Epoch: 4 [8960/60000 (15%)]	loss=0.4791
2025-04-24T16:55:47Z INFO     Train Epoch: 4 [10240/60000 (17%)]	loss=0.6010
2025-04-24T16:55:47Z INFO     Train Epoch: 4 [11520/60000 (19%)]	loss=0.4622
2025-04-24T16:55:47Z INFO     Train Epoch: 4 [12800/60000 (21%)]	loss=0.5903
2025-04-24T16:55:47Z INFO     Train Epoch: 4 [14080/60000 (23%)]	loss=0.5862
2025-04-24T16:55:47Z INFO     Train Epoch: 4 [15360/60000 (26%)]	loss=0.6102
2025-04-24T16:55:48Z INFO     Train Epoch: 4 [16640/60000 (28%)]	loss=0.5980
2025-04-24T16:55:48Z INFO     Train Epoch: 4 [17920/60000 (30%)]	loss=0.5369
2025-04-24T16:55:48Z INFO     Train Epoch: 4 [19200/60000 (32%)]	loss=0.5681
2025-04-24T16:55:48Z INFO     Train Epoch: 4 [20480/60000 (34%)]	loss=0.4883
2025-04-24T16:55:48Z INFO     Train Epoch: 4 [21760/60000 (36%)]	loss=0.5472
2025-04-24T16:55:48Z INFO     Train Epoch: 4 [23040/60000 (38%)]	loss=0.6160
2025-04-24T16:55:48Z INFO     Train Epoch: 4 [24320/60000 (41%)]	loss=0.4904
2025-04-24T16:55:48Z INFO     Train Epoch: 4 [25600/60000 (43%)]	loss=0.5085
2025-04-24T16:55:48Z INFO     Train Epoch: 4 [26880/60000 (45%)]	loss=0.6041
2025-04-24T16:55:49Z INFO     Train Epoch: 4 [28160/60000 (47%)]	loss=0.4009
2025-04-24T16:55:49Z INFO     Train Epoch: 4 [29440/60000 (49%)]	loss=0.4861
2025-04-24T16:55:49Z INFO     Train Epoch: 4 [30720/60000 (51%)]	loss=0.5162
2025-04-24T16:55:49Z INFO     Train Epoch: 4 [32000/60000 (53%)]	loss=0.4834
2025-04-24T16:55:49Z INFO     Train Epoch: 4 [33280/60000 (55%)]	loss=0.5317
2025-04-24T16:55:49Z INFO     Train Epoch: 4 [34560/60000 (58%)]	loss=0.5402
2025-04-24T16:55:49Z INFO     Train Epoch: 4 [35840/60000 (60%)]	loss=0.4974
2025-04-24T16:55:49Z INFO     Train Epoch: 4 [37120/60000 (62%)]	loss=0.4536
2025-04-24T16:55:49Z INFO     Train Epoch: 4 [38400/60000 (64%)]	loss=0.5646
2025-04-24T16:55:50Z INFO     Train Epoch: 4 [39680/60000 (66%)]	loss=0.4892
2025-04-24T16:55:50Z INFO     Train Epoch: 4 [40960/60000 (68%)]	loss=0.5189
2025-04-24T16:55:50Z INFO     Train Epoch: 4 [42240/60000 (70%)]	loss=0.6526
2025-04-24T16:55:50Z INFO     Train Epoch: 4 [43520/60000 (72%)]	loss=0.5732
2025-04-24T16:55:50Z INFO     Train Epoch: 4 [44800/60000 (75%)]	loss=0.6383
2025-04-24T16:55:50Z INFO     Train Epoch: 4 [46080/60000 (77%)]	loss=0.5463
2025-04-24T16:55:50Z INFO     Train Epoch: 4 [47360/60000 (79%)]	loss=0.4496
2025-04-24T16:55:50Z INFO     Train Epoch: 4 [48640/60000 (81%)]	loss=0.4384
2025-04-24T16:55:50Z INFO     Train Epoch: 4 [49920/60000 (83%)]	loss=0.5662
2025-04-24T16:55:51Z INFO     Train Epoch: 4 [51200/60000 (85%)]	loss=0.5480
2025-04-24T16:55:51Z INFO     Train Epoch: 4 [52480/60000 (87%)]	loss=0.4784
2025-04-24T16:55:51Z INFO     Train Epoch: 4 [53760/60000 (90%)]	loss=0.4870
2025-04-24T16:55:51Z INFO     Train Epoch: 4 [55040/60000 (92%)]	loss=0.5666
2025-04-24T16:55:51Z INFO     Train Epoch: 4 [56320/60000 (94%)]	loss=0.4386
2025-04-24T16:55:51Z INFO     Train Epoch: 4 [57600/60000 (96%)]	loss=0.3740
2025-04-24T16:55:51Z INFO     Train Epoch: 4 [58880/60000 (98%)]	loss=0.4264
2025-04-24T16:55:52Z INFO     {metricName: accuracy, metricValue: 0.8071};{metricName: loss, metricValue: 0.5322}


real	0m28.792s
user	0m33.418s
sys	0m6.705s
