Using CUDA
Using distributed PyTorch with nccl backend
2025-04-19T16:25:26Z INFO     Added key: store_based_barrier_key:1 to store for rank: 0
2025-04-19T16:25:26Z INFO     Rank 0: Completed store-based barrier for key:store_based_barrier_key:1 with 2 nodes.
2025-04-19T16:25:30Z INFO     Train Epoch: 1 [0/60000 (0%)]	loss=2.3015
2025-04-19T16:25:30Z INFO     Reducer buckets have been rebuilt in this iteration.
2025-04-19T16:25:30Z INFO     Train Epoch: 1 [1280/60000 (2%)]	loss=2.2863
2025-04-19T16:25:30Z INFO     Train Epoch: 1 [2560/60000 (4%)]	loss=2.2854
2025-04-19T16:25:30Z INFO     Train Epoch: 1 [3840/60000 (6%)]	loss=2.2727
2025-04-19T16:25:31Z INFO     Train Epoch: 1 [5120/60000 (9%)]	loss=2.2693
2025-04-19T16:25:31Z INFO     Train Epoch: 1 [6400/60000 (11%)]	loss=2.2500
2025-04-19T16:25:31Z INFO     Train Epoch: 1 [7680/60000 (13%)]	loss=2.2421
2025-04-19T16:25:31Z INFO     Train Epoch: 1 [8960/60000 (15%)]	loss=2.2029
2025-04-19T16:25:32Z INFO     Train Epoch: 1 [10240/60000 (17%)]	loss=2.1878
2025-04-19T16:25:32Z INFO     Train Epoch: 1 [11520/60000 (19%)]	loss=2.1322
2025-04-19T16:25:32Z INFO     Train Epoch: 1 [12800/60000 (21%)]	loss=2.0497
2025-04-19T16:25:32Z INFO     Train Epoch: 1 [14080/60000 (23%)]	loss=1.9478
2025-04-19T16:25:32Z INFO     Train Epoch: 1 [15360/60000 (26%)]	loss=1.7656
2025-04-19T16:25:33Z INFO     Train Epoch: 1 [16640/60000 (28%)]	loss=1.5977
2025-04-19T16:25:33Z INFO     Train Epoch: 1 [17920/60000 (30%)]	loss=1.3737
2025-04-19T16:25:33Z INFO     Train Epoch: 1 [19200/60000 (32%)]	loss=1.3092
2025-04-19T16:25:33Z INFO     Train Epoch: 1 [20480/60000 (34%)]	loss=1.1873
2025-04-19T16:25:34Z INFO     Train Epoch: 1 [21760/60000 (36%)]	loss=1.0814
2025-04-19T16:25:34Z INFO     Train Epoch: 1 [23040/60000 (38%)]	loss=1.0569
2025-04-19T16:25:34Z INFO     Train Epoch: 1 [24320/60000 (41%)]	loss=1.0199
2025-04-19T16:25:34Z INFO     Train Epoch: 1 [25600/60000 (43%)]	loss=0.9028
2025-04-19T16:25:35Z INFO     Train Epoch: 1 [26880/60000 (45%)]	loss=1.0211
2025-04-19T16:25:35Z INFO     Train Epoch: 1 [28160/60000 (47%)]	loss=1.0533
2025-04-19T16:25:35Z INFO     Train Epoch: 1 [29440/60000 (49%)]	loss=0.9009
2025-04-19T16:25:35Z INFO     Train Epoch: 1 [30720/60000 (51%)]	loss=0.7917
2025-04-19T16:25:36Z INFO     Train Epoch: 1 [32000/60000 (53%)]	loss=1.1956
2025-04-19T16:25:36Z INFO     Train Epoch: 1 [33280/60000 (55%)]	loss=1.0281
2025-04-19T16:25:36Z INFO     Train Epoch: 1 [34560/60000 (58%)]	loss=0.9581
2025-04-19T16:25:36Z INFO     Train Epoch: 1 [35840/60000 (60%)]	loss=0.7878
2025-04-19T16:25:37Z INFO     Train Epoch: 1 [37120/60000 (62%)]	loss=0.9321
2025-04-19T16:25:37Z INFO     Train Epoch: 1 [38400/60000 (64%)]	loss=0.9506
2025-04-19T16:25:37Z INFO     Train Epoch: 1 [39680/60000 (66%)]	loss=0.8623
2025-04-19T16:25:37Z INFO     Train Epoch: 1 [40960/60000 (68%)]	loss=0.8079
2025-04-19T16:25:37Z INFO     Train Epoch: 1 [42240/60000 (70%)]	loss=0.8882
2025-04-19T16:25:38Z INFO     Train Epoch: 1 [43520/60000 (72%)]	loss=0.9432
2025-04-19T16:25:38Z INFO     Train Epoch: 1 [44800/60000 (75%)]	loss=0.9381
2025-04-19T16:25:38Z INFO     Train Epoch: 1 [46080/60000 (77%)]	loss=0.8234
2025-04-19T16:25:38Z INFO     Train Epoch: 1 [47360/60000 (79%)]	loss=0.7675
2025-04-19T16:25:38Z INFO     Train Epoch: 1 [48640/60000 (81%)]	loss=0.8704
2025-04-19T16:25:39Z INFO     Train Epoch: 1 [49920/60000 (83%)]	loss=0.8687
2025-04-19T16:25:39Z INFO     Train Epoch: 1 [51200/60000 (85%)]	loss=0.7846
2025-04-19T16:25:39Z INFO     Train Epoch: 1 [52480/60000 (87%)]	loss=0.6900
2025-04-19T16:25:39Z INFO     Train Epoch: 1 [53760/60000 (90%)]	loss=0.8076
2025-04-19T16:25:39Z INFO     Train Epoch: 1 [55040/60000 (92%)]	loss=0.8784
2025-04-19T16:25:40Z INFO     Train Epoch: 1 [56320/60000 (94%)]	loss=0.8607
2025-04-19T16:25:40Z INFO     Train Epoch: 1 [57600/60000 (96%)]	loss=0.9266
2025-04-19T16:25:40Z INFO     Train Epoch: 1 [58880/60000 (98%)]	loss=0.7714
2025-04-19T16:25:41Z INFO     {metricName: accuracy, metricValue: 0.6874};{metricName: loss, metricValue: 0.8280}

2025-04-19T16:25:41Z INFO     Train Epoch: 2 [0/60000 (0%)]	loss=0.7507
2025-04-19T16:25:41Z INFO     Train Epoch: 2 [1280/60000 (2%)]	loss=0.6783
2025-04-19T16:25:42Z INFO     Train Epoch: 2 [2560/60000 (4%)]	loss=0.7739
2025-04-19T16:25:42Z INFO     Train Epoch: 2 [3840/60000 (6%)]	loss=0.7713
2025-04-19T16:25:42Z INFO     Train Epoch: 2 [5120/60000 (9%)]	loss=0.7509
2025-04-19T16:25:42Z INFO     Train Epoch: 2 [6400/60000 (11%)]	loss=0.7431
2025-04-19T16:25:42Z INFO     Train Epoch: 2 [7680/60000 (13%)]	loss=0.7574
2025-04-19T16:25:43Z INFO     Train Epoch: 2 [8960/60000 (15%)]	loss=0.6618
2025-04-19T16:25:43Z INFO     Train Epoch: 2 [10240/60000 (17%)]	loss=0.7533
2025-04-19T16:25:43Z INFO     Train Epoch: 2 [11520/60000 (19%)]	loss=0.6045
2025-04-19T16:25:43Z INFO     Train Epoch: 2 [12800/60000 (21%)]	loss=0.7410
2025-04-19T16:25:43Z INFO     Train Epoch: 2 [14080/60000 (23%)]	loss=0.7003
2025-04-19T16:25:44Z INFO     Train Epoch: 2 [15360/60000 (26%)]	loss=0.7817
2025-04-19T16:25:44Z INFO     Train Epoch: 2 [16640/60000 (28%)]	loss=0.6448
2025-04-19T16:25:44Z INFO     Train Epoch: 2 [17920/60000 (30%)]	loss=0.7493
2025-04-19T16:25:44Z INFO     Train Epoch: 2 [19200/60000 (32%)]	loss=0.5672
2025-04-19T16:25:44Z INFO     Train Epoch: 2 [20480/60000 (34%)]	loss=0.7985
2025-04-19T16:25:45Z INFO     Train Epoch: 2 [21760/60000 (36%)]	loss=0.6857
2025-04-19T16:25:45Z INFO     Train Epoch: 2 [23040/60000 (38%)]	loss=0.6721
2025-04-19T16:25:45Z INFO     Train Epoch: 2 [24320/60000 (41%)]	loss=0.6470
2025-04-19T16:25:45Z INFO     Train Epoch: 2 [25600/60000 (43%)]	loss=0.6499
2025-04-19T16:25:45Z INFO     Train Epoch: 2 [26880/60000 (45%)]	loss=0.7610
2025-04-19T16:25:46Z INFO     Train Epoch: 2 [28160/60000 (47%)]	loss=0.5763
2025-04-19T16:25:46Z INFO     Train Epoch: 2 [29440/60000 (49%)]	loss=0.8768
2025-04-19T16:25:46Z INFO     Train Epoch: 2 [30720/60000 (51%)]	loss=0.6954
2025-04-19T16:25:46Z INFO     Train Epoch: 2 [32000/60000 (53%)]	loss=0.7682
2025-04-19T16:25:46Z INFO     Train Epoch: 2 [33280/60000 (55%)]	loss=0.6701
2025-04-19T16:25:47Z INFO     Train Epoch: 2 [34560/60000 (58%)]	loss=0.5752
2025-04-19T16:25:47Z INFO     Train Epoch: 2 [35840/60000 (60%)]	loss=0.5409
2025-04-19T16:25:47Z INFO     Train Epoch: 2 [37120/60000 (62%)]	loss=0.7482
2025-04-19T16:25:47Z INFO     Train Epoch: 2 [38400/60000 (64%)]	loss=0.6820
2025-04-19T16:25:47Z INFO     Train Epoch: 2 [39680/60000 (66%)]	loss=0.6245
2025-04-19T16:25:48Z INFO     Train Epoch: 2 [40960/60000 (68%)]	loss=0.7620
2025-04-19T16:25:48Z INFO     Train Epoch: 2 [42240/60000 (70%)]	loss=0.7596
2025-04-19T16:25:48Z INFO     Train Epoch: 2 [43520/60000 (72%)]	loss=0.5811
2025-04-19T16:25:48Z INFO     Train Epoch: 2 [44800/60000 (75%)]	loss=0.5788
2025-04-19T16:25:49Z INFO     Train Epoch: 2 [46080/60000 (77%)]	loss=0.6865
2025-04-19T16:25:49Z INFO     Train Epoch: 2 [47360/60000 (79%)]	loss=0.7646
2025-04-19T16:25:49Z INFO     Train Epoch: 2 [48640/60000 (81%)]	loss=0.5810
2025-04-19T16:25:49Z INFO     Train Epoch: 2 [49920/60000 (83%)]	loss=0.6998
2025-04-19T16:25:49Z INFO     Train Epoch: 2 [51200/60000 (85%)]	loss=0.8259
2025-04-19T16:25:50Z INFO     Train Epoch: 2 [52480/60000 (87%)]	loss=0.5801
2025-04-19T16:25:50Z INFO     Train Epoch: 2 [53760/60000 (90%)]	loss=0.5217
2025-04-19T16:25:50Z INFO     Train Epoch: 2 [55040/60000 (92%)]	loss=0.6882
2025-04-19T16:25:50Z INFO     Train Epoch: 2 [56320/60000 (94%)]	loss=0.7080
2025-04-19T16:25:50Z INFO     Train Epoch: 2 [57600/60000 (96%)]	loss=0.5108
2025-04-19T16:25:50Z INFO     Train Epoch: 2 [58880/60000 (98%)]	loss=0.5985
2025-04-19T16:25:52Z INFO     {metricName: accuracy, metricValue: 0.7606};{metricName: loss, metricValue: 0.6530}

2025-04-19T16:25:52Z INFO     Train Epoch: 3 [0/60000 (0%)]	loss=0.5431
2025-04-19T16:25:52Z INFO     Train Epoch: 3 [1280/60000 (2%)]	loss=0.6458
2025-04-19T16:25:52Z INFO     Train Epoch: 3 [2560/60000 (4%)]	loss=0.5532
2025-04-19T16:25:52Z INFO     Train Epoch: 3 [3840/60000 (6%)]	loss=0.5118
2025-04-19T16:25:52Z INFO     Train Epoch: 3 [5120/60000 (9%)]	loss=0.5638
2025-04-19T16:25:53Z INFO     Train Epoch: 3 [6400/60000 (11%)]	loss=0.6533
2025-04-19T16:25:53Z INFO     Train Epoch: 3 [7680/60000 (13%)]	loss=0.5258
2025-04-19T16:25:53Z INFO     Train Epoch: 3 [8960/60000 (15%)]	loss=0.6373
2025-04-19T16:25:53Z INFO     Train Epoch: 3 [10240/60000 (17%)]	loss=0.6502
2025-04-19T16:25:53Z INFO     Train Epoch: 3 [11520/60000 (19%)]	loss=0.4752
2025-04-19T16:25:54Z INFO     Train Epoch: 3 [12800/60000 (21%)]	loss=0.6902
2025-04-19T16:25:54Z INFO     Train Epoch: 3 [14080/60000 (23%)]	loss=0.6613
2025-04-19T16:25:54Z INFO     Train Epoch: 3 [15360/60000 (26%)]	loss=0.6990
2025-04-19T16:25:54Z INFO     Train Epoch: 3 [16640/60000 (28%)]	loss=0.5774
2025-04-19T16:25:54Z INFO     Train Epoch: 3 [17920/60000 (30%)]	loss=0.6530
2025-04-19T16:25:55Z INFO     Train Epoch: 3 [19200/60000 (32%)]	loss=0.6463
2025-04-19T16:25:55Z INFO     Train Epoch: 3 [20480/60000 (34%)]	loss=0.6267
2025-04-19T16:25:55Z INFO     Train Epoch: 3 [21760/60000 (36%)]	loss=0.4616
2025-04-19T16:25:55Z INFO     Train Epoch: 3 [23040/60000 (38%)]	loss=0.7005
2025-04-19T16:25:55Z INFO     Train Epoch: 3 [24320/60000 (41%)]	loss=0.6105
2025-04-19T16:25:56Z INFO     Train Epoch: 3 [25600/60000 (43%)]	loss=0.5664
2025-04-19T16:25:56Z INFO     Train Epoch: 3 [26880/60000 (45%)]	loss=0.5170
2025-04-19T16:25:56Z INFO     Train Epoch: 3 [28160/60000 (47%)]	loss=0.6811
2025-04-19T16:25:56Z INFO     Train Epoch: 3 [29440/60000 (49%)]	loss=0.6091
2025-04-19T16:25:56Z INFO     Train Epoch: 3 [30720/60000 (51%)]	loss=0.6063
2025-04-19T16:25:57Z INFO     Train Epoch: 3 [32000/60000 (53%)]	loss=0.6240
2025-04-19T16:25:57Z INFO     Train Epoch: 3 [33280/60000 (55%)]	loss=0.6730
2025-04-19T16:25:57Z INFO     Train Epoch: 3 [34560/60000 (58%)]	loss=0.5922
2025-04-19T16:25:57Z INFO     Train Epoch: 3 [35840/60000 (60%)]	loss=0.5704
2025-04-19T16:25:57Z INFO     Train Epoch: 3 [37120/60000 (62%)]	loss=0.5752
2025-04-19T16:25:58Z INFO     Train Epoch: 3 [38400/60000 (64%)]	loss=0.4603
2025-04-19T16:25:58Z INFO     Train Epoch: 3 [39680/60000 (66%)]	loss=0.5211
2025-04-19T16:25:58Z INFO     Train Epoch: 3 [40960/60000 (68%)]	loss=0.5727
2025-04-19T16:25:58Z INFO     Train Epoch: 3 [42240/60000 (70%)]	loss=0.5971
2025-04-19T16:25:58Z INFO     Train Epoch: 3 [43520/60000 (72%)]	loss=0.7322
2025-04-19T16:25:59Z INFO     Train Epoch: 3 [44800/60000 (75%)]	loss=0.5748
2025-04-19T16:25:59Z INFO     Train Epoch: 3 [46080/60000 (77%)]	loss=0.5907
2025-04-19T16:25:59Z INFO     Train Epoch: 3 [47360/60000 (79%)]	loss=0.5956
2025-04-19T16:25:59Z INFO     Train Epoch: 3 [48640/60000 (81%)]	loss=0.5152
2025-04-19T16:25:59Z INFO     Train Epoch: 3 [49920/60000 (83%)]	loss=0.6273
2025-04-19T16:26:00Z INFO     Train Epoch: 3 [51200/60000 (85%)]	loss=0.6635
2025-04-19T16:26:00Z INFO     Train Epoch: 3 [52480/60000 (87%)]	loss=0.6333
2025-04-19T16:26:00Z INFO     Train Epoch: 3 [53760/60000 (90%)]	loss=0.6292
2025-04-19T16:26:00Z INFO     Train Epoch: 3 [55040/60000 (92%)]	loss=0.6003
2025-04-19T16:26:00Z INFO     Train Epoch: 3 [56320/60000 (94%)]	loss=0.6403
2025-04-19T16:26:01Z INFO     Train Epoch: 3 [57600/60000 (96%)]	loss=0.5180
2025-04-19T16:26:01Z INFO     Train Epoch: 3 [58880/60000 (98%)]	loss=0.7654
2025-04-19T16:26:02Z INFO     {metricName: accuracy, metricValue: 0.7763};{metricName: loss, metricValue: 0.5938}

2025-04-19T16:26:02Z INFO     Train Epoch: 4 [0/60000 (0%)]	loss=0.6214
2025-04-19T16:26:02Z INFO     Train Epoch: 4 [1280/60000 (2%)]	loss=0.5154
2025-04-19T16:26:02Z INFO     Train Epoch: 4 [2560/60000 (4%)]	loss=0.4968
2025-04-19T16:26:03Z INFO     Train Epoch: 4 [3840/60000 (6%)]	loss=0.5834
2025-04-19T16:26:03Z INFO     Train Epoch: 4 [5120/60000 (9%)]	loss=0.5004
2025-04-19T16:26:03Z INFO     Train Epoch: 4 [6400/60000 (11%)]	loss=0.5468
2025-04-19T16:26:03Z INFO     Train Epoch: 4 [7680/60000 (13%)]	loss=0.6094
2025-04-19T16:26:03Z INFO     Train Epoch: 4 [8960/60000 (15%)]	loss=0.4795
2025-04-19T16:26:04Z INFO     Train Epoch: 4 [10240/60000 (17%)]	loss=0.6005
2025-04-19T16:26:04Z INFO     Train Epoch: 4 [11520/60000 (19%)]	loss=0.4619
2025-04-19T16:26:04Z INFO     Train Epoch: 4 [12800/60000 (21%)]	loss=0.5887
2025-04-19T16:26:04Z INFO     Train Epoch: 4 [14080/60000 (23%)]	loss=0.5860
2025-04-19T16:26:04Z INFO     Train Epoch: 4 [15360/60000 (26%)]	loss=0.6096
2025-04-19T16:26:05Z INFO     Train Epoch: 4 [16640/60000 (28%)]	loss=0.5976
2025-04-19T16:26:05Z INFO     Train Epoch: 4 [17920/60000 (30%)]	loss=0.5366
2025-04-19T16:26:05Z INFO     Train Epoch: 4 [19200/60000 (32%)]	loss=0.5669
2025-04-19T16:26:05Z INFO     Train Epoch: 4 [20480/60000 (34%)]	loss=0.4883
2025-04-19T16:26:05Z INFO     Train Epoch: 4 [21760/60000 (36%)]	loss=0.5480
2025-04-19T16:26:06Z INFO     Train Epoch: 4 [23040/60000 (38%)]	loss=0.6159
2025-04-19T16:26:06Z INFO     Train Epoch: 4 [24320/60000 (41%)]	loss=0.4901
2025-04-19T16:26:06Z INFO     Train Epoch: 4 [25600/60000 (43%)]	loss=0.5082
2025-04-19T16:26:06Z INFO     Train Epoch: 4 [26880/60000 (45%)]	loss=0.6024
2025-04-19T16:26:07Z INFO     Train Epoch: 4 [28160/60000 (47%)]	loss=0.4016
2025-04-19T16:26:07Z INFO     Train Epoch: 4 [29440/60000 (49%)]	loss=0.4867
2025-04-19T16:26:07Z INFO     Train Epoch: 4 [30720/60000 (51%)]	loss=0.5140
2025-04-19T16:26:07Z INFO     Train Epoch: 4 [32000/60000 (53%)]	loss=0.4837
2025-04-19T16:26:07Z INFO     Train Epoch: 4 [33280/60000 (55%)]	loss=0.5308
2025-04-19T16:26:08Z INFO     Train Epoch: 4 [34560/60000 (58%)]	loss=0.5412
2025-04-19T16:26:08Z INFO     Train Epoch: 4 [35840/60000 (60%)]	loss=0.4973
2025-04-19T16:26:08Z INFO     Train Epoch: 4 [37120/60000 (62%)]	loss=0.4522
2025-04-19T16:26:08Z INFO     Train Epoch: 4 [38400/60000 (64%)]	loss=0.5651
2025-04-19T16:26:08Z INFO     Train Epoch: 4 [39680/60000 (66%)]	loss=0.4892
2025-04-19T16:26:09Z INFO     Train Epoch: 4 [40960/60000 (68%)]	loss=0.5171
2025-04-19T16:26:09Z INFO     Train Epoch: 4 [42240/60000 (70%)]	loss=0.6549
2025-04-19T16:26:09Z INFO     Train Epoch: 4 [43520/60000 (72%)]	loss=0.5724
2025-04-19T16:26:09Z INFO     Train Epoch: 4 [44800/60000 (75%)]	loss=0.6370
2025-04-19T16:26:09Z INFO     Train Epoch: 4 [46080/60000 (77%)]	loss=0.5452
2025-04-19T16:26:10Z INFO     Train Epoch: 4 [47360/60000 (79%)]	loss=0.4495
2025-04-19T16:26:10Z INFO     Train Epoch: 4 [48640/60000 (81%)]	loss=0.4371
2025-04-19T16:26:10Z INFO     Train Epoch: 4 [49920/60000 (83%)]	loss=0.5647
2025-04-19T16:26:10Z INFO     Train Epoch: 4 [51200/60000 (85%)]	loss=0.5488
2025-04-19T16:26:10Z INFO     Train Epoch: 4 [52480/60000 (87%)]	loss=0.4794
2025-04-19T16:26:11Z INFO     Train Epoch: 4 [53760/60000 (90%)]	loss=0.4872
2025-04-19T16:26:11Z INFO     Train Epoch: 4 [55040/60000 (92%)]	loss=0.5643
2025-04-19T16:26:11Z INFO     Train Epoch: 4 [56320/60000 (94%)]	loss=0.4391
2025-04-19T16:26:11Z INFO     Train Epoch: 4 [57600/60000 (96%)]	loss=0.3741
2025-04-19T16:26:11Z INFO     Train Epoch: 4 [58880/60000 (98%)]	loss=0.4254
2025-04-19T16:26:12Z INFO     {metricName: accuracy, metricValue: 0.8075};{metricName: loss, metricValue: 0.5311}


real	0m55.574s
user	1m19.033s
sys	0m34.588s
