Using CUDA
Using distributed PyTorch with nccl backend
2025-04-19T16:23:28Z INFO     Added key: store_based_barrier_key:1 to store for rank: 0
2025-04-19T16:23:28Z INFO     Rank 0: Completed store-based barrier for key:store_based_barrier_key:1 with 2 nodes.
2025-04-19T16:23:32Z INFO     Train Epoch: 1 [0/60000 (0%)]	loss=2.3015
2025-04-19T16:23:32Z INFO     Reducer buckets have been rebuilt in this iteration.
2025-04-19T16:23:32Z INFO     Train Epoch: 1 [1280/60000 (2%)]	loss=2.2863
2025-04-19T16:23:32Z INFO     Train Epoch: 1 [2560/60000 (4%)]	loss=2.2854
2025-04-19T16:23:32Z INFO     Train Epoch: 1 [3840/60000 (6%)]	loss=2.2727
2025-04-19T16:23:33Z INFO     Train Epoch: 1 [5120/60000 (9%)]	loss=2.2693
2025-04-19T16:23:33Z INFO     Train Epoch: 1 [6400/60000 (11%)]	loss=2.2500
2025-04-19T16:23:33Z INFO     Train Epoch: 1 [7680/60000 (13%)]	loss=2.2420
2025-04-19T16:23:33Z INFO     Train Epoch: 1 [8960/60000 (15%)]	loss=2.2029
2025-04-19T16:23:34Z INFO     Train Epoch: 1 [10240/60000 (17%)]	loss=2.1878
2025-04-19T16:23:34Z INFO     Train Epoch: 1 [11520/60000 (19%)]	loss=2.1322
2025-04-19T16:23:34Z INFO     Train Epoch: 1 [12800/60000 (21%)]	loss=2.0497
2025-04-19T16:23:34Z INFO     Train Epoch: 1 [14080/60000 (23%)]	loss=1.9476
2025-04-19T16:23:35Z INFO     Train Epoch: 1 [15360/60000 (26%)]	loss=1.7656
2025-04-19T16:23:35Z INFO     Train Epoch: 1 [16640/60000 (28%)]	loss=1.5976
2025-04-19T16:23:35Z INFO     Train Epoch: 1 [17920/60000 (30%)]	loss=1.3735
2025-04-19T16:23:35Z INFO     Train Epoch: 1 [19200/60000 (32%)]	loss=1.3091
2025-04-19T16:23:35Z INFO     Train Epoch: 1 [20480/60000 (34%)]	loss=1.1872
2025-04-19T16:23:36Z INFO     Train Epoch: 1 [21760/60000 (36%)]	loss=1.0811
2025-04-19T16:23:36Z INFO     Train Epoch: 1 [23040/60000 (38%)]	loss=1.0564
2025-04-19T16:23:36Z INFO     Train Epoch: 1 [24320/60000 (41%)]	loss=1.0198
2025-04-19T16:23:36Z INFO     Train Epoch: 1 [25600/60000 (43%)]	loss=0.9024
2025-04-19T16:23:36Z INFO     Train Epoch: 1 [26880/60000 (45%)]	loss=1.0218
2025-04-19T16:23:37Z INFO     Train Epoch: 1 [28160/60000 (47%)]	loss=1.0540
2025-04-19T16:23:37Z INFO     Train Epoch: 1 [29440/60000 (49%)]	loss=0.9027
2025-04-19T16:23:37Z INFO     Train Epoch: 1 [30720/60000 (51%)]	loss=0.7920
2025-04-19T16:23:37Z INFO     Train Epoch: 1 [32000/60000 (53%)]	loss=1.1956
2025-04-19T16:23:38Z INFO     Train Epoch: 1 [33280/60000 (55%)]	loss=1.0281
2025-04-19T16:23:38Z INFO     Train Epoch: 1 [34560/60000 (58%)]	loss=0.9577
2025-04-19T16:23:38Z INFO     Train Epoch: 1 [35840/60000 (60%)]	loss=0.7877
2025-04-19T16:23:38Z INFO     Train Epoch: 1 [37120/60000 (62%)]	loss=0.9334
2025-04-19T16:23:39Z INFO     Train Epoch: 1 [38400/60000 (64%)]	loss=0.9513
2025-04-19T16:23:39Z INFO     Train Epoch: 1 [39680/60000 (66%)]	loss=0.8622
2025-04-19T16:23:39Z INFO     Train Epoch: 1 [40960/60000 (68%)]	loss=0.8075
2025-04-19T16:23:39Z INFO     Train Epoch: 1 [42240/60000 (70%)]	loss=0.8861
2025-04-19T16:23:39Z INFO     Train Epoch: 1 [43520/60000 (72%)]	loss=0.9441
2025-04-19T16:23:40Z INFO     Train Epoch: 1 [44800/60000 (75%)]	loss=0.9370
2025-04-19T16:23:40Z INFO     Train Epoch: 1 [46080/60000 (77%)]	loss=0.8235
2025-04-19T16:23:40Z INFO     Train Epoch: 1 [47360/60000 (79%)]	loss=0.7672
2025-04-19T16:23:40Z INFO     Train Epoch: 1 [48640/60000 (81%)]	loss=0.8699
2025-04-19T16:23:41Z INFO     Train Epoch: 1 [49920/60000 (83%)]	loss=0.8687
2025-04-19T16:23:41Z INFO     Train Epoch: 1 [51200/60000 (85%)]	loss=0.7851
2025-04-19T16:23:41Z INFO     Train Epoch: 1 [52480/60000 (87%)]	loss=0.6896
2025-04-19T16:23:41Z INFO     Train Epoch: 1 [53760/60000 (90%)]	loss=0.8084
2025-04-19T16:23:41Z INFO     Train Epoch: 1 [55040/60000 (92%)]	loss=0.8777
2025-04-19T16:23:42Z INFO     Train Epoch: 1 [56320/60000 (94%)]	loss=0.8596
2025-04-19T16:23:42Z INFO     Train Epoch: 1 [57600/60000 (96%)]	loss=0.9268
2025-04-19T16:23:42Z INFO     Train Epoch: 1 [58880/60000 (98%)]	loss=0.7715
2025-04-19T16:23:43Z INFO     {metricName: accuracy, metricValue: 0.6873};{metricName: loss, metricValue: 0.8284}

2025-04-19T16:23:43Z INFO     Train Epoch: 2 [0/60000 (0%)]	loss=0.7508
2025-04-19T16:23:43Z INFO     Train Epoch: 2 [1280/60000 (2%)]	loss=0.6780
2025-04-19T16:23:44Z INFO     Train Epoch: 2 [2560/60000 (4%)]	loss=0.7748
2025-04-19T16:23:44Z INFO     Train Epoch: 2 [3840/60000 (6%)]	loss=0.7718
2025-04-19T16:23:44Z INFO     Train Epoch: 2 [5120/60000 (9%)]	loss=0.7505
2025-04-19T16:23:44Z INFO     Train Epoch: 2 [6400/60000 (11%)]	loss=0.7419
2025-04-19T16:23:44Z INFO     Train Epoch: 2 [7680/60000 (13%)]	loss=0.7576
2025-04-19T16:23:45Z INFO     Train Epoch: 2 [8960/60000 (15%)]	loss=0.6601
2025-04-19T16:23:45Z INFO     Train Epoch: 2 [10240/60000 (17%)]	loss=0.7529
2025-04-19T16:23:45Z INFO     Train Epoch: 2 [11520/60000 (19%)]	loss=0.6046
2025-04-19T16:23:45Z INFO     Train Epoch: 2 [12800/60000 (21%)]	loss=0.7414
2025-04-19T16:23:45Z INFO     Train Epoch: 2 [14080/60000 (23%)]	loss=0.6997
2025-04-19T16:23:46Z INFO     Train Epoch: 2 [15360/60000 (26%)]	loss=0.7801
2025-04-19T16:23:46Z INFO     Train Epoch: 2 [16640/60000 (28%)]	loss=0.6444
2025-04-19T16:23:46Z INFO     Train Epoch: 2 [17920/60000 (30%)]	loss=0.7492
2025-04-19T16:23:46Z INFO     Train Epoch: 2 [19200/60000 (32%)]	loss=0.5680
2025-04-19T16:23:47Z INFO     Train Epoch: 2 [20480/60000 (34%)]	loss=0.7984
2025-04-19T16:23:47Z INFO     Train Epoch: 2 [21760/60000 (36%)]	loss=0.6868
2025-04-19T16:23:47Z INFO     Train Epoch: 2 [23040/60000 (38%)]	loss=0.6714
2025-04-19T16:23:47Z INFO     Train Epoch: 2 [24320/60000 (41%)]	loss=0.6474
2025-04-19T16:23:47Z INFO     Train Epoch: 2 [25600/60000 (43%)]	loss=0.6495
2025-04-19T16:23:48Z INFO     Train Epoch: 2 [26880/60000 (45%)]	loss=0.7623
2025-04-19T16:23:48Z INFO     Train Epoch: 2 [28160/60000 (47%)]	loss=0.5769
2025-04-19T16:23:48Z INFO     Train Epoch: 2 [29440/60000 (49%)]	loss=0.8781
2025-04-19T16:23:48Z INFO     Train Epoch: 2 [30720/60000 (51%)]	loss=0.6955
2025-04-19T16:23:49Z INFO     Train Epoch: 2 [32000/60000 (53%)]	loss=0.7691
2025-04-19T16:23:49Z INFO     Train Epoch: 2 [33280/60000 (55%)]	loss=0.6702
2025-04-19T16:23:49Z INFO     Train Epoch: 2 [34560/60000 (58%)]	loss=0.5758
2025-04-19T16:23:49Z INFO     Train Epoch: 2 [35840/60000 (60%)]	loss=0.5411
2025-04-19T16:23:49Z INFO     Train Epoch: 2 [37120/60000 (62%)]	loss=0.7483
2025-04-19T16:23:50Z INFO     Train Epoch: 2 [38400/60000 (64%)]	loss=0.6821
2025-04-19T16:23:50Z INFO     Train Epoch: 2 [39680/60000 (66%)]	loss=0.6232
2025-04-19T16:23:50Z INFO     Train Epoch: 2 [40960/60000 (68%)]	loss=0.7625
2025-04-19T16:23:50Z INFO     Train Epoch: 2 [42240/60000 (70%)]	loss=0.7595
2025-04-19T16:23:50Z INFO     Train Epoch: 2 [43520/60000 (72%)]	loss=0.5810
2025-04-19T16:23:51Z INFO     Train Epoch: 2 [44800/60000 (75%)]	loss=0.5777
2025-04-19T16:23:51Z INFO     Train Epoch: 2 [46080/60000 (77%)]	loss=0.6873
2025-04-19T16:23:51Z INFO     Train Epoch: 2 [47360/60000 (79%)]	loss=0.7636
2025-04-19T16:23:51Z INFO     Train Epoch: 2 [48640/60000 (81%)]	loss=0.5819
2025-04-19T16:23:52Z INFO     Train Epoch: 2 [49920/60000 (83%)]	loss=0.6972
2025-04-19T16:23:52Z INFO     Train Epoch: 2 [51200/60000 (85%)]	loss=0.8264
2025-04-19T16:23:52Z INFO     Train Epoch: 2 [52480/60000 (87%)]	loss=0.5801
2025-04-19T16:23:52Z INFO     Train Epoch: 2 [53760/60000 (90%)]	loss=0.5224
2025-04-19T16:23:52Z INFO     Train Epoch: 2 [55040/60000 (92%)]	loss=0.6883
2025-04-19T16:23:53Z INFO     Train Epoch: 2 [56320/60000 (94%)]	loss=0.7085
2025-04-19T16:23:53Z INFO     Train Epoch: 2 [57600/60000 (96%)]	loss=0.5102
2025-04-19T16:23:53Z INFO     Train Epoch: 2 [58880/60000 (98%)]	loss=0.5999
2025-04-19T16:23:54Z INFO     {metricName: accuracy, metricValue: 0.7616};{metricName: loss, metricValue: 0.6530}

2025-04-19T16:23:54Z INFO     Train Epoch: 3 [0/60000 (0%)]	loss=0.5433
2025-04-19T16:23:54Z INFO     Train Epoch: 3 [1280/60000 (2%)]	loss=0.6455
2025-04-19T16:23:55Z INFO     Train Epoch: 3 [2560/60000 (4%)]	loss=0.5536
2025-04-19T16:23:55Z INFO     Train Epoch: 3 [3840/60000 (6%)]	loss=0.5116
2025-04-19T16:23:55Z INFO     Train Epoch: 3 [5120/60000 (9%)]	loss=0.5639
2025-04-19T16:23:55Z INFO     Train Epoch: 3 [6400/60000 (11%)]	loss=0.6521
2025-04-19T16:23:55Z INFO     Train Epoch: 3 [7680/60000 (13%)]	loss=0.5253
2025-04-19T16:23:56Z INFO     Train Epoch: 3 [8960/60000 (15%)]	loss=0.6366
2025-04-19T16:23:56Z INFO     Train Epoch: 3 [10240/60000 (17%)]	loss=0.6501
2025-04-19T16:23:56Z INFO     Train Epoch: 3 [11520/60000 (19%)]	loss=0.4748
2025-04-19T16:23:56Z INFO     Train Epoch: 3 [12800/60000 (21%)]	loss=0.6915
2025-04-19T16:23:56Z INFO     Train Epoch: 3 [14080/60000 (23%)]	loss=0.6608
2025-04-19T16:23:57Z INFO     Train Epoch: 3 [15360/60000 (26%)]	loss=0.6991
2025-04-19T16:23:57Z INFO     Train Epoch: 3 [16640/60000 (28%)]	loss=0.5785
2025-04-19T16:23:57Z INFO     Train Epoch: 3 [17920/60000 (30%)]	loss=0.6542
2025-04-19T16:23:57Z INFO     Train Epoch: 3 [19200/60000 (32%)]	loss=0.6457
2025-04-19T16:23:57Z INFO     Train Epoch: 3 [20480/60000 (34%)]	loss=0.6266
2025-04-19T16:23:58Z INFO     Train Epoch: 3 [21760/60000 (36%)]	loss=0.4614
2025-04-19T16:23:58Z INFO     Train Epoch: 3 [23040/60000 (38%)]	loss=0.7004
2025-04-19T16:23:58Z INFO     Train Epoch: 3 [24320/60000 (41%)]	loss=0.6102
2025-04-19T16:23:58Z INFO     Train Epoch: 3 [25600/60000 (43%)]	loss=0.5675
2025-04-19T16:23:58Z INFO     Train Epoch: 3 [26880/60000 (45%)]	loss=0.5174
2025-04-19T16:23:58Z INFO     Train Epoch: 3 [28160/60000 (47%)]	loss=0.6816
2025-04-19T16:23:59Z INFO     Train Epoch: 3 [29440/60000 (49%)]	loss=0.6095
2025-04-19T16:23:59Z INFO     Train Epoch: 3 [30720/60000 (51%)]	loss=0.6053
2025-04-19T16:23:59Z INFO     Train Epoch: 3 [32000/60000 (53%)]	loss=0.6232
2025-04-19T16:23:59Z INFO     Train Epoch: 3 [33280/60000 (55%)]	loss=0.6735
2025-04-19T16:23:59Z INFO     Train Epoch: 3 [34560/60000 (58%)]	loss=0.5920
2025-04-19T16:24:00Z INFO     Train Epoch: 3 [35840/60000 (60%)]	loss=0.5699
2025-04-19T16:24:00Z INFO     Train Epoch: 3 [37120/60000 (62%)]	loss=0.5756
2025-04-19T16:24:00Z INFO     Train Epoch: 3 [38400/60000 (64%)]	loss=0.4588
2025-04-19T16:24:00Z INFO     Train Epoch: 3 [39680/60000 (66%)]	loss=0.5215
2025-04-19T16:24:00Z INFO     Train Epoch: 3 [40960/60000 (68%)]	loss=0.5728
2025-04-19T16:24:01Z INFO     Train Epoch: 3 [42240/60000 (70%)]	loss=0.5972
2025-04-19T16:24:01Z INFO     Train Epoch: 3 [43520/60000 (72%)]	loss=0.7303
2025-04-19T16:24:01Z INFO     Train Epoch: 3 [44800/60000 (75%)]	loss=0.5759
2025-04-19T16:24:01Z INFO     Train Epoch: 3 [46080/60000 (77%)]	loss=0.5912
2025-04-19T16:24:01Z INFO     Train Epoch: 3 [47360/60000 (79%)]	loss=0.5948
2025-04-19T16:24:02Z INFO     Train Epoch: 3 [48640/60000 (81%)]	loss=0.5155
2025-04-19T16:24:02Z INFO     Train Epoch: 3 [49920/60000 (83%)]	loss=0.6281
2025-04-19T16:24:02Z INFO     Train Epoch: 3 [51200/60000 (85%)]	loss=0.6632
2025-04-19T16:24:02Z INFO     Train Epoch: 3 [52480/60000 (87%)]	loss=0.6324
2025-04-19T16:24:02Z INFO     Train Epoch: 3 [53760/60000 (90%)]	loss=0.6277
2025-04-19T16:24:02Z INFO     Train Epoch: 3 [55040/60000 (92%)]	loss=0.6004
2025-04-19T16:24:03Z INFO     Train Epoch: 3 [56320/60000 (94%)]	loss=0.6384
2025-04-19T16:24:03Z INFO     Train Epoch: 3 [57600/60000 (96%)]	loss=0.5196
2025-04-19T16:24:03Z INFO     Train Epoch: 3 [58880/60000 (98%)]	loss=0.7660
2025-04-19T16:24:04Z INFO     {metricName: accuracy, metricValue: 0.7753};{metricName: loss, metricValue: 0.5951}

2025-04-19T16:24:04Z INFO     Train Epoch: 4 [0/60000 (0%)]	loss=0.6220
2025-04-19T16:24:04Z INFO     Train Epoch: 4 [1280/60000 (2%)]	loss=0.5150
2025-04-19T16:24:05Z INFO     Train Epoch: 4 [2560/60000 (4%)]	loss=0.4988
2025-04-19T16:24:05Z INFO     Train Epoch: 4 [3840/60000 (6%)]	loss=0.5826
2025-04-19T16:24:05Z INFO     Train Epoch: 4 [5120/60000 (9%)]	loss=0.5009
2025-04-19T16:24:05Z INFO     Train Epoch: 4 [6400/60000 (11%)]	loss=0.5473
2025-04-19T16:24:05Z INFO     Train Epoch: 4 [7680/60000 (13%)]	loss=0.6101
2025-04-19T16:24:05Z INFO     Train Epoch: 4 [8960/60000 (15%)]	loss=0.4798
2025-04-19T16:24:06Z INFO     Train Epoch: 4 [10240/60000 (17%)]	loss=0.6011
2025-04-19T16:24:06Z INFO     Train Epoch: 4 [11520/60000 (19%)]	loss=0.4608
2025-04-19T16:24:06Z INFO     Train Epoch: 4 [12800/60000 (21%)]	loss=0.5893
2025-04-19T16:24:06Z INFO     Train Epoch: 4 [14080/60000 (23%)]	loss=0.5858
2025-04-19T16:24:06Z INFO     Train Epoch: 4 [15360/60000 (26%)]	loss=0.6087
2025-04-19T16:24:07Z INFO     Train Epoch: 4 [16640/60000 (28%)]	loss=0.5989
2025-04-19T16:24:07Z INFO     Train Epoch: 4 [17920/60000 (30%)]	loss=0.5380
2025-04-19T16:24:07Z INFO     Train Epoch: 4 [19200/60000 (32%)]	loss=0.5700
2025-04-19T16:24:07Z INFO     Train Epoch: 4 [20480/60000 (34%)]	loss=0.4887
2025-04-19T16:24:07Z INFO     Train Epoch: 4 [21760/60000 (36%)]	loss=0.5469
2025-04-19T16:24:08Z INFO     Train Epoch: 4 [23040/60000 (38%)]	loss=0.6167
2025-04-19T16:24:08Z INFO     Train Epoch: 4 [24320/60000 (41%)]	loss=0.4900
2025-04-19T16:24:08Z INFO     Train Epoch: 4 [25600/60000 (43%)]	loss=0.5093
2025-04-19T16:24:08Z INFO     Train Epoch: 4 [26880/60000 (45%)]	loss=0.6023
2025-04-19T16:24:08Z INFO     Train Epoch: 4 [28160/60000 (47%)]	loss=0.4008
2025-04-19T16:24:09Z INFO     Train Epoch: 4 [29440/60000 (49%)]	loss=0.4880
2025-04-19T16:24:09Z INFO     Train Epoch: 4 [30720/60000 (51%)]	loss=0.5149
2025-04-19T16:24:09Z INFO     Train Epoch: 4 [32000/60000 (53%)]	loss=0.4829
2025-04-19T16:24:09Z INFO     Train Epoch: 4 [33280/60000 (55%)]	loss=0.5315
2025-04-19T16:24:09Z INFO     Train Epoch: 4 [34560/60000 (58%)]	loss=0.5411
2025-04-19T16:24:10Z INFO     Train Epoch: 4 [35840/60000 (60%)]	loss=0.4958
2025-04-19T16:24:10Z INFO     Train Epoch: 4 [37120/60000 (62%)]	loss=0.4518
2025-04-19T16:24:10Z INFO     Train Epoch: 4 [38400/60000 (64%)]	loss=0.5623
2025-04-19T16:24:10Z INFO     Train Epoch: 4 [39680/60000 (66%)]	loss=0.4878
2025-04-19T16:24:10Z INFO     Train Epoch: 4 [40960/60000 (68%)]	loss=0.5170
2025-04-19T16:24:11Z INFO     Train Epoch: 4 [42240/60000 (70%)]	loss=0.6548
2025-04-19T16:24:11Z INFO     Train Epoch: 4 [43520/60000 (72%)]	loss=0.5740
2025-04-19T16:24:11Z INFO     Train Epoch: 4 [44800/60000 (75%)]	loss=0.6397
2025-04-19T16:24:11Z INFO     Train Epoch: 4 [46080/60000 (77%)]	loss=0.5458
2025-04-19T16:24:11Z INFO     Train Epoch: 4 [47360/60000 (79%)]	loss=0.4501
2025-04-19T16:24:12Z INFO     Train Epoch: 4 [48640/60000 (81%)]	loss=0.4369
2025-04-19T16:24:12Z INFO     Train Epoch: 4 [49920/60000 (83%)]	loss=0.5651
2025-04-19T16:24:12Z INFO     Train Epoch: 4 [51200/60000 (85%)]	loss=0.5507
2025-04-19T16:24:12Z INFO     Train Epoch: 4 [52480/60000 (87%)]	loss=0.4776
2025-04-19T16:24:12Z INFO     Train Epoch: 4 [53760/60000 (90%)]	loss=0.4857
2025-04-19T16:24:12Z INFO     Train Epoch: 4 [55040/60000 (92%)]	loss=0.5659
2025-04-19T16:24:13Z INFO     Train Epoch: 4 [56320/60000 (94%)]	loss=0.4378
2025-04-19T16:24:13Z INFO     Train Epoch: 4 [57600/60000 (96%)]	loss=0.3735
2025-04-19T16:24:13Z INFO     Train Epoch: 4 [58880/60000 (98%)]	loss=0.4256
2025-04-19T16:24:14Z INFO     {metricName: accuracy, metricValue: 0.8075};{metricName: loss, metricValue: 0.5321}


real	0m50.157s
user	1m19.019s
sys	0m34.047s
