Using CUDA
Using distributed PyTorch with nccl backend
2025-04-19T15:57:05Z INFO     Added key: store_based_barrier_key:1 to store for rank: 0
2025-04-19T15:57:05Z INFO     Rank 0: Completed store-based barrier for key:store_based_barrier_key:1 with 4 nodes.
2025-04-19T15:57:08Z INFO     Train Epoch: 1 [0/60000 (0%)]	loss=2.3015
2025-04-19T15:57:08Z INFO     Reducer buckets have been rebuilt in this iteration.
2025-04-19T15:57:08Z INFO     Train Epoch: 1 [1280/60000 (2%)]	loss=2.2863
2025-04-19T15:57:08Z INFO     Train Epoch: 1 [2560/60000 (4%)]	loss=2.2854
2025-04-19T15:57:09Z INFO     Train Epoch: 1 [3840/60000 (6%)]	loss=2.2727
2025-04-19T15:57:09Z INFO     Train Epoch: 1 [5120/60000 (9%)]	loss=2.2693
2025-04-19T15:57:09Z INFO     Train Epoch: 1 [6400/60000 (11%)]	loss=2.2500
2025-04-19T15:57:09Z INFO     Train Epoch: 1 [7680/60000 (13%)]	loss=2.2421
2025-04-19T15:57:09Z INFO     Train Epoch: 1 [8960/60000 (15%)]	loss=2.2028
2025-04-19T15:57:09Z INFO     Train Epoch: 1 [10240/60000 (17%)]	loss=2.1878
2025-04-19T15:57:09Z INFO     Train Epoch: 1 [11520/60000 (19%)]	loss=2.1322
2025-04-19T15:57:09Z INFO     Train Epoch: 1 [12800/60000 (21%)]	loss=2.0497
2025-04-19T15:57:09Z INFO     Train Epoch: 1 [14080/60000 (23%)]	loss=1.9478
2025-04-19T15:57:10Z INFO     Train Epoch: 1 [15360/60000 (26%)]	loss=1.7656
2025-04-19T15:57:10Z INFO     Train Epoch: 1 [16640/60000 (28%)]	loss=1.5977
2025-04-19T15:57:10Z INFO     Train Epoch: 1 [17920/60000 (30%)]	loss=1.3735
2025-04-19T15:57:10Z INFO     Train Epoch: 1 [19200/60000 (32%)]	loss=1.3090
2025-04-19T15:57:10Z INFO     Train Epoch: 1 [20480/60000 (34%)]	loss=1.1859
2025-04-19T15:57:10Z INFO     Train Epoch: 1 [21760/60000 (36%)]	loss=1.0813
2025-04-19T15:57:10Z INFO     Train Epoch: 1 [23040/60000 (38%)]	loss=1.0571
2025-04-19T15:57:10Z INFO     Train Epoch: 1 [24320/60000 (41%)]	loss=1.0200
2025-04-19T15:57:10Z INFO     Train Epoch: 1 [25600/60000 (43%)]	loss=0.9023
2025-04-19T15:57:11Z INFO     Train Epoch: 1 [26880/60000 (45%)]	loss=1.0206
2025-04-19T15:57:11Z INFO     Train Epoch: 1 [28160/60000 (47%)]	loss=1.0549
2025-04-19T15:57:11Z INFO     Train Epoch: 1 [29440/60000 (49%)]	loss=0.9006
2025-04-19T15:57:11Z INFO     Train Epoch: 1 [30720/60000 (51%)]	loss=0.7917
2025-04-19T15:57:11Z INFO     Train Epoch: 1 [32000/60000 (53%)]	loss=1.1953
2025-04-19T15:57:11Z INFO     Train Epoch: 1 [33280/60000 (55%)]	loss=1.0264
2025-04-19T15:57:11Z INFO     Train Epoch: 1 [34560/60000 (58%)]	loss=0.9582
2025-04-19T15:57:11Z INFO     Train Epoch: 1 [35840/60000 (60%)]	loss=0.7878
2025-04-19T15:57:11Z INFO     Train Epoch: 1 [37120/60000 (62%)]	loss=0.9341
2025-04-19T15:57:12Z INFO     Train Epoch: 1 [38400/60000 (64%)]	loss=0.9497
2025-04-19T15:57:12Z INFO     Train Epoch: 1 [39680/60000 (66%)]	loss=0.8619
2025-04-19T15:57:12Z INFO     Train Epoch: 1 [40960/60000 (68%)]	loss=0.8079
2025-04-19T15:57:12Z INFO     Train Epoch: 1 [42240/60000 (70%)]	loss=0.8873
2025-04-19T15:57:12Z INFO     Train Epoch: 1 [43520/60000 (72%)]	loss=0.9441
2025-04-19T15:57:12Z INFO     Train Epoch: 1 [44800/60000 (75%)]	loss=0.9357
2025-04-19T15:57:12Z INFO     Train Epoch: 1 [46080/60000 (77%)]	loss=0.8234
2025-04-19T15:57:12Z INFO     Train Epoch: 1 [47360/60000 (79%)]	loss=0.7677
2025-04-19T15:57:12Z INFO     Train Epoch: 1 [48640/60000 (81%)]	loss=0.8695
2025-04-19T15:57:13Z INFO     Train Epoch: 1 [49920/60000 (83%)]	loss=0.8681
2025-04-19T15:57:13Z INFO     Train Epoch: 1 [51200/60000 (85%)]	loss=0.7886
2025-04-19T15:57:13Z INFO     Train Epoch: 1 [52480/60000 (87%)]	loss=0.6896
2025-04-19T15:57:13Z INFO     Train Epoch: 1 [53760/60000 (90%)]	loss=0.8083
2025-04-19T15:57:13Z INFO     Train Epoch: 1 [55040/60000 (92%)]	loss=0.8795
2025-04-19T15:57:13Z INFO     Train Epoch: 1 [56320/60000 (94%)]	loss=0.8596
2025-04-19T15:57:13Z INFO     Train Epoch: 1 [57600/60000 (96%)]	loss=0.9265
2025-04-19T15:57:13Z INFO     Train Epoch: 1 [58880/60000 (98%)]	loss=0.7704
2025-04-19T15:57:14Z INFO     {metricName: accuracy, metricValue: 0.6868};{metricName: loss, metricValue: 0.8285}

2025-04-19T15:57:14Z INFO     Train Epoch: 2 [0/60000 (0%)]	loss=0.7513
2025-04-19T15:57:14Z INFO     Train Epoch: 2 [1280/60000 (2%)]	loss=0.6788
2025-04-19T15:57:15Z INFO     Train Epoch: 2 [2560/60000 (4%)]	loss=0.7739
2025-04-19T15:57:15Z INFO     Train Epoch: 2 [3840/60000 (6%)]	loss=0.7717
2025-04-19T15:57:15Z INFO     Train Epoch: 2 [5120/60000 (9%)]	loss=0.7502
2025-04-19T15:57:15Z INFO     Train Epoch: 2 [6400/60000 (11%)]	loss=0.7423
2025-04-19T15:57:15Z INFO     Train Epoch: 2 [7680/60000 (13%)]	loss=0.7577
2025-04-19T15:57:15Z INFO     Train Epoch: 2 [8960/60000 (15%)]	loss=0.6611
2025-04-19T15:57:15Z INFO     Train Epoch: 2 [10240/60000 (17%)]	loss=0.7530
2025-04-19T15:57:15Z INFO     Train Epoch: 2 [11520/60000 (19%)]	loss=0.6045
2025-04-19T15:57:16Z INFO     Train Epoch: 2 [12800/60000 (21%)]	loss=0.7421
2025-04-19T15:57:16Z INFO     Train Epoch: 2 [14080/60000 (23%)]	loss=0.6986
2025-04-19T15:57:16Z INFO     Train Epoch: 2 [15360/60000 (26%)]	loss=0.7807
2025-04-19T15:57:16Z INFO     Train Epoch: 2 [16640/60000 (28%)]	loss=0.6447
2025-04-19T15:57:16Z INFO     Train Epoch: 2 [17920/60000 (30%)]	loss=0.7487
2025-04-19T15:57:16Z INFO     Train Epoch: 2 [19200/60000 (32%)]	loss=0.5676
2025-04-19T15:57:16Z INFO     Train Epoch: 2 [20480/60000 (34%)]	loss=0.7994
2025-04-19T15:57:16Z INFO     Train Epoch: 2 [21760/60000 (36%)]	loss=0.6857
2025-04-19T15:57:16Z INFO     Train Epoch: 2 [23040/60000 (38%)]	loss=0.6720
2025-04-19T15:57:17Z INFO     Train Epoch: 2 [24320/60000 (41%)]	loss=0.6471
2025-04-19T15:57:17Z INFO     Train Epoch: 2 [25600/60000 (43%)]	loss=0.6485
2025-04-19T15:57:17Z INFO     Train Epoch: 2 [26880/60000 (45%)]	loss=0.7603
2025-04-19T15:57:17Z INFO     Train Epoch: 2 [28160/60000 (47%)]	loss=0.5769
2025-04-19T15:57:17Z INFO     Train Epoch: 2 [29440/60000 (49%)]	loss=0.8767
2025-04-19T15:57:17Z INFO     Train Epoch: 2 [30720/60000 (51%)]	loss=0.6952
2025-04-19T15:57:17Z INFO     Train Epoch: 2 [32000/60000 (53%)]	loss=0.7683
2025-04-19T15:57:17Z INFO     Train Epoch: 2 [33280/60000 (55%)]	loss=0.6694
2025-04-19T15:57:17Z INFO     Train Epoch: 2 [34560/60000 (58%)]	loss=0.5776
2025-04-19T15:57:18Z INFO     Train Epoch: 2 [35840/60000 (60%)]	loss=0.5407
2025-04-19T15:57:18Z INFO     Train Epoch: 2 [37120/60000 (62%)]	loss=0.7471
2025-04-19T15:57:18Z INFO     Train Epoch: 2 [38400/60000 (64%)]	loss=0.6814
2025-04-19T15:57:18Z INFO     Train Epoch: 2 [39680/60000 (66%)]	loss=0.6234
2025-04-19T15:57:18Z INFO     Train Epoch: 2 [40960/60000 (68%)]	loss=0.7624
2025-04-19T15:57:18Z INFO     Train Epoch: 2 [42240/60000 (70%)]	loss=0.7595
2025-04-19T15:57:18Z INFO     Train Epoch: 2 [43520/60000 (72%)]	loss=0.5814
2025-04-19T15:57:18Z INFO     Train Epoch: 2 [44800/60000 (75%)]	loss=0.5776
2025-04-19T15:57:18Z INFO     Train Epoch: 2 [46080/60000 (77%)]	loss=0.6868
2025-04-19T15:57:19Z INFO     Train Epoch: 2 [47360/60000 (79%)]	loss=0.7652
2025-04-19T15:57:19Z INFO     Train Epoch: 2 [48640/60000 (81%)]	loss=0.5820
2025-04-19T15:57:19Z INFO     Train Epoch: 2 [49920/60000 (83%)]	loss=0.6986
2025-04-19T15:57:19Z INFO     Train Epoch: 2 [51200/60000 (85%)]	loss=0.8259
2025-04-19T15:57:19Z INFO     Train Epoch: 2 [52480/60000 (87%)]	loss=0.5801
2025-04-19T15:57:19Z INFO     Train Epoch: 2 [53760/60000 (90%)]	loss=0.5228
2025-04-19T15:57:19Z INFO     Train Epoch: 2 [55040/60000 (92%)]	loss=0.6880
2025-04-19T15:57:19Z INFO     Train Epoch: 2 [56320/60000 (94%)]	loss=0.7082
2025-04-19T15:57:19Z INFO     Train Epoch: 2 [57600/60000 (96%)]	loss=0.5105
2025-04-19T15:57:20Z INFO     Train Epoch: 2 [58880/60000 (98%)]	loss=0.5999
2025-04-19T15:57:20Z INFO     {metricName: accuracy, metricValue: 0.7612};{metricName: loss, metricValue: 0.6533}

2025-04-19T15:57:21Z INFO     Train Epoch: 3 [0/60000 (0%)]	loss=0.5431
2025-04-19T15:57:21Z INFO     Train Epoch: 3 [1280/60000 (2%)]	loss=0.6464
2025-04-19T15:57:21Z INFO     Train Epoch: 3 [2560/60000 (4%)]	loss=0.5537
2025-04-19T15:57:21Z INFO     Train Epoch: 3 [3840/60000 (6%)]	loss=0.5123
2025-04-19T15:57:21Z INFO     Train Epoch: 3 [5120/60000 (9%)]	loss=0.5640
2025-04-19T15:57:21Z INFO     Train Epoch: 3 [6400/60000 (11%)]	loss=0.6521
2025-04-19T15:57:21Z INFO     Train Epoch: 3 [7680/60000 (13%)]	loss=0.5262
2025-04-19T15:57:21Z INFO     Train Epoch: 3 [8960/60000 (15%)]	loss=0.6361
2025-04-19T15:57:21Z INFO     Train Epoch: 3 [10240/60000 (17%)]	loss=0.6502
2025-04-19T15:57:22Z INFO     Train Epoch: 3 [11520/60000 (19%)]	loss=0.4746
2025-04-19T15:57:22Z INFO     Train Epoch: 3 [12800/60000 (21%)]	loss=0.6920
2025-04-19T15:57:22Z INFO     Train Epoch: 3 [14080/60000 (23%)]	loss=0.6604
2025-04-19T15:57:22Z INFO     Train Epoch: 3 [15360/60000 (26%)]	loss=0.7001
2025-04-19T15:57:22Z INFO     Train Epoch: 3 [16640/60000 (28%)]	loss=0.5778
2025-04-19T15:57:22Z INFO     Train Epoch: 3 [17920/60000 (30%)]	loss=0.6528
2025-04-19T15:57:22Z INFO     Train Epoch: 3 [19200/60000 (32%)]	loss=0.6441
2025-04-19T15:57:22Z INFO     Train Epoch: 3 [20480/60000 (34%)]	loss=0.6263
2025-04-19T15:57:22Z INFO     Train Epoch: 3 [21760/60000 (36%)]	loss=0.4618
2025-04-19T15:57:23Z INFO     Train Epoch: 3 [23040/60000 (38%)]	loss=0.7010
2025-04-19T15:57:23Z INFO     Train Epoch: 3 [24320/60000 (41%)]	loss=0.6103
2025-04-19T15:57:23Z INFO     Train Epoch: 3 [25600/60000 (43%)]	loss=0.5665
2025-04-19T15:57:23Z INFO     Train Epoch: 3 [26880/60000 (45%)]	loss=0.5160
2025-04-19T15:57:23Z INFO     Train Epoch: 3 [28160/60000 (47%)]	loss=0.6793
2025-04-19T15:57:23Z INFO     Train Epoch: 3 [29440/60000 (49%)]	loss=0.6101
2025-04-19T15:57:23Z INFO     Train Epoch: 3 [30720/60000 (51%)]	loss=0.6056
2025-04-19T15:57:23Z INFO     Train Epoch: 3 [32000/60000 (53%)]	loss=0.6256
2025-04-19T15:57:23Z INFO     Train Epoch: 3 [33280/60000 (55%)]	loss=0.6735
2025-04-19T15:57:24Z INFO     Train Epoch: 3 [34560/60000 (58%)]	loss=0.5930
2025-04-19T15:57:24Z INFO     Train Epoch: 3 [35840/60000 (60%)]	loss=0.5715
2025-04-19T15:57:24Z INFO     Train Epoch: 3 [37120/60000 (62%)]	loss=0.5748
2025-04-19T15:57:24Z INFO     Train Epoch: 3 [38400/60000 (64%)]	loss=0.4601
2025-04-19T15:57:24Z INFO     Train Epoch: 3 [39680/60000 (66%)]	loss=0.5217
2025-04-19T15:57:24Z INFO     Train Epoch: 3 [40960/60000 (68%)]	loss=0.5734
2025-04-19T15:57:24Z INFO     Train Epoch: 3 [42240/60000 (70%)]	loss=0.5979
2025-04-19T15:57:24Z INFO     Train Epoch: 3 [43520/60000 (72%)]	loss=0.7317
2025-04-19T15:57:24Z INFO     Train Epoch: 3 [44800/60000 (75%)]	loss=0.5760
2025-04-19T15:57:25Z INFO     Train Epoch: 3 [46080/60000 (77%)]	loss=0.5913
2025-04-19T15:57:25Z INFO     Train Epoch: 3 [47360/60000 (79%)]	loss=0.5948
2025-04-19T15:57:25Z INFO     Train Epoch: 3 [48640/60000 (81%)]	loss=0.5146
2025-04-19T15:57:25Z INFO     Train Epoch: 3 [49920/60000 (83%)]	loss=0.6275
2025-04-19T15:57:25Z INFO     Train Epoch: 3 [51200/60000 (85%)]	loss=0.6665
2025-04-19T15:57:25Z INFO     Train Epoch: 3 [52480/60000 (87%)]	loss=0.6343
2025-04-19T15:57:25Z INFO     Train Epoch: 3 [53760/60000 (90%)]	loss=0.6286
2025-04-19T15:57:25Z INFO     Train Epoch: 3 [55040/60000 (92%)]	loss=0.5998
2025-04-19T15:57:26Z INFO     Train Epoch: 3 [56320/60000 (94%)]	loss=0.6398
2025-04-19T15:57:26Z INFO     Train Epoch: 3 [57600/60000 (96%)]	loss=0.5177
2025-04-19T15:57:26Z INFO     Train Epoch: 3 [58880/60000 (98%)]	loss=0.7660
2025-04-19T15:57:27Z INFO     {metricName: accuracy, metricValue: 0.7758};{metricName: loss, metricValue: 0.5950}

2025-04-19T15:57:27Z INFO     Train Epoch: 4 [0/60000 (0%)]	loss=0.6214
2025-04-19T15:57:27Z INFO     Train Epoch: 4 [1280/60000 (2%)]	loss=0.5158
2025-04-19T15:57:27Z INFO     Train Epoch: 4 [2560/60000 (4%)]	loss=0.4971
2025-04-19T15:57:27Z INFO     Train Epoch: 4 [3840/60000 (6%)]	loss=0.5828
2025-04-19T15:57:27Z INFO     Train Epoch: 4 [5120/60000 (9%)]	loss=0.5007
2025-04-19T15:57:27Z INFO     Train Epoch: 4 [6400/60000 (11%)]	loss=0.5478
2025-04-19T15:57:27Z INFO     Train Epoch: 4 [7680/60000 (13%)]	loss=0.6109
2025-04-19T15:57:27Z INFO     Train Epoch: 4 [8960/60000 (15%)]	loss=0.4808
2025-04-19T15:57:28Z INFO     Train Epoch: 4 [10240/60000 (17%)]	loss=0.5998
2025-04-19T15:57:28Z INFO     Train Epoch: 4 [11520/60000 (19%)]	loss=0.4627
2025-04-19T15:57:28Z INFO     Train Epoch: 4 [12800/60000 (21%)]	loss=0.5894
2025-04-19T15:57:28Z INFO     Train Epoch: 4 [14080/60000 (23%)]	loss=0.5861
2025-04-19T15:57:28Z INFO     Train Epoch: 4 [15360/60000 (26%)]	loss=0.6084
2025-04-19T15:57:28Z INFO     Train Epoch: 4 [16640/60000 (28%)]	loss=0.5967
2025-04-19T15:57:28Z INFO     Train Epoch: 4 [17920/60000 (30%)]	loss=0.5376
2025-04-19T15:57:28Z INFO     Train Epoch: 4 [19200/60000 (32%)]	loss=0.5672
2025-04-19T15:57:28Z INFO     Train Epoch: 4 [20480/60000 (34%)]	loss=0.4880
2025-04-19T15:57:29Z INFO     Train Epoch: 4 [21760/60000 (36%)]	loss=0.5474
2025-04-19T15:57:29Z INFO     Train Epoch: 4 [23040/60000 (38%)]	loss=0.6167
2025-04-19T15:57:29Z INFO     Train Epoch: 4 [24320/60000 (41%)]	loss=0.4908
2025-04-19T15:57:29Z INFO     Train Epoch: 4 [25600/60000 (43%)]	loss=0.5078
2025-04-19T15:57:29Z INFO     Train Epoch: 4 [26880/60000 (45%)]	loss=0.6026
2025-04-19T15:57:29Z INFO     Train Epoch: 4 [28160/60000 (47%)]	loss=0.4006
2025-04-19T15:57:29Z INFO     Train Epoch: 4 [29440/60000 (49%)]	loss=0.4873
2025-04-19T15:57:29Z INFO     Train Epoch: 4 [30720/60000 (51%)]	loss=0.5149
2025-04-19T15:57:29Z INFO     Train Epoch: 4 [32000/60000 (53%)]	loss=0.4844
2025-04-19T15:57:30Z INFO     Train Epoch: 4 [33280/60000 (55%)]	loss=0.5325
2025-04-19T15:57:30Z INFO     Train Epoch: 4 [34560/60000 (58%)]	loss=0.5404
2025-04-19T15:57:30Z INFO     Train Epoch: 4 [35840/60000 (60%)]	loss=0.4975
2025-04-19T15:57:30Z INFO     Train Epoch: 4 [37120/60000 (62%)]	loss=0.4540
2025-04-19T15:57:30Z INFO     Train Epoch: 4 [38400/60000 (64%)]	loss=0.5646
2025-04-19T15:57:30Z INFO     Train Epoch: 4 [39680/60000 (66%)]	loss=0.4881
2025-04-19T15:57:30Z INFO     Train Epoch: 4 [40960/60000 (68%)]	loss=0.5175
2025-04-19T15:57:30Z INFO     Train Epoch: 4 [42240/60000 (70%)]	loss=0.6521
2025-04-19T15:57:31Z INFO     Train Epoch: 4 [43520/60000 (72%)]	loss=0.5704
2025-04-19T15:57:31Z INFO     Train Epoch: 4 [44800/60000 (75%)]	loss=0.6385
2025-04-19T15:57:31Z INFO     Train Epoch: 4 [46080/60000 (77%)]	loss=0.5447
2025-04-19T15:57:31Z INFO     Train Epoch: 4 [47360/60000 (79%)]	loss=0.4494
2025-04-19T15:57:31Z INFO     Train Epoch: 4 [48640/60000 (81%)]	loss=0.4386
2025-04-19T15:57:31Z INFO     Train Epoch: 4 [49920/60000 (83%)]	loss=0.5652
2025-04-19T15:57:31Z INFO     Train Epoch: 4 [51200/60000 (85%)]	loss=0.5490
2025-04-19T15:57:31Z INFO     Train Epoch: 4 [52480/60000 (87%)]	loss=0.4799
2025-04-19T15:57:31Z INFO     Train Epoch: 4 [53760/60000 (90%)]	loss=0.4884
2025-04-19T15:57:32Z INFO     Train Epoch: 4 [55040/60000 (92%)]	loss=0.5638
2025-04-19T15:57:32Z INFO     Train Epoch: 4 [56320/60000 (94%)]	loss=0.4400
2025-04-19T15:57:32Z INFO     Train Epoch: 4 [57600/60000 (96%)]	loss=0.3751
2025-04-19T15:57:32Z INFO     Train Epoch: 4 [58880/60000 (98%)]	loss=0.4254
2025-04-19T15:57:33Z INFO     {metricName: accuracy, metricValue: 0.8062};{metricName: loss, metricValue: 0.5321}


real	1m1.663s
user	0m56.135s
sys	0m19.277s
