Using CUDA
Using distributed PyTorch with nccl backend
2025-04-19T15:49:13Z INFO     Added key: store_based_barrier_key:1 to store for rank: 0
2025-04-19T15:49:14Z INFO     Rank 0: Completed store-based barrier for key:store_based_barrier_key:1 with 4 nodes.
2025-04-19T15:49:17Z INFO     Train Epoch: 1 [0/60000 (0%)]	loss=2.3015
2025-04-19T15:49:17Z INFO     Reducer buckets have been rebuilt in this iteration.
2025-04-19T15:49:17Z INFO     Train Epoch: 1 [1280/60000 (2%)]	loss=2.2863
2025-04-19T15:49:17Z INFO     Train Epoch: 1 [2560/60000 (4%)]	loss=2.2854
2025-04-19T15:49:17Z INFO     Train Epoch: 1 [3840/60000 (6%)]	loss=2.2727
2025-04-19T15:49:17Z INFO     Train Epoch: 1 [5120/60000 (9%)]	loss=2.2693
2025-04-19T15:49:18Z INFO     Train Epoch: 1 [6400/60000 (11%)]	loss=2.2500
2025-04-19T15:49:18Z INFO     Train Epoch: 1 [7680/60000 (13%)]	loss=2.2421
2025-04-19T15:49:18Z INFO     Train Epoch: 1 [8960/60000 (15%)]	loss=2.2029
2025-04-19T15:49:18Z INFO     Train Epoch: 1 [10240/60000 (17%)]	loss=2.1878
2025-04-19T15:49:18Z INFO     Train Epoch: 1 [11520/60000 (19%)]	loss=2.1321
2025-04-19T15:49:18Z INFO     Train Epoch: 1 [12800/60000 (21%)]	loss=2.0496
2025-04-19T15:49:18Z INFO     Train Epoch: 1 [14080/60000 (23%)]	loss=1.9477
2025-04-19T15:49:18Z INFO     Train Epoch: 1 [15360/60000 (26%)]	loss=1.7654
2025-04-19T15:49:18Z INFO     Train Epoch: 1 [16640/60000 (28%)]	loss=1.5976
2025-04-19T15:49:19Z INFO     Train Epoch: 1 [17920/60000 (30%)]	loss=1.3736
2025-04-19T15:49:19Z INFO     Train Epoch: 1 [19200/60000 (32%)]	loss=1.3091
2025-04-19T15:49:19Z INFO     Train Epoch: 1 [20480/60000 (34%)]	loss=1.1875
2025-04-19T15:49:19Z INFO     Train Epoch: 1 [21760/60000 (36%)]	loss=1.0812
2025-04-19T15:49:19Z INFO     Train Epoch: 1 [23040/60000 (38%)]	loss=1.0568
2025-04-19T15:49:19Z INFO     Train Epoch: 1 [24320/60000 (41%)]	loss=1.0202
2025-04-19T15:49:19Z INFO     Train Epoch: 1 [25600/60000 (43%)]	loss=0.9024
2025-04-19T15:49:19Z INFO     Train Epoch: 1 [26880/60000 (45%)]	loss=1.0211
2025-04-19T15:49:19Z INFO     Train Epoch: 1 [28160/60000 (47%)]	loss=1.0534
2025-04-19T15:49:20Z INFO     Train Epoch: 1 [29440/60000 (49%)]	loss=0.9022
2025-04-19T15:49:20Z INFO     Train Epoch: 1 [30720/60000 (51%)]	loss=0.7926
2025-04-19T15:49:20Z INFO     Train Epoch: 1 [32000/60000 (53%)]	loss=1.1955
2025-04-19T15:49:20Z INFO     Train Epoch: 1 [33280/60000 (55%)]	loss=1.0286
2025-04-19T15:49:20Z INFO     Train Epoch: 1 [34560/60000 (58%)]	loss=0.9588
2025-04-19T15:49:20Z INFO     Train Epoch: 1 [35840/60000 (60%)]	loss=0.7877
2025-04-19T15:49:20Z INFO     Train Epoch: 1 [37120/60000 (62%)]	loss=0.9336
2025-04-19T15:49:20Z INFO     Train Epoch: 1 [38400/60000 (64%)]	loss=0.9523
2025-04-19T15:49:20Z INFO     Train Epoch: 1 [39680/60000 (66%)]	loss=0.8625
2025-04-19T15:49:21Z INFO     Train Epoch: 1 [40960/60000 (68%)]	loss=0.8088
2025-04-19T15:49:21Z INFO     Train Epoch: 1 [42240/60000 (70%)]	loss=0.8880
2025-04-19T15:49:21Z INFO     Train Epoch: 1 [43520/60000 (72%)]	loss=0.9432
2025-04-19T15:49:21Z INFO     Train Epoch: 1 [44800/60000 (75%)]	loss=0.9372
2025-04-19T15:49:21Z INFO     Train Epoch: 1 [46080/60000 (77%)]	loss=0.8242
2025-04-19T15:49:21Z INFO     Train Epoch: 1 [47360/60000 (79%)]	loss=0.7677
2025-04-19T15:49:21Z INFO     Train Epoch: 1 [48640/60000 (81%)]	loss=0.8710
2025-04-19T15:49:21Z INFO     Train Epoch: 1 [49920/60000 (83%)]	loss=0.8714
2025-04-19T15:49:21Z INFO     Train Epoch: 1 [51200/60000 (85%)]	loss=0.7874
2025-04-19T15:49:22Z INFO     Train Epoch: 1 [52480/60000 (87%)]	loss=0.6901
2025-04-19T15:49:22Z INFO     Train Epoch: 1 [53760/60000 (90%)]	loss=0.8081
2025-04-19T15:49:22Z INFO     Train Epoch: 1 [55040/60000 (92%)]	loss=0.8782
2025-04-19T15:49:22Z INFO     Train Epoch: 1 [56320/60000 (94%)]	loss=0.8594
2025-04-19T15:49:22Z INFO     Train Epoch: 1 [57600/60000 (96%)]	loss=0.9273
2025-04-19T15:49:22Z INFO     Train Epoch: 1 [58880/60000 (98%)]	loss=0.7705
2025-04-19T15:49:23Z INFO     {metricName: accuracy, metricValue: 0.6872};{metricName: loss, metricValue: 0.8288}

2025-04-19T15:49:23Z INFO     Train Epoch: 2 [0/60000 (0%)]	loss=0.7507
2025-04-19T15:49:23Z INFO     Train Epoch: 2 [1280/60000 (2%)]	loss=0.6786
2025-04-19T15:49:23Z INFO     Train Epoch: 2 [2560/60000 (4%)]	loss=0.7738
2025-04-19T15:49:23Z INFO     Train Epoch: 2 [3840/60000 (6%)]	loss=0.7716
2025-04-19T15:49:24Z INFO     Train Epoch: 2 [5120/60000 (9%)]	loss=0.7497
2025-04-19T15:49:24Z INFO     Train Epoch: 2 [6400/60000 (11%)]	loss=0.7409
2025-04-19T15:49:24Z INFO     Train Epoch: 2 [7680/60000 (13%)]	loss=0.7574
2025-04-19T15:49:24Z INFO     Train Epoch: 2 [8960/60000 (15%)]	loss=0.6588
2025-04-19T15:49:24Z INFO     Train Epoch: 2 [10240/60000 (17%)]	loss=0.7516
2025-04-19T15:49:24Z INFO     Train Epoch: 2 [11520/60000 (19%)]	loss=0.6045
2025-04-19T15:49:24Z INFO     Train Epoch: 2 [12800/60000 (21%)]	loss=0.7415
2025-04-19T15:49:24Z INFO     Train Epoch: 2 [14080/60000 (23%)]	loss=0.6997
2025-04-19T15:49:24Z INFO     Train Epoch: 2 [15360/60000 (26%)]	loss=0.7801
2025-04-19T15:49:24Z INFO     Train Epoch: 2 [16640/60000 (28%)]	loss=0.6454
2025-04-19T15:49:25Z INFO     Train Epoch: 2 [17920/60000 (30%)]	loss=0.7486
2025-04-19T15:49:25Z INFO     Train Epoch: 2 [19200/60000 (32%)]	loss=0.5684
2025-04-19T15:49:25Z INFO     Train Epoch: 2 [20480/60000 (34%)]	loss=0.7975
2025-04-19T15:49:25Z INFO     Train Epoch: 2 [21760/60000 (36%)]	loss=0.6866
2025-04-19T15:49:25Z INFO     Train Epoch: 2 [23040/60000 (38%)]	loss=0.6716
2025-04-19T15:49:25Z INFO     Train Epoch: 2 [24320/60000 (41%)]	loss=0.6475
2025-04-19T15:49:25Z INFO     Train Epoch: 2 [25600/60000 (43%)]	loss=0.6487
2025-04-19T15:49:25Z INFO     Train Epoch: 2 [26880/60000 (45%)]	loss=0.7626
2025-04-19T15:49:25Z INFO     Train Epoch: 2 [28160/60000 (47%)]	loss=0.5762
2025-04-19T15:49:26Z INFO     Train Epoch: 2 [29440/60000 (49%)]	loss=0.8776
2025-04-19T15:49:26Z INFO     Train Epoch: 2 [30720/60000 (51%)]	loss=0.6952
2025-04-19T15:49:26Z INFO     Train Epoch: 2 [32000/60000 (53%)]	loss=0.7684
2025-04-19T15:49:26Z INFO     Train Epoch: 2 [33280/60000 (55%)]	loss=0.6690
2025-04-19T15:49:26Z INFO     Train Epoch: 2 [34560/60000 (58%)]	loss=0.5762
2025-04-19T15:49:26Z INFO     Train Epoch: 2 [35840/60000 (60%)]	loss=0.5401
2025-04-19T15:49:26Z INFO     Train Epoch: 2 [37120/60000 (62%)]	loss=0.7467
2025-04-19T15:49:26Z INFO     Train Epoch: 2 [38400/60000 (64%)]	loss=0.6813
2025-04-19T15:49:26Z INFO     Train Epoch: 2 [39680/60000 (66%)]	loss=0.6232
2025-04-19T15:49:27Z INFO     Train Epoch: 2 [40960/60000 (68%)]	loss=0.7626
2025-04-19T15:49:27Z INFO     Train Epoch: 2 [42240/60000 (70%)]	loss=0.7593
2025-04-19T15:49:27Z INFO     Train Epoch: 2 [43520/60000 (72%)]	loss=0.5807
2025-04-19T15:49:27Z INFO     Train Epoch: 2 [44800/60000 (75%)]	loss=0.5775
2025-04-19T15:49:27Z INFO     Train Epoch: 2 [46080/60000 (77%)]	loss=0.6866
2025-04-19T15:49:27Z INFO     Train Epoch: 2 [47360/60000 (79%)]	loss=0.7641
2025-04-19T15:49:27Z INFO     Train Epoch: 2 [48640/60000 (81%)]	loss=0.5826
2025-04-19T15:49:27Z INFO     Train Epoch: 2 [49920/60000 (83%)]	loss=0.6995
2025-04-19T15:49:27Z INFO     Train Epoch: 2 [51200/60000 (85%)]	loss=0.8272
2025-04-19T15:49:28Z INFO     Train Epoch: 2 [52480/60000 (87%)]	loss=0.5809
2025-04-19T15:49:28Z INFO     Train Epoch: 2 [53760/60000 (90%)]	loss=0.5220
2025-04-19T15:49:28Z INFO     Train Epoch: 2 [55040/60000 (92%)]	loss=0.6886
2025-04-19T15:49:28Z INFO     Train Epoch: 2 [56320/60000 (94%)]	loss=0.7073
2025-04-19T15:49:28Z INFO     Train Epoch: 2 [57600/60000 (96%)]	loss=0.5105
2025-04-19T15:49:28Z INFO     Train Epoch: 2 [58880/60000 (98%)]	loss=0.5981
2025-04-19T15:49:29Z INFO     {metricName: accuracy, metricValue: 0.7606};{metricName: loss, metricValue: 0.6528}

2025-04-19T15:49:29Z INFO     Train Epoch: 3 [0/60000 (0%)]	loss=0.5432
2025-04-19T15:49:29Z INFO     Train Epoch: 3 [1280/60000 (2%)]	loss=0.6446
2025-04-19T15:49:29Z INFO     Train Epoch: 3 [2560/60000 (4%)]	loss=0.5526
2025-04-19T15:49:29Z INFO     Train Epoch: 3 [3840/60000 (6%)]	loss=0.5118
2025-04-19T15:49:30Z INFO     Train Epoch: 3 [5120/60000 (9%)]	loss=0.5632
2025-04-19T15:49:30Z INFO     Train Epoch: 3 [6400/60000 (11%)]	loss=0.6517
2025-04-19T15:49:30Z INFO     Train Epoch: 3 [7680/60000 (13%)]	loss=0.5267
2025-04-19T15:49:30Z INFO     Train Epoch: 3 [8960/60000 (15%)]	loss=0.6369
2025-04-19T15:49:30Z INFO     Train Epoch: 3 [10240/60000 (17%)]	loss=0.6505
2025-04-19T15:49:30Z INFO     Train Epoch: 3 [11520/60000 (19%)]	loss=0.4749
2025-04-19T15:49:30Z INFO     Train Epoch: 3 [12800/60000 (21%)]	loss=0.6906
2025-04-19T15:49:30Z INFO     Train Epoch: 3 [14080/60000 (23%)]	loss=0.6610
2025-04-19T15:49:31Z INFO     Train Epoch: 3 [15360/60000 (26%)]	loss=0.6979
2025-04-19T15:49:31Z INFO     Train Epoch: 3 [16640/60000 (28%)]	loss=0.5775
2025-04-19T15:49:31Z INFO     Train Epoch: 3 [17920/60000 (30%)]	loss=0.6524
2025-04-19T15:49:31Z INFO     Train Epoch: 3 [19200/60000 (32%)]	loss=0.6454
2025-04-19T15:49:31Z INFO     Train Epoch: 3 [20480/60000 (34%)]	loss=0.6264
2025-04-19T15:49:31Z INFO     Train Epoch: 3 [21760/60000 (36%)]	loss=0.4613
2025-04-19T15:49:31Z INFO     Train Epoch: 3 [23040/60000 (38%)]	loss=0.6997
2025-04-19T15:49:31Z INFO     Train Epoch: 3 [24320/60000 (41%)]	loss=0.6112
2025-04-19T15:49:31Z INFO     Train Epoch: 3 [25600/60000 (43%)]	loss=0.5655
2025-04-19T15:49:32Z INFO     Train Epoch: 3 [26880/60000 (45%)]	loss=0.5168
2025-04-19T15:49:32Z INFO     Train Epoch: 3 [28160/60000 (47%)]	loss=0.6818
2025-04-19T15:49:32Z INFO     Train Epoch: 3 [29440/60000 (49%)]	loss=0.6091
2025-04-19T15:49:32Z INFO     Train Epoch: 3 [30720/60000 (51%)]	loss=0.6063
2025-04-19T15:49:32Z INFO     Train Epoch: 3 [32000/60000 (53%)]	loss=0.6254
2025-04-19T15:49:32Z INFO     Train Epoch: 3 [33280/60000 (55%)]	loss=0.6749
2025-04-19T15:49:32Z INFO     Train Epoch: 3 [34560/60000 (58%)]	loss=0.5921
2025-04-19T15:49:32Z INFO     Train Epoch: 3 [35840/60000 (60%)]	loss=0.5737
2025-04-19T15:49:33Z INFO     Train Epoch: 3 [37120/60000 (62%)]	loss=0.5746
2025-04-19T15:49:33Z INFO     Train Epoch: 3 [38400/60000 (64%)]	loss=0.4600
2025-04-19T15:49:33Z INFO     Train Epoch: 3 [39680/60000 (66%)]	loss=0.5216
2025-04-19T15:49:33Z INFO     Train Epoch: 3 [40960/60000 (68%)]	loss=0.5720
2025-04-19T15:49:33Z INFO     Train Epoch: 3 [42240/60000 (70%)]	loss=0.5978
2025-04-19T15:49:33Z INFO     Train Epoch: 3 [43520/60000 (72%)]	loss=0.7319
2025-04-19T15:49:33Z INFO     Train Epoch: 3 [44800/60000 (75%)]	loss=0.5755
2025-04-19T15:49:33Z INFO     Train Epoch: 3 [46080/60000 (77%)]	loss=0.5897
2025-04-19T15:49:34Z INFO     Train Epoch: 3 [47360/60000 (79%)]	loss=0.5951
2025-04-19T15:49:34Z INFO     Train Epoch: 3 [48640/60000 (81%)]	loss=0.5168
2025-04-19T15:49:34Z INFO     Train Epoch: 3 [49920/60000 (83%)]	loss=0.6271
2025-04-19T15:49:34Z INFO     Train Epoch: 3 [51200/60000 (85%)]	loss=0.6649
2025-04-19T15:49:34Z INFO     Train Epoch: 3 [52480/60000 (87%)]	loss=0.6352
2025-04-19T15:49:34Z INFO     Train Epoch: 3 [53760/60000 (90%)]	loss=0.6289
2025-04-19T15:49:34Z INFO     Train Epoch: 3 [55040/60000 (92%)]	loss=0.6003
2025-04-19T15:49:34Z INFO     Train Epoch: 3 [56320/60000 (94%)]	loss=0.6394
2025-04-19T15:49:34Z INFO     Train Epoch: 3 [57600/60000 (96%)]	loss=0.5189
2025-04-19T15:49:35Z INFO     Train Epoch: 3 [58880/60000 (98%)]	loss=0.7681
2025-04-19T15:49:36Z INFO     {metricName: accuracy, metricValue: 0.7758};{metricName: loss, metricValue: 0.5945}

2025-04-19T15:49:36Z INFO     Train Epoch: 4 [0/60000 (0%)]	loss=0.6223
2025-04-19T15:49:36Z INFO     Train Epoch: 4 [1280/60000 (2%)]	loss=0.5153
2025-04-19T15:49:36Z INFO     Train Epoch: 4 [2560/60000 (4%)]	loss=0.4963
2025-04-19T15:49:36Z INFO     Train Epoch: 4 [3840/60000 (6%)]	loss=0.5837
2025-04-19T15:49:36Z INFO     Train Epoch: 4 [5120/60000 (9%)]	loss=0.5010
2025-04-19T15:49:36Z INFO     Train Epoch: 4 [6400/60000 (11%)]	loss=0.5472
2025-04-19T15:49:36Z INFO     Train Epoch: 4 [7680/60000 (13%)]	loss=0.6098
2025-04-19T15:49:36Z INFO     Train Epoch: 4 [8960/60000 (15%)]	loss=0.4793
2025-04-19T15:49:36Z INFO     Train Epoch: 4 [10240/60000 (17%)]	loss=0.6005
2025-04-19T15:49:37Z INFO     Train Epoch: 4 [11520/60000 (19%)]	loss=0.4626
2025-04-19T15:49:37Z INFO     Train Epoch: 4 [12800/60000 (21%)]	loss=0.5879
2025-04-19T15:49:37Z INFO     Train Epoch: 4 [14080/60000 (23%)]	loss=0.5862
2025-04-19T15:49:37Z INFO     Train Epoch: 4 [15360/60000 (26%)]	loss=0.6091
2025-04-19T15:49:37Z INFO     Train Epoch: 4 [16640/60000 (28%)]	loss=0.5980
2025-04-19T15:49:37Z INFO     Train Epoch: 4 [17920/60000 (30%)]	loss=0.5378
2025-04-19T15:49:37Z INFO     Train Epoch: 4 [19200/60000 (32%)]	loss=0.5691
2025-04-19T15:49:37Z INFO     Train Epoch: 4 [20480/60000 (34%)]	loss=0.4881
2025-04-19T15:49:37Z INFO     Train Epoch: 4 [21760/60000 (36%)]	loss=0.5467
2025-04-19T15:49:38Z INFO     Train Epoch: 4 [23040/60000 (38%)]	loss=0.6161
2025-04-19T15:49:38Z INFO     Train Epoch: 4 [24320/60000 (41%)]	loss=0.4906
2025-04-19T15:49:38Z INFO     Train Epoch: 4 [25600/60000 (43%)]	loss=0.5087
2025-04-19T15:49:38Z INFO     Train Epoch: 4 [26880/60000 (45%)]	loss=0.6025
2025-04-19T15:49:38Z INFO     Train Epoch: 4 [28160/60000 (47%)]	loss=0.4007
2025-04-19T15:49:38Z INFO     Train Epoch: 4 [29440/60000 (49%)]	loss=0.4864
2025-04-19T15:49:38Z INFO     Train Epoch: 4 [30720/60000 (51%)]	loss=0.5152
2025-04-19T15:49:38Z INFO     Train Epoch: 4 [32000/60000 (53%)]	loss=0.4843
2025-04-19T15:49:38Z INFO     Train Epoch: 4 [33280/60000 (55%)]	loss=0.5305
2025-04-19T15:49:39Z INFO     Train Epoch: 4 [34560/60000 (58%)]	loss=0.5391
2025-04-19T15:49:39Z INFO     Train Epoch: 4 [35840/60000 (60%)]	loss=0.4966
2025-04-19T15:49:39Z INFO     Train Epoch: 4 [37120/60000 (62%)]	loss=0.4535
2025-04-19T15:49:39Z INFO     Train Epoch: 4 [38400/60000 (64%)]	loss=0.5640
2025-04-19T15:49:39Z INFO     Train Epoch: 4 [39680/60000 (66%)]	loss=0.4876
2025-04-19T15:49:39Z INFO     Train Epoch: 4 [40960/60000 (68%)]	loss=0.5180
2025-04-19T15:49:39Z INFO     Train Epoch: 4 [42240/60000 (70%)]	loss=0.6528
2025-04-19T15:49:39Z INFO     Train Epoch: 4 [43520/60000 (72%)]	loss=0.5709
2025-04-19T15:49:39Z INFO     Train Epoch: 4 [44800/60000 (75%)]	loss=0.6385
2025-04-19T15:49:40Z INFO     Train Epoch: 4 [46080/60000 (77%)]	loss=0.5468
2025-04-19T15:49:40Z INFO     Train Epoch: 4 [47360/60000 (79%)]	loss=0.4493
2025-04-19T15:49:40Z INFO     Train Epoch: 4 [48640/60000 (81%)]	loss=0.4373
2025-04-19T15:49:40Z INFO     Train Epoch: 4 [49920/60000 (83%)]	loss=0.5659
2025-04-19T15:49:40Z INFO     Train Epoch: 4 [51200/60000 (85%)]	loss=0.5496
2025-04-19T15:49:40Z INFO     Train Epoch: 4 [52480/60000 (87%)]	loss=0.4794
2025-04-19T15:49:40Z INFO     Train Epoch: 4 [53760/60000 (90%)]	loss=0.4861
2025-04-19T15:49:40Z INFO     Train Epoch: 4 [55040/60000 (92%)]	loss=0.5657
2025-04-19T15:49:40Z INFO     Train Epoch: 4 [56320/60000 (94%)]	loss=0.4385
2025-04-19T15:49:41Z INFO     Train Epoch: 4 [57600/60000 (96%)]	loss=0.3733
2025-04-19T15:49:41Z INFO     Train Epoch: 4 [58880/60000 (98%)]	loss=0.4258
2025-04-19T15:49:42Z INFO     {metricName: accuracy, metricValue: 0.8070};{metricName: loss, metricValue: 0.5319}


real	1m1.233s
user	0m56.624s
sys	0m19.431s
