Using CUDA
Using distributed PyTorch with nccl backend
2025-04-19T15:22:40Z INFO     Added key: store_based_barrier_key:1 to store for rank: 0
2025-04-19T15:22:40Z INFO     Rank 0: Completed store-based barrier for key:store_based_barrier_key:1 with 2 nodes.
2025-04-19T15:22:44Z INFO     Train Epoch: 1 [0/60000 (0%)]	loss=2.3015
2025-04-19T15:22:44Z INFO     Reducer buckets have been rebuilt in this iteration.
2025-04-19T15:22:44Z INFO     Train Epoch: 1 [1280/60000 (2%)]	loss=2.2863
2025-04-19T15:22:44Z INFO     Train Epoch: 1 [2560/60000 (4%)]	loss=2.2854
2025-04-19T15:22:44Z INFO     Train Epoch: 1 [3840/60000 (6%)]	loss=2.2727
2025-04-19T15:22:44Z INFO     Train Epoch: 1 [5120/60000 (9%)]	loss=2.2693
2025-04-19T15:22:44Z INFO     Train Epoch: 1 [6400/60000 (11%)]	loss=2.2499
2025-04-19T15:22:44Z INFO     Train Epoch: 1 [7680/60000 (13%)]	loss=2.2420
2025-04-19T15:22:45Z INFO     Train Epoch: 1 [8960/60000 (15%)]	loss=2.2028
2025-04-19T15:22:45Z INFO     Train Epoch: 1 [10240/60000 (17%)]	loss=2.1878
2025-04-19T15:22:45Z INFO     Train Epoch: 1 [11520/60000 (19%)]	loss=2.1322
2025-04-19T15:22:45Z INFO     Train Epoch: 1 [12800/60000 (21%)]	loss=2.0495
2025-04-19T15:22:45Z INFO     Train Epoch: 1 [14080/60000 (23%)]	loss=1.9474
2025-04-19T15:22:45Z INFO     Train Epoch: 1 [15360/60000 (26%)]	loss=1.7653
2025-04-19T15:22:45Z INFO     Train Epoch: 1 [16640/60000 (28%)]	loss=1.5973
2025-04-19T15:22:45Z INFO     Train Epoch: 1 [17920/60000 (30%)]	loss=1.3733
2025-04-19T15:22:45Z INFO     Train Epoch: 1 [19200/60000 (32%)]	loss=1.3091
2025-04-19T15:22:46Z INFO     Train Epoch: 1 [20480/60000 (34%)]	loss=1.1874
2025-04-19T15:22:46Z INFO     Train Epoch: 1 [21760/60000 (36%)]	loss=1.0811
2025-04-19T15:22:46Z INFO     Train Epoch: 1 [23040/60000 (38%)]	loss=1.0566
2025-04-19T15:22:46Z INFO     Train Epoch: 1 [24320/60000 (41%)]	loss=1.0200
2025-04-19T15:22:46Z INFO     Train Epoch: 1 [25600/60000 (43%)]	loss=0.9024
2025-04-19T15:22:46Z INFO     Train Epoch: 1 [26880/60000 (45%)]	loss=1.0216
2025-04-19T15:22:46Z INFO     Train Epoch: 1 [28160/60000 (47%)]	loss=1.0540
2025-04-19T15:22:46Z INFO     Train Epoch: 1 [29440/60000 (49%)]	loss=0.9020
2025-04-19T15:22:46Z INFO     Train Epoch: 1 [30720/60000 (51%)]	loss=0.7914
2025-04-19T15:22:47Z INFO     Train Epoch: 1 [32000/60000 (53%)]	loss=1.1944
2025-04-19T15:22:47Z INFO     Train Epoch: 1 [33280/60000 (55%)]	loss=1.0282
2025-04-19T15:22:47Z INFO     Train Epoch: 1 [34560/60000 (58%)]	loss=0.9575
2025-04-19T15:22:47Z INFO     Train Epoch: 1 [35840/60000 (60%)]	loss=0.7878
2025-04-19T15:22:47Z INFO     Train Epoch: 1 [37120/60000 (62%)]	loss=0.9344
2025-04-19T15:22:47Z INFO     Train Epoch: 1 [38400/60000 (64%)]	loss=0.9499
2025-04-19T15:22:47Z INFO     Train Epoch: 1 [39680/60000 (66%)]	loss=0.8627
2025-04-19T15:22:47Z INFO     Train Epoch: 1 [40960/60000 (68%)]	loss=0.8085
2025-04-19T15:22:47Z INFO     Train Epoch: 1 [42240/60000 (70%)]	loss=0.8872
2025-04-19T15:22:48Z INFO     Train Epoch: 1 [43520/60000 (72%)]	loss=0.9446
2025-04-19T15:22:48Z INFO     Train Epoch: 1 [44800/60000 (75%)]	loss=0.9373
2025-04-19T15:22:48Z INFO     Train Epoch: 1 [46080/60000 (77%)]	loss=0.8244
2025-04-19T15:22:48Z INFO     Train Epoch: 1 [47360/60000 (79%)]	loss=0.7690
2025-04-19T15:22:48Z INFO     Train Epoch: 1 [48640/60000 (81%)]	loss=0.8707
2025-04-19T15:22:48Z INFO     Train Epoch: 1 [49920/60000 (83%)]	loss=0.8686
2025-04-19T15:22:48Z INFO     Train Epoch: 1 [51200/60000 (85%)]	loss=0.7876
2025-04-19T15:22:48Z INFO     Train Epoch: 1 [52480/60000 (87%)]	loss=0.6913
2025-04-19T15:22:48Z INFO     Train Epoch: 1 [53760/60000 (90%)]	loss=0.8082
2025-04-19T15:22:49Z INFO     Train Epoch: 1 [55040/60000 (92%)]	loss=0.8800
2025-04-19T15:22:49Z INFO     Train Epoch: 1 [56320/60000 (94%)]	loss=0.8598
2025-04-19T15:22:49Z INFO     Train Epoch: 1 [57600/60000 (96%)]	loss=0.9282
2025-04-19T15:22:49Z INFO     Train Epoch: 1 [58880/60000 (98%)]	loss=0.7696
2025-04-19T15:22:50Z INFO     {metricName: accuracy, metricValue: 0.6872};{metricName: loss, metricValue: 0.8273}

2025-04-19T15:22:50Z INFO     Train Epoch: 2 [0/60000 (0%)]	loss=0.7495
2025-04-19T15:22:50Z INFO     Train Epoch: 2 [1280/60000 (2%)]	loss=0.6792
2025-04-19T15:22:50Z INFO     Train Epoch: 2 [2560/60000 (4%)]	loss=0.7740
2025-04-19T15:22:50Z INFO     Train Epoch: 2 [3840/60000 (6%)]	loss=0.7719
2025-04-19T15:22:50Z INFO     Train Epoch: 2 [5120/60000 (9%)]	loss=0.7495
2025-04-19T15:22:50Z INFO     Train Epoch: 2 [6400/60000 (11%)]	loss=0.7431
2025-04-19T15:22:51Z INFO     Train Epoch: 2 [7680/60000 (13%)]	loss=0.7577
2025-04-19T15:22:51Z INFO     Train Epoch: 2 [8960/60000 (15%)]	loss=0.6599
2025-04-19T15:22:51Z INFO     Train Epoch: 2 [10240/60000 (17%)]	loss=0.7528
2025-04-19T15:22:51Z INFO     Train Epoch: 2 [11520/60000 (19%)]	loss=0.6040
2025-04-19T15:22:51Z INFO     Train Epoch: 2 [12800/60000 (21%)]	loss=0.7409
2025-04-19T15:22:51Z INFO     Train Epoch: 2 [14080/60000 (23%)]	loss=0.6983
2025-04-19T15:22:51Z INFO     Train Epoch: 2 [15360/60000 (26%)]	loss=0.7803
2025-04-19T15:22:51Z INFO     Train Epoch: 2 [16640/60000 (28%)]	loss=0.6444
2025-04-19T15:22:51Z INFO     Train Epoch: 2 [17920/60000 (30%)]	loss=0.7492
2025-04-19T15:22:52Z INFO     Train Epoch: 2 [19200/60000 (32%)]	loss=0.5675
2025-04-19T15:22:52Z INFO     Train Epoch: 2 [20480/60000 (34%)]	loss=0.7984
2025-04-19T15:22:52Z INFO     Train Epoch: 2 [21760/60000 (36%)]	loss=0.6852
2025-04-19T15:22:52Z INFO     Train Epoch: 2 [23040/60000 (38%)]	loss=0.6720
2025-04-19T15:22:52Z INFO     Train Epoch: 2 [24320/60000 (41%)]	loss=0.6477
2025-04-19T15:22:52Z INFO     Train Epoch: 2 [25600/60000 (43%)]	loss=0.6491
2025-04-19T15:22:52Z INFO     Train Epoch: 2 [26880/60000 (45%)]	loss=0.7614
2025-04-19T15:22:52Z INFO     Train Epoch: 2 [28160/60000 (47%)]	loss=0.5767
2025-04-19T15:22:52Z INFO     Train Epoch: 2 [29440/60000 (49%)]	loss=0.8780
2025-04-19T15:22:53Z INFO     Train Epoch: 2 [30720/60000 (51%)]	loss=0.6951
2025-04-19T15:22:53Z INFO     Train Epoch: 2 [32000/60000 (53%)]	loss=0.7682
2025-04-19T15:22:53Z INFO     Train Epoch: 2 [33280/60000 (55%)]	loss=0.6702
2025-04-19T15:22:53Z INFO     Train Epoch: 2 [34560/60000 (58%)]	loss=0.5763
2025-04-19T15:22:53Z INFO     Train Epoch: 2 [35840/60000 (60%)]	loss=0.5405
2025-04-19T15:22:53Z INFO     Train Epoch: 2 [37120/60000 (62%)]	loss=0.7471
2025-04-19T15:22:53Z INFO     Train Epoch: 2 [38400/60000 (64%)]	loss=0.6804
2025-04-19T15:22:53Z INFO     Train Epoch: 2 [39680/60000 (66%)]	loss=0.6229
2025-04-19T15:22:53Z INFO     Train Epoch: 2 [40960/60000 (68%)]	loss=0.7623
2025-04-19T15:22:54Z INFO     Train Epoch: 2 [42240/60000 (70%)]	loss=0.7591
2025-04-19T15:22:54Z INFO     Train Epoch: 2 [43520/60000 (72%)]	loss=0.5799
2025-04-19T15:22:54Z INFO     Train Epoch: 2 [44800/60000 (75%)]	loss=0.5777
2025-04-19T15:22:54Z INFO     Train Epoch: 2 [46080/60000 (77%)]	loss=0.6863
2025-04-19T15:22:54Z INFO     Train Epoch: 2 [47360/60000 (79%)]	loss=0.7644
2025-04-19T15:22:54Z INFO     Train Epoch: 2 [48640/60000 (81%)]	loss=0.5828
2025-04-19T15:22:54Z INFO     Train Epoch: 2 [49920/60000 (83%)]	loss=0.6983
2025-04-19T15:22:54Z INFO     Train Epoch: 2 [51200/60000 (85%)]	loss=0.8269
2025-04-19T15:22:54Z INFO     Train Epoch: 2 [52480/60000 (87%)]	loss=0.5804
2025-04-19T15:22:55Z INFO     Train Epoch: 2 [53760/60000 (90%)]	loss=0.5222
2025-04-19T15:22:55Z INFO     Train Epoch: 2 [55040/60000 (92%)]	loss=0.6883
2025-04-19T15:22:55Z INFO     Train Epoch: 2 [56320/60000 (94%)]	loss=0.7079
2025-04-19T15:22:55Z INFO     Train Epoch: 2 [57600/60000 (96%)]	loss=0.5109
2025-04-19T15:22:55Z INFO     Train Epoch: 2 [58880/60000 (98%)]	loss=0.5994
2025-04-19T15:22:56Z INFO     {metricName: accuracy, metricValue: 0.7611};{metricName: loss, metricValue: 0.6528}

2025-04-19T15:22:56Z INFO     Train Epoch: 3 [0/60000 (0%)]	loss=0.5434
2025-04-19T15:22:56Z INFO     Train Epoch: 3 [1280/60000 (2%)]	loss=0.6456
2025-04-19T15:22:56Z INFO     Train Epoch: 3 [2560/60000 (4%)]	loss=0.5526
2025-04-19T15:22:56Z INFO     Train Epoch: 3 [3840/60000 (6%)]	loss=0.5118
2025-04-19T15:22:56Z INFO     Train Epoch: 3 [5120/60000 (9%)]	loss=0.5629
2025-04-19T15:22:57Z INFO     Train Epoch: 3 [6400/60000 (11%)]	loss=0.6515
2025-04-19T15:22:57Z INFO     Train Epoch: 3 [7680/60000 (13%)]	loss=0.5268
2025-04-19T15:22:57Z INFO     Train Epoch: 3 [8960/60000 (15%)]	loss=0.6364
2025-04-19T15:22:57Z INFO     Train Epoch: 3 [10240/60000 (17%)]	loss=0.6488
2025-04-19T15:22:57Z INFO     Train Epoch: 3 [11520/60000 (19%)]	loss=0.4743
2025-04-19T15:22:57Z INFO     Train Epoch: 3 [12800/60000 (21%)]	loss=0.6914
2025-04-19T15:22:57Z INFO     Train Epoch: 3 [14080/60000 (23%)]	loss=0.6612
2025-04-19T15:22:57Z INFO     Train Epoch: 3 [15360/60000 (26%)]	loss=0.6999
2025-04-19T15:22:57Z INFO     Train Epoch: 3 [16640/60000 (28%)]	loss=0.5775
2025-04-19T15:22:58Z INFO     Train Epoch: 3 [17920/60000 (30%)]	loss=0.6519
2025-04-19T15:22:58Z INFO     Train Epoch: 3 [19200/60000 (32%)]	loss=0.6458
2025-04-19T15:22:58Z INFO     Train Epoch: 3 [20480/60000 (34%)]	loss=0.6267
2025-04-19T15:22:58Z INFO     Train Epoch: 3 [21760/60000 (36%)]	loss=0.4615
2025-04-19T15:22:58Z INFO     Train Epoch: 3 [23040/60000 (38%)]	loss=0.7001
2025-04-19T15:22:58Z INFO     Train Epoch: 3 [24320/60000 (41%)]	loss=0.6114
2025-04-19T15:22:58Z INFO     Train Epoch: 3 [25600/60000 (43%)]	loss=0.5664
2025-04-19T15:22:58Z INFO     Train Epoch: 3 [26880/60000 (45%)]	loss=0.5168
2025-04-19T15:22:58Z INFO     Train Epoch: 3 [28160/60000 (47%)]	loss=0.6830
2025-04-19T15:22:58Z INFO     Train Epoch: 3 [29440/60000 (49%)]	loss=0.6093
2025-04-19T15:22:59Z INFO     Train Epoch: 3 [30720/60000 (51%)]	loss=0.6049
2025-04-19T15:22:59Z INFO     Train Epoch: 3 [32000/60000 (53%)]	loss=0.6246
2025-04-19T15:22:59Z INFO     Train Epoch: 3 [33280/60000 (55%)]	loss=0.6739
2025-04-19T15:22:59Z INFO     Train Epoch: 3 [34560/60000 (58%)]	loss=0.5922
2025-04-19T15:22:59Z INFO     Train Epoch: 3 [35840/60000 (60%)]	loss=0.5711
2025-04-19T15:22:59Z INFO     Train Epoch: 3 [37120/60000 (62%)]	loss=0.5747
2025-04-19T15:22:59Z INFO     Train Epoch: 3 [38400/60000 (64%)]	loss=0.4598
2025-04-19T15:22:59Z INFO     Train Epoch: 3 [39680/60000 (66%)]	loss=0.5213
2025-04-19T15:22:59Z INFO     Train Epoch: 3 [40960/60000 (68%)]	loss=0.5722
2025-04-19T15:23:00Z INFO     Train Epoch: 3 [42240/60000 (70%)]	loss=0.5980
2025-04-19T15:23:00Z INFO     Train Epoch: 3 [43520/60000 (72%)]	loss=0.7299
2025-04-19T15:23:00Z INFO     Train Epoch: 3 [44800/60000 (75%)]	loss=0.5751
2025-04-19T15:23:00Z INFO     Train Epoch: 3 [46080/60000 (77%)]	loss=0.5905
2025-04-19T15:23:00Z INFO     Train Epoch: 3 [47360/60000 (79%)]	loss=0.5960
2025-04-19T15:23:00Z INFO     Train Epoch: 3 [48640/60000 (81%)]	loss=0.5155
2025-04-19T15:23:00Z INFO     Train Epoch: 3 [49920/60000 (83%)]	loss=0.6268
2025-04-19T15:23:00Z INFO     Train Epoch: 3 [51200/60000 (85%)]	loss=0.6640
2025-04-19T15:23:00Z INFO     Train Epoch: 3 [52480/60000 (87%)]	loss=0.6350
2025-04-19T15:23:01Z INFO     Train Epoch: 3 [53760/60000 (90%)]	loss=0.6281
2025-04-19T15:23:01Z INFO     Train Epoch: 3 [55040/60000 (92%)]	loss=0.5997
2025-04-19T15:23:01Z INFO     Train Epoch: 3 [56320/60000 (94%)]	loss=0.6384
2025-04-19T15:23:01Z INFO     Train Epoch: 3 [57600/60000 (96%)]	loss=0.5188
2025-04-19T15:23:01Z INFO     Train Epoch: 3 [58880/60000 (98%)]	loss=0.7674
2025-04-19T15:23:02Z INFO     {metricName: accuracy, metricValue: 0.7754};{metricName: loss, metricValue: 0.5950}

2025-04-19T15:23:02Z INFO     Train Epoch: 4 [0/60000 (0%)]	loss=0.6217
2025-04-19T15:23:02Z INFO     Train Epoch: 4 [1280/60000 (2%)]	loss=0.5156
2025-04-19T15:23:02Z INFO     Train Epoch: 4 [2560/60000 (4%)]	loss=0.4983
2025-04-19T15:23:02Z INFO     Train Epoch: 4 [3840/60000 (6%)]	loss=0.5826
2025-04-19T15:23:02Z INFO     Train Epoch: 4 [5120/60000 (9%)]	loss=0.5012
2025-04-19T15:23:02Z INFO     Train Epoch: 4 [6400/60000 (11%)]	loss=0.5467
2025-04-19T15:23:03Z INFO     Train Epoch: 4 [7680/60000 (13%)]	loss=0.6098
2025-04-19T15:23:03Z INFO     Train Epoch: 4 [8960/60000 (15%)]	loss=0.4795
2025-04-19T15:23:03Z INFO     Train Epoch: 4 [10240/60000 (17%)]	loss=0.6002
2025-04-19T15:23:03Z INFO     Train Epoch: 4 [11520/60000 (19%)]	loss=0.4616
2025-04-19T15:23:03Z INFO     Train Epoch: 4 [12800/60000 (21%)]	loss=0.5886
2025-04-19T15:23:03Z INFO     Train Epoch: 4 [14080/60000 (23%)]	loss=0.5865
2025-04-19T15:23:03Z INFO     Train Epoch: 4 [15360/60000 (26%)]	loss=0.6096
2025-04-19T15:23:03Z INFO     Train Epoch: 4 [16640/60000 (28%)]	loss=0.5989
2025-04-19T15:23:03Z INFO     Train Epoch: 4 [17920/60000 (30%)]	loss=0.5370
2025-04-19T15:23:04Z INFO     Train Epoch: 4 [19200/60000 (32%)]	loss=0.5682
2025-04-19T15:23:04Z INFO     Train Epoch: 4 [20480/60000 (34%)]	loss=0.4889
2025-04-19T15:23:04Z INFO     Train Epoch: 4 [21760/60000 (36%)]	loss=0.5471
2025-04-19T15:23:04Z INFO     Train Epoch: 4 [23040/60000 (38%)]	loss=0.6166
2025-04-19T15:23:04Z INFO     Train Epoch: 4 [24320/60000 (41%)]	loss=0.4903
2025-04-19T15:23:04Z INFO     Train Epoch: 4 [25600/60000 (43%)]	loss=0.5094
2025-04-19T15:23:04Z INFO     Train Epoch: 4 [26880/60000 (45%)]	loss=0.6027
2025-04-19T15:23:04Z INFO     Train Epoch: 4 [28160/60000 (47%)]	loss=0.4015
2025-04-19T15:23:04Z INFO     Train Epoch: 4 [29440/60000 (49%)]	loss=0.4866
2025-04-19T15:23:05Z INFO     Train Epoch: 4 [30720/60000 (51%)]	loss=0.5143
2025-04-19T15:23:05Z INFO     Train Epoch: 4 [32000/60000 (53%)]	loss=0.4833
2025-04-19T15:23:05Z INFO     Train Epoch: 4 [33280/60000 (55%)]	loss=0.5318
2025-04-19T15:23:05Z INFO     Train Epoch: 4 [34560/60000 (58%)]	loss=0.5407
2025-04-19T15:23:05Z INFO     Train Epoch: 4 [35840/60000 (60%)]	loss=0.4965
2025-04-19T15:23:05Z INFO     Train Epoch: 4 [37120/60000 (62%)]	loss=0.4533
2025-04-19T15:23:05Z INFO     Train Epoch: 4 [38400/60000 (64%)]	loss=0.5642
2025-04-19T15:23:05Z INFO     Train Epoch: 4 [39680/60000 (66%)]	loss=0.4895
2025-04-19T15:23:05Z INFO     Train Epoch: 4 [40960/60000 (68%)]	loss=0.5183
2025-04-19T15:23:06Z INFO     Train Epoch: 4 [42240/60000 (70%)]	loss=0.6542
2025-04-19T15:23:06Z INFO     Train Epoch: 4 [43520/60000 (72%)]	loss=0.5714
2025-04-19T15:23:06Z INFO     Train Epoch: 4 [44800/60000 (75%)]	loss=0.6386
2025-04-19T15:23:06Z INFO     Train Epoch: 4 [46080/60000 (77%)]	loss=0.5465
2025-04-19T15:23:06Z INFO     Train Epoch: 4 [47360/60000 (79%)]	loss=0.4489
2025-04-19T15:23:06Z INFO     Train Epoch: 4 [48640/60000 (81%)]	loss=0.4367
2025-04-19T15:23:06Z INFO     Train Epoch: 4 [49920/60000 (83%)]	loss=0.5653
2025-04-19T15:23:06Z INFO     Train Epoch: 4 [51200/60000 (85%)]	loss=0.5470
2025-04-19T15:23:06Z INFO     Train Epoch: 4 [52480/60000 (87%)]	loss=0.4780
2025-04-19T15:23:07Z INFO     Train Epoch: 4 [53760/60000 (90%)]	loss=0.4861
2025-04-19T15:23:07Z INFO     Train Epoch: 4 [55040/60000 (92%)]	loss=0.5656
2025-04-19T15:23:07Z INFO     Train Epoch: 4 [56320/60000 (94%)]	loss=0.4384
2025-04-19T15:23:07Z INFO     Train Epoch: 4 [57600/60000 (96%)]	loss=0.3740
2025-04-19T15:23:07Z INFO     Train Epoch: 4 [58880/60000 (98%)]	loss=0.4254
2025-04-19T15:23:08Z INFO     {metricName: accuracy, metricValue: 0.8078};{metricName: loss, metricValue: 0.5305}


real	0m35.370s
user	0m47.850s
sys	0m16.299s
