Using CUDA
Took 0.08 seconds
2025-04-25T17:41:32Z INFO     Train Epoch: 1 [0/60000 (0%)]	loss=2.3015
2025-04-25T17:41:32Z INFO     Train Epoch: 1 [1280/60000 (2%)]	loss=2.2863
2025-04-25T17:41:32Z INFO     Train Epoch: 1 [2560/60000 (4%)]	loss=2.2854
2025-04-25T17:41:32Z INFO     Train Epoch: 1 [3840/60000 (6%)]	loss=2.2727
2025-04-25T17:41:32Z INFO     Train Epoch: 1 [5120/60000 (9%)]	loss=2.2693
2025-04-25T17:41:32Z INFO     Train Epoch: 1 [6400/60000 (11%)]	loss=2.2500
2025-04-25T17:41:33Z INFO     Train Epoch: 1 [7680/60000 (13%)]	loss=2.2421
2025-04-25T17:41:33Z INFO     Train Epoch: 1 [8960/60000 (15%)]	loss=2.2029
2025-04-25T17:41:33Z INFO     Train Epoch: 1 [10240/60000 (17%)]	loss=2.1878
2025-04-25T17:41:33Z INFO     Train Epoch: 1 [11520/60000 (19%)]	loss=2.1322
2025-04-25T17:41:33Z INFO     Train Epoch: 1 [12800/60000 (21%)]	loss=2.0498
2025-04-25T17:41:33Z INFO     Train Epoch: 1 [14080/60000 (23%)]	loss=1.9479
2025-04-25T17:41:33Z INFO     Train Epoch: 1 [15360/60000 (26%)]	loss=1.7658
2025-04-25T17:41:33Z INFO     Train Epoch: 1 [16640/60000 (28%)]	loss=1.5979
2025-04-25T17:41:33Z INFO     Train Epoch: 1 [17920/60000 (30%)]	loss=1.3737
2025-04-25T17:41:34Z INFO     Train Epoch: 1 [19200/60000 (32%)]	loss=1.3092
2025-04-25T17:41:34Z INFO     Train Epoch: 1 [20480/60000 (34%)]	loss=1.1869
2025-04-25T17:41:34Z INFO     Train Epoch: 1 [21760/60000 (36%)]	loss=1.0812
2025-04-25T17:41:34Z INFO     Train Epoch: 1 [23040/60000 (38%)]	loss=1.0570
2025-04-25T17:41:34Z INFO     Train Epoch: 1 [24320/60000 (41%)]	loss=1.0202
2025-04-25T17:41:34Z INFO     Train Epoch: 1 [25600/60000 (43%)]	loss=0.9026
2025-04-25T17:41:34Z INFO     Train Epoch: 1 [26880/60000 (45%)]	loss=1.0201
2025-04-25T17:41:34Z INFO     Train Epoch: 1 [28160/60000 (47%)]	loss=1.0539
2025-04-25T17:41:34Z INFO     Train Epoch: 1 [29440/60000 (49%)]	loss=0.9012
2025-04-25T17:41:35Z INFO     Train Epoch: 1 [30720/60000 (51%)]	loss=0.7917
2025-04-25T17:41:35Z INFO     Train Epoch: 1 [32000/60000 (53%)]	loss=1.1951
2025-04-25T17:41:35Z INFO     Train Epoch: 1 [33280/60000 (55%)]	loss=1.0279
2025-04-25T17:41:35Z INFO     Train Epoch: 1 [34560/60000 (58%)]	loss=0.9575
2025-04-25T17:41:35Z INFO     Train Epoch: 1 [35840/60000 (60%)]	loss=0.7876
2025-04-25T17:41:35Z INFO     Train Epoch: 1 [37120/60000 (62%)]	loss=0.9319
2025-04-25T17:41:35Z INFO     Train Epoch: 1 [38400/60000 (64%)]	loss=0.9511
2025-04-25T17:41:35Z INFO     Train Epoch: 1 [39680/60000 (66%)]	loss=0.8615
2025-04-25T17:41:35Z INFO     Train Epoch: 1 [40960/60000 (68%)]	loss=0.8079
2025-04-25T17:41:36Z INFO     Train Epoch: 1 [42240/60000 (70%)]	loss=0.8892
2025-04-25T17:41:36Z INFO     Train Epoch: 1 [43520/60000 (72%)]	loss=0.9431
2025-04-25T17:41:36Z INFO     Train Epoch: 1 [44800/60000 (75%)]	loss=0.9366
2025-04-25T17:41:36Z INFO     Train Epoch: 1 [46080/60000 (77%)]	loss=0.8252
2025-04-25T17:41:36Z INFO     Train Epoch: 1 [47360/60000 (79%)]	loss=0.7673
2025-04-25T17:41:36Z INFO     Train Epoch: 1 [48640/60000 (81%)]	loss=0.8703
2025-04-25T17:41:36Z INFO     Train Epoch: 1 [49920/60000 (83%)]	loss=0.8684
2025-04-25T17:41:36Z INFO     Train Epoch: 1 [51200/60000 (85%)]	loss=0.7873
2025-04-25T17:41:36Z INFO     Train Epoch: 1 [52480/60000 (87%)]	loss=0.6908
2025-04-25T17:41:37Z INFO     Train Epoch: 1 [53760/60000 (90%)]	loss=0.8083
2025-04-25T17:41:37Z INFO     Train Epoch: 1 [55040/60000 (92%)]	loss=0.8777
2025-04-25T17:41:37Z INFO     Train Epoch: 1 [56320/60000 (94%)]	loss=0.8604
2025-04-25T17:41:37Z INFO     Train Epoch: 1 [57600/60000 (96%)]	loss=0.9276
2025-04-25T17:41:37Z INFO     Train Epoch: 1 [58880/60000 (98%)]	loss=0.7722
2025-04-25T17:41:38Z INFO     {metricName: accuracy, metricValue: 0.6868};{metricName: loss, metricValue: 0.8297}

2025-04-25T17:41:38Z INFO     Train Epoch: 2 [0/60000 (0%)]	loss=0.7527
2025-04-25T17:41:38Z INFO     Train Epoch: 2 [1280/60000 (2%)]	loss=0.6797
2025-04-25T17:41:38Z INFO     Train Epoch: 2 [2560/60000 (4%)]	loss=0.7741
2025-04-25T17:41:38Z INFO     Train Epoch: 2 [3840/60000 (6%)]	loss=0.7709
2025-04-25T17:41:39Z INFO     Train Epoch: 2 [5120/60000 (9%)]	loss=0.7507
2025-04-25T17:41:39Z INFO     Train Epoch: 2 [6400/60000 (11%)]	loss=0.7419
2025-04-25T17:41:39Z INFO     Train Epoch: 2 [7680/60000 (13%)]	loss=0.7560
2025-04-25T17:41:39Z INFO     Train Epoch: 2 [8960/60000 (15%)]	loss=0.6592
2025-04-25T17:41:39Z INFO     Train Epoch: 2 [10240/60000 (17%)]	loss=0.7532
2025-04-25T17:41:39Z INFO     Train Epoch: 2 [11520/60000 (19%)]	loss=0.6044
2025-04-25T17:41:39Z INFO     Train Epoch: 2 [12800/60000 (21%)]	loss=0.7412
2025-04-25T17:41:39Z INFO     Train Epoch: 2 [14080/60000 (23%)]	loss=0.6989
2025-04-25T17:41:39Z INFO     Train Epoch: 2 [15360/60000 (26%)]	loss=0.7805
2025-04-25T17:41:40Z INFO     Train Epoch: 2 [16640/60000 (28%)]	loss=0.6442
2025-04-25T17:41:40Z INFO     Train Epoch: 2 [17920/60000 (30%)]	loss=0.7502
2025-04-25T17:41:40Z INFO     Train Epoch: 2 [19200/60000 (32%)]	loss=0.5674
2025-04-25T17:41:40Z INFO     Train Epoch: 2 [20480/60000 (34%)]	loss=0.7967
2025-04-25T17:41:40Z INFO     Train Epoch: 2 [21760/60000 (36%)]	loss=0.6860
2025-04-25T17:41:40Z INFO     Train Epoch: 2 [23040/60000 (38%)]	loss=0.6722
2025-04-25T17:41:40Z INFO     Train Epoch: 2 [24320/60000 (41%)]	loss=0.6480
2025-04-25T17:41:40Z INFO     Train Epoch: 2 [25600/60000 (43%)]	loss=0.6492
2025-04-25T17:41:40Z INFO     Train Epoch: 2 [26880/60000 (45%)]	loss=0.7616
2025-04-25T17:41:41Z INFO     Train Epoch: 2 [28160/60000 (47%)]	loss=0.5773
2025-04-25T17:41:41Z INFO     Train Epoch: 2 [29440/60000 (49%)]	loss=0.8762
2025-04-25T17:41:41Z INFO     Train Epoch: 2 [30720/60000 (51%)]	loss=0.6967
2025-04-25T17:41:41Z INFO     Train Epoch: 2 [32000/60000 (53%)]	loss=0.7673
2025-04-25T17:41:41Z INFO     Train Epoch: 2 [33280/60000 (55%)]	loss=0.6708
2025-04-25T17:41:41Z INFO     Train Epoch: 2 [34560/60000 (58%)]	loss=0.5772
2025-04-25T17:41:41Z INFO     Train Epoch: 2 [35840/60000 (60%)]	loss=0.5416
2025-04-25T17:41:41Z INFO     Train Epoch: 2 [37120/60000 (62%)]	loss=0.7467
2025-04-25T17:41:41Z INFO     Train Epoch: 2 [38400/60000 (64%)]	loss=0.6823
2025-04-25T17:41:42Z INFO     Train Epoch: 2 [39680/60000 (66%)]	loss=0.6225
2025-04-25T17:41:42Z INFO     Train Epoch: 2 [40960/60000 (68%)]	loss=0.7632
2025-04-25T17:41:42Z INFO     Train Epoch: 2 [42240/60000 (70%)]	loss=0.7595
2025-04-25T17:41:42Z INFO     Train Epoch: 2 [43520/60000 (72%)]	loss=0.5810
2025-04-25T17:41:42Z INFO     Train Epoch: 2 [44800/60000 (75%)]	loss=0.5784
2025-04-25T17:41:42Z INFO     Train Epoch: 2 [46080/60000 (77%)]	loss=0.6861
2025-04-25T17:41:42Z INFO     Train Epoch: 2 [47360/60000 (79%)]	loss=0.7641
2025-04-25T17:41:42Z INFO     Train Epoch: 2 [48640/60000 (81%)]	loss=0.5819
2025-04-25T17:41:42Z INFO     Train Epoch: 2 [49920/60000 (83%)]	loss=0.6989
2025-04-25T17:41:43Z INFO     Train Epoch: 2 [51200/60000 (85%)]	loss=0.8277
2025-04-25T17:41:43Z INFO     Train Epoch: 2 [52480/60000 (87%)]	loss=0.5801
2025-04-25T17:41:43Z INFO     Train Epoch: 2 [53760/60000 (90%)]	loss=0.5225
2025-04-25T17:41:43Z INFO     Train Epoch: 2 [55040/60000 (92%)]	loss=0.6893
2025-04-25T17:41:43Z INFO     Train Epoch: 2 [56320/60000 (94%)]	loss=0.7079
2025-04-25T17:41:43Z INFO     Train Epoch: 2 [57600/60000 (96%)]	loss=0.5104
2025-04-25T17:41:43Z INFO     Train Epoch: 2 [58880/60000 (98%)]	loss=0.5991
2025-04-25T17:41:44Z INFO     {metricName: accuracy, metricValue: 0.7616};{metricName: loss, metricValue: 0.6531}

2025-04-25T17:41:44Z INFO     Train Epoch: 3 [0/60000 (0%)]	loss=0.5438
2025-04-25T17:41:44Z INFO     Train Epoch: 3 [1280/60000 (2%)]	loss=0.6462
2025-04-25T17:41:44Z INFO     Train Epoch: 3 [2560/60000 (4%)]	loss=0.5526
2025-04-25T17:41:45Z INFO     Train Epoch: 3 [3840/60000 (6%)]	loss=0.5122
2025-04-25T17:41:45Z INFO     Train Epoch: 3 [5120/60000 (9%)]	loss=0.5642
2025-04-25T17:41:45Z INFO     Train Epoch: 3 [6400/60000 (11%)]	loss=0.6516
2025-04-25T17:41:45Z INFO     Train Epoch: 3 [7680/60000 (13%)]	loss=0.5267
2025-04-25T17:41:45Z INFO     Train Epoch: 3 [8960/60000 (15%)]	loss=0.6376
2025-04-25T17:41:45Z INFO     Train Epoch: 3 [10240/60000 (17%)]	loss=0.6498
2025-04-25T17:41:45Z INFO     Train Epoch: 3 [11520/60000 (19%)]	loss=0.4745
2025-04-25T17:41:45Z INFO     Train Epoch: 3 [12800/60000 (21%)]	loss=0.6921
2025-04-25T17:41:45Z INFO     Train Epoch: 3 [14080/60000 (23%)]	loss=0.6604
2025-04-25T17:41:46Z INFO     Train Epoch: 3 [15360/60000 (26%)]	loss=0.7004
2025-04-25T17:41:46Z INFO     Train Epoch: 3 [16640/60000 (28%)]	loss=0.5775
2025-04-25T17:41:46Z INFO     Train Epoch: 3 [17920/60000 (30%)]	loss=0.6528
2025-04-25T17:41:46Z INFO     Train Epoch: 3 [19200/60000 (32%)]	loss=0.6467
2025-04-25T17:41:46Z INFO     Train Epoch: 3 [20480/60000 (34%)]	loss=0.6262
2025-04-25T17:41:46Z INFO     Train Epoch: 3 [21760/60000 (36%)]	loss=0.4610
2025-04-25T17:41:46Z INFO     Train Epoch: 3 [23040/60000 (38%)]	loss=0.6999
2025-04-25T17:41:46Z INFO     Train Epoch: 3 [24320/60000 (41%)]	loss=0.6105
2025-04-25T17:41:46Z INFO     Train Epoch: 3 [25600/60000 (43%)]	loss=0.5653
2025-04-25T17:41:47Z INFO     Train Epoch: 3 [26880/60000 (45%)]	loss=0.5172
2025-04-25T17:41:47Z INFO     Train Epoch: 3 [28160/60000 (47%)]	loss=0.6823
2025-04-25T17:41:47Z INFO     Train Epoch: 3 [29440/60000 (49%)]	loss=0.6091
2025-04-25T17:41:47Z INFO     Train Epoch: 3 [30720/60000 (51%)]	loss=0.6043
2025-04-25T17:41:47Z INFO     Train Epoch: 3 [32000/60000 (53%)]	loss=0.6242
2025-04-25T17:41:47Z INFO     Train Epoch: 3 [33280/60000 (55%)]	loss=0.6739
2025-04-25T17:41:47Z INFO     Train Epoch: 3 [34560/60000 (58%)]	loss=0.5926
2025-04-25T17:41:47Z INFO     Train Epoch: 3 [35840/60000 (60%)]	loss=0.5699
2025-04-25T17:41:47Z INFO     Train Epoch: 3 [37120/60000 (62%)]	loss=0.5749
2025-04-25T17:41:48Z INFO     Train Epoch: 3 [38400/60000 (64%)]	loss=0.4594
2025-04-25T17:41:48Z INFO     Train Epoch: 3 [39680/60000 (66%)]	loss=0.5213
2025-04-25T17:41:48Z INFO     Train Epoch: 3 [40960/60000 (68%)]	loss=0.5729
2025-04-25T17:41:48Z INFO     Train Epoch: 3 [42240/60000 (70%)]	loss=0.5988
2025-04-25T17:41:48Z INFO     Train Epoch: 3 [43520/60000 (72%)]	loss=0.7298
2025-04-25T17:41:48Z INFO     Train Epoch: 3 [44800/60000 (75%)]	loss=0.5752
2025-04-25T17:41:48Z INFO     Train Epoch: 3 [46080/60000 (77%)]	loss=0.5889
2025-04-25T17:41:48Z INFO     Train Epoch: 3 [47360/60000 (79%)]	loss=0.5967
2025-04-25T17:41:49Z INFO     Train Epoch: 3 [48640/60000 (81%)]	loss=0.5173
2025-04-25T17:41:49Z INFO     Train Epoch: 3 [49920/60000 (83%)]	loss=0.6284
2025-04-25T17:41:49Z INFO     Train Epoch: 3 [51200/60000 (85%)]	loss=0.6645
2025-04-25T17:41:49Z INFO     Train Epoch: 3 [52480/60000 (87%)]	loss=0.6335
2025-04-25T17:41:49Z INFO     Train Epoch: 3 [53760/60000 (90%)]	loss=0.6285
2025-04-25T17:41:49Z INFO     Train Epoch: 3 [55040/60000 (92%)]	loss=0.6017
2025-04-25T17:41:49Z INFO     Train Epoch: 3 [56320/60000 (94%)]	loss=0.6388
2025-04-25T17:41:49Z INFO     Train Epoch: 3 [57600/60000 (96%)]	loss=0.5176
2025-04-25T17:41:49Z INFO     Train Epoch: 3 [58880/60000 (98%)]	loss=0.7664
2025-04-25T17:41:50Z INFO     {metricName: accuracy, metricValue: 0.7756};{metricName: loss, metricValue: 0.5944}

2025-04-25T17:41:50Z INFO     Train Epoch: 4 [0/60000 (0%)]	loss=0.6212
2025-04-25T17:41:51Z INFO     Train Epoch: 4 [1280/60000 (2%)]	loss=0.5161
2025-04-25T17:41:51Z INFO     Train Epoch: 4 [2560/60000 (4%)]	loss=0.4980
2025-04-25T17:41:51Z INFO     Train Epoch: 4 [3840/60000 (6%)]	loss=0.5827
2025-04-25T17:41:51Z INFO     Train Epoch: 4 [5120/60000 (9%)]	loss=0.5019
2025-04-25T17:41:51Z INFO     Train Epoch: 4 [6400/60000 (11%)]	loss=0.5474
2025-04-25T17:41:51Z INFO     Train Epoch: 4 [7680/60000 (13%)]	loss=0.6101
2025-04-25T17:41:51Z INFO     Train Epoch: 4 [8960/60000 (15%)]	loss=0.4803
2025-04-25T17:41:51Z INFO     Train Epoch: 4 [10240/60000 (17%)]	loss=0.6009
2025-04-25T17:41:51Z INFO     Train Epoch: 4 [11520/60000 (19%)]	loss=0.4618
2025-04-25T17:41:52Z INFO     Train Epoch: 4 [12800/60000 (21%)]	loss=0.5900
2025-04-25T17:41:52Z INFO     Train Epoch: 4 [14080/60000 (23%)]	loss=0.5862
2025-04-25T17:41:52Z INFO     Train Epoch: 4 [15360/60000 (26%)]	loss=0.6092
2025-04-25T17:41:52Z INFO     Train Epoch: 4 [16640/60000 (28%)]	loss=0.5981
2025-04-25T17:41:52Z INFO     Train Epoch: 4 [17920/60000 (30%)]	loss=0.5381
2025-04-25T17:41:52Z INFO     Train Epoch: 4 [19200/60000 (32%)]	loss=0.5685
2025-04-25T17:41:52Z INFO     Train Epoch: 4 [20480/60000 (34%)]	loss=0.4872
2025-04-25T17:41:52Z INFO     Train Epoch: 4 [21760/60000 (36%)]	loss=0.5475
2025-04-25T17:41:52Z INFO     Train Epoch: 4 [23040/60000 (38%)]	loss=0.6167
2025-04-25T17:41:53Z INFO     Train Epoch: 4 [24320/60000 (41%)]	loss=0.4888
2025-04-25T17:41:53Z INFO     Train Epoch: 4 [25600/60000 (43%)]	loss=0.5102
2025-04-25T17:41:53Z INFO     Train Epoch: 4 [26880/60000 (45%)]	loss=0.6023
2025-04-25T17:41:53Z INFO     Train Epoch: 4 [28160/60000 (47%)]	loss=0.4015
2025-04-25T17:41:53Z INFO     Train Epoch: 4 [29440/60000 (49%)]	loss=0.4866
2025-04-25T17:41:53Z INFO     Train Epoch: 4 [30720/60000 (51%)]	loss=0.5147
2025-04-25T17:41:53Z INFO     Train Epoch: 4 [32000/60000 (53%)]	loss=0.4824
2025-04-25T17:41:53Z INFO     Train Epoch: 4 [33280/60000 (55%)]	loss=0.5324
2025-04-25T17:41:53Z INFO     Train Epoch: 4 [34560/60000 (58%)]	loss=0.5404
2025-04-25T17:41:54Z INFO     Train Epoch: 4 [35840/60000 (60%)]	loss=0.4975
2025-04-25T17:41:54Z INFO     Train Epoch: 4 [37120/60000 (62%)]	loss=0.4535
2025-04-25T17:41:54Z INFO     Train Epoch: 4 [38400/60000 (64%)]	loss=0.5624
2025-04-25T17:41:54Z INFO     Train Epoch: 4 [39680/60000 (66%)]	loss=0.4884
2025-04-25T17:41:54Z INFO     Train Epoch: 4 [40960/60000 (68%)]	loss=0.5185
2025-04-25T17:41:54Z INFO     Train Epoch: 4 [42240/60000 (70%)]	loss=0.6536
2025-04-25T17:41:54Z INFO     Train Epoch: 4 [43520/60000 (72%)]	loss=0.5736
2025-04-25T17:41:54Z INFO     Train Epoch: 4 [44800/60000 (75%)]	loss=0.6383
2025-04-25T17:41:54Z INFO     Train Epoch: 4 [46080/60000 (77%)]	loss=0.5442
2025-04-25T17:41:55Z INFO     Train Epoch: 4 [47360/60000 (79%)]	loss=0.4503
2025-04-25T17:41:55Z INFO     Train Epoch: 4 [48640/60000 (81%)]	loss=0.4369
2025-04-25T17:41:55Z INFO     Train Epoch: 4 [49920/60000 (83%)]	loss=0.5665
2025-04-25T17:41:55Z INFO     Train Epoch: 4 [51200/60000 (85%)]	loss=0.5489
2025-04-25T17:41:55Z INFO     Train Epoch: 4 [52480/60000 (87%)]	loss=0.4781
2025-04-25T17:41:55Z INFO     Train Epoch: 4 [53760/60000 (90%)]	loss=0.4865
2025-04-25T17:41:55Z INFO     Train Epoch: 4 [55040/60000 (92%)]	loss=0.5656
2025-04-25T17:41:55Z INFO     Train Epoch: 4 [56320/60000 (94%)]	loss=0.4395
2025-04-25T17:41:55Z INFO     Train Epoch: 4 [57600/60000 (96%)]	loss=0.3739
2025-04-25T17:41:56Z INFO     Train Epoch: 4 [58880/60000 (98%)]	loss=0.4262
2025-04-25T17:41:57Z INFO     {metricName: accuracy, metricValue: 0.8070};{metricName: loss, metricValue: 0.5311}

Took total 28.36 seconds
Took after init_process_group 28.28 seconds

real	0m29.537s
user	0m33.660s
sys	0m7.023s
