Using CUDA
Took 0.08 seconds
2025-04-25T17:40:28Z INFO     Train Epoch: 1 [0/60000 (0%)]	loss=2.3015
2025-04-25T17:40:28Z INFO     Train Epoch: 1 [1280/60000 (2%)]	loss=2.2863
2025-04-25T17:40:28Z INFO     Train Epoch: 1 [2560/60000 (4%)]	loss=2.2854
2025-04-25T17:40:28Z INFO     Train Epoch: 1 [3840/60000 (6%)]	loss=2.2727
2025-04-25T17:40:28Z INFO     Train Epoch: 1 [5120/60000 (9%)]	loss=2.2693
2025-04-25T17:40:28Z INFO     Train Epoch: 1 [6400/60000 (11%)]	loss=2.2500
2025-04-25T17:40:28Z INFO     Train Epoch: 1 [7680/60000 (13%)]	loss=2.2420
2025-04-25T17:40:28Z INFO     Train Epoch: 1 [8960/60000 (15%)]	loss=2.2029
2025-04-25T17:40:28Z INFO     Train Epoch: 1 [10240/60000 (17%)]	loss=2.1878
2025-04-25T17:40:29Z INFO     Train Epoch: 1 [11520/60000 (19%)]	loss=2.1322
2025-04-25T17:40:29Z INFO     Train Epoch: 1 [12800/60000 (21%)]	loss=2.0496
2025-04-25T17:40:29Z INFO     Train Epoch: 1 [14080/60000 (23%)]	loss=1.9475
2025-04-25T17:40:29Z INFO     Train Epoch: 1 [15360/60000 (26%)]	loss=1.7654
2025-04-25T17:40:29Z INFO     Train Epoch: 1 [16640/60000 (28%)]	loss=1.5974
2025-04-25T17:40:29Z INFO     Train Epoch: 1 [17920/60000 (30%)]	loss=1.3733
2025-04-25T17:40:29Z INFO     Train Epoch: 1 [19200/60000 (32%)]	loss=1.3092
2025-04-25T17:40:29Z INFO     Train Epoch: 1 [20480/60000 (34%)]	loss=1.1857
2025-04-25T17:40:29Z INFO     Train Epoch: 1 [21760/60000 (36%)]	loss=1.0813
2025-04-25T17:40:30Z INFO     Train Epoch: 1 [23040/60000 (38%)]	loss=1.0571
2025-04-25T17:40:30Z INFO     Train Epoch: 1 [24320/60000 (41%)]	loss=1.0208
2025-04-25T17:40:30Z INFO     Train Epoch: 1 [25600/60000 (43%)]	loss=0.9025
2025-04-25T17:40:30Z INFO     Train Epoch: 1 [26880/60000 (45%)]	loss=1.0213
2025-04-25T17:40:30Z INFO     Train Epoch: 1 [28160/60000 (47%)]	loss=1.0542
2025-04-25T17:40:30Z INFO     Train Epoch: 1 [29440/60000 (49%)]	loss=0.9024
2025-04-25T17:40:30Z INFO     Train Epoch: 1 [30720/60000 (51%)]	loss=0.7917
2025-04-25T17:40:30Z INFO     Train Epoch: 1 [32000/60000 (53%)]	loss=1.1951
2025-04-25T17:40:30Z INFO     Train Epoch: 1 [33280/60000 (55%)]	loss=1.0276
2025-04-25T17:40:31Z INFO     Train Epoch: 1 [34560/60000 (58%)]	loss=0.9582
2025-04-25T17:40:31Z INFO     Train Epoch: 1 [35840/60000 (60%)]	loss=0.7883
2025-04-25T17:40:31Z INFO     Train Epoch: 1 [37120/60000 (62%)]	loss=0.9331
2025-04-25T17:40:31Z INFO     Train Epoch: 1 [38400/60000 (64%)]	loss=0.9517
2025-04-25T17:40:31Z INFO     Train Epoch: 1 [39680/60000 (66%)]	loss=0.8622
2025-04-25T17:40:31Z INFO     Train Epoch: 1 [40960/60000 (68%)]	loss=0.8090
2025-04-25T17:40:31Z INFO     Train Epoch: 1 [42240/60000 (70%)]	loss=0.8876
2025-04-25T17:40:31Z INFO     Train Epoch: 1 [43520/60000 (72%)]	loss=0.9448
2025-04-25T17:40:31Z INFO     Train Epoch: 1 [44800/60000 (75%)]	loss=0.9375
2025-04-25T17:40:32Z INFO     Train Epoch: 1 [46080/60000 (77%)]	loss=0.8236
2025-04-25T17:40:32Z INFO     Train Epoch: 1 [47360/60000 (79%)]	loss=0.7682
2025-04-25T17:40:32Z INFO     Train Epoch: 1 [48640/60000 (81%)]	loss=0.8694
2025-04-25T17:40:32Z INFO     Train Epoch: 1 [49920/60000 (83%)]	loss=0.8694
2025-04-25T17:40:32Z INFO     Train Epoch: 1 [51200/60000 (85%)]	loss=0.7827
2025-04-25T17:40:32Z INFO     Train Epoch: 1 [52480/60000 (87%)]	loss=0.6896
2025-04-25T17:40:32Z INFO     Train Epoch: 1 [53760/60000 (90%)]	loss=0.8083
2025-04-25T17:40:32Z INFO     Train Epoch: 1 [55040/60000 (92%)]	loss=0.8787
2025-04-25T17:40:33Z INFO     Train Epoch: 1 [56320/60000 (94%)]	loss=0.8600
2025-04-25T17:40:33Z INFO     Train Epoch: 1 [57600/60000 (96%)]	loss=0.9282
2025-04-25T17:40:33Z INFO     Train Epoch: 1 [58880/60000 (98%)]	loss=0.7700
2025-04-25T17:40:34Z INFO     {metricName: accuracy, metricValue: 0.6874};{metricName: loss, metricValue: 0.8283}

2025-04-25T17:40:34Z INFO     Train Epoch: 2 [0/60000 (0%)]	loss=0.7509
2025-04-25T17:40:34Z INFO     Train Epoch: 2 [1280/60000 (2%)]	loss=0.6798
2025-04-25T17:40:34Z INFO     Train Epoch: 2 [2560/60000 (4%)]	loss=0.7745
2025-04-25T17:40:34Z INFO     Train Epoch: 2 [3840/60000 (6%)]	loss=0.7711
2025-04-25T17:40:34Z INFO     Train Epoch: 2 [5120/60000 (9%)]	loss=0.7503
2025-04-25T17:40:34Z INFO     Train Epoch: 2 [6400/60000 (11%)]	loss=0.7420
2025-04-25T17:40:34Z INFO     Train Epoch: 2 [7680/60000 (13%)]	loss=0.7569
2025-04-25T17:40:35Z INFO     Train Epoch: 2 [8960/60000 (15%)]	loss=0.6585
2025-04-25T17:40:35Z INFO     Train Epoch: 2 [10240/60000 (17%)]	loss=0.7530
2025-04-25T17:40:35Z INFO     Train Epoch: 2 [11520/60000 (19%)]	loss=0.6049
2025-04-25T17:40:35Z INFO     Train Epoch: 2 [12800/60000 (21%)]	loss=0.7417
2025-04-25T17:40:35Z INFO     Train Epoch: 2 [14080/60000 (23%)]	loss=0.6999
2025-04-25T17:40:35Z INFO     Train Epoch: 2 [15360/60000 (26%)]	loss=0.7798
2025-04-25T17:40:35Z INFO     Train Epoch: 2 [16640/60000 (28%)]	loss=0.6455
2025-04-25T17:40:35Z INFO     Train Epoch: 2 [17920/60000 (30%)]	loss=0.7501
2025-04-25T17:40:35Z INFO     Train Epoch: 2 [19200/60000 (32%)]	loss=0.5677
2025-04-25T17:40:36Z INFO     Train Epoch: 2 [20480/60000 (34%)]	loss=0.7976
2025-04-25T17:40:36Z INFO     Train Epoch: 2 [21760/60000 (36%)]	loss=0.6860
2025-04-25T17:40:36Z INFO     Train Epoch: 2 [23040/60000 (38%)]	loss=0.6721
2025-04-25T17:40:36Z INFO     Train Epoch: 2 [24320/60000 (41%)]	loss=0.6485
2025-04-25T17:40:36Z INFO     Train Epoch: 2 [25600/60000 (43%)]	loss=0.6491
2025-04-25T17:40:36Z INFO     Train Epoch: 2 [26880/60000 (45%)]	loss=0.7621
2025-04-25T17:40:36Z INFO     Train Epoch: 2 [28160/60000 (47%)]	loss=0.5766
2025-04-25T17:40:36Z INFO     Train Epoch: 2 [29440/60000 (49%)]	loss=0.8768
2025-04-25T17:40:36Z INFO     Train Epoch: 2 [30720/60000 (51%)]	loss=0.6945
2025-04-25T17:40:37Z INFO     Train Epoch: 2 [32000/60000 (53%)]	loss=0.7677
2025-04-25T17:40:37Z INFO     Train Epoch: 2 [33280/60000 (55%)]	loss=0.6695
2025-04-25T17:40:37Z INFO     Train Epoch: 2 [34560/60000 (58%)]	loss=0.5762
2025-04-25T17:40:37Z INFO     Train Epoch: 2 [35840/60000 (60%)]	loss=0.5412
2025-04-25T17:40:37Z INFO     Train Epoch: 2 [37120/60000 (62%)]	loss=0.7485
2025-04-25T17:40:37Z INFO     Train Epoch: 2 [38400/60000 (64%)]	loss=0.6820
2025-04-25T17:40:37Z INFO     Train Epoch: 2 [39680/60000 (66%)]	loss=0.6234
2025-04-25T17:40:37Z INFO     Train Epoch: 2 [40960/60000 (68%)]	loss=0.7621
2025-04-25T17:40:37Z INFO     Train Epoch: 2 [42240/60000 (70%)]	loss=0.7595
2025-04-25T17:40:38Z INFO     Train Epoch: 2 [43520/60000 (72%)]	loss=0.5806
2025-04-25T17:40:38Z INFO     Train Epoch: 2 [44800/60000 (75%)]	loss=0.5774
2025-04-25T17:40:38Z INFO     Train Epoch: 2 [46080/60000 (77%)]	loss=0.6867
2025-04-25T17:40:38Z INFO     Train Epoch: 2 [47360/60000 (79%)]	loss=0.7639
2025-04-25T17:40:38Z INFO     Train Epoch: 2 [48640/60000 (81%)]	loss=0.5823
2025-04-25T17:40:38Z INFO     Train Epoch: 2 [49920/60000 (83%)]	loss=0.6985
2025-04-25T17:40:38Z INFO     Train Epoch: 2 [51200/60000 (85%)]	loss=0.8260
2025-04-25T17:40:38Z INFO     Train Epoch: 2 [52480/60000 (87%)]	loss=0.5803
2025-04-25T17:40:38Z INFO     Train Epoch: 2 [53760/60000 (90%)]	loss=0.5222
2025-04-25T17:40:39Z INFO     Train Epoch: 2 [55040/60000 (92%)]	loss=0.6877
2025-04-25T17:40:39Z INFO     Train Epoch: 2 [56320/60000 (94%)]	loss=0.7082
2025-04-25T17:40:39Z INFO     Train Epoch: 2 [57600/60000 (96%)]	loss=0.5110
2025-04-25T17:40:39Z INFO     Train Epoch: 2 [58880/60000 (98%)]	loss=0.5987
2025-04-25T17:40:40Z INFO     {metricName: accuracy, metricValue: 0.7609};{metricName: loss, metricValue: 0.6531}

2025-04-25T17:40:40Z INFO     Train Epoch: 3 [0/60000 (0%)]	loss=0.5433
2025-04-25T17:40:40Z INFO     Train Epoch: 3 [1280/60000 (2%)]	loss=0.6442
2025-04-25T17:40:40Z INFO     Train Epoch: 3 [2560/60000 (4%)]	loss=0.5530
2025-04-25T17:40:40Z INFO     Train Epoch: 3 [3840/60000 (6%)]	loss=0.5109
2025-04-25T17:40:40Z INFO     Train Epoch: 3 [5120/60000 (9%)]	loss=0.5629
2025-04-25T17:40:40Z INFO     Train Epoch: 3 [6400/60000 (11%)]	loss=0.6516
2025-04-25T17:40:41Z INFO     Train Epoch: 3 [7680/60000 (13%)]	loss=0.5254
2025-04-25T17:40:41Z INFO     Train Epoch: 3 [8960/60000 (15%)]	loss=0.6365
2025-04-25T17:40:41Z INFO     Train Epoch: 3 [10240/60000 (17%)]	loss=0.6498
2025-04-25T17:40:41Z INFO     Train Epoch: 3 [11520/60000 (19%)]	loss=0.4751
2025-04-25T17:40:41Z INFO     Train Epoch: 3 [12800/60000 (21%)]	loss=0.6910
2025-04-25T17:40:41Z INFO     Train Epoch: 3 [14080/60000 (23%)]	loss=0.6617
2025-04-25T17:40:41Z INFO     Train Epoch: 3 [15360/60000 (26%)]	loss=0.7001
2025-04-25T17:40:41Z INFO     Train Epoch: 3 [16640/60000 (28%)]	loss=0.5773
2025-04-25T17:40:42Z INFO     Train Epoch: 3 [17920/60000 (30%)]	loss=0.6528
2025-04-25T17:40:42Z INFO     Train Epoch: 3 [19200/60000 (32%)]	loss=0.6442
2025-04-25T17:40:42Z INFO     Train Epoch: 3 [20480/60000 (34%)]	loss=0.6270
2025-04-25T17:40:42Z INFO     Train Epoch: 3 [21760/60000 (36%)]	loss=0.4619
2025-04-25T17:40:42Z INFO     Train Epoch: 3 [23040/60000 (38%)]	loss=0.7006
2025-04-25T17:40:42Z INFO     Train Epoch: 3 [24320/60000 (41%)]	loss=0.6104
2025-04-25T17:40:42Z INFO     Train Epoch: 3 [25600/60000 (43%)]	loss=0.5667
2025-04-25T17:40:42Z INFO     Train Epoch: 3 [26880/60000 (45%)]	loss=0.5171
2025-04-25T17:40:42Z INFO     Train Epoch: 3 [28160/60000 (47%)]	loss=0.6810
2025-04-25T17:40:43Z INFO     Train Epoch: 3 [29440/60000 (49%)]	loss=0.6086
2025-04-25T17:40:43Z INFO     Train Epoch: 3 [30720/60000 (51%)]	loss=0.6041
2025-04-25T17:40:43Z INFO     Train Epoch: 3 [32000/60000 (53%)]	loss=0.6243
2025-04-25T17:40:43Z INFO     Train Epoch: 3 [33280/60000 (55%)]	loss=0.6741
2025-04-25T17:40:43Z INFO     Train Epoch: 3 [34560/60000 (58%)]	loss=0.5918
2025-04-25T17:40:43Z INFO     Train Epoch: 3 [35840/60000 (60%)]	loss=0.5726
2025-04-25T17:40:43Z INFO     Train Epoch: 3 [37120/60000 (62%)]	loss=0.5749
2025-04-25T17:40:43Z INFO     Train Epoch: 3 [38400/60000 (64%)]	loss=0.4591
2025-04-25T17:40:43Z INFO     Train Epoch: 3 [39680/60000 (66%)]	loss=0.5218
2025-04-25T17:40:44Z INFO     Train Epoch: 3 [40960/60000 (68%)]	loss=0.5730
2025-04-25T17:40:44Z INFO     Train Epoch: 3 [42240/60000 (70%)]	loss=0.5972
2025-04-25T17:40:44Z INFO     Train Epoch: 3 [43520/60000 (72%)]	loss=0.7320
2025-04-25T17:40:44Z INFO     Train Epoch: 3 [44800/60000 (75%)]	loss=0.5754
2025-04-25T17:40:44Z INFO     Train Epoch: 3 [46080/60000 (77%)]	loss=0.5910
2025-04-25T17:40:44Z INFO     Train Epoch: 3 [47360/60000 (79%)]	loss=0.5960
2025-04-25T17:40:44Z INFO     Train Epoch: 3 [48640/60000 (81%)]	loss=0.5163
2025-04-25T17:40:44Z INFO     Train Epoch: 3 [49920/60000 (83%)]	loss=0.6278
2025-04-25T17:40:44Z INFO     Train Epoch: 3 [51200/60000 (85%)]	loss=0.6647
2025-04-25T17:40:45Z INFO     Train Epoch: 3 [52480/60000 (87%)]	loss=0.6347
2025-04-25T17:40:45Z INFO     Train Epoch: 3 [53760/60000 (90%)]	loss=0.6282
2025-04-25T17:40:45Z INFO     Train Epoch: 3 [55040/60000 (92%)]	loss=0.6007
2025-04-25T17:40:45Z INFO     Train Epoch: 3 [56320/60000 (94%)]	loss=0.6388
2025-04-25T17:40:45Z INFO     Train Epoch: 3 [57600/60000 (96%)]	loss=0.5177
2025-04-25T17:40:45Z INFO     Train Epoch: 3 [58880/60000 (98%)]	loss=0.7662
2025-04-25T17:40:46Z INFO     {metricName: accuracy, metricValue: 0.7762};{metricName: loss, metricValue: 0.5947}

2025-04-25T17:40:46Z INFO     Train Epoch: 4 [0/60000 (0%)]	loss=0.6208
2025-04-25T17:40:46Z INFO     Train Epoch: 4 [1280/60000 (2%)]	loss=0.5153
2025-04-25T17:40:46Z INFO     Train Epoch: 4 [2560/60000 (4%)]	loss=0.4984
2025-04-25T17:40:46Z INFO     Train Epoch: 4 [3840/60000 (6%)]	loss=0.5825
2025-04-25T17:40:47Z INFO     Train Epoch: 4 [5120/60000 (9%)]	loss=0.5015
2025-04-25T17:40:47Z INFO     Train Epoch: 4 [6400/60000 (11%)]	loss=0.5473
2025-04-25T17:40:47Z INFO     Train Epoch: 4 [7680/60000 (13%)]	loss=0.6101
2025-04-25T17:40:47Z INFO     Train Epoch: 4 [8960/60000 (15%)]	loss=0.4789
2025-04-25T17:40:47Z INFO     Train Epoch: 4 [10240/60000 (17%)]	loss=0.5996
2025-04-25T17:40:47Z INFO     Train Epoch: 4 [11520/60000 (19%)]	loss=0.4614
2025-04-25T17:40:47Z INFO     Train Epoch: 4 [12800/60000 (21%)]	loss=0.5902
2025-04-25T17:40:47Z INFO     Train Epoch: 4 [14080/60000 (23%)]	loss=0.5857
2025-04-25T17:40:47Z INFO     Train Epoch: 4 [15360/60000 (26%)]	loss=0.6083
2025-04-25T17:40:48Z INFO     Train Epoch: 4 [16640/60000 (28%)]	loss=0.5981
2025-04-25T17:40:48Z INFO     Train Epoch: 4 [17920/60000 (30%)]	loss=0.5370
2025-04-25T17:40:48Z INFO     Train Epoch: 4 [19200/60000 (32%)]	loss=0.5695
2025-04-25T17:40:48Z INFO     Train Epoch: 4 [20480/60000 (34%)]	loss=0.4867
2025-04-25T17:40:48Z INFO     Train Epoch: 4 [21760/60000 (36%)]	loss=0.5477
2025-04-25T17:40:48Z INFO     Train Epoch: 4 [23040/60000 (38%)]	loss=0.6153
2025-04-25T17:40:48Z INFO     Train Epoch: 4 [24320/60000 (41%)]	loss=0.4902
2025-04-25T17:40:48Z INFO     Train Epoch: 4 [25600/60000 (43%)]	loss=0.5087
2025-04-25T17:40:48Z INFO     Train Epoch: 4 [26880/60000 (45%)]	loss=0.6018
2025-04-25T17:40:49Z INFO     Train Epoch: 4 [28160/60000 (47%)]	loss=0.4014
2025-04-25T17:40:49Z INFO     Train Epoch: 4 [29440/60000 (49%)]	loss=0.4869
2025-04-25T17:40:49Z INFO     Train Epoch: 4 [30720/60000 (51%)]	loss=0.5158
2025-04-25T17:40:49Z INFO     Train Epoch: 4 [32000/60000 (53%)]	loss=0.4817
2025-04-25T17:40:49Z INFO     Train Epoch: 4 [33280/60000 (55%)]	loss=0.5314
2025-04-25T17:40:49Z INFO     Train Epoch: 4 [34560/60000 (58%)]	loss=0.5402
2025-04-25T17:40:49Z INFO     Train Epoch: 4 [35840/60000 (60%)]	loss=0.4958
2025-04-25T17:40:49Z INFO     Train Epoch: 4 [37120/60000 (62%)]	loss=0.4522
2025-04-25T17:40:49Z INFO     Train Epoch: 4 [38400/60000 (64%)]	loss=0.5639
2025-04-25T17:40:50Z INFO     Train Epoch: 4 [39680/60000 (66%)]	loss=0.4871
2025-04-25T17:40:50Z INFO     Train Epoch: 4 [40960/60000 (68%)]	loss=0.5181
2025-04-25T17:40:50Z INFO     Train Epoch: 4 [42240/60000 (70%)]	loss=0.6519
2025-04-25T17:40:50Z INFO     Train Epoch: 4 [43520/60000 (72%)]	loss=0.5712
2025-04-25T17:40:50Z INFO     Train Epoch: 4 [44800/60000 (75%)]	loss=0.6388
2025-04-25T17:40:50Z INFO     Train Epoch: 4 [46080/60000 (77%)]	loss=0.5462
2025-04-25T17:40:50Z INFO     Train Epoch: 4 [47360/60000 (79%)]	loss=0.4489
2025-04-25T17:40:50Z INFO     Train Epoch: 4 [48640/60000 (81%)]	loss=0.4364
2025-04-25T17:40:50Z INFO     Train Epoch: 4 [49920/60000 (83%)]	loss=0.5651
2025-04-25T17:40:51Z INFO     Train Epoch: 4 [51200/60000 (85%)]	loss=0.5479
2025-04-25T17:40:51Z INFO     Train Epoch: 4 [52480/60000 (87%)]	loss=0.4780
2025-04-25T17:40:51Z INFO     Train Epoch: 4 [53760/60000 (90%)]	loss=0.4859
2025-04-25T17:40:51Z INFO     Train Epoch: 4 [55040/60000 (92%)]	loss=0.5661
2025-04-25T17:40:51Z INFO     Train Epoch: 4 [56320/60000 (94%)]	loss=0.4392
2025-04-25T17:40:51Z INFO     Train Epoch: 4 [57600/60000 (96%)]	loss=0.3727
2025-04-25T17:40:51Z INFO     Train Epoch: 4 [58880/60000 (98%)]	loss=0.4252
2025-04-25T17:40:52Z INFO     {metricName: accuracy, metricValue: 0.8067};{metricName: loss, metricValue: 0.5311}

Took total 28.19 seconds
Took after init_process_group 28.11 seconds

real	0m29.330s
user	0m33.754s
sys	0m6.862s
