Using CUDA
Took 0.08 seconds
2025-04-25T17:42:04Z INFO     Train Epoch: 1 [0/60000 (0%)]	loss=2.3015
2025-04-25T17:42:04Z INFO     Train Epoch: 1 [1280/60000 (2%)]	loss=2.2863
2025-04-25T17:42:04Z INFO     Train Epoch: 1 [2560/60000 (4%)]	loss=2.2854
2025-04-25T17:42:04Z INFO     Train Epoch: 1 [3840/60000 (6%)]	loss=2.2727
2025-04-25T17:42:04Z INFO     Train Epoch: 1 [5120/60000 (9%)]	loss=2.2693
2025-04-25T17:42:05Z INFO     Train Epoch: 1 [6400/60000 (11%)]	loss=2.2499
2025-04-25T17:42:05Z INFO     Train Epoch: 1 [7680/60000 (13%)]	loss=2.2421
2025-04-25T17:42:05Z INFO     Train Epoch: 1 [8960/60000 (15%)]	loss=2.2028
2025-04-25T17:42:05Z INFO     Train Epoch: 1 [10240/60000 (17%)]	loss=2.1878
2025-04-25T17:42:05Z INFO     Train Epoch: 1 [11520/60000 (19%)]	loss=2.1321
2025-04-25T17:42:05Z INFO     Train Epoch: 1 [12800/60000 (21%)]	loss=2.0495
2025-04-25T17:42:05Z INFO     Train Epoch: 1 [14080/60000 (23%)]	loss=1.9475
2025-04-25T17:42:05Z INFO     Train Epoch: 1 [15360/60000 (26%)]	loss=1.7653
2025-04-25T17:42:05Z INFO     Train Epoch: 1 [16640/60000 (28%)]	loss=1.5974
2025-04-25T17:42:06Z INFO     Train Epoch: 1 [17920/60000 (30%)]	loss=1.3734
2025-04-25T17:42:06Z INFO     Train Epoch: 1 [19200/60000 (32%)]	loss=1.3092
2025-04-25T17:42:06Z INFO     Train Epoch: 1 [20480/60000 (34%)]	loss=1.1868
2025-04-25T17:42:06Z INFO     Train Epoch: 1 [21760/60000 (36%)]	loss=1.0812
2025-04-25T17:42:06Z INFO     Train Epoch: 1 [23040/60000 (38%)]	loss=1.0570
2025-04-25T17:42:06Z INFO     Train Epoch: 1 [24320/60000 (41%)]	loss=1.0210
2025-04-25T17:42:06Z INFO     Train Epoch: 1 [25600/60000 (43%)]	loss=0.9026
2025-04-25T17:42:06Z INFO     Train Epoch: 1 [26880/60000 (45%)]	loss=1.0209
2025-04-25T17:42:06Z INFO     Train Epoch: 1 [28160/60000 (47%)]	loss=1.0536
2025-04-25T17:42:07Z INFO     Train Epoch: 1 [29440/60000 (49%)]	loss=0.9029
2025-04-25T17:42:07Z INFO     Train Epoch: 1 [30720/60000 (51%)]	loss=0.7911
2025-04-25T17:42:07Z INFO     Train Epoch: 1 [32000/60000 (53%)]	loss=1.1957
2025-04-25T17:42:07Z INFO     Train Epoch: 1 [33280/60000 (55%)]	loss=1.0276
2025-04-25T17:42:07Z INFO     Train Epoch: 1 [34560/60000 (58%)]	loss=0.9574
2025-04-25T17:42:07Z INFO     Train Epoch: 1 [35840/60000 (60%)]	loss=0.7879
2025-04-25T17:42:07Z INFO     Train Epoch: 1 [37120/60000 (62%)]	loss=0.9316
2025-04-25T17:42:07Z INFO     Train Epoch: 1 [38400/60000 (64%)]	loss=0.9515
2025-04-25T17:42:07Z INFO     Train Epoch: 1 [39680/60000 (66%)]	loss=0.8625
2025-04-25T17:42:08Z INFO     Train Epoch: 1 [40960/60000 (68%)]	loss=0.8077
2025-04-25T17:42:08Z INFO     Train Epoch: 1 [42240/60000 (70%)]	loss=0.8887
2025-04-25T17:42:08Z INFO     Train Epoch: 1 [43520/60000 (72%)]	loss=0.9429
2025-04-25T17:42:08Z INFO     Train Epoch: 1 [44800/60000 (75%)]	loss=0.9372
2025-04-25T17:42:08Z INFO     Train Epoch: 1 [46080/60000 (77%)]	loss=0.8255
2025-04-25T17:42:08Z INFO     Train Epoch: 1 [47360/60000 (79%)]	loss=0.7682
2025-04-25T17:42:08Z INFO     Train Epoch: 1 [48640/60000 (81%)]	loss=0.8690
2025-04-25T17:42:08Z INFO     Train Epoch: 1 [49920/60000 (83%)]	loss=0.8683
2025-04-25T17:42:08Z INFO     Train Epoch: 1 [51200/60000 (85%)]	loss=0.7851
2025-04-25T17:42:09Z INFO     Train Epoch: 1 [52480/60000 (87%)]	loss=0.6909
2025-04-25T17:42:09Z INFO     Train Epoch: 1 [53760/60000 (90%)]	loss=0.8088
2025-04-25T17:42:09Z INFO     Train Epoch: 1 [55040/60000 (92%)]	loss=0.8788
2025-04-25T17:42:09Z INFO     Train Epoch: 1 [56320/60000 (94%)]	loss=0.8608
2025-04-25T17:42:09Z INFO     Train Epoch: 1 [57600/60000 (96%)]	loss=0.9282
2025-04-25T17:42:09Z INFO     Train Epoch: 1 [58880/60000 (98%)]	loss=0.7704
2025-04-25T17:42:10Z INFO     {metricName: accuracy, metricValue: 0.6865};{metricName: loss, metricValue: 0.8291}

2025-04-25T17:42:10Z INFO     Train Epoch: 2 [0/60000 (0%)]	loss=0.7519
2025-04-25T17:42:10Z INFO     Train Epoch: 2 [1280/60000 (2%)]	loss=0.6797
2025-04-25T17:42:10Z INFO     Train Epoch: 2 [2560/60000 (4%)]	loss=0.7751
2025-04-25T17:42:10Z INFO     Train Epoch: 2 [3840/60000 (6%)]	loss=0.7723
2025-04-25T17:42:11Z INFO     Train Epoch: 2 [5120/60000 (9%)]	loss=0.7503
2025-04-25T17:42:11Z INFO     Train Epoch: 2 [6400/60000 (11%)]	loss=0.7432
2025-04-25T17:42:11Z INFO     Train Epoch: 2 [7680/60000 (13%)]	loss=0.7575
2025-04-25T17:42:11Z INFO     Train Epoch: 2 [8960/60000 (15%)]	loss=0.6593
2025-04-25T17:42:11Z INFO     Train Epoch: 2 [10240/60000 (17%)]	loss=0.7532
2025-04-25T17:42:11Z INFO     Train Epoch: 2 [11520/60000 (19%)]	loss=0.6048
2025-04-25T17:42:11Z INFO     Train Epoch: 2 [12800/60000 (21%)]	loss=0.7408
2025-04-25T17:42:11Z INFO     Train Epoch: 2 [14080/60000 (23%)]	loss=0.6982
2025-04-25T17:42:11Z INFO     Train Epoch: 2 [15360/60000 (26%)]	loss=0.7803
2025-04-25T17:42:12Z INFO     Train Epoch: 2 [16640/60000 (28%)]	loss=0.6450
2025-04-25T17:42:12Z INFO     Train Epoch: 2 [17920/60000 (30%)]	loss=0.7497
2025-04-25T17:42:12Z INFO     Train Epoch: 2 [19200/60000 (32%)]	loss=0.5681
2025-04-25T17:42:12Z INFO     Train Epoch: 2 [20480/60000 (34%)]	loss=0.7974
2025-04-25T17:42:12Z INFO     Train Epoch: 2 [21760/60000 (36%)]	loss=0.6859
2025-04-25T17:42:12Z INFO     Train Epoch: 2 [23040/60000 (38%)]	loss=0.6720
2025-04-25T17:42:12Z INFO     Train Epoch: 2 [24320/60000 (41%)]	loss=0.6488
2025-04-25T17:42:12Z INFO     Train Epoch: 2 [25600/60000 (43%)]	loss=0.6495
2025-04-25T17:42:13Z INFO     Train Epoch: 2 [26880/60000 (45%)]	loss=0.7622
2025-04-25T17:42:13Z INFO     Train Epoch: 2 [28160/60000 (47%)]	loss=0.5769
2025-04-25T17:42:13Z INFO     Train Epoch: 2 [29440/60000 (49%)]	loss=0.8786
2025-04-25T17:42:13Z INFO     Train Epoch: 2 [30720/60000 (51%)]	loss=0.6952
2025-04-25T17:42:13Z INFO     Train Epoch: 2 [32000/60000 (53%)]	loss=0.7680
2025-04-25T17:42:13Z INFO     Train Epoch: 2 [33280/60000 (55%)]	loss=0.6701
2025-04-25T17:42:13Z INFO     Train Epoch: 2 [34560/60000 (58%)]	loss=0.5760
2025-04-25T17:42:13Z INFO     Train Epoch: 2 [35840/60000 (60%)]	loss=0.5411
2025-04-25T17:42:13Z INFO     Train Epoch: 2 [37120/60000 (62%)]	loss=0.7472
2025-04-25T17:42:14Z INFO     Train Epoch: 2 [38400/60000 (64%)]	loss=0.6823
2025-04-25T17:42:14Z INFO     Train Epoch: 2 [39680/60000 (66%)]	loss=0.6236
2025-04-25T17:42:14Z INFO     Train Epoch: 2 [40960/60000 (68%)]	loss=0.7631
2025-04-25T17:42:14Z INFO     Train Epoch: 2 [42240/60000 (70%)]	loss=0.7596
2025-04-25T17:42:14Z INFO     Train Epoch: 2 [43520/60000 (72%)]	loss=0.5811
2025-04-25T17:42:14Z INFO     Train Epoch: 2 [44800/60000 (75%)]	loss=0.5770
2025-04-25T17:42:14Z INFO     Train Epoch: 2 [46080/60000 (77%)]	loss=0.6862
2025-04-25T17:42:14Z INFO     Train Epoch: 2 [47360/60000 (79%)]	loss=0.7642
2025-04-25T17:42:14Z INFO     Train Epoch: 2 [48640/60000 (81%)]	loss=0.5821
2025-04-25T17:42:15Z INFO     Train Epoch: 2 [49920/60000 (83%)]	loss=0.6981
2025-04-25T17:42:15Z INFO     Train Epoch: 2 [51200/60000 (85%)]	loss=0.8264
2025-04-25T17:42:15Z INFO     Train Epoch: 2 [52480/60000 (87%)]	loss=0.5806
2025-04-25T17:42:15Z INFO     Train Epoch: 2 [53760/60000 (90%)]	loss=0.5229
2025-04-25T17:42:15Z INFO     Train Epoch: 2 [55040/60000 (92%)]	loss=0.6883
2025-04-25T17:42:15Z INFO     Train Epoch: 2 [56320/60000 (94%)]	loss=0.7061
2025-04-25T17:42:15Z INFO     Train Epoch: 2 [57600/60000 (96%)]	loss=0.5098
2025-04-25T17:42:15Z INFO     Train Epoch: 2 [58880/60000 (98%)]	loss=0.5993
2025-04-25T17:42:16Z INFO     {metricName: accuracy, metricValue: 0.7610};{metricName: loss, metricValue: 0.6534}

2025-04-25T17:42:16Z INFO     Train Epoch: 3 [0/60000 (0%)]	loss=0.5434
2025-04-25T17:42:17Z INFO     Train Epoch: 3 [1280/60000 (2%)]	loss=0.6467
2025-04-25T17:42:17Z INFO     Train Epoch: 3 [2560/60000 (4%)]	loss=0.5531
2025-04-25T17:42:17Z INFO     Train Epoch: 3 [3840/60000 (6%)]	loss=0.5118
2025-04-25T17:42:17Z INFO     Train Epoch: 3 [5120/60000 (9%)]	loss=0.5641
2025-04-25T17:42:17Z INFO     Train Epoch: 3 [6400/60000 (11%)]	loss=0.6524
2025-04-25T17:42:17Z INFO     Train Epoch: 3 [7680/60000 (13%)]	loss=0.5264
2025-04-25T17:42:17Z INFO     Train Epoch: 3 [8960/60000 (15%)]	loss=0.6368
2025-04-25T17:42:17Z INFO     Train Epoch: 3 [10240/60000 (17%)]	loss=0.6487
2025-04-25T17:42:17Z INFO     Train Epoch: 3 [11520/60000 (19%)]	loss=0.4757
2025-04-25T17:42:18Z INFO     Train Epoch: 3 [12800/60000 (21%)]	loss=0.6913
2025-04-25T17:42:18Z INFO     Train Epoch: 3 [14080/60000 (23%)]	loss=0.6594
2025-04-25T17:42:18Z INFO     Train Epoch: 3 [15360/60000 (26%)]	loss=0.7001
2025-04-25T17:42:18Z INFO     Train Epoch: 3 [16640/60000 (28%)]	loss=0.5772
2025-04-25T17:42:18Z INFO     Train Epoch: 3 [17920/60000 (30%)]	loss=0.6526
2025-04-25T17:42:18Z INFO     Train Epoch: 3 [19200/60000 (32%)]	loss=0.6459
2025-04-25T17:42:18Z INFO     Train Epoch: 3 [20480/60000 (34%)]	loss=0.6259
2025-04-25T17:42:18Z INFO     Train Epoch: 3 [21760/60000 (36%)]	loss=0.4623
2025-04-25T17:42:18Z INFO     Train Epoch: 3 [23040/60000 (38%)]	loss=0.6995
2025-04-25T17:42:19Z INFO     Train Epoch: 3 [24320/60000 (41%)]	loss=0.6118
2025-04-25T17:42:19Z INFO     Train Epoch: 3 [25600/60000 (43%)]	loss=0.5656
2025-04-25T17:42:19Z INFO     Train Epoch: 3 [26880/60000 (45%)]	loss=0.5164
2025-04-25T17:42:19Z INFO     Train Epoch: 3 [28160/60000 (47%)]	loss=0.6830
2025-04-25T17:42:19Z INFO     Train Epoch: 3 [29440/60000 (49%)]	loss=0.6093
2025-04-25T17:42:19Z INFO     Train Epoch: 3 [30720/60000 (51%)]	loss=0.6051
2025-04-25T17:42:19Z INFO     Train Epoch: 3 [32000/60000 (53%)]	loss=0.6240
2025-04-25T17:42:19Z INFO     Train Epoch: 3 [33280/60000 (55%)]	loss=0.6731
2025-04-25T17:42:19Z INFO     Train Epoch: 3 [34560/60000 (58%)]	loss=0.5926
2025-04-25T17:42:20Z INFO     Train Epoch: 3 [35840/60000 (60%)]	loss=0.5720
2025-04-25T17:42:20Z INFO     Train Epoch: 3 [37120/60000 (62%)]	loss=0.5752
2025-04-25T17:42:20Z INFO     Train Epoch: 3 [38400/60000 (64%)]	loss=0.4595
2025-04-25T17:42:20Z INFO     Train Epoch: 3 [39680/60000 (66%)]	loss=0.5210
2025-04-25T17:42:20Z INFO     Train Epoch: 3 [40960/60000 (68%)]	loss=0.5731
2025-04-25T17:42:20Z INFO     Train Epoch: 3 [42240/60000 (70%)]	loss=0.5984
2025-04-25T17:42:20Z INFO     Train Epoch: 3 [43520/60000 (72%)]	loss=0.7328
2025-04-25T17:42:20Z INFO     Train Epoch: 3 [44800/60000 (75%)]	loss=0.5767
2025-04-25T17:42:20Z INFO     Train Epoch: 3 [46080/60000 (77%)]	loss=0.5903
2025-04-25T17:42:21Z INFO     Train Epoch: 3 [47360/60000 (79%)]	loss=0.5961
2025-04-25T17:42:21Z INFO     Train Epoch: 3 [48640/60000 (81%)]	loss=0.5174
2025-04-25T17:42:21Z INFO     Train Epoch: 3 [49920/60000 (83%)]	loss=0.6281
2025-04-25T17:42:21Z INFO     Train Epoch: 3 [51200/60000 (85%)]	loss=0.6639
2025-04-25T17:42:21Z INFO     Train Epoch: 3 [52480/60000 (87%)]	loss=0.6351
2025-04-25T17:42:21Z INFO     Train Epoch: 3 [53760/60000 (90%)]	loss=0.6293
2025-04-25T17:42:21Z INFO     Train Epoch: 3 [55040/60000 (92%)]	loss=0.6009
2025-04-25T17:42:21Z INFO     Train Epoch: 3 [56320/60000 (94%)]	loss=0.6379
2025-04-25T17:42:22Z INFO     Train Epoch: 3 [57600/60000 (96%)]	loss=0.5186
2025-04-25T17:42:22Z INFO     Train Epoch: 3 [58880/60000 (98%)]	loss=0.7669
2025-04-25T17:42:23Z INFO     {metricName: accuracy, metricValue: 0.7754};{metricName: loss, metricValue: 0.5953}

2025-04-25T17:42:23Z INFO     Train Epoch: 4 [0/60000 (0%)]	loss=0.6222
2025-04-25T17:42:23Z INFO     Train Epoch: 4 [1280/60000 (2%)]	loss=0.5154
2025-04-25T17:42:23Z INFO     Train Epoch: 4 [2560/60000 (4%)]	loss=0.4977
2025-04-25T17:42:23Z INFO     Train Epoch: 4 [3840/60000 (6%)]	loss=0.5828
2025-04-25T17:42:23Z INFO     Train Epoch: 4 [5120/60000 (9%)]	loss=0.5019
2025-04-25T17:42:23Z INFO     Train Epoch: 4 [6400/60000 (11%)]	loss=0.5478
2025-04-25T17:42:23Z INFO     Train Epoch: 4 [7680/60000 (13%)]	loss=0.6094
2025-04-25T17:42:23Z INFO     Train Epoch: 4 [8960/60000 (15%)]	loss=0.4796
2025-04-25T17:42:24Z INFO     Train Epoch: 4 [10240/60000 (17%)]	loss=0.6011
2025-04-25T17:42:24Z INFO     Train Epoch: 4 [11520/60000 (19%)]	loss=0.4618
2025-04-25T17:42:24Z INFO     Train Epoch: 4 [12800/60000 (21%)]	loss=0.5892
2025-04-25T17:42:24Z INFO     Train Epoch: 4 [14080/60000 (23%)]	loss=0.5856
2025-04-25T17:42:24Z INFO     Train Epoch: 4 [15360/60000 (26%)]	loss=0.6089
2025-04-25T17:42:24Z INFO     Train Epoch: 4 [16640/60000 (28%)]	loss=0.5986
2025-04-25T17:42:24Z INFO     Train Epoch: 4 [17920/60000 (30%)]	loss=0.5371
2025-04-25T17:42:24Z INFO     Train Epoch: 4 [19200/60000 (32%)]	loss=0.5681
2025-04-25T17:42:24Z INFO     Train Epoch: 4 [20480/60000 (34%)]	loss=0.4868
2025-04-25T17:42:25Z INFO     Train Epoch: 4 [21760/60000 (36%)]	loss=0.5489
2025-04-25T17:42:25Z INFO     Train Epoch: 4 [23040/60000 (38%)]	loss=0.6161
2025-04-25T17:42:25Z INFO     Train Epoch: 4 [24320/60000 (41%)]	loss=0.4902
2025-04-25T17:42:25Z INFO     Train Epoch: 4 [25600/60000 (43%)]	loss=0.5097
2025-04-25T17:42:25Z INFO     Train Epoch: 4 [26880/60000 (45%)]	loss=0.6027
2025-04-25T17:42:25Z INFO     Train Epoch: 4 [28160/60000 (47%)]	loss=0.4013
2025-04-25T17:42:25Z INFO     Train Epoch: 4 [29440/60000 (49%)]	loss=0.4868
2025-04-25T17:42:25Z INFO     Train Epoch: 4 [30720/60000 (51%)]	loss=0.5153
2025-04-25T17:42:25Z INFO     Train Epoch: 4 [32000/60000 (53%)]	loss=0.4830
2025-04-25T17:42:26Z INFO     Train Epoch: 4 [33280/60000 (55%)]	loss=0.5316
2025-04-25T17:42:26Z INFO     Train Epoch: 4 [34560/60000 (58%)]	loss=0.5395
2025-04-25T17:42:26Z INFO     Train Epoch: 4 [35840/60000 (60%)]	loss=0.4974
2025-04-25T17:42:26Z INFO     Train Epoch: 4 [37120/60000 (62%)]	loss=0.4530
2025-04-25T17:42:26Z INFO     Train Epoch: 4 [38400/60000 (64%)]	loss=0.5624
2025-04-25T17:42:26Z INFO     Train Epoch: 4 [39680/60000 (66%)]	loss=0.4888
2025-04-25T17:42:26Z INFO     Train Epoch: 4 [40960/60000 (68%)]	loss=0.5170
2025-04-25T17:42:26Z INFO     Train Epoch: 4 [42240/60000 (70%)]	loss=0.6554
2025-04-25T17:42:26Z INFO     Train Epoch: 4 [43520/60000 (72%)]	loss=0.5731
2025-04-25T17:42:27Z INFO     Train Epoch: 4 [44800/60000 (75%)]	loss=0.6407
2025-04-25T17:42:27Z INFO     Train Epoch: 4 [46080/60000 (77%)]	loss=0.5461
2025-04-25T17:42:27Z INFO     Train Epoch: 4 [47360/60000 (79%)]	loss=0.4493
2025-04-25T17:42:27Z INFO     Train Epoch: 4 [48640/60000 (81%)]	loss=0.4370
2025-04-25T17:42:27Z INFO     Train Epoch: 4 [49920/60000 (83%)]	loss=0.5662
2025-04-25T17:42:27Z INFO     Train Epoch: 4 [51200/60000 (85%)]	loss=0.5472
2025-04-25T17:42:27Z INFO     Train Epoch: 4 [52480/60000 (87%)]	loss=0.4790
2025-04-25T17:42:27Z INFO     Train Epoch: 4 [53760/60000 (90%)]	loss=0.4854
2025-04-25T17:42:27Z INFO     Train Epoch: 4 [55040/60000 (92%)]	loss=0.5664
2025-04-25T17:42:28Z INFO     Train Epoch: 4 [56320/60000 (94%)]	loss=0.4389
2025-04-25T17:42:28Z INFO     Train Epoch: 4 [57600/60000 (96%)]	loss=0.3726
2025-04-25T17:42:28Z INFO     Train Epoch: 4 [58880/60000 (98%)]	loss=0.4259
2025-04-25T17:42:29Z INFO     {metricName: accuracy, metricValue: 0.8074};{metricName: loss, metricValue: 0.5312}

Took total 28.58 seconds
Took after init_process_group 28.50 seconds

real	0m29.793s
user	0m33.962s
sys	0m7.296s
