Using CUDA
2025-04-19T16:18:54Z INFO     Train Epoch: 1 [0/60000 (0%)]	loss=2.3015
2025-04-19T16:18:54Z INFO     Train Epoch: 1 [1280/60000 (2%)]	loss=2.2863
2025-04-19T16:18:54Z INFO     Train Epoch: 1 [2560/60000 (4%)]	loss=2.2854
2025-04-19T16:18:54Z INFO     Train Epoch: 1 [3840/60000 (6%)]	loss=2.2727
2025-04-19T16:18:54Z INFO     Train Epoch: 1 [5120/60000 (9%)]	loss=2.2693
2025-04-19T16:18:55Z INFO     Train Epoch: 1 [6400/60000 (11%)]	loss=2.2500
2025-04-19T16:18:55Z INFO     Train Epoch: 1 [7680/60000 (13%)]	loss=2.2420
2025-04-19T16:18:55Z INFO     Train Epoch: 1 [8960/60000 (15%)]	loss=2.2029
2025-04-19T16:18:55Z INFO     Train Epoch: 1 [10240/60000 (17%)]	loss=2.1878
2025-04-19T16:18:55Z INFO     Train Epoch: 1 [11520/60000 (19%)]	loss=2.1322
2025-04-19T16:18:55Z INFO     Train Epoch: 1 [12800/60000 (21%)]	loss=2.0497
2025-04-19T16:18:55Z INFO     Train Epoch: 1 [14080/60000 (23%)]	loss=1.9477
2025-04-19T16:18:55Z INFO     Train Epoch: 1 [15360/60000 (26%)]	loss=1.7656
2025-04-19T16:18:55Z INFO     Train Epoch: 1 [16640/60000 (28%)]	loss=1.5976
2025-04-19T16:18:56Z INFO     Train Epoch: 1 [17920/60000 (30%)]	loss=1.3735
2025-04-19T16:18:56Z INFO     Train Epoch: 1 [19200/60000 (32%)]	loss=1.3090
2025-04-19T16:18:56Z INFO     Train Epoch: 1 [20480/60000 (34%)]	loss=1.1860
2025-04-19T16:18:56Z INFO     Train Epoch: 1 [21760/60000 (36%)]	loss=1.0811
2025-04-19T16:18:56Z INFO     Train Epoch: 1 [23040/60000 (38%)]	loss=1.0570
2025-04-19T16:18:56Z INFO     Train Epoch: 1 [24320/60000 (41%)]	loss=1.0200
2025-04-19T16:18:56Z INFO     Train Epoch: 1 [25600/60000 (43%)]	loss=0.9024
2025-04-19T16:18:56Z INFO     Train Epoch: 1 [26880/60000 (45%)]	loss=1.0216
2025-04-19T16:18:56Z INFO     Train Epoch: 1 [28160/60000 (47%)]	loss=1.0545
2025-04-19T16:18:57Z INFO     Train Epoch: 1 [29440/60000 (49%)]	loss=0.9003
2025-04-19T16:18:57Z INFO     Train Epoch: 1 [30720/60000 (51%)]	loss=0.7924
2025-04-19T16:18:57Z INFO     Train Epoch: 1 [32000/60000 (53%)]	loss=1.1948
2025-04-19T16:18:57Z INFO     Train Epoch: 1 [33280/60000 (55%)]	loss=1.0266
2025-04-19T16:18:57Z INFO     Train Epoch: 1 [34560/60000 (58%)]	loss=0.9579
2025-04-19T16:18:57Z INFO     Train Epoch: 1 [35840/60000 (60%)]	loss=0.7873
2025-04-19T16:18:57Z INFO     Train Epoch: 1 [37120/60000 (62%)]	loss=0.9314
2025-04-19T16:18:57Z INFO     Train Epoch: 1 [38400/60000 (64%)]	loss=0.9512
2025-04-19T16:18:57Z INFO     Train Epoch: 1 [39680/60000 (66%)]	loss=0.8622
2025-04-19T16:18:58Z INFO     Train Epoch: 1 [40960/60000 (68%)]	loss=0.8077
2025-04-19T16:18:58Z INFO     Train Epoch: 1 [42240/60000 (70%)]	loss=0.8875
2025-04-19T16:18:58Z INFO     Train Epoch: 1 [43520/60000 (72%)]	loss=0.9444
2025-04-19T16:18:58Z INFO     Train Epoch: 1 [44800/60000 (75%)]	loss=0.9364
2025-04-19T16:18:58Z INFO     Train Epoch: 1 [46080/60000 (77%)]	loss=0.8250
2025-04-19T16:18:58Z INFO     Train Epoch: 1 [47360/60000 (79%)]	loss=0.7687
2025-04-19T16:18:58Z INFO     Train Epoch: 1 [48640/60000 (81%)]	loss=0.8690
2025-04-19T16:18:58Z INFO     Train Epoch: 1 [49920/60000 (83%)]	loss=0.8694
2025-04-19T16:18:58Z INFO     Train Epoch: 1 [51200/60000 (85%)]	loss=0.7839
2025-04-19T16:18:59Z INFO     Train Epoch: 1 [52480/60000 (87%)]	loss=0.6896
2025-04-19T16:18:59Z INFO     Train Epoch: 1 [53760/60000 (90%)]	loss=0.8085
2025-04-19T16:18:59Z INFO     Train Epoch: 1 [55040/60000 (92%)]	loss=0.8799
2025-04-19T16:18:59Z INFO     Train Epoch: 1 [56320/60000 (94%)]	loss=0.8608
2025-04-19T16:18:59Z INFO     Train Epoch: 1 [57600/60000 (96%)]	loss=0.9268
2025-04-19T16:18:59Z INFO     Train Epoch: 1 [58880/60000 (98%)]	loss=0.7727
2025-04-19T16:19:00Z INFO     {metricName: accuracy, metricValue: 0.6873};{metricName: loss, metricValue: 0.8288}

2025-04-19T16:19:00Z INFO     Train Epoch: 2 [0/60000 (0%)]	loss=0.7509
2025-04-19T16:19:00Z INFO     Train Epoch: 2 [1280/60000 (2%)]	loss=0.6787
2025-04-19T16:19:00Z INFO     Train Epoch: 2 [2560/60000 (4%)]	loss=0.7738
2025-04-19T16:19:01Z INFO     Train Epoch: 2 [3840/60000 (6%)]	loss=0.7721
2025-04-19T16:19:01Z INFO     Train Epoch: 2 [5120/60000 (9%)]	loss=0.7501
2025-04-19T16:19:01Z INFO     Train Epoch: 2 [6400/60000 (11%)]	loss=0.7414
2025-04-19T16:19:01Z INFO     Train Epoch: 2 [7680/60000 (13%)]	loss=0.7568
2025-04-19T16:19:01Z INFO     Train Epoch: 2 [8960/60000 (15%)]	loss=0.6595
2025-04-19T16:19:01Z INFO     Train Epoch: 2 [10240/60000 (17%)]	loss=0.7527
2025-04-19T16:19:01Z INFO     Train Epoch: 2 [11520/60000 (19%)]	loss=0.6045
2025-04-19T16:19:01Z INFO     Train Epoch: 2 [12800/60000 (21%)]	loss=0.7415
2025-04-19T16:19:01Z INFO     Train Epoch: 2 [14080/60000 (23%)]	loss=0.7001
2025-04-19T16:19:02Z INFO     Train Epoch: 2 [15360/60000 (26%)]	loss=0.7816
2025-04-19T16:19:02Z INFO     Train Epoch: 2 [16640/60000 (28%)]	loss=0.6449
2025-04-19T16:19:02Z INFO     Train Epoch: 2 [17920/60000 (30%)]	loss=0.7503
2025-04-19T16:19:02Z INFO     Train Epoch: 2 [19200/60000 (32%)]	loss=0.5678
2025-04-19T16:19:02Z INFO     Train Epoch: 2 [20480/60000 (34%)]	loss=0.7982
2025-04-19T16:19:02Z INFO     Train Epoch: 2 [21760/60000 (36%)]	loss=0.6867
2025-04-19T16:19:02Z INFO     Train Epoch: 2 [23040/60000 (38%)]	loss=0.6722
2025-04-19T16:19:02Z INFO     Train Epoch: 2 [24320/60000 (41%)]	loss=0.6482
2025-04-19T16:19:02Z INFO     Train Epoch: 2 [25600/60000 (43%)]	loss=0.6497
2025-04-19T16:19:03Z INFO     Train Epoch: 2 [26880/60000 (45%)]	loss=0.7620
2025-04-19T16:19:03Z INFO     Train Epoch: 2 [28160/60000 (47%)]	loss=0.5775
2025-04-19T16:19:03Z INFO     Train Epoch: 2 [29440/60000 (49%)]	loss=0.8758
2025-04-19T16:19:03Z INFO     Train Epoch: 2 [30720/60000 (51%)]	loss=0.6958
2025-04-19T16:19:03Z INFO     Train Epoch: 2 [32000/60000 (53%)]	loss=0.7673
2025-04-19T16:19:03Z INFO     Train Epoch: 2 [33280/60000 (55%)]	loss=0.6696
2025-04-19T16:19:03Z INFO     Train Epoch: 2 [34560/60000 (58%)]	loss=0.5760
2025-04-19T16:19:03Z INFO     Train Epoch: 2 [35840/60000 (60%)]	loss=0.5422
2025-04-19T16:19:03Z INFO     Train Epoch: 2 [37120/60000 (62%)]	loss=0.7484
2025-04-19T16:19:04Z INFO     Train Epoch: 2 [38400/60000 (64%)]	loss=0.6822
2025-04-19T16:19:04Z INFO     Train Epoch: 2 [39680/60000 (66%)]	loss=0.6231
2025-04-19T16:19:04Z INFO     Train Epoch: 2 [40960/60000 (68%)]	loss=0.7635
2025-04-19T16:19:04Z INFO     Train Epoch: 2 [42240/60000 (70%)]	loss=0.7596
2025-04-19T16:19:04Z INFO     Train Epoch: 2 [43520/60000 (72%)]	loss=0.5806
2025-04-19T16:19:04Z INFO     Train Epoch: 2 [44800/60000 (75%)]	loss=0.5767
2025-04-19T16:19:04Z INFO     Train Epoch: 2 [46080/60000 (77%)]	loss=0.6871
2025-04-19T16:19:04Z INFO     Train Epoch: 2 [47360/60000 (79%)]	loss=0.7638
2025-04-19T16:19:04Z INFO     Train Epoch: 2 [48640/60000 (81%)]	loss=0.5823
2025-04-19T16:19:05Z INFO     Train Epoch: 2 [49920/60000 (83%)]	loss=0.6990
2025-04-19T16:19:05Z INFO     Train Epoch: 2 [51200/60000 (85%)]	loss=0.8275
2025-04-19T16:19:05Z INFO     Train Epoch: 2 [52480/60000 (87%)]	loss=0.5801
2025-04-19T16:19:05Z INFO     Train Epoch: 2 [53760/60000 (90%)]	loss=0.5232
2025-04-19T16:19:05Z INFO     Train Epoch: 2 [55040/60000 (92%)]	loss=0.6885
2025-04-19T16:19:05Z INFO     Train Epoch: 2 [56320/60000 (94%)]	loss=0.7079
2025-04-19T16:19:05Z INFO     Train Epoch: 2 [57600/60000 (96%)]	loss=0.5098
2025-04-19T16:19:05Z INFO     Train Epoch: 2 [58880/60000 (98%)]	loss=0.6001
2025-04-19T16:19:06Z INFO     {metricName: accuracy, metricValue: 0.7611};{metricName: loss, metricValue: 0.6534}

2025-04-19T16:19:06Z INFO     Train Epoch: 3 [0/60000 (0%)]	loss=0.5442
2025-04-19T16:19:06Z INFO     Train Epoch: 3 [1280/60000 (2%)]	loss=0.6468
2025-04-19T16:19:07Z INFO     Train Epoch: 3 [2560/60000 (4%)]	loss=0.5532
2025-04-19T16:19:07Z INFO     Train Epoch: 3 [3840/60000 (6%)]	loss=0.5125
2025-04-19T16:19:07Z INFO     Train Epoch: 3 [5120/60000 (9%)]	loss=0.5639
2025-04-19T16:19:07Z INFO     Train Epoch: 3 [6400/60000 (11%)]	loss=0.6525
2025-04-19T16:19:07Z INFO     Train Epoch: 3 [7680/60000 (13%)]	loss=0.5271
2025-04-19T16:19:07Z INFO     Train Epoch: 3 [8960/60000 (15%)]	loss=0.6363
2025-04-19T16:19:07Z INFO     Train Epoch: 3 [10240/60000 (17%)]	loss=0.6498
2025-04-19T16:19:07Z INFO     Train Epoch: 3 [11520/60000 (19%)]	loss=0.4757
2025-04-19T16:19:07Z INFO     Train Epoch: 3 [12800/60000 (21%)]	loss=0.6916
2025-04-19T16:19:08Z INFO     Train Epoch: 3 [14080/60000 (23%)]	loss=0.6600
2025-04-19T16:19:08Z INFO     Train Epoch: 3 [15360/60000 (26%)]	loss=0.6984
2025-04-19T16:19:08Z INFO     Train Epoch: 3 [16640/60000 (28%)]	loss=0.5764
2025-04-19T16:19:08Z INFO     Train Epoch: 3 [17920/60000 (30%)]	loss=0.6526
2025-04-19T16:19:08Z INFO     Train Epoch: 3 [19200/60000 (32%)]	loss=0.6458
2025-04-19T16:19:08Z INFO     Train Epoch: 3 [20480/60000 (34%)]	loss=0.6254
2025-04-19T16:19:08Z INFO     Train Epoch: 3 [21760/60000 (36%)]	loss=0.4613
2025-04-19T16:19:08Z INFO     Train Epoch: 3 [23040/60000 (38%)]	loss=0.7005
2025-04-19T16:19:09Z INFO     Train Epoch: 3 [24320/60000 (41%)]	loss=0.6119
2025-04-19T16:19:09Z INFO     Train Epoch: 3 [25600/60000 (43%)]	loss=0.5657
2025-04-19T16:19:09Z INFO     Train Epoch: 3 [26880/60000 (45%)]	loss=0.5165
2025-04-19T16:19:09Z INFO     Train Epoch: 3 [28160/60000 (47%)]	loss=0.6829
2025-04-19T16:19:09Z INFO     Train Epoch: 3 [29440/60000 (49%)]	loss=0.6089
2025-04-19T16:19:09Z INFO     Train Epoch: 3 [30720/60000 (51%)]	loss=0.6044
2025-04-19T16:19:09Z INFO     Train Epoch: 3 [32000/60000 (53%)]	loss=0.6249
2025-04-19T16:19:09Z INFO     Train Epoch: 3 [33280/60000 (55%)]	loss=0.6738
2025-04-19T16:19:09Z INFO     Train Epoch: 3 [34560/60000 (58%)]	loss=0.5925
2025-04-19T16:19:10Z INFO     Train Epoch: 3 [35840/60000 (60%)]	loss=0.5710
2025-04-19T16:19:10Z INFO     Train Epoch: 3 [37120/60000 (62%)]	loss=0.5750
2025-04-19T16:19:10Z INFO     Train Epoch: 3 [38400/60000 (64%)]	loss=0.4593
2025-04-19T16:19:10Z INFO     Train Epoch: 3 [39680/60000 (66%)]	loss=0.5216
2025-04-19T16:19:10Z INFO     Train Epoch: 3 [40960/60000 (68%)]	loss=0.5730
2025-04-19T16:19:10Z INFO     Train Epoch: 3 [42240/60000 (70%)]	loss=0.5975
2025-04-19T16:19:10Z INFO     Train Epoch: 3 [43520/60000 (72%)]	loss=0.7323
2025-04-19T16:19:10Z INFO     Train Epoch: 3 [44800/60000 (75%)]	loss=0.5746
2025-04-19T16:19:10Z INFO     Train Epoch: 3 [46080/60000 (77%)]	loss=0.5907
2025-04-19T16:19:11Z INFO     Train Epoch: 3 [47360/60000 (79%)]	loss=0.5956
2025-04-19T16:19:11Z INFO     Train Epoch: 3 [48640/60000 (81%)]	loss=0.5162
2025-04-19T16:19:11Z INFO     Train Epoch: 3 [49920/60000 (83%)]	loss=0.6278
2025-04-19T16:19:11Z INFO     Train Epoch: 3 [51200/60000 (85%)]	loss=0.6644
2025-04-19T16:19:11Z INFO     Train Epoch: 3 [52480/60000 (87%)]	loss=0.6344
2025-04-19T16:19:11Z INFO     Train Epoch: 3 [53760/60000 (90%)]	loss=0.6296
2025-04-19T16:19:11Z INFO     Train Epoch: 3 [55040/60000 (92%)]	loss=0.6006
2025-04-19T16:19:11Z INFO     Train Epoch: 3 [56320/60000 (94%)]	loss=0.6399
2025-04-19T16:19:11Z INFO     Train Epoch: 3 [57600/60000 (96%)]	loss=0.5183
2025-04-19T16:19:12Z INFO     Train Epoch: 3 [58880/60000 (98%)]	loss=0.7651
2025-04-19T16:19:12Z INFO     {metricName: accuracy, metricValue: 0.7766};{metricName: loss, metricValue: 0.5943}

2025-04-19T16:19:13Z INFO     Train Epoch: 4 [0/60000 (0%)]	loss=0.6220
2025-04-19T16:19:13Z INFO     Train Epoch: 4 [1280/60000 (2%)]	loss=0.5156
2025-04-19T16:19:13Z INFO     Train Epoch: 4 [2560/60000 (4%)]	loss=0.4975
2025-04-19T16:19:13Z INFO     Train Epoch: 4 [3840/60000 (6%)]	loss=0.5824
2025-04-19T16:19:13Z INFO     Train Epoch: 4 [5120/60000 (9%)]	loss=0.5009
2025-04-19T16:19:13Z INFO     Train Epoch: 4 [6400/60000 (11%)]	loss=0.5468
2025-04-19T16:19:13Z INFO     Train Epoch: 4 [7680/60000 (13%)]	loss=0.6090
2025-04-19T16:19:13Z INFO     Train Epoch: 4 [8960/60000 (15%)]	loss=0.4786
2025-04-19T16:19:13Z INFO     Train Epoch: 4 [10240/60000 (17%)]	loss=0.6013
2025-04-19T16:19:14Z INFO     Train Epoch: 4 [11520/60000 (19%)]	loss=0.4612
2025-04-19T16:19:14Z INFO     Train Epoch: 4 [12800/60000 (21%)]	loss=0.5896
2025-04-19T16:19:14Z INFO     Train Epoch: 4 [14080/60000 (23%)]	loss=0.5864
2025-04-19T16:19:14Z INFO     Train Epoch: 4 [15360/60000 (26%)]	loss=0.6102
2025-04-19T16:19:14Z INFO     Train Epoch: 4 [16640/60000 (28%)]	loss=0.5977
2025-04-19T16:19:14Z INFO     Train Epoch: 4 [17920/60000 (30%)]	loss=0.5375
2025-04-19T16:19:14Z INFO     Train Epoch: 4 [19200/60000 (32%)]	loss=0.5679
2025-04-19T16:19:14Z INFO     Train Epoch: 4 [20480/60000 (34%)]	loss=0.4876
2025-04-19T16:19:14Z INFO     Train Epoch: 4 [21760/60000 (36%)]	loss=0.5474
2025-04-19T16:19:15Z INFO     Train Epoch: 4 [23040/60000 (38%)]	loss=0.6164
2025-04-19T16:19:15Z INFO     Train Epoch: 4 [24320/60000 (41%)]	loss=0.4902
2025-04-19T16:19:15Z INFO     Train Epoch: 4 [25600/60000 (43%)]	loss=0.5087
2025-04-19T16:19:15Z INFO     Train Epoch: 4 [26880/60000 (45%)]	loss=0.6028
2025-04-19T16:19:15Z INFO     Train Epoch: 4 [28160/60000 (47%)]	loss=0.4014
2025-04-19T16:19:15Z INFO     Train Epoch: 4 [29440/60000 (49%)]	loss=0.4861
2025-04-19T16:19:15Z INFO     Train Epoch: 4 [30720/60000 (51%)]	loss=0.5143
2025-04-19T16:19:15Z INFO     Train Epoch: 4 [32000/60000 (53%)]	loss=0.4828
2025-04-19T16:19:15Z INFO     Train Epoch: 4 [33280/60000 (55%)]	loss=0.5314
2025-04-19T16:19:16Z INFO     Train Epoch: 4 [34560/60000 (58%)]	loss=0.5407
2025-04-19T16:19:16Z INFO     Train Epoch: 4 [35840/60000 (60%)]	loss=0.4955
2025-04-19T16:19:16Z INFO     Train Epoch: 4 [37120/60000 (62%)]	loss=0.4532
2025-04-19T16:19:16Z INFO     Train Epoch: 4 [38400/60000 (64%)]	loss=0.5636
2025-04-19T16:19:16Z INFO     Train Epoch: 4 [39680/60000 (66%)]	loss=0.4877
2025-04-19T16:19:16Z INFO     Train Epoch: 4 [40960/60000 (68%)]	loss=0.5185
2025-04-19T16:19:16Z INFO     Train Epoch: 4 [42240/60000 (70%)]	loss=0.6530
2025-04-19T16:19:16Z INFO     Train Epoch: 4 [43520/60000 (72%)]	loss=0.5709
2025-04-19T16:19:16Z INFO     Train Epoch: 4 [44800/60000 (75%)]	loss=0.6386
2025-04-19T16:19:17Z INFO     Train Epoch: 4 [46080/60000 (77%)]	loss=0.5471
2025-04-19T16:19:17Z INFO     Train Epoch: 4 [47360/60000 (79%)]	loss=0.4491
2025-04-19T16:19:17Z INFO     Train Epoch: 4 [48640/60000 (81%)]	loss=0.4371
2025-04-19T16:19:17Z INFO     Train Epoch: 4 [49920/60000 (83%)]	loss=0.5661
2025-04-19T16:19:17Z INFO     Train Epoch: 4 [51200/60000 (85%)]	loss=0.5468
2025-04-19T16:19:17Z INFO     Train Epoch: 4 [52480/60000 (87%)]	loss=0.4782
2025-04-19T16:19:17Z INFO     Train Epoch: 4 [53760/60000 (90%)]	loss=0.4857
2025-04-19T16:19:17Z INFO     Train Epoch: 4 [55040/60000 (92%)]	loss=0.5659
2025-04-19T16:19:18Z INFO     Train Epoch: 4 [56320/60000 (94%)]	loss=0.4385
2025-04-19T16:19:18Z INFO     Train Epoch: 4 [57600/60000 (96%)]	loss=0.3727
2025-04-19T16:19:18Z INFO     Train Epoch: 4 [58880/60000 (98%)]	loss=0.4249
2025-04-19T16:19:19Z INFO     {metricName: accuracy, metricValue: 0.8076};{metricName: loss, metricValue: 0.5310}


real	0m29.464s
user	0m33.919s
sys	0m7.064s
