Using CUDA
2025-04-19T16:17:50Z INFO     Train Epoch: 1 [0/60000 (0%)]	loss=2.3015
2025-04-19T16:17:50Z INFO     Train Epoch: 1 [1280/60000 (2%)]	loss=2.2863
2025-04-19T16:17:50Z INFO     Train Epoch: 1 [2560/60000 (4%)]	loss=2.2854
2025-04-19T16:17:50Z INFO     Train Epoch: 1 [3840/60000 (6%)]	loss=2.2727
2025-04-19T16:17:50Z INFO     Train Epoch: 1 [5120/60000 (9%)]	loss=2.2693
2025-04-19T16:17:50Z INFO     Train Epoch: 1 [6400/60000 (11%)]	loss=2.2499
2025-04-19T16:17:50Z INFO     Train Epoch: 1 [7680/60000 (13%)]	loss=2.2421
2025-04-19T16:17:51Z INFO     Train Epoch: 1 [8960/60000 (15%)]	loss=2.2028
2025-04-19T16:17:51Z INFO     Train Epoch: 1 [10240/60000 (17%)]	loss=2.1878
2025-04-19T16:17:51Z INFO     Train Epoch: 1 [11520/60000 (19%)]	loss=2.1321
2025-04-19T16:17:51Z INFO     Train Epoch: 1 [12800/60000 (21%)]	loss=2.0495
2025-04-19T16:17:51Z INFO     Train Epoch: 1 [14080/60000 (23%)]	loss=1.9475
2025-04-19T16:17:51Z INFO     Train Epoch: 1 [15360/60000 (26%)]	loss=1.7653
2025-04-19T16:17:51Z INFO     Train Epoch: 1 [16640/60000 (28%)]	loss=1.5973
2025-04-19T16:17:51Z INFO     Train Epoch: 1 [17920/60000 (30%)]	loss=1.3733
2025-04-19T16:17:52Z INFO     Train Epoch: 1 [19200/60000 (32%)]	loss=1.3088
2025-04-19T16:17:52Z INFO     Train Epoch: 1 [20480/60000 (34%)]	loss=1.1867
2025-04-19T16:17:52Z INFO     Train Epoch: 1 [21760/60000 (36%)]	loss=1.0813
2025-04-19T16:17:52Z INFO     Train Epoch: 1 [23040/60000 (38%)]	loss=1.0568
2025-04-19T16:17:52Z INFO     Train Epoch: 1 [24320/60000 (41%)]	loss=1.0200
2025-04-19T16:17:52Z INFO     Train Epoch: 1 [25600/60000 (43%)]	loss=0.9029
2025-04-19T16:17:52Z INFO     Train Epoch: 1 [26880/60000 (45%)]	loss=1.0214
2025-04-19T16:17:52Z INFO     Train Epoch: 1 [28160/60000 (47%)]	loss=1.0540
2025-04-19T16:17:52Z INFO     Train Epoch: 1 [29440/60000 (49%)]	loss=0.9026
2025-04-19T16:17:53Z INFO     Train Epoch: 1 [30720/60000 (51%)]	loss=0.7919
2025-04-19T16:17:53Z INFO     Train Epoch: 1 [32000/60000 (53%)]	loss=1.1956
2025-04-19T16:17:53Z INFO     Train Epoch: 1 [33280/60000 (55%)]	loss=1.0284
2025-04-19T16:17:53Z INFO     Train Epoch: 1 [34560/60000 (58%)]	loss=0.9582
2025-04-19T16:17:53Z INFO     Train Epoch: 1 [35840/60000 (60%)]	loss=0.7874
2025-04-19T16:17:53Z INFO     Train Epoch: 1 [37120/60000 (62%)]	loss=0.9346
2025-04-19T16:17:53Z INFO     Train Epoch: 1 [38400/60000 (64%)]	loss=0.9524
2025-04-19T16:17:53Z INFO     Train Epoch: 1 [39680/60000 (66%)]	loss=0.8625
2025-04-19T16:17:53Z INFO     Train Epoch: 1 [40960/60000 (68%)]	loss=0.8085
2025-04-19T16:17:54Z INFO     Train Epoch: 1 [42240/60000 (70%)]	loss=0.8880
2025-04-19T16:17:54Z INFO     Train Epoch: 1 [43520/60000 (72%)]	loss=0.9452
2025-04-19T16:17:54Z INFO     Train Epoch: 1 [44800/60000 (75%)]	loss=0.9371
2025-04-19T16:17:54Z INFO     Train Epoch: 1 [46080/60000 (77%)]	loss=0.8242
2025-04-19T16:17:54Z INFO     Train Epoch: 1 [47360/60000 (79%)]	loss=0.7681
2025-04-19T16:17:54Z INFO     Train Epoch: 1 [48640/60000 (81%)]	loss=0.8706
2025-04-19T16:17:54Z INFO     Train Epoch: 1 [49920/60000 (83%)]	loss=0.8682
2025-04-19T16:17:54Z INFO     Train Epoch: 1 [51200/60000 (85%)]	loss=0.7866
2025-04-19T16:17:54Z INFO     Train Epoch: 1 [52480/60000 (87%)]	loss=0.6903
2025-04-19T16:17:55Z INFO     Train Epoch: 1 [53760/60000 (90%)]	loss=0.8082
2025-04-19T16:17:55Z INFO     Train Epoch: 1 [55040/60000 (92%)]	loss=0.8794
2025-04-19T16:17:55Z INFO     Train Epoch: 1 [56320/60000 (94%)]	loss=0.8600
2025-04-19T16:17:55Z INFO     Train Epoch: 1 [57600/60000 (96%)]	loss=0.9272
2025-04-19T16:17:55Z INFO     Train Epoch: 1 [58880/60000 (98%)]	loss=0.7722
2025-04-19T16:17:56Z INFO     {metricName: accuracy, metricValue: 0.6871};{metricName: loss, metricValue: 0.8294}

2025-04-19T16:17:56Z INFO     Train Epoch: 2 [0/60000 (0%)]	loss=0.7525
2025-04-19T16:17:56Z INFO     Train Epoch: 2 [1280/60000 (2%)]	loss=0.6788
2025-04-19T16:17:56Z INFO     Train Epoch: 2 [2560/60000 (4%)]	loss=0.7743
2025-04-19T16:17:56Z INFO     Train Epoch: 2 [3840/60000 (6%)]	loss=0.7720
2025-04-19T16:17:57Z INFO     Train Epoch: 2 [5120/60000 (9%)]	loss=0.7516
2025-04-19T16:17:57Z INFO     Train Epoch: 2 [6400/60000 (11%)]	loss=0.7421
2025-04-19T16:17:57Z INFO     Train Epoch: 2 [7680/60000 (13%)]	loss=0.7568
2025-04-19T16:17:57Z INFO     Train Epoch: 2 [8960/60000 (15%)]	loss=0.6594
2025-04-19T16:17:57Z INFO     Train Epoch: 2 [10240/60000 (17%)]	loss=0.7522
2025-04-19T16:17:57Z INFO     Train Epoch: 2 [11520/60000 (19%)]	loss=0.6042
2025-04-19T16:17:57Z INFO     Train Epoch: 2 [12800/60000 (21%)]	loss=0.7412
2025-04-19T16:17:57Z INFO     Train Epoch: 2 [14080/60000 (23%)]	loss=0.6996
2025-04-19T16:17:57Z INFO     Train Epoch: 2 [15360/60000 (26%)]	loss=0.7802
2025-04-19T16:17:58Z INFO     Train Epoch: 2 [16640/60000 (28%)]	loss=0.6440
2025-04-19T16:17:58Z INFO     Train Epoch: 2 [17920/60000 (30%)]	loss=0.7489
2025-04-19T16:17:58Z INFO     Train Epoch: 2 [19200/60000 (32%)]	loss=0.5677
2025-04-19T16:17:58Z INFO     Train Epoch: 2 [20480/60000 (34%)]	loss=0.7989
2025-04-19T16:17:58Z INFO     Train Epoch: 2 [21760/60000 (36%)]	loss=0.6863
2025-04-19T16:17:58Z INFO     Train Epoch: 2 [23040/60000 (38%)]	loss=0.6720
2025-04-19T16:17:58Z INFO     Train Epoch: 2 [24320/60000 (41%)]	loss=0.6481
2025-04-19T16:17:58Z INFO     Train Epoch: 2 [25600/60000 (43%)]	loss=0.6492
2025-04-19T16:17:58Z INFO     Train Epoch: 2 [26880/60000 (45%)]	loss=0.7622
2025-04-19T16:17:59Z INFO     Train Epoch: 2 [28160/60000 (47%)]	loss=0.5767
2025-04-19T16:17:59Z INFO     Train Epoch: 2 [29440/60000 (49%)]	loss=0.8770
2025-04-19T16:17:59Z INFO     Train Epoch: 2 [30720/60000 (51%)]	loss=0.6954
2025-04-19T16:17:59Z INFO     Train Epoch: 2 [32000/60000 (53%)]	loss=0.7682
2025-04-19T16:17:59Z INFO     Train Epoch: 2 [33280/60000 (55%)]	loss=0.6698
2025-04-19T16:17:59Z INFO     Train Epoch: 2 [34560/60000 (58%)]	loss=0.5766
2025-04-19T16:17:59Z INFO     Train Epoch: 2 [35840/60000 (60%)]	loss=0.5413
2025-04-19T16:17:59Z INFO     Train Epoch: 2 [37120/60000 (62%)]	loss=0.7482
2025-04-19T16:17:59Z INFO     Train Epoch: 2 [38400/60000 (64%)]	loss=0.6827
2025-04-19T16:18:00Z INFO     Train Epoch: 2 [39680/60000 (66%)]	loss=0.6233
2025-04-19T16:18:00Z INFO     Train Epoch: 2 [40960/60000 (68%)]	loss=0.7628
2025-04-19T16:18:00Z INFO     Train Epoch: 2 [42240/60000 (70%)]	loss=0.7604
2025-04-19T16:18:00Z INFO     Train Epoch: 2 [43520/60000 (72%)]	loss=0.5803
2025-04-19T16:18:00Z INFO     Train Epoch: 2 [44800/60000 (75%)]	loss=0.5778
2025-04-19T16:18:00Z INFO     Train Epoch: 2 [46080/60000 (77%)]	loss=0.6861
2025-04-19T16:18:00Z INFO     Train Epoch: 2 [47360/60000 (79%)]	loss=0.7635
2025-04-19T16:18:00Z INFO     Train Epoch: 2 [48640/60000 (81%)]	loss=0.5830
2025-04-19T16:18:01Z INFO     Train Epoch: 2 [49920/60000 (83%)]	loss=0.6971
2025-04-19T16:18:01Z INFO     Train Epoch: 2 [51200/60000 (85%)]	loss=0.8271
2025-04-19T16:18:01Z INFO     Train Epoch: 2 [52480/60000 (87%)]	loss=0.5804
2025-04-19T16:18:01Z INFO     Train Epoch: 2 [53760/60000 (90%)]	loss=0.5234
2025-04-19T16:18:01Z INFO     Train Epoch: 2 [55040/60000 (92%)]	loss=0.6864
2025-04-19T16:18:01Z INFO     Train Epoch: 2 [56320/60000 (94%)]	loss=0.7073
2025-04-19T16:18:01Z INFO     Train Epoch: 2 [57600/60000 (96%)]	loss=0.5103
2025-04-19T16:18:01Z INFO     Train Epoch: 2 [58880/60000 (98%)]	loss=0.5994
2025-04-19T16:18:02Z INFO     {metricName: accuracy, metricValue: 0.7617};{metricName: loss, metricValue: 0.6534}

2025-04-19T16:18:02Z INFO     Train Epoch: 3 [0/60000 (0%)]	loss=0.5434
2025-04-19T16:18:02Z INFO     Train Epoch: 3 [1280/60000 (2%)]	loss=0.6452
2025-04-19T16:18:03Z INFO     Train Epoch: 3 [2560/60000 (4%)]	loss=0.5534
2025-04-19T16:18:03Z INFO     Train Epoch: 3 [3840/60000 (6%)]	loss=0.5122
2025-04-19T16:18:03Z INFO     Train Epoch: 3 [5120/60000 (9%)]	loss=0.5637
2025-04-19T16:18:03Z INFO     Train Epoch: 3 [6400/60000 (11%)]	loss=0.6533
2025-04-19T16:18:03Z INFO     Train Epoch: 3 [7680/60000 (13%)]	loss=0.5261
2025-04-19T16:18:03Z INFO     Train Epoch: 3 [8960/60000 (15%)]	loss=0.6380
2025-04-19T16:18:03Z INFO     Train Epoch: 3 [10240/60000 (17%)]	loss=0.6499
2025-04-19T16:18:03Z INFO     Train Epoch: 3 [11520/60000 (19%)]	loss=0.4749
2025-04-19T16:18:03Z INFO     Train Epoch: 3 [12800/60000 (21%)]	loss=0.6913
2025-04-19T16:18:04Z INFO     Train Epoch: 3 [14080/60000 (23%)]	loss=0.6608
2025-04-19T16:18:04Z INFO     Train Epoch: 3 [15360/60000 (26%)]	loss=0.6978
2025-04-19T16:18:04Z INFO     Train Epoch: 3 [16640/60000 (28%)]	loss=0.5786
2025-04-19T16:18:04Z INFO     Train Epoch: 3 [17920/60000 (30%)]	loss=0.6527
2025-04-19T16:18:04Z INFO     Train Epoch: 3 [19200/60000 (32%)]	loss=0.6451
2025-04-19T16:18:04Z INFO     Train Epoch: 3 [20480/60000 (34%)]	loss=0.6256
2025-04-19T16:18:04Z INFO     Train Epoch: 3 [21760/60000 (36%)]	loss=0.4623
2025-04-19T16:18:04Z INFO     Train Epoch: 3 [23040/60000 (38%)]	loss=0.6999
2025-04-19T16:18:04Z INFO     Train Epoch: 3 [24320/60000 (41%)]	loss=0.6108
2025-04-19T16:18:05Z INFO     Train Epoch: 3 [25600/60000 (43%)]	loss=0.5658
2025-04-19T16:18:05Z INFO     Train Epoch: 3 [26880/60000 (45%)]	loss=0.5169
2025-04-19T16:18:05Z INFO     Train Epoch: 3 [28160/60000 (47%)]	loss=0.6827
2025-04-19T16:18:05Z INFO     Train Epoch: 3 [29440/60000 (49%)]	loss=0.6084
2025-04-19T16:18:05Z INFO     Train Epoch: 3 [30720/60000 (51%)]	loss=0.6060
2025-04-19T16:18:05Z INFO     Train Epoch: 3 [32000/60000 (53%)]	loss=0.6242
2025-04-19T16:18:05Z INFO     Train Epoch: 3 [33280/60000 (55%)]	loss=0.6742
2025-04-19T16:18:05Z INFO     Train Epoch: 3 [34560/60000 (58%)]	loss=0.5916
2025-04-19T16:18:06Z INFO     Train Epoch: 3 [35840/60000 (60%)]	loss=0.5712
2025-04-19T16:18:06Z INFO     Train Epoch: 3 [37120/60000 (62%)]	loss=0.5750
2025-04-19T16:18:06Z INFO     Train Epoch: 3 [38400/60000 (64%)]	loss=0.4595
2025-04-19T16:18:06Z INFO     Train Epoch: 3 [39680/60000 (66%)]	loss=0.5214
2025-04-19T16:18:06Z INFO     Train Epoch: 3 [40960/60000 (68%)]	loss=0.5730
2025-04-19T16:18:06Z INFO     Train Epoch: 3 [42240/60000 (70%)]	loss=0.5974
2025-04-19T16:18:06Z INFO     Train Epoch: 3 [43520/60000 (72%)]	loss=0.7317
2025-04-19T16:18:06Z INFO     Train Epoch: 3 [44800/60000 (75%)]	loss=0.5758
2025-04-19T16:18:06Z INFO     Train Epoch: 3 [46080/60000 (77%)]	loss=0.5904
2025-04-19T16:18:07Z INFO     Train Epoch: 3 [47360/60000 (79%)]	loss=0.5961
2025-04-19T16:18:07Z INFO     Train Epoch: 3 [48640/60000 (81%)]	loss=0.5147
2025-04-19T16:18:07Z INFO     Train Epoch: 3 [49920/60000 (83%)]	loss=0.6284
2025-04-19T16:18:07Z INFO     Train Epoch: 3 [51200/60000 (85%)]	loss=0.6640
2025-04-19T16:18:07Z INFO     Train Epoch: 3 [52480/60000 (87%)]	loss=0.6337
2025-04-19T16:18:07Z INFO     Train Epoch: 3 [53760/60000 (90%)]	loss=0.6293
2025-04-19T16:18:07Z INFO     Train Epoch: 3 [55040/60000 (92%)]	loss=0.5987
2025-04-19T16:18:07Z INFO     Train Epoch: 3 [56320/60000 (94%)]	loss=0.6388
2025-04-19T16:18:07Z INFO     Train Epoch: 3 [57600/60000 (96%)]	loss=0.5188
2025-04-19T16:18:08Z INFO     Train Epoch: 3 [58880/60000 (98%)]	loss=0.7664
2025-04-19T16:18:09Z INFO     {metricName: accuracy, metricValue: 0.7760};{metricName: loss, metricValue: 0.5948}

2025-04-19T16:18:09Z INFO     Train Epoch: 4 [0/60000 (0%)]	loss=0.6225
2025-04-19T16:18:09Z INFO     Train Epoch: 4 [1280/60000 (2%)]	loss=0.5157
2025-04-19T16:18:09Z INFO     Train Epoch: 4 [2560/60000 (4%)]	loss=0.4973
2025-04-19T16:18:09Z INFO     Train Epoch: 4 [3840/60000 (6%)]	loss=0.5827
2025-04-19T16:18:09Z INFO     Train Epoch: 4 [5120/60000 (9%)]	loss=0.5022
2025-04-19T16:18:09Z INFO     Train Epoch: 4 [6400/60000 (11%)]	loss=0.5479
2025-04-19T16:18:09Z INFO     Train Epoch: 4 [7680/60000 (13%)]	loss=0.6107
2025-04-19T16:18:09Z INFO     Train Epoch: 4 [8960/60000 (15%)]	loss=0.4804
2025-04-19T16:18:09Z INFO     Train Epoch: 4 [10240/60000 (17%)]	loss=0.6012
2025-04-19T16:18:10Z INFO     Train Epoch: 4 [11520/60000 (19%)]	loss=0.4634
2025-04-19T16:18:10Z INFO     Train Epoch: 4 [12800/60000 (21%)]	loss=0.5891
2025-04-19T16:18:10Z INFO     Train Epoch: 4 [14080/60000 (23%)]	loss=0.5866
2025-04-19T16:18:10Z INFO     Train Epoch: 4 [15360/60000 (26%)]	loss=0.6074
2025-04-19T16:18:10Z INFO     Train Epoch: 4 [16640/60000 (28%)]	loss=0.5967
2025-04-19T16:18:10Z INFO     Train Epoch: 4 [17920/60000 (30%)]	loss=0.5372
2025-04-19T16:18:10Z INFO     Train Epoch: 4 [19200/60000 (32%)]	loss=0.5673
2025-04-19T16:18:10Z INFO     Train Epoch: 4 [20480/60000 (34%)]	loss=0.4878
2025-04-19T16:18:11Z INFO     Train Epoch: 4 [21760/60000 (36%)]	loss=0.5484
2025-04-19T16:18:11Z INFO     Train Epoch: 4 [23040/60000 (38%)]	loss=0.6149
2025-04-19T16:18:11Z INFO     Train Epoch: 4 [24320/60000 (41%)]	loss=0.4918
2025-04-19T16:18:11Z INFO     Train Epoch: 4 [25600/60000 (43%)]	loss=0.5090
2025-04-19T16:18:11Z INFO     Train Epoch: 4 [26880/60000 (45%)]	loss=0.6012
2025-04-19T16:18:11Z INFO     Train Epoch: 4 [28160/60000 (47%)]	loss=0.4016
2025-04-19T16:18:11Z INFO     Train Epoch: 4 [29440/60000 (49%)]	loss=0.4874
2025-04-19T16:18:11Z INFO     Train Epoch: 4 [30720/60000 (51%)]	loss=0.5145
2025-04-19T16:18:11Z INFO     Train Epoch: 4 [32000/60000 (53%)]	loss=0.4838
2025-04-19T16:18:12Z INFO     Train Epoch: 4 [33280/60000 (55%)]	loss=0.5309
2025-04-19T16:18:12Z INFO     Train Epoch: 4 [34560/60000 (58%)]	loss=0.5402
2025-04-19T16:18:12Z INFO     Train Epoch: 4 [35840/60000 (60%)]	loss=0.4964
2025-04-19T16:18:12Z INFO     Train Epoch: 4 [37120/60000 (62%)]	loss=0.4518
2025-04-19T16:18:12Z INFO     Train Epoch: 4 [38400/60000 (64%)]	loss=0.5640
2025-04-19T16:18:12Z INFO     Train Epoch: 4 [39680/60000 (66%)]	loss=0.4872
2025-04-19T16:18:12Z INFO     Train Epoch: 4 [40960/60000 (68%)]	loss=0.5173
2025-04-19T16:18:12Z INFO     Train Epoch: 4 [42240/60000 (70%)]	loss=0.6539
2025-04-19T16:18:12Z INFO     Train Epoch: 4 [43520/60000 (72%)]	loss=0.5729
2025-04-19T16:18:13Z INFO     Train Epoch: 4 [44800/60000 (75%)]	loss=0.6387
2025-04-19T16:18:13Z INFO     Train Epoch: 4 [46080/60000 (77%)]	loss=0.5462
2025-04-19T16:18:13Z INFO     Train Epoch: 4 [47360/60000 (79%)]	loss=0.4493
2025-04-19T16:18:13Z INFO     Train Epoch: 4 [48640/60000 (81%)]	loss=0.4369
2025-04-19T16:18:13Z INFO     Train Epoch: 4 [49920/60000 (83%)]	loss=0.5665
2025-04-19T16:18:13Z INFO     Train Epoch: 4 [51200/60000 (85%)]	loss=0.5481
2025-04-19T16:18:13Z INFO     Train Epoch: 4 [52480/60000 (87%)]	loss=0.4791
2025-04-19T16:18:13Z INFO     Train Epoch: 4 [53760/60000 (90%)]	loss=0.4859
2025-04-19T16:18:13Z INFO     Train Epoch: 4 [55040/60000 (92%)]	loss=0.5657
2025-04-19T16:18:14Z INFO     Train Epoch: 4 [56320/60000 (94%)]	loss=0.4391
2025-04-19T16:18:14Z INFO     Train Epoch: 4 [57600/60000 (96%)]	loss=0.3737
2025-04-19T16:18:14Z INFO     Train Epoch: 4 [58880/60000 (98%)]	loss=0.4255
2025-04-19T16:18:15Z INFO     {metricName: accuracy, metricValue: 0.8062};{metricName: loss, metricValue: 0.5311}


real	0m30.016s
user	0m34.254s
sys	0m7.058s
