Using CUDA
Using distributed PyTorch with nccl backend
2025-04-25T16:43:43Z INFO     Added key: store_based_barrier_key:1 to store for rank: 0
2025-04-25T16:43:43Z INFO     Rank 0: Completed store-based barrier for key:store_based_barrier_key:1 with 2 nodes.
pytorch-mnist-master-0:39:39 [0] NCCL INFO Bootstrap : Using eth0:10.244.3.6<0>
pytorch-mnist-master-0:39:39 [0] NCCL INFO NET/Plugin : No plugin found (libnccl-net.so), using internal implementation
pytorch-mnist-master-0:39:39 [0] NCCL INFO NET/IB : Using [0]mlx5_0:1/IB ; OOB eth0:10.244.3.6<0>
pytorch-mnist-master-0:39:39 [0] NCCL INFO Using network IB
NCCL version 2.10.3+cuda10.2
pytorch-mnist-master-0:39:125 [0] NCCL INFO NET/IB : GPU Direct RDMA Disabled for HCA 0 'mlx5_0' (no module)
pytorch-mnist-master-0:39:125 [0] NCCL INFO NET/IB : GPU Direct RDMA Disabled for HCA 0 'mlx5_0' (no module)
pytorch-mnist-master-0:39:125 [0] NCCL INFO Channel 00/02 :    0   1
pytorch-mnist-master-0:39:125 [0] NCCL INFO Channel 01/02 :    0   1
pytorch-mnist-master-0:39:125 [0] NCCL INFO Trees [0] 1/-1/-1->0->-1 [1] -1/-1/-1->0->1
pytorch-mnist-master-0:39:125 [0] NCCL INFO Setting affinity for GPU 0 to 0fffff
pytorch-mnist-master-0:39:125 [0] NCCL INFO Channel 00 : 1[100000] -> 0[100000] [receive] via NET/IB/0
pytorch-mnist-master-0:39:125 [0] NCCL INFO Channel 01 : 1[100000] -> 0[100000] [receive] via NET/IB/0
pytorch-mnist-master-0:39:125 [0] NCCL INFO Channel 00 : 0[100000] -> 1[100000] [send] via NET/IB/0
pytorch-mnist-master-0:39:125 [0] NCCL INFO Channel 01 : 0[100000] -> 1[100000] [send] via NET/IB/0
pytorch-mnist-master-0:39:125 [0] NCCL INFO NET/IB: Dev 0 Port 1 qpn 306 mtu 5 LID 151
pytorch-mnist-master-0:39:125 [0] NCCL INFO NET/IB: Dev 0 Port 1 qpn 307 mtu 5 LID 151
pytorch-mnist-master-0:39:125 [0] NCCL INFO Connected all rings
pytorch-mnist-master-0:39:125 [0] NCCL INFO Connected all trees
pytorch-mnist-master-0:39:125 [0] NCCL INFO threadThresholds 8/8/64 | 16/8/64 | 8/8/512
pytorch-mnist-master-0:39:125 [0] NCCL INFO 2 coll channels, 2 p2p channels, 1 p2p channels per peer
pytorch-mnist-master-0:39:125 [0] NCCL INFO comm 0x70e168001360 rank 0 nranks 2 cudaDev 0 busId 100000 - Init COMPLETE
pytorch-mnist-master-0:39:39 [0] NCCL INFO Launch mode Parallel
2025-04-25T16:43:47Z INFO     Train Epoch: 1 [0/60000 (0%)]	loss=2.3015
2025-04-25T16:43:47Z INFO     Reducer buckets have been rebuilt in this iteration.
2025-04-25T16:43:47Z INFO     Train Epoch: 1 [1280/60000 (2%)]	loss=2.2863
2025-04-25T16:43:47Z INFO     Train Epoch: 1 [2560/60000 (4%)]	loss=2.2854
2025-04-25T16:43:47Z INFO     Train Epoch: 1 [3840/60000 (6%)]	loss=2.2727
2025-04-25T16:43:47Z INFO     Train Epoch: 1 [5120/60000 (9%)]	loss=2.2693
2025-04-25T16:43:47Z INFO     Train Epoch: 1 [6400/60000 (11%)]	loss=2.2499
2025-04-25T16:43:47Z INFO     Train Epoch: 1 [7680/60000 (13%)]	loss=2.2420
2025-04-25T16:43:47Z INFO     Train Epoch: 1 [8960/60000 (15%)]	loss=2.2029
2025-04-25T16:43:47Z INFO     Train Epoch: 1 [10240/60000 (17%)]	loss=2.1878
2025-04-25T16:43:48Z INFO     Train Epoch: 1 [11520/60000 (19%)]	loss=2.1322
2025-04-25T16:43:48Z INFO     Train Epoch: 1 [12800/60000 (21%)]	loss=2.0496
2025-04-25T16:43:48Z INFO     Train Epoch: 1 [14080/60000 (23%)]	loss=1.9475
2025-04-25T16:43:48Z INFO     Train Epoch: 1 [15360/60000 (26%)]	loss=1.7655
2025-04-25T16:43:48Z INFO     Train Epoch: 1 [16640/60000 (28%)]	loss=1.5975
2025-04-25T16:43:48Z INFO     Train Epoch: 1 [17920/60000 (30%)]	loss=1.3735
2025-04-25T16:43:48Z INFO     Train Epoch: 1 [19200/60000 (32%)]	loss=1.3088
2025-04-25T16:43:48Z INFO     Train Epoch: 1 [20480/60000 (34%)]	loss=1.1873
2025-04-25T16:43:49Z INFO     Train Epoch: 1 [21760/60000 (36%)]	loss=1.0812
2025-04-25T16:43:49Z INFO     Train Epoch: 1 [23040/60000 (38%)]	loss=1.0569
2025-04-25T16:43:49Z INFO     Train Epoch: 1 [24320/60000 (41%)]	loss=1.0197
2025-04-25T16:43:49Z INFO     Train Epoch: 1 [25600/60000 (43%)]	loss=0.9023
2025-04-25T16:43:49Z INFO     Train Epoch: 1 [26880/60000 (45%)]	loss=1.0203
2025-04-25T16:43:49Z INFO     Train Epoch: 1 [28160/60000 (47%)]	loss=1.0545
2025-04-25T16:43:49Z INFO     Train Epoch: 1 [29440/60000 (49%)]	loss=0.9024
2025-04-25T16:43:49Z INFO     Train Epoch: 1 [30720/60000 (51%)]	loss=0.7917
2025-04-25T16:43:49Z INFO     Train Epoch: 1 [32000/60000 (53%)]	loss=1.1951
2025-04-25T16:43:50Z INFO     Train Epoch: 1 [33280/60000 (55%)]	loss=1.0279
2025-04-25T16:43:50Z INFO     Train Epoch: 1 [34560/60000 (58%)]	loss=0.9578
2025-04-25T16:43:50Z INFO     Train Epoch: 1 [35840/60000 (60%)]	loss=0.7882
2025-04-25T16:43:50Z INFO     Train Epoch: 1 [37120/60000 (62%)]	loss=0.9340
2025-04-25T16:43:50Z INFO     Train Epoch: 1 [38400/60000 (64%)]	loss=0.9508
2025-04-25T16:43:50Z INFO     Train Epoch: 1 [39680/60000 (66%)]	loss=0.8615
2025-04-25T16:43:50Z INFO     Train Epoch: 1 [40960/60000 (68%)]	loss=0.8076
2025-04-25T16:43:50Z INFO     Train Epoch: 1 [42240/60000 (70%)]	loss=0.8872
2025-04-25T16:43:50Z INFO     Train Epoch: 1 [43520/60000 (72%)]	loss=0.9443
2025-04-25T16:43:51Z INFO     Train Epoch: 1 [44800/60000 (75%)]	loss=0.9375
2025-04-25T16:43:51Z INFO     Train Epoch: 1 [46080/60000 (77%)]	loss=0.8242
2025-04-25T16:43:51Z INFO     Train Epoch: 1 [47360/60000 (79%)]	loss=0.7680
2025-04-25T16:43:51Z INFO     Train Epoch: 1 [48640/60000 (81%)]	loss=0.8705
2025-04-25T16:43:51Z INFO     Train Epoch: 1 [49920/60000 (83%)]	loss=0.8692
2025-04-25T16:43:51Z INFO     Train Epoch: 1 [51200/60000 (85%)]	loss=0.7862
2025-04-25T16:43:51Z INFO     Train Epoch: 1 [52480/60000 (87%)]	loss=0.6892
2025-04-25T16:43:51Z INFO     Train Epoch: 1 [53760/60000 (90%)]	loss=0.8079
2025-04-25T16:43:51Z INFO     Train Epoch: 1 [55040/60000 (92%)]	loss=0.8805
2025-04-25T16:43:52Z INFO     Train Epoch: 1 [56320/60000 (94%)]	loss=0.8611
2025-04-25T16:43:52Z INFO     Train Epoch: 1 [57600/60000 (96%)]	loss=0.9279
2025-04-25T16:43:52Z INFO     Train Epoch: 1 [58880/60000 (98%)]	loss=0.7683
2025-04-25T16:43:53Z INFO     {metricName: accuracy, metricValue: 0.6870};{metricName: loss, metricValue: 0.8299}

2025-04-25T16:43:53Z INFO     Train Epoch: 2 [0/60000 (0%)]	loss=0.7525
2025-04-25T16:43:53Z INFO     Train Epoch: 2 [1280/60000 (2%)]	loss=0.6798
2025-04-25T16:43:53Z INFO     Train Epoch: 2 [2560/60000 (4%)]	loss=0.7738
2025-04-25T16:43:53Z INFO     Train Epoch: 2 [3840/60000 (6%)]	loss=0.7718
2025-04-25T16:43:53Z INFO     Train Epoch: 2 [5120/60000 (9%)]	loss=0.7503
2025-04-25T16:43:53Z INFO     Train Epoch: 2 [6400/60000 (11%)]	loss=0.7424
2025-04-25T16:43:53Z INFO     Train Epoch: 2 [7680/60000 (13%)]	loss=0.7578
2025-04-25T16:43:54Z INFO     Train Epoch: 2 [8960/60000 (15%)]	loss=0.6589
2025-04-25T16:43:54Z INFO     Train Epoch: 2 [10240/60000 (17%)]	loss=0.7526
2025-04-25T16:43:54Z INFO     Train Epoch: 2 [11520/60000 (19%)]	loss=0.6049
2025-04-25T16:43:54Z INFO     Train Epoch: 2 [12800/60000 (21%)]	loss=0.7419
2025-04-25T16:43:54Z INFO     Train Epoch: 2 [14080/60000 (23%)]	loss=0.6996
2025-04-25T16:43:54Z INFO     Train Epoch: 2 [15360/60000 (26%)]	loss=0.7802
2025-04-25T16:43:54Z INFO     Train Epoch: 2 [16640/60000 (28%)]	loss=0.6442
2025-04-25T16:43:54Z INFO     Train Epoch: 2 [17920/60000 (30%)]	loss=0.7498
2025-04-25T16:43:54Z INFO     Train Epoch: 2 [19200/60000 (32%)]	loss=0.5677
2025-04-25T16:43:55Z INFO     Train Epoch: 2 [20480/60000 (34%)]	loss=0.7970
2025-04-25T16:43:55Z INFO     Train Epoch: 2 [21760/60000 (36%)]	loss=0.6861
2025-04-25T16:43:55Z INFO     Train Epoch: 2 [23040/60000 (38%)]	loss=0.6717
2025-04-25T16:43:55Z INFO     Train Epoch: 2 [24320/60000 (41%)]	loss=0.6473
2025-04-25T16:43:55Z INFO     Train Epoch: 2 [25600/60000 (43%)]	loss=0.6490
2025-04-25T16:43:55Z INFO     Train Epoch: 2 [26880/60000 (45%)]	loss=0.7613
2025-04-25T16:43:55Z INFO     Train Epoch: 2 [28160/60000 (47%)]	loss=0.5774
2025-04-25T16:43:55Z INFO     Train Epoch: 2 [29440/60000 (49%)]	loss=0.8757
2025-04-25T16:43:55Z INFO     Train Epoch: 2 [30720/60000 (51%)]	loss=0.6968
2025-04-25T16:43:56Z INFO     Train Epoch: 2 [32000/60000 (53%)]	loss=0.7666
2025-04-25T16:43:56Z INFO     Train Epoch: 2 [33280/60000 (55%)]	loss=0.6708
2025-04-25T16:43:56Z INFO     Train Epoch: 2 [34560/60000 (58%)]	loss=0.5765
2025-04-25T16:43:56Z INFO     Train Epoch: 2 [35840/60000 (60%)]	loss=0.5415
2025-04-25T16:43:56Z INFO     Train Epoch: 2 [37120/60000 (62%)]	loss=0.7472
2025-04-25T16:43:56Z INFO     Train Epoch: 2 [38400/60000 (64%)]	loss=0.6827
2025-04-25T16:43:56Z INFO     Train Epoch: 2 [39680/60000 (66%)]	loss=0.6240
2025-04-25T16:43:56Z INFO     Train Epoch: 2 [40960/60000 (68%)]	loss=0.7637
2025-04-25T16:43:56Z INFO     Train Epoch: 2 [42240/60000 (70%)]	loss=0.7599
2025-04-25T16:43:57Z INFO     Train Epoch: 2 [43520/60000 (72%)]	loss=0.5800
2025-04-25T16:43:57Z INFO     Train Epoch: 2 [44800/60000 (75%)]	loss=0.5778
2025-04-25T16:43:57Z INFO     Train Epoch: 2 [46080/60000 (77%)]	loss=0.6871
2025-04-25T16:43:57Z INFO     Train Epoch: 2 [47360/60000 (79%)]	loss=0.7653
2025-04-25T16:43:57Z INFO     Train Epoch: 2 [48640/60000 (81%)]	loss=0.5829
2025-04-25T16:43:57Z INFO     Train Epoch: 2 [49920/60000 (83%)]	loss=0.6978
2025-04-25T16:43:57Z INFO     Train Epoch: 2 [51200/60000 (85%)]	loss=0.8270
2025-04-25T16:43:57Z INFO     Train Epoch: 2 [52480/60000 (87%)]	loss=0.5798
2025-04-25T16:43:58Z INFO     Train Epoch: 2 [53760/60000 (90%)]	loss=0.5230
2025-04-25T16:43:58Z INFO     Train Epoch: 2 [55040/60000 (92%)]	loss=0.6892
2025-04-25T16:43:58Z INFO     Train Epoch: 2 [56320/60000 (94%)]	loss=0.7083
2025-04-25T16:43:58Z INFO     Train Epoch: 2 [57600/60000 (96%)]	loss=0.5103
2025-04-25T16:43:58Z INFO     Train Epoch: 2 [58880/60000 (98%)]	loss=0.6000
2025-04-25T16:43:59Z INFO     {metricName: accuracy, metricValue: 0.7606};{metricName: loss, metricValue: 0.6530}

2025-04-25T16:43:59Z INFO     Train Epoch: 3 [0/60000 (0%)]	loss=0.5434
2025-04-25T16:43:59Z INFO     Train Epoch: 3 [1280/60000 (2%)]	loss=0.6464
2025-04-25T16:43:59Z INFO     Train Epoch: 3 [2560/60000 (4%)]	loss=0.5533
2025-04-25T16:43:59Z INFO     Train Epoch: 3 [3840/60000 (6%)]	loss=0.5121
2025-04-25T16:43:59Z INFO     Train Epoch: 3 [5120/60000 (9%)]	loss=0.5628
2025-04-25T16:44:00Z INFO     Train Epoch: 3 [6400/60000 (11%)]	loss=0.6523
2025-04-25T16:44:00Z INFO     Train Epoch: 3 [7680/60000 (13%)]	loss=0.5261
2025-04-25T16:44:00Z INFO     Train Epoch: 3 [8960/60000 (15%)]	loss=0.6364
2025-04-25T16:44:00Z INFO     Train Epoch: 3 [10240/60000 (17%)]	loss=0.6498
2025-04-25T16:44:00Z INFO     Train Epoch: 3 [11520/60000 (19%)]	loss=0.4755
2025-04-25T16:44:00Z INFO     Train Epoch: 3 [12800/60000 (21%)]	loss=0.6910
2025-04-25T16:44:00Z INFO     Train Epoch: 3 [14080/60000 (23%)]	loss=0.6586
2025-04-25T16:44:00Z INFO     Train Epoch: 3 [15360/60000 (26%)]	loss=0.6985
2025-04-25T16:44:00Z INFO     Train Epoch: 3 [16640/60000 (28%)]	loss=0.5771
2025-04-25T16:44:01Z INFO     Train Epoch: 3 [17920/60000 (30%)]	loss=0.6535
2025-04-25T16:44:01Z INFO     Train Epoch: 3 [19200/60000 (32%)]	loss=0.6451
2025-04-25T16:44:01Z INFO     Train Epoch: 3 [20480/60000 (34%)]	loss=0.6260
2025-04-25T16:44:01Z INFO     Train Epoch: 3 [21760/60000 (36%)]	loss=0.4615
2025-04-25T16:44:01Z INFO     Train Epoch: 3 [23040/60000 (38%)]	loss=0.6997
2025-04-25T16:44:01Z INFO     Train Epoch: 3 [24320/60000 (41%)]	loss=0.6104
2025-04-25T16:44:01Z INFO     Train Epoch: 3 [25600/60000 (43%)]	loss=0.5657
2025-04-25T16:44:01Z INFO     Train Epoch: 3 [26880/60000 (45%)]	loss=0.5169
2025-04-25T16:44:01Z INFO     Train Epoch: 3 [28160/60000 (47%)]	loss=0.6830
2025-04-25T16:44:02Z INFO     Train Epoch: 3 [29440/60000 (49%)]	loss=0.6091
2025-04-25T16:44:02Z INFO     Train Epoch: 3 [30720/60000 (51%)]	loss=0.6067
2025-04-25T16:44:02Z INFO     Train Epoch: 3 [32000/60000 (53%)]	loss=0.6235
2025-04-25T16:44:02Z INFO     Train Epoch: 3 [33280/60000 (55%)]	loss=0.6734
2025-04-25T16:44:02Z INFO     Train Epoch: 3 [34560/60000 (58%)]	loss=0.5920
2025-04-25T16:44:02Z INFO     Train Epoch: 3 [35840/60000 (60%)]	loss=0.5718
2025-04-25T16:44:02Z INFO     Train Epoch: 3 [37120/60000 (62%)]	loss=0.5750
2025-04-25T16:44:02Z INFO     Train Epoch: 3 [38400/60000 (64%)]	loss=0.4614
2025-04-25T16:44:02Z INFO     Train Epoch: 3 [39680/60000 (66%)]	loss=0.5224
2025-04-25T16:44:03Z INFO     Train Epoch: 3 [40960/60000 (68%)]	loss=0.5731
2025-04-25T16:44:03Z INFO     Train Epoch: 3 [42240/60000 (70%)]	loss=0.5979
2025-04-25T16:44:03Z INFO     Train Epoch: 3 [43520/60000 (72%)]	loss=0.7302
2025-04-25T16:44:03Z INFO     Train Epoch: 3 [44800/60000 (75%)]	loss=0.5757
2025-04-25T16:44:03Z INFO     Train Epoch: 3 [46080/60000 (77%)]	loss=0.5909
2025-04-25T16:44:03Z INFO     Train Epoch: 3 [47360/60000 (79%)]	loss=0.5957
2025-04-25T16:44:03Z INFO     Train Epoch: 3 [48640/60000 (81%)]	loss=0.5148
2025-04-25T16:44:03Z INFO     Train Epoch: 3 [49920/60000 (83%)]	loss=0.6277
2025-04-25T16:44:03Z INFO     Train Epoch: 3 [51200/60000 (85%)]	loss=0.6632
2025-04-25T16:44:04Z INFO     Train Epoch: 3 [52480/60000 (87%)]	loss=0.6340
2025-04-25T16:44:04Z INFO     Train Epoch: 3 [53760/60000 (90%)]	loss=0.6296
2025-04-25T16:44:04Z INFO     Train Epoch: 3 [55040/60000 (92%)]	loss=0.5996
2025-04-25T16:44:04Z INFO     Train Epoch: 3 [56320/60000 (94%)]	loss=0.6389
2025-04-25T16:44:04Z INFO     Train Epoch: 3 [57600/60000 (96%)]	loss=0.5183
2025-04-25T16:44:04Z INFO     Train Epoch: 3 [58880/60000 (98%)]	loss=0.7671
2025-04-25T16:44:05Z INFO     {metricName: accuracy, metricValue: 0.7762};{metricName: loss, metricValue: 0.5945}

2025-04-25T16:44:05Z INFO     Train Epoch: 4 [0/60000 (0%)]	loss=0.6205
2025-04-25T16:44:05Z INFO     Train Epoch: 4 [1280/60000 (2%)]	loss=0.5151
2025-04-25T16:44:05Z INFO     Train Epoch: 4 [2560/60000 (4%)]	loss=0.4981
2025-04-25T16:44:05Z INFO     Train Epoch: 4 [3840/60000 (6%)]	loss=0.5844
2025-04-25T16:44:06Z INFO     Train Epoch: 4 [5120/60000 (9%)]	loss=0.5014
2025-04-25T16:44:06Z INFO     Train Epoch: 4 [6400/60000 (11%)]	loss=0.5480
2025-04-25T16:44:06Z INFO     Train Epoch: 4 [7680/60000 (13%)]	loss=0.6082
2025-04-25T16:44:06Z INFO     Train Epoch: 4 [8960/60000 (15%)]	loss=0.4793
2025-04-25T16:44:06Z INFO     Train Epoch: 4 [10240/60000 (17%)]	loss=0.6019
2025-04-25T16:44:06Z INFO     Train Epoch: 4 [11520/60000 (19%)]	loss=0.4618
2025-04-25T16:44:06Z INFO     Train Epoch: 4 [12800/60000 (21%)]	loss=0.5900
2025-04-25T16:44:06Z INFO     Train Epoch: 4 [14080/60000 (23%)]	loss=0.5857
2025-04-25T16:44:06Z INFO     Train Epoch: 4 [15360/60000 (26%)]	loss=0.6090
2025-04-25T16:44:07Z INFO     Train Epoch: 4 [16640/60000 (28%)]	loss=0.5980
2025-04-25T16:44:07Z INFO     Train Epoch: 4 [17920/60000 (30%)]	loss=0.5382
2025-04-25T16:44:07Z INFO     Train Epoch: 4 [19200/60000 (32%)]	loss=0.5681
2025-04-25T16:44:07Z INFO     Train Epoch: 4 [20480/60000 (34%)]	loss=0.4880
2025-04-25T16:44:07Z INFO     Train Epoch: 4 [21760/60000 (36%)]	loss=0.5475
2025-04-25T16:44:07Z INFO     Train Epoch: 4 [23040/60000 (38%)]	loss=0.6162
2025-04-25T16:44:07Z INFO     Train Epoch: 4 [24320/60000 (41%)]	loss=0.4913
2025-04-25T16:44:07Z INFO     Train Epoch: 4 [25600/60000 (43%)]	loss=0.5078
2025-04-25T16:44:07Z INFO     Train Epoch: 4 [26880/60000 (45%)]	loss=0.6026
2025-04-25T16:44:08Z INFO     Train Epoch: 4 [28160/60000 (47%)]	loss=0.4007
2025-04-25T16:44:08Z INFO     Train Epoch: 4 [29440/60000 (49%)]	loss=0.4855
2025-04-25T16:44:08Z INFO     Train Epoch: 4 [30720/60000 (51%)]	loss=0.5142
2025-04-25T16:44:08Z INFO     Train Epoch: 4 [32000/60000 (53%)]	loss=0.4831
2025-04-25T16:44:08Z INFO     Train Epoch: 4 [33280/60000 (55%)]	loss=0.5321
2025-04-25T16:44:08Z INFO     Train Epoch: 4 [34560/60000 (58%)]	loss=0.5399
2025-04-25T16:44:08Z INFO     Train Epoch: 4 [35840/60000 (60%)]	loss=0.4969
2025-04-25T16:44:08Z INFO     Train Epoch: 4 [37120/60000 (62%)]	loss=0.4530
2025-04-25T16:44:08Z INFO     Train Epoch: 4 [38400/60000 (64%)]	loss=0.5630
2025-04-25T16:44:09Z INFO     Train Epoch: 4 [39680/60000 (66%)]	loss=0.4879
2025-04-25T16:44:09Z INFO     Train Epoch: 4 [40960/60000 (68%)]	loss=0.5184
2025-04-25T16:44:09Z INFO     Train Epoch: 4 [42240/60000 (70%)]	loss=0.6511
2025-04-25T16:44:09Z INFO     Train Epoch: 4 [43520/60000 (72%)]	loss=0.5709
2025-04-25T16:44:09Z INFO     Train Epoch: 4 [44800/60000 (75%)]	loss=0.6374
2025-04-25T16:44:09Z INFO     Train Epoch: 4 [46080/60000 (77%)]	loss=0.5459
2025-04-25T16:44:09Z INFO     Train Epoch: 4 [47360/60000 (79%)]	loss=0.4498
2025-04-25T16:44:09Z INFO     Train Epoch: 4 [48640/60000 (81%)]	loss=0.4368
2025-04-25T16:44:09Z INFO     Train Epoch: 4 [49920/60000 (83%)]	loss=0.5665
2025-04-25T16:44:10Z INFO     Train Epoch: 4 [51200/60000 (85%)]	loss=0.5487
2025-04-25T16:44:10Z INFO     Train Epoch: 4 [52480/60000 (87%)]	loss=0.4786
2025-04-25T16:44:10Z INFO     Train Epoch: 4 [53760/60000 (90%)]	loss=0.4870
2025-04-25T16:44:10Z INFO     Train Epoch: 4 [55040/60000 (92%)]	loss=0.5657
2025-04-25T16:44:10Z INFO     Train Epoch: 4 [56320/60000 (94%)]	loss=0.4391
2025-04-25T16:44:10Z INFO     Train Epoch: 4 [57600/60000 (96%)]	loss=0.3742
2025-04-25T16:44:10Z INFO     Train Epoch: 4 [58880/60000 (98%)]	loss=0.4257
2025-04-25T16:44:11Z INFO     {metricName: accuracy, metricValue: 0.8071};{metricName: loss, metricValue: 0.5313}


real	0m29.802s
user	0m52.310s
sys	0m15.807s
