Using CUDA
Using distributed PyTorch with nccl backend
2025-04-25T16:41:39Z INFO     Added key: store_based_barrier_key:1 to store for rank: 0
2025-04-25T16:41:39Z INFO     Rank 0: Completed store-based barrier for key:store_based_barrier_key:1 with 2 nodes.
pytorch-mnist-master-0:39:39 [0] NCCL INFO Bootstrap : Using eth0:10.244.2.4<0>
pytorch-mnist-master-0:39:39 [0] NCCL INFO NET/Plugin : No plugin found (libnccl-net.so), using internal implementation
pytorch-mnist-master-0:39:39 [0] NCCL INFO NET/IB : Using [0]mlx5_0:1/IB ; OOB eth0:10.244.2.4<0>
pytorch-mnist-master-0:39:39 [0] NCCL INFO Using network IB
NCCL version 2.10.3+cuda10.2
pytorch-mnist-master-0:39:125 [0] NCCL INFO NET/IB : GPU Direct RDMA Disabled for HCA 0 'mlx5_0' (no module)
pytorch-mnist-master-0:39:125 [0] NCCL INFO NET/IB : GPU Direct RDMA Disabled for HCA 0 'mlx5_0' (no module)
pytorch-mnist-master-0:39:125 [0] NCCL INFO Channel 00/02 :    0   1
pytorch-mnist-master-0:39:125 [0] NCCL INFO Channel 01/02 :    0   1
pytorch-mnist-master-0:39:125 [0] NCCL INFO Trees [0] 1/-1/-1->0->-1 [1] -1/-1/-1->0->1
pytorch-mnist-master-0:39:125 [0] NCCL INFO Setting affinity for GPU 0 to 0fffff
pytorch-mnist-master-0:39:125 [0] NCCL INFO Channel 00 : 1[100000] -> 0[100000] [receive] via NET/IB/0
pytorch-mnist-master-0:39:125 [0] NCCL INFO Channel 01 : 1[100000] -> 0[100000] [receive] via NET/IB/0
pytorch-mnist-master-0:39:125 [0] NCCL INFO Channel 00 : 0[100000] -> 1[100000] [send] via NET/IB/0
pytorch-mnist-master-0:39:125 [0] NCCL INFO Channel 01 : 0[100000] -> 1[100000] [send] via NET/IB/0
pytorch-mnist-master-0:39:125 [0] NCCL INFO NET/IB: Dev 0 Port 1 qpn 298 mtu 5 LID 153
pytorch-mnist-master-0:39:125 [0] NCCL INFO NET/IB: Dev 0 Port 1 qpn 299 mtu 5 LID 153
pytorch-mnist-master-0:39:125 [0] NCCL INFO Connected all rings
pytorch-mnist-master-0:39:125 [0] NCCL INFO Connected all trees
pytorch-mnist-master-0:39:125 [0] NCCL INFO threadThresholds 8/8/64 | 16/8/64 | 8/8/512
pytorch-mnist-master-0:39:125 [0] NCCL INFO 2 coll channels, 2 p2p channels, 1 p2p channels per peer
pytorch-mnist-master-0:39:125 [0] NCCL INFO comm 0x7b372c001360 rank 0 nranks 2 cudaDev 0 busId 100000 - Init COMPLETE
pytorch-mnist-master-0:39:39 [0] NCCL INFO Launch mode Parallel
2025-04-25T16:41:42Z INFO     Train Epoch: 1 [0/60000 (0%)]	loss=2.3015
2025-04-25T16:41:42Z INFO     Reducer buckets have been rebuilt in this iteration.
2025-04-25T16:41:43Z INFO     Train Epoch: 1 [1280/60000 (2%)]	loss=2.2863
2025-04-25T16:41:43Z INFO     Train Epoch: 1 [2560/60000 (4%)]	loss=2.2854
2025-04-25T16:41:43Z INFO     Train Epoch: 1 [3840/60000 (6%)]	loss=2.2727
2025-04-25T16:41:43Z INFO     Train Epoch: 1 [5120/60000 (9%)]	loss=2.2693
2025-04-25T16:41:43Z INFO     Train Epoch: 1 [6400/60000 (11%)]	loss=2.2500
2025-04-25T16:41:43Z INFO     Train Epoch: 1 [7680/60000 (13%)]	loss=2.2421
2025-04-25T16:41:43Z INFO     Train Epoch: 1 [8960/60000 (15%)]	loss=2.2029
2025-04-25T16:41:43Z INFO     Train Epoch: 1 [10240/60000 (17%)]	loss=2.1878
2025-04-25T16:41:43Z INFO     Train Epoch: 1 [11520/60000 (19%)]	loss=2.1322
2025-04-25T16:41:44Z INFO     Train Epoch: 1 [12800/60000 (21%)]	loss=2.0497
2025-04-25T16:41:44Z INFO     Train Epoch: 1 [14080/60000 (23%)]	loss=1.9477
2025-04-25T16:41:44Z INFO     Train Epoch: 1 [15360/60000 (26%)]	loss=1.7655
2025-04-25T16:41:44Z INFO     Train Epoch: 1 [16640/60000 (28%)]	loss=1.5976
2025-04-25T16:41:44Z INFO     Train Epoch: 1 [17920/60000 (30%)]	loss=1.3734
2025-04-25T16:41:44Z INFO     Train Epoch: 1 [19200/60000 (32%)]	loss=1.3093
2025-04-25T16:41:44Z INFO     Train Epoch: 1 [20480/60000 (34%)]	loss=1.1858
2025-04-25T16:41:44Z INFO     Train Epoch: 1 [21760/60000 (36%)]	loss=1.0811
2025-04-25T16:41:44Z INFO     Train Epoch: 1 [23040/60000 (38%)]	loss=1.0568
2025-04-25T16:41:45Z INFO     Train Epoch: 1 [24320/60000 (41%)]	loss=1.0199
2025-04-25T16:41:45Z INFO     Train Epoch: 1 [25600/60000 (43%)]	loss=0.9025
2025-04-25T16:41:45Z INFO     Train Epoch: 1 [26880/60000 (45%)]	loss=1.0199
2025-04-25T16:41:45Z INFO     Train Epoch: 1 [28160/60000 (47%)]	loss=1.0543
2025-04-25T16:41:45Z INFO     Train Epoch: 1 [29440/60000 (49%)]	loss=0.9015
2025-04-25T16:41:45Z INFO     Train Epoch: 1 [30720/60000 (51%)]	loss=0.7916
2025-04-25T16:41:45Z INFO     Train Epoch: 1 [32000/60000 (53%)]	loss=1.1946
2025-04-25T16:41:45Z INFO     Train Epoch: 1 [33280/60000 (55%)]	loss=1.0279
2025-04-25T16:41:46Z INFO     Train Epoch: 1 [34560/60000 (58%)]	loss=0.9579
2025-04-25T16:41:46Z INFO     Train Epoch: 1 [35840/60000 (60%)]	loss=0.7887
2025-04-25T16:41:46Z INFO     Train Epoch: 1 [37120/60000 (62%)]	loss=0.9341
2025-04-25T16:41:46Z INFO     Train Epoch: 1 [38400/60000 (64%)]	loss=0.9515
2025-04-25T16:41:46Z INFO     Train Epoch: 1 [39680/60000 (66%)]	loss=0.8623
2025-04-25T16:41:46Z INFO     Train Epoch: 1 [40960/60000 (68%)]	loss=0.8086
2025-04-25T16:41:46Z INFO     Train Epoch: 1 [42240/60000 (70%)]	loss=0.8864
2025-04-25T16:41:46Z INFO     Train Epoch: 1 [43520/60000 (72%)]	loss=0.9437
2025-04-25T16:41:46Z INFO     Train Epoch: 1 [44800/60000 (75%)]	loss=0.9363
2025-04-25T16:41:47Z INFO     Train Epoch: 1 [46080/60000 (77%)]	loss=0.8242
2025-04-25T16:41:47Z INFO     Train Epoch: 1 [47360/60000 (79%)]	loss=0.7683
2025-04-25T16:41:47Z INFO     Train Epoch: 1 [48640/60000 (81%)]	loss=0.8700
2025-04-25T16:41:47Z INFO     Train Epoch: 1 [49920/60000 (83%)]	loss=0.8682
2025-04-25T16:41:47Z INFO     Train Epoch: 1 [51200/60000 (85%)]	loss=0.7845
2025-04-25T16:41:47Z INFO     Train Epoch: 1 [52480/60000 (87%)]	loss=0.6899
2025-04-25T16:41:47Z INFO     Train Epoch: 1 [53760/60000 (90%)]	loss=0.8087
2025-04-25T16:41:47Z INFO     Train Epoch: 1 [55040/60000 (92%)]	loss=0.8783
2025-04-25T16:41:47Z INFO     Train Epoch: 1 [56320/60000 (94%)]	loss=0.8595
2025-04-25T16:41:48Z INFO     Train Epoch: 1 [57600/60000 (96%)]	loss=0.9269
2025-04-25T16:41:48Z INFO     Train Epoch: 1 [58880/60000 (98%)]	loss=0.7729
2025-04-25T16:41:49Z INFO     {metricName: accuracy, metricValue: 0.6869};{metricName: loss, metricValue: 0.8290}

2025-04-25T16:41:49Z INFO     Train Epoch: 2 [0/60000 (0%)]	loss=0.7523
2025-04-25T16:41:49Z INFO     Train Epoch: 2 [1280/60000 (2%)]	loss=0.6796
2025-04-25T16:41:49Z INFO     Train Epoch: 2 [2560/60000 (4%)]	loss=0.7743
2025-04-25T16:41:49Z INFO     Train Epoch: 2 [3840/60000 (6%)]	loss=0.7725
2025-04-25T16:41:49Z INFO     Train Epoch: 2 [5120/60000 (9%)]	loss=0.7503
2025-04-25T16:41:49Z INFO     Train Epoch: 2 [6400/60000 (11%)]	loss=0.7416
2025-04-25T16:41:49Z INFO     Train Epoch: 2 [7680/60000 (13%)]	loss=0.7576
2025-04-25T16:41:49Z INFO     Train Epoch: 2 [8960/60000 (15%)]	loss=0.6591
2025-04-25T16:41:50Z INFO     Train Epoch: 2 [10240/60000 (17%)]	loss=0.7524
2025-04-25T16:41:50Z INFO     Train Epoch: 2 [11520/60000 (19%)]	loss=0.6044
2025-04-25T16:41:50Z INFO     Train Epoch: 2 [12800/60000 (21%)]	loss=0.7411
2025-04-25T16:41:50Z INFO     Train Epoch: 2 [14080/60000 (23%)]	loss=0.6987
2025-04-25T16:41:50Z INFO     Train Epoch: 2 [15360/60000 (26%)]	loss=0.7801
2025-04-25T16:41:50Z INFO     Train Epoch: 2 [16640/60000 (28%)]	loss=0.6446
2025-04-25T16:41:50Z INFO     Train Epoch: 2 [17920/60000 (30%)]	loss=0.7493
2025-04-25T16:41:50Z INFO     Train Epoch: 2 [19200/60000 (32%)]	loss=0.5681
2025-04-25T16:41:50Z INFO     Train Epoch: 2 [20480/60000 (34%)]	loss=0.7989
2025-04-25T16:41:51Z INFO     Train Epoch: 2 [21760/60000 (36%)]	loss=0.6872
2025-04-25T16:41:51Z INFO     Train Epoch: 2 [23040/60000 (38%)]	loss=0.6722
2025-04-25T16:41:51Z INFO     Train Epoch: 2 [24320/60000 (41%)]	loss=0.6481
2025-04-25T16:41:51Z INFO     Train Epoch: 2 [25600/60000 (43%)]	loss=0.6500
2025-04-25T16:41:51Z INFO     Train Epoch: 2 [26880/60000 (45%)]	loss=0.7616
2025-04-25T16:41:51Z INFO     Train Epoch: 2 [28160/60000 (47%)]	loss=0.5773
2025-04-25T16:41:51Z INFO     Train Epoch: 2 [29440/60000 (49%)]	loss=0.8783
2025-04-25T16:41:51Z INFO     Train Epoch: 2 [30720/60000 (51%)]	loss=0.6963
2025-04-25T16:41:51Z INFO     Train Epoch: 2 [32000/60000 (53%)]	loss=0.7677
2025-04-25T16:41:52Z INFO     Train Epoch: 2 [33280/60000 (55%)]	loss=0.6697
2025-04-25T16:41:52Z INFO     Train Epoch: 2 [34560/60000 (58%)]	loss=0.5760
2025-04-25T16:41:52Z INFO     Train Epoch: 2 [35840/60000 (60%)]	loss=0.5408
2025-04-25T16:41:52Z INFO     Train Epoch: 2 [37120/60000 (62%)]	loss=0.7483
2025-04-25T16:41:52Z INFO     Train Epoch: 2 [38400/60000 (64%)]	loss=0.6821
2025-04-25T16:41:52Z INFO     Train Epoch: 2 [39680/60000 (66%)]	loss=0.6234
2025-04-25T16:41:52Z INFO     Train Epoch: 2 [40960/60000 (68%)]	loss=0.7618
2025-04-25T16:41:52Z INFO     Train Epoch: 2 [42240/60000 (70%)]	loss=0.7593
2025-04-25T16:41:52Z INFO     Train Epoch: 2 [43520/60000 (72%)]	loss=0.5806
2025-04-25T16:41:53Z INFO     Train Epoch: 2 [44800/60000 (75%)]	loss=0.5772
2025-04-25T16:41:53Z INFO     Train Epoch: 2 [46080/60000 (77%)]	loss=0.6860
2025-04-25T16:41:53Z INFO     Train Epoch: 2 [47360/60000 (79%)]	loss=0.7633
2025-04-25T16:41:53Z INFO     Train Epoch: 2 [48640/60000 (81%)]	loss=0.5819
2025-04-25T16:41:53Z INFO     Train Epoch: 2 [49920/60000 (83%)]	loss=0.7001
2025-04-25T16:41:53Z INFO     Train Epoch: 2 [51200/60000 (85%)]	loss=0.8284
2025-04-25T16:41:53Z INFO     Train Epoch: 2 [52480/60000 (87%)]	loss=0.5806
2025-04-25T16:41:53Z INFO     Train Epoch: 2 [53760/60000 (90%)]	loss=0.5215
2025-04-25T16:41:53Z INFO     Train Epoch: 2 [55040/60000 (92%)]	loss=0.6882
2025-04-25T16:41:54Z INFO     Train Epoch: 2 [56320/60000 (94%)]	loss=0.7069
2025-04-25T16:41:54Z INFO     Train Epoch: 2 [57600/60000 (96%)]	loss=0.5108
2025-04-25T16:41:54Z INFO     Train Epoch: 2 [58880/60000 (98%)]	loss=0.5994
2025-04-25T16:41:55Z INFO     {metricName: accuracy, metricValue: 0.7609};{metricName: loss, metricValue: 0.6529}

2025-04-25T16:41:55Z INFO     Train Epoch: 3 [0/60000 (0%)]	loss=0.5439
2025-04-25T16:41:55Z INFO     Train Epoch: 3 [1280/60000 (2%)]	loss=0.6452
2025-04-25T16:41:55Z INFO     Train Epoch: 3 [2560/60000 (4%)]	loss=0.5532
2025-04-25T16:41:55Z INFO     Train Epoch: 3 [3840/60000 (6%)]	loss=0.5116
2025-04-25T16:41:55Z INFO     Train Epoch: 3 [5120/60000 (9%)]	loss=0.5633
2025-04-25T16:41:55Z INFO     Train Epoch: 3 [6400/60000 (11%)]	loss=0.6517
2025-04-25T16:41:55Z INFO     Train Epoch: 3 [7680/60000 (13%)]	loss=0.5267
2025-04-25T16:41:56Z INFO     Train Epoch: 3 [8960/60000 (15%)]	loss=0.6373
2025-04-25T16:41:56Z INFO     Train Epoch: 3 [10240/60000 (17%)]	loss=0.6504
2025-04-25T16:41:56Z INFO     Train Epoch: 3 [11520/60000 (19%)]	loss=0.4753
2025-04-25T16:41:56Z INFO     Train Epoch: 3 [12800/60000 (21%)]	loss=0.6925
2025-04-25T16:41:56Z INFO     Train Epoch: 3 [14080/60000 (23%)]	loss=0.6591
2025-04-25T16:41:56Z INFO     Train Epoch: 3 [15360/60000 (26%)]	loss=0.6994
2025-04-25T16:41:56Z INFO     Train Epoch: 3 [16640/60000 (28%)]	loss=0.5775
2025-04-25T16:41:56Z INFO     Train Epoch: 3 [17920/60000 (30%)]	loss=0.6536
2025-04-25T16:41:56Z INFO     Train Epoch: 3 [19200/60000 (32%)]	loss=0.6445
2025-04-25T16:41:57Z INFO     Train Epoch: 3 [20480/60000 (34%)]	loss=0.6260
2025-04-25T16:41:57Z INFO     Train Epoch: 3 [21760/60000 (36%)]	loss=0.4615
2025-04-25T16:41:57Z INFO     Train Epoch: 3 [23040/60000 (38%)]	loss=0.6995
2025-04-25T16:41:57Z INFO     Train Epoch: 3 [24320/60000 (41%)]	loss=0.6114
2025-04-25T16:41:57Z INFO     Train Epoch: 3 [25600/60000 (43%)]	loss=0.5663
2025-04-25T16:41:57Z INFO     Train Epoch: 3 [26880/60000 (45%)]	loss=0.5180
2025-04-25T16:41:57Z INFO     Train Epoch: 3 [28160/60000 (47%)]	loss=0.6821
2025-04-25T16:41:57Z INFO     Train Epoch: 3 [29440/60000 (49%)]	loss=0.6103
2025-04-25T16:41:57Z INFO     Train Epoch: 3 [30720/60000 (51%)]	loss=0.6047
2025-04-25T16:41:58Z INFO     Train Epoch: 3 [32000/60000 (53%)]	loss=0.6242
2025-04-25T16:41:58Z INFO     Train Epoch: 3 [33280/60000 (55%)]	loss=0.6727
2025-04-25T16:41:58Z INFO     Train Epoch: 3 [34560/60000 (58%)]	loss=0.5920
2025-04-25T16:41:58Z INFO     Train Epoch: 3 [35840/60000 (60%)]	loss=0.5721
2025-04-25T16:41:58Z INFO     Train Epoch: 3 [37120/60000 (62%)]	loss=0.5761
2025-04-25T16:41:58Z INFO     Train Epoch: 3 [38400/60000 (64%)]	loss=0.4594
2025-04-25T16:41:58Z INFO     Train Epoch: 3 [39680/60000 (66%)]	loss=0.5214
2025-04-25T16:41:58Z INFO     Train Epoch: 3 [40960/60000 (68%)]	loss=0.5735
2025-04-25T16:41:58Z INFO     Train Epoch: 3 [42240/60000 (70%)]	loss=0.5983
2025-04-25T16:41:59Z INFO     Train Epoch: 3 [43520/60000 (72%)]	loss=0.7310
2025-04-25T16:41:59Z INFO     Train Epoch: 3 [44800/60000 (75%)]	loss=0.5754
2025-04-25T16:41:59Z INFO     Train Epoch: 3 [46080/60000 (77%)]	loss=0.5899
2025-04-25T16:41:59Z INFO     Train Epoch: 3 [47360/60000 (79%)]	loss=0.5966
2025-04-25T16:41:59Z INFO     Train Epoch: 3 [48640/60000 (81%)]	loss=0.5157
2025-04-25T16:41:59Z INFO     Train Epoch: 3 [49920/60000 (83%)]	loss=0.6278
2025-04-25T16:41:59Z INFO     Train Epoch: 3 [51200/60000 (85%)]	loss=0.6638
2025-04-25T16:41:59Z INFO     Train Epoch: 3 [52480/60000 (87%)]	loss=0.6361
2025-04-25T16:41:59Z INFO     Train Epoch: 3 [53760/60000 (90%)]	loss=0.6287
2025-04-25T16:42:00Z INFO     Train Epoch: 3 [55040/60000 (92%)]	loss=0.6000
2025-04-25T16:42:00Z INFO     Train Epoch: 3 [56320/60000 (94%)]	loss=0.6387
2025-04-25T16:42:00Z INFO     Train Epoch: 3 [57600/60000 (96%)]	loss=0.5177
2025-04-25T16:42:00Z INFO     Train Epoch: 3 [58880/60000 (98%)]	loss=0.7649
2025-04-25T16:42:01Z INFO     {metricName: accuracy, metricValue: 0.7753};{metricName: loss, metricValue: 0.5946}

2025-04-25T16:42:01Z INFO     Train Epoch: 4 [0/60000 (0%)]	loss=0.6227
2025-04-25T16:42:01Z INFO     Train Epoch: 4 [1280/60000 (2%)]	loss=0.5159
2025-04-25T16:42:01Z INFO     Train Epoch: 4 [2560/60000 (4%)]	loss=0.4975
2025-04-25T16:42:01Z INFO     Train Epoch: 4 [3840/60000 (6%)]	loss=0.5821
2025-04-25T16:42:01Z INFO     Train Epoch: 4 [5120/60000 (9%)]	loss=0.5002
2025-04-25T16:42:01Z INFO     Train Epoch: 4 [6400/60000 (11%)]	loss=0.5474
2025-04-25T16:42:02Z INFO     Train Epoch: 4 [7680/60000 (13%)]	loss=0.6093
2025-04-25T16:42:02Z INFO     Train Epoch: 4 [8960/60000 (15%)]	loss=0.4794
2025-04-25T16:42:02Z INFO     Train Epoch: 4 [10240/60000 (17%)]	loss=0.6009
2025-04-25T16:42:02Z INFO     Train Epoch: 4 [11520/60000 (19%)]	loss=0.4620
2025-04-25T16:42:02Z INFO     Train Epoch: 4 [12800/60000 (21%)]	loss=0.5887
2025-04-25T16:42:02Z INFO     Train Epoch: 4 [14080/60000 (23%)]	loss=0.5874
2025-04-25T16:42:02Z INFO     Train Epoch: 4 [15360/60000 (26%)]	loss=0.6094
2025-04-25T16:42:02Z INFO     Train Epoch: 4 [16640/60000 (28%)]	loss=0.5983
2025-04-25T16:42:02Z INFO     Train Epoch: 4 [17920/60000 (30%)]	loss=0.5369
2025-04-25T16:42:03Z INFO     Train Epoch: 4 [19200/60000 (32%)]	loss=0.5666
2025-04-25T16:42:03Z INFO     Train Epoch: 4 [20480/60000 (34%)]	loss=0.4884
2025-04-25T16:42:03Z INFO     Train Epoch: 4 [21760/60000 (36%)]	loss=0.5483
2025-04-25T16:42:03Z INFO     Train Epoch: 4 [23040/60000 (38%)]	loss=0.6163
2025-04-25T16:42:03Z INFO     Train Epoch: 4 [24320/60000 (41%)]	loss=0.4905
2025-04-25T16:42:03Z INFO     Train Epoch: 4 [25600/60000 (43%)]	loss=0.5099
2025-04-25T16:42:03Z INFO     Train Epoch: 4 [26880/60000 (45%)]	loss=0.6017
2025-04-25T16:42:03Z INFO     Train Epoch: 4 [28160/60000 (47%)]	loss=0.4014
2025-04-25T16:42:03Z INFO     Train Epoch: 4 [29440/60000 (49%)]	loss=0.4871
2025-04-25T16:42:04Z INFO     Train Epoch: 4 [30720/60000 (51%)]	loss=0.5142
2025-04-25T16:42:04Z INFO     Train Epoch: 4 [32000/60000 (53%)]	loss=0.4834
2025-04-25T16:42:04Z INFO     Train Epoch: 4 [33280/60000 (55%)]	loss=0.5312
2025-04-25T16:42:04Z INFO     Train Epoch: 4 [34560/60000 (58%)]	loss=0.5409
2025-04-25T16:42:04Z INFO     Train Epoch: 4 [35840/60000 (60%)]	loss=0.4959
2025-04-25T16:42:04Z INFO     Train Epoch: 4 [37120/60000 (62%)]	loss=0.4529
2025-04-25T16:42:04Z INFO     Train Epoch: 4 [38400/60000 (64%)]	loss=0.5643
2025-04-25T16:42:04Z INFO     Train Epoch: 4 [39680/60000 (66%)]	loss=0.4885
2025-04-25T16:42:05Z INFO     Train Epoch: 4 [40960/60000 (68%)]	loss=0.5185
2025-04-25T16:42:05Z INFO     Train Epoch: 4 [42240/60000 (70%)]	loss=0.6551
2025-04-25T16:42:05Z INFO     Train Epoch: 4 [43520/60000 (72%)]	loss=0.5724
2025-04-25T16:42:05Z INFO     Train Epoch: 4 [44800/60000 (75%)]	loss=0.6403
2025-04-25T16:42:05Z INFO     Train Epoch: 4 [46080/60000 (77%)]	loss=0.5459
2025-04-25T16:42:05Z INFO     Train Epoch: 4 [47360/60000 (79%)]	loss=0.4509
2025-04-25T16:42:05Z INFO     Train Epoch: 4 [48640/60000 (81%)]	loss=0.4373
2025-04-25T16:42:05Z INFO     Train Epoch: 4 [49920/60000 (83%)]	loss=0.5638
2025-04-25T16:42:05Z INFO     Train Epoch: 4 [51200/60000 (85%)]	loss=0.5491
2025-04-25T16:42:06Z INFO     Train Epoch: 4 [52480/60000 (87%)]	loss=0.4795
2025-04-25T16:42:06Z INFO     Train Epoch: 4 [53760/60000 (90%)]	loss=0.4872
2025-04-25T16:42:06Z INFO     Train Epoch: 4 [55040/60000 (92%)]	loss=0.5658
2025-04-25T16:42:06Z INFO     Train Epoch: 4 [56320/60000 (94%)]	loss=0.4392
2025-04-25T16:42:06Z INFO     Train Epoch: 4 [57600/60000 (96%)]	loss=0.3738
2025-04-25T16:42:06Z INFO     Train Epoch: 4 [58880/60000 (98%)]	loss=0.4251
2025-04-25T16:42:07Z INFO     {metricName: accuracy, metricValue: 0.8069};{metricName: loss, metricValue: 0.5321}


real	0m29.816s
user	0m35.033s
sys	0m7.533s
