Using CUDA
Using distributed PyTorch with nccl backend
2025-04-25T16:42:41Z INFO     Added key: store_based_barrier_key:1 to store for rank: 0
2025-04-25T16:42:41Z INFO     Rank 0: Completed store-based barrier for key:store_based_barrier_key:1 with 2 nodes.
pytorch-mnist-master-0:39:39 [0] NCCL INFO Bootstrap : Using eth0:10.244.2.5<0>
pytorch-mnist-master-0:39:39 [0] NCCL INFO NET/Plugin : No plugin found (libnccl-net.so), using internal implementation
pytorch-mnist-master-0:39:39 [0] NCCL INFO NET/IB : Using [0]mlx5_0:1/IB ; OOB eth0:10.244.2.5<0>
pytorch-mnist-master-0:39:39 [0] NCCL INFO Using network IB
NCCL version 2.10.3+cuda10.2
pytorch-mnist-master-0:39:125 [0] NCCL INFO NET/IB : GPU Direct RDMA Disabled for HCA 0 'mlx5_0' (no module)
pytorch-mnist-master-0:39:125 [0] NCCL INFO NET/IB : GPU Direct RDMA Disabled for HCA 0 'mlx5_0' (no module)
pytorch-mnist-master-0:39:125 [0] NCCL INFO Channel 00/02 :    0   1
pytorch-mnist-master-0:39:125 [0] NCCL INFO Channel 01/02 :    0   1
pytorch-mnist-master-0:39:125 [0] NCCL INFO Trees [0] 1/-1/-1->0->-1 [1] -1/-1/-1->0->1
pytorch-mnist-master-0:39:125 [0] NCCL INFO Setting affinity for GPU 0 to 0fffff
pytorch-mnist-master-0:39:125 [0] NCCL INFO Channel 00 : 1[100000] -> 0[100000] [receive] via NET/IB/0
pytorch-mnist-master-0:39:125 [0] NCCL INFO Channel 01 : 1[100000] -> 0[100000] [receive] via NET/IB/0
pytorch-mnist-master-0:39:125 [0] NCCL INFO Channel 00 : 0[100000] -> 1[100000] [send] via NET/IB/0
pytorch-mnist-master-0:39:125 [0] NCCL INFO Channel 01 : 0[100000] -> 1[100000] [send] via NET/IB/0
pytorch-mnist-master-0:39:125 [0] NCCL INFO NET/IB: Dev 0 Port 1 qpn 302 mtu 5 LID 153
pytorch-mnist-master-0:39:125 [0] NCCL INFO NET/IB: Dev 0 Port 1 qpn 303 mtu 5 LID 153
pytorch-mnist-master-0:39:125 [0] NCCL INFO Connected all rings
pytorch-mnist-master-0:39:125 [0] NCCL INFO Connected all trees
pytorch-mnist-master-0:39:125 [0] NCCL INFO threadThresholds 8/8/64 | 16/8/64 | 8/8/512
pytorch-mnist-master-0:39:125 [0] NCCL INFO 2 coll channels, 2 p2p channels, 1 p2p channels per peer
pytorch-mnist-master-0:39:125 [0] NCCL INFO comm 0x733e2c001360 rank 0 nranks 2 cudaDev 0 busId 100000 - Init COMPLETE
pytorch-mnist-master-0:39:39 [0] NCCL INFO Launch mode Parallel
2025-04-25T16:42:45Z INFO     Train Epoch: 1 [0/60000 (0%)]	loss=2.3015
2025-04-25T16:42:45Z INFO     Reducer buckets have been rebuilt in this iteration.
2025-04-25T16:42:45Z INFO     Train Epoch: 1 [1280/60000 (2%)]	loss=2.2863
2025-04-25T16:42:45Z INFO     Train Epoch: 1 [2560/60000 (4%)]	loss=2.2854
2025-04-25T16:42:45Z INFO     Train Epoch: 1 [3840/60000 (6%)]	loss=2.2727
2025-04-25T16:42:45Z INFO     Train Epoch: 1 [5120/60000 (9%)]	loss=2.2693
2025-04-25T16:42:45Z INFO     Train Epoch: 1 [6400/60000 (11%)]	loss=2.2499
2025-04-25T16:42:45Z INFO     Train Epoch: 1 [7680/60000 (13%)]	loss=2.2421
2025-04-25T16:42:45Z INFO     Train Epoch: 1 [8960/60000 (15%)]	loss=2.2029
2025-04-25T16:42:45Z INFO     Train Epoch: 1 [10240/60000 (17%)]	loss=2.1878
2025-04-25T16:42:46Z INFO     Train Epoch: 1 [11520/60000 (19%)]	loss=2.1322
2025-04-25T16:42:46Z INFO     Train Epoch: 1 [12800/60000 (21%)]	loss=2.0496
2025-04-25T16:42:46Z INFO     Train Epoch: 1 [14080/60000 (23%)]	loss=1.9477
2025-04-25T16:42:46Z INFO     Train Epoch: 1 [15360/60000 (26%)]	loss=1.7655
2025-04-25T16:42:46Z INFO     Train Epoch: 1 [16640/60000 (28%)]	loss=1.5976
2025-04-25T16:42:46Z INFO     Train Epoch: 1 [17920/60000 (30%)]	loss=1.3734
2025-04-25T16:42:46Z INFO     Train Epoch: 1 [19200/60000 (32%)]	loss=1.3092
2025-04-25T16:42:46Z INFO     Train Epoch: 1 [20480/60000 (34%)]	loss=1.1868
2025-04-25T16:42:46Z INFO     Train Epoch: 1 [21760/60000 (36%)]	loss=1.0812
2025-04-25T16:42:47Z INFO     Train Epoch: 1 [23040/60000 (38%)]	loss=1.0567
2025-04-25T16:42:47Z INFO     Train Epoch: 1 [24320/60000 (41%)]	loss=1.0206
2025-04-25T16:42:47Z INFO     Train Epoch: 1 [25600/60000 (43%)]	loss=0.9025
2025-04-25T16:42:47Z INFO     Train Epoch: 1 [26880/60000 (45%)]	loss=1.0215
2025-04-25T16:42:47Z INFO     Train Epoch: 1 [28160/60000 (47%)]	loss=1.0539
2025-04-25T16:42:47Z INFO     Train Epoch: 1 [29440/60000 (49%)]	loss=0.8999
2025-04-25T16:42:47Z INFO     Train Epoch: 1 [30720/60000 (51%)]	loss=0.7913
2025-04-25T16:42:47Z INFO     Train Epoch: 1 [32000/60000 (53%)]	loss=1.1954
2025-04-25T16:42:47Z INFO     Train Epoch: 1 [33280/60000 (55%)]	loss=1.0268
2025-04-25T16:42:48Z INFO     Train Epoch: 1 [34560/60000 (58%)]	loss=0.9573
2025-04-25T16:42:48Z INFO     Train Epoch: 1 [35840/60000 (60%)]	loss=0.7868
2025-04-25T16:42:48Z INFO     Train Epoch: 1 [37120/60000 (62%)]	loss=0.9318
2025-04-25T16:42:48Z INFO     Train Epoch: 1 [38400/60000 (64%)]	loss=0.9502
2025-04-25T16:42:48Z INFO     Train Epoch: 1 [39680/60000 (66%)]	loss=0.8623
2025-04-25T16:42:48Z INFO     Train Epoch: 1 [40960/60000 (68%)]	loss=0.8083
2025-04-25T16:42:48Z INFO     Train Epoch: 1 [42240/60000 (70%)]	loss=0.8880
2025-04-25T16:42:48Z INFO     Train Epoch: 1 [43520/60000 (72%)]	loss=0.9443
2025-04-25T16:42:48Z INFO     Train Epoch: 1 [44800/60000 (75%)]	loss=0.9370
2025-04-25T16:42:49Z INFO     Train Epoch: 1 [46080/60000 (77%)]	loss=0.8250
2025-04-25T16:42:49Z INFO     Train Epoch: 1 [47360/60000 (79%)]	loss=0.7687
2025-04-25T16:42:49Z INFO     Train Epoch: 1 [48640/60000 (81%)]	loss=0.8701
2025-04-25T16:42:49Z INFO     Train Epoch: 1 [49920/60000 (83%)]	loss=0.8704
2025-04-25T16:42:49Z INFO     Train Epoch: 1 [51200/60000 (85%)]	loss=0.7845
2025-04-25T16:42:49Z INFO     Train Epoch: 1 [52480/60000 (87%)]	loss=0.6904
2025-04-25T16:42:49Z INFO     Train Epoch: 1 [53760/60000 (90%)]	loss=0.8086
2025-04-25T16:42:49Z INFO     Train Epoch: 1 [55040/60000 (92%)]	loss=0.8788
2025-04-25T16:42:49Z INFO     Train Epoch: 1 [56320/60000 (94%)]	loss=0.8598
2025-04-25T16:42:50Z INFO     Train Epoch: 1 [57600/60000 (96%)]	loss=0.9276
2025-04-25T16:42:50Z INFO     Train Epoch: 1 [58880/60000 (98%)]	loss=0.7721
2025-04-25T16:42:51Z INFO     {metricName: accuracy, metricValue: 0.6871};{metricName: loss, metricValue: 0.8292}

2025-04-25T16:42:51Z INFO     Train Epoch: 2 [0/60000 (0%)]	loss=0.7518
2025-04-25T16:42:51Z INFO     Train Epoch: 2 [1280/60000 (2%)]	loss=0.6790
2025-04-25T16:42:51Z INFO     Train Epoch: 2 [2560/60000 (4%)]	loss=0.7738
2025-04-25T16:42:51Z INFO     Train Epoch: 2 [3840/60000 (6%)]	loss=0.7722
2025-04-25T16:42:51Z INFO     Train Epoch: 2 [5120/60000 (9%)]	loss=0.7501
2025-04-25T16:42:51Z INFO     Train Epoch: 2 [6400/60000 (11%)]	loss=0.7430
2025-04-25T16:42:51Z INFO     Train Epoch: 2 [7680/60000 (13%)]	loss=0.7576
2025-04-25T16:42:51Z INFO     Train Epoch: 2 [8960/60000 (15%)]	loss=0.6595
2025-04-25T16:42:52Z INFO     Train Epoch: 2 [10240/60000 (17%)]	loss=0.7534
2025-04-25T16:42:52Z INFO     Train Epoch: 2 [11520/60000 (19%)]	loss=0.6042
2025-04-25T16:42:52Z INFO     Train Epoch: 2 [12800/60000 (21%)]	loss=0.7421
2025-04-25T16:42:52Z INFO     Train Epoch: 2 [14080/60000 (23%)]	loss=0.7003
2025-04-25T16:42:52Z INFO     Train Epoch: 2 [15360/60000 (26%)]	loss=0.7798
2025-04-25T16:42:52Z INFO     Train Epoch: 2 [16640/60000 (28%)]	loss=0.6443
2025-04-25T16:42:52Z INFO     Train Epoch: 2 [17920/60000 (30%)]	loss=0.7503
2025-04-25T16:42:52Z INFO     Train Epoch: 2 [19200/60000 (32%)]	loss=0.5675
2025-04-25T16:42:52Z INFO     Train Epoch: 2 [20480/60000 (34%)]	loss=0.8014
2025-04-25T16:42:53Z INFO     Train Epoch: 2 [21760/60000 (36%)]	loss=0.6856
2025-04-25T16:42:53Z INFO     Train Epoch: 2 [23040/60000 (38%)]	loss=0.6719
2025-04-25T16:42:53Z INFO     Train Epoch: 2 [24320/60000 (41%)]	loss=0.6478
2025-04-25T16:42:53Z INFO     Train Epoch: 2 [25600/60000 (43%)]	loss=0.6494
2025-04-25T16:42:53Z INFO     Train Epoch: 2 [26880/60000 (45%)]	loss=0.7614
2025-04-25T16:42:53Z INFO     Train Epoch: 2 [28160/60000 (47%)]	loss=0.5771
2025-04-25T16:42:53Z INFO     Train Epoch: 2 [29440/60000 (49%)]	loss=0.8765
2025-04-25T16:42:53Z INFO     Train Epoch: 2 [30720/60000 (51%)]	loss=0.6959
2025-04-25T16:42:53Z INFO     Train Epoch: 2 [32000/60000 (53%)]	loss=0.7691
2025-04-25T16:42:54Z INFO     Train Epoch: 2 [33280/60000 (55%)]	loss=0.6701
2025-04-25T16:42:54Z INFO     Train Epoch: 2 [34560/60000 (58%)]	loss=0.5762
2025-04-25T16:42:54Z INFO     Train Epoch: 2 [35840/60000 (60%)]	loss=0.5410
2025-04-25T16:42:54Z INFO     Train Epoch: 2 [37120/60000 (62%)]	loss=0.7473
2025-04-25T16:42:54Z INFO     Train Epoch: 2 [38400/60000 (64%)]	loss=0.6822
2025-04-25T16:42:54Z INFO     Train Epoch: 2 [39680/60000 (66%)]	loss=0.6217
2025-04-25T16:42:54Z INFO     Train Epoch: 2 [40960/60000 (68%)]	loss=0.7624
2025-04-25T16:42:54Z INFO     Train Epoch: 2 [42240/60000 (70%)]	loss=0.7605
2025-04-25T16:42:54Z INFO     Train Epoch: 2 [43520/60000 (72%)]	loss=0.5802
2025-04-25T16:42:55Z INFO     Train Epoch: 2 [44800/60000 (75%)]	loss=0.5780
2025-04-25T16:42:55Z INFO     Train Epoch: 2 [46080/60000 (77%)]	loss=0.6870
2025-04-25T16:42:55Z INFO     Train Epoch: 2 [47360/60000 (79%)]	loss=0.7651
2025-04-25T16:42:55Z INFO     Train Epoch: 2 [48640/60000 (81%)]	loss=0.5828
2025-04-25T16:42:55Z INFO     Train Epoch: 2 [49920/60000 (83%)]	loss=0.6992
2025-04-25T16:42:55Z INFO     Train Epoch: 2 [51200/60000 (85%)]	loss=0.8267
2025-04-25T16:42:55Z INFO     Train Epoch: 2 [52480/60000 (87%)]	loss=0.5807
2025-04-25T16:42:55Z INFO     Train Epoch: 2 [53760/60000 (90%)]	loss=0.5227
2025-04-25T16:42:55Z INFO     Train Epoch: 2 [55040/60000 (92%)]	loss=0.6893
2025-04-25T16:42:56Z INFO     Train Epoch: 2 [56320/60000 (94%)]	loss=0.7081
2025-04-25T16:42:56Z INFO     Train Epoch: 2 [57600/60000 (96%)]	loss=0.5106
2025-04-25T16:42:56Z INFO     Train Epoch: 2 [58880/60000 (98%)]	loss=0.6005
2025-04-25T16:42:57Z INFO     {metricName: accuracy, metricValue: 0.7601};{metricName: loss, metricValue: 0.6533}

2025-04-25T16:42:57Z INFO     Train Epoch: 3 [0/60000 (0%)]	loss=0.5439
2025-04-25T16:42:57Z INFO     Train Epoch: 3 [1280/60000 (2%)]	loss=0.6462
2025-04-25T16:42:57Z INFO     Train Epoch: 3 [2560/60000 (4%)]	loss=0.5526
2025-04-25T16:42:57Z INFO     Train Epoch: 3 [3840/60000 (6%)]	loss=0.5122
2025-04-25T16:42:57Z INFO     Train Epoch: 3 [5120/60000 (9%)]	loss=0.5640
2025-04-25T16:42:57Z INFO     Train Epoch: 3 [6400/60000 (11%)]	loss=0.6528
2025-04-25T16:42:57Z INFO     Train Epoch: 3 [7680/60000 (13%)]	loss=0.5270
2025-04-25T16:42:58Z INFO     Train Epoch: 3 [8960/60000 (15%)]	loss=0.6380
2025-04-25T16:42:58Z INFO     Train Epoch: 3 [10240/60000 (17%)]	loss=0.6508
2025-04-25T16:42:58Z INFO     Train Epoch: 3 [11520/60000 (19%)]	loss=0.4755
2025-04-25T16:42:58Z INFO     Train Epoch: 3 [12800/60000 (21%)]	loss=0.6920
2025-04-25T16:42:58Z INFO     Train Epoch: 3 [14080/60000 (23%)]	loss=0.6600
2025-04-25T16:42:58Z INFO     Train Epoch: 3 [15360/60000 (26%)]	loss=0.7000
2025-04-25T16:42:58Z INFO     Train Epoch: 3 [16640/60000 (28%)]	loss=0.5772
2025-04-25T16:42:58Z INFO     Train Epoch: 3 [17920/60000 (30%)]	loss=0.6537
2025-04-25T16:42:58Z INFO     Train Epoch: 3 [19200/60000 (32%)]	loss=0.6444
2025-04-25T16:42:59Z INFO     Train Epoch: 3 [20480/60000 (34%)]	loss=0.6268
2025-04-25T16:42:59Z INFO     Train Epoch: 3 [21760/60000 (36%)]	loss=0.4626
2025-04-25T16:42:59Z INFO     Train Epoch: 3 [23040/60000 (38%)]	loss=0.7007
2025-04-25T16:42:59Z INFO     Train Epoch: 3 [24320/60000 (41%)]	loss=0.6120
2025-04-25T16:42:59Z INFO     Train Epoch: 3 [25600/60000 (43%)]	loss=0.5669
2025-04-25T16:42:59Z INFO     Train Epoch: 3 [26880/60000 (45%)]	loss=0.5181
2025-04-25T16:42:59Z INFO     Train Epoch: 3 [28160/60000 (47%)]	loss=0.6816
2025-04-25T16:42:59Z INFO     Train Epoch: 3 [29440/60000 (49%)]	loss=0.6103
2025-04-25T16:42:59Z INFO     Train Epoch: 3 [30720/60000 (51%)]	loss=0.6037
2025-04-25T16:43:00Z INFO     Train Epoch: 3 [32000/60000 (53%)]	loss=0.6245
2025-04-25T16:43:00Z INFO     Train Epoch: 3 [33280/60000 (55%)]	loss=0.6746
2025-04-25T16:43:00Z INFO     Train Epoch: 3 [34560/60000 (58%)]	loss=0.5928
2025-04-25T16:43:00Z INFO     Train Epoch: 3 [35840/60000 (60%)]	loss=0.5721
2025-04-25T16:43:00Z INFO     Train Epoch: 3 [37120/60000 (62%)]	loss=0.5754
2025-04-25T16:43:00Z INFO     Train Epoch: 3 [38400/60000 (64%)]	loss=0.4603
2025-04-25T16:43:00Z INFO     Train Epoch: 3 [39680/60000 (66%)]	loss=0.5212
2025-04-25T16:43:00Z INFO     Train Epoch: 3 [40960/60000 (68%)]	loss=0.5735
2025-04-25T16:43:00Z INFO     Train Epoch: 3 [42240/60000 (70%)]	loss=0.5980
2025-04-25T16:43:01Z INFO     Train Epoch: 3 [43520/60000 (72%)]	loss=0.7320
2025-04-25T16:43:01Z INFO     Train Epoch: 3 [44800/60000 (75%)]	loss=0.5753
2025-04-25T16:43:01Z INFO     Train Epoch: 3 [46080/60000 (77%)]	loss=0.5891
2025-04-25T16:43:01Z INFO     Train Epoch: 3 [47360/60000 (79%)]	loss=0.5966
2025-04-25T16:43:01Z INFO     Train Epoch: 3 [48640/60000 (81%)]	loss=0.5171
2025-04-25T16:43:01Z INFO     Train Epoch: 3 [49920/60000 (83%)]	loss=0.6270
2025-04-25T16:43:01Z INFO     Train Epoch: 3 [51200/60000 (85%)]	loss=0.6636
2025-04-25T16:43:01Z INFO     Train Epoch: 3 [52480/60000 (87%)]	loss=0.6346
2025-04-25T16:43:01Z INFO     Train Epoch: 3 [53760/60000 (90%)]	loss=0.6293
2025-04-25T16:43:02Z INFO     Train Epoch: 3 [55040/60000 (92%)]	loss=0.6012
2025-04-25T16:43:02Z INFO     Train Epoch: 3 [56320/60000 (94%)]	loss=0.6386
2025-04-25T16:43:02Z INFO     Train Epoch: 3 [57600/60000 (96%)]	loss=0.5176
2025-04-25T16:43:02Z INFO     Train Epoch: 3 [58880/60000 (98%)]	loss=0.7685
2025-04-25T16:43:03Z INFO     {metricName: accuracy, metricValue: 0.7754};{metricName: loss, metricValue: 0.5951}

2025-04-25T16:43:03Z INFO     Train Epoch: 4 [0/60000 (0%)]	loss=0.6212
2025-04-25T16:43:03Z INFO     Train Epoch: 4 [1280/60000 (2%)]	loss=0.5156
2025-04-25T16:43:03Z INFO     Train Epoch: 4 [2560/60000 (4%)]	loss=0.4990
2025-04-25T16:43:03Z INFO     Train Epoch: 4 [3840/60000 (6%)]	loss=0.5823
2025-04-25T16:43:03Z INFO     Train Epoch: 4 [5120/60000 (9%)]	loss=0.5006
2025-04-25T16:43:03Z INFO     Train Epoch: 4 [6400/60000 (11%)]	loss=0.5486
2025-04-25T16:43:04Z INFO     Train Epoch: 4 [7680/60000 (13%)]	loss=0.6099
2025-04-25T16:43:04Z INFO     Train Epoch: 4 [8960/60000 (15%)]	loss=0.4803
2025-04-25T16:43:04Z INFO     Train Epoch: 4 [10240/60000 (17%)]	loss=0.6017
2025-04-25T16:43:04Z INFO     Train Epoch: 4 [11520/60000 (19%)]	loss=0.4618
2025-04-25T16:43:04Z INFO     Train Epoch: 4 [12800/60000 (21%)]	loss=0.5914
2025-04-25T16:43:04Z INFO     Train Epoch: 4 [14080/60000 (23%)]	loss=0.5866
2025-04-25T16:43:04Z INFO     Train Epoch: 4 [15360/60000 (26%)]	loss=0.6084
2025-04-25T16:43:04Z INFO     Train Epoch: 4 [16640/60000 (28%)]	loss=0.5988
2025-04-25T16:43:04Z INFO     Train Epoch: 4 [17920/60000 (30%)]	loss=0.5378
2025-04-25T16:43:05Z INFO     Train Epoch: 4 [19200/60000 (32%)]	loss=0.5669
2025-04-25T16:43:05Z INFO     Train Epoch: 4 [20480/60000 (34%)]	loss=0.4863
2025-04-25T16:43:05Z INFO     Train Epoch: 4 [21760/60000 (36%)]	loss=0.5488
2025-04-25T16:43:05Z INFO     Train Epoch: 4 [23040/60000 (38%)]	loss=0.6161
2025-04-25T16:43:05Z INFO     Train Epoch: 4 [24320/60000 (41%)]	loss=0.4909
2025-04-25T16:43:05Z INFO     Train Epoch: 4 [25600/60000 (43%)]	loss=0.5083
2025-04-25T16:43:05Z INFO     Train Epoch: 4 [26880/60000 (45%)]	loss=0.6033
2025-04-25T16:43:05Z INFO     Train Epoch: 4 [28160/60000 (47%)]	loss=0.4004
2025-04-25T16:43:05Z INFO     Train Epoch: 4 [29440/60000 (49%)]	loss=0.4870
2025-04-25T16:43:06Z INFO     Train Epoch: 4 [30720/60000 (51%)]	loss=0.5142
2025-04-25T16:43:06Z INFO     Train Epoch: 4 [32000/60000 (53%)]	loss=0.4841
2025-04-25T16:43:06Z INFO     Train Epoch: 4 [33280/60000 (55%)]	loss=0.5313
2025-04-25T16:43:06Z INFO     Train Epoch: 4 [34560/60000 (58%)]	loss=0.5392
2025-04-25T16:43:06Z INFO     Train Epoch: 4 [35840/60000 (60%)]	loss=0.4968
2025-04-25T16:43:06Z INFO     Train Epoch: 4 [37120/60000 (62%)]	loss=0.4526
2025-04-25T16:43:06Z INFO     Train Epoch: 4 [38400/60000 (64%)]	loss=0.5650
2025-04-25T16:43:06Z INFO     Train Epoch: 4 [39680/60000 (66%)]	loss=0.4886
2025-04-25T16:43:06Z INFO     Train Epoch: 4 [40960/60000 (68%)]	loss=0.5174
2025-04-25T16:43:07Z INFO     Train Epoch: 4 [42240/60000 (70%)]	loss=0.6565
2025-04-25T16:43:07Z INFO     Train Epoch: 4 [43520/60000 (72%)]	loss=0.5749
2025-04-25T16:43:07Z INFO     Train Epoch: 4 [44800/60000 (75%)]	loss=0.6398
2025-04-25T16:43:07Z INFO     Train Epoch: 4 [46080/60000 (77%)]	loss=0.5466
2025-04-25T16:43:07Z INFO     Train Epoch: 4 [47360/60000 (79%)]	loss=0.4510
2025-04-25T16:43:07Z INFO     Train Epoch: 4 [48640/60000 (81%)]	loss=0.4375
2025-04-25T16:43:07Z INFO     Train Epoch: 4 [49920/60000 (83%)]	loss=0.5672
2025-04-25T16:43:07Z INFO     Train Epoch: 4 [51200/60000 (85%)]	loss=0.5479
2025-04-25T16:43:07Z INFO     Train Epoch: 4 [52480/60000 (87%)]	loss=0.4792
2025-04-25T16:43:08Z INFO     Train Epoch: 4 [53760/60000 (90%)]	loss=0.4878
2025-04-25T16:43:08Z INFO     Train Epoch: 4 [55040/60000 (92%)]	loss=0.5672
2025-04-25T16:43:08Z INFO     Train Epoch: 4 [56320/60000 (94%)]	loss=0.4379
2025-04-25T16:43:08Z INFO     Train Epoch: 4 [57600/60000 (96%)]	loss=0.3750
2025-04-25T16:43:08Z INFO     Train Epoch: 4 [58880/60000 (98%)]	loss=0.4253
2025-04-25T16:43:09Z INFO     {metricName: accuracy, metricValue: 0.8066};{metricName: loss, metricValue: 0.5320}


real	0m29.545s
user	0m50.495s
sys	0m14.672s
