Using CUDA
Using distributed PyTorch with nccl backend
2025-04-25T16:44:46Z INFO     Added key: store_based_barrier_key:1 to store for rank: 0
2025-04-25T16:44:46Z INFO     Rank 0: Completed store-based barrier for key:store_based_barrier_key:1 with 2 nodes.
pytorch-mnist-master-0:39:39 [0] NCCL INFO Bootstrap : Using eth0:10.244.3.7<0>
pytorch-mnist-master-0:39:39 [0] NCCL INFO NET/Plugin : No plugin found (libnccl-net.so), using internal implementation
pytorch-mnist-master-0:39:39 [0] NCCL INFO NET/IB : Using [0]mlx5_0:1/IB ; OOB eth0:10.244.3.7<0>
pytorch-mnist-master-0:39:39 [0] NCCL INFO Using network IB
NCCL version 2.10.3+cuda10.2
pytorch-mnist-master-0:39:125 [0] NCCL INFO NET/IB : GPU Direct RDMA Disabled for HCA 0 'mlx5_0' (no module)
pytorch-mnist-master-0:39:125 [0] NCCL INFO NET/IB : GPU Direct RDMA Disabled for HCA 0 'mlx5_0' (no module)
pytorch-mnist-master-0:39:125 [0] NCCL INFO Channel 00/02 :    0   1
pytorch-mnist-master-0:39:125 [0] NCCL INFO Channel 01/02 :    0   1
pytorch-mnist-master-0:39:125 [0] NCCL INFO Trees [0] 1/-1/-1->0->-1 [1] -1/-1/-1->0->1
pytorch-mnist-master-0:39:125 [0] NCCL INFO Setting affinity for GPU 0 to 0fffff
pytorch-mnist-master-0:39:125 [0] NCCL INFO Channel 00 : 1[100000] -> 0[100000] [receive] via NET/IB/0
pytorch-mnist-master-0:39:125 [0] NCCL INFO Channel 01 : 1[100000] -> 0[100000] [receive] via NET/IB/0
pytorch-mnist-master-0:39:125 [0] NCCL INFO Channel 00 : 0[100000] -> 1[100000] [send] via NET/IB/0
pytorch-mnist-master-0:39:125 [0] NCCL INFO Channel 01 : 0[100000] -> 1[100000] [send] via NET/IB/0
pytorch-mnist-master-0:39:125 [0] NCCL INFO NET/IB: Dev 0 Port 1 qpn 310 mtu 5 LID 151
pytorch-mnist-master-0:39:125 [0] NCCL INFO NET/IB: Dev 0 Port 1 qpn 311 mtu 5 LID 151
pytorch-mnist-master-0:39:125 [0] NCCL INFO Connected all rings
pytorch-mnist-master-0:39:125 [0] NCCL INFO Connected all trees
pytorch-mnist-master-0:39:125 [0] NCCL INFO threadThresholds 8/8/64 | 16/8/64 | 8/8/512
pytorch-mnist-master-0:39:125 [0] NCCL INFO 2 coll channels, 2 p2p channels, 1 p2p channels per peer
pytorch-mnist-master-0:39:125 [0] NCCL INFO comm 0x7c59a0001360 rank 0 nranks 2 cudaDev 0 busId 100000 - Init COMPLETE
pytorch-mnist-master-0:39:39 [0] NCCL INFO Launch mode Parallel
2025-04-25T16:44:50Z INFO     Train Epoch: 1 [0/60000 (0%)]	loss=2.3015
2025-04-25T16:44:50Z INFO     Reducer buckets have been rebuilt in this iteration.
2025-04-25T16:44:50Z INFO     Train Epoch: 1 [1280/60000 (2%)]	loss=2.2863
2025-04-25T16:44:50Z INFO     Train Epoch: 1 [2560/60000 (4%)]	loss=2.2854
2025-04-25T16:44:50Z INFO     Train Epoch: 1 [3840/60000 (6%)]	loss=2.2727
2025-04-25T16:44:50Z INFO     Train Epoch: 1 [5120/60000 (9%)]	loss=2.2693
2025-04-25T16:44:50Z INFO     Train Epoch: 1 [6400/60000 (11%)]	loss=2.2500
2025-04-25T16:44:50Z INFO     Train Epoch: 1 [7680/60000 (13%)]	loss=2.2421
2025-04-25T16:44:50Z INFO     Train Epoch: 1 [8960/60000 (15%)]	loss=2.2029
2025-04-25T16:44:50Z INFO     Train Epoch: 1 [10240/60000 (17%)]	loss=2.1878
2025-04-25T16:44:51Z INFO     Train Epoch: 1 [11520/60000 (19%)]	loss=2.1322
2025-04-25T16:44:51Z INFO     Train Epoch: 1 [12800/60000 (21%)]	loss=2.0497
2025-04-25T16:44:51Z INFO     Train Epoch: 1 [14080/60000 (23%)]	loss=1.9477
2025-04-25T16:44:51Z INFO     Train Epoch: 1 [15360/60000 (26%)]	loss=1.7655
2025-04-25T16:44:51Z INFO     Train Epoch: 1 [16640/60000 (28%)]	loss=1.5976
2025-04-25T16:44:51Z INFO     Train Epoch: 1 [17920/60000 (30%)]	loss=1.3736
2025-04-25T16:44:51Z INFO     Train Epoch: 1 [19200/60000 (32%)]	loss=1.3091
2025-04-25T16:44:51Z INFO     Train Epoch: 1 [20480/60000 (34%)]	loss=1.1867
2025-04-25T16:44:51Z INFO     Train Epoch: 1 [21760/60000 (36%)]	loss=1.0815
2025-04-25T16:44:52Z INFO     Train Epoch: 1 [23040/60000 (38%)]	loss=1.0570
2025-04-25T16:44:52Z INFO     Train Epoch: 1 [24320/60000 (41%)]	loss=1.0202
2025-04-25T16:44:52Z INFO     Train Epoch: 1 [25600/60000 (43%)]	loss=0.9027
2025-04-25T16:44:52Z INFO     Train Epoch: 1 [26880/60000 (45%)]	loss=1.0189
2025-04-25T16:44:52Z INFO     Train Epoch: 1 [28160/60000 (47%)]	loss=1.0539
2025-04-25T16:44:52Z INFO     Train Epoch: 1 [29440/60000 (49%)]	loss=0.9028
2025-04-25T16:44:52Z INFO     Train Epoch: 1 [30720/60000 (51%)]	loss=0.7923
2025-04-25T16:44:52Z INFO     Train Epoch: 1 [32000/60000 (53%)]	loss=1.1948
2025-04-25T16:44:52Z INFO     Train Epoch: 1 [33280/60000 (55%)]	loss=1.0267
2025-04-25T16:44:53Z INFO     Train Epoch: 1 [34560/60000 (58%)]	loss=0.9576
2025-04-25T16:44:53Z INFO     Train Epoch: 1 [35840/60000 (60%)]	loss=0.7881
2025-04-25T16:44:53Z INFO     Train Epoch: 1 [37120/60000 (62%)]	loss=0.9326
2025-04-25T16:44:53Z INFO     Train Epoch: 1 [38400/60000 (64%)]	loss=0.9523
2025-04-25T16:44:53Z INFO     Train Epoch: 1 [39680/60000 (66%)]	loss=0.8624
2025-04-25T16:44:53Z INFO     Train Epoch: 1 [40960/60000 (68%)]	loss=0.8089
2025-04-25T16:44:53Z INFO     Train Epoch: 1 [42240/60000 (70%)]	loss=0.8899
2025-04-25T16:44:53Z INFO     Train Epoch: 1 [43520/60000 (72%)]	loss=0.9449
2025-04-25T16:44:54Z INFO     Train Epoch: 1 [44800/60000 (75%)]	loss=0.9378
2025-04-25T16:44:54Z INFO     Train Epoch: 1 [46080/60000 (77%)]	loss=0.8254
2025-04-25T16:44:54Z INFO     Train Epoch: 1 [47360/60000 (79%)]	loss=0.7675
2025-04-25T16:44:54Z INFO     Train Epoch: 1 [48640/60000 (81%)]	loss=0.8699
2025-04-25T16:44:54Z INFO     Train Epoch: 1 [49920/60000 (83%)]	loss=0.8694
2025-04-25T16:44:54Z INFO     Train Epoch: 1 [51200/60000 (85%)]	loss=0.7841
2025-04-25T16:44:54Z INFO     Train Epoch: 1 [52480/60000 (87%)]	loss=0.6914
2025-04-25T16:44:54Z INFO     Train Epoch: 1 [53760/60000 (90%)]	loss=0.8082
2025-04-25T16:44:54Z INFO     Train Epoch: 1 [55040/60000 (92%)]	loss=0.8789
2025-04-25T16:44:55Z INFO     Train Epoch: 1 [56320/60000 (94%)]	loss=0.8603
2025-04-25T16:44:55Z INFO     Train Epoch: 1 [57600/60000 (96%)]	loss=0.9277
2025-04-25T16:44:55Z INFO     Train Epoch: 1 [58880/60000 (98%)]	loss=0.7699
2025-04-25T16:44:56Z INFO     {metricName: accuracy, metricValue: 0.6874};{metricName: loss, metricValue: 0.8287}

2025-04-25T16:44:56Z INFO     Train Epoch: 2 [0/60000 (0%)]	loss=0.7511
2025-04-25T16:44:56Z INFO     Train Epoch: 2 [1280/60000 (2%)]	loss=0.6796
2025-04-25T16:44:56Z INFO     Train Epoch: 2 [2560/60000 (4%)]	loss=0.7741
2025-04-25T16:44:56Z INFO     Train Epoch: 2 [3840/60000 (6%)]	loss=0.7721
2025-04-25T16:44:56Z INFO     Train Epoch: 2 [5120/60000 (9%)]	loss=0.7516
2025-04-25T16:44:56Z INFO     Train Epoch: 2 [6400/60000 (11%)]	loss=0.7438
2025-04-25T16:44:56Z INFO     Train Epoch: 2 [7680/60000 (13%)]	loss=0.7573
2025-04-25T16:44:56Z INFO     Train Epoch: 2 [8960/60000 (15%)]	loss=0.6601
2025-04-25T16:44:57Z INFO     Train Epoch: 2 [10240/60000 (17%)]	loss=0.7533
2025-04-25T16:44:57Z INFO     Train Epoch: 2 [11520/60000 (19%)]	loss=0.6045
2025-04-25T16:44:57Z INFO     Train Epoch: 2 [12800/60000 (21%)]	loss=0.7405
2025-04-25T16:44:57Z INFO     Train Epoch: 2 [14080/60000 (23%)]	loss=0.6995
2025-04-25T16:44:57Z INFO     Train Epoch: 2 [15360/60000 (26%)]	loss=0.7821
2025-04-25T16:44:57Z INFO     Train Epoch: 2 [16640/60000 (28%)]	loss=0.6434
2025-04-25T16:44:57Z INFO     Train Epoch: 2 [17920/60000 (30%)]	loss=0.7487
2025-04-25T16:44:57Z INFO     Train Epoch: 2 [19200/60000 (32%)]	loss=0.5682
2025-04-25T16:44:57Z INFO     Train Epoch: 2 [20480/60000 (34%)]	loss=0.7965
2025-04-25T16:44:58Z INFO     Train Epoch: 2 [21760/60000 (36%)]	loss=0.6863
2025-04-25T16:44:58Z INFO     Train Epoch: 2 [23040/60000 (38%)]	loss=0.6717
2025-04-25T16:44:58Z INFO     Train Epoch: 2 [24320/60000 (41%)]	loss=0.6475
2025-04-25T16:44:58Z INFO     Train Epoch: 2 [25600/60000 (43%)]	loss=0.6503
2025-04-25T16:44:58Z INFO     Train Epoch: 2 [26880/60000 (45%)]	loss=0.7619
2025-04-25T16:44:58Z INFO     Train Epoch: 2 [28160/60000 (47%)]	loss=0.5761
2025-04-25T16:44:58Z INFO     Train Epoch: 2 [29440/60000 (49%)]	loss=0.8761
2025-04-25T16:44:58Z INFO     Train Epoch: 2 [30720/60000 (51%)]	loss=0.6947
2025-04-25T16:44:58Z INFO     Train Epoch: 2 [32000/60000 (53%)]	loss=0.7679
2025-04-25T16:44:59Z INFO     Train Epoch: 2 [33280/60000 (55%)]	loss=0.6694
2025-04-25T16:44:59Z INFO     Train Epoch: 2 [34560/60000 (58%)]	loss=0.5765
2025-04-25T16:44:59Z INFO     Train Epoch: 2 [35840/60000 (60%)]	loss=0.5419
2025-04-25T16:44:59Z INFO     Train Epoch: 2 [37120/60000 (62%)]	loss=0.7493
2025-04-25T16:44:59Z INFO     Train Epoch: 2 [38400/60000 (64%)]	loss=0.6819
2025-04-25T16:44:59Z INFO     Train Epoch: 2 [39680/60000 (66%)]	loss=0.6224
2025-04-25T16:44:59Z INFO     Train Epoch: 2 [40960/60000 (68%)]	loss=0.7624
2025-04-25T16:44:59Z INFO     Train Epoch: 2 [42240/60000 (70%)]	loss=0.7598
2025-04-25T16:45:00Z INFO     Train Epoch: 2 [43520/60000 (72%)]	loss=0.5808
2025-04-25T16:45:00Z INFO     Train Epoch: 2 [44800/60000 (75%)]	loss=0.5777
2025-04-25T16:45:00Z INFO     Train Epoch: 2 [46080/60000 (77%)]	loss=0.6873
2025-04-25T16:45:00Z INFO     Train Epoch: 2 [47360/60000 (79%)]	loss=0.7640
2025-04-25T16:45:00Z INFO     Train Epoch: 2 [48640/60000 (81%)]	loss=0.5818
2025-04-25T16:45:00Z INFO     Train Epoch: 2 [49920/60000 (83%)]	loss=0.6996
2025-04-25T16:45:00Z INFO     Train Epoch: 2 [51200/60000 (85%)]	loss=0.8260
2025-04-25T16:45:00Z INFO     Train Epoch: 2 [52480/60000 (87%)]	loss=0.5798
2025-04-25T16:45:00Z INFO     Train Epoch: 2 [53760/60000 (90%)]	loss=0.5215
2025-04-25T16:45:01Z INFO     Train Epoch: 2 [55040/60000 (92%)]	loss=0.6890
2025-04-25T16:45:01Z INFO     Train Epoch: 2 [56320/60000 (94%)]	loss=0.7073
2025-04-25T16:45:01Z INFO     Train Epoch: 2 [57600/60000 (96%)]	loss=0.5100
2025-04-25T16:45:01Z INFO     Train Epoch: 2 [58880/60000 (98%)]	loss=0.5989
2025-04-25T16:45:02Z INFO     {metricName: accuracy, metricValue: 0.7613};{metricName: loss, metricValue: 0.6536}

2025-04-25T16:45:02Z INFO     Train Epoch: 3 [0/60000 (0%)]	loss=0.5437
2025-04-25T16:45:02Z INFO     Train Epoch: 3 [1280/60000 (2%)]	loss=0.6457
2025-04-25T16:45:02Z INFO     Train Epoch: 3 [2560/60000 (4%)]	loss=0.5522
2025-04-25T16:45:02Z INFO     Train Epoch: 3 [3840/60000 (6%)]	loss=0.5113
2025-04-25T16:45:02Z INFO     Train Epoch: 3 [5120/60000 (9%)]	loss=0.5633
2025-04-25T16:45:02Z INFO     Train Epoch: 3 [6400/60000 (11%)]	loss=0.6512
2025-04-25T16:45:02Z INFO     Train Epoch: 3 [7680/60000 (13%)]	loss=0.5264
2025-04-25T16:45:03Z INFO     Train Epoch: 3 [8960/60000 (15%)]	loss=0.6374
2025-04-25T16:45:03Z INFO     Train Epoch: 3 [10240/60000 (17%)]	loss=0.6494
2025-04-25T16:45:03Z INFO     Train Epoch: 3 [11520/60000 (19%)]	loss=0.4758
2025-04-25T16:45:03Z INFO     Train Epoch: 3 [12800/60000 (21%)]	loss=0.6910
2025-04-25T16:45:03Z INFO     Train Epoch: 3 [14080/60000 (23%)]	loss=0.6598
2025-04-25T16:45:03Z INFO     Train Epoch: 3 [15360/60000 (26%)]	loss=0.6994
2025-04-25T16:45:03Z INFO     Train Epoch: 3 [16640/60000 (28%)]	loss=0.5789
2025-04-25T16:45:03Z INFO     Train Epoch: 3 [17920/60000 (30%)]	loss=0.6537
2025-04-25T16:45:03Z INFO     Train Epoch: 3 [19200/60000 (32%)]	loss=0.6472
2025-04-25T16:45:04Z INFO     Train Epoch: 3 [20480/60000 (34%)]	loss=0.6264
2025-04-25T16:45:04Z INFO     Train Epoch: 3 [21760/60000 (36%)]	loss=0.4614
2025-04-25T16:45:04Z INFO     Train Epoch: 3 [23040/60000 (38%)]	loss=0.7002
2025-04-25T16:45:04Z INFO     Train Epoch: 3 [24320/60000 (41%)]	loss=0.6100
2025-04-25T16:45:04Z INFO     Train Epoch: 3 [25600/60000 (43%)]	loss=0.5671
2025-04-25T16:45:04Z INFO     Train Epoch: 3 [26880/60000 (45%)]	loss=0.5169
2025-04-25T16:45:04Z INFO     Train Epoch: 3 [28160/60000 (47%)]	loss=0.6827
2025-04-25T16:45:04Z INFO     Train Epoch: 3 [29440/60000 (49%)]	loss=0.6093
2025-04-25T16:45:04Z INFO     Train Epoch: 3 [30720/60000 (51%)]	loss=0.6038
2025-04-25T16:45:05Z INFO     Train Epoch: 3 [32000/60000 (53%)]	loss=0.6240
2025-04-25T16:45:05Z INFO     Train Epoch: 3 [33280/60000 (55%)]	loss=0.6737
2025-04-25T16:45:05Z INFO     Train Epoch: 3 [34560/60000 (58%)]	loss=0.5924
2025-04-25T16:45:05Z INFO     Train Epoch: 3 [35840/60000 (60%)]	loss=0.5711
2025-04-25T16:45:05Z INFO     Train Epoch: 3 [37120/60000 (62%)]	loss=0.5753
2025-04-25T16:45:05Z INFO     Train Epoch: 3 [38400/60000 (64%)]	loss=0.4600
2025-04-25T16:45:05Z INFO     Train Epoch: 3 [39680/60000 (66%)]	loss=0.5218
2025-04-25T16:45:05Z INFO     Train Epoch: 3 [40960/60000 (68%)]	loss=0.5737
2025-04-25T16:45:05Z INFO     Train Epoch: 3 [42240/60000 (70%)]	loss=0.5973
2025-04-25T16:45:06Z INFO     Train Epoch: 3 [43520/60000 (72%)]	loss=0.7309
2025-04-25T16:45:06Z INFO     Train Epoch: 3 [44800/60000 (75%)]	loss=0.5749
2025-04-25T16:45:06Z INFO     Train Epoch: 3 [46080/60000 (77%)]	loss=0.5887
2025-04-25T16:45:06Z INFO     Train Epoch: 3 [47360/60000 (79%)]	loss=0.5965
2025-04-25T16:45:06Z INFO     Train Epoch: 3 [48640/60000 (81%)]	loss=0.5159
2025-04-25T16:45:06Z INFO     Train Epoch: 3 [49920/60000 (83%)]	loss=0.6287
2025-04-25T16:45:06Z INFO     Train Epoch: 3 [51200/60000 (85%)]	loss=0.6641
2025-04-25T16:45:06Z INFO     Train Epoch: 3 [52480/60000 (87%)]	loss=0.6360
2025-04-25T16:45:06Z INFO     Train Epoch: 3 [53760/60000 (90%)]	loss=0.6282
2025-04-25T16:45:07Z INFO     Train Epoch: 3 [55040/60000 (92%)]	loss=0.5999
2025-04-25T16:45:07Z INFO     Train Epoch: 3 [56320/60000 (94%)]	loss=0.6393
2025-04-25T16:45:07Z INFO     Train Epoch: 3 [57600/60000 (96%)]	loss=0.5180
2025-04-25T16:45:07Z INFO     Train Epoch: 3 [58880/60000 (98%)]	loss=0.7658
2025-04-25T16:45:08Z INFO     {metricName: accuracy, metricValue: 0.7751};{metricName: loss, metricValue: 0.5954}

2025-04-25T16:45:08Z INFO     Train Epoch: 4 [0/60000 (0%)]	loss=0.6222
2025-04-25T16:45:08Z INFO     Train Epoch: 4 [1280/60000 (2%)]	loss=0.5156
2025-04-25T16:45:08Z INFO     Train Epoch: 4 [2560/60000 (4%)]	loss=0.4981
2025-04-25T16:45:08Z INFO     Train Epoch: 4 [3840/60000 (6%)]	loss=0.5832
2025-04-25T16:45:08Z INFO     Train Epoch: 4 [5120/60000 (9%)]	loss=0.5021
2025-04-25T16:45:08Z INFO     Train Epoch: 4 [6400/60000 (11%)]	loss=0.5482
2025-04-25T16:45:09Z INFO     Train Epoch: 4 [7680/60000 (13%)]	loss=0.6104
2025-04-25T16:45:09Z INFO     Train Epoch: 4 [8960/60000 (15%)]	loss=0.4784
2025-04-25T16:45:09Z INFO     Train Epoch: 4 [10240/60000 (17%)]	loss=0.6011
2025-04-25T16:45:09Z INFO     Train Epoch: 4 [11520/60000 (19%)]	loss=0.4617
2025-04-25T16:45:09Z INFO     Train Epoch: 4 [12800/60000 (21%)]	loss=0.5890
2025-04-25T16:45:09Z INFO     Train Epoch: 4 [14080/60000 (23%)]	loss=0.5864
2025-04-25T16:45:09Z INFO     Train Epoch: 4 [15360/60000 (26%)]	loss=0.6089
2025-04-25T16:45:09Z INFO     Train Epoch: 4 [16640/60000 (28%)]	loss=0.5987
2025-04-25T16:45:09Z INFO     Train Epoch: 4 [17920/60000 (30%)]	loss=0.5372
2025-04-25T16:45:10Z INFO     Train Epoch: 4 [19200/60000 (32%)]	loss=0.5688
2025-04-25T16:45:10Z INFO     Train Epoch: 4 [20480/60000 (34%)]	loss=0.4871
2025-04-25T16:45:10Z INFO     Train Epoch: 4 [21760/60000 (36%)]	loss=0.5474
2025-04-25T16:45:10Z INFO     Train Epoch: 4 [23040/60000 (38%)]	loss=0.6158
2025-04-25T16:45:10Z INFO     Train Epoch: 4 [24320/60000 (41%)]	loss=0.4901
2025-04-25T16:45:10Z INFO     Train Epoch: 4 [25600/60000 (43%)]	loss=0.5092
2025-04-25T16:45:10Z INFO     Train Epoch: 4 [26880/60000 (45%)]	loss=0.6017
2025-04-25T16:45:10Z INFO     Train Epoch: 4 [28160/60000 (47%)]	loss=0.4020
2025-04-25T16:45:10Z INFO     Train Epoch: 4 [29440/60000 (49%)]	loss=0.4872
2025-04-25T16:45:11Z INFO     Train Epoch: 4 [30720/60000 (51%)]	loss=0.5154
2025-04-25T16:45:11Z INFO     Train Epoch: 4 [32000/60000 (53%)]	loss=0.4827
2025-04-25T16:45:11Z INFO     Train Epoch: 4 [33280/60000 (55%)]	loss=0.5309
2025-04-25T16:45:11Z INFO     Train Epoch: 4 [34560/60000 (58%)]	loss=0.5399
2025-04-25T16:45:11Z INFO     Train Epoch: 4 [35840/60000 (60%)]	loss=0.4973
2025-04-25T16:45:11Z INFO     Train Epoch: 4 [37120/60000 (62%)]	loss=0.4527
2025-04-25T16:45:11Z INFO     Train Epoch: 4 [38400/60000 (64%)]	loss=0.5645
2025-04-25T16:45:11Z INFO     Train Epoch: 4 [39680/60000 (66%)]	loss=0.4876
2025-04-25T16:45:11Z INFO     Train Epoch: 4 [40960/60000 (68%)]	loss=0.5172
2025-04-25T16:45:12Z INFO     Train Epoch: 4 [42240/60000 (70%)]	loss=0.6558
2025-04-25T16:45:12Z INFO     Train Epoch: 4 [43520/60000 (72%)]	loss=0.5737
2025-04-25T16:45:12Z INFO     Train Epoch: 4 [44800/60000 (75%)]	loss=0.6395
2025-04-25T16:45:12Z INFO     Train Epoch: 4 [46080/60000 (77%)]	loss=0.5461
2025-04-25T16:45:12Z INFO     Train Epoch: 4 [47360/60000 (79%)]	loss=0.4491
2025-04-25T16:45:12Z INFO     Train Epoch: 4 [48640/60000 (81%)]	loss=0.4375
2025-04-25T16:45:12Z INFO     Train Epoch: 4 [49920/60000 (83%)]	loss=0.5660
2025-04-25T16:45:12Z INFO     Train Epoch: 4 [51200/60000 (85%)]	loss=0.5475
2025-04-25T16:45:12Z INFO     Train Epoch: 4 [52480/60000 (87%)]	loss=0.4783
2025-04-25T16:45:13Z INFO     Train Epoch: 4 [53760/60000 (90%)]	loss=0.4860
2025-04-25T16:45:13Z INFO     Train Epoch: 4 [55040/60000 (92%)]	loss=0.5660
2025-04-25T16:45:13Z INFO     Train Epoch: 4 [56320/60000 (94%)]	loss=0.4401
2025-04-25T16:45:13Z INFO     Train Epoch: 4 [57600/60000 (96%)]	loss=0.3739
2025-04-25T16:45:13Z INFO     Train Epoch: 4 [58880/60000 (98%)]	loss=0.4258
2025-04-25T16:45:14Z INFO     {metricName: accuracy, metricValue: 0.8070};{metricName: loss, metricValue: 0.5319}


real	0m30.155s
user	0m49.088s
sys	0m14.950s
