Using CUDA
Using distributed PyTorch with nccl backend
2025-04-25T16:45:49Z INFO     Added key: store_based_barrier_key:1 to store for rank: 0
2025-04-25T16:45:49Z INFO     Rank 0: Completed store-based barrier for key:store_based_barrier_key:1 with 2 nodes.
pytorch-mnist-master-0:39:39 [0] NCCL INFO Bootstrap : Using eth0:10.244.3.8<0>
pytorch-mnist-master-0:39:39 [0] NCCL INFO NET/Plugin : No plugin found (libnccl-net.so), using internal implementation
pytorch-mnist-master-0:39:39 [0] NCCL INFO NET/IB : Using [0]mlx5_0:1/IB ; OOB eth0:10.244.3.8<0>
pytorch-mnist-master-0:39:39 [0] NCCL INFO Using network IB
NCCL version 2.10.3+cuda10.2
pytorch-mnist-master-0:39:125 [0] NCCL INFO NET/IB : GPU Direct RDMA Disabled for HCA 0 'mlx5_0' (no module)
pytorch-mnist-master-0:39:125 [0] NCCL INFO NET/IB : GPU Direct RDMA Disabled for HCA 0 'mlx5_0' (no module)
pytorch-mnist-master-0:39:125 [0] NCCL INFO Channel 00/02 :    0   1
pytorch-mnist-master-0:39:125 [0] NCCL INFO Channel 01/02 :    0   1
pytorch-mnist-master-0:39:125 [0] NCCL INFO Trees [0] 1/-1/-1->0->-1 [1] -1/-1/-1->0->1
pytorch-mnist-master-0:39:125 [0] NCCL INFO Setting affinity for GPU 0 to 0fffff
pytorch-mnist-master-0:39:125 [0] NCCL INFO Channel 00 : 1[100000] -> 0[100000] [receive] via NET/IB/0
pytorch-mnist-master-0:39:125 [0] NCCL INFO Channel 01 : 1[100000] -> 0[100000] [receive] via NET/IB/0
pytorch-mnist-master-0:39:125 [0] NCCL INFO Channel 00 : 0[100000] -> 1[100000] [send] via NET/IB/0
pytorch-mnist-master-0:39:125 [0] NCCL INFO Channel 01 : 0[100000] -> 1[100000] [send] via NET/IB/0
pytorch-mnist-master-0:39:125 [0] NCCL INFO NET/IB: Dev 0 Port 1 qpn 314 mtu 5 LID 151
pytorch-mnist-master-0:39:125 [0] NCCL INFO NET/IB: Dev 0 Port 1 qpn 315 mtu 5 LID 151
pytorch-mnist-master-0:39:125 [0] NCCL INFO Connected all rings
pytorch-mnist-master-0:39:125 [0] NCCL INFO Connected all trees
pytorch-mnist-master-0:39:125 [0] NCCL INFO threadThresholds 8/8/64 | 16/8/64 | 8/8/512
pytorch-mnist-master-0:39:125 [0] NCCL INFO 2 coll channels, 2 p2p channels, 1 p2p channels per peer
pytorch-mnist-master-0:39:125 [0] NCCL INFO comm 0x7d71ec001360 rank 0 nranks 2 cudaDev 0 busId 100000 - Init COMPLETE
pytorch-mnist-master-0:39:39 [0] NCCL INFO Launch mode Parallel
2025-04-25T16:45:53Z INFO     Train Epoch: 1 [0/60000 (0%)]	loss=2.3015
2025-04-25T16:45:53Z INFO     Reducer buckets have been rebuilt in this iteration.
2025-04-25T16:45:53Z INFO     Train Epoch: 1 [1280/60000 (2%)]	loss=2.2863
2025-04-25T16:45:53Z INFO     Train Epoch: 1 [2560/60000 (4%)]	loss=2.2854
2025-04-25T16:45:53Z INFO     Train Epoch: 1 [3840/60000 (6%)]	loss=2.2727
2025-04-25T16:45:53Z INFO     Train Epoch: 1 [5120/60000 (9%)]	loss=2.2693
2025-04-25T16:45:53Z INFO     Train Epoch: 1 [6400/60000 (11%)]	loss=2.2500
2025-04-25T16:45:53Z INFO     Train Epoch: 1 [7680/60000 (13%)]	loss=2.2421
2025-04-25T16:45:53Z INFO     Train Epoch: 1 [8960/60000 (15%)]	loss=2.2029
2025-04-25T16:45:54Z INFO     Train Epoch: 1 [10240/60000 (17%)]	loss=2.1878
2025-04-25T16:45:54Z INFO     Train Epoch: 1 [11520/60000 (19%)]	loss=2.1322
2025-04-25T16:45:54Z INFO     Train Epoch: 1 [12800/60000 (21%)]	loss=2.0496
2025-04-25T16:45:54Z INFO     Train Epoch: 1 [14080/60000 (23%)]	loss=1.9476
2025-04-25T16:45:54Z INFO     Train Epoch: 1 [15360/60000 (26%)]	loss=1.7654
2025-04-25T16:45:54Z INFO     Train Epoch: 1 [16640/60000 (28%)]	loss=1.5975
2025-04-25T16:45:54Z INFO     Train Epoch: 1 [17920/60000 (30%)]	loss=1.3734
2025-04-25T16:45:54Z INFO     Train Epoch: 1 [19200/60000 (32%)]	loss=1.3092
2025-04-25T16:45:54Z INFO     Train Epoch: 1 [20480/60000 (34%)]	loss=1.1867
2025-04-25T16:45:55Z INFO     Train Epoch: 1 [21760/60000 (36%)]	loss=1.0812
2025-04-25T16:45:55Z INFO     Train Epoch: 1 [23040/60000 (38%)]	loss=1.0568
2025-04-25T16:45:55Z INFO     Train Epoch: 1 [24320/60000 (41%)]	loss=1.0201
2025-04-25T16:45:55Z INFO     Train Epoch: 1 [25600/60000 (43%)]	loss=0.9026
2025-04-25T16:45:55Z INFO     Train Epoch: 1 [26880/60000 (45%)]	loss=1.0222
2025-04-25T16:45:55Z INFO     Train Epoch: 1 [28160/60000 (47%)]	loss=1.0538
2025-04-25T16:45:55Z INFO     Train Epoch: 1 [29440/60000 (49%)]	loss=0.9023
2025-04-25T16:45:55Z INFO     Train Epoch: 1 [30720/60000 (51%)]	loss=0.7922
2025-04-25T16:45:56Z INFO     Train Epoch: 1 [32000/60000 (53%)]	loss=1.1948
2025-04-25T16:45:56Z INFO     Train Epoch: 1 [33280/60000 (55%)]	loss=1.0286
2025-04-25T16:45:56Z INFO     Train Epoch: 1 [34560/60000 (58%)]	loss=0.9581
2025-04-25T16:45:56Z INFO     Train Epoch: 1 [35840/60000 (60%)]	loss=0.7882
2025-04-25T16:45:56Z INFO     Train Epoch: 1 [37120/60000 (62%)]	loss=0.9329
2025-04-25T16:45:56Z INFO     Train Epoch: 1 [38400/60000 (64%)]	loss=0.9507
2025-04-25T16:45:56Z INFO     Train Epoch: 1 [39680/60000 (66%)]	loss=0.8620
2025-04-25T16:45:56Z INFO     Train Epoch: 1 [40960/60000 (68%)]	loss=0.8081
2025-04-25T16:45:56Z INFO     Train Epoch: 1 [42240/60000 (70%)]	loss=0.8872
2025-04-25T16:45:57Z INFO     Train Epoch: 1 [43520/60000 (72%)]	loss=0.9457
2025-04-25T16:45:57Z INFO     Train Epoch: 1 [44800/60000 (75%)]	loss=0.9358
2025-04-25T16:45:57Z INFO     Train Epoch: 1 [46080/60000 (77%)]	loss=0.8235
2025-04-25T16:45:57Z INFO     Train Epoch: 1 [47360/60000 (79%)]	loss=0.7683
2025-04-25T16:45:57Z INFO     Train Epoch: 1 [48640/60000 (81%)]	loss=0.8697
2025-04-25T16:45:57Z INFO     Train Epoch: 1 [49920/60000 (83%)]	loss=0.8685
2025-04-25T16:45:57Z INFO     Train Epoch: 1 [51200/60000 (85%)]	loss=0.7841
2025-04-25T16:45:57Z INFO     Train Epoch: 1 [52480/60000 (87%)]	loss=0.6903
2025-04-25T16:45:57Z INFO     Train Epoch: 1 [53760/60000 (90%)]	loss=0.8089
2025-04-25T16:45:58Z INFO     Train Epoch: 1 [55040/60000 (92%)]	loss=0.8811
2025-04-25T16:45:58Z INFO     Train Epoch: 1 [56320/60000 (94%)]	loss=0.8595
2025-04-25T16:45:58Z INFO     Train Epoch: 1 [57600/60000 (96%)]	loss=0.9276
2025-04-25T16:45:58Z INFO     Train Epoch: 1 [58880/60000 (98%)]	loss=0.7710
2025-04-25T16:45:59Z INFO     {metricName: accuracy, metricValue: 0.6875};{metricName: loss, metricValue: 0.8277}

2025-04-25T16:45:59Z INFO     Train Epoch: 2 [0/60000 (0%)]	loss=0.7493
2025-04-25T16:45:59Z INFO     Train Epoch: 2 [1280/60000 (2%)]	loss=0.6786
2025-04-25T16:45:59Z INFO     Train Epoch: 2 [2560/60000 (4%)]	loss=0.7746
2025-04-25T16:45:59Z INFO     Train Epoch: 2 [3840/60000 (6%)]	loss=0.7710
2025-04-25T16:45:59Z INFO     Train Epoch: 2 [5120/60000 (9%)]	loss=0.7498
2025-04-25T16:45:59Z INFO     Train Epoch: 2 [6400/60000 (11%)]	loss=0.7419
2025-04-25T16:46:00Z INFO     Train Epoch: 2 [7680/60000 (13%)]	loss=0.7569
2025-04-25T16:46:00Z INFO     Train Epoch: 2 [8960/60000 (15%)]	loss=0.6595
2025-04-25T16:46:00Z INFO     Train Epoch: 2 [10240/60000 (17%)]	loss=0.7520
2025-04-25T16:46:00Z INFO     Train Epoch: 2 [11520/60000 (19%)]	loss=0.6040
2025-04-25T16:46:00Z INFO     Train Epoch: 2 [12800/60000 (21%)]	loss=0.7412
2025-04-25T16:46:00Z INFO     Train Epoch: 2 [14080/60000 (23%)]	loss=0.6990
2025-04-25T16:46:00Z INFO     Train Epoch: 2 [15360/60000 (26%)]	loss=0.7795
2025-04-25T16:46:00Z INFO     Train Epoch: 2 [16640/60000 (28%)]	loss=0.6449
2025-04-25T16:46:00Z INFO     Train Epoch: 2 [17920/60000 (30%)]	loss=0.7490
2025-04-25T16:46:01Z INFO     Train Epoch: 2 [19200/60000 (32%)]	loss=0.5673
2025-04-25T16:46:01Z INFO     Train Epoch: 2 [20480/60000 (34%)]	loss=0.7969
2025-04-25T16:46:01Z INFO     Train Epoch: 2 [21760/60000 (36%)]	loss=0.6869
2025-04-25T16:46:01Z INFO     Train Epoch: 2 [23040/60000 (38%)]	loss=0.6718
2025-04-25T16:46:01Z INFO     Train Epoch: 2 [24320/60000 (41%)]	loss=0.6475
2025-04-25T16:46:01Z INFO     Train Epoch: 2 [25600/60000 (43%)]	loss=0.6490
2025-04-25T16:46:01Z INFO     Train Epoch: 2 [26880/60000 (45%)]	loss=0.7617
2025-04-25T16:46:01Z INFO     Train Epoch: 2 [28160/60000 (47%)]	loss=0.5772
2025-04-25T16:46:01Z INFO     Train Epoch: 2 [29440/60000 (49%)]	loss=0.8775
2025-04-25T16:46:02Z INFO     Train Epoch: 2 [30720/60000 (51%)]	loss=0.6950
2025-04-25T16:46:02Z INFO     Train Epoch: 2 [32000/60000 (53%)]	loss=0.7689
2025-04-25T16:46:02Z INFO     Train Epoch: 2 [33280/60000 (55%)]	loss=0.6690
2025-04-25T16:46:02Z INFO     Train Epoch: 2 [34560/60000 (58%)]	loss=0.5764
2025-04-25T16:46:02Z INFO     Train Epoch: 2 [35840/60000 (60%)]	loss=0.5412
2025-04-25T16:46:02Z INFO     Train Epoch: 2 [37120/60000 (62%)]	loss=0.7481
2025-04-25T16:46:02Z INFO     Train Epoch: 2 [38400/60000 (64%)]	loss=0.6810
2025-04-25T16:46:02Z INFO     Train Epoch: 2 [39680/60000 (66%)]	loss=0.6218
2025-04-25T16:46:02Z INFO     Train Epoch: 2 [40960/60000 (68%)]	loss=0.7627
2025-04-25T16:46:03Z INFO     Train Epoch: 2 [42240/60000 (70%)]	loss=0.7596
2025-04-25T16:46:03Z INFO     Train Epoch: 2 [43520/60000 (72%)]	loss=0.5801
2025-04-25T16:46:03Z INFO     Train Epoch: 2 [44800/60000 (75%)]	loss=0.5781
2025-04-25T16:46:03Z INFO     Train Epoch: 2 [46080/60000 (77%)]	loss=0.6859
2025-04-25T16:46:03Z INFO     Train Epoch: 2 [47360/60000 (79%)]	loss=0.7651
2025-04-25T16:46:03Z INFO     Train Epoch: 2 [48640/60000 (81%)]	loss=0.5827
2025-04-25T16:46:03Z INFO     Train Epoch: 2 [49920/60000 (83%)]	loss=0.7010
2025-04-25T16:46:03Z INFO     Train Epoch: 2 [51200/60000 (85%)]	loss=0.8268
2025-04-25T16:46:04Z INFO     Train Epoch: 2 [52480/60000 (87%)]	loss=0.5800
2025-04-25T16:46:04Z INFO     Train Epoch: 2 [53760/60000 (90%)]	loss=0.5221
2025-04-25T16:46:04Z INFO     Train Epoch: 2 [55040/60000 (92%)]	loss=0.6878
2025-04-25T16:46:04Z INFO     Train Epoch: 2 [56320/60000 (94%)]	loss=0.7069
2025-04-25T16:46:04Z INFO     Train Epoch: 2 [57600/60000 (96%)]	loss=0.5103
2025-04-25T16:46:04Z INFO     Train Epoch: 2 [58880/60000 (98%)]	loss=0.5994
2025-04-25T16:46:05Z INFO     {metricName: accuracy, metricValue: 0.7607};{metricName: loss, metricValue: 0.6531}

2025-04-25T16:46:05Z INFO     Train Epoch: 3 [0/60000 (0%)]	loss=0.5434
2025-04-25T16:46:05Z INFO     Train Epoch: 3 [1280/60000 (2%)]	loss=0.6454
2025-04-25T16:46:05Z INFO     Train Epoch: 3 [2560/60000 (4%)]	loss=0.5534
2025-04-25T16:46:05Z INFO     Train Epoch: 3 [3840/60000 (6%)]	loss=0.5122
2025-04-25T16:46:05Z INFO     Train Epoch: 3 [5120/60000 (9%)]	loss=0.5635
2025-04-25T16:46:06Z INFO     Train Epoch: 3 [6400/60000 (11%)]	loss=0.6516
2025-04-25T16:46:06Z INFO     Train Epoch: 3 [7680/60000 (13%)]	loss=0.5261
2025-04-25T16:46:06Z INFO     Train Epoch: 3 [8960/60000 (15%)]	loss=0.6361
2025-04-25T16:46:06Z INFO     Train Epoch: 3 [10240/60000 (17%)]	loss=0.6488
2025-04-25T16:46:06Z INFO     Train Epoch: 3 [11520/60000 (19%)]	loss=0.4745
2025-04-25T16:46:06Z INFO     Train Epoch: 3 [12800/60000 (21%)]	loss=0.6903
2025-04-25T16:46:06Z INFO     Train Epoch: 3 [14080/60000 (23%)]	loss=0.6612
2025-04-25T16:46:06Z INFO     Train Epoch: 3 [15360/60000 (26%)]	loss=0.7000
2025-04-25T16:46:07Z INFO     Train Epoch: 3 [16640/60000 (28%)]	loss=0.5765
2025-04-25T16:46:07Z INFO     Train Epoch: 3 [17920/60000 (30%)]	loss=0.6522
2025-04-25T16:46:07Z INFO     Train Epoch: 3 [19200/60000 (32%)]	loss=0.6443
2025-04-25T16:46:07Z INFO     Train Epoch: 3 [20480/60000 (34%)]	loss=0.6272
2025-04-25T16:46:07Z INFO     Train Epoch: 3 [21760/60000 (36%)]	loss=0.4615
2025-04-25T16:46:07Z INFO     Train Epoch: 3 [23040/60000 (38%)]	loss=0.6992
2025-04-25T16:46:07Z INFO     Train Epoch: 3 [24320/60000 (41%)]	loss=0.6111
2025-04-25T16:46:07Z INFO     Train Epoch: 3 [25600/60000 (43%)]	loss=0.5663
2025-04-25T16:46:07Z INFO     Train Epoch: 3 [26880/60000 (45%)]	loss=0.5177
2025-04-25T16:46:08Z INFO     Train Epoch: 3 [28160/60000 (47%)]	loss=0.6806
2025-04-25T16:46:08Z INFO     Train Epoch: 3 [29440/60000 (49%)]	loss=0.6080
2025-04-25T16:46:08Z INFO     Train Epoch: 3 [30720/60000 (51%)]	loss=0.6048
2025-04-25T16:46:08Z INFO     Train Epoch: 3 [32000/60000 (53%)]	loss=0.6244
2025-04-25T16:46:08Z INFO     Train Epoch: 3 [33280/60000 (55%)]	loss=0.6732
2025-04-25T16:46:08Z INFO     Train Epoch: 3 [34560/60000 (58%)]	loss=0.5919
2025-04-25T16:46:08Z INFO     Train Epoch: 3 [35840/60000 (60%)]	loss=0.5741
2025-04-25T16:46:08Z INFO     Train Epoch: 3 [37120/60000 (62%)]	loss=0.5760
2025-04-25T16:46:08Z INFO     Train Epoch: 3 [38400/60000 (64%)]	loss=0.4601
2025-04-25T16:46:09Z INFO     Train Epoch: 3 [39680/60000 (66%)]	loss=0.5212
2025-04-25T16:46:09Z INFO     Train Epoch: 3 [40960/60000 (68%)]	loss=0.5735
2025-04-25T16:46:09Z INFO     Train Epoch: 3 [42240/60000 (70%)]	loss=0.5977
2025-04-25T16:46:09Z INFO     Train Epoch: 3 [43520/60000 (72%)]	loss=0.7317
2025-04-25T16:46:09Z INFO     Train Epoch: 3 [44800/60000 (75%)]	loss=0.5754
2025-04-25T16:46:09Z INFO     Train Epoch: 3 [46080/60000 (77%)]	loss=0.5907
2025-04-25T16:46:09Z INFO     Train Epoch: 3 [47360/60000 (79%)]	loss=0.5953
2025-04-25T16:46:09Z INFO     Train Epoch: 3 [48640/60000 (81%)]	loss=0.5158
2025-04-25T16:46:09Z INFO     Train Epoch: 3 [49920/60000 (83%)]	loss=0.6286
2025-04-25T16:46:10Z INFO     Train Epoch: 3 [51200/60000 (85%)]	loss=0.6641
2025-04-25T16:46:10Z INFO     Train Epoch: 3 [52480/60000 (87%)]	loss=0.6347
2025-04-25T16:46:10Z INFO     Train Epoch: 3 [53760/60000 (90%)]	loss=0.6290
2025-04-25T16:46:10Z INFO     Train Epoch: 3 [55040/60000 (92%)]	loss=0.6005
2025-04-25T16:46:10Z INFO     Train Epoch: 3 [56320/60000 (94%)]	loss=0.6404
2025-04-25T16:46:10Z INFO     Train Epoch: 3 [57600/60000 (96%)]	loss=0.5196
2025-04-25T16:46:10Z INFO     Train Epoch: 3 [58880/60000 (98%)]	loss=0.7656
2025-04-25T16:46:11Z INFO     {metricName: accuracy, metricValue: 0.7753};{metricName: loss, metricValue: 0.5950}

2025-04-25T16:46:11Z INFO     Train Epoch: 4 [0/60000 (0%)]	loss=0.6217
2025-04-25T16:46:11Z INFO     Train Epoch: 4 [1280/60000 (2%)]	loss=0.5152
2025-04-25T16:46:11Z INFO     Train Epoch: 4 [2560/60000 (4%)]	loss=0.4976
2025-04-25T16:46:12Z INFO     Train Epoch: 4 [3840/60000 (6%)]	loss=0.5820
2025-04-25T16:46:12Z INFO     Train Epoch: 4 [5120/60000 (9%)]	loss=0.5011
2025-04-25T16:46:12Z INFO     Train Epoch: 4 [6400/60000 (11%)]	loss=0.5474
2025-04-25T16:46:12Z INFO     Train Epoch: 4 [7680/60000 (13%)]	loss=0.6098
2025-04-25T16:46:12Z INFO     Train Epoch: 4 [8960/60000 (15%)]	loss=0.4798
2025-04-25T16:46:12Z INFO     Train Epoch: 4 [10240/60000 (17%)]	loss=0.6014
2025-04-25T16:46:12Z INFO     Train Epoch: 4 [11520/60000 (19%)]	loss=0.4615
2025-04-25T16:46:12Z INFO     Train Epoch: 4 [12800/60000 (21%)]	loss=0.5891
2025-04-25T16:46:12Z INFO     Train Epoch: 4 [14080/60000 (23%)]	loss=0.5870
2025-04-25T16:46:13Z INFO     Train Epoch: 4 [15360/60000 (26%)]	loss=0.6083
2025-04-25T16:46:13Z INFO     Train Epoch: 4 [16640/60000 (28%)]	loss=0.5975
2025-04-25T16:46:13Z INFO     Train Epoch: 4 [17920/60000 (30%)]	loss=0.5376
2025-04-25T16:46:13Z INFO     Train Epoch: 4 [19200/60000 (32%)]	loss=0.5665
2025-04-25T16:46:13Z INFO     Train Epoch: 4 [20480/60000 (34%)]	loss=0.4876
2025-04-25T16:46:13Z INFO     Train Epoch: 4 [21760/60000 (36%)]	loss=0.5484
2025-04-25T16:46:13Z INFO     Train Epoch: 4 [23040/60000 (38%)]	loss=0.6152
2025-04-25T16:46:13Z INFO     Train Epoch: 4 [24320/60000 (41%)]	loss=0.4898
2025-04-25T16:46:13Z INFO     Train Epoch: 4 [25600/60000 (43%)]	loss=0.5077
2025-04-25T16:46:14Z INFO     Train Epoch: 4 [26880/60000 (45%)]	loss=0.6024
2025-04-25T16:46:14Z INFO     Train Epoch: 4 [28160/60000 (47%)]	loss=0.4007
2025-04-25T16:46:14Z INFO     Train Epoch: 4 [29440/60000 (49%)]	loss=0.4871
2025-04-25T16:46:14Z INFO     Train Epoch: 4 [30720/60000 (51%)]	loss=0.5149
2025-04-25T16:46:14Z INFO     Train Epoch: 4 [32000/60000 (53%)]	loss=0.4830
2025-04-25T16:46:14Z INFO     Train Epoch: 4 [33280/60000 (55%)]	loss=0.5303
2025-04-25T16:46:14Z INFO     Train Epoch: 4 [34560/60000 (58%)]	loss=0.5408
2025-04-25T16:46:14Z INFO     Train Epoch: 4 [35840/60000 (60%)]	loss=0.4970
2025-04-25T16:46:14Z INFO     Train Epoch: 4 [37120/60000 (62%)]	loss=0.4521
2025-04-25T16:46:15Z INFO     Train Epoch: 4 [38400/60000 (64%)]	loss=0.5616
2025-04-25T16:46:15Z INFO     Train Epoch: 4 [39680/60000 (66%)]	loss=0.4883
2025-04-25T16:46:15Z INFO     Train Epoch: 4 [40960/60000 (68%)]	loss=0.5170
2025-04-25T16:46:15Z INFO     Train Epoch: 4 [42240/60000 (70%)]	loss=0.6527
2025-04-25T16:46:15Z INFO     Train Epoch: 4 [43520/60000 (72%)]	loss=0.5727
2025-04-25T16:46:15Z INFO     Train Epoch: 4 [44800/60000 (75%)]	loss=0.6369
2025-04-25T16:46:15Z INFO     Train Epoch: 4 [46080/60000 (77%)]	loss=0.5470
2025-04-25T16:46:15Z INFO     Train Epoch: 4 [47360/60000 (79%)]	loss=0.4491
2025-04-25T16:46:16Z INFO     Train Epoch: 4 [48640/60000 (81%)]	loss=0.4368
2025-04-25T16:46:16Z INFO     Train Epoch: 4 [49920/60000 (83%)]	loss=0.5660
2025-04-25T16:46:16Z INFO     Train Epoch: 4 [51200/60000 (85%)]	loss=0.5490
2025-04-25T16:46:16Z INFO     Train Epoch: 4 [52480/60000 (87%)]	loss=0.4790
2025-04-25T16:46:16Z INFO     Train Epoch: 4 [53760/60000 (90%)]	loss=0.4859
2025-04-25T16:46:16Z INFO     Train Epoch: 4 [55040/60000 (92%)]	loss=0.5661
2025-04-25T16:46:16Z INFO     Train Epoch: 4 [56320/60000 (94%)]	loss=0.4386
2025-04-25T16:46:16Z INFO     Train Epoch: 4 [57600/60000 (96%)]	loss=0.3730
2025-04-25T16:46:16Z INFO     Train Epoch: 4 [58880/60000 (98%)]	loss=0.4245
2025-04-25T16:46:17Z INFO     {metricName: accuracy, metricValue: 0.8082};{metricName: loss, metricValue: 0.5314}


real	0m30.452s
user	0m47.411s
sys	0m13.527s
