Using CUDA
Using distributed PyTorch with nccl backend
2025-04-25T15:39:12Z INFO     Added key: store_based_barrier_key:1 to store for rank: 0
2025-04-25T15:39:12Z INFO     Rank 0: Completed store-based barrier for key:store_based_barrier_key:1 with 4 nodes.
pytorch-mnist-master-0:7:7 [0] NCCL INFO Bootstrap : Using eth0:10.224.0.55<0>
pytorch-mnist-master-0:7:7 [0] NCCL INFO NET/Plugin : No plugin found (libnccl-net.so), using internal implementation
pytorch-mnist-master-0:7:7 [0] NCCL INFO NET/IB : Using [0]mlx5_0:1/IB ; OOB eth0:10.224.0.55<0>
pytorch-mnist-master-0:7:7 [0] NCCL INFO Using network IB
NCCL version 2.10.3+cuda10.2
pytorch-mnist-master-0:7:93 [0] NCCL INFO NET/IB : GPU Direct RDMA Disabled for HCA 0 'mlx5_0' (no module)
pytorch-mnist-master-0:7:93 [0] NCCL INFO NET/IB : GPU Direct RDMA Disabled for HCA 0 'mlx5_0' (no module)
pytorch-mnist-master-0:7:93 [0] NCCL INFO Channel 00/02 :    0   1   2   3
pytorch-mnist-master-0:7:93 [0] NCCL INFO Channel 01/02 :    0   1   2   3
pytorch-mnist-master-0:7:93 [0] NCCL INFO Trees [0] 2/-1/-1->0->-1 [1] -1/-1/-1->0->1
pytorch-mnist-master-0:7:93 [0] NCCL INFO Setting affinity for GPU 0 to 0fffff
pytorch-mnist-master-0:7:93 [0] NCCL INFO Channel 00 : 3[100000] -> 0[100000] [receive] via NET/IB/0
pytorch-mnist-master-0:7:93 [0] NCCL INFO Channel 01 : 3[100000] -> 0[100000] [receive] via NET/IB/0
pytorch-mnist-master-0:7:93 [0] NCCL INFO Channel 00 : 0[100000] -> 1[100000] [send] via NET/IB/0
pytorch-mnist-master-0:7:93 [0] NCCL INFO Channel 01 : 0[100000] -> 1[100000] [send] via NET/IB/0
pytorch-mnist-master-0:7:93 [0] NCCL INFO NET/IB: Dev 0 Port 1 qpn 321 mtu 5 LID 154
pytorch-mnist-master-0:7:93 [0] NCCL INFO NET/IB: Dev 0 Port 1 qpn 322 mtu 5 LID 154
pytorch-mnist-master-0:7:93 [0] NCCL INFO Connected all rings
pytorch-mnist-master-0:7:93 [0] NCCL INFO Channel 00 : 2[100000] -> 0[100000] [receive] via NET/IB/0
pytorch-mnist-master-0:7:93 [0] NCCL INFO Channel 00 : 0[100000] -> 2[100000] [send] via NET/IB/0
pytorch-mnist-master-0:7:93 [0] NCCL INFO NET/IB: Dev 0 Port 1 qpn 325 mtu 5 LID 154
pytorch-mnist-master-0:7:93 [0] NCCL INFO Channel 01 : 1[100000] -> 0[100000] [receive] via NET/IB/0
pytorch-mnist-master-0:7:93 [0] NCCL INFO Connected all trees
pytorch-mnist-master-0:7:93 [0] NCCL INFO threadThresholds 8/8/64 | 32/8/64 | 8/8/512
pytorch-mnist-master-0:7:93 [0] NCCL INFO 2 coll channels, 2 p2p channels, 1 p2p channels per peer
pytorch-mnist-master-0:7:93 [0] NCCL INFO comm 0x7f23080012d0 rank 0 nranks 4 cudaDev 0 busId 100000 - Init COMPLETE
pytorch-mnist-master-0:7:7 [0] NCCL INFO Launch mode Parallel
2025-04-25T15:39:16Z INFO     Train Epoch: 1 [0/60000 (0%)]	loss=2.3015
2025-04-25T15:39:16Z INFO     Reducer buckets have been rebuilt in this iteration.
2025-04-25T15:39:16Z INFO     Train Epoch: 1 [1280/60000 (2%)]	loss=2.2863
2025-04-25T15:39:16Z INFO     Train Epoch: 1 [2560/60000 (4%)]	loss=2.2854
2025-04-25T15:39:16Z INFO     Train Epoch: 1 [3840/60000 (6%)]	loss=2.2727
2025-04-25T15:39:16Z INFO     Train Epoch: 1 [5120/60000 (9%)]	loss=2.2693
2025-04-25T15:39:16Z INFO     Train Epoch: 1 [6400/60000 (11%)]	loss=2.2499
2025-04-25T15:39:16Z INFO     Train Epoch: 1 [7680/60000 (13%)]	loss=2.2420
2025-04-25T15:39:17Z INFO     Train Epoch: 1 [8960/60000 (15%)]	loss=2.2029
2025-04-25T15:39:17Z INFO     Train Epoch: 1 [10240/60000 (17%)]	loss=2.1878
2025-04-25T15:39:17Z INFO     Train Epoch: 1 [11520/60000 (19%)]	loss=2.1322
2025-04-25T15:39:17Z INFO     Train Epoch: 1 [12800/60000 (21%)]	loss=2.0496
2025-04-25T15:39:17Z INFO     Train Epoch: 1 [14080/60000 (23%)]	loss=1.9475
2025-04-25T15:39:17Z INFO     Train Epoch: 1 [15360/60000 (26%)]	loss=1.7655
2025-04-25T15:39:17Z INFO     Train Epoch: 1 [16640/60000 (28%)]	loss=1.5975
2025-04-25T15:39:17Z INFO     Train Epoch: 1 [17920/60000 (30%)]	loss=1.3733
2025-04-25T15:39:17Z INFO     Train Epoch: 1 [19200/60000 (32%)]	loss=1.3092
2025-04-25T15:39:18Z INFO     Train Epoch: 1 [20480/60000 (34%)]	loss=1.1871
2025-04-25T15:39:18Z INFO     Train Epoch: 1 [21760/60000 (36%)]	loss=1.0812
2025-04-25T15:39:18Z INFO     Train Epoch: 1 [23040/60000 (38%)]	loss=1.0568
2025-04-25T15:39:18Z INFO     Train Epoch: 1 [24320/60000 (41%)]	loss=1.0201
2025-04-25T15:39:18Z INFO     Train Epoch: 1 [25600/60000 (43%)]	loss=0.9025
2025-04-25T15:39:18Z INFO     Train Epoch: 1 [26880/60000 (45%)]	loss=1.0220
2025-04-25T15:39:18Z INFO     Train Epoch: 1 [28160/60000 (47%)]	loss=1.0540
2025-04-25T15:39:18Z INFO     Train Epoch: 1 [29440/60000 (49%)]	loss=0.9032
2025-04-25T15:39:18Z INFO     Train Epoch: 1 [30720/60000 (51%)]	loss=0.7920
2025-04-25T15:39:19Z INFO     Train Epoch: 1 [32000/60000 (53%)]	loss=1.1947
2025-04-25T15:39:19Z INFO     Train Epoch: 1 [33280/60000 (55%)]	loss=1.0272
2025-04-25T15:39:19Z INFO     Train Epoch: 1 [34560/60000 (58%)]	loss=0.9579
2025-04-25T15:39:19Z INFO     Train Epoch: 1 [35840/60000 (60%)]	loss=0.7883
2025-04-25T15:39:19Z INFO     Train Epoch: 1 [37120/60000 (62%)]	loss=0.9319
2025-04-25T15:39:19Z INFO     Train Epoch: 1 [38400/60000 (64%)]	loss=0.9515
2025-04-25T15:39:19Z INFO     Train Epoch: 1 [39680/60000 (66%)]	loss=0.8627
2025-04-25T15:39:19Z INFO     Train Epoch: 1 [40960/60000 (68%)]	loss=0.8082
2025-04-25T15:39:19Z INFO     Train Epoch: 1 [42240/60000 (70%)]	loss=0.8868
2025-04-25T15:39:20Z INFO     Train Epoch: 1 [43520/60000 (72%)]	loss=0.9449
2025-04-25T15:39:20Z INFO     Train Epoch: 1 [44800/60000 (75%)]	loss=0.9375
2025-04-25T15:39:20Z INFO     Train Epoch: 1 [46080/60000 (77%)]	loss=0.8242
2025-04-25T15:39:20Z INFO     Train Epoch: 1 [47360/60000 (79%)]	loss=0.7680
2025-04-25T15:39:20Z INFO     Train Epoch: 1 [48640/60000 (81%)]	loss=0.8686
2025-04-25T15:39:20Z INFO     Train Epoch: 1 [49920/60000 (83%)]	loss=0.8697
2025-04-25T15:39:20Z INFO     Train Epoch: 1 [51200/60000 (85%)]	loss=0.7865
2025-04-25T15:39:20Z INFO     Train Epoch: 1 [52480/60000 (87%)]	loss=0.6899
2025-04-25T15:39:20Z INFO     Train Epoch: 1 [53760/60000 (90%)]	loss=0.8076
2025-04-25T15:39:21Z INFO     Train Epoch: 1 [55040/60000 (92%)]	loss=0.8800
2025-04-25T15:39:21Z INFO     Train Epoch: 1 [56320/60000 (94%)]	loss=0.8614
2025-04-25T15:39:21Z INFO     Train Epoch: 1 [57600/60000 (96%)]	loss=0.9272
2025-04-25T15:39:21Z INFO     Train Epoch: 1 [58880/60000 (98%)]	loss=0.7717
2025-04-25T15:39:22Z INFO     {metricName: accuracy, metricValue: 0.6873};{metricName: loss, metricValue: 0.8286}

2025-04-25T15:39:22Z INFO     Train Epoch: 2 [0/60000 (0%)]	loss=0.7516
2025-04-25T15:39:22Z INFO     Train Epoch: 2 [1280/60000 (2%)]	loss=0.6789
2025-04-25T15:39:22Z INFO     Train Epoch: 2 [2560/60000 (4%)]	loss=0.7749
2025-04-25T15:39:22Z INFO     Train Epoch: 2 [3840/60000 (6%)]	loss=0.7707
2025-04-25T15:39:22Z INFO     Train Epoch: 2 [5120/60000 (9%)]	loss=0.7513
2025-04-25T15:39:22Z INFO     Train Epoch: 2 [6400/60000 (11%)]	loss=0.7416
2025-04-25T15:39:23Z INFO     Train Epoch: 2 [7680/60000 (13%)]	loss=0.7584
2025-04-25T15:39:23Z INFO     Train Epoch: 2 [8960/60000 (15%)]	loss=0.6602
2025-04-25T15:39:23Z INFO     Train Epoch: 2 [10240/60000 (17%)]	loss=0.7521
2025-04-25T15:39:23Z INFO     Train Epoch: 2 [11520/60000 (19%)]	loss=0.6045
2025-04-25T15:39:23Z INFO     Train Epoch: 2 [12800/60000 (21%)]	loss=0.7417
2025-04-25T15:39:23Z INFO     Train Epoch: 2 [14080/60000 (23%)]	loss=0.6991
2025-04-25T15:39:23Z INFO     Train Epoch: 2 [15360/60000 (26%)]	loss=0.7797
2025-04-25T15:39:23Z INFO     Train Epoch: 2 [16640/60000 (28%)]	loss=0.6451
2025-04-25T15:39:23Z INFO     Train Epoch: 2 [17920/60000 (30%)]	loss=0.7494
2025-04-25T15:39:24Z INFO     Train Epoch: 2 [19200/60000 (32%)]	loss=0.5674
2025-04-25T15:39:24Z INFO     Train Epoch: 2 [20480/60000 (34%)]	loss=0.7975
2025-04-25T15:39:24Z INFO     Train Epoch: 2 [21760/60000 (36%)]	loss=0.6858
2025-04-25T15:39:24Z INFO     Train Epoch: 2 [23040/60000 (38%)]	loss=0.6707
2025-04-25T15:39:24Z INFO     Train Epoch: 2 [24320/60000 (41%)]	loss=0.6482
2025-04-25T15:39:24Z INFO     Train Epoch: 2 [25600/60000 (43%)]	loss=0.6499
2025-04-25T15:39:24Z INFO     Train Epoch: 2 [26880/60000 (45%)]	loss=0.7610
2025-04-25T15:39:24Z INFO     Train Epoch: 2 [28160/60000 (47%)]	loss=0.5760
2025-04-25T15:39:24Z INFO     Train Epoch: 2 [29440/60000 (49%)]	loss=0.8762
2025-04-25T15:39:25Z INFO     Train Epoch: 2 [30720/60000 (51%)]	loss=0.6953
2025-04-25T15:39:25Z INFO     Train Epoch: 2 [32000/60000 (53%)]	loss=0.7679
2025-04-25T15:39:25Z INFO     Train Epoch: 2 [33280/60000 (55%)]	loss=0.6694
2025-04-25T15:39:25Z INFO     Train Epoch: 2 [34560/60000 (58%)]	loss=0.5754
2025-04-25T15:39:25Z INFO     Train Epoch: 2 [35840/60000 (60%)]	loss=0.5418
2025-04-25T15:39:25Z INFO     Train Epoch: 2 [37120/60000 (62%)]	loss=0.7482
2025-04-25T15:39:25Z INFO     Train Epoch: 2 [38400/60000 (64%)]	loss=0.6818
2025-04-25T15:39:25Z INFO     Train Epoch: 2 [39680/60000 (66%)]	loss=0.6214
2025-04-25T15:39:25Z INFO     Train Epoch: 2 [40960/60000 (68%)]	loss=0.7628
2025-04-25T15:39:26Z INFO     Train Epoch: 2 [42240/60000 (70%)]	loss=0.7590
2025-04-25T15:39:26Z INFO     Train Epoch: 2 [43520/60000 (72%)]	loss=0.5808
2025-04-25T15:39:26Z INFO     Train Epoch: 2 [44800/60000 (75%)]	loss=0.5776
2025-04-25T15:39:26Z INFO     Train Epoch: 2 [46080/60000 (77%)]	loss=0.6866
2025-04-25T15:39:26Z INFO     Train Epoch: 2 [47360/60000 (79%)]	loss=0.7644
2025-04-25T15:39:26Z INFO     Train Epoch: 2 [48640/60000 (81%)]	loss=0.5830
2025-04-25T15:39:26Z INFO     Train Epoch: 2 [49920/60000 (83%)]	loss=0.6981
2025-04-25T15:39:26Z INFO     Train Epoch: 2 [51200/60000 (85%)]	loss=0.8274
2025-04-25T15:39:26Z INFO     Train Epoch: 2 [52480/60000 (87%)]	loss=0.5795
2025-04-25T15:39:27Z INFO     Train Epoch: 2 [53760/60000 (90%)]	loss=0.5228
2025-04-25T15:39:27Z INFO     Train Epoch: 2 [55040/60000 (92%)]	loss=0.6884
2025-04-25T15:39:27Z INFO     Train Epoch: 2 [56320/60000 (94%)]	loss=0.7072
2025-04-25T15:39:27Z INFO     Train Epoch: 2 [57600/60000 (96%)]	loss=0.5104
2025-04-25T15:39:27Z INFO     Train Epoch: 2 [58880/60000 (98%)]	loss=0.5998
2025-04-25T15:39:28Z INFO     {metricName: accuracy, metricValue: 0.7611};{metricName: loss, metricValue: 0.6528}

2025-04-25T15:39:28Z INFO     Train Epoch: 3 [0/60000 (0%)]	loss=0.5427
2025-04-25T15:39:28Z INFO     Train Epoch: 3 [1280/60000 (2%)]	loss=0.6464
2025-04-25T15:39:28Z INFO     Train Epoch: 3 [2560/60000 (4%)]	loss=0.5541
2025-04-25T15:39:28Z INFO     Train Epoch: 3 [3840/60000 (6%)]	loss=0.5128
2025-04-25T15:39:28Z INFO     Train Epoch: 3 [5120/60000 (9%)]	loss=0.5638
2025-04-25T15:39:29Z INFO     Train Epoch: 3 [6400/60000 (11%)]	loss=0.6519
2025-04-25T15:39:29Z INFO     Train Epoch: 3 [7680/60000 (13%)]	loss=0.5261
2025-04-25T15:39:29Z INFO     Train Epoch: 3 [8960/60000 (15%)]	loss=0.6360
2025-04-25T15:39:29Z INFO     Train Epoch: 3 [10240/60000 (17%)]	loss=0.6506
2025-04-25T15:39:29Z INFO     Train Epoch: 3 [11520/60000 (19%)]	loss=0.4753
2025-04-25T15:39:29Z INFO     Train Epoch: 3 [12800/60000 (21%)]	loss=0.6918
2025-04-25T15:39:29Z INFO     Train Epoch: 3 [14080/60000 (23%)]	loss=0.6594
2025-04-25T15:39:29Z INFO     Train Epoch: 3 [15360/60000 (26%)]	loss=0.6987
2025-04-25T15:39:29Z INFO     Train Epoch: 3 [16640/60000 (28%)]	loss=0.5779
2025-04-25T15:39:30Z INFO     Train Epoch: 3 [17920/60000 (30%)]	loss=0.6533
2025-04-25T15:39:30Z INFO     Train Epoch: 3 [19200/60000 (32%)]	loss=0.6447
2025-04-25T15:39:30Z INFO     Train Epoch: 3 [20480/60000 (34%)]	loss=0.6266
2025-04-25T15:39:30Z INFO     Train Epoch: 3 [21760/60000 (36%)]	loss=0.4609
2025-04-25T15:39:30Z INFO     Train Epoch: 3 [23040/60000 (38%)]	loss=0.7007
2025-04-25T15:39:30Z INFO     Train Epoch: 3 [24320/60000 (41%)]	loss=0.6102
2025-04-25T15:39:30Z INFO     Train Epoch: 3 [25600/60000 (43%)]	loss=0.5662
2025-04-25T15:39:30Z INFO     Train Epoch: 3 [26880/60000 (45%)]	loss=0.5158
2025-04-25T15:39:30Z INFO     Train Epoch: 3 [28160/60000 (47%)]	loss=0.6813
2025-04-25T15:39:31Z INFO     Train Epoch: 3 [29440/60000 (49%)]	loss=0.6090
2025-04-25T15:39:31Z INFO     Train Epoch: 3 [30720/60000 (51%)]	loss=0.6061
2025-04-25T15:39:31Z INFO     Train Epoch: 3 [32000/60000 (53%)]	loss=0.6238
2025-04-25T15:39:31Z INFO     Train Epoch: 3 [33280/60000 (55%)]	loss=0.6748
2025-04-25T15:39:31Z INFO     Train Epoch: 3 [34560/60000 (58%)]	loss=0.5913
2025-04-25T15:39:31Z INFO     Train Epoch: 3 [35840/60000 (60%)]	loss=0.5702
2025-04-25T15:39:31Z INFO     Train Epoch: 3 [37120/60000 (62%)]	loss=0.5749
2025-04-25T15:39:31Z INFO     Train Epoch: 3 [38400/60000 (64%)]	loss=0.4591
2025-04-25T15:39:31Z INFO     Train Epoch: 3 [39680/60000 (66%)]	loss=0.5212
2025-04-25T15:39:32Z INFO     Train Epoch: 3 [40960/60000 (68%)]	loss=0.5715
2025-04-25T15:39:32Z INFO     Train Epoch: 3 [42240/60000 (70%)]	loss=0.5973
2025-04-25T15:39:32Z INFO     Train Epoch: 3 [43520/60000 (72%)]	loss=0.7333
2025-04-25T15:39:32Z INFO     Train Epoch: 3 [44800/60000 (75%)]	loss=0.5752
2025-04-25T15:39:32Z INFO     Train Epoch: 3 [46080/60000 (77%)]	loss=0.5888
2025-04-25T15:39:32Z INFO     Train Epoch: 3 [47360/60000 (79%)]	loss=0.5961
2025-04-25T15:39:32Z INFO     Train Epoch: 3 [48640/60000 (81%)]	loss=0.5147
2025-04-25T15:39:32Z INFO     Train Epoch: 3 [49920/60000 (83%)]	loss=0.6275
2025-04-25T15:39:32Z INFO     Train Epoch: 3 [51200/60000 (85%)]	loss=0.6648
2025-04-25T15:39:33Z INFO     Train Epoch: 3 [52480/60000 (87%)]	loss=0.6354
2025-04-25T15:39:33Z INFO     Train Epoch: 3 [53760/60000 (90%)]	loss=0.6310
2025-04-25T15:39:33Z INFO     Train Epoch: 3 [55040/60000 (92%)]	loss=0.6007
2025-04-25T15:39:33Z INFO     Train Epoch: 3 [56320/60000 (94%)]	loss=0.6385
2025-04-25T15:39:33Z INFO     Train Epoch: 3 [57600/60000 (96%)]	loss=0.5184
2025-04-25T15:39:33Z INFO     Train Epoch: 3 [58880/60000 (98%)]	loss=0.7659
2025-04-25T15:39:34Z INFO     {metricName: accuracy, metricValue: 0.7769};{metricName: loss, metricValue: 0.5944}

2025-04-25T15:39:34Z INFO     Train Epoch: 4 [0/60000 (0%)]	loss=0.6214
2025-04-25T15:39:34Z INFO     Train Epoch: 4 [1280/60000 (2%)]	loss=0.5152
2025-04-25T15:39:34Z INFO     Train Epoch: 4 [2560/60000 (4%)]	loss=0.4980
2025-04-25T15:39:34Z INFO     Train Epoch: 4 [3840/60000 (6%)]	loss=0.5828
2025-04-25T15:39:35Z INFO     Train Epoch: 4 [5120/60000 (9%)]	loss=0.5003
2025-04-25T15:39:35Z INFO     Train Epoch: 4 [6400/60000 (11%)]	loss=0.5476
2025-04-25T15:39:35Z INFO     Train Epoch: 4 [7680/60000 (13%)]	loss=0.6090
2025-04-25T15:39:35Z INFO     Train Epoch: 4 [8960/60000 (15%)]	loss=0.4807
2025-04-25T15:39:35Z INFO     Train Epoch: 4 [10240/60000 (17%)]	loss=0.5997
2025-04-25T15:39:35Z INFO     Train Epoch: 4 [11520/60000 (19%)]	loss=0.4614
2025-04-25T15:39:35Z INFO     Train Epoch: 4 [12800/60000 (21%)]	loss=0.5884
2025-04-25T15:39:35Z INFO     Train Epoch: 4 [14080/60000 (23%)]	loss=0.5854
2025-04-25T15:39:35Z INFO     Train Epoch: 4 [15360/60000 (26%)]	loss=0.6085
2025-04-25T15:39:36Z INFO     Train Epoch: 4 [16640/60000 (28%)]	loss=0.5971
2025-04-25T15:39:36Z INFO     Train Epoch: 4 [17920/60000 (30%)]	loss=0.5363
2025-04-25T15:39:36Z INFO     Train Epoch: 4 [19200/60000 (32%)]	loss=0.5675
2025-04-25T15:39:36Z INFO     Train Epoch: 4 [20480/60000 (34%)]	loss=0.4884
2025-04-25T15:39:36Z INFO     Train Epoch: 4 [21760/60000 (36%)]	loss=0.5473
2025-04-25T15:39:36Z INFO     Train Epoch: 4 [23040/60000 (38%)]	loss=0.6176
2025-04-25T15:39:36Z INFO     Train Epoch: 4 [24320/60000 (41%)]	loss=0.4894
2025-04-25T15:39:36Z INFO     Train Epoch: 4 [25600/60000 (43%)]	loss=0.5094
2025-04-25T15:39:36Z INFO     Train Epoch: 4 [26880/60000 (45%)]	loss=0.6026
2025-04-25T15:39:37Z INFO     Train Epoch: 4 [28160/60000 (47%)]	loss=0.4011
2025-04-25T15:39:37Z INFO     Train Epoch: 4 [29440/60000 (49%)]	loss=0.4874
2025-04-25T15:39:37Z INFO     Train Epoch: 4 [30720/60000 (51%)]	loss=0.5144
2025-04-25T15:39:37Z INFO     Train Epoch: 4 [32000/60000 (53%)]	loss=0.4831
2025-04-25T15:39:37Z INFO     Train Epoch: 4 [33280/60000 (55%)]	loss=0.5318
2025-04-25T15:39:37Z INFO     Train Epoch: 4 [34560/60000 (58%)]	loss=0.5410
2025-04-25T15:39:37Z INFO     Train Epoch: 4 [35840/60000 (60%)]	loss=0.4967
2025-04-25T15:39:37Z INFO     Train Epoch: 4 [37120/60000 (62%)]	loss=0.4525
2025-04-25T15:39:37Z INFO     Train Epoch: 4 [38400/60000 (64%)]	loss=0.5635
2025-04-25T15:39:38Z INFO     Train Epoch: 4 [39680/60000 (66%)]	loss=0.4871
2025-04-25T15:39:38Z INFO     Train Epoch: 4 [40960/60000 (68%)]	loss=0.5180
2025-04-25T15:39:38Z INFO     Train Epoch: 4 [42240/60000 (70%)]	loss=0.6552
2025-04-25T15:39:38Z INFO     Train Epoch: 4 [43520/60000 (72%)]	loss=0.5760
2025-04-25T15:39:38Z INFO     Train Epoch: 4 [44800/60000 (75%)]	loss=0.6382
2025-04-25T15:39:38Z INFO     Train Epoch: 4 [46080/60000 (77%)]	loss=0.5463
2025-04-25T15:39:38Z INFO     Train Epoch: 4 [47360/60000 (79%)]	loss=0.4487
2025-04-25T15:39:38Z INFO     Train Epoch: 4 [48640/60000 (81%)]	loss=0.4382
2025-04-25T15:39:38Z INFO     Train Epoch: 4 [49920/60000 (83%)]	loss=0.5667
2025-04-25T15:39:39Z INFO     Train Epoch: 4 [51200/60000 (85%)]	loss=0.5477
2025-04-25T15:39:39Z INFO     Train Epoch: 4 [52480/60000 (87%)]	loss=0.4786
2025-04-25T15:39:39Z INFO     Train Epoch: 4 [53760/60000 (90%)]	loss=0.4864
2025-04-25T15:39:39Z INFO     Train Epoch: 4 [55040/60000 (92%)]	loss=0.5654
2025-04-25T15:39:39Z INFO     Train Epoch: 4 [56320/60000 (94%)]	loss=0.4394
2025-04-25T15:39:39Z INFO     Train Epoch: 4 [57600/60000 (96%)]	loss=0.3738
2025-04-25T15:39:39Z INFO     Train Epoch: 4 [58880/60000 (98%)]	loss=0.4250
2025-04-25T15:39:40Z INFO     {metricName: accuracy, metricValue: 0.8077};{metricName: loss, metricValue: 0.5318}


real	1m1.637s
user	0m57.165s
sys	0m15.657s
