Using CUDA
Using distributed PyTorch with nccl backend
2025-04-25T15:38:06Z INFO     Added key: store_based_barrier_key:1 to store for rank: 0
2025-04-25T15:38:06Z INFO     Rank 0: Completed store-based barrier for key:store_based_barrier_key:1 with 4 nodes.
pytorch-mnist-master-0:7:7 [0] NCCL INFO Bootstrap : Using eth0:10.224.0.111<0>
pytorch-mnist-master-0:7:7 [0] NCCL INFO NET/Plugin : No plugin found (libnccl-net.so), using internal implementation
pytorch-mnist-master-0:7:7 [0] NCCL INFO NET/IB : Using [0]mlx5_0:1/IB ; OOB eth0:10.224.0.111<0>
pytorch-mnist-master-0:7:7 [0] NCCL INFO Using network IB
NCCL version 2.10.3+cuda10.2
pytorch-mnist-master-0:7:93 [0] NCCL INFO NET/IB : GPU Direct RDMA Disabled for HCA 0 'mlx5_0' (no module)
pytorch-mnist-master-0:7:93 [0] NCCL INFO NET/IB : GPU Direct RDMA Disabled for HCA 0 'mlx5_0' (no module)
pytorch-mnist-master-0:7:93 [0] NCCL INFO Channel 00/02 :    0   1   2   3
pytorch-mnist-master-0:7:93 [0] NCCL INFO Channel 01/02 :    0   1   2   3
pytorch-mnist-master-0:7:93 [0] NCCL INFO Trees [0] 2/-1/-1->0->-1 [1] -1/-1/-1->0->1
pytorch-mnist-master-0:7:93 [0] NCCL INFO Setting affinity for GPU 0 to 0fffff
pytorch-mnist-master-0:7:93 [0] NCCL INFO Channel 00 : 3[100000] -> 0[100000] [receive] via NET/IB/0
pytorch-mnist-master-0:7:93 [0] NCCL INFO Channel 01 : 3[100000] -> 0[100000] [receive] via NET/IB/0
pytorch-mnist-master-0:7:93 [0] NCCL INFO Channel 00 : 0[100000] -> 1[100000] [send] via NET/IB/0
pytorch-mnist-master-0:7:93 [0] NCCL INFO Channel 01 : 0[100000] -> 1[100000] [send] via NET/IB/0
pytorch-mnist-master-0:7:93 [0] NCCL INFO NET/IB: Dev 0 Port 1 qpn 294 mtu 5 LID 162
pytorch-mnist-master-0:7:93 [0] NCCL INFO NET/IB: Dev 0 Port 1 qpn 295 mtu 5 LID 162
pytorch-mnist-master-0:7:93 [0] NCCL INFO Connected all rings
pytorch-mnist-master-0:7:93 [0] NCCL INFO Channel 00 : 2[100000] -> 0[100000] [receive] via NET/IB/0
pytorch-mnist-master-0:7:93 [0] NCCL INFO Channel 00 : 0[100000] -> 2[100000] [send] via NET/IB/0
pytorch-mnist-master-0:7:93 [0] NCCL INFO NET/IB: Dev 0 Port 1 qpn 329 mtu 5 LID 162
pytorch-mnist-master-0:7:93 [0] NCCL INFO Channel 01 : 1[100000] -> 0[100000] [receive] via NET/IB/0
pytorch-mnist-master-0:7:93 [0] NCCL INFO Connected all trees
pytorch-mnist-master-0:7:93 [0] NCCL INFO threadThresholds 8/8/64 | 32/8/64 | 8/8/512
pytorch-mnist-master-0:7:93 [0] NCCL INFO 2 coll channels, 2 p2p channels, 1 p2p channels per peer
pytorch-mnist-master-0:7:93 [0] NCCL INFO comm 0x7fd6480012d0 rank 0 nranks 4 cudaDev 0 busId 100000 - Init COMPLETE
pytorch-mnist-master-0:7:7 [0] NCCL INFO Launch mode Parallel
2025-04-25T15:38:10Z INFO     Train Epoch: 1 [0/60000 (0%)]	loss=2.3015
2025-04-25T15:38:10Z INFO     Reducer buckets have been rebuilt in this iteration.
2025-04-25T15:38:10Z INFO     Train Epoch: 1 [1280/60000 (2%)]	loss=2.2863
2025-04-25T15:38:10Z INFO     Train Epoch: 1 [2560/60000 (4%)]	loss=2.2854
2025-04-25T15:38:10Z INFO     Train Epoch: 1 [3840/60000 (6%)]	loss=2.2727
2025-04-25T15:38:10Z INFO     Train Epoch: 1 [5120/60000 (9%)]	loss=2.2693
2025-04-25T15:38:10Z INFO     Train Epoch: 1 [6400/60000 (11%)]	loss=2.2500
2025-04-25T15:38:10Z INFO     Train Epoch: 1 [7680/60000 (13%)]	loss=2.2421
2025-04-25T15:38:10Z INFO     Train Epoch: 1 [8960/60000 (15%)]	loss=2.2028
2025-04-25T15:38:10Z INFO     Train Epoch: 1 [10240/60000 (17%)]	loss=2.1878
2025-04-25T15:38:11Z INFO     Train Epoch: 1 [11520/60000 (19%)]	loss=2.1321
2025-04-25T15:38:11Z INFO     Train Epoch: 1 [12800/60000 (21%)]	loss=2.0496
2025-04-25T15:38:11Z INFO     Train Epoch: 1 [14080/60000 (23%)]	loss=1.9474
2025-04-25T15:38:11Z INFO     Train Epoch: 1 [15360/60000 (26%)]	loss=1.7654
2025-04-25T15:38:11Z INFO     Train Epoch: 1 [16640/60000 (28%)]	loss=1.5975
2025-04-25T15:38:11Z INFO     Train Epoch: 1 [17920/60000 (30%)]	loss=1.3733
2025-04-25T15:38:11Z INFO     Train Epoch: 1 [19200/60000 (32%)]	loss=1.3092
2025-04-25T15:38:11Z INFO     Train Epoch: 1 [20480/60000 (34%)]	loss=1.1868
2025-04-25T15:38:11Z INFO     Train Epoch: 1 [21760/60000 (36%)]	loss=1.0810
2025-04-25T15:38:12Z INFO     Train Epoch: 1 [23040/60000 (38%)]	loss=1.0567
2025-04-25T15:38:12Z INFO     Train Epoch: 1 [24320/60000 (41%)]	loss=1.0197
2025-04-25T15:38:12Z INFO     Train Epoch: 1 [25600/60000 (43%)]	loss=0.9022
2025-04-25T15:38:12Z INFO     Train Epoch: 1 [26880/60000 (45%)]	loss=1.0211
2025-04-25T15:38:12Z INFO     Train Epoch: 1 [28160/60000 (47%)]	loss=1.0544
2025-04-25T15:38:12Z INFO     Train Epoch: 1 [29440/60000 (49%)]	loss=0.9022
2025-04-25T15:38:12Z INFO     Train Epoch: 1 [30720/60000 (51%)]	loss=0.7925
2025-04-25T15:38:12Z INFO     Train Epoch: 1 [32000/60000 (53%)]	loss=1.1948
2025-04-25T15:38:12Z INFO     Train Epoch: 1 [33280/60000 (55%)]	loss=1.0273
2025-04-25T15:38:13Z INFO     Train Epoch: 1 [34560/60000 (58%)]	loss=0.9579
2025-04-25T15:38:13Z INFO     Train Epoch: 1 [35840/60000 (60%)]	loss=0.7866
2025-04-25T15:38:13Z INFO     Train Epoch: 1 [37120/60000 (62%)]	loss=0.9327
2025-04-25T15:38:13Z INFO     Train Epoch: 1 [38400/60000 (64%)]	loss=0.9525
2025-04-25T15:38:13Z INFO     Train Epoch: 1 [39680/60000 (66%)]	loss=0.8627
2025-04-25T15:38:13Z INFO     Train Epoch: 1 [40960/60000 (68%)]	loss=0.8076
2025-04-25T15:38:13Z INFO     Train Epoch: 1 [42240/60000 (70%)]	loss=0.8889
2025-04-25T15:38:13Z INFO     Train Epoch: 1 [43520/60000 (72%)]	loss=0.9430
2025-04-25T15:38:13Z INFO     Train Epoch: 1 [44800/60000 (75%)]	loss=0.9372
2025-04-25T15:38:14Z INFO     Train Epoch: 1 [46080/60000 (77%)]	loss=0.8235
2025-04-25T15:38:14Z INFO     Train Epoch: 1 [47360/60000 (79%)]	loss=0.7676
2025-04-25T15:38:14Z INFO     Train Epoch: 1 [48640/60000 (81%)]	loss=0.8704
2025-04-25T15:38:14Z INFO     Train Epoch: 1 [49920/60000 (83%)]	loss=0.8696
2025-04-25T15:38:14Z INFO     Train Epoch: 1 [51200/60000 (85%)]	loss=0.7809
2025-04-25T15:38:14Z INFO     Train Epoch: 1 [52480/60000 (87%)]	loss=0.6899
2025-04-25T15:38:14Z INFO     Train Epoch: 1 [53760/60000 (90%)]	loss=0.8087
2025-04-25T15:38:14Z INFO     Train Epoch: 1 [55040/60000 (92%)]	loss=0.8777
2025-04-25T15:38:14Z INFO     Train Epoch: 1 [56320/60000 (94%)]	loss=0.8600
2025-04-25T15:38:15Z INFO     Train Epoch: 1 [57600/60000 (96%)]	loss=0.9263
2025-04-25T15:38:15Z INFO     Train Epoch: 1 [58880/60000 (98%)]	loss=0.7707
2025-04-25T15:38:16Z INFO     {metricName: accuracy, metricValue: 0.6876};{metricName: loss, metricValue: 0.8284}

2025-04-25T15:38:16Z INFO     Train Epoch: 2 [0/60000 (0%)]	loss=0.7508
2025-04-25T15:38:16Z INFO     Train Epoch: 2 [1280/60000 (2%)]	loss=0.6789
2025-04-25T15:38:16Z INFO     Train Epoch: 2 [2560/60000 (4%)]	loss=0.7753
2025-04-25T15:38:16Z INFO     Train Epoch: 2 [3840/60000 (6%)]	loss=0.7714
2025-04-25T15:38:16Z INFO     Train Epoch: 2 [5120/60000 (9%)]	loss=0.7519
2025-04-25T15:38:16Z INFO     Train Epoch: 2 [6400/60000 (11%)]	loss=0.7421
2025-04-25T15:38:16Z INFO     Train Epoch: 2 [7680/60000 (13%)]	loss=0.7586
2025-04-25T15:38:16Z INFO     Train Epoch: 2 [8960/60000 (15%)]	loss=0.6598
2025-04-25T15:38:17Z INFO     Train Epoch: 2 [10240/60000 (17%)]	loss=0.7533
2025-04-25T15:38:17Z INFO     Train Epoch: 2 [11520/60000 (19%)]	loss=0.6041
2025-04-25T15:38:17Z INFO     Train Epoch: 2 [12800/60000 (21%)]	loss=0.7410
2025-04-25T15:38:17Z INFO     Train Epoch: 2 [14080/60000 (23%)]	loss=0.6995
2025-04-25T15:38:17Z INFO     Train Epoch: 2 [15360/60000 (26%)]	loss=0.7819
2025-04-25T15:38:17Z INFO     Train Epoch: 2 [16640/60000 (28%)]	loss=0.6449
2025-04-25T15:38:17Z INFO     Train Epoch: 2 [17920/60000 (30%)]	loss=0.7497
2025-04-25T15:38:17Z INFO     Train Epoch: 2 [19200/60000 (32%)]	loss=0.5684
2025-04-25T15:38:17Z INFO     Train Epoch: 2 [20480/60000 (34%)]	loss=0.7996
2025-04-25T15:38:18Z INFO     Train Epoch: 2 [21760/60000 (36%)]	loss=0.6865
2025-04-25T15:38:18Z INFO     Train Epoch: 2 [23040/60000 (38%)]	loss=0.6718
2025-04-25T15:38:18Z INFO     Train Epoch: 2 [24320/60000 (41%)]	loss=0.6481
2025-04-25T15:38:18Z INFO     Train Epoch: 2 [25600/60000 (43%)]	loss=0.6490
2025-04-25T15:38:18Z INFO     Train Epoch: 2 [26880/60000 (45%)]	loss=0.7622
2025-04-25T15:38:18Z INFO     Train Epoch: 2 [28160/60000 (47%)]	loss=0.5772
2025-04-25T15:38:18Z INFO     Train Epoch: 2 [29440/60000 (49%)]	loss=0.8776
2025-04-25T15:38:18Z INFO     Train Epoch: 2 [30720/60000 (51%)]	loss=0.6965
2025-04-25T15:38:18Z INFO     Train Epoch: 2 [32000/60000 (53%)]	loss=0.7679
2025-04-25T15:38:19Z INFO     Train Epoch: 2 [33280/60000 (55%)]	loss=0.6699
2025-04-25T15:38:19Z INFO     Train Epoch: 2 [34560/60000 (58%)]	loss=0.5756
2025-04-25T15:38:19Z INFO     Train Epoch: 2 [35840/60000 (60%)]	loss=0.5419
2025-04-25T15:38:19Z INFO     Train Epoch: 2 [37120/60000 (62%)]	loss=0.7484
2025-04-25T15:38:19Z INFO     Train Epoch: 2 [38400/60000 (64%)]	loss=0.6820
2025-04-25T15:38:19Z INFO     Train Epoch: 2 [39680/60000 (66%)]	loss=0.6238
2025-04-25T15:38:19Z INFO     Train Epoch: 2 [40960/60000 (68%)]	loss=0.7622
2025-04-25T15:38:19Z INFO     Train Epoch: 2 [42240/60000 (70%)]	loss=0.7595
2025-04-25T15:38:19Z INFO     Train Epoch: 2 [43520/60000 (72%)]	loss=0.5798
2025-04-25T15:38:20Z INFO     Train Epoch: 2 [44800/60000 (75%)]	loss=0.5784
2025-04-25T15:38:20Z INFO     Train Epoch: 2 [46080/60000 (77%)]	loss=0.6874
2025-04-25T15:38:20Z INFO     Train Epoch: 2 [47360/60000 (79%)]	loss=0.7646
2025-04-25T15:38:20Z INFO     Train Epoch: 2 [48640/60000 (81%)]	loss=0.5823
2025-04-25T15:38:20Z INFO     Train Epoch: 2 [49920/60000 (83%)]	loss=0.6997
2025-04-25T15:38:20Z INFO     Train Epoch: 2 [51200/60000 (85%)]	loss=0.8268
2025-04-25T15:38:20Z INFO     Train Epoch: 2 [52480/60000 (87%)]	loss=0.5796
2025-04-25T15:38:20Z INFO     Train Epoch: 2 [53760/60000 (90%)]	loss=0.5233
2025-04-25T15:38:20Z INFO     Train Epoch: 2 [55040/60000 (92%)]	loss=0.6885
2025-04-25T15:38:21Z INFO     Train Epoch: 2 [56320/60000 (94%)]	loss=0.7077
2025-04-25T15:38:21Z INFO     Train Epoch: 2 [57600/60000 (96%)]	loss=0.5106
2025-04-25T15:38:21Z INFO     Train Epoch: 2 [58880/60000 (98%)]	loss=0.5990
2025-04-25T15:38:22Z INFO     {metricName: accuracy, metricValue: 0.7612};{metricName: loss, metricValue: 0.6530}

2025-04-25T15:38:22Z INFO     Train Epoch: 3 [0/60000 (0%)]	loss=0.5441
2025-04-25T15:38:22Z INFO     Train Epoch: 3 [1280/60000 (2%)]	loss=0.6456
2025-04-25T15:38:22Z INFO     Train Epoch: 3 [2560/60000 (4%)]	loss=0.5535
2025-04-25T15:38:22Z INFO     Train Epoch: 3 [3840/60000 (6%)]	loss=0.5121
2025-04-25T15:38:22Z INFO     Train Epoch: 3 [5120/60000 (9%)]	loss=0.5632
2025-04-25T15:38:22Z INFO     Train Epoch: 3 [6400/60000 (11%)]	loss=0.6521
2025-04-25T15:38:22Z INFO     Train Epoch: 3 [7680/60000 (13%)]	loss=0.5268
2025-04-25T15:38:23Z INFO     Train Epoch: 3 [8960/60000 (15%)]	loss=0.6370
2025-04-25T15:38:23Z INFO     Train Epoch: 3 [10240/60000 (17%)]	loss=0.6502
2025-04-25T15:38:23Z INFO     Train Epoch: 3 [11520/60000 (19%)]	loss=0.4755
2025-04-25T15:38:23Z INFO     Train Epoch: 3 [12800/60000 (21%)]	loss=0.6913
2025-04-25T15:38:23Z INFO     Train Epoch: 3 [14080/60000 (23%)]	loss=0.6608
2025-04-25T15:38:23Z INFO     Train Epoch: 3 [15360/60000 (26%)]	loss=0.6998
2025-04-25T15:38:23Z INFO     Train Epoch: 3 [16640/60000 (28%)]	loss=0.5771
2025-04-25T15:38:23Z INFO     Train Epoch: 3 [17920/60000 (30%)]	loss=0.6524
2025-04-25T15:38:23Z INFO     Train Epoch: 3 [19200/60000 (32%)]	loss=0.6467
2025-04-25T15:38:24Z INFO     Train Epoch: 3 [20480/60000 (34%)]	loss=0.6265
2025-04-25T15:38:24Z INFO     Train Epoch: 3 [21760/60000 (36%)]	loss=0.4613
2025-04-25T15:38:24Z INFO     Train Epoch: 3 [23040/60000 (38%)]	loss=0.7011
2025-04-25T15:38:24Z INFO     Train Epoch: 3 [24320/60000 (41%)]	loss=0.6106
2025-04-25T15:38:24Z INFO     Train Epoch: 3 [25600/60000 (43%)]	loss=0.5659
2025-04-25T15:38:24Z INFO     Train Epoch: 3 [26880/60000 (45%)]	loss=0.5165
2025-04-25T15:38:24Z INFO     Train Epoch: 3 [28160/60000 (47%)]	loss=0.6812
2025-04-25T15:38:24Z INFO     Train Epoch: 3 [29440/60000 (49%)]	loss=0.6102
2025-04-25T15:38:24Z INFO     Train Epoch: 3 [30720/60000 (51%)]	loss=0.6032
2025-04-25T15:38:25Z INFO     Train Epoch: 3 [32000/60000 (53%)]	loss=0.6246
2025-04-25T15:38:25Z INFO     Train Epoch: 3 [33280/60000 (55%)]	loss=0.6742
2025-04-25T15:38:25Z INFO     Train Epoch: 3 [34560/60000 (58%)]	loss=0.5921
2025-04-25T15:38:25Z INFO     Train Epoch: 3 [35840/60000 (60%)]	loss=0.5729
2025-04-25T15:38:25Z INFO     Train Epoch: 3 [37120/60000 (62%)]	loss=0.5758
2025-04-25T15:38:25Z INFO     Train Epoch: 3 [38400/60000 (64%)]	loss=0.4602
2025-04-25T15:38:25Z INFO     Train Epoch: 3 [39680/60000 (66%)]	loss=0.5217
2025-04-25T15:38:25Z INFO     Train Epoch: 3 [40960/60000 (68%)]	loss=0.5734
2025-04-25T15:38:26Z INFO     Train Epoch: 3 [42240/60000 (70%)]	loss=0.5971
2025-04-25T15:38:26Z INFO     Train Epoch: 3 [43520/60000 (72%)]	loss=0.7332
2025-04-25T15:38:26Z INFO     Train Epoch: 3 [44800/60000 (75%)]	loss=0.5753
2025-04-25T15:38:26Z INFO     Train Epoch: 3 [46080/60000 (77%)]	loss=0.5917
2025-04-25T15:38:26Z INFO     Train Epoch: 3 [47360/60000 (79%)]	loss=0.5953
2025-04-25T15:38:26Z INFO     Train Epoch: 3 [48640/60000 (81%)]	loss=0.5154
2025-04-25T15:38:26Z INFO     Train Epoch: 3 [49920/60000 (83%)]	loss=0.6274
2025-04-25T15:38:26Z INFO     Train Epoch: 3 [51200/60000 (85%)]	loss=0.6633
2025-04-25T15:38:26Z INFO     Train Epoch: 3 [52480/60000 (87%)]	loss=0.6340
2025-04-25T15:38:27Z INFO     Train Epoch: 3 [53760/60000 (90%)]	loss=0.6298
2025-04-25T15:38:27Z INFO     Train Epoch: 3 [55040/60000 (92%)]	loss=0.6005
2025-04-25T15:38:27Z INFO     Train Epoch: 3 [56320/60000 (94%)]	loss=0.6387
2025-04-25T15:38:27Z INFO     Train Epoch: 3 [57600/60000 (96%)]	loss=0.5191
2025-04-25T15:38:27Z INFO     Train Epoch: 3 [58880/60000 (98%)]	loss=0.7668
2025-04-25T15:38:28Z INFO     {metricName: accuracy, metricValue: 0.7759};{metricName: loss, metricValue: 0.5945}

2025-04-25T15:38:28Z INFO     Train Epoch: 4 [0/60000 (0%)]	loss=0.6213
2025-04-25T15:38:28Z INFO     Train Epoch: 4 [1280/60000 (2%)]	loss=0.5154
2025-04-25T15:38:28Z INFO     Train Epoch: 4 [2560/60000 (4%)]	loss=0.4985
2025-04-25T15:38:28Z INFO     Train Epoch: 4 [3840/60000 (6%)]	loss=0.5826
2025-04-25T15:38:28Z INFO     Train Epoch: 4 [5120/60000 (9%)]	loss=0.5007
2025-04-25T15:38:29Z INFO     Train Epoch: 4 [6400/60000 (11%)]	loss=0.5481
2025-04-25T15:38:29Z INFO     Train Epoch: 4 [7680/60000 (13%)]	loss=0.6098
2025-04-25T15:38:29Z INFO     Train Epoch: 4 [8960/60000 (15%)]	loss=0.4803
2025-04-25T15:38:29Z INFO     Train Epoch: 4 [10240/60000 (17%)]	loss=0.6008
2025-04-25T15:38:29Z INFO     Train Epoch: 4 [11520/60000 (19%)]	loss=0.4616
2025-04-25T15:38:29Z INFO     Train Epoch: 4 [12800/60000 (21%)]	loss=0.5888
2025-04-25T15:38:29Z INFO     Train Epoch: 4 [14080/60000 (23%)]	loss=0.5854
2025-04-25T15:38:29Z INFO     Train Epoch: 4 [15360/60000 (26%)]	loss=0.6099
2025-04-25T15:38:29Z INFO     Train Epoch: 4 [16640/60000 (28%)]	loss=0.5991
2025-04-25T15:38:30Z INFO     Train Epoch: 4 [17920/60000 (30%)]	loss=0.5380
2025-04-25T15:38:30Z INFO     Train Epoch: 4 [19200/60000 (32%)]	loss=0.5672
2025-04-25T15:38:30Z INFO     Train Epoch: 4 [20480/60000 (34%)]	loss=0.4885
2025-04-25T15:38:30Z INFO     Train Epoch: 4 [21760/60000 (36%)]	loss=0.5476
2025-04-25T15:38:30Z INFO     Train Epoch: 4 [23040/60000 (38%)]	loss=0.6159
2025-04-25T15:38:30Z INFO     Train Epoch: 4 [24320/60000 (41%)]	loss=0.4911
2025-04-25T15:38:30Z INFO     Train Epoch: 4 [25600/60000 (43%)]	loss=0.5096
2025-04-25T15:38:30Z INFO     Train Epoch: 4 [26880/60000 (45%)]	loss=0.6036
2025-04-25T15:38:30Z INFO     Train Epoch: 4 [28160/60000 (47%)]	loss=0.4013
2025-04-25T15:38:31Z INFO     Train Epoch: 4 [29440/60000 (49%)]	loss=0.4867
2025-04-25T15:38:31Z INFO     Train Epoch: 4 [30720/60000 (51%)]	loss=0.5142
2025-04-25T15:38:31Z INFO     Train Epoch: 4 [32000/60000 (53%)]	loss=0.4832
2025-04-25T15:38:31Z INFO     Train Epoch: 4 [33280/60000 (55%)]	loss=0.5319
2025-04-25T15:38:31Z INFO     Train Epoch: 4 [34560/60000 (58%)]	loss=0.5401
2025-04-25T15:38:31Z INFO     Train Epoch: 4 [35840/60000 (60%)]	loss=0.4976
2025-04-25T15:38:31Z INFO     Train Epoch: 4 [37120/60000 (62%)]	loss=0.4522
2025-04-25T15:38:31Z INFO     Train Epoch: 4 [38400/60000 (64%)]	loss=0.5633
2025-04-25T15:38:31Z INFO     Train Epoch: 4 [39680/60000 (66%)]	loss=0.4878
2025-04-25T15:38:32Z INFO     Train Epoch: 4 [40960/60000 (68%)]	loss=0.5190
2025-04-25T15:38:32Z INFO     Train Epoch: 4 [42240/60000 (70%)]	loss=0.6528
2025-04-25T15:38:32Z INFO     Train Epoch: 4 [43520/60000 (72%)]	loss=0.5733
2025-04-25T15:38:32Z INFO     Train Epoch: 4 [44800/60000 (75%)]	loss=0.6400
2025-04-25T15:38:32Z INFO     Train Epoch: 4 [46080/60000 (77%)]	loss=0.5459
2025-04-25T15:38:32Z INFO     Train Epoch: 4 [47360/60000 (79%)]	loss=0.4511
2025-04-25T15:38:32Z INFO     Train Epoch: 4 [48640/60000 (81%)]	loss=0.4378
2025-04-25T15:38:32Z INFO     Train Epoch: 4 [49920/60000 (83%)]	loss=0.5654
2025-04-25T15:38:32Z INFO     Train Epoch: 4 [51200/60000 (85%)]	loss=0.5497
2025-04-25T15:38:33Z INFO     Train Epoch: 4 [52480/60000 (87%)]	loss=0.4784
2025-04-25T15:38:33Z INFO     Train Epoch: 4 [53760/60000 (90%)]	loss=0.4872
2025-04-25T15:38:33Z INFO     Train Epoch: 4 [55040/60000 (92%)]	loss=0.5667
2025-04-25T15:38:33Z INFO     Train Epoch: 4 [56320/60000 (94%)]	loss=0.4390
2025-04-25T15:38:33Z INFO     Train Epoch: 4 [57600/60000 (96%)]	loss=0.3749
2025-04-25T15:38:33Z INFO     Train Epoch: 4 [58880/60000 (98%)]	loss=0.4244
2025-04-25T15:38:34Z INFO     {metricName: accuracy, metricValue: 0.8077};{metricName: loss, metricValue: 0.5304}


real	1m1.655s
user	0m59.227s
sys	0m16.057s
