Using CUDA
Using distributed PyTorch with nccl backend
2025-04-25T15:35:42Z INFO     Added key: store_based_barrier_key:1 to store for rank: 0
2025-04-25T15:35:52Z INFO     Waiting in store based barrier to initialize process group for rank: 0, key: store_based_barrier_key:1 (world_size=4, worker_count=3, timeout=0:30:00)
2025-04-25T15:35:53Z INFO     Rank 0: Completed store-based barrier for key:store_based_barrier_key:1 with 4 nodes.
pytorch-mnist-master-0:7:7 [0] NCCL INFO Bootstrap : Using eth0:10.224.0.72<0>
pytorch-mnist-master-0:7:7 [0] NCCL INFO NET/Plugin : No plugin found (libnccl-net.so), using internal implementation
pytorch-mnist-master-0:7:7 [0] NCCL INFO NET/IB : Using [0]mlx5_0:1/IB ; OOB eth0:10.224.0.72<0>
pytorch-mnist-master-0:7:7 [0] NCCL INFO Using network IB
NCCL version 2.10.3+cuda10.2
pytorch-mnist-master-0:7:93 [0] NCCL INFO NET/IB : GPU Direct RDMA Disabled for HCA 0 'mlx5_0' (no module)
pytorch-mnist-master-0:7:93 [0] NCCL INFO NET/IB : GPU Direct RDMA Disabled for HCA 0 'mlx5_0' (no module)
pytorch-mnist-master-0:7:93 [0] NCCL INFO Channel 00/02 :    0   1   2   3
pytorch-mnist-master-0:7:93 [0] NCCL INFO Channel 01/02 :    0   1   2   3
pytorch-mnist-master-0:7:93 [0] NCCL INFO Trees [0] 2/-1/-1->0->-1 [1] -1/-1/-1->0->1
pytorch-mnist-master-0:7:93 [0] NCCL INFO Setting affinity for GPU 0 to 0fffff
pytorch-mnist-master-0:7:93 [0] NCCL INFO Channel 00 : 3[100000] -> 0[100000] [receive] via NET/IB/0
pytorch-mnist-master-0:7:93 [0] NCCL INFO Channel 01 : 3[100000] -> 0[100000] [receive] via NET/IB/0
pytorch-mnist-master-0:7:93 [0] NCCL INFO Channel 00 : 0[100000] -> 1[100000] [send] via NET/IB/0
pytorch-mnist-master-0:7:93 [0] NCCL INFO Channel 01 : 0[100000] -> 1[100000] [send] via NET/IB/0
pytorch-mnist-master-0:7:93 [0] NCCL INFO NET/IB: Dev 0 Port 1 qpn 303 mtu 5 LID 157
pytorch-mnist-master-0:7:93 [0] NCCL INFO NET/IB: Dev 0 Port 1 qpn 304 mtu 5 LID 157
pytorch-mnist-master-0:7:93 [0] NCCL INFO Connected all rings
pytorch-mnist-master-0:7:93 [0] NCCL INFO Channel 00 : 2[100000] -> 0[100000] [receive] via NET/IB/0
pytorch-mnist-master-0:7:93 [0] NCCL INFO Channel 00 : 0[100000] -> 2[100000] [send] via NET/IB/0
pytorch-mnist-master-0:7:93 [0] NCCL INFO NET/IB: Dev 0 Port 1 qpn 307 mtu 5 LID 157
pytorch-mnist-master-0:7:93 [0] NCCL INFO Channel 01 : 1[100000] -> 0[100000] [receive] via NET/IB/0
pytorch-mnist-master-0:7:93 [0] NCCL INFO Connected all trees
pytorch-mnist-master-0:7:93 [0] NCCL INFO threadThresholds 8/8/64 | 32/8/64 | 8/8/512
pytorch-mnist-master-0:7:93 [0] NCCL INFO 2 coll channels, 2 p2p channels, 1 p2p channels per peer
pytorch-mnist-master-0:7:93 [0] NCCL INFO comm 0x7f47700012d0 rank 0 nranks 4 cudaDev 0 busId 100000 - Init COMPLETE
pytorch-mnist-master-0:7:7 [0] NCCL INFO Launch mode Parallel
2025-04-25T15:35:57Z INFO     Train Epoch: 1 [0/60000 (0%)]	loss=2.3015
2025-04-25T15:35:57Z INFO     Reducer buckets have been rebuilt in this iteration.
2025-04-25T15:35:57Z INFO     Train Epoch: 1 [1280/60000 (2%)]	loss=2.2863
2025-04-25T15:35:57Z INFO     Train Epoch: 1 [2560/60000 (4%)]	loss=2.2854
2025-04-25T15:35:57Z INFO     Train Epoch: 1 [3840/60000 (6%)]	loss=2.2727
2025-04-25T15:35:57Z INFO     Train Epoch: 1 [5120/60000 (9%)]	loss=2.2693
2025-04-25T15:35:58Z INFO     Train Epoch: 1 [6400/60000 (11%)]	loss=2.2500
2025-04-25T15:35:58Z INFO     Train Epoch: 1 [7680/60000 (13%)]	loss=2.2421
2025-04-25T15:35:58Z INFO     Train Epoch: 1 [8960/60000 (15%)]	loss=2.2029
2025-04-25T15:35:58Z INFO     Train Epoch: 1 [10240/60000 (17%)]	loss=2.1878
2025-04-25T15:35:58Z INFO     Train Epoch: 1 [11520/60000 (19%)]	loss=2.1322
2025-04-25T15:35:58Z INFO     Train Epoch: 1 [12800/60000 (21%)]	loss=2.0497
2025-04-25T15:35:58Z INFO     Train Epoch: 1 [14080/60000 (23%)]	loss=1.9478
2025-04-25T15:35:58Z INFO     Train Epoch: 1 [15360/60000 (26%)]	loss=1.7657
2025-04-25T15:35:58Z INFO     Train Epoch: 1 [16640/60000 (28%)]	loss=1.5977
2025-04-25T15:35:59Z INFO     Train Epoch: 1 [17920/60000 (30%)]	loss=1.3735
2025-04-25T15:35:59Z INFO     Train Epoch: 1 [19200/60000 (32%)]	loss=1.3096
2025-04-25T15:35:59Z INFO     Train Epoch: 1 [20480/60000 (34%)]	loss=1.1872
2025-04-25T15:35:59Z INFO     Train Epoch: 1 [21760/60000 (36%)]	loss=1.0810
2025-04-25T15:35:59Z INFO     Train Epoch: 1 [23040/60000 (38%)]	loss=1.0567
2025-04-25T15:35:59Z INFO     Train Epoch: 1 [24320/60000 (41%)]	loss=1.0196
2025-04-25T15:35:59Z INFO     Train Epoch: 1 [25600/60000 (43%)]	loss=0.9025
2025-04-25T15:35:59Z INFO     Train Epoch: 1 [26880/60000 (45%)]	loss=1.0216
2025-04-25T15:35:59Z INFO     Train Epoch: 1 [28160/60000 (47%)]	loss=1.0540
2025-04-25T15:36:00Z INFO     Train Epoch: 1 [29440/60000 (49%)]	loss=0.9017
2025-04-25T15:36:00Z INFO     Train Epoch: 1 [30720/60000 (51%)]	loss=0.7920
2025-04-25T15:36:00Z INFO     Train Epoch: 1 [32000/60000 (53%)]	loss=1.1950
2025-04-25T15:36:00Z INFO     Train Epoch: 1 [33280/60000 (55%)]	loss=1.0279
2025-04-25T15:36:00Z INFO     Train Epoch: 1 [34560/60000 (58%)]	loss=0.9585
2025-04-25T15:36:00Z INFO     Train Epoch: 1 [35840/60000 (60%)]	loss=0.7873
2025-04-25T15:36:00Z INFO     Train Epoch: 1 [37120/60000 (62%)]	loss=0.9324
2025-04-25T15:36:00Z INFO     Train Epoch: 1 [38400/60000 (64%)]	loss=0.9524
2025-04-25T15:36:00Z INFO     Train Epoch: 1 [39680/60000 (66%)]	loss=0.8628
2025-04-25T15:36:01Z INFO     Train Epoch: 1 [40960/60000 (68%)]	loss=0.8093
2025-04-25T15:36:01Z INFO     Train Epoch: 1 [42240/60000 (70%)]	loss=0.8882
2025-04-25T15:36:01Z INFO     Train Epoch: 1 [43520/60000 (72%)]	loss=0.9448
2025-04-25T15:36:01Z INFO     Train Epoch: 1 [44800/60000 (75%)]	loss=0.9361
2025-04-25T15:36:01Z INFO     Train Epoch: 1 [46080/60000 (77%)]	loss=0.8244
2025-04-25T15:36:01Z INFO     Train Epoch: 1 [47360/60000 (79%)]	loss=0.7693
2025-04-25T15:36:01Z INFO     Train Epoch: 1 [48640/60000 (81%)]	loss=0.8706
2025-04-25T15:36:01Z INFO     Train Epoch: 1 [49920/60000 (83%)]	loss=0.8693
2025-04-25T15:36:01Z INFO     Train Epoch: 1 [51200/60000 (85%)]	loss=0.7822
2025-04-25T15:36:02Z INFO     Train Epoch: 1 [52480/60000 (87%)]	loss=0.6896
2025-04-25T15:36:02Z INFO     Train Epoch: 1 [53760/60000 (90%)]	loss=0.8077
2025-04-25T15:36:02Z INFO     Train Epoch: 1 [55040/60000 (92%)]	loss=0.8799
2025-04-25T15:36:02Z INFO     Train Epoch: 1 [56320/60000 (94%)]	loss=0.8595
2025-04-25T15:36:02Z INFO     Train Epoch: 1 [57600/60000 (96%)]	loss=0.9276
2025-04-25T15:36:02Z INFO     Train Epoch: 1 [58880/60000 (98%)]	loss=0.7726
2025-04-25T15:36:03Z INFO     {metricName: accuracy, metricValue: 0.6872};{metricName: loss, metricValue: 0.8284}

2025-04-25T15:36:03Z INFO     Train Epoch: 2 [0/60000 (0%)]	loss=0.7502
2025-04-25T15:36:03Z INFO     Train Epoch: 2 [1280/60000 (2%)]	loss=0.6785
2025-04-25T15:36:03Z INFO     Train Epoch: 2 [2560/60000 (4%)]	loss=0.7744
2025-04-25T15:36:03Z INFO     Train Epoch: 2 [3840/60000 (6%)]	loss=0.7720
2025-04-25T15:36:04Z INFO     Train Epoch: 2 [5120/60000 (9%)]	loss=0.7518
2025-04-25T15:36:04Z INFO     Train Epoch: 2 [6400/60000 (11%)]	loss=0.7421
2025-04-25T15:36:04Z INFO     Train Epoch: 2 [7680/60000 (13%)]	loss=0.7572
2025-04-25T15:36:04Z INFO     Train Epoch: 2 [8960/60000 (15%)]	loss=0.6598
2025-04-25T15:36:04Z INFO     Train Epoch: 2 [10240/60000 (17%)]	loss=0.7523
2025-04-25T15:36:04Z INFO     Train Epoch: 2 [11520/60000 (19%)]	loss=0.6037
2025-04-25T15:36:04Z INFO     Train Epoch: 2 [12800/60000 (21%)]	loss=0.7401
2025-04-25T15:36:04Z INFO     Train Epoch: 2 [14080/60000 (23%)]	loss=0.6991
2025-04-25T15:36:04Z INFO     Train Epoch: 2 [15360/60000 (26%)]	loss=0.7804
2025-04-25T15:36:05Z INFO     Train Epoch: 2 [16640/60000 (28%)]	loss=0.6450
2025-04-25T15:36:05Z INFO     Train Epoch: 2 [17920/60000 (30%)]	loss=0.7498
2025-04-25T15:36:05Z INFO     Train Epoch: 2 [19200/60000 (32%)]	loss=0.5675
2025-04-25T15:36:05Z INFO     Train Epoch: 2 [20480/60000 (34%)]	loss=0.7992
2025-04-25T15:36:05Z INFO     Train Epoch: 2 [21760/60000 (36%)]	loss=0.6875
2025-04-25T15:36:05Z INFO     Train Epoch: 2 [23040/60000 (38%)]	loss=0.6724
2025-04-25T15:36:05Z INFO     Train Epoch: 2 [24320/60000 (41%)]	loss=0.6478
2025-04-25T15:36:05Z INFO     Train Epoch: 2 [25600/60000 (43%)]	loss=0.6489
2025-04-25T15:36:05Z INFO     Train Epoch: 2 [26880/60000 (45%)]	loss=0.7612
2025-04-25T15:36:06Z INFO     Train Epoch: 2 [28160/60000 (47%)]	loss=0.5768
2025-04-25T15:36:06Z INFO     Train Epoch: 2 [29440/60000 (49%)]	loss=0.8775
2025-04-25T15:36:06Z INFO     Train Epoch: 2 [30720/60000 (51%)]	loss=0.6959
2025-04-25T15:36:06Z INFO     Train Epoch: 2 [32000/60000 (53%)]	loss=0.7679
2025-04-25T15:36:06Z INFO     Train Epoch: 2 [33280/60000 (55%)]	loss=0.6692
2025-04-25T15:36:06Z INFO     Train Epoch: 2 [34560/60000 (58%)]	loss=0.5767
2025-04-25T15:36:06Z INFO     Train Epoch: 2 [35840/60000 (60%)]	loss=0.5408
2025-04-25T15:36:06Z INFO     Train Epoch: 2 [37120/60000 (62%)]	loss=0.7476
2025-04-25T15:36:06Z INFO     Train Epoch: 2 [38400/60000 (64%)]	loss=0.6818
2025-04-25T15:36:07Z INFO     Train Epoch: 2 [39680/60000 (66%)]	loss=0.6235
2025-04-25T15:36:07Z INFO     Train Epoch: 2 [40960/60000 (68%)]	loss=0.7614
2025-04-25T15:36:07Z INFO     Train Epoch: 2 [42240/60000 (70%)]	loss=0.7606
2025-04-25T15:36:07Z INFO     Train Epoch: 2 [43520/60000 (72%)]	loss=0.5804
2025-04-25T15:36:07Z INFO     Train Epoch: 2 [44800/60000 (75%)]	loss=0.5775
2025-04-25T15:36:07Z INFO     Train Epoch: 2 [46080/60000 (77%)]	loss=0.6861
2025-04-25T15:36:07Z INFO     Train Epoch: 2 [47360/60000 (79%)]	loss=0.7639
2025-04-25T15:36:07Z INFO     Train Epoch: 2 [48640/60000 (81%)]	loss=0.5827
2025-04-25T15:36:07Z INFO     Train Epoch: 2 [49920/60000 (83%)]	loss=0.6988
2025-04-25T15:36:08Z INFO     Train Epoch: 2 [51200/60000 (85%)]	loss=0.8270
2025-04-25T15:36:08Z INFO     Train Epoch: 2 [52480/60000 (87%)]	loss=0.5803
2025-04-25T15:36:08Z INFO     Train Epoch: 2 [53760/60000 (90%)]	loss=0.5222
2025-04-25T15:36:08Z INFO     Train Epoch: 2 [55040/60000 (92%)]	loss=0.6887
2025-04-25T15:36:08Z INFO     Train Epoch: 2 [56320/60000 (94%)]	loss=0.7080
2025-04-25T15:36:08Z INFO     Train Epoch: 2 [57600/60000 (96%)]	loss=0.5106
2025-04-25T15:36:08Z INFO     Train Epoch: 2 [58880/60000 (98%)]	loss=0.6005
2025-04-25T15:36:09Z INFO     {metricName: accuracy, metricValue: 0.7613};{metricName: loss, metricValue: 0.6528}

2025-04-25T15:36:09Z INFO     Train Epoch: 3 [0/60000 (0%)]	loss=0.5440
2025-04-25T15:36:09Z INFO     Train Epoch: 3 [1280/60000 (2%)]	loss=0.6458
2025-04-25T15:36:09Z INFO     Train Epoch: 3 [2560/60000 (4%)]	loss=0.5534
2025-04-25T15:36:10Z INFO     Train Epoch: 3 [3840/60000 (6%)]	loss=0.5129
2025-04-25T15:36:10Z INFO     Train Epoch: 3 [5120/60000 (9%)]	loss=0.5636
2025-04-25T15:36:10Z INFO     Train Epoch: 3 [6400/60000 (11%)]	loss=0.6524
2025-04-25T15:36:10Z INFO     Train Epoch: 3 [7680/60000 (13%)]	loss=0.5260
2025-04-25T15:36:10Z INFO     Train Epoch: 3 [8960/60000 (15%)]	loss=0.6367
2025-04-25T15:36:10Z INFO     Train Epoch: 3 [10240/60000 (17%)]	loss=0.6512
2025-04-25T15:36:10Z INFO     Train Epoch: 3 [11520/60000 (19%)]	loss=0.4753
2025-04-25T15:36:10Z INFO     Train Epoch: 3 [12800/60000 (21%)]	loss=0.6912
2025-04-25T15:36:10Z INFO     Train Epoch: 3 [14080/60000 (23%)]	loss=0.6616
2025-04-25T15:36:11Z INFO     Train Epoch: 3 [15360/60000 (26%)]	loss=0.7003
2025-04-25T15:36:11Z INFO     Train Epoch: 3 [16640/60000 (28%)]	loss=0.5785
2025-04-25T15:36:11Z INFO     Train Epoch: 3 [17920/60000 (30%)]	loss=0.6529
2025-04-25T15:36:11Z INFO     Train Epoch: 3 [19200/60000 (32%)]	loss=0.6473
2025-04-25T15:36:11Z INFO     Train Epoch: 3 [20480/60000 (34%)]	loss=0.6269
2025-04-25T15:36:11Z INFO     Train Epoch: 3 [21760/60000 (36%)]	loss=0.4617
2025-04-25T15:36:11Z INFO     Train Epoch: 3 [23040/60000 (38%)]	loss=0.7006
2025-04-25T15:36:11Z INFO     Train Epoch: 3 [24320/60000 (41%)]	loss=0.6112
2025-04-25T15:36:11Z INFO     Train Epoch: 3 [25600/60000 (43%)]	loss=0.5662
2025-04-25T15:36:12Z INFO     Train Epoch: 3 [26880/60000 (45%)]	loss=0.5176
2025-04-25T15:36:12Z INFO     Train Epoch: 3 [28160/60000 (47%)]	loss=0.6816
2025-04-25T15:36:12Z INFO     Train Epoch: 3 [29440/60000 (49%)]	loss=0.6088
2025-04-25T15:36:12Z INFO     Train Epoch: 3 [30720/60000 (51%)]	loss=0.6057
2025-04-25T15:36:12Z INFO     Train Epoch: 3 [32000/60000 (53%)]	loss=0.6249
2025-04-25T15:36:12Z INFO     Train Epoch: 3 [33280/60000 (55%)]	loss=0.6732
2025-04-25T15:36:12Z INFO     Train Epoch: 3 [34560/60000 (58%)]	loss=0.5920
2025-04-25T15:36:12Z INFO     Train Epoch: 3 [35840/60000 (60%)]	loss=0.5708
2025-04-25T15:36:12Z INFO     Train Epoch: 3 [37120/60000 (62%)]	loss=0.5756
2025-04-25T15:36:13Z INFO     Train Epoch: 3 [38400/60000 (64%)]	loss=0.4597
2025-04-25T15:36:13Z INFO     Train Epoch: 3 [39680/60000 (66%)]	loss=0.5218
2025-04-25T15:36:13Z INFO     Train Epoch: 3 [40960/60000 (68%)]	loss=0.5733
2025-04-25T15:36:13Z INFO     Train Epoch: 3 [42240/60000 (70%)]	loss=0.5979
2025-04-25T15:36:13Z INFO     Train Epoch: 3 [43520/60000 (72%)]	loss=0.7313
2025-04-25T15:36:13Z INFO     Train Epoch: 3 [44800/60000 (75%)]	loss=0.5750
2025-04-25T15:36:13Z INFO     Train Epoch: 3 [46080/60000 (77%)]	loss=0.5898
2025-04-25T15:36:13Z INFO     Train Epoch: 3 [47360/60000 (79%)]	loss=0.5952
2025-04-25T15:36:13Z INFO     Train Epoch: 3 [48640/60000 (81%)]	loss=0.5158
2025-04-25T15:36:14Z INFO     Train Epoch: 3 [49920/60000 (83%)]	loss=0.6281
2025-04-25T15:36:14Z INFO     Train Epoch: 3 [51200/60000 (85%)]	loss=0.6645
2025-04-25T15:36:14Z INFO     Train Epoch: 3 [52480/60000 (87%)]	loss=0.6337
2025-04-25T15:36:14Z INFO     Train Epoch: 3 [53760/60000 (90%)]	loss=0.6288
2025-04-25T15:36:14Z INFO     Train Epoch: 3 [55040/60000 (92%)]	loss=0.6011
2025-04-25T15:36:14Z INFO     Train Epoch: 3 [56320/60000 (94%)]	loss=0.6395
2025-04-25T15:36:14Z INFO     Train Epoch: 3 [57600/60000 (96%)]	loss=0.5189
2025-04-25T15:36:14Z INFO     Train Epoch: 3 [58880/60000 (98%)]	loss=0.7670
2025-04-25T15:36:15Z INFO     {metricName: accuracy, metricValue: 0.7761};{metricName: loss, metricValue: 0.5943}

2025-04-25T15:36:15Z INFO     Train Epoch: 4 [0/60000 (0%)]	loss=0.6224
2025-04-25T15:36:15Z INFO     Train Epoch: 4 [1280/60000 (2%)]	loss=0.5152
2025-04-25T15:36:16Z INFO     Train Epoch: 4 [2560/60000 (4%)]	loss=0.4987
2025-04-25T15:36:16Z INFO     Train Epoch: 4 [3840/60000 (6%)]	loss=0.5827
2025-04-25T15:36:16Z INFO     Train Epoch: 4 [5120/60000 (9%)]	loss=0.5007
2025-04-25T15:36:16Z INFO     Train Epoch: 4 [6400/60000 (11%)]	loss=0.5476
2025-04-25T15:36:16Z INFO     Train Epoch: 4 [7680/60000 (13%)]	loss=0.6103
2025-04-25T15:36:16Z INFO     Train Epoch: 4 [8960/60000 (15%)]	loss=0.4805
2025-04-25T15:36:16Z INFO     Train Epoch: 4 [10240/60000 (17%)]	loss=0.6004
2025-04-25T15:36:16Z INFO     Train Epoch: 4 [11520/60000 (19%)]	loss=0.4623
2025-04-25T15:36:16Z INFO     Train Epoch: 4 [12800/60000 (21%)]	loss=0.5900
2025-04-25T15:36:17Z INFO     Train Epoch: 4 [14080/60000 (23%)]	loss=0.5864
2025-04-25T15:36:17Z INFO     Train Epoch: 4 [15360/60000 (26%)]	loss=0.6085
2025-04-25T15:36:17Z INFO     Train Epoch: 4 [16640/60000 (28%)]	loss=0.5985
2025-04-25T15:36:17Z INFO     Train Epoch: 4 [17920/60000 (30%)]	loss=0.5379
2025-04-25T15:36:17Z INFO     Train Epoch: 4 [19200/60000 (32%)]	loss=0.5674
2025-04-25T15:36:17Z INFO     Train Epoch: 4 [20480/60000 (34%)]	loss=0.4886
2025-04-25T15:36:17Z INFO     Train Epoch: 4 [21760/60000 (36%)]	loss=0.5474
2025-04-25T15:36:17Z INFO     Train Epoch: 4 [23040/60000 (38%)]	loss=0.6159
2025-04-25T15:36:17Z INFO     Train Epoch: 4 [24320/60000 (41%)]	loss=0.4913
2025-04-25T15:36:18Z INFO     Train Epoch: 4 [25600/60000 (43%)]	loss=0.5094
2025-04-25T15:36:18Z INFO     Train Epoch: 4 [26880/60000 (45%)]	loss=0.6017
2025-04-25T15:36:18Z INFO     Train Epoch: 4 [28160/60000 (47%)]	loss=0.4006
2025-04-25T15:36:18Z INFO     Train Epoch: 4 [29440/60000 (49%)]	loss=0.4856
2025-04-25T15:36:18Z INFO     Train Epoch: 4 [30720/60000 (51%)]	loss=0.5147
2025-04-25T15:36:18Z INFO     Train Epoch: 4 [32000/60000 (53%)]	loss=0.4835
2025-04-25T15:36:18Z INFO     Train Epoch: 4 [33280/60000 (55%)]	loss=0.5308
2025-04-25T15:36:18Z INFO     Train Epoch: 4 [34560/60000 (58%)]	loss=0.5400
2025-04-25T15:36:18Z INFO     Train Epoch: 4 [35840/60000 (60%)]	loss=0.4961
2025-04-25T15:36:19Z INFO     Train Epoch: 4 [37120/60000 (62%)]	loss=0.4534
2025-04-25T15:36:19Z INFO     Train Epoch: 4 [38400/60000 (64%)]	loss=0.5635
2025-04-25T15:36:19Z INFO     Train Epoch: 4 [39680/60000 (66%)]	loss=0.4887
2025-04-25T15:36:19Z INFO     Train Epoch: 4 [40960/60000 (68%)]	loss=0.5184
2025-04-25T15:36:19Z INFO     Train Epoch: 4 [42240/60000 (70%)]	loss=0.6515
2025-04-25T15:36:19Z INFO     Train Epoch: 4 [43520/60000 (72%)]	loss=0.5735
2025-04-25T15:36:19Z INFO     Train Epoch: 4 [44800/60000 (75%)]	loss=0.6402
2025-04-25T15:36:19Z INFO     Train Epoch: 4 [46080/60000 (77%)]	loss=0.5459
2025-04-25T15:36:19Z INFO     Train Epoch: 4 [47360/60000 (79%)]	loss=0.4477
2025-04-25T15:36:20Z INFO     Train Epoch: 4 [48640/60000 (81%)]	loss=0.4377
2025-04-25T15:36:20Z INFO     Train Epoch: 4 [49920/60000 (83%)]	loss=0.5663
2025-04-25T15:36:20Z INFO     Train Epoch: 4 [51200/60000 (85%)]	loss=0.5475
2025-04-25T15:36:20Z INFO     Train Epoch: 4 [52480/60000 (87%)]	loss=0.4790
2025-04-25T15:36:20Z INFO     Train Epoch: 4 [53760/60000 (90%)]	loss=0.4880
2025-04-25T15:36:20Z INFO     Train Epoch: 4 [55040/60000 (92%)]	loss=0.5651
2025-04-25T15:36:20Z INFO     Train Epoch: 4 [56320/60000 (94%)]	loss=0.4392
2025-04-25T15:36:20Z INFO     Train Epoch: 4 [57600/60000 (96%)]	loss=0.3748
2025-04-25T15:36:20Z INFO     Train Epoch: 4 [58880/60000 (98%)]	loss=0.4249
2025-04-25T15:36:21Z INFO     {metricName: accuracy, metricValue: 0.8072};{metricName: loss, metricValue: 0.5315}


real	0m53.504s
user	0m59.614s
sys	0m15.597s
