Using CUDA
Using distributed PyTorch with nccl backend
2025-04-22T15:58:07Z INFO     Added key: store_based_barrier_key:1 to store for rank: 0
2025-04-22T15:58:07Z INFO     Rank 0: Completed store-based barrier for key:store_based_barrier_key:1 with 4 nodes.
2025-04-22T15:58:11Z INFO     Train Epoch: 1 [0/60000 (0%)]	loss=2.3015
2025-04-22T15:58:11Z INFO     Reducer buckets have been rebuilt in this iteration.
2025-04-22T15:58:12Z INFO     Train Epoch: 1 [1280/60000 (2%)]	loss=2.2863
2025-04-22T15:58:12Z INFO     Train Epoch: 1 [2560/60000 (4%)]	loss=2.2854
2025-04-22T15:58:13Z INFO     Train Epoch: 1 [3840/60000 (6%)]	loss=2.2727
2025-04-22T15:58:13Z INFO     Train Epoch: 1 [5120/60000 (9%)]	loss=2.2693
2025-04-22T15:58:14Z INFO     Train Epoch: 1 [6400/60000 (11%)]	loss=2.2500
2025-04-22T15:58:14Z INFO     Train Epoch: 1 [7680/60000 (13%)]	loss=2.2421
2025-04-22T15:58:15Z INFO     Train Epoch: 1 [8960/60000 (15%)]	loss=2.2029
2025-04-22T15:58:15Z INFO     Train Epoch: 1 [10240/60000 (17%)]	loss=2.1878
2025-04-22T15:58:16Z INFO     Train Epoch: 1 [11520/60000 (19%)]	loss=2.1321
2025-04-22T15:58:16Z INFO     Train Epoch: 1 [12800/60000 (21%)]	loss=2.0496
2025-04-22T15:58:17Z INFO     Train Epoch: 1 [14080/60000 (23%)]	loss=1.9476
2025-04-22T15:58:17Z INFO     Train Epoch: 1 [15360/60000 (26%)]	loss=1.7655
2025-04-22T15:58:17Z INFO     Train Epoch: 1 [16640/60000 (28%)]	loss=1.5975
2025-04-22T15:58:18Z INFO     Train Epoch: 1 [17920/60000 (30%)]	loss=1.3734
2025-04-22T15:58:18Z INFO     Train Epoch: 1 [19200/60000 (32%)]	loss=1.3090
2025-04-22T15:58:19Z INFO     Train Epoch: 1 [20480/60000 (34%)]	loss=1.1860
2025-04-22T15:58:19Z INFO     Train Epoch: 1 [21760/60000 (36%)]	loss=1.0811
2025-04-22T15:58:20Z INFO     Train Epoch: 1 [23040/60000 (38%)]	loss=1.0566
2025-04-22T15:58:20Z INFO     Train Epoch: 1 [24320/60000 (41%)]	loss=1.0199
2025-04-22T15:58:21Z INFO     Train Epoch: 1 [25600/60000 (43%)]	loss=0.9025
2025-04-22T15:58:21Z INFO     Train Epoch: 1 [26880/60000 (45%)]	loss=1.0213
2025-04-22T15:58:22Z INFO     Train Epoch: 1 [28160/60000 (47%)]	loss=1.0536
2025-04-22T15:58:22Z INFO     Train Epoch: 1 [29440/60000 (49%)]	loss=0.9025
2025-04-22T15:58:23Z INFO     Train Epoch: 1 [30720/60000 (51%)]	loss=0.7926
2025-04-22T15:58:23Z INFO     Train Epoch: 1 [32000/60000 (53%)]	loss=1.1954
2025-04-22T15:58:24Z INFO     Train Epoch: 1 [33280/60000 (55%)]	loss=1.0273
2025-04-22T15:58:24Z INFO     Train Epoch: 1 [34560/60000 (58%)]	loss=0.9578
2025-04-22T15:58:25Z INFO     Train Epoch: 1 [35840/60000 (60%)]	loss=0.7888
2025-04-22T15:58:25Z INFO     Train Epoch: 1 [37120/60000 (62%)]	loss=0.9336
2025-04-22T15:58:26Z INFO     Train Epoch: 1 [38400/60000 (64%)]	loss=0.9500
2025-04-22T15:58:26Z INFO     Train Epoch: 1 [39680/60000 (66%)]	loss=0.8620
2025-04-22T15:58:27Z INFO     Train Epoch: 1 [40960/60000 (68%)]	loss=0.8082
2025-04-22T15:58:27Z INFO     Train Epoch: 1 [42240/60000 (70%)]	loss=0.8867
2025-04-22T15:58:28Z INFO     Train Epoch: 1 [43520/60000 (72%)]	loss=0.9428
2025-04-22T15:58:28Z INFO     Train Epoch: 1 [44800/60000 (75%)]	loss=0.9363
2025-04-22T15:58:29Z INFO     Train Epoch: 1 [46080/60000 (77%)]	loss=0.8247
2025-04-22T15:58:29Z INFO     Train Epoch: 1 [47360/60000 (79%)]	loss=0.7679
2025-04-22T15:58:30Z INFO     Train Epoch: 1 [48640/60000 (81%)]	loss=0.8699
2025-04-22T15:58:30Z INFO     Train Epoch: 1 [49920/60000 (83%)]	loss=0.8697
2025-04-22T15:58:31Z INFO     Train Epoch: 1 [51200/60000 (85%)]	loss=0.7850
2025-04-22T15:58:31Z INFO     Train Epoch: 1 [52480/60000 (87%)]	loss=0.6917
2025-04-22T15:58:32Z INFO     Train Epoch: 1 [53760/60000 (90%)]	loss=0.8080
2025-04-22T15:58:32Z INFO     Train Epoch: 1 [55040/60000 (92%)]	loss=0.8793
2025-04-22T15:58:33Z INFO     Train Epoch: 1 [56320/60000 (94%)]	loss=0.8586
2025-04-22T15:58:33Z INFO     Train Epoch: 1 [57600/60000 (96%)]	loss=0.9280
2025-04-22T15:58:34Z INFO     Train Epoch: 1 [58880/60000 (98%)]	loss=0.7714
2025-04-22T15:58:35Z INFO     {metricName: accuracy, metricValue: 0.6874};{metricName: loss, metricValue: 0.8288}

2025-04-22T15:58:35Z INFO     Train Epoch: 2 [0/60000 (0%)]	loss=0.7510
2025-04-22T15:58:36Z INFO     Train Epoch: 2 [1280/60000 (2%)]	loss=0.6784
2025-04-22T15:58:36Z INFO     Train Epoch: 2 [2560/60000 (4%)]	loss=0.7750
2025-04-22T15:58:37Z INFO     Train Epoch: 2 [3840/60000 (6%)]	loss=0.7723
2025-04-22T15:58:37Z INFO     Train Epoch: 2 [5120/60000 (9%)]	loss=0.7503
2025-04-22T15:58:38Z INFO     Train Epoch: 2 [6400/60000 (11%)]	loss=0.7423
2025-04-22T15:58:38Z INFO     Train Epoch: 2 [7680/60000 (13%)]	loss=0.7569
2025-04-22T15:58:39Z INFO     Train Epoch: 2 [8960/60000 (15%)]	loss=0.6610
2025-04-22T15:58:39Z INFO     Train Epoch: 2 [10240/60000 (17%)]	loss=0.7506
2025-04-22T15:58:40Z INFO     Train Epoch: 2 [11520/60000 (19%)]	loss=0.6044
2025-04-22T15:58:40Z INFO     Train Epoch: 2 [12800/60000 (21%)]	loss=0.7414
2025-04-22T15:58:41Z INFO     Train Epoch: 2 [14080/60000 (23%)]	loss=0.6990
2025-04-22T15:58:41Z INFO     Train Epoch: 2 [15360/60000 (26%)]	loss=0.7801
2025-04-22T15:58:42Z INFO     Train Epoch: 2 [16640/60000 (28%)]	loss=0.6461
2025-04-22T15:58:42Z INFO     Train Epoch: 2 [17920/60000 (30%)]	loss=0.7491
2025-04-22T15:58:43Z INFO     Train Epoch: 2 [19200/60000 (32%)]	loss=0.5674
2025-04-22T15:58:43Z INFO     Train Epoch: 2 [20480/60000 (34%)]	loss=0.7976
2025-04-22T15:58:44Z INFO     Train Epoch: 2 [21760/60000 (36%)]	loss=0.6859
2025-04-22T15:58:44Z INFO     Train Epoch: 2 [23040/60000 (38%)]	loss=0.6715
2025-04-22T15:58:45Z INFO     Train Epoch: 2 [24320/60000 (41%)]	loss=0.6481
2025-04-22T15:58:45Z INFO     Train Epoch: 2 [25600/60000 (43%)]	loss=0.6500
2025-04-22T15:58:46Z INFO     Train Epoch: 2 [26880/60000 (45%)]	loss=0.7623
2025-04-22T15:58:46Z INFO     Train Epoch: 2 [28160/60000 (47%)]	loss=0.5765
2025-04-22T15:58:47Z INFO     Train Epoch: 2 [29440/60000 (49%)]	loss=0.8770
2025-04-22T15:58:47Z INFO     Train Epoch: 2 [30720/60000 (51%)]	loss=0.6960
2025-04-22T15:58:47Z INFO     Train Epoch: 2 [32000/60000 (53%)]	loss=0.7691
2025-04-22T15:58:48Z INFO     Train Epoch: 2 [33280/60000 (55%)]	loss=0.6697
2025-04-22T15:58:48Z INFO     Train Epoch: 2 [34560/60000 (58%)]	loss=0.5755
2025-04-22T15:58:49Z INFO     Train Epoch: 2 [35840/60000 (60%)]	loss=0.5408
2025-04-22T15:58:49Z INFO     Train Epoch: 2 [37120/60000 (62%)]	loss=0.7467
2025-04-22T15:58:50Z INFO     Train Epoch: 2 [38400/60000 (64%)]	loss=0.6822
2025-04-22T15:58:50Z INFO     Train Epoch: 2 [39680/60000 (66%)]	loss=0.6227
2025-04-22T15:58:51Z INFO     Train Epoch: 2 [40960/60000 (68%)]	loss=0.7632
2025-04-22T15:58:51Z INFO     Train Epoch: 2 [42240/60000 (70%)]	loss=0.7593
2025-04-22T15:58:52Z INFO     Train Epoch: 2 [43520/60000 (72%)]	loss=0.5802
2025-04-22T15:58:52Z INFO     Train Epoch: 2 [44800/60000 (75%)]	loss=0.5770
2025-04-22T15:58:53Z INFO     Train Epoch: 2 [46080/60000 (77%)]	loss=0.6860
2025-04-22T15:58:53Z INFO     Train Epoch: 2 [47360/60000 (79%)]	loss=0.7643
2025-04-22T15:58:54Z INFO     Train Epoch: 2 [48640/60000 (81%)]	loss=0.5824
2025-04-22T15:58:54Z INFO     Train Epoch: 2 [49920/60000 (83%)]	loss=0.7001
2025-04-22T15:58:55Z INFO     Train Epoch: 2 [51200/60000 (85%)]	loss=0.8275
2025-04-22T15:58:55Z INFO     Train Epoch: 2 [52480/60000 (87%)]	loss=0.5800
2025-04-22T15:58:56Z INFO     Train Epoch: 2 [53760/60000 (90%)]	loss=0.5225
2025-04-22T15:58:56Z INFO     Train Epoch: 2 [55040/60000 (92%)]	loss=0.6885
2025-04-22T15:58:57Z INFO     Train Epoch: 2 [56320/60000 (94%)]	loss=0.7080
2025-04-22T15:58:57Z INFO     Train Epoch: 2 [57600/60000 (96%)]	loss=0.5100
2025-04-22T15:58:58Z INFO     Train Epoch: 2 [58880/60000 (98%)]	loss=0.5992
2025-04-22T15:58:59Z INFO     {metricName: accuracy, metricValue: 0.7612};{metricName: loss, metricValue: 0.6535}

2025-04-22T15:58:59Z INFO     Train Epoch: 3 [0/60000 (0%)]	loss=0.5445
2025-04-22T15:59:00Z INFO     Train Epoch: 3 [1280/60000 (2%)]	loss=0.6458
2025-04-22T15:59:00Z INFO     Train Epoch: 3 [2560/60000 (4%)]	loss=0.5529
2025-04-22T15:59:01Z INFO     Train Epoch: 3 [3840/60000 (6%)]	loss=0.5130
2025-04-22T15:59:01Z INFO     Train Epoch: 3 [5120/60000 (9%)]	loss=0.5640
2025-04-22T15:59:02Z INFO     Train Epoch: 3 [6400/60000 (11%)]	loss=0.6531
2025-04-22T15:59:02Z INFO     Train Epoch: 3 [7680/60000 (13%)]	loss=0.5270
2025-04-22T15:59:03Z INFO     Train Epoch: 3 [8960/60000 (15%)]	loss=0.6375
2025-04-22T15:59:03Z INFO     Train Epoch: 3 [10240/60000 (17%)]	loss=0.6499
2025-04-22T15:59:04Z INFO     Train Epoch: 3 [11520/60000 (19%)]	loss=0.4754
2025-04-22T15:59:04Z INFO     Train Epoch: 3 [12800/60000 (21%)]	loss=0.6917
2025-04-22T15:59:05Z INFO     Train Epoch: 3 [14080/60000 (23%)]	loss=0.6609
2025-04-22T15:59:05Z INFO     Train Epoch: 3 [15360/60000 (26%)]	loss=0.7003
2025-04-22T15:59:06Z INFO     Train Epoch: 3 [16640/60000 (28%)]	loss=0.5780
2025-04-22T15:59:06Z INFO     Train Epoch: 3 [17920/60000 (30%)]	loss=0.6530
2025-04-22T15:59:07Z INFO     Train Epoch: 3 [19200/60000 (32%)]	loss=0.6461
2025-04-22T15:59:07Z INFO     Train Epoch: 3 [20480/60000 (34%)]	loss=0.6270
2025-04-22T15:59:08Z INFO     Train Epoch: 3 [21760/60000 (36%)]	loss=0.4615
2025-04-22T15:59:08Z INFO     Train Epoch: 3 [23040/60000 (38%)]	loss=0.7003
2025-04-22T15:59:09Z INFO     Train Epoch: 3 [24320/60000 (41%)]	loss=0.6118
2025-04-22T15:59:09Z INFO     Train Epoch: 3 [25600/60000 (43%)]	loss=0.5669
2025-04-22T15:59:10Z INFO     Train Epoch: 3 [26880/60000 (45%)]	loss=0.5177
2025-04-22T15:59:10Z INFO     Train Epoch: 3 [28160/60000 (47%)]	loss=0.6831
2025-04-22T15:59:11Z INFO     Train Epoch: 3 [29440/60000 (49%)]	loss=0.6089
2025-04-22T15:59:11Z INFO     Train Epoch: 3 [30720/60000 (51%)]	loss=0.6053
2025-04-22T15:59:12Z INFO     Train Epoch: 3 [32000/60000 (53%)]	loss=0.6259
2025-04-22T15:59:12Z INFO     Train Epoch: 3 [33280/60000 (55%)]	loss=0.6744
2025-04-22T15:59:13Z INFO     Train Epoch: 3 [34560/60000 (58%)]	loss=0.5914
2025-04-22T15:59:13Z INFO     Train Epoch: 3 [35840/60000 (60%)]	loss=0.5727
2025-04-22T15:59:14Z INFO     Train Epoch: 3 [37120/60000 (62%)]	loss=0.5757
2025-04-22T15:59:14Z INFO     Train Epoch: 3 [38400/60000 (64%)]	loss=0.4600
2025-04-22T15:59:15Z INFO     Train Epoch: 3 [39680/60000 (66%)]	loss=0.5211
2025-04-22T15:59:15Z INFO     Train Epoch: 3 [40960/60000 (68%)]	loss=0.5732
2025-04-22T15:59:16Z INFO     Train Epoch: 3 [42240/60000 (70%)]	loss=0.5983
2025-04-22T15:59:16Z INFO     Train Epoch: 3 [43520/60000 (72%)]	loss=0.7315
2025-04-22T15:59:17Z INFO     Train Epoch: 3 [44800/60000 (75%)]	loss=0.5758
2025-04-22T15:59:17Z INFO     Train Epoch: 3 [46080/60000 (77%)]	loss=0.5887
2025-04-22T15:59:18Z INFO     Train Epoch: 3 [47360/60000 (79%)]	loss=0.5965
2025-04-22T15:59:18Z INFO     Train Epoch: 3 [48640/60000 (81%)]	loss=0.5155
2025-04-22T15:59:19Z INFO     Train Epoch: 3 [49920/60000 (83%)]	loss=0.6283
2025-04-22T15:59:19Z INFO     Train Epoch: 3 [51200/60000 (85%)]	loss=0.6632
2025-04-22T15:59:20Z INFO     Train Epoch: 3 [52480/60000 (87%)]	loss=0.6336
2025-04-22T15:59:20Z INFO     Train Epoch: 3 [53760/60000 (90%)]	loss=0.6293
2025-04-22T15:59:21Z INFO     Train Epoch: 3 [55040/60000 (92%)]	loss=0.6007
2025-04-22T15:59:21Z INFO     Train Epoch: 3 [56320/60000 (94%)]	loss=0.6389
2025-04-22T15:59:22Z INFO     Train Epoch: 3 [57600/60000 (96%)]	loss=0.5193
2025-04-22T15:59:22Z INFO     Train Epoch: 3 [58880/60000 (98%)]	loss=0.7680
2025-04-22T15:59:23Z INFO     {metricName: accuracy, metricValue: 0.7758};{metricName: loss, metricValue: 0.5955}

2025-04-22T15:59:23Z INFO     Train Epoch: 4 [0/60000 (0%)]	loss=0.6226
2025-04-22T15:59:24Z INFO     Train Epoch: 4 [1280/60000 (2%)]	loss=0.5160
2025-04-22T15:59:24Z INFO     Train Epoch: 4 [2560/60000 (4%)]	loss=0.4978
2025-04-22T15:59:25Z INFO     Train Epoch: 4 [3840/60000 (6%)]	loss=0.5813
2025-04-22T15:59:25Z INFO     Train Epoch: 4 [5120/60000 (9%)]	loss=0.5004
2025-04-22T15:59:26Z INFO     Train Epoch: 4 [6400/60000 (11%)]	loss=0.5473
2025-04-22T15:59:26Z INFO     Train Epoch: 4 [7680/60000 (13%)]	loss=0.6096
2025-04-22T15:59:27Z INFO     Train Epoch: 4 [8960/60000 (15%)]	loss=0.4799
2025-04-22T15:59:27Z INFO     Train Epoch: 4 [10240/60000 (17%)]	loss=0.6019
2025-04-22T15:59:28Z INFO     Train Epoch: 4 [11520/60000 (19%)]	loss=0.4616
2025-04-22T15:59:28Z INFO     Train Epoch: 4 [12800/60000 (21%)]	loss=0.5888
2025-04-22T15:59:29Z INFO     Train Epoch: 4 [14080/60000 (23%)]	loss=0.5869
2025-04-22T15:59:29Z INFO     Train Epoch: 4 [15360/60000 (26%)]	loss=0.6101
2025-04-22T15:59:30Z INFO     Train Epoch: 4 [16640/60000 (28%)]	loss=0.5996
2025-04-22T15:59:30Z INFO     Train Epoch: 4 [17920/60000 (30%)]	loss=0.5385
2025-04-22T15:59:31Z INFO     Train Epoch: 4 [19200/60000 (32%)]	loss=0.5681
2025-04-22T15:59:31Z INFO     Train Epoch: 4 [20480/60000 (34%)]	loss=0.4882
2025-04-22T15:59:32Z INFO     Train Epoch: 4 [21760/60000 (36%)]	loss=0.5481
2025-04-22T15:59:32Z INFO     Train Epoch: 4 [23040/60000 (38%)]	loss=0.6166
2025-04-22T15:59:32Z INFO     Train Epoch: 4 [24320/60000 (41%)]	loss=0.4895
2025-04-22T15:59:33Z INFO     Train Epoch: 4 [25600/60000 (43%)]	loss=0.5086
2025-04-22T15:59:33Z INFO     Train Epoch: 4 [26880/60000 (45%)]	loss=0.6030
2025-04-22T15:59:34Z INFO     Train Epoch: 4 [28160/60000 (47%)]	loss=0.4014
2025-04-22T15:59:34Z INFO     Train Epoch: 4 [29440/60000 (49%)]	loss=0.4868
2025-04-22T15:59:35Z INFO     Train Epoch: 4 [30720/60000 (51%)]	loss=0.5154
2025-04-22T15:59:35Z INFO     Train Epoch: 4 [32000/60000 (53%)]	loss=0.4838
2025-04-22T15:59:36Z INFO     Train Epoch: 4 [33280/60000 (55%)]	loss=0.5328
2025-04-22T15:59:36Z INFO     Train Epoch: 4 [34560/60000 (58%)]	loss=0.5398
2025-04-22T15:59:37Z INFO     Train Epoch: 4 [35840/60000 (60%)]	loss=0.4978
2025-04-22T15:59:37Z INFO     Train Epoch: 4 [37120/60000 (62%)]	loss=0.4542
2025-04-22T15:59:38Z INFO     Train Epoch: 4 [38400/60000 (64%)]	loss=0.5638
2025-04-22T15:59:38Z INFO     Train Epoch: 4 [39680/60000 (66%)]	loss=0.4879
2025-04-22T15:59:39Z INFO     Train Epoch: 4 [40960/60000 (68%)]	loss=0.5181
2025-04-22T15:59:39Z INFO     Train Epoch: 4 [42240/60000 (70%)]	loss=0.6525
2025-04-22T15:59:39Z INFO     Train Epoch: 4 [43520/60000 (72%)]	loss=0.5746
2025-04-22T15:59:40Z INFO     Train Epoch: 4 [44800/60000 (75%)]	loss=0.6398
2025-04-22T15:59:40Z INFO     Train Epoch: 4 [46080/60000 (77%)]	loss=0.5469
2025-04-22T15:59:41Z INFO     Train Epoch: 4 [47360/60000 (79%)]	loss=0.4489
2025-04-22T15:59:41Z INFO     Train Epoch: 4 [48640/60000 (81%)]	loss=0.4376
2025-04-22T15:59:42Z INFO     Train Epoch: 4 [49920/60000 (83%)]	loss=0.5660
2025-04-22T15:59:42Z INFO     Train Epoch: 4 [51200/60000 (85%)]	loss=0.5502
2025-04-22T15:59:43Z INFO     Train Epoch: 4 [52480/60000 (87%)]	loss=0.4786
2025-04-22T15:59:43Z INFO     Train Epoch: 4 [53760/60000 (90%)]	loss=0.4870
2025-04-22T15:59:44Z INFO     Train Epoch: 4 [55040/60000 (92%)]	loss=0.5655
2025-04-22T15:59:44Z INFO     Train Epoch: 4 [56320/60000 (94%)]	loss=0.4380
2025-04-22T15:59:45Z INFO     Train Epoch: 4 [57600/60000 (96%)]	loss=0.3743
2025-04-22T15:59:45Z INFO     Train Epoch: 4 [58880/60000 (98%)]	loss=0.4254
2025-04-22T15:59:46Z INFO     {metricName: accuracy, metricValue: 0.8071};{metricName: loss, metricValue: 0.5311}


real	1m48.518s
user	2m34.346s
sys	1m5.319s
