Using CUDA
Took 0.08 seconds
2025-04-25T17:41:00Z INFO     Train Epoch: 1 [0/60000 (0%)]	loss=2.3015
2025-04-25T17:41:00Z INFO     Train Epoch: 1 [1280/60000 (2%)]	loss=2.2863
2025-04-25T17:41:00Z INFO     Train Epoch: 1 [2560/60000 (4%)]	loss=2.2854
2025-04-25T17:41:00Z INFO     Train Epoch: 1 [3840/60000 (6%)]	loss=2.2727
2025-04-25T17:41:00Z INFO     Train Epoch: 1 [5120/60000 (9%)]	loss=2.2693
2025-04-25T17:41:00Z INFO     Train Epoch: 1 [6400/60000 (11%)]	loss=2.2500
2025-04-25T17:41:00Z INFO     Train Epoch: 1 [7680/60000 (13%)]	loss=2.2421
2025-04-25T17:41:00Z INFO     Train Epoch: 1 [8960/60000 (15%)]	loss=2.2029
2025-04-25T17:41:01Z INFO     Train Epoch: 1 [10240/60000 (17%)]	loss=2.1879
2025-04-25T17:41:01Z INFO     Train Epoch: 1 [11520/60000 (19%)]	loss=2.1322
2025-04-25T17:41:01Z INFO     Train Epoch: 1 [12800/60000 (21%)]	loss=2.0498
2025-04-25T17:41:01Z INFO     Train Epoch: 1 [14080/60000 (23%)]	loss=1.9478
2025-04-25T17:41:01Z INFO     Train Epoch: 1 [15360/60000 (26%)]	loss=1.7658
2025-04-25T17:41:01Z INFO     Train Epoch: 1 [16640/60000 (28%)]	loss=1.5978
2025-04-25T17:41:01Z INFO     Train Epoch: 1 [17920/60000 (30%)]	loss=1.3736
2025-04-25T17:41:01Z INFO     Train Epoch: 1 [19200/60000 (32%)]	loss=1.3089
2025-04-25T17:41:01Z INFO     Train Epoch: 1 [20480/60000 (34%)]	loss=1.1873
2025-04-25T17:41:02Z INFO     Train Epoch: 1 [21760/60000 (36%)]	loss=1.0814
2025-04-25T17:41:02Z INFO     Train Epoch: 1 [23040/60000 (38%)]	loss=1.0571
2025-04-25T17:41:02Z INFO     Train Epoch: 1 [24320/60000 (41%)]	loss=1.0202
2025-04-25T17:41:02Z INFO     Train Epoch: 1 [25600/60000 (43%)]	loss=0.9028
2025-04-25T17:41:02Z INFO     Train Epoch: 1 [26880/60000 (45%)]	loss=1.0206
2025-04-25T17:41:02Z INFO     Train Epoch: 1 [28160/60000 (47%)]	loss=1.0540
2025-04-25T17:41:02Z INFO     Train Epoch: 1 [29440/60000 (49%)]	loss=0.9021
2025-04-25T17:41:02Z INFO     Train Epoch: 1 [30720/60000 (51%)]	loss=0.7917
2025-04-25T17:41:02Z INFO     Train Epoch: 1 [32000/60000 (53%)]	loss=1.1951
2025-04-25T17:41:03Z INFO     Train Epoch: 1 [33280/60000 (55%)]	loss=1.0270
2025-04-25T17:41:03Z INFO     Train Epoch: 1 [34560/60000 (58%)]	loss=0.9581
2025-04-25T17:41:03Z INFO     Train Epoch: 1 [35840/60000 (60%)]	loss=0.7889
2025-04-25T17:41:03Z INFO     Train Epoch: 1 [37120/60000 (62%)]	loss=0.9324
2025-04-25T17:41:03Z INFO     Train Epoch: 1 [38400/60000 (64%)]	loss=0.9522
2025-04-25T17:41:03Z INFO     Train Epoch: 1 [39680/60000 (66%)]	loss=0.8624
2025-04-25T17:41:03Z INFO     Train Epoch: 1 [40960/60000 (68%)]	loss=0.8083
2025-04-25T17:41:03Z INFO     Train Epoch: 1 [42240/60000 (70%)]	loss=0.8880
2025-04-25T17:41:03Z INFO     Train Epoch: 1 [43520/60000 (72%)]	loss=0.9443
2025-04-25T17:41:04Z INFO     Train Epoch: 1 [44800/60000 (75%)]	loss=0.9366
2025-04-25T17:41:04Z INFO     Train Epoch: 1 [46080/60000 (77%)]	loss=0.8245
2025-04-25T17:41:04Z INFO     Train Epoch: 1 [47360/60000 (79%)]	loss=0.7683
2025-04-25T17:41:04Z INFO     Train Epoch: 1 [48640/60000 (81%)]	loss=0.8697
2025-04-25T17:41:04Z INFO     Train Epoch: 1 [49920/60000 (83%)]	loss=0.8686
2025-04-25T17:41:04Z INFO     Train Epoch: 1 [51200/60000 (85%)]	loss=0.7847
2025-04-25T17:41:04Z INFO     Train Epoch: 1 [52480/60000 (87%)]	loss=0.6907
2025-04-25T17:41:04Z INFO     Train Epoch: 1 [53760/60000 (90%)]	loss=0.8077
2025-04-25T17:41:05Z INFO     Train Epoch: 1 [55040/60000 (92%)]	loss=0.8785
2025-04-25T17:41:05Z INFO     Train Epoch: 1 [56320/60000 (94%)]	loss=0.8600
2025-04-25T17:41:05Z INFO     Train Epoch: 1 [57600/60000 (96%)]	loss=0.9264
2025-04-25T17:41:05Z INFO     Train Epoch: 1 [58880/60000 (98%)]	loss=0.7709
2025-04-25T17:41:06Z INFO     {metricName: accuracy, metricValue: 0.6870};{metricName: loss, metricValue: 0.8289}

2025-04-25T17:41:06Z INFO     Train Epoch: 2 [0/60000 (0%)]	loss=0.7517
2025-04-25T17:41:06Z INFO     Train Epoch: 2 [1280/60000 (2%)]	loss=0.6793
2025-04-25T17:41:06Z INFO     Train Epoch: 2 [2560/60000 (4%)]	loss=0.7750
2025-04-25T17:41:06Z INFO     Train Epoch: 2 [3840/60000 (6%)]	loss=0.7714
2025-04-25T17:41:06Z INFO     Train Epoch: 2 [5120/60000 (9%)]	loss=0.7502
2025-04-25T17:41:06Z INFO     Train Epoch: 2 [6400/60000 (11%)]	loss=0.7434
2025-04-25T17:41:07Z INFO     Train Epoch: 2 [7680/60000 (13%)]	loss=0.7573
2025-04-25T17:41:07Z INFO     Train Epoch: 2 [8960/60000 (15%)]	loss=0.6597
2025-04-25T17:41:07Z INFO     Train Epoch: 2 [10240/60000 (17%)]	loss=0.7541
2025-04-25T17:41:07Z INFO     Train Epoch: 2 [11520/60000 (19%)]	loss=0.6048
2025-04-25T17:41:07Z INFO     Train Epoch: 2 [12800/60000 (21%)]	loss=0.7411
2025-04-25T17:41:07Z INFO     Train Epoch: 2 [14080/60000 (23%)]	loss=0.6996
2025-04-25T17:41:07Z INFO     Train Epoch: 2 [15360/60000 (26%)]	loss=0.7801
2025-04-25T17:41:07Z INFO     Train Epoch: 2 [16640/60000 (28%)]	loss=0.6455
2025-04-25T17:41:07Z INFO     Train Epoch: 2 [17920/60000 (30%)]	loss=0.7494
2025-04-25T17:41:08Z INFO     Train Epoch: 2 [19200/60000 (32%)]	loss=0.5676
2025-04-25T17:41:08Z INFO     Train Epoch: 2 [20480/60000 (34%)]	loss=0.7986
2025-04-25T17:41:08Z INFO     Train Epoch: 2 [21760/60000 (36%)]	loss=0.6863
2025-04-25T17:41:08Z INFO     Train Epoch: 2 [23040/60000 (38%)]	loss=0.6719
2025-04-25T17:41:08Z INFO     Train Epoch: 2 [24320/60000 (41%)]	loss=0.6478
2025-04-25T17:41:08Z INFO     Train Epoch: 2 [25600/60000 (43%)]	loss=0.6495
2025-04-25T17:41:08Z INFO     Train Epoch: 2 [26880/60000 (45%)]	loss=0.7618
2025-04-25T17:41:08Z INFO     Train Epoch: 2 [28160/60000 (47%)]	loss=0.5771
2025-04-25T17:41:08Z INFO     Train Epoch: 2 [29440/60000 (49%)]	loss=0.8759
2025-04-25T17:41:09Z INFO     Train Epoch: 2 [30720/60000 (51%)]	loss=0.6960
2025-04-25T17:41:09Z INFO     Train Epoch: 2 [32000/60000 (53%)]	loss=0.7683
2025-04-25T17:41:09Z INFO     Train Epoch: 2 [33280/60000 (55%)]	loss=0.6710
2025-04-25T17:41:09Z INFO     Train Epoch: 2 [34560/60000 (58%)]	loss=0.5752
2025-04-25T17:41:09Z INFO     Train Epoch: 2 [35840/60000 (60%)]	loss=0.5419
2025-04-25T17:41:09Z INFO     Train Epoch: 2 [37120/60000 (62%)]	loss=0.7488
2025-04-25T17:41:09Z INFO     Train Epoch: 2 [38400/60000 (64%)]	loss=0.6816
2025-04-25T17:41:09Z INFO     Train Epoch: 2 [39680/60000 (66%)]	loss=0.6236
2025-04-25T17:41:09Z INFO     Train Epoch: 2 [40960/60000 (68%)]	loss=0.7630
2025-04-25T17:41:10Z INFO     Train Epoch: 2 [42240/60000 (70%)]	loss=0.7598
2025-04-25T17:41:10Z INFO     Train Epoch: 2 [43520/60000 (72%)]	loss=0.5803
2025-04-25T17:41:10Z INFO     Train Epoch: 2 [44800/60000 (75%)]	loss=0.5781
2025-04-25T17:41:10Z INFO     Train Epoch: 2 [46080/60000 (77%)]	loss=0.6858
2025-04-25T17:41:10Z INFO     Train Epoch: 2 [47360/60000 (79%)]	loss=0.7651
2025-04-25T17:41:10Z INFO     Train Epoch: 2 [48640/60000 (81%)]	loss=0.5818
2025-04-25T17:41:10Z INFO     Train Epoch: 2 [49920/60000 (83%)]	loss=0.6975
2025-04-25T17:41:10Z INFO     Train Epoch: 2 [51200/60000 (85%)]	loss=0.8259
2025-04-25T17:41:10Z INFO     Train Epoch: 2 [52480/60000 (87%)]	loss=0.5801
2025-04-25T17:41:11Z INFO     Train Epoch: 2 [53760/60000 (90%)]	loss=0.5228
2025-04-25T17:41:11Z INFO     Train Epoch: 2 [55040/60000 (92%)]	loss=0.6880
2025-04-25T17:41:11Z INFO     Train Epoch: 2 [56320/60000 (94%)]	loss=0.7077
2025-04-25T17:41:11Z INFO     Train Epoch: 2 [57600/60000 (96%)]	loss=0.5105
2025-04-25T17:41:11Z INFO     Train Epoch: 2 [58880/60000 (98%)]	loss=0.5990
2025-04-25T17:41:12Z INFO     {metricName: accuracy, metricValue: 0.7610};{metricName: loss, metricValue: 0.6532}

2025-04-25T17:41:12Z INFO     Train Epoch: 3 [0/60000 (0%)]	loss=0.5431
2025-04-25T17:41:12Z INFO     Train Epoch: 3 [1280/60000 (2%)]	loss=0.6453
2025-04-25T17:41:12Z INFO     Train Epoch: 3 [2560/60000 (4%)]	loss=0.5525
2025-04-25T17:41:12Z INFO     Train Epoch: 3 [3840/60000 (6%)]	loss=0.5117
2025-04-25T17:41:12Z INFO     Train Epoch: 3 [5120/60000 (9%)]	loss=0.5641
2025-04-25T17:41:13Z INFO     Train Epoch: 3 [6400/60000 (11%)]	loss=0.6516
2025-04-25T17:41:13Z INFO     Train Epoch: 3 [7680/60000 (13%)]	loss=0.5271
2025-04-25T17:41:13Z INFO     Train Epoch: 3 [8960/60000 (15%)]	loss=0.6361
2025-04-25T17:41:13Z INFO     Train Epoch: 3 [10240/60000 (17%)]	loss=0.6495
2025-04-25T17:41:13Z INFO     Train Epoch: 3 [11520/60000 (19%)]	loss=0.4755
2025-04-25T17:41:13Z INFO     Train Epoch: 3 [12800/60000 (21%)]	loss=0.6910
2025-04-25T17:41:13Z INFO     Train Epoch: 3 [14080/60000 (23%)]	loss=0.6602
2025-04-25T17:41:13Z INFO     Train Epoch: 3 [15360/60000 (26%)]	loss=0.7000
2025-04-25T17:41:14Z INFO     Train Epoch: 3 [16640/60000 (28%)]	loss=0.5777
2025-04-25T17:41:14Z INFO     Train Epoch: 3 [17920/60000 (30%)]	loss=0.6531
2025-04-25T17:41:14Z INFO     Train Epoch: 3 [19200/60000 (32%)]	loss=0.6458
2025-04-25T17:41:14Z INFO     Train Epoch: 3 [20480/60000 (34%)]	loss=0.6262
2025-04-25T17:41:14Z INFO     Train Epoch: 3 [21760/60000 (36%)]	loss=0.4616
2025-04-25T17:41:14Z INFO     Train Epoch: 3 [23040/60000 (38%)]	loss=0.6996
2025-04-25T17:41:14Z INFO     Train Epoch: 3 [24320/60000 (41%)]	loss=0.6115
2025-04-25T17:41:14Z INFO     Train Epoch: 3 [25600/60000 (43%)]	loss=0.5655
2025-04-25T17:41:14Z INFO     Train Epoch: 3 [26880/60000 (45%)]	loss=0.5166
2025-04-25T17:41:15Z INFO     Train Epoch: 3 [28160/60000 (47%)]	loss=0.6817
2025-04-25T17:41:15Z INFO     Train Epoch: 3 [29440/60000 (49%)]	loss=0.6088
2025-04-25T17:41:15Z INFO     Train Epoch: 3 [30720/60000 (51%)]	loss=0.6052
2025-04-25T17:41:15Z INFO     Train Epoch: 3 [32000/60000 (53%)]	loss=0.6245
2025-04-25T17:41:15Z INFO     Train Epoch: 3 [33280/60000 (55%)]	loss=0.6740
2025-04-25T17:41:15Z INFO     Train Epoch: 3 [34560/60000 (58%)]	loss=0.5916
2025-04-25T17:41:15Z INFO     Train Epoch: 3 [35840/60000 (60%)]	loss=0.5696
2025-04-25T17:41:15Z INFO     Train Epoch: 3 [37120/60000 (62%)]	loss=0.5748
2025-04-25T17:41:15Z INFO     Train Epoch: 3 [38400/60000 (64%)]	loss=0.4594
2025-04-25T17:41:16Z INFO     Train Epoch: 3 [39680/60000 (66%)]	loss=0.5206
2025-04-25T17:41:16Z INFO     Train Epoch: 3 [40960/60000 (68%)]	loss=0.5722
2025-04-25T17:41:16Z INFO     Train Epoch: 3 [42240/60000 (70%)]	loss=0.5985
2025-04-25T17:41:16Z INFO     Train Epoch: 3 [43520/60000 (72%)]	loss=0.7324
2025-04-25T17:41:16Z INFO     Train Epoch: 3 [44800/60000 (75%)]	loss=0.5744
2025-04-25T17:41:16Z INFO     Train Epoch: 3 [46080/60000 (77%)]	loss=0.5903
2025-04-25T17:41:16Z INFO     Train Epoch: 3 [47360/60000 (79%)]	loss=0.5955
2025-04-25T17:41:16Z INFO     Train Epoch: 3 [48640/60000 (81%)]	loss=0.5154
2025-04-25T17:41:16Z INFO     Train Epoch: 3 [49920/60000 (83%)]	loss=0.6282
2025-04-25T17:41:17Z INFO     Train Epoch: 3 [51200/60000 (85%)]	loss=0.6655
2025-04-25T17:41:17Z INFO     Train Epoch: 3 [52480/60000 (87%)]	loss=0.6350
2025-04-25T17:41:17Z INFO     Train Epoch: 3 [53760/60000 (90%)]	loss=0.6296
2025-04-25T17:41:17Z INFO     Train Epoch: 3 [55040/60000 (92%)]	loss=0.6008
2025-04-25T17:41:17Z INFO     Train Epoch: 3 [56320/60000 (94%)]	loss=0.6392
2025-04-25T17:41:17Z INFO     Train Epoch: 3 [57600/60000 (96%)]	loss=0.5180
2025-04-25T17:41:17Z INFO     Train Epoch: 3 [58880/60000 (98%)]	loss=0.7673
2025-04-25T17:41:18Z INFO     {metricName: accuracy, metricValue: 0.7758};{metricName: loss, metricValue: 0.5952}

2025-04-25T17:41:18Z INFO     Train Epoch: 4 [0/60000 (0%)]	loss=0.6220
2025-04-25T17:41:18Z INFO     Train Epoch: 4 [1280/60000 (2%)]	loss=0.5146
2025-04-25T17:41:18Z INFO     Train Epoch: 4 [2560/60000 (4%)]	loss=0.4976
2025-04-25T17:41:19Z INFO     Train Epoch: 4 [3840/60000 (6%)]	loss=0.5826
2025-04-25T17:41:19Z INFO     Train Epoch: 4 [5120/60000 (9%)]	loss=0.5013
2025-04-25T17:41:19Z INFO     Train Epoch: 4 [6400/60000 (11%)]	loss=0.5475
2025-04-25T17:41:19Z INFO     Train Epoch: 4 [7680/60000 (13%)]	loss=0.6088
2025-04-25T17:41:19Z INFO     Train Epoch: 4 [8960/60000 (15%)]	loss=0.4795
2025-04-25T17:41:19Z INFO     Train Epoch: 4 [10240/60000 (17%)]	loss=0.6004
2025-04-25T17:41:19Z INFO     Train Epoch: 4 [11520/60000 (19%)]	loss=0.4618
2025-04-25T17:41:19Z INFO     Train Epoch: 4 [12800/60000 (21%)]	loss=0.5890
2025-04-25T17:41:20Z INFO     Train Epoch: 4 [14080/60000 (23%)]	loss=0.5862
2025-04-25T17:41:20Z INFO     Train Epoch: 4 [15360/60000 (26%)]	loss=0.6089
2025-04-25T17:41:20Z INFO     Train Epoch: 4 [16640/60000 (28%)]	loss=0.5986
2025-04-25T17:41:20Z INFO     Train Epoch: 4 [17920/60000 (30%)]	loss=0.5385
2025-04-25T17:41:20Z INFO     Train Epoch: 4 [19200/60000 (32%)]	loss=0.5677
2025-04-25T17:41:20Z INFO     Train Epoch: 4 [20480/60000 (34%)]	loss=0.4879
2025-04-25T17:41:20Z INFO     Train Epoch: 4 [21760/60000 (36%)]	loss=0.5474
2025-04-25T17:41:20Z INFO     Train Epoch: 4 [23040/60000 (38%)]	loss=0.6153
2025-04-25T17:41:20Z INFO     Train Epoch: 4 [24320/60000 (41%)]	loss=0.4893
2025-04-25T17:41:21Z INFO     Train Epoch: 4 [25600/60000 (43%)]	loss=0.5092
2025-04-25T17:41:21Z INFO     Train Epoch: 4 [26880/60000 (45%)]	loss=0.6020
2025-04-25T17:41:21Z INFO     Train Epoch: 4 [28160/60000 (47%)]	loss=0.4020
2025-04-25T17:41:21Z INFO     Train Epoch: 4 [29440/60000 (49%)]	loss=0.4857
2025-04-25T17:41:21Z INFO     Train Epoch: 4 [30720/60000 (51%)]	loss=0.5150
2025-04-25T17:41:21Z INFO     Train Epoch: 4 [32000/60000 (53%)]	loss=0.4825
2025-04-25T17:41:21Z INFO     Train Epoch: 4 [33280/60000 (55%)]	loss=0.5316
2025-04-25T17:41:21Z INFO     Train Epoch: 4 [34560/60000 (58%)]	loss=0.5404
2025-04-25T17:41:21Z INFO     Train Epoch: 4 [35840/60000 (60%)]	loss=0.4962
2025-04-25T17:41:22Z INFO     Train Epoch: 4 [37120/60000 (62%)]	loss=0.4533
2025-04-25T17:41:22Z INFO     Train Epoch: 4 [38400/60000 (64%)]	loss=0.5644
2025-04-25T17:41:22Z INFO     Train Epoch: 4 [39680/60000 (66%)]	loss=0.4884
2025-04-25T17:41:22Z INFO     Train Epoch: 4 [40960/60000 (68%)]	loss=0.5178
2025-04-25T17:41:22Z INFO     Train Epoch: 4 [42240/60000 (70%)]	loss=0.6531
2025-04-25T17:41:22Z INFO     Train Epoch: 4 [43520/60000 (72%)]	loss=0.5729
2025-04-25T17:41:22Z INFO     Train Epoch: 4 [44800/60000 (75%)]	loss=0.6397
2025-04-25T17:41:22Z INFO     Train Epoch: 4 [46080/60000 (77%)]	loss=0.5467
2025-04-25T17:41:22Z INFO     Train Epoch: 4 [47360/60000 (79%)]	loss=0.4490
2025-04-25T17:41:23Z INFO     Train Epoch: 4 [48640/60000 (81%)]	loss=0.4362
2025-04-25T17:41:23Z INFO     Train Epoch: 4 [49920/60000 (83%)]	loss=0.5660
2025-04-25T17:41:23Z INFO     Train Epoch: 4 [51200/60000 (85%)]	loss=0.5481
2025-04-25T17:41:23Z INFO     Train Epoch: 4 [52480/60000 (87%)]	loss=0.4788
2025-04-25T17:41:23Z INFO     Train Epoch: 4 [53760/60000 (90%)]	loss=0.4860
2025-04-25T17:41:23Z INFO     Train Epoch: 4 [55040/60000 (92%)]	loss=0.5658
2025-04-25T17:41:23Z INFO     Train Epoch: 4 [56320/60000 (94%)]	loss=0.4385
2025-04-25T17:41:23Z INFO     Train Epoch: 4 [57600/60000 (96%)]	loss=0.3728
2025-04-25T17:41:23Z INFO     Train Epoch: 4 [58880/60000 (98%)]	loss=0.4259
2025-04-25T17:41:24Z INFO     {metricName: accuracy, metricValue: 0.8076};{metricName: loss, metricValue: 0.5307}

Took total 28.29 seconds
Took after init_process_group 28.21 seconds

real	0m29.411s
user	0m34.017s
sys	0m6.898s
