Using CUDA
Using distributed PyTorch with nccl backend
2025-04-25T17:03:45Z INFO     Added key: store_based_barrier_key:1 to store for rank: 0
2025-04-25T17:03:45Z INFO     Rank 0: Completed store-based barrier for key:store_based_barrier_key:1 with 4 nodes.
pytorch-mnist-master-0:39:39 [0] NCCL INFO Bootstrap : Using eth0:10.244.3.22<0>
pytorch-mnist-master-0:39:39 [0] NCCL INFO NET/Plugin : No plugin found (libnccl-net.so), using internal implementation
pytorch-mnist-master-0:39:39 [0] NCCL INFO NET/IB : Using [0]mlx5_0:1/IB ; OOB eth0:10.244.3.22<0>
pytorch-mnist-master-0:39:39 [0] NCCL INFO Using network IB
NCCL version 2.10.3+cuda10.2
pytorch-mnist-master-0:39:125 [0] NCCL INFO NET/IB : GPU Direct RDMA Disabled for HCA 0 'mlx5_0' (no module)
pytorch-mnist-master-0:39:125 [0] NCCL INFO NET/IB : GPU Direct RDMA Disabled for HCA 0 'mlx5_0' (no module)
pytorch-mnist-master-0:39:125 [0] NCCL INFO Channel 00/02 :    0   1   2   3
pytorch-mnist-master-0:39:125 [0] NCCL INFO Channel 01/02 :    0   1   2   3
pytorch-mnist-master-0:39:125 [0] NCCL INFO Trees [0] 2/-1/-1->0->-1 [1] -1/-1/-1->0->1
pytorch-mnist-master-0:39:125 [0] NCCL INFO Setting affinity for GPU 0 to 0fffff
pytorch-mnist-master-0:39:125 [0] NCCL INFO Channel 00 : 3[100000] -> 0[100000] [receive] via NET/IB/0
pytorch-mnist-master-0:39:125 [0] NCCL INFO Channel 01 : 3[100000] -> 0[100000] [receive] via NET/IB/0
pytorch-mnist-master-0:39:125 [0] NCCL INFO Channel 00 : 0[100000] -> 1[100000] [send] via NET/IB/0
pytorch-mnist-master-0:39:125 [0] NCCL INFO Channel 01 : 0[100000] -> 1[100000] [send] via NET/IB/0
pytorch-mnist-master-0:39:125 [0] NCCL INFO NET/IB: Dev 0 Port 1 qpn 362 mtu 5 LID 151
pytorch-mnist-master-0:39:125 [0] NCCL INFO NET/IB: Dev 0 Port 1 qpn 363 mtu 5 LID 151
pytorch-mnist-master-0:39:125 [0] NCCL INFO Connected all rings
pytorch-mnist-master-0:39:125 [0] NCCL INFO Channel 00 : 2[100000] -> 0[100000] [receive] via NET/IB/0
pytorch-mnist-master-0:39:125 [0] NCCL INFO Channel 00 : 0[100000] -> 2[100000] [send] via NET/IB/0
pytorch-mnist-master-0:39:125 [0] NCCL INFO NET/IB: Dev 0 Port 1 qpn 333 mtu 5 LID 151
pytorch-mnist-master-0:39:125 [0] NCCL INFO Channel 01 : 1[100000] -> 0[100000] [receive] via NET/IB/0
pytorch-mnist-master-0:39:125 [0] NCCL INFO Connected all trees
pytorch-mnist-master-0:39:125 [0] NCCL INFO threadThresholds 8/8/64 | 32/8/64 | 8/8/512
pytorch-mnist-master-0:39:125 [0] NCCL INFO 2 coll channels, 2 p2p channels, 1 p2p channels per peer
pytorch-mnist-master-0:39:125 [0] NCCL INFO comm 0x72aa5c001360 rank 0 nranks 4 cudaDev 0 busId 100000 - Init COMPLETE
pytorch-mnist-master-0:39:39 [0] NCCL INFO Launch mode Parallel
2025-04-25T17:03:49Z INFO     Train Epoch: 1 [0/60000 (0%)]	loss=2.3015
2025-04-25T17:03:49Z INFO     Reducer buckets have been rebuilt in this iteration.
2025-04-25T17:03:49Z INFO     Train Epoch: 1 [1280/60000 (2%)]	loss=2.2863
2025-04-25T17:03:49Z INFO     Train Epoch: 1 [2560/60000 (4%)]	loss=2.2854
2025-04-25T17:03:49Z INFO     Train Epoch: 1 [3840/60000 (6%)]	loss=2.2727
2025-04-25T17:03:49Z INFO     Train Epoch: 1 [5120/60000 (9%)]	loss=2.2693
2025-04-25T17:03:49Z INFO     Train Epoch: 1 [6400/60000 (11%)]	loss=2.2500
2025-04-25T17:03:49Z INFO     Train Epoch: 1 [7680/60000 (13%)]	loss=2.2421
2025-04-25T17:03:49Z INFO     Train Epoch: 1 [8960/60000 (15%)]	loss=2.2029
2025-04-25T17:03:49Z INFO     Train Epoch: 1 [10240/60000 (17%)]	loss=2.1878
2025-04-25T17:03:50Z INFO     Train Epoch: 1 [11520/60000 (19%)]	loss=2.1322
2025-04-25T17:03:50Z INFO     Train Epoch: 1 [12800/60000 (21%)]	loss=2.0497
2025-04-25T17:03:50Z INFO     Train Epoch: 1 [14080/60000 (23%)]	loss=1.9475
2025-04-25T17:03:50Z INFO     Train Epoch: 1 [15360/60000 (26%)]	loss=1.7655
2025-04-25T17:03:50Z INFO     Train Epoch: 1 [16640/60000 (28%)]	loss=1.5975
2025-04-25T17:03:50Z INFO     Train Epoch: 1 [17920/60000 (30%)]	loss=1.3733
2025-04-25T17:03:50Z INFO     Train Epoch: 1 [19200/60000 (32%)]	loss=1.3090
2025-04-25T17:03:50Z INFO     Train Epoch: 1 [20480/60000 (34%)]	loss=1.1869
2025-04-25T17:03:50Z INFO     Train Epoch: 1 [21760/60000 (36%)]	loss=1.0811
2025-04-25T17:03:51Z INFO     Train Epoch: 1 [23040/60000 (38%)]	loss=1.0568
2025-04-25T17:03:51Z INFO     Train Epoch: 1 [24320/60000 (41%)]	loss=1.0196
2025-04-25T17:03:51Z INFO     Train Epoch: 1 [25600/60000 (43%)]	loss=0.9025
2025-04-25T17:03:51Z INFO     Train Epoch: 1 [26880/60000 (45%)]	loss=1.0208
2025-04-25T17:03:51Z INFO     Train Epoch: 1 [28160/60000 (47%)]	loss=1.0539
2025-04-25T17:03:51Z INFO     Train Epoch: 1 [29440/60000 (49%)]	loss=0.9029
2025-04-25T17:03:51Z INFO     Train Epoch: 1 [30720/60000 (51%)]	loss=0.7922
2025-04-25T17:03:51Z INFO     Train Epoch: 1 [32000/60000 (53%)]	loss=1.1946
2025-04-25T17:03:51Z INFO     Train Epoch: 1 [33280/60000 (55%)]	loss=1.0281
2025-04-25T17:03:52Z INFO     Train Epoch: 1 [34560/60000 (58%)]	loss=0.9579
2025-04-25T17:03:52Z INFO     Train Epoch: 1 [35840/60000 (60%)]	loss=0.7863
2025-04-25T17:03:52Z INFO     Train Epoch: 1 [37120/60000 (62%)]	loss=0.9322
2025-04-25T17:03:52Z INFO     Train Epoch: 1 [38400/60000 (64%)]	loss=0.9521
2025-04-25T17:03:52Z INFO     Train Epoch: 1 [39680/60000 (66%)]	loss=0.8613
2025-04-25T17:03:52Z INFO     Train Epoch: 1 [40960/60000 (68%)]	loss=0.8085
2025-04-25T17:03:52Z INFO     Train Epoch: 1 [42240/60000 (70%)]	loss=0.8853
2025-04-25T17:03:52Z INFO     Train Epoch: 1 [43520/60000 (72%)]	loss=0.9449
2025-04-25T17:03:53Z INFO     Train Epoch: 1 [44800/60000 (75%)]	loss=0.9357
2025-04-25T17:03:53Z INFO     Train Epoch: 1 [46080/60000 (77%)]	loss=0.8234
2025-04-25T17:03:53Z INFO     Train Epoch: 1 [47360/60000 (79%)]	loss=0.7678
2025-04-25T17:03:53Z INFO     Train Epoch: 1 [48640/60000 (81%)]	loss=0.8706
2025-04-25T17:03:53Z INFO     Train Epoch: 1 [49920/60000 (83%)]	loss=0.8692
2025-04-25T17:03:53Z INFO     Train Epoch: 1 [51200/60000 (85%)]	loss=0.7849
2025-04-25T17:03:53Z INFO     Train Epoch: 1 [52480/60000 (87%)]	loss=0.6899
2025-04-25T17:03:53Z INFO     Train Epoch: 1 [53760/60000 (90%)]	loss=0.8090
2025-04-25T17:03:53Z INFO     Train Epoch: 1 [55040/60000 (92%)]	loss=0.8779
2025-04-25T17:03:54Z INFO     Train Epoch: 1 [56320/60000 (94%)]	loss=0.8601
2025-04-25T17:03:54Z INFO     Train Epoch: 1 [57600/60000 (96%)]	loss=0.9265
2025-04-25T17:03:54Z INFO     Train Epoch: 1 [58880/60000 (98%)]	loss=0.7715
2025-04-25T17:03:55Z INFO     {metricName: accuracy, metricValue: 0.6874};{metricName: loss, metricValue: 0.8284}

2025-04-25T17:03:55Z INFO     Train Epoch: 2 [0/60000 (0%)]	loss=0.7510
2025-04-25T17:03:55Z INFO     Train Epoch: 2 [1280/60000 (2%)]	loss=0.6787
2025-04-25T17:03:55Z INFO     Train Epoch: 2 [2560/60000 (4%)]	loss=0.7746
2025-04-25T17:03:55Z INFO     Train Epoch: 2 [3840/60000 (6%)]	loss=0.7724
2025-04-25T17:03:55Z INFO     Train Epoch: 2 [5120/60000 (9%)]	loss=0.7504
2025-04-25T17:03:55Z INFO     Train Epoch: 2 [6400/60000 (11%)]	loss=0.7412
2025-04-25T17:03:55Z INFO     Train Epoch: 2 [7680/60000 (13%)]	loss=0.7568
2025-04-25T17:03:56Z INFO     Train Epoch: 2 [8960/60000 (15%)]	loss=0.6585
2025-04-25T17:03:56Z INFO     Train Epoch: 2 [10240/60000 (17%)]	loss=0.7520
2025-04-25T17:03:56Z INFO     Train Epoch: 2 [11520/60000 (19%)]	loss=0.6039
2025-04-25T17:03:56Z INFO     Train Epoch: 2 [12800/60000 (21%)]	loss=0.7419
2025-04-25T17:03:56Z INFO     Train Epoch: 2 [14080/60000 (23%)]	loss=0.6993
2025-04-25T17:03:56Z INFO     Train Epoch: 2 [15360/60000 (26%)]	loss=0.7800
2025-04-25T17:03:56Z INFO     Train Epoch: 2 [16640/60000 (28%)]	loss=0.6446
2025-04-25T17:03:56Z INFO     Train Epoch: 2 [17920/60000 (30%)]	loss=0.7484
2025-04-25T17:03:56Z INFO     Train Epoch: 2 [19200/60000 (32%)]	loss=0.5672
2025-04-25T17:03:57Z INFO     Train Epoch: 2 [20480/60000 (34%)]	loss=0.7999
2025-04-25T17:03:57Z INFO     Train Epoch: 2 [21760/60000 (36%)]	loss=0.6861
2025-04-25T17:03:57Z INFO     Train Epoch: 2 [23040/60000 (38%)]	loss=0.6713
2025-04-25T17:03:57Z INFO     Train Epoch: 2 [24320/60000 (41%)]	loss=0.6473
2025-04-25T17:03:57Z INFO     Train Epoch: 2 [25600/60000 (43%)]	loss=0.6483
2025-04-25T17:03:57Z INFO     Train Epoch: 2 [26880/60000 (45%)]	loss=0.7610
2025-04-25T17:03:57Z INFO     Train Epoch: 2 [28160/60000 (47%)]	loss=0.5773
2025-04-25T17:03:57Z INFO     Train Epoch: 2 [29440/60000 (49%)]	loss=0.8767
2025-04-25T17:03:58Z INFO     Train Epoch: 2 [30720/60000 (51%)]	loss=0.6964
2025-04-25T17:03:58Z INFO     Train Epoch: 2 [32000/60000 (53%)]	loss=0.7673
2025-04-25T17:03:58Z INFO     Train Epoch: 2 [33280/60000 (55%)]	loss=0.6709
2025-04-25T17:03:58Z INFO     Train Epoch: 2 [34560/60000 (58%)]	loss=0.5754
2025-04-25T17:03:58Z INFO     Train Epoch: 2 [35840/60000 (60%)]	loss=0.5416
2025-04-25T17:03:58Z INFO     Train Epoch: 2 [37120/60000 (62%)]	loss=0.7482
2025-04-25T17:03:58Z INFO     Train Epoch: 2 [38400/60000 (64%)]	loss=0.6814
2025-04-25T17:03:58Z INFO     Train Epoch: 2 [39680/60000 (66%)]	loss=0.6227
2025-04-25T17:03:58Z INFO     Train Epoch: 2 [40960/60000 (68%)]	loss=0.7619
2025-04-25T17:03:59Z INFO     Train Epoch: 2 [42240/60000 (70%)]	loss=0.7592
2025-04-25T17:03:59Z INFO     Train Epoch: 2 [43520/60000 (72%)]	loss=0.5806
2025-04-25T17:03:59Z INFO     Train Epoch: 2 [44800/60000 (75%)]	loss=0.5773
2025-04-25T17:03:59Z INFO     Train Epoch: 2 [46080/60000 (77%)]	loss=0.6868
2025-04-25T17:03:59Z INFO     Train Epoch: 2 [47360/60000 (79%)]	loss=0.7640
2025-04-25T17:03:59Z INFO     Train Epoch: 2 [48640/60000 (81%)]	loss=0.5823
2025-04-25T17:03:59Z INFO     Train Epoch: 2 [49920/60000 (83%)]	loss=0.6990
2025-04-25T17:03:59Z INFO     Train Epoch: 2 [51200/60000 (85%)]	loss=0.8265
2025-04-25T17:03:59Z INFO     Train Epoch: 2 [52480/60000 (87%)]	loss=0.5806
2025-04-25T17:04:00Z INFO     Train Epoch: 2 [53760/60000 (90%)]	loss=0.5223
2025-04-25T17:04:00Z INFO     Train Epoch: 2 [55040/60000 (92%)]	loss=0.6889
2025-04-25T17:04:00Z INFO     Train Epoch: 2 [56320/60000 (94%)]	loss=0.7066
2025-04-25T17:04:00Z INFO     Train Epoch: 2 [57600/60000 (96%)]	loss=0.5114
2025-04-25T17:04:00Z INFO     Train Epoch: 2 [58880/60000 (98%)]	loss=0.5992
2025-04-25T17:04:01Z INFO     {metricName: accuracy, metricValue: 0.7602};{metricName: loss, metricValue: 0.6526}

2025-04-25T17:04:01Z INFO     Train Epoch: 3 [0/60000 (0%)]	loss=0.5436
2025-04-25T17:04:01Z INFO     Train Epoch: 3 [1280/60000 (2%)]	loss=0.6454
2025-04-25T17:04:01Z INFO     Train Epoch: 3 [2560/60000 (4%)]	loss=0.5531
2025-04-25T17:04:01Z INFO     Train Epoch: 3 [3840/60000 (6%)]	loss=0.5116
2025-04-25T17:04:01Z INFO     Train Epoch: 3 [5120/60000 (9%)]	loss=0.5631
2025-04-25T17:04:02Z INFO     Train Epoch: 3 [6400/60000 (11%)]	loss=0.6521
2025-04-25T17:04:02Z INFO     Train Epoch: 3 [7680/60000 (13%)]	loss=0.5268
2025-04-25T17:04:02Z INFO     Train Epoch: 3 [8960/60000 (15%)]	loss=0.6362
2025-04-25T17:04:02Z INFO     Train Epoch: 3 [10240/60000 (17%)]	loss=0.6502
2025-04-25T17:04:02Z INFO     Train Epoch: 3 [11520/60000 (19%)]	loss=0.4746
2025-04-25T17:04:02Z INFO     Train Epoch: 3 [12800/60000 (21%)]	loss=0.6906
2025-04-25T17:04:02Z INFO     Train Epoch: 3 [14080/60000 (23%)]	loss=0.6621
2025-04-25T17:04:02Z INFO     Train Epoch: 3 [15360/60000 (26%)]	loss=0.6982
2025-04-25T17:04:02Z INFO     Train Epoch: 3 [16640/60000 (28%)]	loss=0.5786
2025-04-25T17:04:03Z INFO     Train Epoch: 3 [17920/60000 (30%)]	loss=0.6531
2025-04-25T17:04:03Z INFO     Train Epoch: 3 [19200/60000 (32%)]	loss=0.6453
2025-04-25T17:04:03Z INFO     Train Epoch: 3 [20480/60000 (34%)]	loss=0.6274
2025-04-25T17:04:03Z INFO     Train Epoch: 3 [21760/60000 (36%)]	loss=0.4608
2025-04-25T17:04:03Z INFO     Train Epoch: 3 [23040/60000 (38%)]	loss=0.7002
2025-04-25T17:04:03Z INFO     Train Epoch: 3 [24320/60000 (41%)]	loss=0.6107
2025-04-25T17:04:03Z INFO     Train Epoch: 3 [25600/60000 (43%)]	loss=0.5670
2025-04-25T17:04:03Z INFO     Train Epoch: 3 [26880/60000 (45%)]	loss=0.5175
2025-04-25T17:04:03Z INFO     Train Epoch: 3 [28160/60000 (47%)]	loss=0.6824
2025-04-25T17:04:04Z INFO     Train Epoch: 3 [29440/60000 (49%)]	loss=0.6090
2025-04-25T17:04:04Z INFO     Train Epoch: 3 [30720/60000 (51%)]	loss=0.6044
2025-04-25T17:04:04Z INFO     Train Epoch: 3 [32000/60000 (53%)]	loss=0.6240
2025-04-25T17:04:04Z INFO     Train Epoch: 3 [33280/60000 (55%)]	loss=0.6734
2025-04-25T17:04:04Z INFO     Train Epoch: 3 [34560/60000 (58%)]	loss=0.5919
2025-04-25T17:04:04Z INFO     Train Epoch: 3 [35840/60000 (60%)]	loss=0.5717
2025-04-25T17:04:04Z INFO     Train Epoch: 3 [37120/60000 (62%)]	loss=0.5754
2025-04-25T17:04:04Z INFO     Train Epoch: 3 [38400/60000 (64%)]	loss=0.4608
2025-04-25T17:04:04Z INFO     Train Epoch: 3 [39680/60000 (66%)]	loss=0.5214
2025-04-25T17:04:05Z INFO     Train Epoch: 3 [40960/60000 (68%)]	loss=0.5727
2025-04-25T17:04:05Z INFO     Train Epoch: 3 [42240/60000 (70%)]	loss=0.5978
2025-04-25T17:04:05Z INFO     Train Epoch: 3 [43520/60000 (72%)]	loss=0.7327
2025-04-25T17:04:05Z INFO     Train Epoch: 3 [44800/60000 (75%)]	loss=0.5767
2025-04-25T17:04:05Z INFO     Train Epoch: 3 [46080/60000 (77%)]	loss=0.5912
2025-04-25T17:04:05Z INFO     Train Epoch: 3 [47360/60000 (79%)]	loss=0.5967
2025-04-25T17:04:05Z INFO     Train Epoch: 3 [48640/60000 (81%)]	loss=0.5167
2025-04-25T17:04:05Z INFO     Train Epoch: 3 [49920/60000 (83%)]	loss=0.6271
2025-04-25T17:04:06Z INFO     Train Epoch: 3 [51200/60000 (85%)]	loss=0.6642
2025-04-25T17:04:06Z INFO     Train Epoch: 3 [52480/60000 (87%)]	loss=0.6343
2025-04-25T17:04:06Z INFO     Train Epoch: 3 [53760/60000 (90%)]	loss=0.6295
2025-04-25T17:04:06Z INFO     Train Epoch: 3 [55040/60000 (92%)]	loss=0.6004
2025-04-25T17:04:06Z INFO     Train Epoch: 3 [56320/60000 (94%)]	loss=0.6403
2025-04-25T17:04:06Z INFO     Train Epoch: 3 [57600/60000 (96%)]	loss=0.5174
2025-04-25T17:04:06Z INFO     Train Epoch: 3 [58880/60000 (98%)]	loss=0.7669
2025-04-25T17:04:07Z INFO     {metricName: accuracy, metricValue: 0.7761};{metricName: loss, metricValue: 0.5951}

2025-04-25T17:04:07Z INFO     Train Epoch: 4 [0/60000 (0%)]	loss=0.6228
2025-04-25T17:04:07Z INFO     Train Epoch: 4 [1280/60000 (2%)]	loss=0.5161
2025-04-25T17:04:07Z INFO     Train Epoch: 4 [2560/60000 (4%)]	loss=0.4975
2025-04-25T17:04:08Z INFO     Train Epoch: 4 [3840/60000 (6%)]	loss=0.5817
2025-04-25T17:04:08Z INFO     Train Epoch: 4 [5120/60000 (9%)]	loss=0.5013
2025-04-25T17:04:08Z INFO     Train Epoch: 4 [6400/60000 (11%)]	loss=0.5485
2025-04-25T17:04:08Z INFO     Train Epoch: 4 [7680/60000 (13%)]	loss=0.6099
2025-04-25T17:04:08Z INFO     Train Epoch: 4 [8960/60000 (15%)]	loss=0.4795
2025-04-25T17:04:08Z INFO     Train Epoch: 4 [10240/60000 (17%)]	loss=0.5999
2025-04-25T17:04:08Z INFO     Train Epoch: 4 [11520/60000 (19%)]	loss=0.4607
2025-04-25T17:04:08Z INFO     Train Epoch: 4 [12800/60000 (21%)]	loss=0.5887
2025-04-25T17:04:08Z INFO     Train Epoch: 4 [14080/60000 (23%)]	loss=0.5857
2025-04-25T17:04:09Z INFO     Train Epoch: 4 [15360/60000 (26%)]	loss=0.6088
2025-04-25T17:04:09Z INFO     Train Epoch: 4 [16640/60000 (28%)]	loss=0.5975
2025-04-25T17:04:09Z INFO     Train Epoch: 4 [17920/60000 (30%)]	loss=0.5379
2025-04-25T17:04:09Z INFO     Train Epoch: 4 [19200/60000 (32%)]	loss=0.5694
2025-04-25T17:04:09Z INFO     Train Epoch: 4 [20480/60000 (34%)]	loss=0.4875
2025-04-25T17:04:09Z INFO     Train Epoch: 4 [21760/60000 (36%)]	loss=0.5480
2025-04-25T17:04:09Z INFO     Train Epoch: 4 [23040/60000 (38%)]	loss=0.6171
2025-04-25T17:04:09Z INFO     Train Epoch: 4 [24320/60000 (41%)]	loss=0.4892
2025-04-25T17:04:09Z INFO     Train Epoch: 4 [25600/60000 (43%)]	loss=0.5084
2025-04-25T17:04:10Z INFO     Train Epoch: 4 [26880/60000 (45%)]	loss=0.6017
2025-04-25T17:04:10Z INFO     Train Epoch: 4 [28160/60000 (47%)]	loss=0.4005
2025-04-25T17:04:10Z INFO     Train Epoch: 4 [29440/60000 (49%)]	loss=0.4862
2025-04-25T17:04:10Z INFO     Train Epoch: 4 [30720/60000 (51%)]	loss=0.5148
2025-04-25T17:04:10Z INFO     Train Epoch: 4 [32000/60000 (53%)]	loss=0.4833
2025-04-25T17:04:10Z INFO     Train Epoch: 4 [33280/60000 (55%)]	loss=0.5302
2025-04-25T17:04:10Z INFO     Train Epoch: 4 [34560/60000 (58%)]	loss=0.5395
2025-04-25T17:04:10Z INFO     Train Epoch: 4 [35840/60000 (60%)]	loss=0.4962
2025-04-25T17:04:10Z INFO     Train Epoch: 4 [37120/60000 (62%)]	loss=0.4526
2025-04-25T17:04:11Z INFO     Train Epoch: 4 [38400/60000 (64%)]	loss=0.5631
2025-04-25T17:04:11Z INFO     Train Epoch: 4 [39680/60000 (66%)]	loss=0.4882
2025-04-25T17:04:11Z INFO     Train Epoch: 4 [40960/60000 (68%)]	loss=0.5175
2025-04-25T17:04:11Z INFO     Train Epoch: 4 [42240/60000 (70%)]	loss=0.6556
2025-04-25T17:04:11Z INFO     Train Epoch: 4 [43520/60000 (72%)]	loss=0.5751
2025-04-25T17:04:11Z INFO     Train Epoch: 4 [44800/60000 (75%)]	loss=0.6398
2025-04-25T17:04:11Z INFO     Train Epoch: 4 [46080/60000 (77%)]	loss=0.5454
2025-04-25T17:04:11Z INFO     Train Epoch: 4 [47360/60000 (79%)]	loss=0.4484
2025-04-25T17:04:11Z INFO     Train Epoch: 4 [48640/60000 (81%)]	loss=0.4368
2025-04-25T17:04:12Z INFO     Train Epoch: 4 [49920/60000 (83%)]	loss=0.5653
2025-04-25T17:04:12Z INFO     Train Epoch: 4 [51200/60000 (85%)]	loss=0.5479
2025-04-25T17:04:12Z INFO     Train Epoch: 4 [52480/60000 (87%)]	loss=0.4778
2025-04-25T17:04:12Z INFO     Train Epoch: 4 [53760/60000 (90%)]	loss=0.4861
2025-04-25T17:04:12Z INFO     Train Epoch: 4 [55040/60000 (92%)]	loss=0.5654
2025-04-25T17:04:12Z INFO     Train Epoch: 4 [56320/60000 (94%)]	loss=0.4383
2025-04-25T17:04:12Z INFO     Train Epoch: 4 [57600/60000 (96%)]	loss=0.3738
2025-04-25T17:04:12Z INFO     Train Epoch: 4 [58880/60000 (98%)]	loss=0.4254
2025-04-25T17:04:13Z INFO     {metricName: accuracy, metricValue: 0.8070};{metricName: loss, metricValue: 0.5316}


real	0m30.735s
user	0m47.621s
sys	0m15.164s
