Using CUDA
Using distributed PyTorch with nccl backend
2025-04-25T17:04:48Z INFO     Added key: store_based_barrier_key:1 to store for rank: 0
2025-04-25T17:04:48Z INFO     Rank 0: Completed store-based barrier for key:store_based_barrier_key:1 with 4 nodes.
pytorch-mnist-master-0:39:39 [0] NCCL INFO Bootstrap : Using eth0:10.244.2.23<0>
pytorch-mnist-master-0:39:39 [0] NCCL INFO NET/Plugin : No plugin found (libnccl-net.so), using internal implementation
pytorch-mnist-master-0:39:39 [0] NCCL INFO NET/IB : Using [0]mlx5_0:1/IB ; OOB eth0:10.244.2.23<0>
pytorch-mnist-master-0:39:39 [0] NCCL INFO Using network IB
NCCL version 2.10.3+cuda10.2
pytorch-mnist-master-0:39:125 [0] NCCL INFO NET/IB : GPU Direct RDMA Disabled for HCA 0 'mlx5_0' (no module)
pytorch-mnist-master-0:39:125 [0] NCCL INFO NET/IB : GPU Direct RDMA Disabled for HCA 0 'mlx5_0' (no module)
pytorch-mnist-master-0:39:125 [0] NCCL INFO Channel 00/02 :    0   1   2   3
pytorch-mnist-master-0:39:125 [0] NCCL INFO Channel 01/02 :    0   1   2   3
pytorch-mnist-master-0:39:125 [0] NCCL INFO Trees [0] 2/-1/-1->0->-1 [1] -1/-1/-1->0->1
pytorch-mnist-master-0:39:125 [0] NCCL INFO Setting affinity for GPU 0 to 0fffff
pytorch-mnist-master-0:39:125 [0] NCCL INFO Channel 00 : 3[100000] -> 0[100000] [receive] via NET/IB/0
pytorch-mnist-master-0:39:125 [0] NCCL INFO Channel 01 : 3[100000] -> 0[100000] [receive] via NET/IB/0
pytorch-mnist-master-0:39:125 [0] NCCL INFO Channel 00 : 0[100000] -> 1[100000] [send] via NET/IB/0
pytorch-mnist-master-0:39:125 [0] NCCL INFO Channel 01 : 0[100000] -> 1[100000] [send] via NET/IB/0
pytorch-mnist-master-0:39:125 [0] NCCL INFO NET/IB: Dev 0 Port 1 qpn 342 mtu 5 LID 153
pytorch-mnist-master-0:39:125 [0] NCCL INFO NET/IB: Dev 0 Port 1 qpn 343 mtu 5 LID 153
pytorch-mnist-master-0:39:125 [0] NCCL INFO Connected all rings
pytorch-mnist-master-0:39:125 [0] NCCL INFO Channel 00 : 2[100000] -> 0[100000] [receive] via NET/IB/0
pytorch-mnist-master-0:39:125 [0] NCCL INFO Channel 00 : 0[100000] -> 2[100000] [send] via NET/IB/0
pytorch-mnist-master-0:39:125 [0] NCCL INFO NET/IB: Dev 0 Port 1 qpn 366 mtu 5 LID 153
pytorch-mnist-master-0:39:125 [0] NCCL INFO Channel 01 : 1[100000] -> 0[100000] [receive] via NET/IB/0
pytorch-mnist-master-0:39:125 [0] NCCL INFO Connected all trees
pytorch-mnist-master-0:39:125 [0] NCCL INFO threadThresholds 8/8/64 | 32/8/64 | 8/8/512
pytorch-mnist-master-0:39:125 [0] NCCL INFO 2 coll channels, 2 p2p channels, 1 p2p channels per peer
pytorch-mnist-master-0:39:125 [0] NCCL INFO comm 0x713288001360 rank 0 nranks 4 cudaDev 0 busId 100000 - Init COMPLETE
pytorch-mnist-master-0:39:39 [0] NCCL INFO Launch mode Parallel
2025-04-25T17:04:51Z INFO     Train Epoch: 1 [0/60000 (0%)]	loss=2.3015
2025-04-25T17:04:51Z INFO     Reducer buckets have been rebuilt in this iteration.
2025-04-25T17:04:52Z INFO     Train Epoch: 1 [1280/60000 (2%)]	loss=2.2863
2025-04-25T17:04:52Z INFO     Train Epoch: 1 [2560/60000 (4%)]	loss=2.2854
2025-04-25T17:04:52Z INFO     Train Epoch: 1 [3840/60000 (6%)]	loss=2.2727
2025-04-25T17:04:52Z INFO     Train Epoch: 1 [5120/60000 (9%)]	loss=2.2693
2025-04-25T17:04:52Z INFO     Train Epoch: 1 [6400/60000 (11%)]	loss=2.2500
2025-04-25T17:04:52Z INFO     Train Epoch: 1 [7680/60000 (13%)]	loss=2.2421
2025-04-25T17:04:52Z INFO     Train Epoch: 1 [8960/60000 (15%)]	loss=2.2029
2025-04-25T17:04:52Z INFO     Train Epoch: 1 [10240/60000 (17%)]	loss=2.1879
2025-04-25T17:04:52Z INFO     Train Epoch: 1 [11520/60000 (19%)]	loss=2.1322
2025-04-25T17:04:53Z INFO     Train Epoch: 1 [12800/60000 (21%)]	loss=2.0498
2025-04-25T17:04:53Z INFO     Train Epoch: 1 [14080/60000 (23%)]	loss=1.9478
2025-04-25T17:04:53Z INFO     Train Epoch: 1 [15360/60000 (26%)]	loss=1.7658
2025-04-25T17:04:53Z INFO     Train Epoch: 1 [16640/60000 (28%)]	loss=1.5979
2025-04-25T17:04:53Z INFO     Train Epoch: 1 [17920/60000 (30%)]	loss=1.3736
2025-04-25T17:04:53Z INFO     Train Epoch: 1 [19200/60000 (32%)]	loss=1.3094
2025-04-25T17:04:53Z INFO     Train Epoch: 1 [20480/60000 (34%)]	loss=1.1860
2025-04-25T17:04:53Z INFO     Train Epoch: 1 [21760/60000 (36%)]	loss=1.0816
2025-04-25T17:04:53Z INFO     Train Epoch: 1 [23040/60000 (38%)]	loss=1.0571
2025-04-25T17:04:54Z INFO     Train Epoch: 1 [24320/60000 (41%)]	loss=1.0204
2025-04-25T17:04:54Z INFO     Train Epoch: 1 [25600/60000 (43%)]	loss=0.9024
2025-04-25T17:04:54Z INFO     Train Epoch: 1 [26880/60000 (45%)]	loss=1.0206
2025-04-25T17:04:54Z INFO     Train Epoch: 1 [28160/60000 (47%)]	loss=1.0546
2025-04-25T17:04:54Z INFO     Train Epoch: 1 [29440/60000 (49%)]	loss=0.9019
2025-04-25T17:04:54Z INFO     Train Epoch: 1 [30720/60000 (51%)]	loss=0.7913
2025-04-25T17:04:54Z INFO     Train Epoch: 1 [32000/60000 (53%)]	loss=1.1948
2025-04-25T17:04:54Z INFO     Train Epoch: 1 [33280/60000 (55%)]	loss=1.0266
2025-04-25T17:04:55Z INFO     Train Epoch: 1 [34560/60000 (58%)]	loss=0.9584
2025-04-25T17:04:55Z INFO     Train Epoch: 1 [35840/60000 (60%)]	loss=0.7873
2025-04-25T17:04:55Z INFO     Train Epoch: 1 [37120/60000 (62%)]	loss=0.9310
2025-04-25T17:04:55Z INFO     Train Epoch: 1 [38400/60000 (64%)]	loss=0.9487
2025-04-25T17:04:55Z INFO     Train Epoch: 1 [39680/60000 (66%)]	loss=0.8611
2025-04-25T17:04:55Z INFO     Train Epoch: 1 [40960/60000 (68%)]	loss=0.8078
2025-04-25T17:04:55Z INFO     Train Epoch: 1 [42240/60000 (70%)]	loss=0.8878
2025-04-25T17:04:55Z INFO     Train Epoch: 1 [43520/60000 (72%)]	loss=0.9433
2025-04-25T17:04:55Z INFO     Train Epoch: 1 [44800/60000 (75%)]	loss=0.9370
2025-04-25T17:04:56Z INFO     Train Epoch: 1 [46080/60000 (77%)]	loss=0.8238
2025-04-25T17:04:56Z INFO     Train Epoch: 1 [47360/60000 (79%)]	loss=0.7670
2025-04-25T17:04:56Z INFO     Train Epoch: 1 [48640/60000 (81%)]	loss=0.8707
2025-04-25T17:04:56Z INFO     Train Epoch: 1 [49920/60000 (83%)]	loss=0.8700
2025-04-25T17:04:56Z INFO     Train Epoch: 1 [51200/60000 (85%)]	loss=0.7850
2025-04-25T17:04:56Z INFO     Train Epoch: 1 [52480/60000 (87%)]	loss=0.6892
2025-04-25T17:04:56Z INFO     Train Epoch: 1 [53760/60000 (90%)]	loss=0.8080
2025-04-25T17:04:56Z INFO     Train Epoch: 1 [55040/60000 (92%)]	loss=0.8786
2025-04-25T17:04:56Z INFO     Train Epoch: 1 [56320/60000 (94%)]	loss=0.8606
2025-04-25T17:04:57Z INFO     Train Epoch: 1 [57600/60000 (96%)]	loss=0.9263
2025-04-25T17:04:57Z INFO     Train Epoch: 1 [58880/60000 (98%)]	loss=0.7701
2025-04-25T17:04:58Z INFO     {metricName: accuracy, metricValue: 0.6870};{metricName: loss, metricValue: 0.8289}

2025-04-25T17:04:58Z INFO     Train Epoch: 2 [0/60000 (0%)]	loss=0.7511
2025-04-25T17:04:58Z INFO     Train Epoch: 2 [1280/60000 (2%)]	loss=0.6792
2025-04-25T17:04:58Z INFO     Train Epoch: 2 [2560/60000 (4%)]	loss=0.7740
2025-04-25T17:04:58Z INFO     Train Epoch: 2 [3840/60000 (6%)]	loss=0.7727
2025-04-25T17:04:58Z INFO     Train Epoch: 2 [5120/60000 (9%)]	loss=0.7513
2025-04-25T17:04:58Z INFO     Train Epoch: 2 [6400/60000 (11%)]	loss=0.7423
2025-04-25T17:04:58Z INFO     Train Epoch: 2 [7680/60000 (13%)]	loss=0.7576
2025-04-25T17:04:58Z INFO     Train Epoch: 2 [8960/60000 (15%)]	loss=0.6591
2025-04-25T17:04:59Z INFO     Train Epoch: 2 [10240/60000 (17%)]	loss=0.7527
2025-04-25T17:04:59Z INFO     Train Epoch: 2 [11520/60000 (19%)]	loss=0.6046
2025-04-25T17:04:59Z INFO     Train Epoch: 2 [12800/60000 (21%)]	loss=0.7412
2025-04-25T17:04:59Z INFO     Train Epoch: 2 [14080/60000 (23%)]	loss=0.6993
2025-04-25T17:04:59Z INFO     Train Epoch: 2 [15360/60000 (26%)]	loss=0.7809
2025-04-25T17:04:59Z INFO     Train Epoch: 2 [16640/60000 (28%)]	loss=0.6452
2025-04-25T17:04:59Z INFO     Train Epoch: 2 [17920/60000 (30%)]	loss=0.7486
2025-04-25T17:04:59Z INFO     Train Epoch: 2 [19200/60000 (32%)]	loss=0.5675
2025-04-25T17:04:59Z INFO     Train Epoch: 2 [20480/60000 (34%)]	loss=0.7997
2025-04-25T17:05:00Z INFO     Train Epoch: 2 [21760/60000 (36%)]	loss=0.6859
2025-04-25T17:05:00Z INFO     Train Epoch: 2 [23040/60000 (38%)]	loss=0.6718
2025-04-25T17:05:00Z INFO     Train Epoch: 2 [24320/60000 (41%)]	loss=0.6483
2025-04-25T17:05:00Z INFO     Train Epoch: 2 [25600/60000 (43%)]	loss=0.6492
2025-04-25T17:05:00Z INFO     Train Epoch: 2 [26880/60000 (45%)]	loss=0.7602
2025-04-25T17:05:00Z INFO     Train Epoch: 2 [28160/60000 (47%)]	loss=0.5769
2025-04-25T17:05:00Z INFO     Train Epoch: 2 [29440/60000 (49%)]	loss=0.8767
2025-04-25T17:05:00Z INFO     Train Epoch: 2 [30720/60000 (51%)]	loss=0.6967
2025-04-25T17:05:00Z INFO     Train Epoch: 2 [32000/60000 (53%)]	loss=0.7674
2025-04-25T17:05:01Z INFO     Train Epoch: 2 [33280/60000 (55%)]	loss=0.6705
2025-04-25T17:05:01Z INFO     Train Epoch: 2 [34560/60000 (58%)]	loss=0.5762
2025-04-25T17:05:01Z INFO     Train Epoch: 2 [35840/60000 (60%)]	loss=0.5418
2025-04-25T17:05:01Z INFO     Train Epoch: 2 [37120/60000 (62%)]	loss=0.7493
2025-04-25T17:05:01Z INFO     Train Epoch: 2 [38400/60000 (64%)]	loss=0.6829
2025-04-25T17:05:01Z INFO     Train Epoch: 2 [39680/60000 (66%)]	loss=0.6233
2025-04-25T17:05:01Z INFO     Train Epoch: 2 [40960/60000 (68%)]	loss=0.7631
2025-04-25T17:05:01Z INFO     Train Epoch: 2 [42240/60000 (70%)]	loss=0.7599
2025-04-25T17:05:01Z INFO     Train Epoch: 2 [43520/60000 (72%)]	loss=0.5810
2025-04-25T17:05:02Z INFO     Train Epoch: 2 [44800/60000 (75%)]	loss=0.5785
2025-04-25T17:05:02Z INFO     Train Epoch: 2 [46080/60000 (77%)]	loss=0.6869
2025-04-25T17:05:02Z INFO     Train Epoch: 2 [47360/60000 (79%)]	loss=0.7655
2025-04-25T17:05:02Z INFO     Train Epoch: 2 [48640/60000 (81%)]	loss=0.5822
2025-04-25T17:05:02Z INFO     Train Epoch: 2 [49920/60000 (83%)]	loss=0.6967
2025-04-25T17:05:02Z INFO     Train Epoch: 2 [51200/60000 (85%)]	loss=0.8268
2025-04-25T17:05:02Z INFO     Train Epoch: 2 [52480/60000 (87%)]	loss=0.5803
2025-04-25T17:05:02Z INFO     Train Epoch: 2 [53760/60000 (90%)]	loss=0.5228
2025-04-25T17:05:03Z INFO     Train Epoch: 2 [55040/60000 (92%)]	loss=0.6876
2025-04-25T17:05:03Z INFO     Train Epoch: 2 [56320/60000 (94%)]	loss=0.7074
2025-04-25T17:05:03Z INFO     Train Epoch: 2 [57600/60000 (96%)]	loss=0.5107
2025-04-25T17:05:03Z INFO     Train Epoch: 2 [58880/60000 (98%)]	loss=0.5995
2025-04-25T17:05:04Z INFO     {metricName: accuracy, metricValue: 0.7610};{metricName: loss, metricValue: 0.6530}

2025-04-25T17:05:04Z INFO     Train Epoch: 3 [0/60000 (0%)]	loss=0.5442
2025-04-25T17:05:04Z INFO     Train Epoch: 3 [1280/60000 (2%)]	loss=0.6453
2025-04-25T17:05:04Z INFO     Train Epoch: 3 [2560/60000 (4%)]	loss=0.5552
2025-04-25T17:05:04Z INFO     Train Epoch: 3 [3840/60000 (6%)]	loss=0.5116
2025-04-25T17:05:04Z INFO     Train Epoch: 3 [5120/60000 (9%)]	loss=0.5638
2025-04-25T17:05:04Z INFO     Train Epoch: 3 [6400/60000 (11%)]	loss=0.6530
2025-04-25T17:05:05Z INFO     Train Epoch: 3 [7680/60000 (13%)]	loss=0.5247
2025-04-25T17:05:05Z INFO     Train Epoch: 3 [8960/60000 (15%)]	loss=0.6382
2025-04-25T17:05:05Z INFO     Train Epoch: 3 [10240/60000 (17%)]	loss=0.6498
2025-04-25T17:05:05Z INFO     Train Epoch: 3 [11520/60000 (19%)]	loss=0.4747
2025-04-25T17:05:05Z INFO     Train Epoch: 3 [12800/60000 (21%)]	loss=0.6908
2025-04-25T17:05:05Z INFO     Train Epoch: 3 [14080/60000 (23%)]	loss=0.6608
2025-04-25T17:05:05Z INFO     Train Epoch: 3 [15360/60000 (26%)]	loss=0.6982
2025-04-25T17:05:05Z INFO     Train Epoch: 3 [16640/60000 (28%)]	loss=0.5775
2025-04-25T17:05:05Z INFO     Train Epoch: 3 [17920/60000 (30%)]	loss=0.6517
2025-04-25T17:05:06Z INFO     Train Epoch: 3 [19200/60000 (32%)]	loss=0.6453
2025-04-25T17:05:06Z INFO     Train Epoch: 3 [20480/60000 (34%)]	loss=0.6257
2025-04-25T17:05:06Z INFO     Train Epoch: 3 [21760/60000 (36%)]	loss=0.4620
2025-04-25T17:05:06Z INFO     Train Epoch: 3 [23040/60000 (38%)]	loss=0.7000
2025-04-25T17:05:06Z INFO     Train Epoch: 3 [24320/60000 (41%)]	loss=0.6104
2025-04-25T17:05:06Z INFO     Train Epoch: 3 [25600/60000 (43%)]	loss=0.5656
2025-04-25T17:05:06Z INFO     Train Epoch: 3 [26880/60000 (45%)]	loss=0.5166
2025-04-25T17:05:06Z INFO     Train Epoch: 3 [28160/60000 (47%)]	loss=0.6807
2025-04-25T17:05:06Z INFO     Train Epoch: 3 [29440/60000 (49%)]	loss=0.6092
2025-04-25T17:05:07Z INFO     Train Epoch: 3 [30720/60000 (51%)]	loss=0.6060
2025-04-25T17:05:07Z INFO     Train Epoch: 3 [32000/60000 (53%)]	loss=0.6256
2025-04-25T17:05:07Z INFO     Train Epoch: 3 [33280/60000 (55%)]	loss=0.6734
2025-04-25T17:05:07Z INFO     Train Epoch: 3 [34560/60000 (58%)]	loss=0.5920
2025-04-25T17:05:07Z INFO     Train Epoch: 3 [35840/60000 (60%)]	loss=0.5698
2025-04-25T17:05:07Z INFO     Train Epoch: 3 [37120/60000 (62%)]	loss=0.5742
2025-04-25T17:05:07Z INFO     Train Epoch: 3 [38400/60000 (64%)]	loss=0.4602
2025-04-25T17:05:07Z INFO     Train Epoch: 3 [39680/60000 (66%)]	loss=0.5216
2025-04-25T17:05:07Z INFO     Train Epoch: 3 [40960/60000 (68%)]	loss=0.5728
2025-04-25T17:05:08Z INFO     Train Epoch: 3 [42240/60000 (70%)]	loss=0.5967
2025-04-25T17:05:08Z INFO     Train Epoch: 3 [43520/60000 (72%)]	loss=0.7332
2025-04-25T17:05:08Z INFO     Train Epoch: 3 [44800/60000 (75%)]	loss=0.5759
2025-04-25T17:05:08Z INFO     Train Epoch: 3 [46080/60000 (77%)]	loss=0.5903
2025-04-25T17:05:08Z INFO     Train Epoch: 3 [47360/60000 (79%)]	loss=0.5956
2025-04-25T17:05:08Z INFO     Train Epoch: 3 [48640/60000 (81%)]	loss=0.5158
2025-04-25T17:05:08Z INFO     Train Epoch: 3 [49920/60000 (83%)]	loss=0.6279
2025-04-25T17:05:08Z INFO     Train Epoch: 3 [51200/60000 (85%)]	loss=0.6647
2025-04-25T17:05:08Z INFO     Train Epoch: 3 [52480/60000 (87%)]	loss=0.6347
2025-04-25T17:05:09Z INFO     Train Epoch: 3 [53760/60000 (90%)]	loss=0.6291
2025-04-25T17:05:09Z INFO     Train Epoch: 3 [55040/60000 (92%)]	loss=0.6004
2025-04-25T17:05:09Z INFO     Train Epoch: 3 [56320/60000 (94%)]	loss=0.6397
2025-04-25T17:05:09Z INFO     Train Epoch: 3 [57600/60000 (96%)]	loss=0.5187
2025-04-25T17:05:09Z INFO     Train Epoch: 3 [58880/60000 (98%)]	loss=0.7667
2025-04-25T17:05:10Z INFO     {metricName: accuracy, metricValue: 0.7759};{metricName: loss, metricValue: 0.5949}

2025-04-25T17:05:10Z INFO     Train Epoch: 4 [0/60000 (0%)]	loss=0.6221
2025-04-25T17:05:10Z INFO     Train Epoch: 4 [1280/60000 (2%)]	loss=0.5161
2025-04-25T17:05:10Z INFO     Train Epoch: 4 [2560/60000 (4%)]	loss=0.4974
2025-04-25T17:05:10Z INFO     Train Epoch: 4 [3840/60000 (6%)]	loss=0.5817
2025-04-25T17:05:10Z INFO     Train Epoch: 4 [5120/60000 (9%)]	loss=0.5009
2025-04-25T17:05:11Z INFO     Train Epoch: 4 [6400/60000 (11%)]	loss=0.5472
2025-04-25T17:05:11Z INFO     Train Epoch: 4 [7680/60000 (13%)]	loss=0.6104
2025-04-25T17:05:11Z INFO     Train Epoch: 4 [8960/60000 (15%)]	loss=0.4799
2025-04-25T17:05:11Z INFO     Train Epoch: 4 [10240/60000 (17%)]	loss=0.6005
2025-04-25T17:05:11Z INFO     Train Epoch: 4 [11520/60000 (19%)]	loss=0.4611
2025-04-25T17:05:11Z INFO     Train Epoch: 4 [12800/60000 (21%)]	loss=0.5892
2025-04-25T17:05:11Z INFO     Train Epoch: 4 [14080/60000 (23%)]	loss=0.5857
2025-04-25T17:05:11Z INFO     Train Epoch: 4 [15360/60000 (26%)]	loss=0.6069
2025-04-25T17:05:11Z INFO     Train Epoch: 4 [16640/60000 (28%)]	loss=0.5966
2025-04-25T17:05:12Z INFO     Train Epoch: 4 [17920/60000 (30%)]	loss=0.5375
2025-04-25T17:05:12Z INFO     Train Epoch: 4 [19200/60000 (32%)]	loss=0.5665
2025-04-25T17:05:12Z INFO     Train Epoch: 4 [20480/60000 (34%)]	loss=0.4879
2025-04-25T17:05:12Z INFO     Train Epoch: 4 [21760/60000 (36%)]	loss=0.5482
2025-04-25T17:05:12Z INFO     Train Epoch: 4 [23040/60000 (38%)]	loss=0.6150
2025-04-25T17:05:12Z INFO     Train Epoch: 4 [24320/60000 (41%)]	loss=0.4911
2025-04-25T17:05:12Z INFO     Train Epoch: 4 [25600/60000 (43%)]	loss=0.5082
2025-04-25T17:05:12Z INFO     Train Epoch: 4 [26880/60000 (45%)]	loss=0.6024
2025-04-25T17:05:13Z INFO     Train Epoch: 4 [28160/60000 (47%)]	loss=0.4010
2025-04-25T17:05:13Z INFO     Train Epoch: 4 [29440/60000 (49%)]	loss=0.4862
2025-04-25T17:05:13Z INFO     Train Epoch: 4 [30720/60000 (51%)]	loss=0.5151
2025-04-25T17:05:13Z INFO     Train Epoch: 4 [32000/60000 (53%)]	loss=0.4840
2025-04-25T17:05:13Z INFO     Train Epoch: 4 [33280/60000 (55%)]	loss=0.5299
2025-04-25T17:05:13Z INFO     Train Epoch: 4 [34560/60000 (58%)]	loss=0.5398
2025-04-25T17:05:13Z INFO     Train Epoch: 4 [35840/60000 (60%)]	loss=0.4975
2025-04-25T17:05:13Z INFO     Train Epoch: 4 [37120/60000 (62%)]	loss=0.4532
2025-04-25T17:05:13Z INFO     Train Epoch: 4 [38400/60000 (64%)]	loss=0.5650
2025-04-25T17:05:14Z INFO     Train Epoch: 4 [39680/60000 (66%)]	loss=0.4872
2025-04-25T17:05:14Z INFO     Train Epoch: 4 [40960/60000 (68%)]	loss=0.5186
2025-04-25T17:05:14Z INFO     Train Epoch: 4 [42240/60000 (70%)]	loss=0.6537
2025-04-25T17:05:14Z INFO     Train Epoch: 4 [43520/60000 (72%)]	loss=0.5741
2025-04-25T17:05:14Z INFO     Train Epoch: 4 [44800/60000 (75%)]	loss=0.6388
2025-04-25T17:05:14Z INFO     Train Epoch: 4 [46080/60000 (77%)]	loss=0.5453
2025-04-25T17:05:14Z INFO     Train Epoch: 4 [47360/60000 (79%)]	loss=0.4486
2025-04-25T17:05:14Z INFO     Train Epoch: 4 [48640/60000 (81%)]	loss=0.4368
2025-04-25T17:05:14Z INFO     Train Epoch: 4 [49920/60000 (83%)]	loss=0.5659
2025-04-25T17:05:15Z INFO     Train Epoch: 4 [51200/60000 (85%)]	loss=0.5489
2025-04-25T17:05:15Z INFO     Train Epoch: 4 [52480/60000 (87%)]	loss=0.4787
2025-04-25T17:05:15Z INFO     Train Epoch: 4 [53760/60000 (90%)]	loss=0.4875
2025-04-25T17:05:15Z INFO     Train Epoch: 4 [55040/60000 (92%)]	loss=0.5659
2025-04-25T17:05:15Z INFO     Train Epoch: 4 [56320/60000 (94%)]	loss=0.4401
2025-04-25T17:05:15Z INFO     Train Epoch: 4 [57600/60000 (96%)]	loss=0.3737
2025-04-25T17:05:15Z INFO     Train Epoch: 4 [58880/60000 (98%)]	loss=0.4263
2025-04-25T17:05:16Z INFO     {metricName: accuracy, metricValue: 0.8069};{metricName: loss, metricValue: 0.5322}


real	0m30.496s
user	0m37.071s
sys	0m9.185s
