Using CUDA
Using distributed PyTorch with nccl backend
2025-04-25T17:01:38Z INFO     Added key: store_based_barrier_key:1 to store for rank: 0
2025-04-25T17:01:38Z INFO     Rank 0: Completed store-based barrier for key:store_based_barrier_key:1 with 4 nodes.
pytorch-mnist-master-0:39:39 [0] NCCL INFO Bootstrap : Using eth0:10.244.3.20<0>
pytorch-mnist-master-0:39:39 [0] NCCL INFO NET/Plugin : No plugin found (libnccl-net.so), using internal implementation
pytorch-mnist-master-0:39:39 [0] NCCL INFO NET/IB : Using [0]mlx5_0:1/IB ; OOB eth0:10.244.3.20<0>
pytorch-mnist-master-0:39:39 [0] NCCL INFO Using network IB
NCCL version 2.10.3+cuda10.2
pytorch-mnist-master-0:39:125 [0] NCCL INFO NET/IB : GPU Direct RDMA Disabled for HCA 0 'mlx5_0' (no module)
pytorch-mnist-master-0:39:125 [0] NCCL INFO NET/IB : GPU Direct RDMA Disabled for HCA 0 'mlx5_0' (no module)
pytorch-mnist-master-0:39:125 [0] NCCL INFO Channel 00/02 :    0   1   2   3
pytorch-mnist-master-0:39:125 [0] NCCL INFO Channel 01/02 :    0   1   2   3
pytorch-mnist-master-0:39:125 [0] NCCL INFO Trees [0] 2/-1/-1->0->-1 [1] -1/-1/-1->0->1
pytorch-mnist-master-0:39:125 [0] NCCL INFO Setting affinity for GPU 0 to 0fffff
pytorch-mnist-master-0:39:125 [0] NCCL INFO Channel 00 : 3[100000] -> 0[100000] [receive] via NET/IB/0
pytorch-mnist-master-0:39:125 [0] NCCL INFO Channel 01 : 3[100000] -> 0[100000] [receive] via NET/IB/0
pytorch-mnist-master-0:39:125 [0] NCCL INFO Channel 00 : 0[100000] -> 1[100000] [send] via NET/IB/0
pytorch-mnist-master-0:39:125 [0] NCCL INFO Channel 01 : 0[100000] -> 1[100000] [send] via NET/IB/0
pytorch-mnist-master-0:39:125 [0] NCCL INFO NET/IB: Dev 0 Port 1 qpn 349 mtu 5 LID 151
pytorch-mnist-master-0:39:125 [0] NCCL INFO NET/IB: Dev 0 Port 1 qpn 350 mtu 5 LID 151
pytorch-mnist-master-0:39:125 [0] NCCL INFO Connected all rings
pytorch-mnist-master-0:39:125 [0] NCCL INFO Channel 00 : 2[100000] -> 0[100000] [receive] via NET/IB/0
pytorch-mnist-master-0:39:125 [0] NCCL INFO Channel 00 : 0[100000] -> 2[100000] [send] via NET/IB/0
pytorch-mnist-master-0:39:125 [0] NCCL INFO NET/IB: Dev 0 Port 1 qpn 353 mtu 5 LID 151
pytorch-mnist-master-0:39:125 [0] NCCL INFO Channel 01 : 1[100000] -> 0[100000] [receive] via NET/IB/0
pytorch-mnist-master-0:39:125 [0] NCCL INFO Connected all trees
pytorch-mnist-master-0:39:125 [0] NCCL INFO threadThresholds 8/8/64 | 32/8/64 | 8/8/512
pytorch-mnist-master-0:39:125 [0] NCCL INFO 2 coll channels, 2 p2p channels, 1 p2p channels per peer
pytorch-mnist-master-0:39:125 [0] NCCL INFO comm 0x7b6900001360 rank 0 nranks 4 cudaDev 0 busId 100000 - Init COMPLETE
pytorch-mnist-master-0:39:39 [0] NCCL INFO Launch mode Parallel
2025-04-25T17:01:42Z INFO     Train Epoch: 1 [0/60000 (0%)]	loss=2.3015
2025-04-25T17:01:42Z INFO     Reducer buckets have been rebuilt in this iteration.
2025-04-25T17:01:42Z INFO     Train Epoch: 1 [1280/60000 (2%)]	loss=2.2863
2025-04-25T17:01:42Z INFO     Train Epoch: 1 [2560/60000 (4%)]	loss=2.2854
2025-04-25T17:01:42Z INFO     Train Epoch: 1 [3840/60000 (6%)]	loss=2.2727
2025-04-25T17:01:42Z INFO     Train Epoch: 1 [5120/60000 (9%)]	loss=2.2693
2025-04-25T17:01:42Z INFO     Train Epoch: 1 [6400/60000 (11%)]	loss=2.2500
2025-04-25T17:01:42Z INFO     Train Epoch: 1 [7680/60000 (13%)]	loss=2.2421
2025-04-25T17:01:42Z INFO     Train Epoch: 1 [8960/60000 (15%)]	loss=2.2029
2025-04-25T17:01:42Z INFO     Train Epoch: 1 [10240/60000 (17%)]	loss=2.1878
2025-04-25T17:01:43Z INFO     Train Epoch: 1 [11520/60000 (19%)]	loss=2.1321
2025-04-25T17:01:43Z INFO     Train Epoch: 1 [12800/60000 (21%)]	loss=2.0496
2025-04-25T17:01:43Z INFO     Train Epoch: 1 [14080/60000 (23%)]	loss=1.9476
2025-04-25T17:01:43Z INFO     Train Epoch: 1 [15360/60000 (26%)]	loss=1.7654
2025-04-25T17:01:43Z INFO     Train Epoch: 1 [16640/60000 (28%)]	loss=1.5974
2025-04-25T17:01:43Z INFO     Train Epoch: 1 [17920/60000 (30%)]	loss=1.3734
2025-04-25T17:01:43Z INFO     Train Epoch: 1 [19200/60000 (32%)]	loss=1.3094
2025-04-25T17:01:43Z INFO     Train Epoch: 1 [20480/60000 (34%)]	loss=1.1862
2025-04-25T17:01:43Z INFO     Train Epoch: 1 [21760/60000 (36%)]	loss=1.0813
2025-04-25T17:01:44Z INFO     Train Epoch: 1 [23040/60000 (38%)]	loss=1.0570
2025-04-25T17:01:44Z INFO     Train Epoch: 1 [24320/60000 (41%)]	loss=1.0203
2025-04-25T17:01:44Z INFO     Train Epoch: 1 [25600/60000 (43%)]	loss=0.9031
2025-04-25T17:01:44Z INFO     Train Epoch: 1 [26880/60000 (45%)]	loss=1.0186
2025-04-25T17:01:44Z INFO     Train Epoch: 1 [28160/60000 (47%)]	loss=1.0542
2025-04-25T17:01:44Z INFO     Train Epoch: 1 [29440/60000 (49%)]	loss=0.9012
2025-04-25T17:01:44Z INFO     Train Epoch: 1 [30720/60000 (51%)]	loss=0.7910
2025-04-25T17:01:44Z INFO     Train Epoch: 1 [32000/60000 (53%)]	loss=1.1958
2025-04-25T17:01:45Z INFO     Train Epoch: 1 [33280/60000 (55%)]	loss=1.0295
2025-04-25T17:01:45Z INFO     Train Epoch: 1 [34560/60000 (58%)]	loss=0.9574
2025-04-25T17:01:45Z INFO     Train Epoch: 1 [35840/60000 (60%)]	loss=0.7877
2025-04-25T17:01:45Z INFO     Train Epoch: 1 [37120/60000 (62%)]	loss=0.9349
2025-04-25T17:01:45Z INFO     Train Epoch: 1 [38400/60000 (64%)]	loss=0.9508
2025-04-25T17:01:45Z INFO     Train Epoch: 1 [39680/60000 (66%)]	loss=0.8611
2025-04-25T17:01:45Z INFO     Train Epoch: 1 [40960/60000 (68%)]	loss=0.8089
2025-04-25T17:01:45Z INFO     Train Epoch: 1 [42240/60000 (70%)]	loss=0.8875
2025-04-25T17:01:45Z INFO     Train Epoch: 1 [43520/60000 (72%)]	loss=0.9448
2025-04-25T17:01:46Z INFO     Train Epoch: 1 [44800/60000 (75%)]	loss=0.9369
2025-04-25T17:01:46Z INFO     Train Epoch: 1 [46080/60000 (77%)]	loss=0.8245
2025-04-25T17:01:46Z INFO     Train Epoch: 1 [47360/60000 (79%)]	loss=0.7682
2025-04-25T17:01:46Z INFO     Train Epoch: 1 [48640/60000 (81%)]	loss=0.8716
2025-04-25T17:01:46Z INFO     Train Epoch: 1 [49920/60000 (83%)]	loss=0.8697
2025-04-25T17:01:46Z INFO     Train Epoch: 1 [51200/60000 (85%)]	loss=0.7827
2025-04-25T17:01:46Z INFO     Train Epoch: 1 [52480/60000 (87%)]	loss=0.6905
2025-04-25T17:01:46Z INFO     Train Epoch: 1 [53760/60000 (90%)]	loss=0.8084
2025-04-25T17:01:46Z INFO     Train Epoch: 1 [55040/60000 (92%)]	loss=0.8779
2025-04-25T17:01:47Z INFO     Train Epoch: 1 [56320/60000 (94%)]	loss=0.8606
2025-04-25T17:01:47Z INFO     Train Epoch: 1 [57600/60000 (96%)]	loss=0.9281
2025-04-25T17:01:47Z INFO     Train Epoch: 1 [58880/60000 (98%)]	loss=0.7690
2025-04-25T17:01:48Z INFO     {metricName: accuracy, metricValue: 0.6872};{metricName: loss, metricValue: 0.8291}

2025-04-25T17:01:48Z INFO     Train Epoch: 2 [0/60000 (0%)]	loss=0.7518
2025-04-25T17:01:48Z INFO     Train Epoch: 2 [1280/60000 (2%)]	loss=0.6787
2025-04-25T17:01:48Z INFO     Train Epoch: 2 [2560/60000 (4%)]	loss=0.7747
2025-04-25T17:01:48Z INFO     Train Epoch: 2 [3840/60000 (6%)]	loss=0.7714
2025-04-25T17:01:48Z INFO     Train Epoch: 2 [5120/60000 (9%)]	loss=0.7501
2025-04-25T17:01:48Z INFO     Train Epoch: 2 [6400/60000 (11%)]	loss=0.7430
2025-04-25T17:01:49Z INFO     Train Epoch: 2 [7680/60000 (13%)]	loss=0.7563
2025-04-25T17:01:49Z INFO     Train Epoch: 2 [8960/60000 (15%)]	loss=0.6593
2025-04-25T17:01:49Z INFO     Train Epoch: 2 [10240/60000 (17%)]	loss=0.7524
2025-04-25T17:01:49Z INFO     Train Epoch: 2 [11520/60000 (19%)]	loss=0.6048
2025-04-25T17:01:49Z INFO     Train Epoch: 2 [12800/60000 (21%)]	loss=0.7410
2025-04-25T17:01:49Z INFO     Train Epoch: 2 [14080/60000 (23%)]	loss=0.6994
2025-04-25T17:01:49Z INFO     Train Epoch: 2 [15360/60000 (26%)]	loss=0.7799
2025-04-25T17:01:49Z INFO     Train Epoch: 2 [16640/60000 (28%)]	loss=0.6440
2025-04-25T17:01:49Z INFO     Train Epoch: 2 [17920/60000 (30%)]	loss=0.7490
2025-04-25T17:01:50Z INFO     Train Epoch: 2 [19200/60000 (32%)]	loss=0.5679
2025-04-25T17:01:50Z INFO     Train Epoch: 2 [20480/60000 (34%)]	loss=0.7955
2025-04-25T17:01:50Z INFO     Train Epoch: 2 [21760/60000 (36%)]	loss=0.6858
2025-04-25T17:01:50Z INFO     Train Epoch: 2 [23040/60000 (38%)]	loss=0.6720
2025-04-25T17:01:50Z INFO     Train Epoch: 2 [24320/60000 (41%)]	loss=0.6478
2025-04-25T17:01:50Z INFO     Train Epoch: 2 [25600/60000 (43%)]	loss=0.6494
2025-04-25T17:01:50Z INFO     Train Epoch: 2 [26880/60000 (45%)]	loss=0.7614
2025-04-25T17:01:50Z INFO     Train Epoch: 2 [28160/60000 (47%)]	loss=0.5766
2025-04-25T17:01:50Z INFO     Train Epoch: 2 [29440/60000 (49%)]	loss=0.8759
2025-04-25T17:01:51Z INFO     Train Epoch: 2 [30720/60000 (51%)]	loss=0.6963
2025-04-25T17:01:51Z INFO     Train Epoch: 2 [32000/60000 (53%)]	loss=0.7665
2025-04-25T17:01:51Z INFO     Train Epoch: 2 [33280/60000 (55%)]	loss=0.6707
2025-04-25T17:01:51Z INFO     Train Epoch: 2 [34560/60000 (58%)]	loss=0.5760
2025-04-25T17:01:51Z INFO     Train Epoch: 2 [35840/60000 (60%)]	loss=0.5415
2025-04-25T17:01:51Z INFO     Train Epoch: 2 [37120/60000 (62%)]	loss=0.7494
2025-04-25T17:01:51Z INFO     Train Epoch: 2 [38400/60000 (64%)]	loss=0.6806
2025-04-25T17:01:51Z INFO     Train Epoch: 2 [39680/60000 (66%)]	loss=0.6219
2025-04-25T17:01:51Z INFO     Train Epoch: 2 [40960/60000 (68%)]	loss=0.7633
2025-04-25T17:01:52Z INFO     Train Epoch: 2 [42240/60000 (70%)]	loss=0.7605
2025-04-25T17:01:52Z INFO     Train Epoch: 2 [43520/60000 (72%)]	loss=0.5818
2025-04-25T17:01:52Z INFO     Train Epoch: 2 [44800/60000 (75%)]	loss=0.5768
2025-04-25T17:01:52Z INFO     Train Epoch: 2 [46080/60000 (77%)]	loss=0.6873
2025-04-25T17:01:52Z INFO     Train Epoch: 2 [47360/60000 (79%)]	loss=0.7644
2025-04-25T17:01:52Z INFO     Train Epoch: 2 [48640/60000 (81%)]	loss=0.5821
2025-04-25T17:01:52Z INFO     Train Epoch: 2 [49920/60000 (83%)]	loss=0.6996
2025-04-25T17:01:52Z INFO     Train Epoch: 2 [51200/60000 (85%)]	loss=0.8269
2025-04-25T17:01:52Z INFO     Train Epoch: 2 [52480/60000 (87%)]	loss=0.5800
2025-04-25T17:01:53Z INFO     Train Epoch: 2 [53760/60000 (90%)]	loss=0.5231
2025-04-25T17:01:53Z INFO     Train Epoch: 2 [55040/60000 (92%)]	loss=0.6882
2025-04-25T17:01:53Z INFO     Train Epoch: 2 [56320/60000 (94%)]	loss=0.7063
2025-04-25T17:01:53Z INFO     Train Epoch: 2 [57600/60000 (96%)]	loss=0.5098
2025-04-25T17:01:53Z INFO     Train Epoch: 2 [58880/60000 (98%)]	loss=0.6000
2025-04-25T17:01:54Z INFO     {metricName: accuracy, metricValue: 0.7616};{metricName: loss, metricValue: 0.6527}

2025-04-25T17:01:54Z INFO     Train Epoch: 3 [0/60000 (0%)]	loss=0.5434
2025-04-25T17:01:54Z INFO     Train Epoch: 3 [1280/60000 (2%)]	loss=0.6456
2025-04-25T17:01:54Z INFO     Train Epoch: 3 [2560/60000 (4%)]	loss=0.5534
2025-04-25T17:01:54Z INFO     Train Epoch: 3 [3840/60000 (6%)]	loss=0.5120
2025-04-25T17:01:54Z INFO     Train Epoch: 3 [5120/60000 (9%)]	loss=0.5643
2025-04-25T17:01:55Z INFO     Train Epoch: 3 [6400/60000 (11%)]	loss=0.6529
2025-04-25T17:01:55Z INFO     Train Epoch: 3 [7680/60000 (13%)]	loss=0.5259
2025-04-25T17:01:55Z INFO     Train Epoch: 3 [8960/60000 (15%)]	loss=0.6364
2025-04-25T17:01:55Z INFO     Train Epoch: 3 [10240/60000 (17%)]	loss=0.6486
2025-04-25T17:01:55Z INFO     Train Epoch: 3 [11520/60000 (19%)]	loss=0.4756
2025-04-25T17:01:55Z INFO     Train Epoch: 3 [12800/60000 (21%)]	loss=0.6909
2025-04-25T17:01:55Z INFO     Train Epoch: 3 [14080/60000 (23%)]	loss=0.6597
2025-04-25T17:01:55Z INFO     Train Epoch: 3 [15360/60000 (26%)]	loss=0.6999
2025-04-25T17:01:55Z INFO     Train Epoch: 3 [16640/60000 (28%)]	loss=0.5777
2025-04-25T17:01:56Z INFO     Train Epoch: 3 [17920/60000 (30%)]	loss=0.6533
2025-04-25T17:01:56Z INFO     Train Epoch: 3 [19200/60000 (32%)]	loss=0.6453
2025-04-25T17:01:56Z INFO     Train Epoch: 3 [20480/60000 (34%)]	loss=0.6250
2025-04-25T17:01:56Z INFO     Train Epoch: 3 [21760/60000 (36%)]	loss=0.4619
2025-04-25T17:01:56Z INFO     Train Epoch: 3 [23040/60000 (38%)]	loss=0.7008
2025-04-25T17:01:56Z INFO     Train Epoch: 3 [24320/60000 (41%)]	loss=0.6112
2025-04-25T17:01:56Z INFO     Train Epoch: 3 [25600/60000 (43%)]	loss=0.5674
2025-04-25T17:01:56Z INFO     Train Epoch: 3 [26880/60000 (45%)]	loss=0.5169
2025-04-25T17:01:57Z INFO     Train Epoch: 3 [28160/60000 (47%)]	loss=0.6821
2025-04-25T17:01:57Z INFO     Train Epoch: 3 [29440/60000 (49%)]	loss=0.6092
2025-04-25T17:01:57Z INFO     Train Epoch: 3 [30720/60000 (51%)]	loss=0.6052
2025-04-25T17:01:57Z INFO     Train Epoch: 3 [32000/60000 (53%)]	loss=0.6232
2025-04-25T17:01:57Z INFO     Train Epoch: 3 [33280/60000 (55%)]	loss=0.6735
2025-04-25T17:01:57Z INFO     Train Epoch: 3 [34560/60000 (58%)]	loss=0.5929
2025-04-25T17:01:57Z INFO     Train Epoch: 3 [35840/60000 (60%)]	loss=0.5695
2025-04-25T17:01:57Z INFO     Train Epoch: 3 [37120/60000 (62%)]	loss=0.5747
2025-04-25T17:01:57Z INFO     Train Epoch: 3 [38400/60000 (64%)]	loss=0.4601
2025-04-25T17:01:58Z INFO     Train Epoch: 3 [39680/60000 (66%)]	loss=0.5213
2025-04-25T17:01:58Z INFO     Train Epoch: 3 [40960/60000 (68%)]	loss=0.5727
2025-04-25T17:01:58Z INFO     Train Epoch: 3 [42240/60000 (70%)]	loss=0.5969
2025-04-25T17:01:58Z INFO     Train Epoch: 3 [43520/60000 (72%)]	loss=0.7339
2025-04-25T17:01:58Z INFO     Train Epoch: 3 [44800/60000 (75%)]	loss=0.5749
2025-04-25T17:01:58Z INFO     Train Epoch: 3 [46080/60000 (77%)]	loss=0.5885
2025-04-25T17:01:58Z INFO     Train Epoch: 3 [47360/60000 (79%)]	loss=0.5961
2025-04-25T17:01:58Z INFO     Train Epoch: 3 [48640/60000 (81%)]	loss=0.5147
2025-04-25T17:01:58Z INFO     Train Epoch: 3 [49920/60000 (83%)]	loss=0.6275
2025-04-25T17:01:59Z INFO     Train Epoch: 3 [51200/60000 (85%)]	loss=0.6652
2025-04-25T17:01:59Z INFO     Train Epoch: 3 [52480/60000 (87%)]	loss=0.6340
2025-04-25T17:01:59Z INFO     Train Epoch: 3 [53760/60000 (90%)]	loss=0.6299
2025-04-25T17:01:59Z INFO     Train Epoch: 3 [55040/60000 (92%)]	loss=0.6002
2025-04-25T17:01:59Z INFO     Train Epoch: 3 [56320/60000 (94%)]	loss=0.6399
2025-04-25T17:01:59Z INFO     Train Epoch: 3 [57600/60000 (96%)]	loss=0.5192
2025-04-25T17:01:59Z INFO     Train Epoch: 3 [58880/60000 (98%)]	loss=0.7653
2025-04-25T17:02:00Z INFO     {metricName: accuracy, metricValue: 0.7753};{metricName: loss, metricValue: 0.5953}

2025-04-25T17:02:00Z INFO     Train Epoch: 4 [0/60000 (0%)]	loss=0.6212
2025-04-25T17:02:00Z INFO     Train Epoch: 4 [1280/60000 (2%)]	loss=0.5149
2025-04-25T17:02:00Z INFO     Train Epoch: 4 [2560/60000 (4%)]	loss=0.4961
2025-04-25T17:02:01Z INFO     Train Epoch: 4 [3840/60000 (6%)]	loss=0.5823
2025-04-25T17:02:01Z INFO     Train Epoch: 4 [5120/60000 (9%)]	loss=0.5015
2025-04-25T17:02:01Z INFO     Train Epoch: 4 [6400/60000 (11%)]	loss=0.5473
2025-04-25T17:02:01Z INFO     Train Epoch: 4 [7680/60000 (13%)]	loss=0.6090
2025-04-25T17:02:01Z INFO     Train Epoch: 4 [8960/60000 (15%)]	loss=0.4802
2025-04-25T17:02:01Z INFO     Train Epoch: 4 [10240/60000 (17%)]	loss=0.5985
2025-04-25T17:02:01Z INFO     Train Epoch: 4 [11520/60000 (19%)]	loss=0.4622
2025-04-25T17:02:01Z INFO     Train Epoch: 4 [12800/60000 (21%)]	loss=0.5886
2025-04-25T17:02:01Z INFO     Train Epoch: 4 [14080/60000 (23%)]	loss=0.5858
2025-04-25T17:02:02Z INFO     Train Epoch: 4 [15360/60000 (26%)]	loss=0.6091
2025-04-25T17:02:02Z INFO     Train Epoch: 4 [16640/60000 (28%)]	loss=0.5977
2025-04-25T17:02:02Z INFO     Train Epoch: 4 [17920/60000 (30%)]	loss=0.5378
2025-04-25T17:02:02Z INFO     Train Epoch: 4 [19200/60000 (32%)]	loss=0.5699
2025-04-25T17:02:02Z INFO     Train Epoch: 4 [20480/60000 (34%)]	loss=0.4876
2025-04-25T17:02:02Z INFO     Train Epoch: 4 [21760/60000 (36%)]	loss=0.5474
2025-04-25T17:02:02Z INFO     Train Epoch: 4 [23040/60000 (38%)]	loss=0.6173
2025-04-25T17:02:02Z INFO     Train Epoch: 4 [24320/60000 (41%)]	loss=0.4907
2025-04-25T17:02:02Z INFO     Train Epoch: 4 [25600/60000 (43%)]	loss=0.5081
2025-04-25T17:02:03Z INFO     Train Epoch: 4 [26880/60000 (45%)]	loss=0.6033
2025-04-25T17:02:03Z INFO     Train Epoch: 4 [28160/60000 (47%)]	loss=0.4014
2025-04-25T17:02:03Z INFO     Train Epoch: 4 [29440/60000 (49%)]	loss=0.4860
2025-04-25T17:02:03Z INFO     Train Epoch: 4 [30720/60000 (51%)]	loss=0.5143
2025-04-25T17:02:03Z INFO     Train Epoch: 4 [32000/60000 (53%)]	loss=0.4840
2025-04-25T17:02:03Z INFO     Train Epoch: 4 [33280/60000 (55%)]	loss=0.5314
2025-04-25T17:02:03Z INFO     Train Epoch: 4 [34560/60000 (58%)]	loss=0.5394
2025-04-25T17:02:03Z INFO     Train Epoch: 4 [35840/60000 (60%)]	loss=0.4964
2025-04-25T17:02:03Z INFO     Train Epoch: 4 [37120/60000 (62%)]	loss=0.4528
2025-04-25T17:02:04Z INFO     Train Epoch: 4 [38400/60000 (64%)]	loss=0.5645
2025-04-25T17:02:04Z INFO     Train Epoch: 4 [39680/60000 (66%)]	loss=0.4887
2025-04-25T17:02:04Z INFO     Train Epoch: 4 [40960/60000 (68%)]	loss=0.5181
2025-04-25T17:02:04Z INFO     Train Epoch: 4 [42240/60000 (70%)]	loss=0.6528
2025-04-25T17:02:04Z INFO     Train Epoch: 4 [43520/60000 (72%)]	loss=0.5726
2025-04-25T17:02:04Z INFO     Train Epoch: 4 [44800/60000 (75%)]	loss=0.6376
2025-04-25T17:02:04Z INFO     Train Epoch: 4 [46080/60000 (77%)]	loss=0.5454
2025-04-25T17:02:04Z INFO     Train Epoch: 4 [47360/60000 (79%)]	loss=0.4485
2025-04-25T17:02:04Z INFO     Train Epoch: 4 [48640/60000 (81%)]	loss=0.4368
2025-04-25T17:02:05Z INFO     Train Epoch: 4 [49920/60000 (83%)]	loss=0.5658
2025-04-25T17:02:05Z INFO     Train Epoch: 4 [51200/60000 (85%)]	loss=0.5472
2025-04-25T17:02:05Z INFO     Train Epoch: 4 [52480/60000 (87%)]	loss=0.4785
2025-04-25T17:02:05Z INFO     Train Epoch: 4 [53760/60000 (90%)]	loss=0.4856
2025-04-25T17:02:05Z INFO     Train Epoch: 4 [55040/60000 (92%)]	loss=0.5658
2025-04-25T17:02:05Z INFO     Train Epoch: 4 [56320/60000 (94%)]	loss=0.4388
2025-04-25T17:02:05Z INFO     Train Epoch: 4 [57600/60000 (96%)]	loss=0.3746
2025-04-25T17:02:05Z INFO     Train Epoch: 4 [58880/60000 (98%)]	loss=0.4253
2025-04-25T17:02:06Z INFO     {metricName: accuracy, metricValue: 0.8077};{metricName: loss, metricValue: 0.5309}


real	0m30.724s
user	0m54.684s
sys	0m16.925s
