Using CUDA
Using distributed PyTorch with nccl backend
2025-04-24T16:50:07Z INFO     Added key: store_based_barrier_key:1 to store for rank: 0
2025-04-24T16:50:07Z INFO     Rank 0: Completed store-based barrier for key:store_based_barrier_key:1 with 2 nodes.
pytorch-mnist-master-0:38:38 [0] NCCL INFO Bootstrap : Using eth0:10.244.0.21<0>
pytorch-mnist-master-0:38:38 [0] NCCL INFO NET/Plugin : No plugin found (libnccl-net.so), using internal implementation
pytorch-mnist-master-0:38:38 [0] NCCL INFO NCCL_IB_DISABLE set by environment to 0.
pytorch-mnist-master-0:38:38 [0] NCCL INFO NET/IB : Using [0]mlx5_0:1/IB ; OOB eth0:10.244.0.21<0>
pytorch-mnist-master-0:38:38 [0] NCCL INFO Using network IB
NCCL version 2.10.3+cuda10.2
pytorch-mnist-master-0:38:124 [0] NCCL INFO Channel 00/02 :    0   1
pytorch-mnist-master-0:38:124 [0] NCCL INFO Channel 01/02 :    0   1
pytorch-mnist-master-0:38:124 [0] NCCL INFO Trees [0] 1/-1/-1->0->-1 [1] -1/-1/-1->0->1
pytorch-mnist-master-0:38:124 [0] NCCL INFO Setting affinity for GPU 0 to 0fffff
pytorch-mnist-master-0:38:124 [0] NCCL INFO Channel 00 : 1[100000] -> 0[100000] [receive] via NET/IB/0
pytorch-mnist-master-0:38:124 [0] NCCL INFO Channel 01 : 1[100000] -> 0[100000] [receive] via NET/IB/0
pytorch-mnist-master-0:38:124 [0] NCCL INFO Channel 00 : 0[100000] -> 1[100000] [send] via NET/IB/0
pytorch-mnist-master-0:38:124 [0] NCCL INFO Channel 01 : 0[100000] -> 1[100000] [send] via NET/IB/0
pytorch-mnist-master-0:38:124 [0] NCCL INFO Connected all rings
pytorch-mnist-master-0:38:124 [0] NCCL INFO Connected all trees
pytorch-mnist-master-0:38:124 [0] NCCL INFO threadThresholds 8/8/64 | 16/8/64 | 8/8/512
pytorch-mnist-master-0:38:124 [0] NCCL INFO 2 coll channels, 2 p2p channels, 1 p2p channels per peer
pytorch-mnist-master-0:38:124 [0] NCCL INFO comm 0x732908001360 rank 0 nranks 2 cudaDev 0 busId 100000 - Init COMPLETE
pytorch-mnist-master-0:38:38 [0] NCCL INFO Launch mode Parallel
2025-04-24T16:50:11Z INFO     Train Epoch: 1 [0/60000 (0%)]	loss=2.3015
2025-04-24T16:50:11Z INFO     Reducer buckets have been rebuilt in this iteration.
2025-04-24T16:50:11Z INFO     Train Epoch: 1 [1280/60000 (2%)]	loss=2.2863
2025-04-24T16:50:11Z INFO     Train Epoch: 1 [2560/60000 (4%)]	loss=2.2854
2025-04-24T16:50:11Z INFO     Train Epoch: 1 [3840/60000 (6%)]	loss=2.2727
2025-04-24T16:50:11Z INFO     Train Epoch: 1 [5120/60000 (9%)]	loss=2.2693
2025-04-24T16:50:11Z INFO     Train Epoch: 1 [6400/60000 (11%)]	loss=2.2500
2025-04-24T16:50:11Z INFO     Train Epoch: 1 [7680/60000 (13%)]	loss=2.2420
2025-04-24T16:50:12Z INFO     Train Epoch: 1 [8960/60000 (15%)]	loss=2.2029
2025-04-24T16:50:12Z INFO     Train Epoch: 1 [10240/60000 (17%)]	loss=2.1878
2025-04-24T16:50:12Z INFO     Train Epoch: 1 [11520/60000 (19%)]	loss=2.1322
2025-04-24T16:50:12Z INFO     Train Epoch: 1 [12800/60000 (21%)]	loss=2.0496
2025-04-24T16:50:12Z INFO     Train Epoch: 1 [14080/60000 (23%)]	loss=1.9476
2025-04-24T16:50:12Z INFO     Train Epoch: 1 [15360/60000 (26%)]	loss=1.7655
2025-04-24T16:50:12Z INFO     Train Epoch: 1 [16640/60000 (28%)]	loss=1.5975
2025-04-24T16:50:12Z INFO     Train Epoch: 1 [17920/60000 (30%)]	loss=1.3733
2025-04-24T16:50:13Z INFO     Train Epoch: 1 [19200/60000 (32%)]	loss=1.3091
2025-04-24T16:50:13Z INFO     Train Epoch: 1 [20480/60000 (34%)]	loss=1.1870
2025-04-24T16:50:13Z INFO     Train Epoch: 1 [21760/60000 (36%)]	loss=1.0807
2025-04-24T16:50:13Z INFO     Train Epoch: 1 [23040/60000 (38%)]	loss=1.0568
2025-04-24T16:50:13Z INFO     Train Epoch: 1 [24320/60000 (41%)]	loss=1.0197
2025-04-24T16:50:13Z INFO     Train Epoch: 1 [25600/60000 (43%)]	loss=0.9022
2025-04-24T16:50:13Z INFO     Train Epoch: 1 [26880/60000 (45%)]	loss=1.0210
2025-04-24T16:50:13Z INFO     Train Epoch: 1 [28160/60000 (47%)]	loss=1.0540
2025-04-24T16:50:13Z INFO     Train Epoch: 1 [29440/60000 (49%)]	loss=0.9017
2025-04-24T16:50:14Z INFO     Train Epoch: 1 [30720/60000 (51%)]	loss=0.7918
2025-04-24T16:50:14Z INFO     Train Epoch: 1 [32000/60000 (53%)]	loss=1.1956
2025-04-24T16:50:14Z INFO     Train Epoch: 1 [33280/60000 (55%)]	loss=1.0277
2025-04-24T16:50:14Z INFO     Train Epoch: 1 [34560/60000 (58%)]	loss=0.9578
2025-04-24T16:50:14Z INFO     Train Epoch: 1 [35840/60000 (60%)]	loss=0.7881
2025-04-24T16:50:14Z INFO     Train Epoch: 1 [37120/60000 (62%)]	loss=0.9342
2025-04-24T16:50:14Z INFO     Train Epoch: 1 [38400/60000 (64%)]	loss=0.9520
2025-04-24T16:50:14Z INFO     Train Epoch: 1 [39680/60000 (66%)]	loss=0.8636
2025-04-24T16:50:14Z INFO     Train Epoch: 1 [40960/60000 (68%)]	loss=0.8088
2025-04-24T16:50:15Z INFO     Train Epoch: 1 [42240/60000 (70%)]	loss=0.8863
2025-04-24T16:50:15Z INFO     Train Epoch: 1 [43520/60000 (72%)]	loss=0.9449
2025-04-24T16:50:15Z INFO     Train Epoch: 1 [44800/60000 (75%)]	loss=0.9371
2025-04-24T16:50:15Z INFO     Train Epoch: 1 [46080/60000 (77%)]	loss=0.8251
2025-04-24T16:50:15Z INFO     Train Epoch: 1 [47360/60000 (79%)]	loss=0.7684
2025-04-24T16:50:15Z INFO     Train Epoch: 1 [48640/60000 (81%)]	loss=0.8695
2025-04-24T16:50:15Z INFO     Train Epoch: 1 [49920/60000 (83%)]	loss=0.8692
2025-04-24T16:50:15Z INFO     Train Epoch: 1 [51200/60000 (85%)]	loss=0.7850
2025-04-24T16:50:15Z INFO     Train Epoch: 1 [52480/60000 (87%)]	loss=0.6901
2025-04-24T16:50:16Z INFO     Train Epoch: 1 [53760/60000 (90%)]	loss=0.8084
2025-04-24T16:50:16Z INFO     Train Epoch: 1 [55040/60000 (92%)]	loss=0.8797
2025-04-24T16:50:16Z INFO     Train Epoch: 1 [56320/60000 (94%)]	loss=0.8615
2025-04-24T16:50:16Z INFO     Train Epoch: 1 [57600/60000 (96%)]	loss=0.9276
2025-04-24T16:50:16Z INFO     Train Epoch: 1 [58880/60000 (98%)]	loss=0.7711
2025-04-24T16:50:17Z INFO     {metricName: accuracy, metricValue: 0.6870};{metricName: loss, metricValue: 0.8296}

2025-04-24T16:50:17Z INFO     Train Epoch: 2 [0/60000 (0%)]	loss=0.7520
2025-04-24T16:50:17Z INFO     Train Epoch: 2 [1280/60000 (2%)]	loss=0.6794
2025-04-24T16:50:17Z INFO     Train Epoch: 2 [2560/60000 (4%)]	loss=0.7735
2025-04-24T16:50:17Z INFO     Train Epoch: 2 [3840/60000 (6%)]	loss=0.7709
2025-04-24T16:50:17Z INFO     Train Epoch: 2 [5120/60000 (9%)]	loss=0.7510
2025-04-24T16:50:18Z INFO     Train Epoch: 2 [6400/60000 (11%)]	loss=0.7415
2025-04-24T16:50:18Z INFO     Train Epoch: 2 [7680/60000 (13%)]	loss=0.7582
2025-04-24T16:50:18Z INFO     Train Epoch: 2 [8960/60000 (15%)]	loss=0.6601
2025-04-24T16:50:18Z INFO     Train Epoch: 2 [10240/60000 (17%)]	loss=0.7531
2025-04-24T16:50:18Z INFO     Train Epoch: 2 [11520/60000 (19%)]	loss=0.6040
2025-04-24T16:50:18Z INFO     Train Epoch: 2 [12800/60000 (21%)]	loss=0.7413
2025-04-24T16:50:18Z INFO     Train Epoch: 2 [14080/60000 (23%)]	loss=0.6993
2025-04-24T16:50:18Z INFO     Train Epoch: 2 [15360/60000 (26%)]	loss=0.7793
2025-04-24T16:50:18Z INFO     Train Epoch: 2 [16640/60000 (28%)]	loss=0.6438
2025-04-24T16:50:19Z INFO     Train Epoch: 2 [17920/60000 (30%)]	loss=0.7492
2025-04-24T16:50:19Z INFO     Train Epoch: 2 [19200/60000 (32%)]	loss=0.5673
2025-04-24T16:50:19Z INFO     Train Epoch: 2 [20480/60000 (34%)]	loss=0.7988
2025-04-24T16:50:19Z INFO     Train Epoch: 2 [21760/60000 (36%)]	loss=0.6863
2025-04-24T16:50:19Z INFO     Train Epoch: 2 [23040/60000 (38%)]	loss=0.6724
2025-04-24T16:50:19Z INFO     Train Epoch: 2 [24320/60000 (41%)]	loss=0.6475
2025-04-24T16:50:19Z INFO     Train Epoch: 2 [25600/60000 (43%)]	loss=0.6500
2025-04-24T16:50:19Z INFO     Train Epoch: 2 [26880/60000 (45%)]	loss=0.7607
2025-04-24T16:50:19Z INFO     Train Epoch: 2 [28160/60000 (47%)]	loss=0.5767
2025-04-24T16:50:20Z INFO     Train Epoch: 2 [29440/60000 (49%)]	loss=0.8767
2025-04-24T16:50:20Z INFO     Train Epoch: 2 [30720/60000 (51%)]	loss=0.6958
2025-04-24T16:50:20Z INFO     Train Epoch: 2 [32000/60000 (53%)]	loss=0.7693
2025-04-24T16:50:20Z INFO     Train Epoch: 2 [33280/60000 (55%)]	loss=0.6700
2025-04-24T16:50:20Z INFO     Train Epoch: 2 [34560/60000 (58%)]	loss=0.5748
2025-04-24T16:50:20Z INFO     Train Epoch: 2 [35840/60000 (60%)]	loss=0.5410
2025-04-24T16:50:20Z INFO     Train Epoch: 2 [37120/60000 (62%)]	loss=0.7490
2025-04-24T16:50:20Z INFO     Train Epoch: 2 [38400/60000 (64%)]	loss=0.6817
2025-04-24T16:50:20Z INFO     Train Epoch: 2 [39680/60000 (66%)]	loss=0.6225
2025-04-24T16:50:21Z INFO     Train Epoch: 2 [40960/60000 (68%)]	loss=0.7629
2025-04-24T16:50:21Z INFO     Train Epoch: 2 [42240/60000 (70%)]	loss=0.7601
2025-04-24T16:50:21Z INFO     Train Epoch: 2 [43520/60000 (72%)]	loss=0.5809
2025-04-24T16:50:21Z INFO     Train Epoch: 2 [44800/60000 (75%)]	loss=0.5774
2025-04-24T16:50:21Z INFO     Train Epoch: 2 [46080/60000 (77%)]	loss=0.6863
2025-04-24T16:50:21Z INFO     Train Epoch: 2 [47360/60000 (79%)]	loss=0.7647
2025-04-24T16:50:21Z INFO     Train Epoch: 2 [48640/60000 (81%)]	loss=0.5828
2025-04-24T16:50:21Z INFO     Train Epoch: 2 [49920/60000 (83%)]	loss=0.6998
2025-04-24T16:50:22Z INFO     Train Epoch: 2 [51200/60000 (85%)]	loss=0.8261
2025-04-24T16:50:22Z INFO     Train Epoch: 2 [52480/60000 (87%)]	loss=0.5802
2025-04-24T16:50:22Z INFO     Train Epoch: 2 [53760/60000 (90%)]	loss=0.5223
2025-04-24T16:50:22Z INFO     Train Epoch: 2 [55040/60000 (92%)]	loss=0.6878
2025-04-24T16:50:22Z INFO     Train Epoch: 2 [56320/60000 (94%)]	loss=0.7080
2025-04-24T16:50:22Z INFO     Train Epoch: 2 [57600/60000 (96%)]	loss=0.5107
2025-04-24T16:50:22Z INFO     Train Epoch: 2 [58880/60000 (98%)]	loss=0.5984
2025-04-24T16:50:23Z INFO     {metricName: accuracy, metricValue: 0.7620};{metricName: loss, metricValue: 0.6530}

2025-04-24T16:50:23Z INFO     Train Epoch: 3 [0/60000 (0%)]	loss=0.5430
2025-04-24T16:50:23Z INFO     Train Epoch: 3 [1280/60000 (2%)]	loss=0.6454
2025-04-24T16:50:23Z INFO     Train Epoch: 3 [2560/60000 (4%)]	loss=0.5543
2025-04-24T16:50:24Z INFO     Train Epoch: 3 [3840/60000 (6%)]	loss=0.5109
2025-04-24T16:50:24Z INFO     Train Epoch: 3 [5120/60000 (9%)]	loss=0.5644
2025-04-24T16:50:24Z INFO     Train Epoch: 3 [6400/60000 (11%)]	loss=0.6530
2025-04-24T16:50:24Z INFO     Train Epoch: 3 [7680/60000 (13%)]	loss=0.5261
2025-04-24T16:50:24Z INFO     Train Epoch: 3 [8960/60000 (15%)]	loss=0.6361
2025-04-24T16:50:24Z INFO     Train Epoch: 3 [10240/60000 (17%)]	loss=0.6501
2025-04-24T16:50:24Z INFO     Train Epoch: 3 [11520/60000 (19%)]	loss=0.4756
2025-04-24T16:50:24Z INFO     Train Epoch: 3 [12800/60000 (21%)]	loss=0.6911
2025-04-24T16:50:24Z INFO     Train Epoch: 3 [14080/60000 (23%)]	loss=0.6612
2025-04-24T16:50:25Z INFO     Train Epoch: 3 [15360/60000 (26%)]	loss=0.6997
2025-04-24T16:50:25Z INFO     Train Epoch: 3 [16640/60000 (28%)]	loss=0.5782
2025-04-24T16:50:25Z INFO     Train Epoch: 3 [17920/60000 (30%)]	loss=0.6515
2025-04-24T16:50:25Z INFO     Train Epoch: 3 [19200/60000 (32%)]	loss=0.6454
2025-04-24T16:50:25Z INFO     Train Epoch: 3 [20480/60000 (34%)]	loss=0.6256
2025-04-24T16:50:25Z INFO     Train Epoch: 3 [21760/60000 (36%)]	loss=0.4623
2025-04-24T16:50:25Z INFO     Train Epoch: 3 [23040/60000 (38%)]	loss=0.7001
2025-04-24T16:50:25Z INFO     Train Epoch: 3 [24320/60000 (41%)]	loss=0.6108
2025-04-24T16:50:25Z INFO     Train Epoch: 3 [25600/60000 (43%)]	loss=0.5660
2025-04-24T16:50:26Z INFO     Train Epoch: 3 [26880/60000 (45%)]	loss=0.5162
2025-04-24T16:50:26Z INFO     Train Epoch: 3 [28160/60000 (47%)]	loss=0.6824
2025-04-24T16:50:26Z INFO     Train Epoch: 3 [29440/60000 (49%)]	loss=0.6090
2025-04-24T16:50:26Z INFO     Train Epoch: 3 [30720/60000 (51%)]	loss=0.6060
2025-04-24T16:50:26Z INFO     Train Epoch: 3 [32000/60000 (53%)]	loss=0.6242
2025-04-24T16:50:26Z INFO     Train Epoch: 3 [33280/60000 (55%)]	loss=0.6746
2025-04-24T16:50:26Z INFO     Train Epoch: 3 [34560/60000 (58%)]	loss=0.5922
2025-04-24T16:50:26Z INFO     Train Epoch: 3 [35840/60000 (60%)]	loss=0.5699
2025-04-24T16:50:26Z INFO     Train Epoch: 3 [37120/60000 (62%)]	loss=0.5752
2025-04-24T16:50:27Z INFO     Train Epoch: 3 [38400/60000 (64%)]	loss=0.4604
2025-04-24T16:50:27Z INFO     Train Epoch: 3 [39680/60000 (66%)]	loss=0.5207
2025-04-24T16:50:27Z INFO     Train Epoch: 3 [40960/60000 (68%)]	loss=0.5723
2025-04-24T16:50:27Z INFO     Train Epoch: 3 [42240/60000 (70%)]	loss=0.5977
2025-04-24T16:50:27Z INFO     Train Epoch: 3 [43520/60000 (72%)]	loss=0.7314
2025-04-24T16:50:27Z INFO     Train Epoch: 3 [44800/60000 (75%)]	loss=0.5747
2025-04-24T16:50:27Z INFO     Train Epoch: 3 [46080/60000 (77%)]	loss=0.5900
2025-04-24T16:50:27Z INFO     Train Epoch: 3 [47360/60000 (79%)]	loss=0.5962
2025-04-24T16:50:28Z INFO     Train Epoch: 3 [48640/60000 (81%)]	loss=0.5154
2025-04-24T16:50:28Z INFO     Train Epoch: 3 [49920/60000 (83%)]	loss=0.6282
2025-04-24T16:50:28Z INFO     Train Epoch: 3 [51200/60000 (85%)]	loss=0.6643
2025-04-24T16:50:28Z INFO     Train Epoch: 3 [52480/60000 (87%)]	loss=0.6346
2025-04-24T16:50:28Z INFO     Train Epoch: 3 [53760/60000 (90%)]	loss=0.6285
2025-04-24T16:50:28Z INFO     Train Epoch: 3 [55040/60000 (92%)]	loss=0.6010
2025-04-24T16:50:28Z INFO     Train Epoch: 3 [56320/60000 (94%)]	loss=0.6399
2025-04-24T16:50:28Z INFO     Train Epoch: 3 [57600/60000 (96%)]	loss=0.5182
2025-04-24T16:50:28Z INFO     Train Epoch: 3 [58880/60000 (98%)]	loss=0.7661
2025-04-24T16:50:29Z INFO     {metricName: accuracy, metricValue: 0.7762};{metricName: loss, metricValue: 0.5943}

2025-04-24T16:50:29Z INFO     Train Epoch: 4 [0/60000 (0%)]	loss=0.6218
2025-04-24T16:50:30Z INFO     Train Epoch: 4 [1280/60000 (2%)]	loss=0.5150
2025-04-24T16:50:30Z INFO     Train Epoch: 4 [2560/60000 (4%)]	loss=0.4967
2025-04-24T16:50:30Z INFO     Train Epoch: 4 [3840/60000 (6%)]	loss=0.5840
2025-04-24T16:50:30Z INFO     Train Epoch: 4 [5120/60000 (9%)]	loss=0.5009
2025-04-24T16:50:30Z INFO     Train Epoch: 4 [6400/60000 (11%)]	loss=0.5473
2025-04-24T16:50:30Z INFO     Train Epoch: 4 [7680/60000 (13%)]	loss=0.6102
2025-04-24T16:50:30Z INFO     Train Epoch: 4 [8960/60000 (15%)]	loss=0.4791
2025-04-24T16:50:30Z INFO     Train Epoch: 4 [10240/60000 (17%)]	loss=0.5998
2025-04-24T16:50:30Z INFO     Train Epoch: 4 [11520/60000 (19%)]	loss=0.4617
2025-04-24T16:50:31Z INFO     Train Epoch: 4 [12800/60000 (21%)]	loss=0.5898
2025-04-24T16:50:31Z INFO     Train Epoch: 4 [14080/60000 (23%)]	loss=0.5848
2025-04-24T16:50:31Z INFO     Train Epoch: 4 [15360/60000 (26%)]	loss=0.6084
2025-04-24T16:50:31Z INFO     Train Epoch: 4 [16640/60000 (28%)]	loss=0.5984
2025-04-24T16:50:31Z INFO     Train Epoch: 4 [17920/60000 (30%)]	loss=0.5369
2025-04-24T16:50:31Z INFO     Train Epoch: 4 [19200/60000 (32%)]	loss=0.5686
2025-04-24T16:50:31Z INFO     Train Epoch: 4 [20480/60000 (34%)]	loss=0.4872
2025-04-24T16:50:31Z INFO     Train Epoch: 4 [21760/60000 (36%)]	loss=0.5477
2025-04-24T16:50:31Z INFO     Train Epoch: 4 [23040/60000 (38%)]	loss=0.6157
2025-04-24T16:50:32Z INFO     Train Epoch: 4 [24320/60000 (41%)]	loss=0.4897
2025-04-24T16:50:32Z INFO     Train Epoch: 4 [25600/60000 (43%)]	loss=0.5087
2025-04-24T16:50:32Z INFO     Train Epoch: 4 [26880/60000 (45%)]	loss=0.6036
2025-04-24T16:50:32Z INFO     Train Epoch: 4 [28160/60000 (47%)]	loss=0.4012
2025-04-24T16:50:32Z INFO     Train Epoch: 4 [29440/60000 (49%)]	loss=0.4859
2025-04-24T16:50:32Z INFO     Train Epoch: 4 [30720/60000 (51%)]	loss=0.5152
2025-04-24T16:50:32Z INFO     Train Epoch: 4 [32000/60000 (53%)]	loss=0.4833
2025-04-24T16:50:32Z INFO     Train Epoch: 4 [33280/60000 (55%)]	loss=0.5321
2025-04-24T16:50:32Z INFO     Train Epoch: 4 [34560/60000 (58%)]	loss=0.5405
2025-04-24T16:50:33Z INFO     Train Epoch: 4 [35840/60000 (60%)]	loss=0.4974
2025-04-24T16:50:33Z INFO     Train Epoch: 4 [37120/60000 (62%)]	loss=0.4536
2025-04-24T16:50:33Z INFO     Train Epoch: 4 [38400/60000 (64%)]	loss=0.5638
2025-04-24T16:50:33Z INFO     Train Epoch: 4 [39680/60000 (66%)]	loss=0.4890
2025-04-24T16:50:33Z INFO     Train Epoch: 4 [40960/60000 (68%)]	loss=0.5174
2025-04-24T16:50:33Z INFO     Train Epoch: 4 [42240/60000 (70%)]	loss=0.6528
2025-04-24T16:50:33Z INFO     Train Epoch: 4 [43520/60000 (72%)]	loss=0.5722
2025-04-24T16:50:33Z INFO     Train Epoch: 4 [44800/60000 (75%)]	loss=0.6391
2025-04-24T16:50:33Z INFO     Train Epoch: 4 [46080/60000 (77%)]	loss=0.5467
2025-04-24T16:50:34Z INFO     Train Epoch: 4 [47360/60000 (79%)]	loss=0.4500
2025-04-24T16:50:34Z INFO     Train Epoch: 4 [48640/60000 (81%)]	loss=0.4361
2025-04-24T16:50:34Z INFO     Train Epoch: 4 [49920/60000 (83%)]	loss=0.5658
2025-04-24T16:50:34Z INFO     Train Epoch: 4 [51200/60000 (85%)]	loss=0.5484
2025-04-24T16:50:34Z INFO     Train Epoch: 4 [52480/60000 (87%)]	loss=0.4785
2025-04-24T16:50:34Z INFO     Train Epoch: 4 [53760/60000 (90%)]	loss=0.4883
2025-04-24T16:50:34Z INFO     Train Epoch: 4 [55040/60000 (92%)]	loss=0.5644
2025-04-24T16:50:34Z INFO     Train Epoch: 4 [56320/60000 (94%)]	loss=0.4395
2025-04-24T16:50:34Z INFO     Train Epoch: 4 [57600/60000 (96%)]	loss=0.3731
2025-04-24T16:50:35Z INFO     Train Epoch: 4 [58880/60000 (98%)]	loss=0.4266
2025-04-24T16:50:36Z INFO     {metricName: accuracy, metricValue: 0.8066};{metricName: loss, metricValue: 0.5314}


real	0m31.968s
user	0m39.352s
sys	0m10.082s
