Using CUDA
Using distributed PyTorch with nccl backend
2025-04-24T16:53:02Z INFO     Added key: store_based_barrier_key:1 to store for rank: 0
2025-04-24T16:53:02Z INFO     Rank 0: Completed store-based barrier for key:store_based_barrier_key:1 with 2 nodes.
pytorch-mnist-master-0:38:38 [0] NCCL INFO Bootstrap : Using eth0:10.244.0.23<0>
pytorch-mnist-master-0:38:38 [0] NCCL INFO NET/Plugin : No plugin found (libnccl-net.so), using internal implementation
pytorch-mnist-master-0:38:38 [0] NCCL INFO NCCL_IB_DISABLE set by environment to 0.
pytorch-mnist-master-0:38:38 [0] NCCL INFO NET/IB : Using [0]mlx5_0:1/IB ; OOB eth0:10.244.0.23<0>
pytorch-mnist-master-0:38:38 [0] NCCL INFO Using network IB
NCCL version 2.10.3+cuda10.2
pytorch-mnist-master-0:38:124 [0] NCCL INFO Channel 00/02 :    0   1
pytorch-mnist-master-0:38:124 [0] NCCL INFO Channel 01/02 :    0   1
pytorch-mnist-master-0:38:124 [0] NCCL INFO Trees [0] 1/-1/-1->0->-1 [1] -1/-1/-1->0->1
pytorch-mnist-master-0:38:124 [0] NCCL INFO Setting affinity for GPU 0 to 0fffff
pytorch-mnist-master-0:38:124 [0] NCCL INFO Channel 00 : 1[100000] -> 0[100000] [receive] via NET/IB/0
pytorch-mnist-master-0:38:124 [0] NCCL INFO Channel 01 : 1[100000] -> 0[100000] [receive] via NET/IB/0
pytorch-mnist-master-0:38:124 [0] NCCL INFO Channel 00 : 0[100000] -> 1[100000] [send] via NET/IB/0
pytorch-mnist-master-0:38:124 [0] NCCL INFO Channel 01 : 0[100000] -> 1[100000] [send] via NET/IB/0
pytorch-mnist-master-0:38:124 [0] NCCL INFO Connected all rings
pytorch-mnist-master-0:38:124 [0] NCCL INFO Connected all trees
pytorch-mnist-master-0:38:124 [0] NCCL INFO threadThresholds 8/8/64 | 16/8/64 | 8/8/512
pytorch-mnist-master-0:38:124 [0] NCCL INFO 2 coll channels, 2 p2p channels, 1 p2p channels per peer
pytorch-mnist-master-0:38:124 [0] NCCL INFO comm 0x7d7a88001360 rank 0 nranks 2 cudaDev 0 busId 100000 - Init COMPLETE
pytorch-mnist-master-0:38:38 [0] NCCL INFO Launch mode Parallel
2025-04-24T16:53:06Z INFO     Train Epoch: 1 [0/60000 (0%)]	loss=2.3015
2025-04-24T16:53:06Z INFO     Reducer buckets have been rebuilt in this iteration.
2025-04-24T16:53:06Z INFO     Train Epoch: 1 [1280/60000 (2%)]	loss=2.2863
2025-04-24T16:53:06Z INFO     Train Epoch: 1 [2560/60000 (4%)]	loss=2.2854
2025-04-24T16:53:06Z INFO     Train Epoch: 1 [3840/60000 (6%)]	loss=2.2727
2025-04-24T16:53:07Z INFO     Train Epoch: 1 [5120/60000 (9%)]	loss=2.2693
2025-04-24T16:53:07Z INFO     Train Epoch: 1 [6400/60000 (11%)]	loss=2.2500
2025-04-24T16:53:07Z INFO     Train Epoch: 1 [7680/60000 (13%)]	loss=2.2421
2025-04-24T16:53:07Z INFO     Train Epoch: 1 [8960/60000 (15%)]	loss=2.2029
2025-04-24T16:53:07Z INFO     Train Epoch: 1 [10240/60000 (17%)]	loss=2.1878
2025-04-24T16:53:07Z INFO     Train Epoch: 1 [11520/60000 (19%)]	loss=2.1321
2025-04-24T16:53:07Z INFO     Train Epoch: 1 [12800/60000 (21%)]	loss=2.0495
2025-04-24T16:53:07Z INFO     Train Epoch: 1 [14080/60000 (23%)]	loss=1.9474
2025-04-24T16:53:07Z INFO     Train Epoch: 1 [15360/60000 (26%)]	loss=1.7653
2025-04-24T16:53:08Z INFO     Train Epoch: 1 [16640/60000 (28%)]	loss=1.5973
2025-04-24T16:53:08Z INFO     Train Epoch: 1 [17920/60000 (30%)]	loss=1.3736
2025-04-24T16:53:08Z INFO     Train Epoch: 1 [19200/60000 (32%)]	loss=1.3090
2025-04-24T16:53:08Z INFO     Train Epoch: 1 [20480/60000 (34%)]	loss=1.1871
2025-04-24T16:53:08Z INFO     Train Epoch: 1 [21760/60000 (36%)]	loss=1.0813
2025-04-24T16:53:08Z INFO     Train Epoch: 1 [23040/60000 (38%)]	loss=1.0570
2025-04-24T16:53:08Z INFO     Train Epoch: 1 [24320/60000 (41%)]	loss=1.0200
2025-04-24T16:53:08Z INFO     Train Epoch: 1 [25600/60000 (43%)]	loss=0.9028
2025-04-24T16:53:08Z INFO     Train Epoch: 1 [26880/60000 (45%)]	loss=1.0214
2025-04-24T16:53:09Z INFO     Train Epoch: 1 [28160/60000 (47%)]	loss=1.0542
2025-04-24T16:53:09Z INFO     Train Epoch: 1 [29440/60000 (49%)]	loss=0.9007
2025-04-24T16:53:09Z INFO     Train Epoch: 1 [30720/60000 (51%)]	loss=0.7912
2025-04-24T16:53:09Z INFO     Train Epoch: 1 [32000/60000 (53%)]	loss=1.1954
2025-04-24T16:53:09Z INFO     Train Epoch: 1 [33280/60000 (55%)]	loss=1.0263
2025-04-24T16:53:09Z INFO     Train Epoch: 1 [34560/60000 (58%)]	loss=0.9574
2025-04-24T16:53:09Z INFO     Train Epoch: 1 [35840/60000 (60%)]	loss=0.7893
2025-04-24T16:53:09Z INFO     Train Epoch: 1 [37120/60000 (62%)]	loss=0.9350
2025-04-24T16:53:09Z INFO     Train Epoch: 1 [38400/60000 (64%)]	loss=0.9510
2025-04-24T16:53:10Z INFO     Train Epoch: 1 [39680/60000 (66%)]	loss=0.8621
2025-04-24T16:53:10Z INFO     Train Epoch: 1 [40960/60000 (68%)]	loss=0.8081
2025-04-24T16:53:10Z INFO     Train Epoch: 1 [42240/60000 (70%)]	loss=0.8870
2025-04-24T16:53:10Z INFO     Train Epoch: 1 [43520/60000 (72%)]	loss=0.9448
2025-04-24T16:53:10Z INFO     Train Epoch: 1 [44800/60000 (75%)]	loss=0.9375
2025-04-24T16:53:10Z INFO     Train Epoch: 1 [46080/60000 (77%)]	loss=0.8247
2025-04-24T16:53:10Z INFO     Train Epoch: 1 [47360/60000 (79%)]	loss=0.7674
2025-04-24T16:53:10Z INFO     Train Epoch: 1 [48640/60000 (81%)]	loss=0.8695
2025-04-24T16:53:10Z INFO     Train Epoch: 1 [49920/60000 (83%)]	loss=0.8697
2025-04-24T16:53:11Z INFO     Train Epoch: 1 [51200/60000 (85%)]	loss=0.7833
2025-04-24T16:53:11Z INFO     Train Epoch: 1 [52480/60000 (87%)]	loss=0.6903
2025-04-24T16:53:11Z INFO     Train Epoch: 1 [53760/60000 (90%)]	loss=0.8081
2025-04-24T16:53:11Z INFO     Train Epoch: 1 [55040/60000 (92%)]	loss=0.8802
2025-04-24T16:53:11Z INFO     Train Epoch: 1 [56320/60000 (94%)]	loss=0.8601
2025-04-24T16:53:11Z INFO     Train Epoch: 1 [57600/60000 (96%)]	loss=0.9266
2025-04-24T16:53:11Z INFO     Train Epoch: 1 [58880/60000 (98%)]	loss=0.7714
2025-04-24T16:53:12Z INFO     {metricName: accuracy, metricValue: 0.6877};{metricName: loss, metricValue: 0.8282}

2025-04-24T16:53:12Z INFO     Train Epoch: 2 [0/60000 (0%)]	loss=0.7497
2025-04-24T16:53:12Z INFO     Train Epoch: 2 [1280/60000 (2%)]	loss=0.6794
2025-04-24T16:53:13Z INFO     Train Epoch: 2 [2560/60000 (4%)]	loss=0.7736
2025-04-24T16:53:13Z INFO     Train Epoch: 2 [3840/60000 (6%)]	loss=0.7712
2025-04-24T16:53:13Z INFO     Train Epoch: 2 [5120/60000 (9%)]	loss=0.7508
2025-04-24T16:53:13Z INFO     Train Epoch: 2 [6400/60000 (11%)]	loss=0.7416
2025-04-24T16:53:13Z INFO     Train Epoch: 2 [7680/60000 (13%)]	loss=0.7564
2025-04-24T16:53:13Z INFO     Train Epoch: 2 [8960/60000 (15%)]	loss=0.6581
2025-04-24T16:53:13Z INFO     Train Epoch: 2 [10240/60000 (17%)]	loss=0.7522
2025-04-24T16:53:13Z INFO     Train Epoch: 2 [11520/60000 (19%)]	loss=0.6038
2025-04-24T16:53:13Z INFO     Train Epoch: 2 [12800/60000 (21%)]	loss=0.7410
2025-04-24T16:53:14Z INFO     Train Epoch: 2 [14080/60000 (23%)]	loss=0.6983
2025-04-24T16:53:14Z INFO     Train Epoch: 2 [15360/60000 (26%)]	loss=0.7798
2025-04-24T16:53:14Z INFO     Train Epoch: 2 [16640/60000 (28%)]	loss=0.6449
2025-04-24T16:53:14Z INFO     Train Epoch: 2 [17920/60000 (30%)]	loss=0.7499
2025-04-24T16:53:14Z INFO     Train Epoch: 2 [19200/60000 (32%)]	loss=0.5676
2025-04-24T16:53:14Z INFO     Train Epoch: 2 [20480/60000 (34%)]	loss=0.7973
2025-04-24T16:53:14Z INFO     Train Epoch: 2 [21760/60000 (36%)]	loss=0.6858
2025-04-24T16:53:14Z INFO     Train Epoch: 2 [23040/60000 (38%)]	loss=0.6714
2025-04-24T16:53:14Z INFO     Train Epoch: 2 [24320/60000 (41%)]	loss=0.6472
2025-04-24T16:53:15Z INFO     Train Epoch: 2 [25600/60000 (43%)]	loss=0.6487
2025-04-24T16:53:15Z INFO     Train Epoch: 2 [26880/60000 (45%)]	loss=0.7614
2025-04-24T16:53:15Z INFO     Train Epoch: 2 [28160/60000 (47%)]	loss=0.5768
2025-04-24T16:53:15Z INFO     Train Epoch: 2 [29440/60000 (49%)]	loss=0.8772
2025-04-24T16:53:15Z INFO     Train Epoch: 2 [30720/60000 (51%)]	loss=0.6969
2025-04-24T16:53:15Z INFO     Train Epoch: 2 [32000/60000 (53%)]	loss=0.7669
2025-04-24T16:53:15Z INFO     Train Epoch: 2 [33280/60000 (55%)]	loss=0.6706
2025-04-24T16:53:15Z INFO     Train Epoch: 2 [34560/60000 (58%)]	loss=0.5764
2025-04-24T16:53:15Z INFO     Train Epoch: 2 [35840/60000 (60%)]	loss=0.5408
2025-04-24T16:53:16Z INFO     Train Epoch: 2 [37120/60000 (62%)]	loss=0.7467
2025-04-24T16:53:16Z INFO     Train Epoch: 2 [38400/60000 (64%)]	loss=0.6821
2025-04-24T16:53:16Z INFO     Train Epoch: 2 [39680/60000 (66%)]	loss=0.6228
2025-04-24T16:53:16Z INFO     Train Epoch: 2 [40960/60000 (68%)]	loss=0.7624
2025-04-24T16:53:16Z INFO     Train Epoch: 2 [42240/60000 (70%)]	loss=0.7596
2025-04-24T16:53:16Z INFO     Train Epoch: 2 [43520/60000 (72%)]	loss=0.5805
2025-04-24T16:53:16Z INFO     Train Epoch: 2 [44800/60000 (75%)]	loss=0.5778
2025-04-24T16:53:16Z INFO     Train Epoch: 2 [46080/60000 (77%)]	loss=0.6873
2025-04-24T16:53:16Z INFO     Train Epoch: 2 [47360/60000 (79%)]	loss=0.7642
2025-04-24T16:53:17Z INFO     Train Epoch: 2 [48640/60000 (81%)]	loss=0.5814
2025-04-24T16:53:17Z INFO     Train Epoch: 2 [49920/60000 (83%)]	loss=0.6972
2025-04-24T16:53:17Z INFO     Train Epoch: 2 [51200/60000 (85%)]	loss=0.8267
2025-04-24T16:53:17Z INFO     Train Epoch: 2 [52480/60000 (87%)]	loss=0.5810
2025-04-24T16:53:17Z INFO     Train Epoch: 2 [53760/60000 (90%)]	loss=0.5223
2025-04-24T16:53:17Z INFO     Train Epoch: 2 [55040/60000 (92%)]	loss=0.6891
2025-04-24T16:53:17Z INFO     Train Epoch: 2 [56320/60000 (94%)]	loss=0.7076
2025-04-24T16:53:17Z INFO     Train Epoch: 2 [57600/60000 (96%)]	loss=0.5092
2025-04-24T16:53:17Z INFO     Train Epoch: 2 [58880/60000 (98%)]	loss=0.5993
2025-04-24T16:53:18Z INFO     {metricName: accuracy, metricValue: 0.7615};{metricName: loss, metricValue: 0.6531}

2025-04-24T16:53:18Z INFO     Train Epoch: 3 [0/60000 (0%)]	loss=0.5432
2025-04-24T16:53:19Z INFO     Train Epoch: 3 [1280/60000 (2%)]	loss=0.6450
2025-04-24T16:53:19Z INFO     Train Epoch: 3 [2560/60000 (4%)]	loss=0.5525
2025-04-24T16:53:19Z INFO     Train Epoch: 3 [3840/60000 (6%)]	loss=0.5119
2025-04-24T16:53:19Z INFO     Train Epoch: 3 [5120/60000 (9%)]	loss=0.5634
2025-04-24T16:53:19Z INFO     Train Epoch: 3 [6400/60000 (11%)]	loss=0.6516
2025-04-24T16:53:19Z INFO     Train Epoch: 3 [7680/60000 (13%)]	loss=0.5263
2025-04-24T16:53:19Z INFO     Train Epoch: 3 [8960/60000 (15%)]	loss=0.6365
2025-04-24T16:53:19Z INFO     Train Epoch: 3 [10240/60000 (17%)]	loss=0.6497
2025-04-24T16:53:19Z INFO     Train Epoch: 3 [11520/60000 (19%)]	loss=0.4756
2025-04-24T16:53:20Z INFO     Train Epoch: 3 [12800/60000 (21%)]	loss=0.6912
2025-04-24T16:53:20Z INFO     Train Epoch: 3 [14080/60000 (23%)]	loss=0.6604
2025-04-24T16:53:20Z INFO     Train Epoch: 3 [15360/60000 (26%)]	loss=0.7000
2025-04-24T16:53:20Z INFO     Train Epoch: 3 [16640/60000 (28%)]	loss=0.5769
2025-04-24T16:53:20Z INFO     Train Epoch: 3 [17920/60000 (30%)]	loss=0.6533
2025-04-24T16:53:20Z INFO     Train Epoch: 3 [19200/60000 (32%)]	loss=0.6457
2025-04-24T16:53:20Z INFO     Train Epoch: 3 [20480/60000 (34%)]	loss=0.6262
2025-04-24T16:53:20Z INFO     Train Epoch: 3 [21760/60000 (36%)]	loss=0.4615
2025-04-24T16:53:20Z INFO     Train Epoch: 3 [23040/60000 (38%)]	loss=0.7000
2025-04-24T16:53:21Z INFO     Train Epoch: 3 [24320/60000 (41%)]	loss=0.6113
2025-04-24T16:53:21Z INFO     Train Epoch: 3 [25600/60000 (43%)]	loss=0.5657
2025-04-24T16:53:21Z INFO     Train Epoch: 3 [26880/60000 (45%)]	loss=0.5161
2025-04-24T16:53:21Z INFO     Train Epoch: 3 [28160/60000 (47%)]	loss=0.6822
2025-04-24T16:53:21Z INFO     Train Epoch: 3 [29440/60000 (49%)]	loss=0.6089
2025-04-24T16:53:21Z INFO     Train Epoch: 3 [30720/60000 (51%)]	loss=0.6061
2025-04-24T16:53:21Z INFO     Train Epoch: 3 [32000/60000 (53%)]	loss=0.6231
2025-04-24T16:53:21Z INFO     Train Epoch: 3 [33280/60000 (55%)]	loss=0.6746
2025-04-24T16:53:22Z INFO     Train Epoch: 3 [34560/60000 (58%)]	loss=0.5916
2025-04-24T16:53:22Z INFO     Train Epoch: 3 [35840/60000 (60%)]	loss=0.5735
2025-04-24T16:53:22Z INFO     Train Epoch: 3 [37120/60000 (62%)]	loss=0.5753
2025-04-24T16:53:22Z INFO     Train Epoch: 3 [38400/60000 (64%)]	loss=0.4597
2025-04-24T16:53:22Z INFO     Train Epoch: 3 [39680/60000 (66%)]	loss=0.5212
2025-04-24T16:53:22Z INFO     Train Epoch: 3 [40960/60000 (68%)]	loss=0.5732
2025-04-24T16:53:22Z INFO     Train Epoch: 3 [42240/60000 (70%)]	loss=0.5972
2025-04-24T16:53:22Z INFO     Train Epoch: 3 [43520/60000 (72%)]	loss=0.7329
2025-04-24T16:53:22Z INFO     Train Epoch: 3 [44800/60000 (75%)]	loss=0.5761
2025-04-24T16:53:23Z INFO     Train Epoch: 3 [46080/60000 (77%)]	loss=0.5895
2025-04-24T16:53:23Z INFO     Train Epoch: 3 [47360/60000 (79%)]	loss=0.5978
2025-04-24T16:53:23Z INFO     Train Epoch: 3 [48640/60000 (81%)]	loss=0.5168
2025-04-24T16:53:23Z INFO     Train Epoch: 3 [49920/60000 (83%)]	loss=0.6291
2025-04-24T16:53:23Z INFO     Train Epoch: 3 [51200/60000 (85%)]	loss=0.6652
2025-04-24T16:53:23Z INFO     Train Epoch: 3 [52480/60000 (87%)]	loss=0.6342
2025-04-24T16:53:23Z INFO     Train Epoch: 3 [53760/60000 (90%)]	loss=0.6293
2025-04-24T16:53:23Z INFO     Train Epoch: 3 [55040/60000 (92%)]	loss=0.6010
2025-04-24T16:53:23Z INFO     Train Epoch: 3 [56320/60000 (94%)]	loss=0.6394
2025-04-24T16:53:24Z INFO     Train Epoch: 3 [57600/60000 (96%)]	loss=0.5178
2025-04-24T16:53:24Z INFO     Train Epoch: 3 [58880/60000 (98%)]	loss=0.7673
2025-04-24T16:53:25Z INFO     {metricName: accuracy, metricValue: 0.7760};{metricName: loss, metricValue: 0.5952}

2025-04-24T16:53:25Z INFO     Train Epoch: 4 [0/60000 (0%)]	loss=0.6218
2025-04-24T16:53:25Z INFO     Train Epoch: 4 [1280/60000 (2%)]	loss=0.5149
2025-04-24T16:53:25Z INFO     Train Epoch: 4 [2560/60000 (4%)]	loss=0.4977
2025-04-24T16:53:25Z INFO     Train Epoch: 4 [3840/60000 (6%)]	loss=0.5830
2025-04-24T16:53:25Z INFO     Train Epoch: 4 [5120/60000 (9%)]	loss=0.5006
2025-04-24T16:53:25Z INFO     Train Epoch: 4 [6400/60000 (11%)]	loss=0.5484
2025-04-24T16:53:25Z INFO     Train Epoch: 4 [7680/60000 (13%)]	loss=0.6097
2025-04-24T16:53:25Z INFO     Train Epoch: 4 [8960/60000 (15%)]	loss=0.4797
2025-04-24T16:53:26Z INFO     Train Epoch: 4 [10240/60000 (17%)]	loss=0.6012
2025-04-24T16:53:26Z INFO     Train Epoch: 4 [11520/60000 (19%)]	loss=0.4616
2025-04-24T16:53:26Z INFO     Train Epoch: 4 [12800/60000 (21%)]	loss=0.5900
2025-04-24T16:53:26Z INFO     Train Epoch: 4 [14080/60000 (23%)]	loss=0.5860
2025-04-24T16:53:26Z INFO     Train Epoch: 4 [15360/60000 (26%)]	loss=0.6089
2025-04-24T16:53:26Z INFO     Train Epoch: 4 [16640/60000 (28%)]	loss=0.5988
2025-04-24T16:53:26Z INFO     Train Epoch: 4 [17920/60000 (30%)]	loss=0.5379
2025-04-24T16:53:26Z INFO     Train Epoch: 4 [19200/60000 (32%)]	loss=0.5681
2025-04-24T16:53:26Z INFO     Train Epoch: 4 [20480/60000 (34%)]	loss=0.4869
2025-04-24T16:53:27Z INFO     Train Epoch: 4 [21760/60000 (36%)]	loss=0.5474
2025-04-24T16:53:27Z INFO     Train Epoch: 4 [23040/60000 (38%)]	loss=0.6163
2025-04-24T16:53:27Z INFO     Train Epoch: 4 [24320/60000 (41%)]	loss=0.4894
2025-04-24T16:53:27Z INFO     Train Epoch: 4 [25600/60000 (43%)]	loss=0.5083
2025-04-24T16:53:27Z INFO     Train Epoch: 4 [26880/60000 (45%)]	loss=0.6029
2025-04-24T16:53:27Z INFO     Train Epoch: 4 [28160/60000 (47%)]	loss=0.4017
2025-04-24T16:53:27Z INFO     Train Epoch: 4 [29440/60000 (49%)]	loss=0.4863
2025-04-24T16:53:27Z INFO     Train Epoch: 4 [30720/60000 (51%)]	loss=0.5152
2025-04-24T16:53:27Z INFO     Train Epoch: 4 [32000/60000 (53%)]	loss=0.4850
2025-04-24T16:53:28Z INFO     Train Epoch: 4 [33280/60000 (55%)]	loss=0.5315
2025-04-24T16:53:28Z INFO     Train Epoch: 4 [34560/60000 (58%)]	loss=0.5393
2025-04-24T16:53:28Z INFO     Train Epoch: 4 [35840/60000 (60%)]	loss=0.4957
2025-04-24T16:53:28Z INFO     Train Epoch: 4 [37120/60000 (62%)]	loss=0.4535
2025-04-24T16:53:28Z INFO     Train Epoch: 4 [38400/60000 (64%)]	loss=0.5642
2025-04-24T16:53:28Z INFO     Train Epoch: 4 [39680/60000 (66%)]	loss=0.4895
2025-04-24T16:53:28Z INFO     Train Epoch: 4 [40960/60000 (68%)]	loss=0.5177
2025-04-24T16:53:28Z INFO     Train Epoch: 4 [42240/60000 (70%)]	loss=0.6542
2025-04-24T16:53:28Z INFO     Train Epoch: 4 [43520/60000 (72%)]	loss=0.5717
2025-04-24T16:53:29Z INFO     Train Epoch: 4 [44800/60000 (75%)]	loss=0.6387
2025-04-24T16:53:29Z INFO     Train Epoch: 4 [46080/60000 (77%)]	loss=0.5455
2025-04-24T16:53:29Z INFO     Train Epoch: 4 [47360/60000 (79%)]	loss=0.4507
2025-04-24T16:53:29Z INFO     Train Epoch: 4 [48640/60000 (81%)]	loss=0.4379
2025-04-24T16:53:29Z INFO     Train Epoch: 4 [49920/60000 (83%)]	loss=0.5662
2025-04-24T16:53:29Z INFO     Train Epoch: 4 [51200/60000 (85%)]	loss=0.5480
2025-04-24T16:53:29Z INFO     Train Epoch: 4 [52480/60000 (87%)]	loss=0.4792
2025-04-24T16:53:29Z INFO     Train Epoch: 4 [53760/60000 (90%)]	loss=0.4871
2025-04-24T16:53:29Z INFO     Train Epoch: 4 [55040/60000 (92%)]	loss=0.5664
2025-04-24T16:53:30Z INFO     Train Epoch: 4 [56320/60000 (94%)]	loss=0.4394
2025-04-24T16:53:30Z INFO     Train Epoch: 4 [57600/60000 (96%)]	loss=0.3733
2025-04-24T16:53:30Z INFO     Train Epoch: 4 [58880/60000 (98%)]	loss=0.4255
2025-04-24T16:53:31Z INFO     {metricName: accuracy, metricValue: 0.8072};{metricName: loss, metricValue: 0.5313}


real	0m30.193s
user	0m41.795s
sys	0m11.519s
