Using CUDA
Using distributed PyTorch with nccl backend
2025-04-24T16:50:41Z INFO     Added key: store_based_barrier_key:1 to store for rank: 0
2025-04-24T16:50:41Z INFO     Rank 0: Completed store-based barrier for key:store_based_barrier_key:1 with 2 nodes.
pytorch-mnist-master-0:38:38 [0] NCCL INFO Bootstrap : Using eth0:10.244.1.16<0>
pytorch-mnist-master-0:38:38 [0] NCCL INFO NET/Plugin : No plugin found (libnccl-net.so), using internal implementation
pytorch-mnist-master-0:38:38 [0] NCCL INFO NCCL_IB_DISABLE set by environment to 0.
pytorch-mnist-master-0:38:38 [0] NCCL INFO NET/IB : Using [0]mlx5_0:1/IB ; OOB eth0:10.244.1.16<0>
pytorch-mnist-master-0:38:38 [0] NCCL INFO Using network IB
NCCL version 2.10.3+cuda10.2
pytorch-mnist-master-0:38:124 [0] NCCL INFO Channel 00/02 :    0   1
pytorch-mnist-master-0:38:124 [0] NCCL INFO Channel 01/02 :    0   1
pytorch-mnist-master-0:38:124 [0] NCCL INFO Trees [0] 1/-1/-1->0->-1 [1] -1/-1/-1->0->1
pytorch-mnist-master-0:38:124 [0] NCCL INFO Setting affinity for GPU 0 to 0fffff
pytorch-mnist-master-0:38:124 [0] NCCL INFO Channel 00 : 1[100000] -> 0[100000] [receive] via NET/IB/0
pytorch-mnist-master-0:38:124 [0] NCCL INFO Channel 01 : 1[100000] -> 0[100000] [receive] via NET/IB/0
pytorch-mnist-master-0:38:124 [0] NCCL INFO Channel 00 : 0[100000] -> 1[100000] [send] via NET/IB/0
pytorch-mnist-master-0:38:124 [0] NCCL INFO Channel 01 : 0[100000] -> 1[100000] [send] via NET/IB/0
pytorch-mnist-master-0:38:124 [0] NCCL INFO Connected all rings
pytorch-mnist-master-0:38:124 [0] NCCL INFO Connected all trees
pytorch-mnist-master-0:38:124 [0] NCCL INFO threadThresholds 8/8/64 | 16/8/64 | 8/8/512
pytorch-mnist-master-0:38:124 [0] NCCL INFO 2 coll channels, 2 p2p channels, 1 p2p channels per peer
pytorch-mnist-master-0:38:124 [0] NCCL INFO comm 0x7cb7a8001360 rank 0 nranks 2 cudaDev 0 busId 100000 - Init COMPLETE
pytorch-mnist-master-0:38:38 [0] NCCL INFO Launch mode Parallel
2025-04-24T16:50:45Z INFO     Train Epoch: 1 [0/60000 (0%)]	loss=2.3015
2025-04-24T16:50:45Z INFO     Reducer buckets have been rebuilt in this iteration.
2025-04-24T16:50:45Z INFO     Train Epoch: 1 [1280/60000 (2%)]	loss=2.2863
2025-04-24T16:50:45Z INFO     Train Epoch: 1 [2560/60000 (4%)]	loss=2.2854
2025-04-24T16:50:45Z INFO     Train Epoch: 1 [3840/60000 (6%)]	loss=2.2727
2025-04-24T16:50:45Z INFO     Train Epoch: 1 [5120/60000 (9%)]	loss=2.2693
2025-04-24T16:50:45Z INFO     Train Epoch: 1 [6400/60000 (11%)]	loss=2.2499
2025-04-24T16:50:45Z INFO     Train Epoch: 1 [7680/60000 (13%)]	loss=2.2421
2025-04-24T16:50:45Z INFO     Train Epoch: 1 [8960/60000 (15%)]	loss=2.2029
2025-04-24T16:50:45Z INFO     Train Epoch: 1 [10240/60000 (17%)]	loss=2.1878
2025-04-24T16:50:46Z INFO     Train Epoch: 1 [11520/60000 (19%)]	loss=2.1322
2025-04-24T16:50:46Z INFO     Train Epoch: 1 [12800/60000 (21%)]	loss=2.0497
2025-04-24T16:50:46Z INFO     Train Epoch: 1 [14080/60000 (23%)]	loss=1.9477
2025-04-24T16:50:46Z INFO     Train Epoch: 1 [15360/60000 (26%)]	loss=1.7656
2025-04-24T16:50:46Z INFO     Train Epoch: 1 [16640/60000 (28%)]	loss=1.5976
2025-04-24T16:50:46Z INFO     Train Epoch: 1 [17920/60000 (30%)]	loss=1.3735
2025-04-24T16:50:46Z INFO     Train Epoch: 1 [19200/60000 (32%)]	loss=1.3095
2025-04-24T16:50:46Z INFO     Train Epoch: 1 [20480/60000 (34%)]	loss=1.1871
2025-04-24T16:50:47Z INFO     Train Epoch: 1 [21760/60000 (36%)]	loss=1.0810
2025-04-24T16:50:47Z INFO     Train Epoch: 1 [23040/60000 (38%)]	loss=1.0571
2025-04-24T16:50:47Z INFO     Train Epoch: 1 [24320/60000 (41%)]	loss=1.0200
2025-04-24T16:50:47Z INFO     Train Epoch: 1 [25600/60000 (43%)]	loss=0.9028
2025-04-24T16:50:47Z INFO     Train Epoch: 1 [26880/60000 (45%)]	loss=1.0216
2025-04-24T16:50:47Z INFO     Train Epoch: 1 [28160/60000 (47%)]	loss=1.0540
2025-04-24T16:50:47Z INFO     Train Epoch: 1 [29440/60000 (49%)]	loss=0.9041
2025-04-24T16:50:47Z INFO     Train Epoch: 1 [30720/60000 (51%)]	loss=0.7913
2025-04-24T16:50:47Z INFO     Train Epoch: 1 [32000/60000 (53%)]	loss=1.1956
2025-04-24T16:50:48Z INFO     Train Epoch: 1 [33280/60000 (55%)]	loss=1.0272
2025-04-24T16:50:48Z INFO     Train Epoch: 1 [34560/60000 (58%)]	loss=0.9573
2025-04-24T16:50:48Z INFO     Train Epoch: 1 [35840/60000 (60%)]	loss=0.7860
2025-04-24T16:50:48Z INFO     Train Epoch: 1 [37120/60000 (62%)]	loss=0.9327
2025-04-24T16:50:48Z INFO     Train Epoch: 1 [38400/60000 (64%)]	loss=0.9528
2025-04-24T16:50:48Z INFO     Train Epoch: 1 [39680/60000 (66%)]	loss=0.8622
2025-04-24T16:50:48Z INFO     Train Epoch: 1 [40960/60000 (68%)]	loss=0.8081
2025-04-24T16:50:48Z INFO     Train Epoch: 1 [42240/60000 (70%)]	loss=0.8885
2025-04-24T16:50:48Z INFO     Train Epoch: 1 [43520/60000 (72%)]	loss=0.9451
2025-04-24T16:50:49Z INFO     Train Epoch: 1 [44800/60000 (75%)]	loss=0.9372
2025-04-24T16:50:49Z INFO     Train Epoch: 1 [46080/60000 (77%)]	loss=0.8253
2025-04-24T16:50:49Z INFO     Train Epoch: 1 [47360/60000 (79%)]	loss=0.7679
2025-04-24T16:50:49Z INFO     Train Epoch: 1 [48640/60000 (81%)]	loss=0.8694
2025-04-24T16:50:49Z INFO     Train Epoch: 1 [49920/60000 (83%)]	loss=0.8689
2025-04-24T16:50:49Z INFO     Train Epoch: 1 [51200/60000 (85%)]	loss=0.7851
2025-04-24T16:50:49Z INFO     Train Epoch: 1 [52480/60000 (87%)]	loss=0.6908
2025-04-24T16:50:49Z INFO     Train Epoch: 1 [53760/60000 (90%)]	loss=0.8083
2025-04-24T16:50:49Z INFO     Train Epoch: 1 [55040/60000 (92%)]	loss=0.8785
2025-04-24T16:50:50Z INFO     Train Epoch: 1 [56320/60000 (94%)]	loss=0.8601
2025-04-24T16:50:50Z INFO     Train Epoch: 1 [57600/60000 (96%)]	loss=0.9268
2025-04-24T16:50:50Z INFO     Train Epoch: 1 [58880/60000 (98%)]	loss=0.7711
2025-04-24T16:50:51Z INFO     {metricName: accuracy, metricValue: 0.6871};{metricName: loss, metricValue: 0.8285}

2025-04-24T16:50:51Z INFO     Train Epoch: 2 [0/60000 (0%)]	loss=0.7513
2025-04-24T16:50:51Z INFO     Train Epoch: 2 [1280/60000 (2%)]	loss=0.6781
2025-04-24T16:50:51Z INFO     Train Epoch: 2 [2560/60000 (4%)]	loss=0.7750
2025-04-24T16:50:51Z INFO     Train Epoch: 2 [3840/60000 (6%)]	loss=0.7714
2025-04-24T16:50:51Z INFO     Train Epoch: 2 [5120/60000 (9%)]	loss=0.7505
2025-04-24T16:50:51Z INFO     Train Epoch: 2 [6400/60000 (11%)]	loss=0.7420
2025-04-24T16:50:51Z INFO     Train Epoch: 2 [7680/60000 (13%)]	loss=0.7575
2025-04-24T16:50:52Z INFO     Train Epoch: 2 [8960/60000 (15%)]	loss=0.6584
2025-04-24T16:50:52Z INFO     Train Epoch: 2 [10240/60000 (17%)]	loss=0.7524
2025-04-24T16:50:52Z INFO     Train Epoch: 2 [11520/60000 (19%)]	loss=0.6044
2025-04-24T16:50:52Z INFO     Train Epoch: 2 [12800/60000 (21%)]	loss=0.7410
2025-04-24T16:50:52Z INFO     Train Epoch: 2 [14080/60000 (23%)]	loss=0.6992
2025-04-24T16:50:52Z INFO     Train Epoch: 2 [15360/60000 (26%)]	loss=0.7799
2025-04-24T16:50:52Z INFO     Train Epoch: 2 [16640/60000 (28%)]	loss=0.6442
2025-04-24T16:50:52Z INFO     Train Epoch: 2 [17920/60000 (30%)]	loss=0.7485
2025-04-24T16:50:52Z INFO     Train Epoch: 2 [19200/60000 (32%)]	loss=0.5670
2025-04-24T16:50:53Z INFO     Train Epoch: 2 [20480/60000 (34%)]	loss=0.7989
2025-04-24T16:50:53Z INFO     Train Epoch: 2 [21760/60000 (36%)]	loss=0.6848
2025-04-24T16:50:53Z INFO     Train Epoch: 2 [23040/60000 (38%)]	loss=0.6706
2025-04-24T16:50:53Z INFO     Train Epoch: 2 [24320/60000 (41%)]	loss=0.6481
2025-04-24T16:50:53Z INFO     Train Epoch: 2 [25600/60000 (43%)]	loss=0.6489
2025-04-24T16:50:53Z INFO     Train Epoch: 2 [26880/60000 (45%)]	loss=0.7612
2025-04-24T16:50:53Z INFO     Train Epoch: 2 [28160/60000 (47%)]	loss=0.5766
2025-04-24T16:50:53Z INFO     Train Epoch: 2 [29440/60000 (49%)]	loss=0.8762
2025-04-24T16:50:53Z INFO     Train Epoch: 2 [30720/60000 (51%)]	loss=0.6955
2025-04-24T16:50:54Z INFO     Train Epoch: 2 [32000/60000 (53%)]	loss=0.7674
2025-04-24T16:50:54Z INFO     Train Epoch: 2 [33280/60000 (55%)]	loss=0.6689
2025-04-24T16:50:54Z INFO     Train Epoch: 2 [34560/60000 (58%)]	loss=0.5764
2025-04-24T16:50:54Z INFO     Train Epoch: 2 [35840/60000 (60%)]	loss=0.5409
2025-04-24T16:50:54Z INFO     Train Epoch: 2 [37120/60000 (62%)]	loss=0.7469
2025-04-24T16:50:54Z INFO     Train Epoch: 2 [38400/60000 (64%)]	loss=0.6820
2025-04-24T16:50:54Z INFO     Train Epoch: 2 [39680/60000 (66%)]	loss=0.6225
2025-04-24T16:50:54Z INFO     Train Epoch: 2 [40960/60000 (68%)]	loss=0.7630
2025-04-24T16:50:54Z INFO     Train Epoch: 2 [42240/60000 (70%)]	loss=0.7595
2025-04-24T16:50:55Z INFO     Train Epoch: 2 [43520/60000 (72%)]	loss=0.5815
2025-04-24T16:50:55Z INFO     Train Epoch: 2 [44800/60000 (75%)]	loss=0.5771
2025-04-24T16:50:55Z INFO     Train Epoch: 2 [46080/60000 (77%)]	loss=0.6871
2025-04-24T16:50:55Z INFO     Train Epoch: 2 [47360/60000 (79%)]	loss=0.7648
2025-04-24T16:50:55Z INFO     Train Epoch: 2 [48640/60000 (81%)]	loss=0.5828
2025-04-24T16:50:55Z INFO     Train Epoch: 2 [49920/60000 (83%)]	loss=0.6994
2025-04-24T16:50:55Z INFO     Train Epoch: 2 [51200/60000 (85%)]	loss=0.8260
2025-04-24T16:50:55Z INFO     Train Epoch: 2 [52480/60000 (87%)]	loss=0.5794
2025-04-24T16:50:55Z INFO     Train Epoch: 2 [53760/60000 (90%)]	loss=0.5227
2025-04-24T16:50:56Z INFO     Train Epoch: 2 [55040/60000 (92%)]	loss=0.6886
2025-04-24T16:50:56Z INFO     Train Epoch: 2 [56320/60000 (94%)]	loss=0.7080
2025-04-24T16:50:56Z INFO     Train Epoch: 2 [57600/60000 (96%)]	loss=0.5106
2025-04-24T16:50:56Z INFO     Train Epoch: 2 [58880/60000 (98%)]	loss=0.5987
2025-04-24T16:50:57Z INFO     {metricName: accuracy, metricValue: 0.7609};{metricName: loss, metricValue: 0.6532}

2025-04-24T16:50:57Z INFO     Train Epoch: 3 [0/60000 (0%)]	loss=0.5435
2025-04-24T16:50:57Z INFO     Train Epoch: 3 [1280/60000 (2%)]	loss=0.6455
2025-04-24T16:50:57Z INFO     Train Epoch: 3 [2560/60000 (4%)]	loss=0.5531
2025-04-24T16:50:57Z INFO     Train Epoch: 3 [3840/60000 (6%)]	loss=0.5129
2025-04-24T16:50:57Z INFO     Train Epoch: 3 [5120/60000 (9%)]	loss=0.5640
2025-04-24T16:50:57Z INFO     Train Epoch: 3 [6400/60000 (11%)]	loss=0.6527
2025-04-24T16:50:58Z INFO     Train Epoch: 3 [7680/60000 (13%)]	loss=0.5267
2025-04-24T16:50:58Z INFO     Train Epoch: 3 [8960/60000 (15%)]	loss=0.6372
2025-04-24T16:50:58Z INFO     Train Epoch: 3 [10240/60000 (17%)]	loss=0.6507
2025-04-24T16:50:58Z INFO     Train Epoch: 3 [11520/60000 (19%)]	loss=0.4745
2025-04-24T16:50:58Z INFO     Train Epoch: 3 [12800/60000 (21%)]	loss=0.6901
2025-04-24T16:50:58Z INFO     Train Epoch: 3 [14080/60000 (23%)]	loss=0.6597
2025-04-24T16:50:58Z INFO     Train Epoch: 3 [15360/60000 (26%)]	loss=0.6999
2025-04-24T16:50:58Z INFO     Train Epoch: 3 [16640/60000 (28%)]	loss=0.5776
2025-04-24T16:50:59Z INFO     Train Epoch: 3 [17920/60000 (30%)]	loss=0.6525
2025-04-24T16:50:59Z INFO     Train Epoch: 3 [19200/60000 (32%)]	loss=0.6474
2025-04-24T16:50:59Z INFO     Train Epoch: 3 [20480/60000 (34%)]	loss=0.6260
2025-04-24T16:50:59Z INFO     Train Epoch: 3 [21760/60000 (36%)]	loss=0.4616
2025-04-24T16:50:59Z INFO     Train Epoch: 3 [23040/60000 (38%)]	loss=0.7001
2025-04-24T16:50:59Z INFO     Train Epoch: 3 [24320/60000 (41%)]	loss=0.6112
2025-04-24T16:50:59Z INFO     Train Epoch: 3 [25600/60000 (43%)]	loss=0.5671
2025-04-24T16:50:59Z INFO     Train Epoch: 3 [26880/60000 (45%)]	loss=0.5170
2025-04-24T16:50:59Z INFO     Train Epoch: 3 [28160/60000 (47%)]	loss=0.6801
2025-04-24T16:51:00Z INFO     Train Epoch: 3 [29440/60000 (49%)]	loss=0.6090
2025-04-24T16:51:00Z INFO     Train Epoch: 3 [30720/60000 (51%)]	loss=0.6063
2025-04-24T16:51:00Z INFO     Train Epoch: 3 [32000/60000 (53%)]	loss=0.6252
2025-04-24T16:51:00Z INFO     Train Epoch: 3 [33280/60000 (55%)]	loss=0.6747
2025-04-24T16:51:00Z INFO     Train Epoch: 3 [34560/60000 (58%)]	loss=0.5914
2025-04-24T16:51:00Z INFO     Train Epoch: 3 [35840/60000 (60%)]	loss=0.5705
2025-04-24T16:51:00Z INFO     Train Epoch: 3 [37120/60000 (62%)]	loss=0.5759
2025-04-24T16:51:00Z INFO     Train Epoch: 3 [38400/60000 (64%)]	loss=0.4594
2025-04-24T16:51:00Z INFO     Train Epoch: 3 [39680/60000 (66%)]	loss=0.5210
2025-04-24T16:51:01Z INFO     Train Epoch: 3 [40960/60000 (68%)]	loss=0.5733
2025-04-24T16:51:01Z INFO     Train Epoch: 3 [42240/60000 (70%)]	loss=0.5973
2025-04-24T16:51:01Z INFO     Train Epoch: 3 [43520/60000 (72%)]	loss=0.7303
2025-04-24T16:51:01Z INFO     Train Epoch: 3 [44800/60000 (75%)]	loss=0.5750
2025-04-24T16:51:01Z INFO     Train Epoch: 3 [46080/60000 (77%)]	loss=0.5912
2025-04-24T16:51:01Z INFO     Train Epoch: 3 [47360/60000 (79%)]	loss=0.5956
2025-04-24T16:51:01Z INFO     Train Epoch: 3 [48640/60000 (81%)]	loss=0.5157
2025-04-24T16:51:01Z INFO     Train Epoch: 3 [49920/60000 (83%)]	loss=0.6268
2025-04-24T16:51:01Z INFO     Train Epoch: 3 [51200/60000 (85%)]	loss=0.6643
2025-04-24T16:51:02Z INFO     Train Epoch: 3 [52480/60000 (87%)]	loss=0.6334
2025-04-24T16:51:02Z INFO     Train Epoch: 3 [53760/60000 (90%)]	loss=0.6289
2025-04-24T16:51:02Z INFO     Train Epoch: 3 [55040/60000 (92%)]	loss=0.6013
2025-04-24T16:51:02Z INFO     Train Epoch: 3 [56320/60000 (94%)]	loss=0.6397
2025-04-24T16:51:02Z INFO     Train Epoch: 3 [57600/60000 (96%)]	loss=0.5187
2025-04-24T16:51:02Z INFO     Train Epoch: 3 [58880/60000 (98%)]	loss=0.7665
2025-04-24T16:51:03Z INFO     {metricName: accuracy, metricValue: 0.7756};{metricName: loss, metricValue: 0.5948}

2025-04-24T16:51:03Z INFO     Train Epoch: 4 [0/60000 (0%)]	loss=0.6215
2025-04-24T16:51:03Z INFO     Train Epoch: 4 [1280/60000 (2%)]	loss=0.5154
2025-04-24T16:51:03Z INFO     Train Epoch: 4 [2560/60000 (4%)]	loss=0.4981
2025-04-24T16:51:03Z INFO     Train Epoch: 4 [3840/60000 (6%)]	loss=0.5821
2025-04-24T16:51:04Z INFO     Train Epoch: 4 [5120/60000 (9%)]	loss=0.5008
2025-04-24T16:51:04Z INFO     Train Epoch: 4 [6400/60000 (11%)]	loss=0.5479
2025-04-24T16:51:04Z INFO     Train Epoch: 4 [7680/60000 (13%)]	loss=0.6091
2025-04-24T16:51:04Z INFO     Train Epoch: 4 [8960/60000 (15%)]	loss=0.4798
2025-04-24T16:51:04Z INFO     Train Epoch: 4 [10240/60000 (17%)]	loss=0.6001
2025-04-24T16:51:04Z INFO     Train Epoch: 4 [11520/60000 (19%)]	loss=0.4608
2025-04-24T16:51:04Z INFO     Train Epoch: 4 [12800/60000 (21%)]	loss=0.5896
2025-04-24T16:51:04Z INFO     Train Epoch: 4 [14080/60000 (23%)]	loss=0.5860
2025-04-24T16:51:04Z INFO     Train Epoch: 4 [15360/60000 (26%)]	loss=0.6087
2025-04-24T16:51:05Z INFO     Train Epoch: 4 [16640/60000 (28%)]	loss=0.5975
2025-04-24T16:51:05Z INFO     Train Epoch: 4 [17920/60000 (30%)]	loss=0.5387
2025-04-24T16:51:05Z INFO     Train Epoch: 4 [19200/60000 (32%)]	loss=0.5696
2025-04-24T16:51:05Z INFO     Train Epoch: 4 [20480/60000 (34%)]	loss=0.4874
2025-04-24T16:51:05Z INFO     Train Epoch: 4 [21760/60000 (36%)]	loss=0.5467
2025-04-24T16:51:05Z INFO     Train Epoch: 4 [23040/60000 (38%)]	loss=0.6171
2025-04-24T16:51:05Z INFO     Train Epoch: 4 [24320/60000 (41%)]	loss=0.4898
2025-04-24T16:51:05Z INFO     Train Epoch: 4 [25600/60000 (43%)]	loss=0.5079
2025-04-24T16:51:06Z INFO     Train Epoch: 4 [26880/60000 (45%)]	loss=0.6019
2025-04-24T16:51:06Z INFO     Train Epoch: 4 [28160/60000 (47%)]	loss=0.4007
2025-04-24T16:51:06Z INFO     Train Epoch: 4 [29440/60000 (49%)]	loss=0.4870
2025-04-24T16:51:06Z INFO     Train Epoch: 4 [30720/60000 (51%)]	loss=0.5146
2025-04-24T16:51:06Z INFO     Train Epoch: 4 [32000/60000 (53%)]	loss=0.4831
2025-04-24T16:51:06Z INFO     Train Epoch: 4 [33280/60000 (55%)]	loss=0.5316
2025-04-24T16:51:06Z INFO     Train Epoch: 4 [34560/60000 (58%)]	loss=0.5400
2025-04-24T16:51:06Z INFO     Train Epoch: 4 [35840/60000 (60%)]	loss=0.4970
2025-04-24T16:51:06Z INFO     Train Epoch: 4 [37120/60000 (62%)]	loss=0.4543
2025-04-24T16:51:07Z INFO     Train Epoch: 4 [38400/60000 (64%)]	loss=0.5647
2025-04-24T16:51:07Z INFO     Train Epoch: 4 [39680/60000 (66%)]	loss=0.4878
2025-04-24T16:51:07Z INFO     Train Epoch: 4 [40960/60000 (68%)]	loss=0.5172
2025-04-24T16:51:07Z INFO     Train Epoch: 4 [42240/60000 (70%)]	loss=0.6495
2025-04-24T16:51:07Z INFO     Train Epoch: 4 [43520/60000 (72%)]	loss=0.5707
2025-04-24T16:51:07Z INFO     Train Epoch: 4 [44800/60000 (75%)]	loss=0.6380
2025-04-24T16:51:07Z INFO     Train Epoch: 4 [46080/60000 (77%)]	loss=0.5457
2025-04-24T16:51:07Z INFO     Train Epoch: 4 [47360/60000 (79%)]	loss=0.4495
2025-04-24T16:51:07Z INFO     Train Epoch: 4 [48640/60000 (81%)]	loss=0.4379
2025-04-24T16:51:08Z INFO     Train Epoch: 4 [49920/60000 (83%)]	loss=0.5651
2025-04-24T16:51:08Z INFO     Train Epoch: 4 [51200/60000 (85%)]	loss=0.5503
2025-04-24T16:51:08Z INFO     Train Epoch: 4 [52480/60000 (87%)]	loss=0.4791
2025-04-24T16:51:08Z INFO     Train Epoch: 4 [53760/60000 (90%)]	loss=0.4861
2025-04-24T16:51:08Z INFO     Train Epoch: 4 [55040/60000 (92%)]	loss=0.5654
2025-04-24T16:51:08Z INFO     Train Epoch: 4 [56320/60000 (94%)]	loss=0.4392
2025-04-24T16:51:08Z INFO     Train Epoch: 4 [57600/60000 (96%)]	loss=0.3737
2025-04-24T16:51:08Z INFO     Train Epoch: 4 [58880/60000 (98%)]	loss=0.4257
2025-04-24T16:51:09Z INFO     {metricName: accuracy, metricValue: 0.8062};{metricName: loss, metricValue: 0.5316}


real	0m30.613s
user	0m51.089s
sys	0m15.146s
