Using CUDA
Using distributed PyTorch with nccl backend
2025-04-19T16:24:27Z INFO     Added key: store_based_barrier_key:1 to store for rank: 0
2025-04-19T16:24:27Z INFO     Rank 0: Completed store-based barrier for key:store_based_barrier_key:1 with 2 nodes.
2025-04-19T16:24:31Z INFO     Train Epoch: 1 [0/60000 (0%)]	loss=2.3015
2025-04-19T16:24:31Z INFO     Reducer buckets have been rebuilt in this iteration.
2025-04-19T16:24:31Z INFO     Train Epoch: 1 [1280/60000 (2%)]	loss=2.2863
2025-04-19T16:24:31Z INFO     Train Epoch: 1 [2560/60000 (4%)]	loss=2.2854
2025-04-19T16:24:31Z INFO     Train Epoch: 1 [3840/60000 (6%)]	loss=2.2727
2025-04-19T16:24:32Z INFO     Train Epoch: 1 [5120/60000 (9%)]	loss=2.2693
2025-04-19T16:24:32Z INFO     Train Epoch: 1 [6400/60000 (11%)]	loss=2.2499
2025-04-19T16:24:32Z INFO     Train Epoch: 1 [7680/60000 (13%)]	loss=2.2421
2025-04-19T16:24:32Z INFO     Train Epoch: 1 [8960/60000 (15%)]	loss=2.2029
2025-04-19T16:24:32Z INFO     Train Epoch: 1 [10240/60000 (17%)]	loss=2.1878
2025-04-19T16:24:33Z INFO     Train Epoch: 1 [11520/60000 (19%)]	loss=2.1322
2025-04-19T16:24:33Z INFO     Train Epoch: 1 [12800/60000 (21%)]	loss=2.0497
2025-04-19T16:24:33Z INFO     Train Epoch: 1 [14080/60000 (23%)]	loss=1.9477
2025-04-19T16:24:33Z INFO     Train Epoch: 1 [15360/60000 (26%)]	loss=1.7656
2025-04-19T16:24:34Z INFO     Train Epoch: 1 [16640/60000 (28%)]	loss=1.5977
2025-04-19T16:24:34Z INFO     Train Epoch: 1 [17920/60000 (30%)]	loss=1.3733
2025-04-19T16:24:34Z INFO     Train Epoch: 1 [19200/60000 (32%)]	loss=1.3090
2025-04-19T16:24:34Z INFO     Train Epoch: 1 [20480/60000 (34%)]	loss=1.1862
2025-04-19T16:24:35Z INFO     Train Epoch: 1 [21760/60000 (36%)]	loss=1.0811
2025-04-19T16:24:35Z INFO     Train Epoch: 1 [23040/60000 (38%)]	loss=1.0564
2025-04-19T16:24:35Z INFO     Train Epoch: 1 [24320/60000 (41%)]	loss=1.0199
2025-04-19T16:24:35Z INFO     Train Epoch: 1 [25600/60000 (43%)]	loss=0.9024
2025-04-19T16:24:35Z INFO     Train Epoch: 1 [26880/60000 (45%)]	loss=1.0222
2025-04-19T16:24:36Z INFO     Train Epoch: 1 [28160/60000 (47%)]	loss=1.0540
2025-04-19T16:24:36Z INFO     Train Epoch: 1 [29440/60000 (49%)]	loss=0.9015
2025-04-19T16:24:36Z INFO     Train Epoch: 1 [30720/60000 (51%)]	loss=0.7916
2025-04-19T16:24:36Z INFO     Train Epoch: 1 [32000/60000 (53%)]	loss=1.1959
2025-04-19T16:24:36Z INFO     Train Epoch: 1 [33280/60000 (55%)]	loss=1.0270
2025-04-19T16:24:37Z INFO     Train Epoch: 1 [34560/60000 (58%)]	loss=0.9578
2025-04-19T16:24:37Z INFO     Train Epoch: 1 [35840/60000 (60%)]	loss=0.7874
2025-04-19T16:24:37Z INFO     Train Epoch: 1 [37120/60000 (62%)]	loss=0.9334
2025-04-19T16:24:37Z INFO     Train Epoch: 1 [38400/60000 (64%)]	loss=0.9502
2025-04-19T16:24:38Z INFO     Train Epoch: 1 [39680/60000 (66%)]	loss=0.8626
2025-04-19T16:24:38Z INFO     Train Epoch: 1 [40960/60000 (68%)]	loss=0.8089
2025-04-19T16:24:38Z INFO     Train Epoch: 1 [42240/60000 (70%)]	loss=0.8868
2025-04-19T16:24:38Z INFO     Train Epoch: 1 [43520/60000 (72%)]	loss=0.9440
2025-04-19T16:24:39Z INFO     Train Epoch: 1 [44800/60000 (75%)]	loss=0.9362
2025-04-19T16:24:39Z INFO     Train Epoch: 1 [46080/60000 (77%)]	loss=0.8247
2025-04-19T16:24:39Z INFO     Train Epoch: 1 [47360/60000 (79%)]	loss=0.7687
2025-04-19T16:24:39Z INFO     Train Epoch: 1 [48640/60000 (81%)]	loss=0.8712
2025-04-19T16:24:39Z INFO     Train Epoch: 1 [49920/60000 (83%)]	loss=0.8699
2025-04-19T16:24:40Z INFO     Train Epoch: 1 [51200/60000 (85%)]	loss=0.7837
2025-04-19T16:24:40Z INFO     Train Epoch: 1 [52480/60000 (87%)]	loss=0.6905
2025-04-19T16:24:40Z INFO     Train Epoch: 1 [53760/60000 (90%)]	loss=0.8078
2025-04-19T16:24:40Z INFO     Train Epoch: 1 [55040/60000 (92%)]	loss=0.8785
2025-04-19T16:24:40Z INFO     Train Epoch: 1 [56320/60000 (94%)]	loss=0.8600
2025-04-19T16:24:41Z INFO     Train Epoch: 1 [57600/60000 (96%)]	loss=0.9273
2025-04-19T16:24:41Z INFO     Train Epoch: 1 [58880/60000 (98%)]	loss=0.7699
2025-04-19T16:24:42Z INFO     {metricName: accuracy, metricValue: 0.6876};{metricName: loss, metricValue: 0.8279}

2025-04-19T16:24:42Z INFO     Train Epoch: 2 [0/60000 (0%)]	loss=0.7506
2025-04-19T16:24:42Z INFO     Train Epoch: 2 [1280/60000 (2%)]	loss=0.6780
2025-04-19T16:24:42Z INFO     Train Epoch: 2 [2560/60000 (4%)]	loss=0.7753
2025-04-19T16:24:43Z INFO     Train Epoch: 2 [3840/60000 (6%)]	loss=0.7708
2025-04-19T16:24:43Z INFO     Train Epoch: 2 [5120/60000 (9%)]	loss=0.7506
2025-04-19T16:24:43Z INFO     Train Epoch: 2 [6400/60000 (11%)]	loss=0.7414
2025-04-19T16:24:43Z INFO     Train Epoch: 2 [7680/60000 (13%)]	loss=0.7576
2025-04-19T16:24:44Z INFO     Train Epoch: 2 [8960/60000 (15%)]	loss=0.6598
2025-04-19T16:24:44Z INFO     Train Epoch: 2 [10240/60000 (17%)]	loss=0.7527
2025-04-19T16:24:44Z INFO     Train Epoch: 2 [11520/60000 (19%)]	loss=0.6042
2025-04-19T16:24:44Z INFO     Train Epoch: 2 [12800/60000 (21%)]	loss=0.7407
2025-04-19T16:24:44Z INFO     Train Epoch: 2 [14080/60000 (23%)]	loss=0.6998
2025-04-19T16:24:45Z INFO     Train Epoch: 2 [15360/60000 (26%)]	loss=0.7803
2025-04-19T16:24:45Z INFO     Train Epoch: 2 [16640/60000 (28%)]	loss=0.6448
2025-04-19T16:24:45Z INFO     Train Epoch: 2 [17920/60000 (30%)]	loss=0.7485
2025-04-19T16:24:45Z INFO     Train Epoch: 2 [19200/60000 (32%)]	loss=0.5674
2025-04-19T16:24:45Z INFO     Train Epoch: 2 [20480/60000 (34%)]	loss=0.7976
2025-04-19T16:24:46Z INFO     Train Epoch: 2 [21760/60000 (36%)]	loss=0.6860
2025-04-19T16:24:46Z INFO     Train Epoch: 2 [23040/60000 (38%)]	loss=0.6720
2025-04-19T16:24:46Z INFO     Train Epoch: 2 [24320/60000 (41%)]	loss=0.6475
2025-04-19T16:24:46Z INFO     Train Epoch: 2 [25600/60000 (43%)]	loss=0.6487
2025-04-19T16:24:46Z INFO     Train Epoch: 2 [26880/60000 (45%)]	loss=0.7620
2025-04-19T16:24:47Z INFO     Train Epoch: 2 [28160/60000 (47%)]	loss=0.5765
2025-04-19T16:24:47Z INFO     Train Epoch: 2 [29440/60000 (49%)]	loss=0.8764
2025-04-19T16:24:47Z INFO     Train Epoch: 2 [30720/60000 (51%)]	loss=0.6961
2025-04-19T16:24:47Z INFO     Train Epoch: 2 [32000/60000 (53%)]	loss=0.7666
2025-04-19T16:24:47Z INFO     Train Epoch: 2 [33280/60000 (55%)]	loss=0.6709
2025-04-19T16:24:48Z INFO     Train Epoch: 2 [34560/60000 (58%)]	loss=0.5765
2025-04-19T16:24:48Z INFO     Train Epoch: 2 [35840/60000 (60%)]	loss=0.5418
2025-04-19T16:24:48Z INFO     Train Epoch: 2 [37120/60000 (62%)]	loss=0.7486
2025-04-19T16:24:48Z INFO     Train Epoch: 2 [38400/60000 (64%)]	loss=0.6811
2025-04-19T16:24:49Z INFO     Train Epoch: 2 [39680/60000 (66%)]	loss=0.6225
2025-04-19T16:24:49Z INFO     Train Epoch: 2 [40960/60000 (68%)]	loss=0.7625
2025-04-19T16:24:49Z INFO     Train Epoch: 2 [42240/60000 (70%)]	loss=0.7599
2025-04-19T16:24:49Z INFO     Train Epoch: 2 [43520/60000 (72%)]	loss=0.5806
2025-04-19T16:24:49Z INFO     Train Epoch: 2 [44800/60000 (75%)]	loss=0.5783
2025-04-19T16:24:50Z INFO     Train Epoch: 2 [46080/60000 (77%)]	loss=0.6877
2025-04-19T16:24:50Z INFO     Train Epoch: 2 [47360/60000 (79%)]	loss=0.7635
2025-04-19T16:24:50Z INFO     Train Epoch: 2 [48640/60000 (81%)]	loss=0.5833
2025-04-19T16:24:50Z INFO     Train Epoch: 2 [49920/60000 (83%)]	loss=0.6986
2025-04-19T16:24:50Z INFO     Train Epoch: 2 [51200/60000 (85%)]	loss=0.8269
2025-04-19T16:24:51Z INFO     Train Epoch: 2 [52480/60000 (87%)]	loss=0.5800
2025-04-19T16:24:51Z INFO     Train Epoch: 2 [53760/60000 (90%)]	loss=0.5218
2025-04-19T16:24:51Z INFO     Train Epoch: 2 [55040/60000 (92%)]	loss=0.6873
2025-04-19T16:24:51Z INFO     Train Epoch: 2 [56320/60000 (94%)]	loss=0.7068
2025-04-19T16:24:51Z INFO     Train Epoch: 2 [57600/60000 (96%)]	loss=0.5099
2025-04-19T16:24:52Z INFO     Train Epoch: 2 [58880/60000 (98%)]	loss=0.5985
2025-04-19T16:24:53Z INFO     {metricName: accuracy, metricValue: 0.7607};{metricName: loss, metricValue: 0.6533}

2025-04-19T16:24:53Z INFO     Train Epoch: 3 [0/60000 (0%)]	loss=0.5439
2025-04-19T16:24:53Z INFO     Train Epoch: 3 [1280/60000 (2%)]	loss=0.6463
2025-04-19T16:24:53Z INFO     Train Epoch: 3 [2560/60000 (4%)]	loss=0.5546
2025-04-19T16:24:53Z INFO     Train Epoch: 3 [3840/60000 (6%)]	loss=0.5122
2025-04-19T16:24:54Z INFO     Train Epoch: 3 [5120/60000 (9%)]	loss=0.5639
2025-04-19T16:24:54Z INFO     Train Epoch: 3 [6400/60000 (11%)]	loss=0.6521
2025-04-19T16:24:54Z INFO     Train Epoch: 3 [7680/60000 (13%)]	loss=0.5264
2025-04-19T16:24:54Z INFO     Train Epoch: 3 [8960/60000 (15%)]	loss=0.6362
2025-04-19T16:24:54Z INFO     Train Epoch: 3 [10240/60000 (17%)]	loss=0.6491
2025-04-19T16:24:55Z INFO     Train Epoch: 3 [11520/60000 (19%)]	loss=0.4750
2025-04-19T16:24:55Z INFO     Train Epoch: 3 [12800/60000 (21%)]	loss=0.6909
2025-04-19T16:24:55Z INFO     Train Epoch: 3 [14080/60000 (23%)]	loss=0.6610
2025-04-19T16:24:55Z INFO     Train Epoch: 3 [15360/60000 (26%)]	loss=0.7004
2025-04-19T16:24:55Z INFO     Train Epoch: 3 [16640/60000 (28%)]	loss=0.5769
2025-04-19T16:24:56Z INFO     Train Epoch: 3 [17920/60000 (30%)]	loss=0.6536
2025-04-19T16:24:56Z INFO     Train Epoch: 3 [19200/60000 (32%)]	loss=0.6466
2025-04-19T16:24:56Z INFO     Train Epoch: 3 [20480/60000 (34%)]	loss=0.6273
2025-04-19T16:24:56Z INFO     Train Epoch: 3 [21760/60000 (36%)]	loss=0.4624
2025-04-19T16:24:56Z INFO     Train Epoch: 3 [23040/60000 (38%)]	loss=0.7001
2025-04-19T16:24:57Z INFO     Train Epoch: 3 [24320/60000 (41%)]	loss=0.6097
2025-04-19T16:24:57Z INFO     Train Epoch: 3 [25600/60000 (43%)]	loss=0.5660
2025-04-19T16:24:57Z INFO     Train Epoch: 3 [26880/60000 (45%)]	loss=0.5165
2025-04-19T16:24:57Z INFO     Train Epoch: 3 [28160/60000 (47%)]	loss=0.6814
2025-04-19T16:24:57Z INFO     Train Epoch: 3 [29440/60000 (49%)]	loss=0.6097
2025-04-19T16:24:58Z INFO     Train Epoch: 3 [30720/60000 (51%)]	loss=0.6055
2025-04-19T16:24:58Z INFO     Train Epoch: 3 [32000/60000 (53%)]	loss=0.6237
2025-04-19T16:24:58Z INFO     Train Epoch: 3 [33280/60000 (55%)]	loss=0.6750
2025-04-19T16:24:58Z INFO     Train Epoch: 3 [34560/60000 (58%)]	loss=0.5922
2025-04-19T16:24:58Z INFO     Train Epoch: 3 [35840/60000 (60%)]	loss=0.5715
2025-04-19T16:24:59Z INFO     Train Epoch: 3 [37120/60000 (62%)]	loss=0.5748
2025-04-19T16:24:59Z INFO     Train Epoch: 3 [38400/60000 (64%)]	loss=0.4592
2025-04-19T16:24:59Z INFO     Train Epoch: 3 [39680/60000 (66%)]	loss=0.5222
2025-04-19T16:24:59Z INFO     Train Epoch: 3 [40960/60000 (68%)]	loss=0.5727
2025-04-19T16:25:00Z INFO     Train Epoch: 3 [42240/60000 (70%)]	loss=0.5984
2025-04-19T16:25:00Z INFO     Train Epoch: 3 [43520/60000 (72%)]	loss=0.7324
2025-04-19T16:25:00Z INFO     Train Epoch: 3 [44800/60000 (75%)]	loss=0.5754
2025-04-19T16:25:00Z INFO     Train Epoch: 3 [46080/60000 (77%)]	loss=0.5904
2025-04-19T16:25:00Z INFO     Train Epoch: 3 [47360/60000 (79%)]	loss=0.5968
2025-04-19T16:25:01Z INFO     Train Epoch: 3 [48640/60000 (81%)]	loss=0.5162
2025-04-19T16:25:01Z INFO     Train Epoch: 3 [49920/60000 (83%)]	loss=0.6287
2025-04-19T16:25:01Z INFO     Train Epoch: 3 [51200/60000 (85%)]	loss=0.6643
2025-04-19T16:25:01Z INFO     Train Epoch: 3 [52480/60000 (87%)]	loss=0.6340
2025-04-19T16:25:01Z INFO     Train Epoch: 3 [53760/60000 (90%)]	loss=0.6294
2025-04-19T16:25:02Z INFO     Train Epoch: 3 [55040/60000 (92%)]	loss=0.6012
2025-04-19T16:25:02Z INFO     Train Epoch: 3 [56320/60000 (94%)]	loss=0.6384
2025-04-19T16:25:02Z INFO     Train Epoch: 3 [57600/60000 (96%)]	loss=0.5191
2025-04-19T16:25:02Z INFO     Train Epoch: 3 [58880/60000 (98%)]	loss=0.7666
2025-04-19T16:25:03Z INFO     {metricName: accuracy, metricValue: 0.7761};{metricName: loss, metricValue: 0.5953}

2025-04-19T16:25:03Z INFO     Train Epoch: 4 [0/60000 (0%)]	loss=0.6218
2025-04-19T16:25:04Z INFO     Train Epoch: 4 [1280/60000 (2%)]	loss=0.5150
2025-04-19T16:25:04Z INFO     Train Epoch: 4 [2560/60000 (4%)]	loss=0.4978
2025-04-19T16:25:04Z INFO     Train Epoch: 4 [3840/60000 (6%)]	loss=0.5840
2025-04-19T16:25:04Z INFO     Train Epoch: 4 [5120/60000 (9%)]	loss=0.5010
2025-04-19T16:25:04Z INFO     Train Epoch: 4 [6400/60000 (11%)]	loss=0.5485
2025-04-19T16:25:05Z INFO     Train Epoch: 4 [7680/60000 (13%)]	loss=0.6090
2025-04-19T16:25:05Z INFO     Train Epoch: 4 [8960/60000 (15%)]	loss=0.4805
2025-04-19T16:25:05Z INFO     Train Epoch: 4 [10240/60000 (17%)]	loss=0.5992
2025-04-19T16:25:05Z INFO     Train Epoch: 4 [11520/60000 (19%)]	loss=0.4617
2025-04-19T16:25:05Z INFO     Train Epoch: 4 [12800/60000 (21%)]	loss=0.5904
2025-04-19T16:25:06Z INFO     Train Epoch: 4 [14080/60000 (23%)]	loss=0.5875
2025-04-19T16:25:06Z INFO     Train Epoch: 4 [15360/60000 (26%)]	loss=0.6073
2025-04-19T16:25:06Z INFO     Train Epoch: 4 [16640/60000 (28%)]	loss=0.5985
2025-04-19T16:25:06Z INFO     Train Epoch: 4 [17920/60000 (30%)]	loss=0.5372
2025-04-19T16:25:06Z INFO     Train Epoch: 4 [19200/60000 (32%)]	loss=0.5674
2025-04-19T16:25:07Z INFO     Train Epoch: 4 [20480/60000 (34%)]	loss=0.4880
2025-04-19T16:25:07Z INFO     Train Epoch: 4 [21760/60000 (36%)]	loss=0.5486
2025-04-19T16:25:07Z INFO     Train Epoch: 4 [23040/60000 (38%)]	loss=0.6175
2025-04-19T16:25:07Z INFO     Train Epoch: 4 [24320/60000 (41%)]	loss=0.4904
2025-04-19T16:25:07Z INFO     Train Epoch: 4 [25600/60000 (43%)]	loss=0.5090
2025-04-19T16:25:08Z INFO     Train Epoch: 4 [26880/60000 (45%)]	loss=0.6026
2025-04-19T16:25:08Z INFO     Train Epoch: 4 [28160/60000 (47%)]	loss=0.4006
2025-04-19T16:25:08Z INFO     Train Epoch: 4 [29440/60000 (49%)]	loss=0.4867
2025-04-19T16:25:08Z INFO     Train Epoch: 4 [30720/60000 (51%)]	loss=0.5139
2025-04-19T16:25:08Z INFO     Train Epoch: 4 [32000/60000 (53%)]	loss=0.4835
2025-04-19T16:25:09Z INFO     Train Epoch: 4 [33280/60000 (55%)]	loss=0.5311
2025-04-19T16:25:09Z INFO     Train Epoch: 4 [34560/60000 (58%)]	loss=0.5394
2025-04-19T16:25:09Z INFO     Train Epoch: 4 [35840/60000 (60%)]	loss=0.4978
2025-04-19T16:25:09Z INFO     Train Epoch: 4 [37120/60000 (62%)]	loss=0.4533
2025-04-19T16:25:09Z INFO     Train Epoch: 4 [38400/60000 (64%)]	loss=0.5641
2025-04-19T16:25:10Z INFO     Train Epoch: 4 [39680/60000 (66%)]	loss=0.4870
2025-04-19T16:25:10Z INFO     Train Epoch: 4 [40960/60000 (68%)]	loss=0.5177
2025-04-19T16:25:10Z INFO     Train Epoch: 4 [42240/60000 (70%)]	loss=0.6513
2025-04-19T16:25:10Z INFO     Train Epoch: 4 [43520/60000 (72%)]	loss=0.5754
2025-04-19T16:25:10Z INFO     Train Epoch: 4 [44800/60000 (75%)]	loss=0.6373
2025-04-19T16:25:11Z INFO     Train Epoch: 4 [46080/60000 (77%)]	loss=0.5450
2025-04-19T16:25:11Z INFO     Train Epoch: 4 [47360/60000 (79%)]	loss=0.4500
2025-04-19T16:25:11Z INFO     Train Epoch: 4 [48640/60000 (81%)]	loss=0.4374
2025-04-19T16:25:11Z INFO     Train Epoch: 4 [49920/60000 (83%)]	loss=0.5669
2025-04-19T16:25:11Z INFO     Train Epoch: 4 [51200/60000 (85%)]	loss=0.5490
2025-04-19T16:25:12Z INFO     Train Epoch: 4 [52480/60000 (87%)]	loss=0.4791
2025-04-19T16:25:12Z INFO     Train Epoch: 4 [53760/60000 (90%)]	loss=0.4868
2025-04-19T16:25:12Z INFO     Train Epoch: 4 [55040/60000 (92%)]	loss=0.5653
2025-04-19T16:25:12Z INFO     Train Epoch: 4 [56320/60000 (94%)]	loss=0.4402
2025-04-19T16:25:12Z INFO     Train Epoch: 4 [57600/60000 (96%)]	loss=0.3748
2025-04-19T16:25:13Z INFO     Train Epoch: 4 [58880/60000 (98%)]	loss=0.4252
2025-04-19T16:25:14Z INFO     {metricName: accuracy, metricValue: 0.8070};{metricName: loss, metricValue: 0.5317}


real	0m57.015s
user	1m19.636s
sys	0m34.901s
