Using CUDA
Using distributed PyTorch with nccl backend
2025-04-24T16:49:33Z INFO     Added key: store_based_barrier_key:1 to store for rank: 0
2025-04-24T16:49:33Z INFO     Rank 0: Completed store-based barrier for key:store_based_barrier_key:1 with 2 nodes.
pytorch-mnist-master-0:38:38 [0] NCCL INFO Bootstrap : Using eth0:10.244.0.20<0>
pytorch-mnist-master-0:38:38 [0] NCCL INFO NET/Plugin : No plugin found (libnccl-net.so), using internal implementation
pytorch-mnist-master-0:38:38 [0] NCCL INFO NCCL_IB_DISABLE set by environment to 0.
pytorch-mnist-master-0:38:38 [0] NCCL INFO NET/IB : Using [0]mlx5_0:1/IB ; OOB eth0:10.244.0.20<0>
pytorch-mnist-master-0:38:38 [0] NCCL INFO Using network IB
NCCL version 2.10.3+cuda10.2
pytorch-mnist-master-0:38:124 [0] NCCL INFO Channel 00/02 :    0   1
pytorch-mnist-master-0:38:124 [0] NCCL INFO Channel 01/02 :    0   1
pytorch-mnist-master-0:38:124 [0] NCCL INFO Trees [0] 1/-1/-1->0->-1 [1] -1/-1/-1->0->1
pytorch-mnist-master-0:38:124 [0] NCCL INFO Setting affinity for GPU 0 to 0fffff
pytorch-mnist-master-0:38:124 [0] NCCL INFO Channel 00 : 1[100000] -> 0[100000] [receive] via NET/IB/0
pytorch-mnist-master-0:38:124 [0] NCCL INFO Channel 01 : 1[100000] -> 0[100000] [receive] via NET/IB/0
pytorch-mnist-master-0:38:124 [0] NCCL INFO Channel 00 : 0[100000] -> 1[100000] [send] via NET/IB/0
pytorch-mnist-master-0:38:124 [0] NCCL INFO Channel 01 : 0[100000] -> 1[100000] [send] via NET/IB/0
pytorch-mnist-master-0:38:124 [0] NCCL INFO Connected all rings
pytorch-mnist-master-0:38:124 [0] NCCL INFO Connected all trees
pytorch-mnist-master-0:38:124 [0] NCCL INFO threadThresholds 8/8/64 | 16/8/64 | 8/8/512
pytorch-mnist-master-0:38:124 [0] NCCL INFO 2 coll channels, 2 p2p channels, 1 p2p channels per peer
pytorch-mnist-master-0:38:124 [0] NCCL INFO comm 0x728f34001360 rank 0 nranks 2 cudaDev 0 busId 100000 - Init COMPLETE
pytorch-mnist-master-0:38:38 [0] NCCL INFO Launch mode Parallel
2025-04-24T16:49:37Z INFO     Train Epoch: 1 [0/60000 (0%)]	loss=2.3015
2025-04-24T16:49:37Z INFO     Reducer buckets have been rebuilt in this iteration.
2025-04-24T16:49:37Z INFO     Train Epoch: 1 [1280/60000 (2%)]	loss=2.2863
2025-04-24T16:49:37Z INFO     Train Epoch: 1 [2560/60000 (4%)]	loss=2.2854
2025-04-24T16:49:37Z INFO     Train Epoch: 1 [3840/60000 (6%)]	loss=2.2727
2025-04-24T16:49:37Z INFO     Train Epoch: 1 [5120/60000 (9%)]	loss=2.2693
2025-04-24T16:49:37Z INFO     Train Epoch: 1 [6400/60000 (11%)]	loss=2.2499
2025-04-24T16:49:37Z INFO     Train Epoch: 1 [7680/60000 (13%)]	loss=2.2420
2025-04-24T16:49:38Z INFO     Train Epoch: 1 [8960/60000 (15%)]	loss=2.2029
2025-04-24T16:49:38Z INFO     Train Epoch: 1 [10240/60000 (17%)]	loss=2.1878
2025-04-24T16:49:38Z INFO     Train Epoch: 1 [11520/60000 (19%)]	loss=2.1322
2025-04-24T16:49:38Z INFO     Train Epoch: 1 [12800/60000 (21%)]	loss=2.0497
2025-04-24T16:49:38Z INFO     Train Epoch: 1 [14080/60000 (23%)]	loss=1.9478
2025-04-24T16:49:38Z INFO     Train Epoch: 1 [15360/60000 (26%)]	loss=1.7657
2025-04-24T16:49:38Z INFO     Train Epoch: 1 [16640/60000 (28%)]	loss=1.5977
2025-04-24T16:49:38Z INFO     Train Epoch: 1 [17920/60000 (30%)]	loss=1.3736
2025-04-24T16:49:38Z INFO     Train Epoch: 1 [19200/60000 (32%)]	loss=1.3092
2025-04-24T16:49:39Z INFO     Train Epoch: 1 [20480/60000 (34%)]	loss=1.1871
2025-04-24T16:49:39Z INFO     Train Epoch: 1 [21760/60000 (36%)]	loss=1.0814
2025-04-24T16:49:39Z INFO     Train Epoch: 1 [23040/60000 (38%)]	loss=1.0569
2025-04-24T16:49:39Z INFO     Train Epoch: 1 [24320/60000 (41%)]	loss=1.0202
2025-04-24T16:49:39Z INFO     Train Epoch: 1 [25600/60000 (43%)]	loss=0.9027
2025-04-24T16:49:39Z INFO     Train Epoch: 1 [26880/60000 (45%)]	loss=1.0213
2025-04-24T16:49:39Z INFO     Train Epoch: 1 [28160/60000 (47%)]	loss=1.0545
2025-04-24T16:49:39Z INFO     Train Epoch: 1 [29440/60000 (49%)]	loss=0.9016
2025-04-24T16:49:39Z INFO     Train Epoch: 1 [30720/60000 (51%)]	loss=0.7921
2025-04-24T16:49:40Z INFO     Train Epoch: 1 [32000/60000 (53%)]	loss=1.1948
2025-04-24T16:49:40Z INFO     Train Epoch: 1 [33280/60000 (55%)]	loss=1.0275
2025-04-24T16:49:40Z INFO     Train Epoch: 1 [34560/60000 (58%)]	loss=0.9578
2025-04-24T16:49:40Z INFO     Train Epoch: 1 [35840/60000 (60%)]	loss=0.7877
2025-04-24T16:49:40Z INFO     Train Epoch: 1 [37120/60000 (62%)]	loss=0.9332
2025-04-24T16:49:40Z INFO     Train Epoch: 1 [38400/60000 (64%)]	loss=0.9506
2025-04-24T16:49:40Z INFO     Train Epoch: 1 [39680/60000 (66%)]	loss=0.8614
2025-04-24T16:49:40Z INFO     Train Epoch: 1 [40960/60000 (68%)]	loss=0.8082
2025-04-24T16:49:40Z INFO     Train Epoch: 1 [42240/60000 (70%)]	loss=0.8862
2025-04-24T16:49:41Z INFO     Train Epoch: 1 [43520/60000 (72%)]	loss=0.9447
2025-04-24T16:49:41Z INFO     Train Epoch: 1 [44800/60000 (75%)]	loss=0.9354
2025-04-24T16:49:41Z INFO     Train Epoch: 1 [46080/60000 (77%)]	loss=0.8244
2025-04-24T16:49:41Z INFO     Train Epoch: 1 [47360/60000 (79%)]	loss=0.7679
2025-04-24T16:49:41Z INFO     Train Epoch: 1 [48640/60000 (81%)]	loss=0.8703
2025-04-24T16:49:41Z INFO     Train Epoch: 1 [49920/60000 (83%)]	loss=0.8694
2025-04-24T16:49:41Z INFO     Train Epoch: 1 [51200/60000 (85%)]	loss=0.7834
2025-04-24T16:49:41Z INFO     Train Epoch: 1 [52480/60000 (87%)]	loss=0.6898
2025-04-24T16:49:42Z INFO     Train Epoch: 1 [53760/60000 (90%)]	loss=0.8080
2025-04-24T16:49:42Z INFO     Train Epoch: 1 [55040/60000 (92%)]	loss=0.8791
2025-04-24T16:49:42Z INFO     Train Epoch: 1 [56320/60000 (94%)]	loss=0.8604
2025-04-24T16:49:42Z INFO     Train Epoch: 1 [57600/60000 (96%)]	loss=0.9266
2025-04-24T16:49:42Z INFO     Train Epoch: 1 [58880/60000 (98%)]	loss=0.7703
2025-04-24T16:49:43Z INFO     {metricName: accuracy, metricValue: 0.6872};{metricName: loss, metricValue: 0.8281}

2025-04-24T16:49:43Z INFO     Train Epoch: 2 [0/60000 (0%)]	loss=0.7505
2025-04-24T16:49:43Z INFO     Train Epoch: 2 [1280/60000 (2%)]	loss=0.6777
2025-04-24T16:49:43Z INFO     Train Epoch: 2 [2560/60000 (4%)]	loss=0.7745
2025-04-24T16:49:43Z INFO     Train Epoch: 2 [3840/60000 (6%)]	loss=0.7715
2025-04-24T16:49:43Z INFO     Train Epoch: 2 [5120/60000 (9%)]	loss=0.7491
2025-04-24T16:49:44Z INFO     Train Epoch: 2 [6400/60000 (11%)]	loss=0.7429
2025-04-24T16:49:44Z INFO     Train Epoch: 2 [7680/60000 (13%)]	loss=0.7570
2025-04-24T16:49:44Z INFO     Train Epoch: 2 [8960/60000 (15%)]	loss=0.6600
2025-04-24T16:49:44Z INFO     Train Epoch: 2 [10240/60000 (17%)]	loss=0.7519
2025-04-24T16:49:44Z INFO     Train Epoch: 2 [11520/60000 (19%)]	loss=0.6043
2025-04-24T16:49:44Z INFO     Train Epoch: 2 [12800/60000 (21%)]	loss=0.7409
2025-04-24T16:49:44Z INFO     Train Epoch: 2 [14080/60000 (23%)]	loss=0.6985
2025-04-24T16:49:44Z INFO     Train Epoch: 2 [15360/60000 (26%)]	loss=0.7801
2025-04-24T16:49:44Z INFO     Train Epoch: 2 [16640/60000 (28%)]	loss=0.6446
2025-04-24T16:49:45Z INFO     Train Epoch: 2 [17920/60000 (30%)]	loss=0.7496
2025-04-24T16:49:45Z INFO     Train Epoch: 2 [19200/60000 (32%)]	loss=0.5677
2025-04-24T16:49:45Z INFO     Train Epoch: 2 [20480/60000 (34%)]	loss=0.7977
2025-04-24T16:49:45Z INFO     Train Epoch: 2 [21760/60000 (36%)]	loss=0.6862
2025-04-24T16:49:45Z INFO     Train Epoch: 2 [23040/60000 (38%)]	loss=0.6716
2025-04-24T16:49:45Z INFO     Train Epoch: 2 [24320/60000 (41%)]	loss=0.6480
2025-04-24T16:49:45Z INFO     Train Epoch: 2 [25600/60000 (43%)]	loss=0.6490
2025-04-24T16:49:45Z INFO     Train Epoch: 2 [26880/60000 (45%)]	loss=0.7617
2025-04-24T16:49:45Z INFO     Train Epoch: 2 [28160/60000 (47%)]	loss=0.5763
2025-04-24T16:49:46Z INFO     Train Epoch: 2 [29440/60000 (49%)]	loss=0.8772
2025-04-24T16:49:46Z INFO     Train Epoch: 2 [30720/60000 (51%)]	loss=0.6954
2025-04-24T16:49:46Z INFO     Train Epoch: 2 [32000/60000 (53%)]	loss=0.7686
2025-04-24T16:49:46Z INFO     Train Epoch: 2 [33280/60000 (55%)]	loss=0.6698
2025-04-24T16:49:46Z INFO     Train Epoch: 2 [34560/60000 (58%)]	loss=0.5754
2025-04-24T16:49:46Z INFO     Train Epoch: 2 [35840/60000 (60%)]	loss=0.5412
2025-04-24T16:49:46Z INFO     Train Epoch: 2 [37120/60000 (62%)]	loss=0.7476
2025-04-24T16:49:46Z INFO     Train Epoch: 2 [38400/60000 (64%)]	loss=0.6815
2025-04-24T16:49:46Z INFO     Train Epoch: 2 [39680/60000 (66%)]	loss=0.6232
2025-04-24T16:49:47Z INFO     Train Epoch: 2 [40960/60000 (68%)]	loss=0.7629
2025-04-24T16:49:47Z INFO     Train Epoch: 2 [42240/60000 (70%)]	loss=0.7587
2025-04-24T16:49:47Z INFO     Train Epoch: 2 [43520/60000 (72%)]	loss=0.5808
2025-04-24T16:49:47Z INFO     Train Epoch: 2 [44800/60000 (75%)]	loss=0.5771
2025-04-24T16:49:47Z INFO     Train Epoch: 2 [46080/60000 (77%)]	loss=0.6863
2025-04-24T16:49:47Z INFO     Train Epoch: 2 [47360/60000 (79%)]	loss=0.7643
2025-04-24T16:49:47Z INFO     Train Epoch: 2 [48640/60000 (81%)]	loss=0.5825
2025-04-24T16:49:47Z INFO     Train Epoch: 2 [49920/60000 (83%)]	loss=0.6965
2025-04-24T16:49:47Z INFO     Train Epoch: 2 [51200/60000 (85%)]	loss=0.8269
2025-04-24T16:49:48Z INFO     Train Epoch: 2 [52480/60000 (87%)]	loss=0.5800
2025-04-24T16:49:48Z INFO     Train Epoch: 2 [53760/60000 (90%)]	loss=0.5205
2025-04-24T16:49:48Z INFO     Train Epoch: 2 [55040/60000 (92%)]	loss=0.6885
2025-04-24T16:49:48Z INFO     Train Epoch: 2 [56320/60000 (94%)]	loss=0.7069
2025-04-24T16:49:48Z INFO     Train Epoch: 2 [57600/60000 (96%)]	loss=0.5107
2025-04-24T16:49:48Z INFO     Train Epoch: 2 [58880/60000 (98%)]	loss=0.5987
2025-04-24T16:49:49Z INFO     {metricName: accuracy, metricValue: 0.7609};{metricName: loss, metricValue: 0.6526}

2025-04-24T16:49:49Z INFO     Train Epoch: 3 [0/60000 (0%)]	loss=0.5429
2025-04-24T16:49:49Z INFO     Train Epoch: 3 [1280/60000 (2%)]	loss=0.6459
2025-04-24T16:49:49Z INFO     Train Epoch: 3 [2560/60000 (4%)]	loss=0.5541
2025-04-24T16:49:49Z INFO     Train Epoch: 3 [3840/60000 (6%)]	loss=0.5112
2025-04-24T16:49:50Z INFO     Train Epoch: 3 [5120/60000 (9%)]	loss=0.5638
2025-04-24T16:49:50Z INFO     Train Epoch: 3 [6400/60000 (11%)]	loss=0.6523
2025-04-24T16:49:50Z INFO     Train Epoch: 3 [7680/60000 (13%)]	loss=0.5260
2025-04-24T16:49:50Z INFO     Train Epoch: 3 [8960/60000 (15%)]	loss=0.6371
2025-04-24T16:49:50Z INFO     Train Epoch: 3 [10240/60000 (17%)]	loss=0.6506
2025-04-24T16:49:50Z INFO     Train Epoch: 3 [11520/60000 (19%)]	loss=0.4748
2025-04-24T16:49:50Z INFO     Train Epoch: 3 [12800/60000 (21%)]	loss=0.6931
2025-04-24T16:49:50Z INFO     Train Epoch: 3 [14080/60000 (23%)]	loss=0.6594
2025-04-24T16:49:50Z INFO     Train Epoch: 3 [15360/60000 (26%)]	loss=0.6994
2025-04-24T16:49:51Z INFO     Train Epoch: 3 [16640/60000 (28%)]	loss=0.5773
2025-04-24T16:49:51Z INFO     Train Epoch: 3 [17920/60000 (30%)]	loss=0.6526
2025-04-24T16:49:51Z INFO     Train Epoch: 3 [19200/60000 (32%)]	loss=0.6440
2025-04-24T16:49:51Z INFO     Train Epoch: 3 [20480/60000 (34%)]	loss=0.6259
2025-04-24T16:49:51Z INFO     Train Epoch: 3 [21760/60000 (36%)]	loss=0.4611
2025-04-24T16:49:51Z INFO     Train Epoch: 3 [23040/60000 (38%)]	loss=0.7006
2025-04-24T16:49:51Z INFO     Train Epoch: 3 [24320/60000 (41%)]	loss=0.6095
2025-04-24T16:49:51Z INFO     Train Epoch: 3 [25600/60000 (43%)]	loss=0.5666
2025-04-24T16:49:51Z INFO     Train Epoch: 3 [26880/60000 (45%)]	loss=0.5168
2025-04-24T16:49:52Z INFO     Train Epoch: 3 [28160/60000 (47%)]	loss=0.6818
2025-04-24T16:49:52Z INFO     Train Epoch: 3 [29440/60000 (49%)]	loss=0.6090
2025-04-24T16:49:52Z INFO     Train Epoch: 3 [30720/60000 (51%)]	loss=0.6041
2025-04-24T16:49:52Z INFO     Train Epoch: 3 [32000/60000 (53%)]	loss=0.6238
2025-04-24T16:49:52Z INFO     Train Epoch: 3 [33280/60000 (55%)]	loss=0.6738
2025-04-24T16:49:52Z INFO     Train Epoch: 3 [34560/60000 (58%)]	loss=0.5921
2025-04-24T16:49:52Z INFO     Train Epoch: 3 [35840/60000 (60%)]	loss=0.5721
2025-04-24T16:49:52Z INFO     Train Epoch: 3 [37120/60000 (62%)]	loss=0.5751
2025-04-24T16:49:52Z INFO     Train Epoch: 3 [38400/60000 (64%)]	loss=0.4596
2025-04-24T16:49:53Z INFO     Train Epoch: 3 [39680/60000 (66%)]	loss=0.5222
2025-04-24T16:49:53Z INFO     Train Epoch: 3 [40960/60000 (68%)]	loss=0.5731
2025-04-24T16:49:53Z INFO     Train Epoch: 3 [42240/60000 (70%)]	loss=0.5994
2025-04-24T16:49:53Z INFO     Train Epoch: 3 [43520/60000 (72%)]	loss=0.7312
2025-04-24T16:49:53Z INFO     Train Epoch: 3 [44800/60000 (75%)]	loss=0.5748
2025-04-24T16:49:53Z INFO     Train Epoch: 3 [46080/60000 (77%)]	loss=0.5913
2025-04-24T16:49:53Z INFO     Train Epoch: 3 [47360/60000 (79%)]	loss=0.5960
2025-04-24T16:49:53Z INFO     Train Epoch: 3 [48640/60000 (81%)]	loss=0.5145
2025-04-24T16:49:53Z INFO     Train Epoch: 3 [49920/60000 (83%)]	loss=0.6280
2025-04-24T16:49:54Z INFO     Train Epoch: 3 [51200/60000 (85%)]	loss=0.6638
2025-04-24T16:49:54Z INFO     Train Epoch: 3 [52480/60000 (87%)]	loss=0.6345
2025-04-24T16:49:54Z INFO     Train Epoch: 3 [53760/60000 (90%)]	loss=0.6297
2025-04-24T16:49:54Z INFO     Train Epoch: 3 [55040/60000 (92%)]	loss=0.5997
2025-04-24T16:49:54Z INFO     Train Epoch: 3 [56320/60000 (94%)]	loss=0.6380
2025-04-24T16:49:54Z INFO     Train Epoch: 3 [57600/60000 (96%)]	loss=0.5186
2025-04-24T16:49:54Z INFO     Train Epoch: 3 [58880/60000 (98%)]	loss=0.7667
2025-04-24T16:49:55Z INFO     {metricName: accuracy, metricValue: 0.7758};{metricName: loss, metricValue: 0.5948}

2025-04-24T16:49:55Z INFO     Train Epoch: 4 [0/60000 (0%)]	loss=0.6228
2025-04-24T16:49:55Z INFO     Train Epoch: 4 [1280/60000 (2%)]	loss=0.5147
2025-04-24T16:49:55Z INFO     Train Epoch: 4 [2560/60000 (4%)]	loss=0.4974
2025-04-24T16:49:56Z INFO     Train Epoch: 4 [3840/60000 (6%)]	loss=0.5825
2025-04-24T16:49:56Z INFO     Train Epoch: 4 [5120/60000 (9%)]	loss=0.5000
2025-04-24T16:49:56Z INFO     Train Epoch: 4 [6400/60000 (11%)]	loss=0.5475
2025-04-24T16:49:56Z INFO     Train Epoch: 4 [7680/60000 (13%)]	loss=0.6099
2025-04-24T16:49:56Z INFO     Train Epoch: 4 [8960/60000 (15%)]	loss=0.4794
2025-04-24T16:49:56Z INFO     Train Epoch: 4 [10240/60000 (17%)]	loss=0.6010
2025-04-24T16:49:56Z INFO     Train Epoch: 4 [11520/60000 (19%)]	loss=0.4612
2025-04-24T16:49:56Z INFO     Train Epoch: 4 [12800/60000 (21%)]	loss=0.5890
2025-04-24T16:49:56Z INFO     Train Epoch: 4 [14080/60000 (23%)]	loss=0.5853
2025-04-24T16:49:57Z INFO     Train Epoch: 4 [15360/60000 (26%)]	loss=0.6094
2025-04-24T16:49:57Z INFO     Train Epoch: 4 [16640/60000 (28%)]	loss=0.5979
2025-04-24T16:49:57Z INFO     Train Epoch: 4 [17920/60000 (30%)]	loss=0.5373
2025-04-24T16:49:57Z INFO     Train Epoch: 4 [19200/60000 (32%)]	loss=0.5675
2025-04-24T16:49:57Z INFO     Train Epoch: 4 [20480/60000 (34%)]	loss=0.4873
2025-04-24T16:49:57Z INFO     Train Epoch: 4 [21760/60000 (36%)]	loss=0.5478
2025-04-24T16:49:57Z INFO     Train Epoch: 4 [23040/60000 (38%)]	loss=0.6165
2025-04-24T16:49:57Z INFO     Train Epoch: 4 [24320/60000 (41%)]	loss=0.4895
2025-04-24T16:49:57Z INFO     Train Epoch: 4 [25600/60000 (43%)]	loss=0.5078
2025-04-24T16:49:58Z INFO     Train Epoch: 4 [26880/60000 (45%)]	loss=0.6039
2025-04-24T16:49:58Z INFO     Train Epoch: 4 [28160/60000 (47%)]	loss=0.4017
2025-04-24T16:49:58Z INFO     Train Epoch: 4 [29440/60000 (49%)]	loss=0.4873
2025-04-24T16:49:58Z INFO     Train Epoch: 4 [30720/60000 (51%)]	loss=0.5147
2025-04-24T16:49:58Z INFO     Train Epoch: 4 [32000/60000 (53%)]	loss=0.4820
2025-04-24T16:49:58Z INFO     Train Epoch: 4 [33280/60000 (55%)]	loss=0.5320
2025-04-24T16:49:58Z INFO     Train Epoch: 4 [34560/60000 (58%)]	loss=0.5402
2025-04-24T16:49:58Z INFO     Train Epoch: 4 [35840/60000 (60%)]	loss=0.4970
2025-04-24T16:49:58Z INFO     Train Epoch: 4 [37120/60000 (62%)]	loss=0.4534
2025-04-24T16:49:59Z INFO     Train Epoch: 4 [38400/60000 (64%)]	loss=0.5642
2025-04-24T16:49:59Z INFO     Train Epoch: 4 [39680/60000 (66%)]	loss=0.4889
2025-04-24T16:49:59Z INFO     Train Epoch: 4 [40960/60000 (68%)]	loss=0.5174
2025-04-24T16:49:59Z INFO     Train Epoch: 4 [42240/60000 (70%)]	loss=0.6546
2025-04-24T16:49:59Z INFO     Train Epoch: 4 [43520/60000 (72%)]	loss=0.5718
2025-04-24T16:49:59Z INFO     Train Epoch: 4 [44800/60000 (75%)]	loss=0.6406
2025-04-24T16:49:59Z INFO     Train Epoch: 4 [46080/60000 (77%)]	loss=0.5464
2025-04-24T16:49:59Z INFO     Train Epoch: 4 [47360/60000 (79%)]	loss=0.4500
2025-04-24T16:49:59Z INFO     Train Epoch: 4 [48640/60000 (81%)]	loss=0.4371
2025-04-24T16:50:00Z INFO     Train Epoch: 4 [49920/60000 (83%)]	loss=0.5654
2025-04-24T16:50:00Z INFO     Train Epoch: 4 [51200/60000 (85%)]	loss=0.5487
2025-04-24T16:50:00Z INFO     Train Epoch: 4 [52480/60000 (87%)]	loss=0.4785
2025-04-24T16:50:00Z INFO     Train Epoch: 4 [53760/60000 (90%)]	loss=0.4854
2025-04-24T16:50:00Z INFO     Train Epoch: 4 [55040/60000 (92%)]	loss=0.5643
2025-04-24T16:50:00Z INFO     Train Epoch: 4 [56320/60000 (94%)]	loss=0.4387
2025-04-24T16:50:00Z INFO     Train Epoch: 4 [57600/60000 (96%)]	loss=0.3733
2025-04-24T16:50:00Z INFO     Train Epoch: 4 [58880/60000 (98%)]	loss=0.4264
2025-04-24T16:50:01Z INFO     {metricName: accuracy, metricValue: 0.8080};{metricName: loss, metricValue: 0.5312}


real	0m31.784s
user	0m39.679s
sys	0m10.049s
