Using CUDA
2025-04-19T10:05:09Z INFO     Train Epoch: 1 [0/60000 (0%)]	loss=2.3015
2025-04-19T10:05:09Z INFO     Train Epoch: 1 [1280/60000 (2%)]	loss=2.2863
2025-04-19T10:05:09Z INFO     Train Epoch: 1 [2560/60000 (4%)]	loss=2.2854
2025-04-19T10:05:09Z INFO     Train Epoch: 1 [3840/60000 (6%)]	loss=2.2727
2025-04-19T10:05:09Z INFO     Train Epoch: 1 [5120/60000 (9%)]	loss=2.2693
2025-04-19T10:05:10Z INFO     Train Epoch: 1 [6400/60000 (11%)]	loss=2.2500
2025-04-19T10:05:10Z INFO     Train Epoch: 1 [7680/60000 (13%)]	loss=2.2421
2025-04-19T10:05:10Z INFO     Train Epoch: 1 [8960/60000 (15%)]	loss=2.2029
2025-04-19T10:05:10Z INFO     Train Epoch: 1 [10240/60000 (17%)]	loss=2.1878
2025-04-19T10:05:10Z INFO     Train Epoch: 1 [11520/60000 (19%)]	loss=2.1322
2025-04-19T10:05:10Z INFO     Train Epoch: 1 [12800/60000 (21%)]	loss=2.0497
2025-04-19T10:05:10Z INFO     Train Epoch: 1 [14080/60000 (23%)]	loss=1.9477
2025-04-19T10:05:10Z INFO     Train Epoch: 1 [15360/60000 (26%)]	loss=1.7657
2025-04-19T10:05:11Z INFO     Train Epoch: 1 [16640/60000 (28%)]	loss=1.5977
2025-04-19T10:05:11Z INFO     Train Epoch: 1 [17920/60000 (30%)]	loss=1.3737
2025-04-19T10:05:11Z INFO     Train Epoch: 1 [19200/60000 (32%)]	loss=1.3091
2025-04-19T10:05:11Z INFO     Train Epoch: 1 [20480/60000 (34%)]	loss=1.1870
2025-04-19T10:05:11Z INFO     Train Epoch: 1 [21760/60000 (36%)]	loss=1.0811
2025-04-19T10:05:11Z INFO     Train Epoch: 1 [23040/60000 (38%)]	loss=1.0566
2025-04-19T10:05:11Z INFO     Train Epoch: 1 [24320/60000 (41%)]	loss=1.0203
2025-04-19T10:05:11Z INFO     Train Epoch: 1 [25600/60000 (43%)]	loss=0.9025
2025-04-19T10:05:12Z INFO     Train Epoch: 1 [26880/60000 (45%)]	loss=1.0211
2025-04-19T10:05:12Z INFO     Train Epoch: 1 [28160/60000 (47%)]	loss=1.0536
2025-04-19T10:05:12Z INFO     Train Epoch: 1 [29440/60000 (49%)]	loss=0.9029
2025-04-19T10:05:12Z INFO     Train Epoch: 1 [30720/60000 (51%)]	loss=0.7927
2025-04-19T10:05:12Z INFO     Train Epoch: 1 [32000/60000 (53%)]	loss=1.1950
2025-04-19T10:05:12Z INFO     Train Epoch: 1 [33280/60000 (55%)]	loss=1.0275
2025-04-19T10:05:12Z INFO     Train Epoch: 1 [34560/60000 (58%)]	loss=0.9568
2025-04-19T10:05:12Z INFO     Train Epoch: 1 [35840/60000 (60%)]	loss=0.7875
2025-04-19T10:05:13Z INFO     Train Epoch: 1 [37120/60000 (62%)]	loss=0.9325
2025-04-19T10:05:13Z INFO     Train Epoch: 1 [38400/60000 (64%)]	loss=0.9507
2025-04-19T10:05:13Z INFO     Train Epoch: 1 [39680/60000 (66%)]	loss=0.8632
2025-04-19T10:05:13Z INFO     Train Epoch: 1 [40960/60000 (68%)]	loss=0.8083
2025-04-19T10:05:13Z INFO     Train Epoch: 1 [42240/60000 (70%)]	loss=0.8877
2025-04-19T10:05:13Z INFO     Train Epoch: 1 [43520/60000 (72%)]	loss=0.9441
2025-04-19T10:05:13Z INFO     Train Epoch: 1 [44800/60000 (75%)]	loss=0.9373
2025-04-19T10:05:13Z INFO     Train Epoch: 1 [46080/60000 (77%)]	loss=0.8238
2025-04-19T10:05:14Z INFO     Train Epoch: 1 [47360/60000 (79%)]	loss=0.7686
2025-04-19T10:05:14Z INFO     Train Epoch: 1 [48640/60000 (81%)]	loss=0.8701
2025-04-19T10:05:14Z INFO     Train Epoch: 1 [49920/60000 (83%)]	loss=0.8692
2025-04-19T10:05:14Z INFO     Train Epoch: 1 [51200/60000 (85%)]	loss=0.7838
2025-04-19T10:05:14Z INFO     Train Epoch: 1 [52480/60000 (87%)]	loss=0.6895
2025-04-19T10:05:14Z INFO     Train Epoch: 1 [53760/60000 (90%)]	loss=0.8086
2025-04-19T10:05:14Z INFO     Train Epoch: 1 [55040/60000 (92%)]	loss=0.8786
2025-04-19T10:05:14Z INFO     Train Epoch: 1 [56320/60000 (94%)]	loss=0.8594
2025-04-19T10:05:15Z INFO     Train Epoch: 1 [57600/60000 (96%)]	loss=0.9275
2025-04-19T10:05:15Z INFO     Train Epoch: 1 [58880/60000 (98%)]	loss=0.7707
2025-04-19T10:05:16Z INFO     {metricName: accuracy, metricValue: 0.6874};{metricName: loss, metricValue: 0.8284}

2025-04-19T10:05:16Z INFO     Train Epoch: 2 [0/60000 (0%)]	loss=0.7508
2025-04-19T10:05:16Z INFO     Train Epoch: 2 [1280/60000 (2%)]	loss=0.6798
2025-04-19T10:05:16Z INFO     Train Epoch: 2 [2560/60000 (4%)]	loss=0.7738
2025-04-19T10:05:16Z INFO     Train Epoch: 2 [3840/60000 (6%)]	loss=0.7723
2025-04-19T10:05:16Z INFO     Train Epoch: 2 [5120/60000 (9%)]	loss=0.7512
2025-04-19T10:05:16Z INFO     Train Epoch: 2 [6400/60000 (11%)]	loss=0.7418
2025-04-19T10:05:17Z INFO     Train Epoch: 2 [7680/60000 (13%)]	loss=0.7570
2025-04-19T10:05:17Z INFO     Train Epoch: 2 [8960/60000 (15%)]	loss=0.6601
2025-04-19T10:05:17Z INFO     Train Epoch: 2 [10240/60000 (17%)]	loss=0.7520
2025-04-19T10:05:17Z INFO     Train Epoch: 2 [11520/60000 (19%)]	loss=0.6032
2025-04-19T10:05:17Z INFO     Train Epoch: 2 [12800/60000 (21%)]	loss=0.7401
2025-04-19T10:05:17Z INFO     Train Epoch: 2 [14080/60000 (23%)]	loss=0.6997
2025-04-19T10:05:17Z INFO     Train Epoch: 2 [15360/60000 (26%)]	loss=0.7798
2025-04-19T10:05:17Z INFO     Train Epoch: 2 [16640/60000 (28%)]	loss=0.6436
2025-04-19T10:05:18Z INFO     Train Epoch: 2 [17920/60000 (30%)]	loss=0.7493
2025-04-19T10:05:18Z INFO     Train Epoch: 2 [19200/60000 (32%)]	loss=0.5680
2025-04-19T10:05:18Z INFO     Train Epoch: 2 [20480/60000 (34%)]	loss=0.7970
2025-04-19T10:05:18Z INFO     Train Epoch: 2 [21760/60000 (36%)]	loss=0.6851
2025-04-19T10:05:18Z INFO     Train Epoch: 2 [23040/60000 (38%)]	loss=0.6717
2025-04-19T10:05:18Z INFO     Train Epoch: 2 [24320/60000 (41%)]	loss=0.6471
2025-04-19T10:05:18Z INFO     Train Epoch: 2 [25600/60000 (43%)]	loss=0.6493
2025-04-19T10:05:18Z INFO     Train Epoch: 2 [26880/60000 (45%)]	loss=0.7621
2025-04-19T10:05:19Z INFO     Train Epoch: 2 [28160/60000 (47%)]	loss=0.5772
2025-04-19T10:05:19Z INFO     Train Epoch: 2 [29440/60000 (49%)]	loss=0.8774
2025-04-19T10:05:19Z INFO     Train Epoch: 2 [30720/60000 (51%)]	loss=0.6958
2025-04-19T10:05:19Z INFO     Train Epoch: 2 [32000/60000 (53%)]	loss=0.7679
2025-04-19T10:05:19Z INFO     Train Epoch: 2 [33280/60000 (55%)]	loss=0.6704
2025-04-19T10:05:19Z INFO     Train Epoch: 2 [34560/60000 (58%)]	loss=0.5754
2025-04-19T10:05:19Z INFO     Train Epoch: 2 [35840/60000 (60%)]	loss=0.5410
2025-04-19T10:05:19Z INFO     Train Epoch: 2 [37120/60000 (62%)]	loss=0.7463
2025-04-19T10:05:20Z INFO     Train Epoch: 2 [38400/60000 (64%)]	loss=0.6817
2025-04-19T10:05:20Z INFO     Train Epoch: 2 [39680/60000 (66%)]	loss=0.6225
2025-04-19T10:05:20Z INFO     Train Epoch: 2 [40960/60000 (68%)]	loss=0.7629
2025-04-19T10:05:20Z INFO     Train Epoch: 2 [42240/60000 (70%)]	loss=0.7605
2025-04-19T10:05:20Z INFO     Train Epoch: 2 [43520/60000 (72%)]	loss=0.5805
2025-04-19T10:05:20Z INFO     Train Epoch: 2 [44800/60000 (75%)]	loss=0.5775
2025-04-19T10:05:20Z INFO     Train Epoch: 2 [46080/60000 (77%)]	loss=0.6853
2025-04-19T10:05:20Z INFO     Train Epoch: 2 [47360/60000 (79%)]	loss=0.7666
2025-04-19T10:05:21Z INFO     Train Epoch: 2 [48640/60000 (81%)]	loss=0.5828
2025-04-19T10:05:21Z INFO     Train Epoch: 2 [49920/60000 (83%)]	loss=0.6982
2025-04-19T10:05:21Z INFO     Train Epoch: 2 [51200/60000 (85%)]	loss=0.8275
2025-04-19T10:05:21Z INFO     Train Epoch: 2 [52480/60000 (87%)]	loss=0.5808
2025-04-19T10:05:21Z INFO     Train Epoch: 2 [53760/60000 (90%)]	loss=0.5225
2025-04-19T10:05:21Z INFO     Train Epoch: 2 [55040/60000 (92%)]	loss=0.6881
2025-04-19T10:05:21Z INFO     Train Epoch: 2 [56320/60000 (94%)]	loss=0.7080
2025-04-19T10:05:21Z INFO     Train Epoch: 2 [57600/60000 (96%)]	loss=0.5109
2025-04-19T10:05:22Z INFO     Train Epoch: 2 [58880/60000 (98%)]	loss=0.5994
2025-04-19T10:05:23Z INFO     {metricName: accuracy, metricValue: 0.7605};{metricName: loss, metricValue: 0.6532}

2025-04-19T10:05:23Z INFO     Train Epoch: 3 [0/60000 (0%)]	loss=0.5443
2025-04-19T10:05:23Z INFO     Train Epoch: 3 [1280/60000 (2%)]	loss=0.6461
2025-04-19T10:05:23Z INFO     Train Epoch: 3 [2560/60000 (4%)]	loss=0.5531
2025-04-19T10:05:23Z INFO     Train Epoch: 3 [3840/60000 (6%)]	loss=0.5128
2025-04-19T10:05:23Z INFO     Train Epoch: 3 [5120/60000 (9%)]	loss=0.5625
2025-04-19T10:05:23Z INFO     Train Epoch: 3 [6400/60000 (11%)]	loss=0.6524
2025-04-19T10:05:24Z INFO     Train Epoch: 3 [7680/60000 (13%)]	loss=0.5267
2025-04-19T10:05:24Z INFO     Train Epoch: 3 [8960/60000 (15%)]	loss=0.6367
2025-04-19T10:05:24Z INFO     Train Epoch: 3 [10240/60000 (17%)]	loss=0.6496
2025-04-19T10:05:24Z INFO     Train Epoch: 3 [11520/60000 (19%)]	loss=0.4747
2025-04-19T10:05:24Z INFO     Train Epoch: 3 [12800/60000 (21%)]	loss=0.6910
2025-04-19T10:05:24Z INFO     Train Epoch: 3 [14080/60000 (23%)]	loss=0.6608
2025-04-19T10:05:24Z INFO     Train Epoch: 3 [15360/60000 (26%)]	loss=0.6990
2025-04-19T10:05:24Z INFO     Train Epoch: 3 [16640/60000 (28%)]	loss=0.5770
2025-04-19T10:05:25Z INFO     Train Epoch: 3 [17920/60000 (30%)]	loss=0.6530
2025-04-19T10:05:25Z INFO     Train Epoch: 3 [19200/60000 (32%)]	loss=0.6454
2025-04-19T10:05:25Z INFO     Train Epoch: 3 [20480/60000 (34%)]	loss=0.6262
2025-04-19T10:05:25Z INFO     Train Epoch: 3 [21760/60000 (36%)]	loss=0.4618
2025-04-19T10:05:25Z INFO     Train Epoch: 3 [23040/60000 (38%)]	loss=0.7000
2025-04-19T10:05:25Z INFO     Train Epoch: 3 [24320/60000 (41%)]	loss=0.6109
2025-04-19T10:05:25Z INFO     Train Epoch: 3 [25600/60000 (43%)]	loss=0.5666
2025-04-19T10:05:25Z INFO     Train Epoch: 3 [26880/60000 (45%)]	loss=0.5178
2025-04-19T10:05:26Z INFO     Train Epoch: 3 [28160/60000 (47%)]	loss=0.6811
2025-04-19T10:05:26Z INFO     Train Epoch: 3 [29440/60000 (49%)]	loss=0.6092
2025-04-19T10:05:26Z INFO     Train Epoch: 3 [30720/60000 (51%)]	loss=0.6051
2025-04-19T10:05:26Z INFO     Train Epoch: 3 [32000/60000 (53%)]	loss=0.6248
2025-04-19T10:05:26Z INFO     Train Epoch: 3 [33280/60000 (55%)]	loss=0.6732
2025-04-19T10:05:26Z INFO     Train Epoch: 3 [34560/60000 (58%)]	loss=0.5919
2025-04-19T10:05:26Z INFO     Train Epoch: 3 [35840/60000 (60%)]	loss=0.5710
2025-04-19T10:05:26Z INFO     Train Epoch: 3 [37120/60000 (62%)]	loss=0.5757
2025-04-19T10:05:27Z INFO     Train Epoch: 3 [38400/60000 (64%)]	loss=0.4608
2025-04-19T10:05:27Z INFO     Train Epoch: 3 [39680/60000 (66%)]	loss=0.5213
2025-04-19T10:05:27Z INFO     Train Epoch: 3 [40960/60000 (68%)]	loss=0.5732
2025-04-19T10:05:27Z INFO     Train Epoch: 3 [42240/60000 (70%)]	loss=0.5978
2025-04-19T10:05:27Z INFO     Train Epoch: 3 [43520/60000 (72%)]	loss=0.7319
2025-04-19T10:05:27Z INFO     Train Epoch: 3 [44800/60000 (75%)]	loss=0.5770
2025-04-19T10:05:27Z INFO     Train Epoch: 3 [46080/60000 (77%)]	loss=0.5910
2025-04-19T10:05:27Z INFO     Train Epoch: 3 [47360/60000 (79%)]	loss=0.5965
2025-04-19T10:05:28Z INFO     Train Epoch: 3 [48640/60000 (81%)]	loss=0.5151
2025-04-19T10:05:28Z INFO     Train Epoch: 3 [49920/60000 (83%)]	loss=0.6275
2025-04-19T10:05:28Z INFO     Train Epoch: 3 [51200/60000 (85%)]	loss=0.6647
2025-04-19T10:05:28Z INFO     Train Epoch: 3 [52480/60000 (87%)]	loss=0.6343
2025-04-19T10:05:28Z INFO     Train Epoch: 3 [53760/60000 (90%)]	loss=0.6289
2025-04-19T10:05:28Z INFO     Train Epoch: 3 [55040/60000 (92%)]	loss=0.6005
2025-04-19T10:05:28Z INFO     Train Epoch: 3 [56320/60000 (94%)]	loss=0.6399
2025-04-19T10:05:28Z INFO     Train Epoch: 3 [57600/60000 (96%)]	loss=0.5177
2025-04-19T10:05:29Z INFO     Train Epoch: 3 [58880/60000 (98%)]	loss=0.7651
2025-04-19T10:05:30Z INFO     {metricName: accuracy, metricValue: 0.7756};{metricName: loss, metricValue: 0.5950}

2025-04-19T10:05:30Z INFO     Train Epoch: 4 [0/60000 (0%)]	loss=0.6212
2025-04-19T10:05:30Z INFO     Train Epoch: 4 [1280/60000 (2%)]	loss=0.5159
2025-04-19T10:05:30Z INFO     Train Epoch: 4 [2560/60000 (4%)]	loss=0.4990
2025-04-19T10:05:30Z INFO     Train Epoch: 4 [3840/60000 (6%)]	loss=0.5825
2025-04-19T10:05:30Z INFO     Train Epoch: 4 [5120/60000 (9%)]	loss=0.5007
2025-04-19T10:05:30Z INFO     Train Epoch: 4 [6400/60000 (11%)]	loss=0.5477
2025-04-19T10:05:30Z INFO     Train Epoch: 4 [7680/60000 (13%)]	loss=0.6105
2025-04-19T10:05:31Z INFO     Train Epoch: 4 [8960/60000 (15%)]	loss=0.4794
2025-04-19T10:05:31Z INFO     Train Epoch: 4 [10240/60000 (17%)]	loss=0.5996
2025-04-19T10:05:31Z INFO     Train Epoch: 4 [11520/60000 (19%)]	loss=0.4620
2025-04-19T10:05:31Z INFO     Train Epoch: 4 [12800/60000 (21%)]	loss=0.5895
2025-04-19T10:05:31Z INFO     Train Epoch: 4 [14080/60000 (23%)]	loss=0.5869
2025-04-19T10:05:31Z INFO     Train Epoch: 4 [15360/60000 (26%)]	loss=0.6091
2025-04-19T10:05:31Z INFO     Train Epoch: 4 [16640/60000 (28%)]	loss=0.5973
2025-04-19T10:05:31Z INFO     Train Epoch: 4 [17920/60000 (30%)]	loss=0.5367
2025-04-19T10:05:32Z INFO     Train Epoch: 4 [19200/60000 (32%)]	loss=0.5689
2025-04-19T10:05:32Z INFO     Train Epoch: 4 [20480/60000 (34%)]	loss=0.4875
2025-04-19T10:05:32Z INFO     Train Epoch: 4 [21760/60000 (36%)]	loss=0.5477
2025-04-19T10:05:32Z INFO     Train Epoch: 4 [23040/60000 (38%)]	loss=0.6155
2025-04-19T10:05:32Z INFO     Train Epoch: 4 [24320/60000 (41%)]	loss=0.4908
2025-04-19T10:05:32Z INFO     Train Epoch: 4 [25600/60000 (43%)]	loss=0.5095
2025-04-19T10:05:32Z INFO     Train Epoch: 4 [26880/60000 (45%)]	loss=0.6035
2025-04-19T10:05:32Z INFO     Train Epoch: 4 [28160/60000 (47%)]	loss=0.4015
2025-04-19T10:05:33Z INFO     Train Epoch: 4 [29440/60000 (49%)]	loss=0.4876
2025-04-19T10:05:33Z INFO     Train Epoch: 4 [30720/60000 (51%)]	loss=0.5152
2025-04-19T10:05:33Z INFO     Train Epoch: 4 [32000/60000 (53%)]	loss=0.4832
2025-04-19T10:05:33Z INFO     Train Epoch: 4 [33280/60000 (55%)]	loss=0.5315
2025-04-19T10:05:33Z INFO     Train Epoch: 4 [34560/60000 (58%)]	loss=0.5395
2025-04-19T10:05:33Z INFO     Train Epoch: 4 [35840/60000 (60%)]	loss=0.4976
2025-04-19T10:05:33Z INFO     Train Epoch: 4 [37120/60000 (62%)]	loss=0.4521
2025-04-19T10:05:33Z INFO     Train Epoch: 4 [38400/60000 (64%)]	loss=0.5645
2025-04-19T10:05:34Z INFO     Train Epoch: 4 [39680/60000 (66%)]	loss=0.4894
2025-04-19T10:05:34Z INFO     Train Epoch: 4 [40960/60000 (68%)]	loss=0.5181
2025-04-19T10:05:34Z INFO     Train Epoch: 4 [42240/60000 (70%)]	loss=0.6539
2025-04-19T10:05:34Z INFO     Train Epoch: 4 [43520/60000 (72%)]	loss=0.5715
2025-04-19T10:05:34Z INFO     Train Epoch: 4 [44800/60000 (75%)]	loss=0.6373
2025-04-19T10:05:34Z INFO     Train Epoch: 4 [46080/60000 (77%)]	loss=0.5461
2025-04-19T10:05:34Z INFO     Train Epoch: 4 [47360/60000 (79%)]	loss=0.4502
2025-04-19T10:05:34Z INFO     Train Epoch: 4 [48640/60000 (81%)]	loss=0.4370
2025-04-19T10:05:34Z INFO     Train Epoch: 4 [49920/60000 (83%)]	loss=0.5665
2025-04-19T10:05:35Z INFO     Train Epoch: 4 [51200/60000 (85%)]	loss=0.5479
2025-04-19T10:05:35Z INFO     Train Epoch: 4 [52480/60000 (87%)]	loss=0.4793
2025-04-19T10:05:35Z INFO     Train Epoch: 4 [53760/60000 (90%)]	loss=0.4861
2025-04-19T10:05:35Z INFO     Train Epoch: 4 [55040/60000 (92%)]	loss=0.5667
2025-04-19T10:05:35Z INFO     Train Epoch: 4 [56320/60000 (94%)]	loss=0.4389
2025-04-19T10:05:35Z INFO     Train Epoch: 4 [57600/60000 (96%)]	loss=0.3740
2025-04-19T10:05:35Z INFO     Train Epoch: 4 [58880/60000 (98%)]	loss=0.4254
2025-04-19T10:05:36Z INFO     {metricName: accuracy, metricValue: 0.8072};{metricName: loss, metricValue: 0.5320}


real	0m32.036s
user	0m42.533s
sys	0m12.397s
