Using CUDA
Using distributed PyTorch with nccl backend
2025-04-25T16:46:59Z INFO     Added key: store_based_barrier_key:1 to store for rank: 0
2025-04-25T16:46:59Z INFO     Rank 0: Completed store-based barrier for key:store_based_barrier_key:1 with 2 nodes.
pytorch-mnist-master-0:38:38 [0] NCCL INFO Bootstrap : Using eth0:10.244.2.9<0>
pytorch-mnist-master-0:38:38 [0] NCCL INFO NET/Plugin : No plugin found (libnccl-net.so), using internal implementation
pytorch-mnist-master-0:38:38 [0] NCCL INFO NET/IB : Using [0]mlx5_0:1/IB ; OOB eth0:10.244.2.9<0>
pytorch-mnist-master-0:38:38 [0] NCCL INFO Using network IB
NCCL version 2.10.3+cuda10.2
pytorch-mnist-master-0:38:124 [0] NCCL INFO NET/IB : GPU Direct RDMA Disabled for HCA 0 'mlx5_0' (no module)
pytorch-mnist-master-0:38:124 [0] NCCL INFO NET/IB : GPU Direct RDMA Disabled for HCA 0 'mlx5_0' (no module)
pytorch-mnist-master-0:38:124 [0] NCCL INFO Channel 00/02 :    0   1
pytorch-mnist-master-0:38:124 [0] NCCL INFO Channel 01/02 :    0   1
pytorch-mnist-master-0:38:124 [0] NCCL INFO Trees [0] 1/-1/-1->0->-1 [1] -1/-1/-1->0->1
pytorch-mnist-master-0:38:124 [0] NCCL INFO Setting affinity for GPU 0 to 0fffff
pytorch-mnist-master-0:38:124 [0] NCCL INFO Channel 00 : 1[100000] -> 0[100000] [receive] via NET/IB/0
pytorch-mnist-master-0:38:124 [0] NCCL INFO Channel 01 : 1[100000] -> 0[100000] [receive] via NET/IB/0
pytorch-mnist-master-0:38:124 [0] NCCL INFO Channel 00 : 0[100000] -> 1[100000] [send] via NET/IB/0
pytorch-mnist-master-0:38:124 [0] NCCL INFO Channel 01 : 0[100000] -> 1[100000] [send] via NET/IB/0
pytorch-mnist-master-0:38:124 [0] NCCL INFO NET/IB: Dev 0 Port 1 qpn 318 mtu 5 LID 153
pytorch-mnist-master-0:38:124 [0] NCCL INFO NET/IB: Dev 0 Port 1 qpn 319 mtu 5 LID 153
pytorch-mnist-master-0:38:124 [0] NCCL INFO Connected all rings
pytorch-mnist-master-0:38:124 [0] NCCL INFO Connected all trees
pytorch-mnist-master-0:38:124 [0] NCCL INFO threadThresholds 8/8/64 | 16/8/64 | 8/8/512
pytorch-mnist-master-0:38:124 [0] NCCL INFO 2 coll channels, 2 p2p channels, 1 p2p channels per peer
pytorch-mnist-master-0:38:124 [0] NCCL INFO comm 0x785c58001360 rank 0 nranks 2 cudaDev 0 busId 100000 - Init COMPLETE
pytorch-mnist-master-0:38:38 [0] NCCL INFO Launch mode Parallel
2025-04-25T16:47:03Z INFO     Train Epoch: 1 [0/60000 (0%)]	loss=2.3015
2025-04-25T16:47:03Z INFO     Reducer buckets have been rebuilt in this iteration.
2025-04-25T16:47:03Z INFO     Train Epoch: 1 [1280/60000 (2%)]	loss=2.2863
2025-04-25T16:47:03Z INFO     Train Epoch: 1 [2560/60000 (4%)]	loss=2.2854
2025-04-25T16:47:03Z INFO     Train Epoch: 1 [3840/60000 (6%)]	loss=2.2727
2025-04-25T16:47:03Z INFO     Train Epoch: 1 [5120/60000 (9%)]	loss=2.2693
2025-04-25T16:47:03Z INFO     Train Epoch: 1 [6400/60000 (11%)]	loss=2.2500
2025-04-25T16:47:04Z INFO     Train Epoch: 1 [7680/60000 (13%)]	loss=2.2420
2025-04-25T16:47:04Z INFO     Train Epoch: 1 [8960/60000 (15%)]	loss=2.2029
2025-04-25T16:47:04Z INFO     Train Epoch: 1 [10240/60000 (17%)]	loss=2.1878
2025-04-25T16:47:04Z INFO     Train Epoch: 1 [11520/60000 (19%)]	loss=2.1322
2025-04-25T16:47:04Z INFO     Train Epoch: 1 [12800/60000 (21%)]	loss=2.0497
2025-04-25T16:47:04Z INFO     Train Epoch: 1 [14080/60000 (23%)]	loss=1.9475
2025-04-25T16:47:04Z INFO     Train Epoch: 1 [15360/60000 (26%)]	loss=1.7655
2025-04-25T16:47:04Z INFO     Train Epoch: 1 [16640/60000 (28%)]	loss=1.5974
2025-04-25T16:47:04Z INFO     Train Epoch: 1 [17920/60000 (30%)]	loss=1.3736
2025-04-25T16:47:05Z INFO     Train Epoch: 1 [19200/60000 (32%)]	loss=1.3095
2025-04-25T16:47:05Z INFO     Train Epoch: 1 [20480/60000 (34%)]	loss=1.1865
2025-04-25T16:47:05Z INFO     Train Epoch: 1 [21760/60000 (36%)]	loss=1.0815
2025-04-25T16:47:05Z INFO     Train Epoch: 1 [23040/60000 (38%)]	loss=1.0570
2025-04-25T16:47:05Z INFO     Train Epoch: 1 [24320/60000 (41%)]	loss=1.0207
2025-04-25T16:47:05Z INFO     Train Epoch: 1 [25600/60000 (43%)]	loss=0.9030
2025-04-25T16:47:05Z INFO     Train Epoch: 1 [26880/60000 (45%)]	loss=1.0208
2025-04-25T16:47:05Z INFO     Train Epoch: 1 [28160/60000 (47%)]	loss=1.0537
2025-04-25T16:47:06Z INFO     Train Epoch: 1 [29440/60000 (49%)]	loss=0.9025
2025-04-25T16:47:06Z INFO     Train Epoch: 1 [30720/60000 (51%)]	loss=0.7917
2025-04-25T16:47:06Z INFO     Train Epoch: 1 [32000/60000 (53%)]	loss=1.1949
2025-04-25T16:47:06Z INFO     Train Epoch: 1 [33280/60000 (55%)]	loss=1.0271
2025-04-25T16:47:06Z INFO     Train Epoch: 1 [34560/60000 (58%)]	loss=0.9577
2025-04-25T16:47:06Z INFO     Train Epoch: 1 [35840/60000 (60%)]	loss=0.7893
2025-04-25T16:47:06Z INFO     Train Epoch: 1 [37120/60000 (62%)]	loss=0.9341
2025-04-25T16:47:06Z INFO     Train Epoch: 1 [38400/60000 (64%)]	loss=0.9522
2025-04-25T16:47:06Z INFO     Train Epoch: 1 [39680/60000 (66%)]	loss=0.8617
2025-04-25T16:47:07Z INFO     Train Epoch: 1 [40960/60000 (68%)]	loss=0.8088
2025-04-25T16:47:07Z INFO     Train Epoch: 1 [42240/60000 (70%)]	loss=0.8879
2025-04-25T16:47:07Z INFO     Train Epoch: 1 [43520/60000 (72%)]	loss=0.9458
2025-04-25T16:47:07Z INFO     Train Epoch: 1 [44800/60000 (75%)]	loss=0.9362
2025-04-25T16:47:07Z INFO     Train Epoch: 1 [46080/60000 (77%)]	loss=0.8236
2025-04-25T16:47:07Z INFO     Train Epoch: 1 [47360/60000 (79%)]	loss=0.7687
2025-04-25T16:47:07Z INFO     Train Epoch: 1 [48640/60000 (81%)]	loss=0.8701
2025-04-25T16:47:07Z INFO     Train Epoch: 1 [49920/60000 (83%)]	loss=0.8697
2025-04-25T16:47:07Z INFO     Train Epoch: 1 [51200/60000 (85%)]	loss=0.7826
2025-04-25T16:47:08Z INFO     Train Epoch: 1 [52480/60000 (87%)]	loss=0.6918
2025-04-25T16:47:08Z INFO     Train Epoch: 1 [53760/60000 (90%)]	loss=0.8084
2025-04-25T16:47:08Z INFO     Train Epoch: 1 [55040/60000 (92%)]	loss=0.8795
2025-04-25T16:47:08Z INFO     Train Epoch: 1 [56320/60000 (94%)]	loss=0.8595
2025-04-25T16:47:08Z INFO     Train Epoch: 1 [57600/60000 (96%)]	loss=0.9277
2025-04-25T16:47:08Z INFO     Train Epoch: 1 [58880/60000 (98%)]	loss=0.7696
2025-04-25T16:47:09Z INFO     {metricName: accuracy, metricValue: 0.6880};{metricName: loss, metricValue: 0.8280}

2025-04-25T16:47:09Z INFO     Train Epoch: 2 [0/60000 (0%)]	loss=0.7501
2025-04-25T16:47:09Z INFO     Train Epoch: 2 [1280/60000 (2%)]	loss=0.6779
2025-04-25T16:47:09Z INFO     Train Epoch: 2 [2560/60000 (4%)]	loss=0.7731
2025-04-25T16:47:09Z INFO     Train Epoch: 2 [3840/60000 (6%)]	loss=0.7721
2025-04-25T16:47:10Z INFO     Train Epoch: 2 [5120/60000 (9%)]	loss=0.7508
2025-04-25T16:47:10Z INFO     Train Epoch: 2 [6400/60000 (11%)]	loss=0.7408
2025-04-25T16:47:10Z INFO     Train Epoch: 2 [7680/60000 (13%)]	loss=0.7564
2025-04-25T16:47:10Z INFO     Train Epoch: 2 [8960/60000 (15%)]	loss=0.6581
2025-04-25T16:47:10Z INFO     Train Epoch: 2 [10240/60000 (17%)]	loss=0.7519
2025-04-25T16:47:10Z INFO     Train Epoch: 2 [11520/60000 (19%)]	loss=0.6040
2025-04-25T16:47:10Z INFO     Train Epoch: 2 [12800/60000 (21%)]	loss=0.7407
2025-04-25T16:47:10Z INFO     Train Epoch: 2 [14080/60000 (23%)]	loss=0.6991
2025-04-25T16:47:10Z INFO     Train Epoch: 2 [15360/60000 (26%)]	loss=0.7808
2025-04-25T16:47:11Z INFO     Train Epoch: 2 [16640/60000 (28%)]	loss=0.6451
2025-04-25T16:47:11Z INFO     Train Epoch: 2 [17920/60000 (30%)]	loss=0.7495
2025-04-25T16:47:11Z INFO     Train Epoch: 2 [19200/60000 (32%)]	loss=0.5677
2025-04-25T16:47:11Z INFO     Train Epoch: 2 [20480/60000 (34%)]	loss=0.7976
2025-04-25T16:47:11Z INFO     Train Epoch: 2 [21760/60000 (36%)]	loss=0.6860
2025-04-25T16:47:11Z INFO     Train Epoch: 2 [23040/60000 (38%)]	loss=0.6712
2025-04-25T16:47:11Z INFO     Train Epoch: 2 [24320/60000 (41%)]	loss=0.6478
2025-04-25T16:47:11Z INFO     Train Epoch: 2 [25600/60000 (43%)]	loss=0.6492
2025-04-25T16:47:11Z INFO     Train Epoch: 2 [26880/60000 (45%)]	loss=0.7622
2025-04-25T16:47:12Z INFO     Train Epoch: 2 [28160/60000 (47%)]	loss=0.5764
2025-04-25T16:47:12Z INFO     Train Epoch: 2 [29440/60000 (49%)]	loss=0.8766
2025-04-25T16:47:12Z INFO     Train Epoch: 2 [30720/60000 (51%)]	loss=0.6967
2025-04-25T16:47:12Z INFO     Train Epoch: 2 [32000/60000 (53%)]	loss=0.7677
2025-04-25T16:47:12Z INFO     Train Epoch: 2 [33280/60000 (55%)]	loss=0.6701
2025-04-25T16:47:12Z INFO     Train Epoch: 2 [34560/60000 (58%)]	loss=0.5759
2025-04-25T16:47:12Z INFO     Train Epoch: 2 [35840/60000 (60%)]	loss=0.5410
2025-04-25T16:47:12Z INFO     Train Epoch: 2 [37120/60000 (62%)]	loss=0.7467
2025-04-25T16:47:12Z INFO     Train Epoch: 2 [38400/60000 (64%)]	loss=0.6817
2025-04-25T16:47:13Z INFO     Train Epoch: 2 [39680/60000 (66%)]	loss=0.6235
2025-04-25T16:47:13Z INFO     Train Epoch: 2 [40960/60000 (68%)]	loss=0.7618
2025-04-25T16:47:13Z INFO     Train Epoch: 2 [42240/60000 (70%)]	loss=0.7589
2025-04-25T16:47:13Z INFO     Train Epoch: 2 [43520/60000 (72%)]	loss=0.5804
2025-04-25T16:47:13Z INFO     Train Epoch: 2 [44800/60000 (75%)]	loss=0.5775
2025-04-25T16:47:13Z INFO     Train Epoch: 2 [46080/60000 (77%)]	loss=0.6865
2025-04-25T16:47:13Z INFO     Train Epoch: 2 [47360/60000 (79%)]	loss=0.7640
2025-04-25T16:47:13Z INFO     Train Epoch: 2 [48640/60000 (81%)]	loss=0.5821
2025-04-25T16:47:13Z INFO     Train Epoch: 2 [49920/60000 (83%)]	loss=0.6993
2025-04-25T16:47:14Z INFO     Train Epoch: 2 [51200/60000 (85%)]	loss=0.8267
2025-04-25T16:47:14Z INFO     Train Epoch: 2 [52480/60000 (87%)]	loss=0.5799
2025-04-25T16:47:14Z INFO     Train Epoch: 2 [53760/60000 (90%)]	loss=0.5214
2025-04-25T16:47:14Z INFO     Train Epoch: 2 [55040/60000 (92%)]	loss=0.6888
2025-04-25T16:47:14Z INFO     Train Epoch: 2 [56320/60000 (94%)]	loss=0.7068
2025-04-25T16:47:14Z INFO     Train Epoch: 2 [57600/60000 (96%)]	loss=0.5101
2025-04-25T16:47:14Z INFO     Train Epoch: 2 [58880/60000 (98%)]	loss=0.5996
2025-04-25T16:47:15Z INFO     {metricName: accuracy, metricValue: 0.7613};{metricName: loss, metricValue: 0.6525}

2025-04-25T16:47:15Z INFO     Train Epoch: 3 [0/60000 (0%)]	loss=0.5427
2025-04-25T16:47:15Z INFO     Train Epoch: 3 [1280/60000 (2%)]	loss=0.6453
2025-04-25T16:47:15Z INFO     Train Epoch: 3 [2560/60000 (4%)]	loss=0.5534
2025-04-25T16:47:16Z INFO     Train Epoch: 3 [3840/60000 (6%)]	loss=0.5114
2025-04-25T16:47:16Z INFO     Train Epoch: 3 [5120/60000 (9%)]	loss=0.5631
2025-04-25T16:47:16Z INFO     Train Epoch: 3 [6400/60000 (11%)]	loss=0.6531
2025-04-25T16:47:16Z INFO     Train Epoch: 3 [7680/60000 (13%)]	loss=0.5264
2025-04-25T16:47:16Z INFO     Train Epoch: 3 [8960/60000 (15%)]	loss=0.6372
2025-04-25T16:47:16Z INFO     Train Epoch: 3 [10240/60000 (17%)]	loss=0.6500
2025-04-25T16:47:16Z INFO     Train Epoch: 3 [11520/60000 (19%)]	loss=0.4753
2025-04-25T16:47:16Z INFO     Train Epoch: 3 [12800/60000 (21%)]	loss=0.6905
2025-04-25T16:47:16Z INFO     Train Epoch: 3 [14080/60000 (23%)]	loss=0.6602
2025-04-25T16:47:17Z INFO     Train Epoch: 3 [15360/60000 (26%)]	loss=0.6988
2025-04-25T16:47:17Z INFO     Train Epoch: 3 [16640/60000 (28%)]	loss=0.5768
2025-04-25T16:47:17Z INFO     Train Epoch: 3 [17920/60000 (30%)]	loss=0.6537
2025-04-25T16:47:17Z INFO     Train Epoch: 3 [19200/60000 (32%)]	loss=0.6453
2025-04-25T16:47:17Z INFO     Train Epoch: 3 [20480/60000 (34%)]	loss=0.6268
2025-04-25T16:47:17Z INFO     Train Epoch: 3 [21760/60000 (36%)]	loss=0.4612
2025-04-25T16:47:17Z INFO     Train Epoch: 3 [23040/60000 (38%)]	loss=0.7000
2025-04-25T16:47:17Z INFO     Train Epoch: 3 [24320/60000 (41%)]	loss=0.6094
2025-04-25T16:47:17Z INFO     Train Epoch: 3 [25600/60000 (43%)]	loss=0.5659
2025-04-25T16:47:18Z INFO     Train Epoch: 3 [26880/60000 (45%)]	loss=0.5170
2025-04-25T16:47:18Z INFO     Train Epoch: 3 [28160/60000 (47%)]	loss=0.6825
2025-04-25T16:47:18Z INFO     Train Epoch: 3 [29440/60000 (49%)]	loss=0.6089
2025-04-25T16:47:18Z INFO     Train Epoch: 3 [30720/60000 (51%)]	loss=0.6055
2025-04-25T16:47:18Z INFO     Train Epoch: 3 [32000/60000 (53%)]	loss=0.6242
2025-04-25T16:47:18Z INFO     Train Epoch: 3 [33280/60000 (55%)]	loss=0.6751
2025-04-25T16:47:18Z INFO     Train Epoch: 3 [34560/60000 (58%)]	loss=0.5911
2025-04-25T16:47:18Z INFO     Train Epoch: 3 [35840/60000 (60%)]	loss=0.5723
2025-04-25T16:47:18Z INFO     Train Epoch: 3 [37120/60000 (62%)]	loss=0.5745
2025-04-25T16:47:19Z INFO     Train Epoch: 3 [38400/60000 (64%)]	loss=0.4598
2025-04-25T16:47:19Z INFO     Train Epoch: 3 [39680/60000 (66%)]	loss=0.5217
2025-04-25T16:47:19Z INFO     Train Epoch: 3 [40960/60000 (68%)]	loss=0.5723
2025-04-25T16:47:19Z INFO     Train Epoch: 3 [42240/60000 (70%)]	loss=0.5987
2025-04-25T16:47:19Z INFO     Train Epoch: 3 [43520/60000 (72%)]	loss=0.7304
2025-04-25T16:47:19Z INFO     Train Epoch: 3 [44800/60000 (75%)]	loss=0.5748
2025-04-25T16:47:19Z INFO     Train Epoch: 3 [46080/60000 (77%)]	loss=0.5898
2025-04-25T16:47:19Z INFO     Train Epoch: 3 [47360/60000 (79%)]	loss=0.5958
2025-04-25T16:47:19Z INFO     Train Epoch: 3 [48640/60000 (81%)]	loss=0.5165
2025-04-25T16:47:20Z INFO     Train Epoch: 3 [49920/60000 (83%)]	loss=0.6278
2025-04-25T16:47:20Z INFO     Train Epoch: 3 [51200/60000 (85%)]	loss=0.6642
2025-04-25T16:47:20Z INFO     Train Epoch: 3 [52480/60000 (87%)]	loss=0.6333
2025-04-25T16:47:20Z INFO     Train Epoch: 3 [53760/60000 (90%)]	loss=0.6293
2025-04-25T16:47:20Z INFO     Train Epoch: 3 [55040/60000 (92%)]	loss=0.5999
2025-04-25T16:47:20Z INFO     Train Epoch: 3 [56320/60000 (94%)]	loss=0.6384
2025-04-25T16:47:20Z INFO     Train Epoch: 3 [57600/60000 (96%)]	loss=0.5178
2025-04-25T16:47:20Z INFO     Train Epoch: 3 [58880/60000 (98%)]	loss=0.7669
2025-04-25T16:47:21Z INFO     {metricName: accuracy, metricValue: 0.7755};{metricName: loss, metricValue: 0.5950}

2025-04-25T16:47:21Z INFO     Train Epoch: 4 [0/60000 (0%)]	loss=0.6211
2025-04-25T16:47:21Z INFO     Train Epoch: 4 [1280/60000 (2%)]	loss=0.5152
2025-04-25T16:47:22Z INFO     Train Epoch: 4 [2560/60000 (4%)]	loss=0.4967
2025-04-25T16:47:22Z INFO     Train Epoch: 4 [3840/60000 (6%)]	loss=0.5835
2025-04-25T16:47:22Z INFO     Train Epoch: 4 [5120/60000 (9%)]	loss=0.5019
2025-04-25T16:47:22Z INFO     Train Epoch: 4 [6400/60000 (11%)]	loss=0.5478
2025-04-25T16:47:22Z INFO     Train Epoch: 4 [7680/60000 (13%)]	loss=0.6099
2025-04-25T16:47:22Z INFO     Train Epoch: 4 [8960/60000 (15%)]	loss=0.4802
2025-04-25T16:47:22Z INFO     Train Epoch: 4 [10240/60000 (17%)]	loss=0.6003
2025-04-25T16:47:22Z INFO     Train Epoch: 4 [11520/60000 (19%)]	loss=0.4611
2025-04-25T16:47:22Z INFO     Train Epoch: 4 [12800/60000 (21%)]	loss=0.5886
2025-04-25T16:47:23Z INFO     Train Epoch: 4 [14080/60000 (23%)]	loss=0.5867
2025-04-25T16:47:23Z INFO     Train Epoch: 4 [15360/60000 (26%)]	loss=0.6080
2025-04-25T16:47:23Z INFO     Train Epoch: 4 [16640/60000 (28%)]	loss=0.5992
2025-04-25T16:47:23Z INFO     Train Epoch: 4 [17920/60000 (30%)]	loss=0.5364
2025-04-25T16:47:23Z INFO     Train Epoch: 4 [19200/60000 (32%)]	loss=0.5681
2025-04-25T16:47:23Z INFO     Train Epoch: 4 [20480/60000 (34%)]	loss=0.4866
2025-04-25T16:47:23Z INFO     Train Epoch: 4 [21760/60000 (36%)]	loss=0.5471
2025-04-25T16:47:23Z INFO     Train Epoch: 4 [23040/60000 (38%)]	loss=0.6164
2025-04-25T16:47:23Z INFO     Train Epoch: 4 [24320/60000 (41%)]	loss=0.4901
2025-04-25T16:47:24Z INFO     Train Epoch: 4 [25600/60000 (43%)]	loss=0.5080
2025-04-25T16:47:24Z INFO     Train Epoch: 4 [26880/60000 (45%)]	loss=0.6021
2025-04-25T16:47:24Z INFO     Train Epoch: 4 [28160/60000 (47%)]	loss=0.4007
2025-04-25T16:47:24Z INFO     Train Epoch: 4 [29440/60000 (49%)]	loss=0.4860
2025-04-25T16:47:24Z INFO     Train Epoch: 4 [30720/60000 (51%)]	loss=0.5148
2025-04-25T16:47:24Z INFO     Train Epoch: 4 [32000/60000 (53%)]	loss=0.4841
2025-04-25T16:47:24Z INFO     Train Epoch: 4 [33280/60000 (55%)]	loss=0.5321
2025-04-25T16:47:24Z INFO     Train Epoch: 4 [34560/60000 (58%)]	loss=0.5405
2025-04-25T16:47:24Z INFO     Train Epoch: 4 [35840/60000 (60%)]	loss=0.4964
2025-04-25T16:47:25Z INFO     Train Epoch: 4 [37120/60000 (62%)]	loss=0.4530
2025-04-25T16:47:25Z INFO     Train Epoch: 4 [38400/60000 (64%)]	loss=0.5635
2025-04-25T16:47:25Z INFO     Train Epoch: 4 [39680/60000 (66%)]	loss=0.4886
2025-04-25T16:47:25Z INFO     Train Epoch: 4 [40960/60000 (68%)]	loss=0.5188
2025-04-25T16:47:25Z INFO     Train Epoch: 4 [42240/60000 (70%)]	loss=0.6529
2025-04-25T16:47:25Z INFO     Train Epoch: 4 [43520/60000 (72%)]	loss=0.5727
2025-04-25T16:47:25Z INFO     Train Epoch: 4 [44800/60000 (75%)]	loss=0.6397
2025-04-25T16:47:25Z INFO     Train Epoch: 4 [46080/60000 (77%)]	loss=0.5464
2025-04-25T16:47:25Z INFO     Train Epoch: 4 [47360/60000 (79%)]	loss=0.4488
2025-04-25T16:47:26Z INFO     Train Epoch: 4 [48640/60000 (81%)]	loss=0.4378
2025-04-25T16:47:26Z INFO     Train Epoch: 4 [49920/60000 (83%)]	loss=0.5643
2025-04-25T16:47:26Z INFO     Train Epoch: 4 [51200/60000 (85%)]	loss=0.5493
2025-04-25T16:47:26Z INFO     Train Epoch: 4 [52480/60000 (87%)]	loss=0.4783
2025-04-25T16:47:26Z INFO     Train Epoch: 4 [53760/60000 (90%)]	loss=0.4867
2025-04-25T16:47:26Z INFO     Train Epoch: 4 [55040/60000 (92%)]	loss=0.5643
2025-04-25T16:47:26Z INFO     Train Epoch: 4 [56320/60000 (94%)]	loss=0.4392
2025-04-25T16:47:26Z INFO     Train Epoch: 4 [57600/60000 (96%)]	loss=0.3746
2025-04-25T16:47:27Z INFO     Train Epoch: 4 [58880/60000 (98%)]	loss=0.4264
2025-04-25T16:47:27Z INFO     {metricName: accuracy, metricValue: 0.8073};{metricName: loss, metricValue: 0.5318}


real	0m37.408s
user	0m34.931s
sys	0m8.125s
