Using CUDA
Using distributed PyTorch with nccl backend
2025-04-25T16:47:33Z INFO     Added key: store_based_barrier_key:1 to store for rank: 0
2025-04-25T16:47:33Z INFO     Rank 0: Completed store-based barrier for key:store_based_barrier_key:1 with 2 nodes.
pytorch-mnist-master-0:38:38 [0] NCCL INFO Bootstrap : Using eth0:10.244.2.10<0>
pytorch-mnist-master-0:38:38 [0] NCCL INFO NET/Plugin : No plugin found (libnccl-net.so), using internal implementation
pytorch-mnist-master-0:38:38 [0] NCCL INFO NET/IB : Using [0]mlx5_0:1/IB ; OOB eth0:10.244.2.10<0>
pytorch-mnist-master-0:38:38 [0] NCCL INFO Using network IB
NCCL version 2.10.3+cuda10.2
pytorch-mnist-master-0:38:124 [0] NCCL INFO NET/IB : GPU Direct RDMA Disabled for HCA 0 'mlx5_0' (no module)
pytorch-mnist-master-0:38:124 [0] NCCL INFO NET/IB : GPU Direct RDMA Disabled for HCA 0 'mlx5_0' (no module)
pytorch-mnist-master-0:38:124 [0] NCCL INFO Channel 00/02 :    0   1
pytorch-mnist-master-0:38:124 [0] NCCL INFO Channel 01/02 :    0   1
pytorch-mnist-master-0:38:124 [0] NCCL INFO Trees [0] 1/-1/-1->0->-1 [1] -1/-1/-1->0->1
pytorch-mnist-master-0:38:124 [0] NCCL INFO Setting affinity for GPU 0 to 0fffff
pytorch-mnist-master-0:38:124 [0] NCCL INFO Channel 00 : 1[100000] -> 0[100000] [receive] via NET/IB/0
pytorch-mnist-master-0:38:124 [0] NCCL INFO Channel 01 : 1[100000] -> 0[100000] [receive] via NET/IB/0
pytorch-mnist-master-0:38:124 [0] NCCL INFO Channel 00 : 0[100000] -> 1[100000] [send] via NET/IB/0
pytorch-mnist-master-0:38:124 [0] NCCL INFO Channel 01 : 0[100000] -> 1[100000] [send] via NET/IB/0
pytorch-mnist-master-0:38:124 [0] NCCL INFO NET/IB: Dev 0 Port 1 qpn 322 mtu 5 LID 153
pytorch-mnist-master-0:38:124 [0] NCCL INFO NET/IB: Dev 0 Port 1 qpn 323 mtu 5 LID 153
pytorch-mnist-master-0:38:124 [0] NCCL INFO Connected all rings
pytorch-mnist-master-0:38:124 [0] NCCL INFO Connected all trees
pytorch-mnist-master-0:38:124 [0] NCCL INFO threadThresholds 8/8/64 | 16/8/64 | 8/8/512
pytorch-mnist-master-0:38:124 [0] NCCL INFO 2 coll channels, 2 p2p channels, 1 p2p channels per peer
pytorch-mnist-master-0:38:124 [0] NCCL INFO comm 0x7a6a20001360 rank 0 nranks 2 cudaDev 0 busId 100000 - Init COMPLETE
pytorch-mnist-master-0:38:38 [0] NCCL INFO Launch mode Parallel
2025-04-25T16:47:37Z INFO     Train Epoch: 1 [0/60000 (0%)]	loss=2.3015
2025-04-25T16:47:37Z INFO     Reducer buckets have been rebuilt in this iteration.
2025-04-25T16:47:37Z INFO     Train Epoch: 1 [1280/60000 (2%)]	loss=2.2863
2025-04-25T16:47:37Z INFO     Train Epoch: 1 [2560/60000 (4%)]	loss=2.2854
2025-04-25T16:47:37Z INFO     Train Epoch: 1 [3840/60000 (6%)]	loss=2.2727
2025-04-25T16:47:37Z INFO     Train Epoch: 1 [5120/60000 (9%)]	loss=2.2693
2025-04-25T16:47:38Z INFO     Train Epoch: 1 [6400/60000 (11%)]	loss=2.2499
2025-04-25T16:47:38Z INFO     Train Epoch: 1 [7680/60000 (13%)]	loss=2.2421
2025-04-25T16:47:38Z INFO     Train Epoch: 1 [8960/60000 (15%)]	loss=2.2028
2025-04-25T16:47:38Z INFO     Train Epoch: 1 [10240/60000 (17%)]	loss=2.1878
2025-04-25T16:47:38Z INFO     Train Epoch: 1 [11520/60000 (19%)]	loss=2.1322
2025-04-25T16:47:38Z INFO     Train Epoch: 1 [12800/60000 (21%)]	loss=2.0497
2025-04-25T16:47:38Z INFO     Train Epoch: 1 [14080/60000 (23%)]	loss=1.9477
2025-04-25T16:47:38Z INFO     Train Epoch: 1 [15360/60000 (26%)]	loss=1.7657
2025-04-25T16:47:38Z INFO     Train Epoch: 1 [16640/60000 (28%)]	loss=1.5976
2025-04-25T16:47:39Z INFO     Train Epoch: 1 [17920/60000 (30%)]	loss=1.3736
2025-04-25T16:47:39Z INFO     Train Epoch: 1 [19200/60000 (32%)]	loss=1.3092
2025-04-25T16:47:39Z INFO     Train Epoch: 1 [20480/60000 (34%)]	loss=1.1880
2025-04-25T16:47:39Z INFO     Train Epoch: 1 [21760/60000 (36%)]	loss=1.0811
2025-04-25T16:47:39Z INFO     Train Epoch: 1 [23040/60000 (38%)]	loss=1.0573
2025-04-25T16:47:39Z INFO     Train Epoch: 1 [24320/60000 (41%)]	loss=1.0206
2025-04-25T16:47:39Z INFO     Train Epoch: 1 [25600/60000 (43%)]	loss=0.9023
2025-04-25T16:47:39Z INFO     Train Epoch: 1 [26880/60000 (45%)]	loss=1.0209
2025-04-25T16:47:39Z INFO     Train Epoch: 1 [28160/60000 (47%)]	loss=1.0546
2025-04-25T16:47:40Z INFO     Train Epoch: 1 [29440/60000 (49%)]	loss=0.9008
2025-04-25T16:47:40Z INFO     Train Epoch: 1 [30720/60000 (51%)]	loss=0.7919
2025-04-25T16:47:40Z INFO     Train Epoch: 1 [32000/60000 (53%)]	loss=1.1952
2025-04-25T16:47:40Z INFO     Train Epoch: 1 [33280/60000 (55%)]	loss=1.0271
2025-04-25T16:47:40Z INFO     Train Epoch: 1 [34560/60000 (58%)]	loss=0.9578
2025-04-25T16:47:40Z INFO     Train Epoch: 1 [35840/60000 (60%)]	loss=0.7871
2025-04-25T16:47:40Z INFO     Train Epoch: 1 [37120/60000 (62%)]	loss=0.9332
2025-04-25T16:47:40Z INFO     Train Epoch: 1 [38400/60000 (64%)]	loss=0.9504
2025-04-25T16:47:40Z INFO     Train Epoch: 1 [39680/60000 (66%)]	loss=0.8620
2025-04-25T16:47:41Z INFO     Train Epoch: 1 [40960/60000 (68%)]	loss=0.8087
2025-04-25T16:47:41Z INFO     Train Epoch: 1 [42240/60000 (70%)]	loss=0.8889
2025-04-25T16:47:41Z INFO     Train Epoch: 1 [43520/60000 (72%)]	loss=0.9451
2025-04-25T16:47:41Z INFO     Train Epoch: 1 [44800/60000 (75%)]	loss=0.9371
2025-04-25T16:47:41Z INFO     Train Epoch: 1 [46080/60000 (77%)]	loss=0.8250
2025-04-25T16:47:41Z INFO     Train Epoch: 1 [47360/60000 (79%)]	loss=0.7686
2025-04-25T16:47:41Z INFO     Train Epoch: 1 [48640/60000 (81%)]	loss=0.8694
2025-04-25T16:47:41Z INFO     Train Epoch: 1 [49920/60000 (83%)]	loss=0.8700
2025-04-25T16:47:41Z INFO     Train Epoch: 1 [51200/60000 (85%)]	loss=0.7840
2025-04-25T16:47:42Z INFO     Train Epoch: 1 [52480/60000 (87%)]	loss=0.6899
2025-04-25T16:47:42Z INFO     Train Epoch: 1 [53760/60000 (90%)]	loss=0.8093
2025-04-25T16:47:42Z INFO     Train Epoch: 1 [55040/60000 (92%)]	loss=0.8781
2025-04-25T16:47:42Z INFO     Train Epoch: 1 [56320/60000 (94%)]	loss=0.8609
2025-04-25T16:47:42Z INFO     Train Epoch: 1 [57600/60000 (96%)]	loss=0.9266
2025-04-25T16:47:42Z INFO     Train Epoch: 1 [58880/60000 (98%)]	loss=0.7712
2025-04-25T16:47:43Z INFO     {metricName: accuracy, metricValue: 0.6874};{metricName: loss, metricValue: 0.8291}

2025-04-25T16:47:43Z INFO     Train Epoch: 2 [0/60000 (0%)]	loss=0.7511
2025-04-25T16:47:43Z INFO     Train Epoch: 2 [1280/60000 (2%)]	loss=0.6792
2025-04-25T16:47:43Z INFO     Train Epoch: 2 [2560/60000 (4%)]	loss=0.7749
2025-04-25T16:47:43Z INFO     Train Epoch: 2 [3840/60000 (6%)]	loss=0.7714
2025-04-25T16:47:44Z INFO     Train Epoch: 2 [5120/60000 (9%)]	loss=0.7494
2025-04-25T16:47:44Z INFO     Train Epoch: 2 [6400/60000 (11%)]	loss=0.7424
2025-04-25T16:47:44Z INFO     Train Epoch: 2 [7680/60000 (13%)]	loss=0.7572
2025-04-25T16:47:44Z INFO     Train Epoch: 2 [8960/60000 (15%)]	loss=0.6582
2025-04-25T16:47:44Z INFO     Train Epoch: 2 [10240/60000 (17%)]	loss=0.7518
2025-04-25T16:47:44Z INFO     Train Epoch: 2 [11520/60000 (19%)]	loss=0.6042
2025-04-25T16:47:44Z INFO     Train Epoch: 2 [12800/60000 (21%)]	loss=0.7421
2025-04-25T16:47:44Z INFO     Train Epoch: 2 [14080/60000 (23%)]	loss=0.6997
2025-04-25T16:47:44Z INFO     Train Epoch: 2 [15360/60000 (26%)]	loss=0.7806
2025-04-25T16:47:45Z INFO     Train Epoch: 2 [16640/60000 (28%)]	loss=0.6438
2025-04-25T16:47:45Z INFO     Train Epoch: 2 [17920/60000 (30%)]	loss=0.7495
2025-04-25T16:47:45Z INFO     Train Epoch: 2 [19200/60000 (32%)]	loss=0.5675
2025-04-25T16:47:45Z INFO     Train Epoch: 2 [20480/60000 (34%)]	loss=0.7997
2025-04-25T16:47:45Z INFO     Train Epoch: 2 [21760/60000 (36%)]	loss=0.6849
2025-04-25T16:47:45Z INFO     Train Epoch: 2 [23040/60000 (38%)]	loss=0.6723
2025-04-25T16:47:45Z INFO     Train Epoch: 2 [24320/60000 (41%)]	loss=0.6482
2025-04-25T16:47:45Z INFO     Train Epoch: 2 [25600/60000 (43%)]	loss=0.6491
2025-04-25T16:47:45Z INFO     Train Epoch: 2 [26880/60000 (45%)]	loss=0.7619
2025-04-25T16:47:46Z INFO     Train Epoch: 2 [28160/60000 (47%)]	loss=0.5771
2025-04-25T16:47:46Z INFO     Train Epoch: 2 [29440/60000 (49%)]	loss=0.8773
2025-04-25T16:47:46Z INFO     Train Epoch: 2 [30720/60000 (51%)]	loss=0.6954
2025-04-25T16:47:46Z INFO     Train Epoch: 2 [32000/60000 (53%)]	loss=0.7679
2025-04-25T16:47:46Z INFO     Train Epoch: 2 [33280/60000 (55%)]	loss=0.6698
2025-04-25T16:47:46Z INFO     Train Epoch: 2 [34560/60000 (58%)]	loss=0.5764
2025-04-25T16:47:46Z INFO     Train Epoch: 2 [35840/60000 (60%)]	loss=0.5423
2025-04-25T16:47:46Z INFO     Train Epoch: 2 [37120/60000 (62%)]	loss=0.7490
2025-04-25T16:47:47Z INFO     Train Epoch: 2 [38400/60000 (64%)]	loss=0.6822
2025-04-25T16:47:47Z INFO     Train Epoch: 2 [39680/60000 (66%)]	loss=0.6223
2025-04-25T16:47:47Z INFO     Train Epoch: 2 [40960/60000 (68%)]	loss=0.7624
2025-04-25T16:47:47Z INFO     Train Epoch: 2 [42240/60000 (70%)]	loss=0.7593
2025-04-25T16:47:47Z INFO     Train Epoch: 2 [43520/60000 (72%)]	loss=0.5809
2025-04-25T16:47:47Z INFO     Train Epoch: 2 [44800/60000 (75%)]	loss=0.5774
2025-04-25T16:47:47Z INFO     Train Epoch: 2 [46080/60000 (77%)]	loss=0.6867
2025-04-25T16:47:47Z INFO     Train Epoch: 2 [47360/60000 (79%)]	loss=0.7629
2025-04-25T16:47:47Z INFO     Train Epoch: 2 [48640/60000 (81%)]	loss=0.5825
2025-04-25T16:47:48Z INFO     Train Epoch: 2 [49920/60000 (83%)]	loss=0.6989
2025-04-25T16:47:48Z INFO     Train Epoch: 2 [51200/60000 (85%)]	loss=0.8268
2025-04-25T16:47:48Z INFO     Train Epoch: 2 [52480/60000 (87%)]	loss=0.5801
2025-04-25T16:47:48Z INFO     Train Epoch: 2 [53760/60000 (90%)]	loss=0.5210
2025-04-25T16:47:48Z INFO     Train Epoch: 2 [55040/60000 (92%)]	loss=0.6885
2025-04-25T16:47:48Z INFO     Train Epoch: 2 [56320/60000 (94%)]	loss=0.7066
2025-04-25T16:47:48Z INFO     Train Epoch: 2 [57600/60000 (96%)]	loss=0.5099
2025-04-25T16:47:48Z INFO     Train Epoch: 2 [58880/60000 (98%)]	loss=0.5992
2025-04-25T16:47:49Z INFO     {metricName: accuracy, metricValue: 0.7613};{metricName: loss, metricValue: 0.6531}

2025-04-25T16:47:49Z INFO     Train Epoch: 3 [0/60000 (0%)]	loss=0.5429
2025-04-25T16:47:49Z INFO     Train Epoch: 3 [1280/60000 (2%)]	loss=0.6459
2025-04-25T16:47:50Z INFO     Train Epoch: 3 [2560/60000 (4%)]	loss=0.5538
2025-04-25T16:47:50Z INFO     Train Epoch: 3 [3840/60000 (6%)]	loss=0.5120
2025-04-25T16:47:50Z INFO     Train Epoch: 3 [5120/60000 (9%)]	loss=0.5641
2025-04-25T16:47:50Z INFO     Train Epoch: 3 [6400/60000 (11%)]	loss=0.6518
2025-04-25T16:47:50Z INFO     Train Epoch: 3 [7680/60000 (13%)]	loss=0.5261
2025-04-25T16:47:50Z INFO     Train Epoch: 3 [8960/60000 (15%)]	loss=0.6379
2025-04-25T16:47:50Z INFO     Train Epoch: 3 [10240/60000 (17%)]	loss=0.6498
2025-04-25T16:47:50Z INFO     Train Epoch: 3 [11520/60000 (19%)]	loss=0.4751
2025-04-25T16:47:50Z INFO     Train Epoch: 3 [12800/60000 (21%)]	loss=0.6920
2025-04-25T16:47:51Z INFO     Train Epoch: 3 [14080/60000 (23%)]	loss=0.6603
2025-04-25T16:47:51Z INFO     Train Epoch: 3 [15360/60000 (26%)]	loss=0.6999
2025-04-25T16:47:51Z INFO     Train Epoch: 3 [16640/60000 (28%)]	loss=0.5778
2025-04-25T16:47:51Z INFO     Train Epoch: 3 [17920/60000 (30%)]	loss=0.6528
2025-04-25T16:47:51Z INFO     Train Epoch: 3 [19200/60000 (32%)]	loss=0.6453
2025-04-25T16:47:51Z INFO     Train Epoch: 3 [20480/60000 (34%)]	loss=0.6260
2025-04-25T16:47:51Z INFO     Train Epoch: 3 [21760/60000 (36%)]	loss=0.4610
2025-04-25T16:47:51Z INFO     Train Epoch: 3 [23040/60000 (38%)]	loss=0.6999
2025-04-25T16:47:51Z INFO     Train Epoch: 3 [24320/60000 (41%)]	loss=0.6112
2025-04-25T16:47:52Z INFO     Train Epoch: 3 [25600/60000 (43%)]	loss=0.5673
2025-04-25T16:47:52Z INFO     Train Epoch: 3 [26880/60000 (45%)]	loss=0.5164
2025-04-25T16:47:52Z INFO     Train Epoch: 3 [28160/60000 (47%)]	loss=0.6826
2025-04-25T16:47:52Z INFO     Train Epoch: 3 [29440/60000 (49%)]	loss=0.6082
2025-04-25T16:47:52Z INFO     Train Epoch: 3 [30720/60000 (51%)]	loss=0.6051
2025-04-25T16:47:52Z INFO     Train Epoch: 3 [32000/60000 (53%)]	loss=0.6247
2025-04-25T16:47:52Z INFO     Train Epoch: 3 [33280/60000 (55%)]	loss=0.6732
2025-04-25T16:47:52Z INFO     Train Epoch: 3 [34560/60000 (58%)]	loss=0.5921
2025-04-25T16:47:53Z INFO     Train Epoch: 3 [35840/60000 (60%)]	loss=0.5738
2025-04-25T16:47:53Z INFO     Train Epoch: 3 [37120/60000 (62%)]	loss=0.5745
2025-04-25T16:47:53Z INFO     Train Epoch: 3 [38400/60000 (64%)]	loss=0.4593
2025-04-25T16:47:53Z INFO     Train Epoch: 3 [39680/60000 (66%)]	loss=0.5212
2025-04-25T16:47:53Z INFO     Train Epoch: 3 [40960/60000 (68%)]	loss=0.5729
2025-04-25T16:47:53Z INFO     Train Epoch: 3 [42240/60000 (70%)]	loss=0.5980
2025-04-25T16:47:53Z INFO     Train Epoch: 3 [43520/60000 (72%)]	loss=0.7325
2025-04-25T16:47:53Z INFO     Train Epoch: 3 [44800/60000 (75%)]	loss=0.5750
2025-04-25T16:47:53Z INFO     Train Epoch: 3 [46080/60000 (77%)]	loss=0.5897
2025-04-25T16:47:54Z INFO     Train Epoch: 3 [47360/60000 (79%)]	loss=0.5954
2025-04-25T16:47:54Z INFO     Train Epoch: 3 [48640/60000 (81%)]	loss=0.5153
2025-04-25T16:47:54Z INFO     Train Epoch: 3 [49920/60000 (83%)]	loss=0.6281
2025-04-25T16:47:54Z INFO     Train Epoch: 3 [51200/60000 (85%)]	loss=0.6632
2025-04-25T16:47:54Z INFO     Train Epoch: 3 [52480/60000 (87%)]	loss=0.6359
2025-04-25T16:47:54Z INFO     Train Epoch: 3 [53760/60000 (90%)]	loss=0.6288
2025-04-25T16:47:54Z INFO     Train Epoch: 3 [55040/60000 (92%)]	loss=0.6009
2025-04-25T16:47:54Z INFO     Train Epoch: 3 [56320/60000 (94%)]	loss=0.6388
2025-04-25T16:47:54Z INFO     Train Epoch: 3 [57600/60000 (96%)]	loss=0.5181
2025-04-25T16:47:55Z INFO     Train Epoch: 3 [58880/60000 (98%)]	loss=0.7651
2025-04-25T16:47:55Z INFO     {metricName: accuracy, metricValue: 0.7748};{metricName: loss, metricValue: 0.5952}

2025-04-25T16:47:56Z INFO     Train Epoch: 4 [0/60000 (0%)]	loss=0.6220
2025-04-25T16:47:56Z INFO     Train Epoch: 4 [1280/60000 (2%)]	loss=0.5149
2025-04-25T16:47:56Z INFO     Train Epoch: 4 [2560/60000 (4%)]	loss=0.4984
2025-04-25T16:47:56Z INFO     Train Epoch: 4 [3840/60000 (6%)]	loss=0.5827
2025-04-25T16:47:56Z INFO     Train Epoch: 4 [5120/60000 (9%)]	loss=0.5008
2025-04-25T16:47:56Z INFO     Train Epoch: 4 [6400/60000 (11%)]	loss=0.5481
2025-04-25T16:47:56Z INFO     Train Epoch: 4 [7680/60000 (13%)]	loss=0.6092
2025-04-25T16:47:56Z INFO     Train Epoch: 4 [8960/60000 (15%)]	loss=0.4786
2025-04-25T16:47:56Z INFO     Train Epoch: 4 [10240/60000 (17%)]	loss=0.6001
2025-04-25T16:47:57Z INFO     Train Epoch: 4 [11520/60000 (19%)]	loss=0.4619
2025-04-25T16:47:57Z INFO     Train Epoch: 4 [12800/60000 (21%)]	loss=0.5890
2025-04-25T16:47:57Z INFO     Train Epoch: 4 [14080/60000 (23%)]	loss=0.5851
2025-04-25T16:47:57Z INFO     Train Epoch: 4 [15360/60000 (26%)]	loss=0.6088
2025-04-25T16:47:57Z INFO     Train Epoch: 4 [16640/60000 (28%)]	loss=0.5995
2025-04-25T16:47:57Z INFO     Train Epoch: 4 [17920/60000 (30%)]	loss=0.5374
2025-04-25T16:47:57Z INFO     Train Epoch: 4 [19200/60000 (32%)]	loss=0.5664
2025-04-25T16:47:57Z INFO     Train Epoch: 4 [20480/60000 (34%)]	loss=0.4874
2025-04-25T16:47:57Z INFO     Train Epoch: 4 [21760/60000 (36%)]	loss=0.5476
2025-04-25T16:47:58Z INFO     Train Epoch: 4 [23040/60000 (38%)]	loss=0.6169
2025-04-25T16:47:58Z INFO     Train Epoch: 4 [24320/60000 (41%)]	loss=0.4892
2025-04-25T16:47:58Z INFO     Train Epoch: 4 [25600/60000 (43%)]	loss=0.5083
2025-04-25T16:47:58Z INFO     Train Epoch: 4 [26880/60000 (45%)]	loss=0.6021
2025-04-25T16:47:58Z INFO     Train Epoch: 4 [28160/60000 (47%)]	loss=0.4014
2025-04-25T16:47:58Z INFO     Train Epoch: 4 [29440/60000 (49%)]	loss=0.4859
2025-04-25T16:47:58Z INFO     Train Epoch: 4 [30720/60000 (51%)]	loss=0.5150
2025-04-25T16:47:58Z INFO     Train Epoch: 4 [32000/60000 (53%)]	loss=0.4827
2025-04-25T16:47:58Z INFO     Train Epoch: 4 [33280/60000 (55%)]	loss=0.5305
2025-04-25T16:47:59Z INFO     Train Epoch: 4 [34560/60000 (58%)]	loss=0.5407
2025-04-25T16:47:59Z INFO     Train Epoch: 4 [35840/60000 (60%)]	loss=0.4970
2025-04-25T16:47:59Z INFO     Train Epoch: 4 [37120/60000 (62%)]	loss=0.4528
2025-04-25T16:47:59Z INFO     Train Epoch: 4 [38400/60000 (64%)]	loss=0.5637
2025-04-25T16:47:59Z INFO     Train Epoch: 4 [39680/60000 (66%)]	loss=0.4880
2025-04-25T16:47:59Z INFO     Train Epoch: 4 [40960/60000 (68%)]	loss=0.5177
2025-04-25T16:47:59Z INFO     Train Epoch: 4 [42240/60000 (70%)]	loss=0.6535
2025-04-25T16:47:59Z INFO     Train Epoch: 4 [43520/60000 (72%)]	loss=0.5724
2025-04-25T16:47:59Z INFO     Train Epoch: 4 [44800/60000 (75%)]	loss=0.6392
2025-04-25T16:48:00Z INFO     Train Epoch: 4 [46080/60000 (77%)]	loss=0.5459
2025-04-25T16:48:00Z INFO     Train Epoch: 4 [47360/60000 (79%)]	loss=0.4504
2025-04-25T16:48:00Z INFO     Train Epoch: 4 [48640/60000 (81%)]	loss=0.4370
2025-04-25T16:48:00Z INFO     Train Epoch: 4 [49920/60000 (83%)]	loss=0.5668
2025-04-25T16:48:00Z INFO     Train Epoch: 4 [51200/60000 (85%)]	loss=0.5487
2025-04-25T16:48:00Z INFO     Train Epoch: 4 [52480/60000 (87%)]	loss=0.4786
2025-04-25T16:48:00Z INFO     Train Epoch: 4 [53760/60000 (90%)]	loss=0.4848
2025-04-25T16:48:00Z INFO     Train Epoch: 4 [55040/60000 (92%)]	loss=0.5658
2025-04-25T16:48:00Z INFO     Train Epoch: 4 [56320/60000 (94%)]	loss=0.4389
2025-04-25T16:48:01Z INFO     Train Epoch: 4 [57600/60000 (96%)]	loss=0.3734
2025-04-25T16:48:01Z INFO     Train Epoch: 4 [58880/60000 (98%)]	loss=0.4260
2025-04-25T16:48:02Z INFO     {metricName: accuracy, metricValue: 0.8070};{metricName: loss, metricValue: 0.5306}


real	0m31.720s
user	0m35.429s
sys	0m7.508s
