Using CUDA
Using distributed PyTorch with nccl backend
2025-04-25T16:49:22Z INFO     Added key: store_based_barrier_key:1 to store for rank: 0
2025-04-25T16:49:22Z INFO     Rank 0: Completed store-based barrier for key:store_based_barrier_key:1 with 2 nodes.
pytorch-mnist-master-0:38:38 [0] NCCL INFO Bootstrap : Using eth0:10.244.2.13<0>
pytorch-mnist-master-0:38:38 [0] NCCL INFO NET/Plugin : No plugin found (libnccl-net.so), using internal implementation
pytorch-mnist-master-0:38:38 [0] NCCL INFO NET/IB : Using [0]mlx5_0:1/IB ; OOB eth0:10.244.2.13<0>
pytorch-mnist-master-0:38:38 [0] NCCL INFO Using network IB
NCCL version 2.10.3+cuda10.2
pytorch-mnist-master-0:38:124 [0] NCCL INFO NET/IB : GPU Direct RDMA Disabled for HCA 0 'mlx5_0' (no module)
pytorch-mnist-master-0:38:124 [0] NCCL INFO NET/IB : GPU Direct RDMA Disabled for HCA 0 'mlx5_0' (no module)
pytorch-mnist-master-0:38:124 [0] NCCL INFO Channel 00/02 :    0   1
pytorch-mnist-master-0:38:124 [0] NCCL INFO Channel 01/02 :    0   1
pytorch-mnist-master-0:38:124 [0] NCCL INFO Trees [0] 1/-1/-1->0->-1 [1] -1/-1/-1->0->1
pytorch-mnist-master-0:38:124 [0] NCCL INFO Setting affinity for GPU 0 to 0fffff
pytorch-mnist-master-0:38:124 [0] NCCL INFO Channel 00 : 1[100000] -> 0[100000] [receive] via NET/IB/0
pytorch-mnist-master-0:38:124 [0] NCCL INFO Channel 01 : 1[100000] -> 0[100000] [receive] via NET/IB/0
pytorch-mnist-master-0:38:124 [0] NCCL INFO Channel 00 : 0[100000] -> 1[100000] [send] via NET/IB/0
pytorch-mnist-master-0:38:124 [0] NCCL INFO Channel 01 : 0[100000] -> 1[100000] [send] via NET/IB/0
pytorch-mnist-master-0:38:124 [0] NCCL INFO NET/IB: Dev 0 Port 1 qpn 338 mtu 5 LID 153
pytorch-mnist-master-0:38:124 [0] NCCL INFO NET/IB: Dev 0 Port 1 qpn 339 mtu 5 LID 153
pytorch-mnist-master-0:38:124 [0] NCCL INFO Connected all rings
pytorch-mnist-master-0:38:124 [0] NCCL INFO Connected all trees
pytorch-mnist-master-0:38:124 [0] NCCL INFO threadThresholds 8/8/64 | 16/8/64 | 8/8/512
pytorch-mnist-master-0:38:124 [0] NCCL INFO 2 coll channels, 2 p2p channels, 1 p2p channels per peer
pytorch-mnist-master-0:38:124 [0] NCCL INFO comm 0x749c3c001360 rank 0 nranks 2 cudaDev 0 busId 100000 - Init COMPLETE
pytorch-mnist-master-0:38:38 [0] NCCL INFO Launch mode Parallel
2025-04-25T16:49:25Z INFO     Train Epoch: 1 [0/60000 (0%)]	loss=2.3015
2025-04-25T16:49:25Z INFO     Reducer buckets have been rebuilt in this iteration.
2025-04-25T16:49:25Z INFO     Train Epoch: 1 [1280/60000 (2%)]	loss=2.2863
2025-04-25T16:49:25Z INFO     Train Epoch: 1 [2560/60000 (4%)]	loss=2.2854
2025-04-25T16:49:26Z INFO     Train Epoch: 1 [3840/60000 (6%)]	loss=2.2727
2025-04-25T16:49:26Z INFO     Train Epoch: 1 [5120/60000 (9%)]	loss=2.2693
2025-04-25T16:49:26Z INFO     Train Epoch: 1 [6400/60000 (11%)]	loss=2.2500
2025-04-25T16:49:26Z INFO     Train Epoch: 1 [7680/60000 (13%)]	loss=2.2421
2025-04-25T16:49:26Z INFO     Train Epoch: 1 [8960/60000 (15%)]	loss=2.2029
2025-04-25T16:49:26Z INFO     Train Epoch: 1 [10240/60000 (17%)]	loss=2.1879
2025-04-25T16:49:26Z INFO     Train Epoch: 1 [11520/60000 (19%)]	loss=2.1322
2025-04-25T16:49:26Z INFO     Train Epoch: 1 [12800/60000 (21%)]	loss=2.0498
2025-04-25T16:49:26Z INFO     Train Epoch: 1 [14080/60000 (23%)]	loss=1.9478
2025-04-25T16:49:27Z INFO     Train Epoch: 1 [15360/60000 (26%)]	loss=1.7657
2025-04-25T16:49:27Z INFO     Train Epoch: 1 [16640/60000 (28%)]	loss=1.5977
2025-04-25T16:49:27Z INFO     Train Epoch: 1 [17920/60000 (30%)]	loss=1.3736
2025-04-25T16:49:27Z INFO     Train Epoch: 1 [19200/60000 (32%)]	loss=1.3092
2025-04-25T16:49:27Z INFO     Train Epoch: 1 [20480/60000 (34%)]	loss=1.1858
2025-04-25T16:49:27Z INFO     Train Epoch: 1 [21760/60000 (36%)]	loss=1.0813
2025-04-25T16:49:27Z INFO     Train Epoch: 1 [23040/60000 (38%)]	loss=1.0573
2025-04-25T16:49:27Z INFO     Train Epoch: 1 [24320/60000 (41%)]	loss=1.0201
2025-04-25T16:49:27Z INFO     Train Epoch: 1 [25600/60000 (43%)]	loss=0.9025
2025-04-25T16:49:28Z INFO     Train Epoch: 1 [26880/60000 (45%)]	loss=1.0209
2025-04-25T16:49:28Z INFO     Train Epoch: 1 [28160/60000 (47%)]	loss=1.0541
2025-04-25T16:49:28Z INFO     Train Epoch: 1 [29440/60000 (49%)]	loss=0.9020
2025-04-25T16:49:28Z INFO     Train Epoch: 1 [30720/60000 (51%)]	loss=0.7916
2025-04-25T16:49:28Z INFO     Train Epoch: 1 [32000/60000 (53%)]	loss=1.1947
2025-04-25T16:49:28Z INFO     Train Epoch: 1 [33280/60000 (55%)]	loss=1.0288
2025-04-25T16:49:28Z INFO     Train Epoch: 1 [34560/60000 (58%)]	loss=0.9581
2025-04-25T16:49:28Z INFO     Train Epoch: 1 [35840/60000 (60%)]	loss=0.7888
2025-04-25T16:49:29Z INFO     Train Epoch: 1 [37120/60000 (62%)]	loss=0.9338
2025-04-25T16:49:29Z INFO     Train Epoch: 1 [38400/60000 (64%)]	loss=0.9508
2025-04-25T16:49:29Z INFO     Train Epoch: 1 [39680/60000 (66%)]	loss=0.8632
2025-04-25T16:49:29Z INFO     Train Epoch: 1 [40960/60000 (68%)]	loss=0.8084
2025-04-25T16:49:29Z INFO     Train Epoch: 1 [42240/60000 (70%)]	loss=0.8877
2025-04-25T16:49:29Z INFO     Train Epoch: 1 [43520/60000 (72%)]	loss=0.9442
2025-04-25T16:49:29Z INFO     Train Epoch: 1 [44800/60000 (75%)]	loss=0.9361
2025-04-25T16:49:29Z INFO     Train Epoch: 1 [46080/60000 (77%)]	loss=0.8240
2025-04-25T16:49:29Z INFO     Train Epoch: 1 [47360/60000 (79%)]	loss=0.7685
2025-04-25T16:49:30Z INFO     Train Epoch: 1 [48640/60000 (81%)]	loss=0.8700
2025-04-25T16:49:30Z INFO     Train Epoch: 1 [49920/60000 (83%)]	loss=0.8693
2025-04-25T16:49:30Z INFO     Train Epoch: 1 [51200/60000 (85%)]	loss=0.7856
2025-04-25T16:49:30Z INFO     Train Epoch: 1 [52480/60000 (87%)]	loss=0.6900
2025-04-25T16:49:30Z INFO     Train Epoch: 1 [53760/60000 (90%)]	loss=0.8086
2025-04-25T16:49:30Z INFO     Train Epoch: 1 [55040/60000 (92%)]	loss=0.8794
2025-04-25T16:49:30Z INFO     Train Epoch: 1 [56320/60000 (94%)]	loss=0.8600
2025-04-25T16:49:30Z INFO     Train Epoch: 1 [57600/60000 (96%)]	loss=0.9272
2025-04-25T16:49:30Z INFO     Train Epoch: 1 [58880/60000 (98%)]	loss=0.7722
2025-04-25T16:49:31Z INFO     {metricName: accuracy, metricValue: 0.6872};{metricName: loss, metricValue: 0.8286}

2025-04-25T16:49:31Z INFO     Train Epoch: 2 [0/60000 (0%)]	loss=0.7516
2025-04-25T16:49:32Z INFO     Train Epoch: 2 [1280/60000 (2%)]	loss=0.6789
2025-04-25T16:49:32Z INFO     Train Epoch: 2 [2560/60000 (4%)]	loss=0.7743
2025-04-25T16:49:32Z INFO     Train Epoch: 2 [3840/60000 (6%)]	loss=0.7717
2025-04-25T16:49:32Z INFO     Train Epoch: 2 [5120/60000 (9%)]	loss=0.7506
2025-04-25T16:49:32Z INFO     Train Epoch: 2 [6400/60000 (11%)]	loss=0.7419
2025-04-25T16:49:32Z INFO     Train Epoch: 2 [7680/60000 (13%)]	loss=0.7574
2025-04-25T16:49:32Z INFO     Train Epoch: 2 [8960/60000 (15%)]	loss=0.6596
2025-04-25T16:49:32Z INFO     Train Epoch: 2 [10240/60000 (17%)]	loss=0.7532
2025-04-25T16:49:32Z INFO     Train Epoch: 2 [11520/60000 (19%)]	loss=0.6044
2025-04-25T16:49:33Z INFO     Train Epoch: 2 [12800/60000 (21%)]	loss=0.7420
2025-04-25T16:49:33Z INFO     Train Epoch: 2 [14080/60000 (23%)]	loss=0.6998
2025-04-25T16:49:33Z INFO     Train Epoch: 2 [15360/60000 (26%)]	loss=0.7800
2025-04-25T16:49:33Z INFO     Train Epoch: 2 [16640/60000 (28%)]	loss=0.6446
2025-04-25T16:49:33Z INFO     Train Epoch: 2 [17920/60000 (30%)]	loss=0.7491
2025-04-25T16:49:33Z INFO     Train Epoch: 2 [19200/60000 (32%)]	loss=0.5678
2025-04-25T16:49:33Z INFO     Train Epoch: 2 [20480/60000 (34%)]	loss=0.7980
2025-04-25T16:49:33Z INFO     Train Epoch: 2 [21760/60000 (36%)]	loss=0.6855
2025-04-25T16:49:34Z INFO     Train Epoch: 2 [23040/60000 (38%)]	loss=0.6715
2025-04-25T16:49:34Z INFO     Train Epoch: 2 [24320/60000 (41%)]	loss=0.6475
2025-04-25T16:49:34Z INFO     Train Epoch: 2 [25600/60000 (43%)]	loss=0.6493
2025-04-25T16:49:34Z INFO     Train Epoch: 2 [26880/60000 (45%)]	loss=0.7623
2025-04-25T16:49:34Z INFO     Train Epoch: 2 [28160/60000 (47%)]	loss=0.5773
2025-04-25T16:49:34Z INFO     Train Epoch: 2 [29440/60000 (49%)]	loss=0.8770
2025-04-25T16:49:34Z INFO     Train Epoch: 2 [30720/60000 (51%)]	loss=0.6959
2025-04-25T16:49:34Z INFO     Train Epoch: 2 [32000/60000 (53%)]	loss=0.7684
2025-04-25T16:49:34Z INFO     Train Epoch: 2 [33280/60000 (55%)]	loss=0.6706
2025-04-25T16:49:35Z INFO     Train Epoch: 2 [34560/60000 (58%)]	loss=0.5757
2025-04-25T16:49:35Z INFO     Train Epoch: 2 [35840/60000 (60%)]	loss=0.5419
2025-04-25T16:49:35Z INFO     Train Epoch: 2 [37120/60000 (62%)]	loss=0.7465
2025-04-25T16:49:35Z INFO     Train Epoch: 2 [38400/60000 (64%)]	loss=0.6824
2025-04-25T16:49:35Z INFO     Train Epoch: 2 [39680/60000 (66%)]	loss=0.6238
2025-04-25T16:49:35Z INFO     Train Epoch: 2 [40960/60000 (68%)]	loss=0.7639
2025-04-25T16:49:35Z INFO     Train Epoch: 2 [42240/60000 (70%)]	loss=0.7588
2025-04-25T16:49:35Z INFO     Train Epoch: 2 [43520/60000 (72%)]	loss=0.5803
2025-04-25T16:49:35Z INFO     Train Epoch: 2 [44800/60000 (75%)]	loss=0.5784
2025-04-25T16:49:36Z INFO     Train Epoch: 2 [46080/60000 (77%)]	loss=0.6863
2025-04-25T16:49:36Z INFO     Train Epoch: 2 [47360/60000 (79%)]	loss=0.7658
2025-04-25T16:49:36Z INFO     Train Epoch: 2 [48640/60000 (81%)]	loss=0.5831
2025-04-25T16:49:36Z INFO     Train Epoch: 2 [49920/60000 (83%)]	loss=0.6997
2025-04-25T16:49:36Z INFO     Train Epoch: 2 [51200/60000 (85%)]	loss=0.8264
2025-04-25T16:49:36Z INFO     Train Epoch: 2 [52480/60000 (87%)]	loss=0.5798
2025-04-25T16:49:36Z INFO     Train Epoch: 2 [53760/60000 (90%)]	loss=0.5216
2025-04-25T16:49:36Z INFO     Train Epoch: 2 [55040/60000 (92%)]	loss=0.6887
2025-04-25T16:49:36Z INFO     Train Epoch: 2 [56320/60000 (94%)]	loss=0.7079
2025-04-25T16:49:37Z INFO     Train Epoch: 2 [57600/60000 (96%)]	loss=0.5103
2025-04-25T16:49:37Z INFO     Train Epoch: 2 [58880/60000 (98%)]	loss=0.5995
2025-04-25T16:49:38Z INFO     {metricName: accuracy, metricValue: 0.7608};{metricName: loss, metricValue: 0.6528}

2025-04-25T16:49:38Z INFO     Train Epoch: 3 [0/60000 (0%)]	loss=0.5440
2025-04-25T16:49:38Z INFO     Train Epoch: 3 [1280/60000 (2%)]	loss=0.6465
2025-04-25T16:49:38Z INFO     Train Epoch: 3 [2560/60000 (4%)]	loss=0.5528
2025-04-25T16:49:38Z INFO     Train Epoch: 3 [3840/60000 (6%)]	loss=0.5117
2025-04-25T16:49:38Z INFO     Train Epoch: 3 [5120/60000 (9%)]	loss=0.5636
2025-04-25T16:49:38Z INFO     Train Epoch: 3 [6400/60000 (11%)]	loss=0.6515
2025-04-25T16:49:38Z INFO     Train Epoch: 3 [7680/60000 (13%)]	loss=0.5257
2025-04-25T16:49:38Z INFO     Train Epoch: 3 [8960/60000 (15%)]	loss=0.6371
2025-04-25T16:49:39Z INFO     Train Epoch: 3 [10240/60000 (17%)]	loss=0.6501
2025-04-25T16:49:39Z INFO     Train Epoch: 3 [11520/60000 (19%)]	loss=0.4748
2025-04-25T16:49:39Z INFO     Train Epoch: 3 [12800/60000 (21%)]	loss=0.6909
2025-04-25T16:49:39Z INFO     Train Epoch: 3 [14080/60000 (23%)]	loss=0.6601
2025-04-25T16:49:39Z INFO     Train Epoch: 3 [15360/60000 (26%)]	loss=0.7007
2025-04-25T16:49:39Z INFO     Train Epoch: 3 [16640/60000 (28%)]	loss=0.5773
2025-04-25T16:49:39Z INFO     Train Epoch: 3 [17920/60000 (30%)]	loss=0.6532
2025-04-25T16:49:39Z INFO     Train Epoch: 3 [19200/60000 (32%)]	loss=0.6470
2025-04-25T16:49:39Z INFO     Train Epoch: 3 [20480/60000 (34%)]	loss=0.6261
2025-04-25T16:49:40Z INFO     Train Epoch: 3 [21760/60000 (36%)]	loss=0.4614
2025-04-25T16:49:40Z INFO     Train Epoch: 3 [23040/60000 (38%)]	loss=0.7000
2025-04-25T16:49:40Z INFO     Train Epoch: 3 [24320/60000 (41%)]	loss=0.6102
2025-04-25T16:49:40Z INFO     Train Epoch: 3 [25600/60000 (43%)]	loss=0.5659
2025-04-25T16:49:40Z INFO     Train Epoch: 3 [26880/60000 (45%)]	loss=0.5170
2025-04-25T16:49:40Z INFO     Train Epoch: 3 [28160/60000 (47%)]	loss=0.6820
2025-04-25T16:49:40Z INFO     Train Epoch: 3 [29440/60000 (49%)]	loss=0.6094
2025-04-25T16:49:40Z INFO     Train Epoch: 3 [30720/60000 (51%)]	loss=0.6057
2025-04-25T16:49:40Z INFO     Train Epoch: 3 [32000/60000 (53%)]	loss=0.6236
2025-04-25T16:49:41Z INFO     Train Epoch: 3 [33280/60000 (55%)]	loss=0.6742
2025-04-25T16:49:41Z INFO     Train Epoch: 3 [34560/60000 (58%)]	loss=0.5918
2025-04-25T16:49:41Z INFO     Train Epoch: 3 [35840/60000 (60%)]	loss=0.5704
2025-04-25T16:49:41Z INFO     Train Epoch: 3 [37120/60000 (62%)]	loss=0.5755
2025-04-25T16:49:41Z INFO     Train Epoch: 3 [38400/60000 (64%)]	loss=0.4602
2025-04-25T16:49:41Z INFO     Train Epoch: 3 [39680/60000 (66%)]	loss=0.5224
2025-04-25T16:49:41Z INFO     Train Epoch: 3 [40960/60000 (68%)]	loss=0.5731
2025-04-25T16:49:41Z INFO     Train Epoch: 3 [42240/60000 (70%)]	loss=0.5980
2025-04-25T16:49:42Z INFO     Train Epoch: 3 [43520/60000 (72%)]	loss=0.7324
2025-04-25T16:49:42Z INFO     Train Epoch: 3 [44800/60000 (75%)]	loss=0.5752
2025-04-25T16:49:42Z INFO     Train Epoch: 3 [46080/60000 (77%)]	loss=0.5911
2025-04-25T16:49:42Z INFO     Train Epoch: 3 [47360/60000 (79%)]	loss=0.5962
2025-04-25T16:49:42Z INFO     Train Epoch: 3 [48640/60000 (81%)]	loss=0.5171
2025-04-25T16:49:42Z INFO     Train Epoch: 3 [49920/60000 (83%)]	loss=0.6278
2025-04-25T16:49:42Z INFO     Train Epoch: 3 [51200/60000 (85%)]	loss=0.6646
2025-04-25T16:49:42Z INFO     Train Epoch: 3 [52480/60000 (87%)]	loss=0.6350
2025-04-25T16:49:42Z INFO     Train Epoch: 3 [53760/60000 (90%)]	loss=0.6286
2025-04-25T16:49:43Z INFO     Train Epoch: 3 [55040/60000 (92%)]	loss=0.5992
2025-04-25T16:49:43Z INFO     Train Epoch: 3 [56320/60000 (94%)]	loss=0.6380
2025-04-25T16:49:43Z INFO     Train Epoch: 3 [57600/60000 (96%)]	loss=0.5187
2025-04-25T16:49:43Z INFO     Train Epoch: 3 [58880/60000 (98%)]	loss=0.7678
2025-04-25T16:49:44Z INFO     {metricName: accuracy, metricValue: 0.7760};{metricName: loss, metricValue: 0.5947}

2025-04-25T16:49:44Z INFO     Train Epoch: 4 [0/60000 (0%)]	loss=0.6225
2025-04-25T16:49:44Z INFO     Train Epoch: 4 [1280/60000 (2%)]	loss=0.5153
2025-04-25T16:49:44Z INFO     Train Epoch: 4 [2560/60000 (4%)]	loss=0.4971
2025-04-25T16:49:44Z INFO     Train Epoch: 4 [3840/60000 (6%)]	loss=0.5837
2025-04-25T16:49:44Z INFO     Train Epoch: 4 [5120/60000 (9%)]	loss=0.5012
2025-04-25T16:49:44Z INFO     Train Epoch: 4 [6400/60000 (11%)]	loss=0.5481
2025-04-25T16:49:45Z INFO     Train Epoch: 4 [7680/60000 (13%)]	loss=0.6096
2025-04-25T16:49:45Z INFO     Train Epoch: 4 [8960/60000 (15%)]	loss=0.4792
2025-04-25T16:49:45Z INFO     Train Epoch: 4 [10240/60000 (17%)]	loss=0.6009
2025-04-25T16:49:45Z INFO     Train Epoch: 4 [11520/60000 (19%)]	loss=0.4618
2025-04-25T16:49:45Z INFO     Train Epoch: 4 [12800/60000 (21%)]	loss=0.5893
2025-04-25T16:49:45Z INFO     Train Epoch: 4 [14080/60000 (23%)]	loss=0.5854
2025-04-25T16:49:45Z INFO     Train Epoch: 4 [15360/60000 (26%)]	loss=0.6086
2025-04-25T16:49:45Z INFO     Train Epoch: 4 [16640/60000 (28%)]	loss=0.5986
2025-04-25T16:49:45Z INFO     Train Epoch: 4 [17920/60000 (30%)]	loss=0.5368
2025-04-25T16:49:46Z INFO     Train Epoch: 4 [19200/60000 (32%)]	loss=0.5683
2025-04-25T16:49:46Z INFO     Train Epoch: 4 [20480/60000 (34%)]	loss=0.4883
2025-04-25T16:49:46Z INFO     Train Epoch: 4 [21760/60000 (36%)]	loss=0.5479
2025-04-25T16:49:46Z INFO     Train Epoch: 4 [23040/60000 (38%)]	loss=0.6170
2025-04-25T16:49:46Z INFO     Train Epoch: 4 [24320/60000 (41%)]	loss=0.4902
2025-04-25T16:49:46Z INFO     Train Epoch: 4 [25600/60000 (43%)]	loss=0.5091
2025-04-25T16:49:46Z INFO     Train Epoch: 4 [26880/60000 (45%)]	loss=0.6031
2025-04-25T16:49:46Z INFO     Train Epoch: 4 [28160/60000 (47%)]	loss=0.4019
2025-04-25T16:49:46Z INFO     Train Epoch: 4 [29440/60000 (49%)]	loss=0.4860
2025-04-25T16:49:47Z INFO     Train Epoch: 4 [30720/60000 (51%)]	loss=0.5147
2025-04-25T16:49:47Z INFO     Train Epoch: 4 [32000/60000 (53%)]	loss=0.4833
2025-04-25T16:49:47Z INFO     Train Epoch: 4 [33280/60000 (55%)]	loss=0.5318
2025-04-25T16:49:47Z INFO     Train Epoch: 4 [34560/60000 (58%)]	loss=0.5403
2025-04-25T16:49:47Z INFO     Train Epoch: 4 [35840/60000 (60%)]	loss=0.4980
2025-04-25T16:49:47Z INFO     Train Epoch: 4 [37120/60000 (62%)]	loss=0.4533
2025-04-25T16:49:47Z INFO     Train Epoch: 4 [38400/60000 (64%)]	loss=0.5639
2025-04-25T16:49:47Z INFO     Train Epoch: 4 [39680/60000 (66%)]	loss=0.4893
2025-04-25T16:49:47Z INFO     Train Epoch: 4 [40960/60000 (68%)]	loss=0.5175
2025-04-25T16:49:48Z INFO     Train Epoch: 4 [42240/60000 (70%)]	loss=0.6529
2025-04-25T16:49:48Z INFO     Train Epoch: 4 [43520/60000 (72%)]	loss=0.5740
2025-04-25T16:49:48Z INFO     Train Epoch: 4 [44800/60000 (75%)]	loss=0.6400
2025-04-25T16:49:48Z INFO     Train Epoch: 4 [46080/60000 (77%)]	loss=0.5463
2025-04-25T16:49:48Z INFO     Train Epoch: 4 [47360/60000 (79%)]	loss=0.4503
2025-04-25T16:49:48Z INFO     Train Epoch: 4 [48640/60000 (81%)]	loss=0.4369
2025-04-25T16:49:48Z INFO     Train Epoch: 4 [49920/60000 (83%)]	loss=0.5662
2025-04-25T16:49:48Z INFO     Train Epoch: 4 [51200/60000 (85%)]	loss=0.5484
2025-04-25T16:49:49Z INFO     Train Epoch: 4 [52480/60000 (87%)]	loss=0.4792
2025-04-25T16:49:49Z INFO     Train Epoch: 4 [53760/60000 (90%)]	loss=0.4861
2025-04-25T16:49:49Z INFO     Train Epoch: 4 [55040/60000 (92%)]	loss=0.5655
2025-04-25T16:49:49Z INFO     Train Epoch: 4 [56320/60000 (94%)]	loss=0.4387
2025-04-25T16:49:49Z INFO     Train Epoch: 4 [57600/60000 (96%)]	loss=0.3724
2025-04-25T16:49:49Z INFO     Train Epoch: 4 [58880/60000 (98%)]	loss=0.4266
2025-04-25T16:49:50Z INFO     {metricName: accuracy, metricValue: 0.8075};{metricName: loss, metricValue: 0.5314}


real	0m37.759s
user	0m35.270s
sys	0m7.671s
