Using CUDA
Using distributed PyTorch with nccl backend
2025-04-25T16:48:41Z INFO     Added key: store_based_barrier_key:1 to store for rank: 0
2025-04-25T16:48:41Z INFO     Rank 0: Completed store-based barrier for key:store_based_barrier_key:1 with 2 nodes.
pytorch-mnist-master-0:38:38 [0] NCCL INFO Bootstrap : Using eth0:10.244.3.12<0>
pytorch-mnist-master-0:38:38 [0] NCCL INFO NET/Plugin : No plugin found (libnccl-net.so), using internal implementation
pytorch-mnist-master-0:38:38 [0] NCCL INFO NET/IB : Using [0]mlx5_0:1/IB ; OOB eth0:10.244.3.12<0>
pytorch-mnist-master-0:38:38 [0] NCCL INFO Using network IB
NCCL version 2.10.3+cuda10.2
pytorch-mnist-master-0:38:124 [0] NCCL INFO NET/IB : GPU Direct RDMA Disabled for HCA 0 'mlx5_0' (no module)
pytorch-mnist-master-0:38:124 [0] NCCL INFO NET/IB : GPU Direct RDMA Disabled for HCA 0 'mlx5_0' (no module)
pytorch-mnist-master-0:38:124 [0] NCCL INFO Channel 00/02 :    0   1
pytorch-mnist-master-0:38:124 [0] NCCL INFO Channel 01/02 :    0   1
pytorch-mnist-master-0:38:124 [0] NCCL INFO Trees [0] 1/-1/-1->0->-1 [1] -1/-1/-1->0->1
pytorch-mnist-master-0:38:124 [0] NCCL INFO Setting affinity for GPU 0 to 0fffff
pytorch-mnist-master-0:38:124 [0] NCCL INFO Channel 00 : 1[100000] -> 0[100000] [receive] via NET/IB/0
pytorch-mnist-master-0:38:124 [0] NCCL INFO Channel 01 : 1[100000] -> 0[100000] [receive] via NET/IB/0
pytorch-mnist-master-0:38:124 [0] NCCL INFO Channel 00 : 0[100000] -> 1[100000] [send] via NET/IB/0
pytorch-mnist-master-0:38:124 [0] NCCL INFO Channel 01 : 0[100000] -> 1[100000] [send] via NET/IB/0
pytorch-mnist-master-0:38:124 [0] NCCL INFO NET/IB: Dev 0 Port 1 qpn 334 mtu 5 LID 151
pytorch-mnist-master-0:38:124 [0] NCCL INFO NET/IB: Dev 0 Port 1 qpn 335 mtu 5 LID 151
pytorch-mnist-master-0:38:124 [0] NCCL INFO Connected all rings
pytorch-mnist-master-0:38:124 [0] NCCL INFO Connected all trees
pytorch-mnist-master-0:38:124 [0] NCCL INFO threadThresholds 8/8/64 | 16/8/64 | 8/8/512
pytorch-mnist-master-0:38:124 [0] NCCL INFO 2 coll channels, 2 p2p channels, 1 p2p channels per peer
pytorch-mnist-master-0:38:124 [0] NCCL INFO comm 0x761f28001360 rank 0 nranks 2 cudaDev 0 busId 100000 - Init COMPLETE
pytorch-mnist-master-0:38:38 [0] NCCL INFO Launch mode Parallel
2025-04-25T16:48:45Z INFO     Train Epoch: 1 [0/60000 (0%)]	loss=2.3015
2025-04-25T16:48:45Z INFO     Reducer buckets have been rebuilt in this iteration.
2025-04-25T16:48:45Z INFO     Train Epoch: 1 [1280/60000 (2%)]	loss=2.2863
2025-04-25T16:48:45Z INFO     Train Epoch: 1 [2560/60000 (4%)]	loss=2.2854
2025-04-25T16:48:45Z INFO     Train Epoch: 1 [3840/60000 (6%)]	loss=2.2727
2025-04-25T16:48:45Z INFO     Train Epoch: 1 [5120/60000 (9%)]	loss=2.2693
2025-04-25T16:48:46Z INFO     Train Epoch: 1 [6400/60000 (11%)]	loss=2.2500
2025-04-25T16:48:46Z INFO     Train Epoch: 1 [7680/60000 (13%)]	loss=2.2421
2025-04-25T16:48:46Z INFO     Train Epoch: 1 [8960/60000 (15%)]	loss=2.2029
2025-04-25T16:48:46Z INFO     Train Epoch: 1 [10240/60000 (17%)]	loss=2.1879
2025-04-25T16:48:46Z INFO     Train Epoch: 1 [11520/60000 (19%)]	loss=2.1322
2025-04-25T16:48:46Z INFO     Train Epoch: 1 [12800/60000 (21%)]	loss=2.0497
2025-04-25T16:48:46Z INFO     Train Epoch: 1 [14080/60000 (23%)]	loss=1.9478
2025-04-25T16:48:46Z INFO     Train Epoch: 1 [15360/60000 (26%)]	loss=1.7657
2025-04-25T16:48:46Z INFO     Train Epoch: 1 [16640/60000 (28%)]	loss=1.5977
2025-04-25T16:48:47Z INFO     Train Epoch: 1 [17920/60000 (30%)]	loss=1.3735
2025-04-25T16:48:47Z INFO     Train Epoch: 1 [19200/60000 (32%)]	loss=1.3091
2025-04-25T16:48:47Z INFO     Train Epoch: 1 [20480/60000 (34%)]	loss=1.1868
2025-04-25T16:48:47Z INFO     Train Epoch: 1 [21760/60000 (36%)]	loss=1.0813
2025-04-25T16:48:47Z INFO     Train Epoch: 1 [23040/60000 (38%)]	loss=1.0568
2025-04-25T16:48:47Z INFO     Train Epoch: 1 [24320/60000 (41%)]	loss=1.0197
2025-04-25T16:48:47Z INFO     Train Epoch: 1 [25600/60000 (43%)]	loss=0.9028
2025-04-25T16:48:47Z INFO     Train Epoch: 1 [26880/60000 (45%)]	loss=1.0208
2025-04-25T16:48:47Z INFO     Train Epoch: 1 [28160/60000 (47%)]	loss=1.0537
2025-04-25T16:48:48Z INFO     Train Epoch: 1 [29440/60000 (49%)]	loss=0.9023
2025-04-25T16:48:48Z INFO     Train Epoch: 1 [30720/60000 (51%)]	loss=0.7913
2025-04-25T16:48:48Z INFO     Train Epoch: 1 [32000/60000 (53%)]	loss=1.1949
2025-04-25T16:48:48Z INFO     Train Epoch: 1 [33280/60000 (55%)]	loss=1.0282
2025-04-25T16:48:48Z INFO     Train Epoch: 1 [34560/60000 (58%)]	loss=0.9576
2025-04-25T16:48:48Z INFO     Train Epoch: 1 [35840/60000 (60%)]	loss=0.7886
2025-04-25T16:48:48Z INFO     Train Epoch: 1 [37120/60000 (62%)]	loss=0.9334
2025-04-25T16:48:48Z INFO     Train Epoch: 1 [38400/60000 (64%)]	loss=0.9504
2025-04-25T16:48:49Z INFO     Train Epoch: 1 [39680/60000 (66%)]	loss=0.8610
2025-04-25T16:48:49Z INFO     Train Epoch: 1 [40960/60000 (68%)]	loss=0.8079
2025-04-25T16:48:49Z INFO     Train Epoch: 1 [42240/60000 (70%)]	loss=0.8877
2025-04-25T16:48:49Z INFO     Train Epoch: 1 [43520/60000 (72%)]	loss=0.9452
2025-04-25T16:48:49Z INFO     Train Epoch: 1 [44800/60000 (75%)]	loss=0.9370
2025-04-25T16:48:49Z INFO     Train Epoch: 1 [46080/60000 (77%)]	loss=0.8239
2025-04-25T16:48:49Z INFO     Train Epoch: 1 [47360/60000 (79%)]	loss=0.7676
2025-04-25T16:48:49Z INFO     Train Epoch: 1 [48640/60000 (81%)]	loss=0.8698
2025-04-25T16:48:49Z INFO     Train Epoch: 1 [49920/60000 (83%)]	loss=0.8689
2025-04-25T16:48:50Z INFO     Train Epoch: 1 [51200/60000 (85%)]	loss=0.7845
2025-04-25T16:48:50Z INFO     Train Epoch: 1 [52480/60000 (87%)]	loss=0.6892
2025-04-25T16:48:50Z INFO     Train Epoch: 1 [53760/60000 (90%)]	loss=0.8080
2025-04-25T16:48:50Z INFO     Train Epoch: 1 [55040/60000 (92%)]	loss=0.8775
2025-04-25T16:48:50Z INFO     Train Epoch: 1 [56320/60000 (94%)]	loss=0.8610
2025-04-25T16:48:50Z INFO     Train Epoch: 1 [57600/60000 (96%)]	loss=0.9264
2025-04-25T16:48:50Z INFO     Train Epoch: 1 [58880/60000 (98%)]	loss=0.7706
2025-04-25T16:48:51Z INFO     {metricName: accuracy, metricValue: 0.6877};{metricName: loss, metricValue: 0.8285}

2025-04-25T16:48:51Z INFO     Train Epoch: 2 [0/60000 (0%)]	loss=0.7512
2025-04-25T16:48:51Z INFO     Train Epoch: 2 [1280/60000 (2%)]	loss=0.6786
2025-04-25T16:48:51Z INFO     Train Epoch: 2 [2560/60000 (4%)]	loss=0.7740
2025-04-25T16:48:52Z INFO     Train Epoch: 2 [3840/60000 (6%)]	loss=0.7709
2025-04-25T16:48:52Z INFO     Train Epoch: 2 [5120/60000 (9%)]	loss=0.7511
2025-04-25T16:48:52Z INFO     Train Epoch: 2 [6400/60000 (11%)]	loss=0.7419
2025-04-25T16:48:52Z INFO     Train Epoch: 2 [7680/60000 (13%)]	loss=0.7573
2025-04-25T16:48:52Z INFO     Train Epoch: 2 [8960/60000 (15%)]	loss=0.6589
2025-04-25T16:48:52Z INFO     Train Epoch: 2 [10240/60000 (17%)]	loss=0.7534
2025-04-25T16:48:52Z INFO     Train Epoch: 2 [11520/60000 (19%)]	loss=0.6045
2025-04-25T16:48:52Z INFO     Train Epoch: 2 [12800/60000 (21%)]	loss=0.7423
2025-04-25T16:48:52Z INFO     Train Epoch: 2 [14080/60000 (23%)]	loss=0.6999
2025-04-25T16:48:53Z INFO     Train Epoch: 2 [15360/60000 (26%)]	loss=0.7806
2025-04-25T16:48:53Z INFO     Train Epoch: 2 [16640/60000 (28%)]	loss=0.6443
2025-04-25T16:48:53Z INFO     Train Epoch: 2 [17920/60000 (30%)]	loss=0.7495
2025-04-25T16:48:53Z INFO     Train Epoch: 2 [19200/60000 (32%)]	loss=0.5675
2025-04-25T16:48:53Z INFO     Train Epoch: 2 [20480/60000 (34%)]	loss=0.7986
2025-04-25T16:48:53Z INFO     Train Epoch: 2 [21760/60000 (36%)]	loss=0.6867
2025-04-25T16:48:53Z INFO     Train Epoch: 2 [23040/60000 (38%)]	loss=0.6717
2025-04-25T16:48:53Z INFO     Train Epoch: 2 [24320/60000 (41%)]	loss=0.6473
2025-04-25T16:48:53Z INFO     Train Epoch: 2 [25600/60000 (43%)]	loss=0.6487
2025-04-25T16:48:54Z INFO     Train Epoch: 2 [26880/60000 (45%)]	loss=0.7615
2025-04-25T16:48:54Z INFO     Train Epoch: 2 [28160/60000 (47%)]	loss=0.5765
2025-04-25T16:48:54Z INFO     Train Epoch: 2 [29440/60000 (49%)]	loss=0.8759
2025-04-25T16:48:54Z INFO     Train Epoch: 2 [30720/60000 (51%)]	loss=0.6972
2025-04-25T16:48:54Z INFO     Train Epoch: 2 [32000/60000 (53%)]	loss=0.7689
2025-04-25T16:48:54Z INFO     Train Epoch: 2 [33280/60000 (55%)]	loss=0.6711
2025-04-25T16:48:54Z INFO     Train Epoch: 2 [34560/60000 (58%)]	loss=0.5755
2025-04-25T16:48:54Z INFO     Train Epoch: 2 [35840/60000 (60%)]	loss=0.5412
2025-04-25T16:48:54Z INFO     Train Epoch: 2 [37120/60000 (62%)]	loss=0.7481
2025-04-25T16:48:55Z INFO     Train Epoch: 2 [38400/60000 (64%)]	loss=0.6825
2025-04-25T16:48:55Z INFO     Train Epoch: 2 [39680/60000 (66%)]	loss=0.6229
2025-04-25T16:48:55Z INFO     Train Epoch: 2 [40960/60000 (68%)]	loss=0.7633
2025-04-25T16:48:55Z INFO     Train Epoch: 2 [42240/60000 (70%)]	loss=0.7599
2025-04-25T16:48:55Z INFO     Train Epoch: 2 [43520/60000 (72%)]	loss=0.5806
2025-04-25T16:48:55Z INFO     Train Epoch: 2 [44800/60000 (75%)]	loss=0.5781
2025-04-25T16:48:55Z INFO     Train Epoch: 2 [46080/60000 (77%)]	loss=0.6871
2025-04-25T16:48:55Z INFO     Train Epoch: 2 [47360/60000 (79%)]	loss=0.7649
2025-04-25T16:48:56Z INFO     Train Epoch: 2 [48640/60000 (81%)]	loss=0.5830
2025-04-25T16:48:56Z INFO     Train Epoch: 2 [49920/60000 (83%)]	loss=0.6978
2025-04-25T16:48:56Z INFO     Train Epoch: 2 [51200/60000 (85%)]	loss=0.8263
2025-04-25T16:48:56Z INFO     Train Epoch: 2 [52480/60000 (87%)]	loss=0.5800
2025-04-25T16:48:56Z INFO     Train Epoch: 2 [53760/60000 (90%)]	loss=0.5223
2025-04-25T16:48:56Z INFO     Train Epoch: 2 [55040/60000 (92%)]	loss=0.6883
2025-04-25T16:48:56Z INFO     Train Epoch: 2 [56320/60000 (94%)]	loss=0.7088
2025-04-25T16:48:56Z INFO     Train Epoch: 2 [57600/60000 (96%)]	loss=0.5111
2025-04-25T16:48:56Z INFO     Train Epoch: 2 [58880/60000 (98%)]	loss=0.5995
2025-04-25T16:48:57Z INFO     {metricName: accuracy, metricValue: 0.7605};{metricName: loss, metricValue: 0.6531}

2025-04-25T16:48:57Z INFO     Train Epoch: 3 [0/60000 (0%)]	loss=0.5431
2025-04-25T16:48:58Z INFO     Train Epoch: 3 [1280/60000 (2%)]	loss=0.6464
2025-04-25T16:48:58Z INFO     Train Epoch: 3 [2560/60000 (4%)]	loss=0.5526
2025-04-25T16:48:58Z INFO     Train Epoch: 3 [3840/60000 (6%)]	loss=0.5119
2025-04-25T16:48:58Z INFO     Train Epoch: 3 [5120/60000 (9%)]	loss=0.5638
2025-04-25T16:48:58Z INFO     Train Epoch: 3 [6400/60000 (11%)]	loss=0.6527
2025-04-25T16:48:58Z INFO     Train Epoch: 3 [7680/60000 (13%)]	loss=0.5259
2025-04-25T16:48:58Z INFO     Train Epoch: 3 [8960/60000 (15%)]	loss=0.6364
2025-04-25T16:48:58Z INFO     Train Epoch: 3 [10240/60000 (17%)]	loss=0.6502
2025-04-25T16:48:58Z INFO     Train Epoch: 3 [11520/60000 (19%)]	loss=0.4753
2025-04-25T16:48:59Z INFO     Train Epoch: 3 [12800/60000 (21%)]	loss=0.6902
2025-04-25T16:48:59Z INFO     Train Epoch: 3 [14080/60000 (23%)]	loss=0.6611
2025-04-25T16:48:59Z INFO     Train Epoch: 3 [15360/60000 (26%)]	loss=0.7014
2025-04-25T16:48:59Z INFO     Train Epoch: 3 [16640/60000 (28%)]	loss=0.5772
2025-04-25T16:48:59Z INFO     Train Epoch: 3 [17920/60000 (30%)]	loss=0.6520
2025-04-25T16:48:59Z INFO     Train Epoch: 3 [19200/60000 (32%)]	loss=0.6469
2025-04-25T16:48:59Z INFO     Train Epoch: 3 [20480/60000 (34%)]	loss=0.6256
2025-04-25T16:48:59Z INFO     Train Epoch: 3 [21760/60000 (36%)]	loss=0.4622
2025-04-25T16:48:59Z INFO     Train Epoch: 3 [23040/60000 (38%)]	loss=0.7004
2025-04-25T16:49:00Z INFO     Train Epoch: 3 [24320/60000 (41%)]	loss=0.6112
2025-04-25T16:49:00Z INFO     Train Epoch: 3 [25600/60000 (43%)]	loss=0.5657
2025-04-25T16:49:00Z INFO     Train Epoch: 3 [26880/60000 (45%)]	loss=0.5165
2025-04-25T16:49:00Z INFO     Train Epoch: 3 [28160/60000 (47%)]	loss=0.6819
2025-04-25T16:49:00Z INFO     Train Epoch: 3 [29440/60000 (49%)]	loss=0.6087
2025-04-25T16:49:00Z INFO     Train Epoch: 3 [30720/60000 (51%)]	loss=0.6061
2025-04-25T16:49:00Z INFO     Train Epoch: 3 [32000/60000 (53%)]	loss=0.6246
2025-04-25T16:49:00Z INFO     Train Epoch: 3 [33280/60000 (55%)]	loss=0.6742
2025-04-25T16:49:00Z INFO     Train Epoch: 3 [34560/60000 (58%)]	loss=0.5916
2025-04-25T16:49:01Z INFO     Train Epoch: 3 [35840/60000 (60%)]	loss=0.5697
2025-04-25T16:49:01Z INFO     Train Epoch: 3 [37120/60000 (62%)]	loss=0.5762
2025-04-25T16:49:01Z INFO     Train Epoch: 3 [38400/60000 (64%)]	loss=0.4595
2025-04-25T16:49:01Z INFO     Train Epoch: 3 [39680/60000 (66%)]	loss=0.5220
2025-04-25T16:49:01Z INFO     Train Epoch: 3 [40960/60000 (68%)]	loss=0.5739
2025-04-25T16:49:01Z INFO     Train Epoch: 3 [42240/60000 (70%)]	loss=0.5975
2025-04-25T16:49:01Z INFO     Train Epoch: 3 [43520/60000 (72%)]	loss=0.7308
2025-04-25T16:49:01Z INFO     Train Epoch: 3 [44800/60000 (75%)]	loss=0.5757
2025-04-25T16:49:01Z INFO     Train Epoch: 3 [46080/60000 (77%)]	loss=0.5918
2025-04-25T16:49:02Z INFO     Train Epoch: 3 [47360/60000 (79%)]	loss=0.5955
2025-04-25T16:49:02Z INFO     Train Epoch: 3 [48640/60000 (81%)]	loss=0.5154
2025-04-25T16:49:02Z INFO     Train Epoch: 3 [49920/60000 (83%)]	loss=0.6278
2025-04-25T16:49:02Z INFO     Train Epoch: 3 [51200/60000 (85%)]	loss=0.6657
2025-04-25T16:49:02Z INFO     Train Epoch: 3 [52480/60000 (87%)]	loss=0.6333
2025-04-25T16:49:02Z INFO     Train Epoch: 3 [53760/60000 (90%)]	loss=0.6300
2025-04-25T16:49:02Z INFO     Train Epoch: 3 [55040/60000 (92%)]	loss=0.6005
2025-04-25T16:49:02Z INFO     Train Epoch: 3 [56320/60000 (94%)]	loss=0.6404
2025-04-25T16:49:02Z INFO     Train Epoch: 3 [57600/60000 (96%)]	loss=0.5193
2025-04-25T16:49:03Z INFO     Train Epoch: 3 [58880/60000 (98%)]	loss=0.7666
2025-04-25T16:49:04Z INFO     {metricName: accuracy, metricValue: 0.7750};{metricName: loss, metricValue: 0.5951}

2025-04-25T16:49:04Z INFO     Train Epoch: 4 [0/60000 (0%)]	loss=0.6217
2025-04-25T16:49:04Z INFO     Train Epoch: 4 [1280/60000 (2%)]	loss=0.5165
2025-04-25T16:49:04Z INFO     Train Epoch: 4 [2560/60000 (4%)]	loss=0.4978
2025-04-25T16:49:04Z INFO     Train Epoch: 4 [3840/60000 (6%)]	loss=0.5823
2025-04-25T16:49:04Z INFO     Train Epoch: 4 [5120/60000 (9%)]	loss=0.5014
2025-04-25T16:49:04Z INFO     Train Epoch: 4 [6400/60000 (11%)]	loss=0.5482
2025-04-25T16:49:04Z INFO     Train Epoch: 4 [7680/60000 (13%)]	loss=0.6101
2025-04-25T16:49:04Z INFO     Train Epoch: 4 [8960/60000 (15%)]	loss=0.4803
2025-04-25T16:49:04Z INFO     Train Epoch: 4 [10240/60000 (17%)]	loss=0.6003
2025-04-25T16:49:05Z INFO     Train Epoch: 4 [11520/60000 (19%)]	loss=0.4619
2025-04-25T16:49:05Z INFO     Train Epoch: 4 [12800/60000 (21%)]	loss=0.5884
2025-04-25T16:49:05Z INFO     Train Epoch: 4 [14080/60000 (23%)]	loss=0.5859
2025-04-25T16:49:05Z INFO     Train Epoch: 4 [15360/60000 (26%)]	loss=0.6082
2025-04-25T16:49:05Z INFO     Train Epoch: 4 [16640/60000 (28%)]	loss=0.5982
2025-04-25T16:49:05Z INFO     Train Epoch: 4 [17920/60000 (30%)]	loss=0.5381
2025-04-25T16:49:05Z INFO     Train Epoch: 4 [19200/60000 (32%)]	loss=0.5678
2025-04-25T16:49:05Z INFO     Train Epoch: 4 [20480/60000 (34%)]	loss=0.4878
2025-04-25T16:49:06Z INFO     Train Epoch: 4 [21760/60000 (36%)]	loss=0.5487
2025-04-25T16:49:06Z INFO     Train Epoch: 4 [23040/60000 (38%)]	loss=0.6156
2025-04-25T16:49:06Z INFO     Train Epoch: 4 [24320/60000 (41%)]	loss=0.4889
2025-04-25T16:49:06Z INFO     Train Epoch: 4 [25600/60000 (43%)]	loss=0.5086
2025-04-25T16:49:06Z INFO     Train Epoch: 4 [26880/60000 (45%)]	loss=0.6035
2025-04-25T16:49:06Z INFO     Train Epoch: 4 [28160/60000 (47%)]	loss=0.4003
2025-04-25T16:49:06Z INFO     Train Epoch: 4 [29440/60000 (49%)]	loss=0.4861
2025-04-25T16:49:06Z INFO     Train Epoch: 4 [30720/60000 (51%)]	loss=0.5136
2025-04-25T16:49:06Z INFO     Train Epoch: 4 [32000/60000 (53%)]	loss=0.4840
2025-04-25T16:49:07Z INFO     Train Epoch: 4 [33280/60000 (55%)]	loss=0.5314
2025-04-25T16:49:07Z INFO     Train Epoch: 4 [34560/60000 (58%)]	loss=0.5411
2025-04-25T16:49:07Z INFO     Train Epoch: 4 [35840/60000 (60%)]	loss=0.4973
2025-04-25T16:49:07Z INFO     Train Epoch: 4 [37120/60000 (62%)]	loss=0.4519
2025-04-25T16:49:07Z INFO     Train Epoch: 4 [38400/60000 (64%)]	loss=0.5641
2025-04-25T16:49:07Z INFO     Train Epoch: 4 [39680/60000 (66%)]	loss=0.4888
2025-04-25T16:49:07Z INFO     Train Epoch: 4 [40960/60000 (68%)]	loss=0.5161
2025-04-25T16:49:07Z INFO     Train Epoch: 4 [42240/60000 (70%)]	loss=0.6515
2025-04-25T16:49:07Z INFO     Train Epoch: 4 [43520/60000 (72%)]	loss=0.5719
2025-04-25T16:49:08Z INFO     Train Epoch: 4 [44800/60000 (75%)]	loss=0.6396
2025-04-25T16:49:08Z INFO     Train Epoch: 4 [46080/60000 (77%)]	loss=0.5461
2025-04-25T16:49:08Z INFO     Train Epoch: 4 [47360/60000 (79%)]	loss=0.4504
2025-04-25T16:49:08Z INFO     Train Epoch: 4 [48640/60000 (81%)]	loss=0.4379
2025-04-25T16:49:08Z INFO     Train Epoch: 4 [49920/60000 (83%)]	loss=0.5651
2025-04-25T16:49:08Z INFO     Train Epoch: 4 [51200/60000 (85%)]	loss=0.5494
2025-04-25T16:49:08Z INFO     Train Epoch: 4 [52480/60000 (87%)]	loss=0.4799
2025-04-25T16:49:08Z INFO     Train Epoch: 4 [53760/60000 (90%)]	loss=0.4876
2025-04-25T16:49:08Z INFO     Train Epoch: 4 [55040/60000 (92%)]	loss=0.5642
2025-04-25T16:49:09Z INFO     Train Epoch: 4 [56320/60000 (94%)]	loss=0.4403
2025-04-25T16:49:09Z INFO     Train Epoch: 4 [57600/60000 (96%)]	loss=0.3734
2025-04-25T16:49:09Z INFO     Train Epoch: 4 [58880/60000 (98%)]	loss=0.4250
2025-04-25T16:49:10Z INFO     {metricName: accuracy, metricValue: 0.8073};{metricName: loss, metricValue: 0.5317}


real	0m31.684s
user	0m57.981s
sys	0m17.498s
