Using CUDA
Using distributed PyTorch with nccl backend
2025-04-25T15:44:30Z INFO     Added key: store_based_barrier_key:1 to store for rank: 0
2025-04-25T15:44:30Z INFO     Rank 0: Completed store-based barrier for key:store_based_barrier_key:1 with 2 nodes.
pytorch-mnist-master-0:8:8 [0] NCCL INFO Bootstrap : Using eth0:10.224.0.38<0>
pytorch-mnist-master-0:8:8 [0] NCCL INFO NET/Plugin : No plugin found (libnccl-net.so), using internal implementation
pytorch-mnist-master-0:8:8 [0] NCCL INFO NET/IB : Using [0]mlx5_0:1/IB ; OOB eth0:10.224.0.38<0>
pytorch-mnist-master-0:8:8 [0] NCCL INFO Using network IB
NCCL version 2.10.3+cuda10.2
pytorch-mnist-master-0:8:94 [0] NCCL INFO NET/IB : GPU Direct RDMA Disabled for HCA 0 'mlx5_0' (no module)
pytorch-mnist-master-0:8:94 [0] NCCL INFO NET/IB : GPU Direct RDMA Disabled for HCA 0 'mlx5_0' (no module)
pytorch-mnist-master-0:8:94 [0] NCCL INFO Channel 00/02 :    0   1
pytorch-mnist-master-0:8:94 [0] NCCL INFO Channel 01/02 :    0   1
pytorch-mnist-master-0:8:94 [0] NCCL INFO Trees [0] 1/-1/-1->0->-1 [1] -1/-1/-1->0->1
pytorch-mnist-master-0:8:94 [0] NCCL INFO Setting affinity for GPU 0 to 0fffff
pytorch-mnist-master-0:8:94 [0] NCCL INFO Channel 00 : 1[100000] -> 0[100000] [receive] via NET/IB/0
pytorch-mnist-master-0:8:94 [0] NCCL INFO Channel 01 : 1[100000] -> 0[100000] [receive] via NET/IB/0
pytorch-mnist-master-0:8:94 [0] NCCL INFO Channel 00 : 0[100000] -> 1[100000] [send] via NET/IB/0
pytorch-mnist-master-0:8:94 [0] NCCL INFO Channel 01 : 0[100000] -> 1[100000] [send] via NET/IB/0
pytorch-mnist-master-0:8:94 [0] NCCL INFO NET/IB: Dev 0 Port 1 qpn 305 mtu 5 LID 154
pytorch-mnist-master-0:8:94 [0] NCCL INFO NET/IB: Dev 0 Port 1 qpn 306 mtu 5 LID 154
pytorch-mnist-master-0:8:94 [0] NCCL INFO Connected all rings
pytorch-mnist-master-0:8:94 [0] NCCL INFO Connected all trees
pytorch-mnist-master-0:8:94 [0] NCCL INFO threadThresholds 8/8/64 | 16/8/64 | 8/8/512
pytorch-mnist-master-0:8:94 [0] NCCL INFO 2 coll channels, 2 p2p channels, 1 p2p channels per peer
pytorch-mnist-master-0:8:94 [0] NCCL INFO comm 0x7f369c0012d0 rank 0 nranks 2 cudaDev 0 busId 100000 - Init COMPLETE
pytorch-mnist-master-0:8:8 [0] NCCL INFO Launch mode Parallel
2025-04-25T15:44:34Z INFO     Train Epoch: 1 [0/60000 (0%)]	loss=2.3015
2025-04-25T15:44:34Z INFO     Reducer buckets have been rebuilt in this iteration.
2025-04-25T15:44:34Z INFO     Train Epoch: 1 [1280/60000 (2%)]	loss=2.2863
2025-04-25T15:44:34Z INFO     Train Epoch: 1 [2560/60000 (4%)]	loss=2.2854
2025-04-25T15:44:34Z INFO     Train Epoch: 1 [3840/60000 (6%)]	loss=2.2727
2025-04-25T15:44:34Z INFO     Train Epoch: 1 [5120/60000 (9%)]	loss=2.2693
2025-04-25T15:44:35Z INFO     Train Epoch: 1 [6400/60000 (11%)]	loss=2.2500
2025-04-25T15:44:35Z INFO     Train Epoch: 1 [7680/60000 (13%)]	loss=2.2421
2025-04-25T15:44:35Z INFO     Train Epoch: 1 [8960/60000 (15%)]	loss=2.2029
2025-04-25T15:44:35Z INFO     Train Epoch: 1 [10240/60000 (17%)]	loss=2.1878
2025-04-25T15:44:35Z INFO     Train Epoch: 1 [11520/60000 (19%)]	loss=2.1322
2025-04-25T15:44:35Z INFO     Train Epoch: 1 [12800/60000 (21%)]	loss=2.0497
2025-04-25T15:44:35Z INFO     Train Epoch: 1 [14080/60000 (23%)]	loss=1.9475
2025-04-25T15:44:35Z INFO     Train Epoch: 1 [15360/60000 (26%)]	loss=1.7655
2025-04-25T15:44:35Z INFO     Train Epoch: 1 [16640/60000 (28%)]	loss=1.5978
2025-04-25T15:44:36Z INFO     Train Epoch: 1 [17920/60000 (30%)]	loss=1.3734
2025-04-25T15:44:36Z INFO     Train Epoch: 1 [19200/60000 (32%)]	loss=1.3090
2025-04-25T15:44:36Z INFO     Train Epoch: 1 [20480/60000 (34%)]	loss=1.1872
2025-04-25T15:44:36Z INFO     Train Epoch: 1 [21760/60000 (36%)]	loss=1.0816
2025-04-25T15:44:36Z INFO     Train Epoch: 1 [23040/60000 (38%)]	loss=1.0572
2025-04-25T15:44:36Z INFO     Train Epoch: 1 [24320/60000 (41%)]	loss=1.0201
2025-04-25T15:44:36Z INFO     Train Epoch: 1 [25600/60000 (43%)]	loss=0.9029
2025-04-25T15:44:36Z INFO     Train Epoch: 1 [26880/60000 (45%)]	loss=1.0206
2025-04-25T15:44:36Z INFO     Train Epoch: 1 [28160/60000 (47%)]	loss=1.0544
2025-04-25T15:44:37Z INFO     Train Epoch: 1 [29440/60000 (49%)]	loss=0.9013
2025-04-25T15:44:37Z INFO     Train Epoch: 1 [30720/60000 (51%)]	loss=0.7918
2025-04-25T15:44:37Z INFO     Train Epoch: 1 [32000/60000 (53%)]	loss=1.1949
2025-04-25T15:44:37Z INFO     Train Epoch: 1 [33280/60000 (55%)]	loss=1.0262
2025-04-25T15:44:37Z INFO     Train Epoch: 1 [34560/60000 (58%)]	loss=0.9585
2025-04-25T15:44:37Z INFO     Train Epoch: 1 [35840/60000 (60%)]	loss=0.7876
2025-04-25T15:44:37Z INFO     Train Epoch: 1 [37120/60000 (62%)]	loss=0.9319
2025-04-25T15:44:37Z INFO     Train Epoch: 1 [38400/60000 (64%)]	loss=0.9495
2025-04-25T15:44:37Z INFO     Train Epoch: 1 [39680/60000 (66%)]	loss=0.8615
2025-04-25T15:44:38Z INFO     Train Epoch: 1 [40960/60000 (68%)]	loss=0.8084
2025-04-25T15:44:38Z INFO     Train Epoch: 1 [42240/60000 (70%)]	loss=0.8902
2025-04-25T15:44:38Z INFO     Train Epoch: 1 [43520/60000 (72%)]	loss=0.9467
2025-04-25T15:44:38Z INFO     Train Epoch: 1 [44800/60000 (75%)]	loss=0.9358
2025-04-25T15:44:38Z INFO     Train Epoch: 1 [46080/60000 (77%)]	loss=0.8246
2025-04-25T15:44:38Z INFO     Train Epoch: 1 [47360/60000 (79%)]	loss=0.7681
2025-04-25T15:44:38Z INFO     Train Epoch: 1 [48640/60000 (81%)]	loss=0.8693
2025-04-25T15:44:38Z INFO     Train Epoch: 1 [49920/60000 (83%)]	loss=0.8696
2025-04-25T15:44:38Z INFO     Train Epoch: 1 [51200/60000 (85%)]	loss=0.7858
2025-04-25T15:44:39Z INFO     Train Epoch: 1 [52480/60000 (87%)]	loss=0.6910
2025-04-25T15:44:39Z INFO     Train Epoch: 1 [53760/60000 (90%)]	loss=0.8092
2025-04-25T15:44:39Z INFO     Train Epoch: 1 [55040/60000 (92%)]	loss=0.8809
2025-04-25T15:44:39Z INFO     Train Epoch: 1 [56320/60000 (94%)]	loss=0.8597
2025-04-25T15:44:39Z INFO     Train Epoch: 1 [57600/60000 (96%)]	loss=0.9279
2025-04-25T15:44:39Z INFO     Train Epoch: 1 [58880/60000 (98%)]	loss=0.7720
2025-04-25T15:44:40Z INFO     {metricName: accuracy, metricValue: 0.6877};{metricName: loss, metricValue: 0.8278}

2025-04-25T15:44:40Z INFO     Train Epoch: 2 [0/60000 (0%)]	loss=0.7500
2025-04-25T15:44:40Z INFO     Train Epoch: 2 [1280/60000 (2%)]	loss=0.6787
2025-04-25T15:44:40Z INFO     Train Epoch: 2 [2560/60000 (4%)]	loss=0.7746
2025-04-25T15:44:41Z INFO     Train Epoch: 2 [3840/60000 (6%)]	loss=0.7703
2025-04-25T15:44:41Z INFO     Train Epoch: 2 [5120/60000 (9%)]	loss=0.7502
2025-04-25T15:44:41Z INFO     Train Epoch: 2 [6400/60000 (11%)]	loss=0.7427
2025-04-25T15:44:41Z INFO     Train Epoch: 2 [7680/60000 (13%)]	loss=0.7572
2025-04-25T15:44:41Z INFO     Train Epoch: 2 [8960/60000 (15%)]	loss=0.6593
2025-04-25T15:44:41Z INFO     Train Epoch: 2 [10240/60000 (17%)]	loss=0.7521
2025-04-25T15:44:41Z INFO     Train Epoch: 2 [11520/60000 (19%)]	loss=0.6048
2025-04-25T15:44:41Z INFO     Train Epoch: 2 [12800/60000 (21%)]	loss=0.7425
2025-04-25T15:44:41Z INFO     Train Epoch: 2 [14080/60000 (23%)]	loss=0.6990
2025-04-25T15:44:42Z INFO     Train Epoch: 2 [15360/60000 (26%)]	loss=0.7816
2025-04-25T15:44:42Z INFO     Train Epoch: 2 [16640/60000 (28%)]	loss=0.6450
2025-04-25T15:44:42Z INFO     Train Epoch: 2 [17920/60000 (30%)]	loss=0.7499
2025-04-25T15:44:42Z INFO     Train Epoch: 2 [19200/60000 (32%)]	loss=0.5674
2025-04-25T15:44:42Z INFO     Train Epoch: 2 [20480/60000 (34%)]	loss=0.7965
2025-04-25T15:44:42Z INFO     Train Epoch: 2 [21760/60000 (36%)]	loss=0.6858
2025-04-25T15:44:42Z INFO     Train Epoch: 2 [23040/60000 (38%)]	loss=0.6718
2025-04-25T15:44:42Z INFO     Train Epoch: 2 [24320/60000 (41%)]	loss=0.6475
2025-04-25T15:44:42Z INFO     Train Epoch: 2 [25600/60000 (43%)]	loss=0.6496
2025-04-25T15:44:43Z INFO     Train Epoch: 2 [26880/60000 (45%)]	loss=0.7624
2025-04-25T15:44:43Z INFO     Train Epoch: 2 [28160/60000 (47%)]	loss=0.5763
2025-04-25T15:44:43Z INFO     Train Epoch: 2 [29440/60000 (49%)]	loss=0.8770
2025-04-25T15:44:43Z INFO     Train Epoch: 2 [30720/60000 (51%)]	loss=0.6945
2025-04-25T15:44:43Z INFO     Train Epoch: 2 [32000/60000 (53%)]	loss=0.7691
2025-04-25T15:44:43Z INFO     Train Epoch: 2 [33280/60000 (55%)]	loss=0.6699
2025-04-25T15:44:43Z INFO     Train Epoch: 2 [34560/60000 (58%)]	loss=0.5772
2025-04-25T15:44:43Z INFO     Train Epoch: 2 [35840/60000 (60%)]	loss=0.5413
2025-04-25T15:44:43Z INFO     Train Epoch: 2 [37120/60000 (62%)]	loss=0.7472
2025-04-25T15:44:44Z INFO     Train Epoch: 2 [38400/60000 (64%)]	loss=0.6826
2025-04-25T15:44:44Z INFO     Train Epoch: 2 [39680/60000 (66%)]	loss=0.6222
2025-04-25T15:44:44Z INFO     Train Epoch: 2 [40960/60000 (68%)]	loss=0.7636
2025-04-25T15:44:44Z INFO     Train Epoch: 2 [42240/60000 (70%)]	loss=0.7601
2025-04-25T15:44:44Z INFO     Train Epoch: 2 [43520/60000 (72%)]	loss=0.5804
2025-04-25T15:44:44Z INFO     Train Epoch: 2 [44800/60000 (75%)]	loss=0.5777
2025-04-25T15:44:44Z INFO     Train Epoch: 2 [46080/60000 (77%)]	loss=0.6869
2025-04-25T15:44:44Z INFO     Train Epoch: 2 [47360/60000 (79%)]	loss=0.7637
2025-04-25T15:44:44Z INFO     Train Epoch: 2 [48640/60000 (81%)]	loss=0.5830
2025-04-25T15:44:45Z INFO     Train Epoch: 2 [49920/60000 (83%)]	loss=0.6989
2025-04-25T15:44:45Z INFO     Train Epoch: 2 [51200/60000 (85%)]	loss=0.8271
2025-04-25T15:44:45Z INFO     Train Epoch: 2 [52480/60000 (87%)]	loss=0.5808
2025-04-25T15:44:45Z INFO     Train Epoch: 2 [53760/60000 (90%)]	loss=0.5227
2025-04-25T15:44:45Z INFO     Train Epoch: 2 [55040/60000 (92%)]	loss=0.6883
2025-04-25T15:44:45Z INFO     Train Epoch: 2 [56320/60000 (94%)]	loss=0.7080
2025-04-25T15:44:45Z INFO     Train Epoch: 2 [57600/60000 (96%)]	loss=0.5100
2025-04-25T15:44:45Z INFO     Train Epoch: 2 [58880/60000 (98%)]	loss=0.5997
2025-04-25T15:44:46Z INFO     {metricName: accuracy, metricValue: 0.7604};{metricName: loss, metricValue: 0.6534}

2025-04-25T15:44:46Z INFO     Train Epoch: 3 [0/60000 (0%)]	loss=0.5448
2025-04-25T15:44:46Z INFO     Train Epoch: 3 [1280/60000 (2%)]	loss=0.6455
2025-04-25T15:44:47Z INFO     Train Epoch: 3 [2560/60000 (4%)]	loss=0.5530
2025-04-25T15:44:47Z INFO     Train Epoch: 3 [3840/60000 (6%)]	loss=0.5118
2025-04-25T15:44:47Z INFO     Train Epoch: 3 [5120/60000 (9%)]	loss=0.5635
2025-04-25T15:44:47Z INFO     Train Epoch: 3 [6400/60000 (11%)]	loss=0.6521
2025-04-25T15:44:47Z INFO     Train Epoch: 3 [7680/60000 (13%)]	loss=0.5267
2025-04-25T15:44:47Z INFO     Train Epoch: 3 [8960/60000 (15%)]	loss=0.6379
2025-04-25T15:44:47Z INFO     Train Epoch: 3 [10240/60000 (17%)]	loss=0.6491
2025-04-25T15:44:47Z INFO     Train Epoch: 3 [11520/60000 (19%)]	loss=0.4765
2025-04-25T15:44:48Z INFO     Train Epoch: 3 [12800/60000 (21%)]	loss=0.6912
2025-04-25T15:44:48Z INFO     Train Epoch: 3 [14080/60000 (23%)]	loss=0.6592
2025-04-25T15:44:48Z INFO     Train Epoch: 3 [15360/60000 (26%)]	loss=0.6994
2025-04-25T15:44:48Z INFO     Train Epoch: 3 [16640/60000 (28%)]	loss=0.5774
2025-04-25T15:44:48Z INFO     Train Epoch: 3 [17920/60000 (30%)]	loss=0.6526
2025-04-25T15:44:48Z INFO     Train Epoch: 3 [19200/60000 (32%)]	loss=0.6462
2025-04-25T15:44:48Z INFO     Train Epoch: 3 [20480/60000 (34%)]	loss=0.6262
2025-04-25T15:44:48Z INFO     Train Epoch: 3 [21760/60000 (36%)]	loss=0.4621
2025-04-25T15:44:48Z INFO     Train Epoch: 3 [23040/60000 (38%)]	loss=0.7015
2025-04-25T15:44:49Z INFO     Train Epoch: 3 [24320/60000 (41%)]	loss=0.6108
2025-04-25T15:44:49Z INFO     Train Epoch: 3 [25600/60000 (43%)]	loss=0.5661
2025-04-25T15:44:49Z INFO     Train Epoch: 3 [26880/60000 (45%)]	loss=0.5169
2025-04-25T15:44:49Z INFO     Train Epoch: 3 [28160/60000 (47%)]	loss=0.6834
2025-04-25T15:44:49Z INFO     Train Epoch: 3 [29440/60000 (49%)]	loss=0.6099
2025-04-25T15:44:49Z INFO     Train Epoch: 3 [30720/60000 (51%)]	loss=0.6079
2025-04-25T15:44:49Z INFO     Train Epoch: 3 [32000/60000 (53%)]	loss=0.6244
2025-04-25T15:44:49Z INFO     Train Epoch: 3 [33280/60000 (55%)]	loss=0.6743
2025-04-25T15:44:49Z INFO     Train Epoch: 3 [34560/60000 (58%)]	loss=0.5919
2025-04-25T15:44:50Z INFO     Train Epoch: 3 [35840/60000 (60%)]	loss=0.5735
2025-04-25T15:44:50Z INFO     Train Epoch: 3 [37120/60000 (62%)]	loss=0.5752
2025-04-25T15:44:50Z INFO     Train Epoch: 3 [38400/60000 (64%)]	loss=0.4593
2025-04-25T15:44:50Z INFO     Train Epoch: 3 [39680/60000 (66%)]	loss=0.5220
2025-04-25T15:44:50Z INFO     Train Epoch: 3 [40960/60000 (68%)]	loss=0.5734
2025-04-25T15:44:50Z INFO     Train Epoch: 3 [42240/60000 (70%)]	loss=0.5971
2025-04-25T15:44:50Z INFO     Train Epoch: 3 [43520/60000 (72%)]	loss=0.7343
2025-04-25T15:44:50Z INFO     Train Epoch: 3 [44800/60000 (75%)]	loss=0.5755
2025-04-25T15:44:50Z INFO     Train Epoch: 3 [46080/60000 (77%)]	loss=0.5895
2025-04-25T15:44:51Z INFO     Train Epoch: 3 [47360/60000 (79%)]	loss=0.5970
2025-04-25T15:44:51Z INFO     Train Epoch: 3 [48640/60000 (81%)]	loss=0.5181
2025-04-25T15:44:51Z INFO     Train Epoch: 3 [49920/60000 (83%)]	loss=0.6273
2025-04-25T15:44:51Z INFO     Train Epoch: 3 [51200/60000 (85%)]	loss=0.6659
2025-04-25T15:44:51Z INFO     Train Epoch: 3 [52480/60000 (87%)]	loss=0.6350
2025-04-25T15:44:51Z INFO     Train Epoch: 3 [53760/60000 (90%)]	loss=0.6296
2025-04-25T15:44:51Z INFO     Train Epoch: 3 [55040/60000 (92%)]	loss=0.6009
2025-04-25T15:44:51Z INFO     Train Epoch: 3 [56320/60000 (94%)]	loss=0.6389
2025-04-25T15:44:51Z INFO     Train Epoch: 3 [57600/60000 (96%)]	loss=0.5182
2025-04-25T15:44:52Z INFO     Train Epoch: 3 [58880/60000 (98%)]	loss=0.7687
2025-04-25T15:44:53Z INFO     {metricName: accuracy, metricValue: 0.7759};{metricName: loss, metricValue: 0.5952}

2025-04-25T15:44:53Z INFO     Train Epoch: 4 [0/60000 (0%)]	loss=0.6217
2025-04-25T15:44:53Z INFO     Train Epoch: 4 [1280/60000 (2%)]	loss=0.5158
2025-04-25T15:44:53Z INFO     Train Epoch: 4 [2560/60000 (4%)]	loss=0.4973
2025-04-25T15:44:53Z INFO     Train Epoch: 4 [3840/60000 (6%)]	loss=0.5836
2025-04-25T15:44:53Z INFO     Train Epoch: 4 [5120/60000 (9%)]	loss=0.5006
2025-04-25T15:44:53Z INFO     Train Epoch: 4 [6400/60000 (11%)]	loss=0.5474
2025-04-25T15:44:53Z INFO     Train Epoch: 4 [7680/60000 (13%)]	loss=0.6092
2025-04-25T15:44:53Z INFO     Train Epoch: 4 [8960/60000 (15%)]	loss=0.4796
2025-04-25T15:44:53Z INFO     Train Epoch: 4 [10240/60000 (17%)]	loss=0.6004
2025-04-25T15:44:54Z INFO     Train Epoch: 4 [11520/60000 (19%)]	loss=0.4621
2025-04-25T15:44:54Z INFO     Train Epoch: 4 [12800/60000 (21%)]	loss=0.5887
2025-04-25T15:44:54Z INFO     Train Epoch: 4 [14080/60000 (23%)]	loss=0.5859
2025-04-25T15:44:54Z INFO     Train Epoch: 4 [15360/60000 (26%)]	loss=0.6086
2025-04-25T15:44:54Z INFO     Train Epoch: 4 [16640/60000 (28%)]	loss=0.5975
2025-04-25T15:44:54Z INFO     Train Epoch: 4 [17920/60000 (30%)]	loss=0.5360
2025-04-25T15:44:54Z INFO     Train Epoch: 4 [19200/60000 (32%)]	loss=0.5677
2025-04-25T15:44:54Z INFO     Train Epoch: 4 [20480/60000 (34%)]	loss=0.4879
2025-04-25T15:44:55Z INFO     Train Epoch: 4 [21760/60000 (36%)]	loss=0.5485
2025-04-25T15:44:55Z INFO     Train Epoch: 4 [23040/60000 (38%)]	loss=0.6174
2025-04-25T15:44:55Z INFO     Train Epoch: 4 [24320/60000 (41%)]	loss=0.4893
2025-04-25T15:44:55Z INFO     Train Epoch: 4 [25600/60000 (43%)]	loss=0.5084
2025-04-25T15:44:55Z INFO     Train Epoch: 4 [26880/60000 (45%)]	loss=0.6040
2025-04-25T15:44:55Z INFO     Train Epoch: 4 [28160/60000 (47%)]	loss=0.4010
2025-04-25T15:44:55Z INFO     Train Epoch: 4 [29440/60000 (49%)]	loss=0.4869
2025-04-25T15:44:55Z INFO     Train Epoch: 4 [30720/60000 (51%)]	loss=0.5142
2025-04-25T15:44:55Z INFO     Train Epoch: 4 [32000/60000 (53%)]	loss=0.4841
2025-04-25T15:44:56Z INFO     Train Epoch: 4 [33280/60000 (55%)]	loss=0.5314
2025-04-25T15:44:56Z INFO     Train Epoch: 4 [34560/60000 (58%)]	loss=0.5408
2025-04-25T15:44:56Z INFO     Train Epoch: 4 [35840/60000 (60%)]	loss=0.4963
2025-04-25T15:44:56Z INFO     Train Epoch: 4 [37120/60000 (62%)]	loss=0.4530
2025-04-25T15:44:56Z INFO     Train Epoch: 4 [38400/60000 (64%)]	loss=0.5643
2025-04-25T15:44:56Z INFO     Train Epoch: 4 [39680/60000 (66%)]	loss=0.4888
2025-04-25T15:44:56Z INFO     Train Epoch: 4 [40960/60000 (68%)]	loss=0.5186
2025-04-25T15:44:56Z INFO     Train Epoch: 4 [42240/60000 (70%)]	loss=0.6516
2025-04-25T15:44:56Z INFO     Train Epoch: 4 [43520/60000 (72%)]	loss=0.5717
2025-04-25T15:44:57Z INFO     Train Epoch: 4 [44800/60000 (75%)]	loss=0.6373
2025-04-25T15:44:57Z INFO     Train Epoch: 4 [46080/60000 (77%)]	loss=0.5454
2025-04-25T15:44:57Z INFO     Train Epoch: 4 [47360/60000 (79%)]	loss=0.4488
2025-04-25T15:44:57Z INFO     Train Epoch: 4 [48640/60000 (81%)]	loss=0.4374
2025-04-25T15:44:57Z INFO     Train Epoch: 4 [49920/60000 (83%)]	loss=0.5676
2025-04-25T15:44:57Z INFO     Train Epoch: 4 [51200/60000 (85%)]	loss=0.5481
2025-04-25T15:44:57Z INFO     Train Epoch: 4 [52480/60000 (87%)]	loss=0.4779
2025-04-25T15:44:57Z INFO     Train Epoch: 4 [53760/60000 (90%)]	loss=0.4855
2025-04-25T15:44:57Z INFO     Train Epoch: 4 [55040/60000 (92%)]	loss=0.5662
2025-04-25T15:44:58Z INFO     Train Epoch: 4 [56320/60000 (94%)]	loss=0.4376
2025-04-25T15:44:58Z INFO     Train Epoch: 4 [57600/60000 (96%)]	loss=0.3742
2025-04-25T15:44:58Z INFO     Train Epoch: 4 [58880/60000 (98%)]	loss=0.4263
2025-04-25T15:44:59Z INFO     {metricName: accuracy, metricValue: 0.8076};{metricName: loss, metricValue: 0.5312}


real	0m31.084s
user	0m35.805s
sys	0m7.967s
