Using CUDA
Using distributed PyTorch with nccl backend
2025-04-25T15:41:13Z INFO     Added key: store_based_barrier_key:1 to store for rank: 0
2025-04-25T15:41:13Z INFO     Rank 0: Completed store-based barrier for key:store_based_barrier_key:1 with 2 nodes.
pytorch-mnist-master-0:8:8 [0] NCCL INFO Bootstrap : Using eth0:10.224.0.103<0>
pytorch-mnist-master-0:8:8 [0] NCCL INFO NET/Plugin : No plugin found (libnccl-net.so), using internal implementation
pytorch-mnist-master-0:8:8 [0] NCCL INFO NET/IB : Using [0]mlx5_0:1/IB ; OOB eth0:10.224.0.103<0>
pytorch-mnist-master-0:8:8 [0] NCCL INFO Using network IB
NCCL version 2.10.3+cuda10.2
pytorch-mnist-master-0:8:94 [0] NCCL INFO NET/IB : GPU Direct RDMA Disabled for HCA 0 'mlx5_0' (no module)
pytorch-mnist-master-0:8:94 [0] NCCL INFO NET/IB : GPU Direct RDMA Disabled for HCA 0 'mlx5_0' (no module)
pytorch-mnist-master-0:8:94 [0] NCCL INFO Channel 00/02 :    0   1
pytorch-mnist-master-0:8:94 [0] NCCL INFO Channel 01/02 :    0   1
pytorch-mnist-master-0:8:94 [0] NCCL INFO Trees [0] 1/-1/-1->0->-1 [1] -1/-1/-1->0->1
pytorch-mnist-master-0:8:94 [0] NCCL INFO Setting affinity for GPU 0 to 0fffff
pytorch-mnist-master-0:8:94 [0] NCCL INFO Channel 00 : 1[100000] -> 0[100000] [receive] via NET/IB/0
pytorch-mnist-master-0:8:94 [0] NCCL INFO Channel 01 : 1[100000] -> 0[100000] [receive] via NET/IB/0
pytorch-mnist-master-0:8:94 [0] NCCL INFO Channel 00 : 0[100000] -> 1[100000] [send] via NET/IB/0
pytorch-mnist-master-0:8:94 [0] NCCL INFO Channel 01 : 0[100000] -> 1[100000] [send] via NET/IB/0
pytorch-mnist-master-0:8:94 [0] NCCL INFO NET/IB: Dev 0 Port 1 qpn 304 mtu 5 LID 162
pytorch-mnist-master-0:8:94 [0] NCCL INFO NET/IB: Dev 0 Port 1 qpn 305 mtu 5 LID 162
pytorch-mnist-master-0:8:94 [0] NCCL INFO Connected all rings
pytorch-mnist-master-0:8:94 [0] NCCL INFO Connected all trees
pytorch-mnist-master-0:8:94 [0] NCCL INFO threadThresholds 8/8/64 | 16/8/64 | 8/8/512
pytorch-mnist-master-0:8:94 [0] NCCL INFO 2 coll channels, 2 p2p channels, 1 p2p channels per peer
pytorch-mnist-master-0:8:94 [0] NCCL INFO comm 0x7f9a680012d0 rank 0 nranks 2 cudaDev 0 busId 100000 - Init COMPLETE
pytorch-mnist-master-0:8:8 [0] NCCL INFO Launch mode Parallel
2025-04-25T15:41:17Z INFO     Train Epoch: 1 [0/60000 (0%)]	loss=2.3015
2025-04-25T15:41:17Z INFO     Reducer buckets have been rebuilt in this iteration.
2025-04-25T15:41:17Z INFO     Train Epoch: 1 [1280/60000 (2%)]	loss=2.2863
2025-04-25T15:41:17Z INFO     Train Epoch: 1 [2560/60000 (4%)]	loss=2.2854
2025-04-25T15:41:17Z INFO     Train Epoch: 1 [3840/60000 (6%)]	loss=2.2727
2025-04-25T15:41:17Z INFO     Train Epoch: 1 [5120/60000 (9%)]	loss=2.2693
2025-04-25T15:41:17Z INFO     Train Epoch: 1 [6400/60000 (11%)]	loss=2.2500
2025-04-25T15:41:18Z INFO     Train Epoch: 1 [7680/60000 (13%)]	loss=2.2421
2025-04-25T15:41:18Z INFO     Train Epoch: 1 [8960/60000 (15%)]	loss=2.2029
2025-04-25T15:41:18Z INFO     Train Epoch: 1 [10240/60000 (17%)]	loss=2.1878
2025-04-25T15:41:18Z INFO     Train Epoch: 1 [11520/60000 (19%)]	loss=2.1322
2025-04-25T15:41:18Z INFO     Train Epoch: 1 [12800/60000 (21%)]	loss=2.0496
2025-04-25T15:41:18Z INFO     Train Epoch: 1 [14080/60000 (23%)]	loss=1.9476
2025-04-25T15:41:18Z INFO     Train Epoch: 1 [15360/60000 (26%)]	loss=1.7655
2025-04-25T15:41:18Z INFO     Train Epoch: 1 [16640/60000 (28%)]	loss=1.5975
2025-04-25T15:41:18Z INFO     Train Epoch: 1 [17920/60000 (30%)]	loss=1.3734
2025-04-25T15:41:19Z INFO     Train Epoch: 1 [19200/60000 (32%)]	loss=1.3090
2025-04-25T15:41:19Z INFO     Train Epoch: 1 [20480/60000 (34%)]	loss=1.1864
2025-04-25T15:41:19Z INFO     Train Epoch: 1 [21760/60000 (36%)]	loss=1.0814
2025-04-25T15:41:19Z INFO     Train Epoch: 1 [23040/60000 (38%)]	loss=1.0572
2025-04-25T15:41:19Z INFO     Train Epoch: 1 [24320/60000 (41%)]	loss=1.0205
2025-04-25T15:41:19Z INFO     Train Epoch: 1 [25600/60000 (43%)]	loss=0.9028
2025-04-25T15:41:19Z INFO     Train Epoch: 1 [26880/60000 (45%)]	loss=1.0214
2025-04-25T15:41:19Z INFO     Train Epoch: 1 [28160/60000 (47%)]	loss=1.0544
2025-04-25T15:41:19Z INFO     Train Epoch: 1 [29440/60000 (49%)]	loss=0.9017
2025-04-25T15:41:20Z INFO     Train Epoch: 1 [30720/60000 (51%)]	loss=0.7917
2025-04-25T15:41:20Z INFO     Train Epoch: 1 [32000/60000 (53%)]	loss=1.1948
2025-04-25T15:41:20Z INFO     Train Epoch: 1 [33280/60000 (55%)]	loss=1.0276
2025-04-25T15:41:20Z INFO     Train Epoch: 1 [34560/60000 (58%)]	loss=0.9572
2025-04-25T15:41:20Z INFO     Train Epoch: 1 [35840/60000 (60%)]	loss=0.7876
2025-04-25T15:41:20Z INFO     Train Epoch: 1 [37120/60000 (62%)]	loss=0.9344
2025-04-25T15:41:20Z INFO     Train Epoch: 1 [38400/60000 (64%)]	loss=0.9510
2025-04-25T15:41:20Z INFO     Train Epoch: 1 [39680/60000 (66%)]	loss=0.8612
2025-04-25T15:41:20Z INFO     Train Epoch: 1 [40960/60000 (68%)]	loss=0.8074
2025-04-25T15:41:21Z INFO     Train Epoch: 1 [42240/60000 (70%)]	loss=0.8864
2025-04-25T15:41:21Z INFO     Train Epoch: 1 [43520/60000 (72%)]	loss=0.9448
2025-04-25T15:41:21Z INFO     Train Epoch: 1 [44800/60000 (75%)]	loss=0.9366
2025-04-25T15:41:21Z INFO     Train Epoch: 1 [46080/60000 (77%)]	loss=0.8237
2025-04-25T15:41:21Z INFO     Train Epoch: 1 [47360/60000 (79%)]	loss=0.7671
2025-04-25T15:41:21Z INFO     Train Epoch: 1 [48640/60000 (81%)]	loss=0.8697
2025-04-25T15:41:21Z INFO     Train Epoch: 1 [49920/60000 (83%)]	loss=0.8691
2025-04-25T15:41:21Z INFO     Train Epoch: 1 [51200/60000 (85%)]	loss=0.7838
2025-04-25T15:41:21Z INFO     Train Epoch: 1 [52480/60000 (87%)]	loss=0.6896
2025-04-25T15:41:22Z INFO     Train Epoch: 1 [53760/60000 (90%)]	loss=0.8074
2025-04-25T15:41:22Z INFO     Train Epoch: 1 [55040/60000 (92%)]	loss=0.8781
2025-04-25T15:41:22Z INFO     Train Epoch: 1 [56320/60000 (94%)]	loss=0.8598
2025-04-25T15:41:22Z INFO     Train Epoch: 1 [57600/60000 (96%)]	loss=0.9268
2025-04-25T15:41:22Z INFO     Train Epoch: 1 [58880/60000 (98%)]	loss=0.7705
2025-04-25T15:41:23Z INFO     {metricName: accuracy, metricValue: 0.6875};{metricName: loss, metricValue: 0.8285}

2025-04-25T15:41:23Z INFO     Train Epoch: 2 [0/60000 (0%)]	loss=0.7509
2025-04-25T15:41:23Z INFO     Train Epoch: 2 [1280/60000 (2%)]	loss=0.6783
2025-04-25T15:41:23Z INFO     Train Epoch: 2 [2560/60000 (4%)]	loss=0.7738
2025-04-25T15:41:23Z INFO     Train Epoch: 2 [3840/60000 (6%)]	loss=0.7719
2025-04-25T15:41:24Z INFO     Train Epoch: 2 [5120/60000 (9%)]	loss=0.7499
2025-04-25T15:41:24Z INFO     Train Epoch: 2 [6400/60000 (11%)]	loss=0.7415
2025-04-25T15:41:24Z INFO     Train Epoch: 2 [7680/60000 (13%)]	loss=0.7565
2025-04-25T15:41:24Z INFO     Train Epoch: 2 [8960/60000 (15%)]	loss=0.6585
2025-04-25T15:41:24Z INFO     Train Epoch: 2 [10240/60000 (17%)]	loss=0.7527
2025-04-25T15:41:24Z INFO     Train Epoch: 2 [11520/60000 (19%)]	loss=0.6044
2025-04-25T15:41:24Z INFO     Train Epoch: 2 [12800/60000 (21%)]	loss=0.7407
2025-04-25T15:41:24Z INFO     Train Epoch: 2 [14080/60000 (23%)]	loss=0.6991
2025-04-25T15:41:24Z INFO     Train Epoch: 2 [15360/60000 (26%)]	loss=0.7805
2025-04-25T15:41:25Z INFO     Train Epoch: 2 [16640/60000 (28%)]	loss=0.6450
2025-04-25T15:41:25Z INFO     Train Epoch: 2 [17920/60000 (30%)]	loss=0.7488
2025-04-25T15:41:25Z INFO     Train Epoch: 2 [19200/60000 (32%)]	loss=0.5675
2025-04-25T15:41:25Z INFO     Train Epoch: 2 [20480/60000 (34%)]	loss=0.7986
2025-04-25T15:41:25Z INFO     Train Epoch: 2 [21760/60000 (36%)]	loss=0.6861
2025-04-25T15:41:25Z INFO     Train Epoch: 2 [23040/60000 (38%)]	loss=0.6715
2025-04-25T15:41:25Z INFO     Train Epoch: 2 [24320/60000 (41%)]	loss=0.6476
2025-04-25T15:41:25Z INFO     Train Epoch: 2 [25600/60000 (43%)]	loss=0.6485
2025-04-25T15:41:25Z INFO     Train Epoch: 2 [26880/60000 (45%)]	loss=0.7603
2025-04-25T15:41:26Z INFO     Train Epoch: 2 [28160/60000 (47%)]	loss=0.5770
2025-04-25T15:41:26Z INFO     Train Epoch: 2 [29440/60000 (49%)]	loss=0.8773
2025-04-25T15:41:26Z INFO     Train Epoch: 2 [30720/60000 (51%)]	loss=0.6947
2025-04-25T15:41:26Z INFO     Train Epoch: 2 [32000/60000 (53%)]	loss=0.7678
2025-04-25T15:41:26Z INFO     Train Epoch: 2 [33280/60000 (55%)]	loss=0.6690
2025-04-25T15:41:26Z INFO     Train Epoch: 2 [34560/60000 (58%)]	loss=0.5755
2025-04-25T15:41:26Z INFO     Train Epoch: 2 [35840/60000 (60%)]	loss=0.5409
2025-04-25T15:41:26Z INFO     Train Epoch: 2 [37120/60000 (62%)]	loss=0.7470
2025-04-25T15:41:26Z INFO     Train Epoch: 2 [38400/60000 (64%)]	loss=0.6821
2025-04-25T15:41:27Z INFO     Train Epoch: 2 [39680/60000 (66%)]	loss=0.6233
2025-04-25T15:41:27Z INFO     Train Epoch: 2 [40960/60000 (68%)]	loss=0.7619
2025-04-25T15:41:27Z INFO     Train Epoch: 2 [42240/60000 (70%)]	loss=0.7597
2025-04-25T15:41:27Z INFO     Train Epoch: 2 [43520/60000 (72%)]	loss=0.5807
2025-04-25T15:41:27Z INFO     Train Epoch: 2 [44800/60000 (75%)]	loss=0.5787
2025-04-25T15:41:27Z INFO     Train Epoch: 2 [46080/60000 (77%)]	loss=0.6862
2025-04-25T15:41:27Z INFO     Train Epoch: 2 [47360/60000 (79%)]	loss=0.7646
2025-04-25T15:41:27Z INFO     Train Epoch: 2 [48640/60000 (81%)]	loss=0.5832
2025-04-25T15:41:27Z INFO     Train Epoch: 2 [49920/60000 (83%)]	loss=0.6985
2025-04-25T15:41:28Z INFO     Train Epoch: 2 [51200/60000 (85%)]	loss=0.8263
2025-04-25T15:41:28Z INFO     Train Epoch: 2 [52480/60000 (87%)]	loss=0.5804
2025-04-25T15:41:28Z INFO     Train Epoch: 2 [53760/60000 (90%)]	loss=0.5219
2025-04-25T15:41:28Z INFO     Train Epoch: 2 [55040/60000 (92%)]	loss=0.6878
2025-04-25T15:41:28Z INFO     Train Epoch: 2 [56320/60000 (94%)]	loss=0.7075
2025-04-25T15:41:28Z INFO     Train Epoch: 2 [57600/60000 (96%)]	loss=0.5099
2025-04-25T15:41:28Z INFO     Train Epoch: 2 [58880/60000 (98%)]	loss=0.5987
2025-04-25T15:41:29Z INFO     {metricName: accuracy, metricValue: 0.7607};{metricName: loss, metricValue: 0.6532}

2025-04-25T15:41:29Z INFO     Train Epoch: 3 [0/60000 (0%)]	loss=0.5432
2025-04-25T15:41:29Z INFO     Train Epoch: 3 [1280/60000 (2%)]	loss=0.6464
2025-04-25T15:41:29Z INFO     Train Epoch: 3 [2560/60000 (4%)]	loss=0.5536
2025-04-25T15:41:30Z INFO     Train Epoch: 3 [3840/60000 (6%)]	loss=0.5113
2025-04-25T15:41:30Z INFO     Train Epoch: 3 [5120/60000 (9%)]	loss=0.5641
2025-04-25T15:41:30Z INFO     Train Epoch: 3 [6400/60000 (11%)]	loss=0.6528
2025-04-25T15:41:30Z INFO     Train Epoch: 3 [7680/60000 (13%)]	loss=0.5268
2025-04-25T15:41:30Z INFO     Train Epoch: 3 [8960/60000 (15%)]	loss=0.6364
2025-04-25T15:41:30Z INFO     Train Epoch: 3 [10240/60000 (17%)]	loss=0.6503
2025-04-25T15:41:30Z INFO     Train Epoch: 3 [11520/60000 (19%)]	loss=0.4749
2025-04-25T15:41:30Z INFO     Train Epoch: 3 [12800/60000 (21%)]	loss=0.6909
2025-04-25T15:41:30Z INFO     Train Epoch: 3 [14080/60000 (23%)]	loss=0.6587
2025-04-25T15:41:31Z INFO     Train Epoch: 3 [15360/60000 (26%)]	loss=0.6991
2025-04-25T15:41:31Z INFO     Train Epoch: 3 [16640/60000 (28%)]	loss=0.5760
2025-04-25T15:41:31Z INFO     Train Epoch: 3 [17920/60000 (30%)]	loss=0.6516
2025-04-25T15:41:31Z INFO     Train Epoch: 3 [19200/60000 (32%)]	loss=0.6458
2025-04-25T15:41:31Z INFO     Train Epoch: 3 [20480/60000 (34%)]	loss=0.6248
2025-04-25T15:41:31Z INFO     Train Epoch: 3 [21760/60000 (36%)]	loss=0.4624
2025-04-25T15:41:31Z INFO     Train Epoch: 3 [23040/60000 (38%)]	loss=0.6993
2025-04-25T15:41:31Z INFO     Train Epoch: 3 [24320/60000 (41%)]	loss=0.6113
2025-04-25T15:41:31Z INFO     Train Epoch: 3 [25600/60000 (43%)]	loss=0.5658
2025-04-25T15:41:32Z INFO     Train Epoch: 3 [26880/60000 (45%)]	loss=0.5162
2025-04-25T15:41:32Z INFO     Train Epoch: 3 [28160/60000 (47%)]	loss=0.6826
2025-04-25T15:41:32Z INFO     Train Epoch: 3 [29440/60000 (49%)]	loss=0.6094
2025-04-25T15:41:32Z INFO     Train Epoch: 3 [30720/60000 (51%)]	loss=0.6060
2025-04-25T15:41:32Z INFO     Train Epoch: 3 [32000/60000 (53%)]	loss=0.6240
2025-04-25T15:41:32Z INFO     Train Epoch: 3 [33280/60000 (55%)]	loss=0.6741
2025-04-25T15:41:32Z INFO     Train Epoch: 3 [34560/60000 (58%)]	loss=0.5917
2025-04-25T15:41:32Z INFO     Train Epoch: 3 [35840/60000 (60%)]	loss=0.5691
2025-04-25T15:41:33Z INFO     Train Epoch: 3 [37120/60000 (62%)]	loss=0.5745
2025-04-25T15:41:33Z INFO     Train Epoch: 3 [38400/60000 (64%)]	loss=0.4597
2025-04-25T15:41:33Z INFO     Train Epoch: 3 [39680/60000 (66%)]	loss=0.5214
2025-04-25T15:41:33Z INFO     Train Epoch: 3 [40960/60000 (68%)]	loss=0.5737
2025-04-25T15:41:33Z INFO     Train Epoch: 3 [42240/60000 (70%)]	loss=0.5972
2025-04-25T15:41:33Z INFO     Train Epoch: 3 [43520/60000 (72%)]	loss=0.7329
2025-04-25T15:41:33Z INFO     Train Epoch: 3 [44800/60000 (75%)]	loss=0.5756
2025-04-25T15:41:33Z INFO     Train Epoch: 3 [46080/60000 (77%)]	loss=0.5907
2025-04-25T15:41:33Z INFO     Train Epoch: 3 [47360/60000 (79%)]	loss=0.5964
2025-04-25T15:41:34Z INFO     Train Epoch: 3 [48640/60000 (81%)]	loss=0.5154
2025-04-25T15:41:34Z INFO     Train Epoch: 3 [49920/60000 (83%)]	loss=0.6275
2025-04-25T15:41:34Z INFO     Train Epoch: 3 [51200/60000 (85%)]	loss=0.6652
2025-04-25T15:41:34Z INFO     Train Epoch: 3 [52480/60000 (87%)]	loss=0.6336
2025-04-25T15:41:34Z INFO     Train Epoch: 3 [53760/60000 (90%)]	loss=0.6297
2025-04-25T15:41:34Z INFO     Train Epoch: 3 [55040/60000 (92%)]	loss=0.6007
2025-04-25T15:41:34Z INFO     Train Epoch: 3 [56320/60000 (94%)]	loss=0.6397
2025-04-25T15:41:34Z INFO     Train Epoch: 3 [57600/60000 (96%)]	loss=0.5184
2025-04-25T15:41:34Z INFO     Train Epoch: 3 [58880/60000 (98%)]	loss=0.7661
2025-04-25T15:41:35Z INFO     {metricName: accuracy, metricValue: 0.7757};{metricName: loss, metricValue: 0.5947}

2025-04-25T15:41:35Z INFO     Train Epoch: 4 [0/60000 (0%)]	loss=0.6210
2025-04-25T15:41:36Z INFO     Train Epoch: 4 [1280/60000 (2%)]	loss=0.5149
2025-04-25T15:41:36Z INFO     Train Epoch: 4 [2560/60000 (4%)]	loss=0.4973
2025-04-25T15:41:36Z INFO     Train Epoch: 4 [3840/60000 (6%)]	loss=0.5816
2025-04-25T15:41:36Z INFO     Train Epoch: 4 [5120/60000 (9%)]	loss=0.5012
2025-04-25T15:41:36Z INFO     Train Epoch: 4 [6400/60000 (11%)]	loss=0.5466
2025-04-25T15:41:36Z INFO     Train Epoch: 4 [7680/60000 (13%)]	loss=0.6084
2025-04-25T15:41:36Z INFO     Train Epoch: 4 [8960/60000 (15%)]	loss=0.4807
2025-04-25T15:41:36Z INFO     Train Epoch: 4 [10240/60000 (17%)]	loss=0.6004
2025-04-25T15:41:36Z INFO     Train Epoch: 4 [11520/60000 (19%)]	loss=0.4613
2025-04-25T15:41:37Z INFO     Train Epoch: 4 [12800/60000 (21%)]	loss=0.5883
2025-04-25T15:41:37Z INFO     Train Epoch: 4 [14080/60000 (23%)]	loss=0.5855
2025-04-25T15:41:37Z INFO     Train Epoch: 4 [15360/60000 (26%)]	loss=0.6077
2025-04-25T15:41:37Z INFO     Train Epoch: 4 [16640/60000 (28%)]	loss=0.5973
2025-04-25T15:41:37Z INFO     Train Epoch: 4 [17920/60000 (30%)]	loss=0.5364
2025-04-25T15:41:37Z INFO     Train Epoch: 4 [19200/60000 (32%)]	loss=0.5681
2025-04-25T15:41:37Z INFO     Train Epoch: 4 [20480/60000 (34%)]	loss=0.4879
2025-04-25T15:41:37Z INFO     Train Epoch: 4 [21760/60000 (36%)]	loss=0.5478
2025-04-25T15:41:37Z INFO     Train Epoch: 4 [23040/60000 (38%)]	loss=0.6159
2025-04-25T15:41:38Z INFO     Train Epoch: 4 [24320/60000 (41%)]	loss=0.4894
2025-04-25T15:41:38Z INFO     Train Epoch: 4 [25600/60000 (43%)]	loss=0.5089
2025-04-25T15:41:38Z INFO     Train Epoch: 4 [26880/60000 (45%)]	loss=0.6007
2025-04-25T15:41:38Z INFO     Train Epoch: 4 [28160/60000 (47%)]	loss=0.4012
2025-04-25T15:41:38Z INFO     Train Epoch: 4 [29440/60000 (49%)]	loss=0.4871
2025-04-25T15:41:38Z INFO     Train Epoch: 4 [30720/60000 (51%)]	loss=0.5142
2025-04-25T15:41:38Z INFO     Train Epoch: 4 [32000/60000 (53%)]	loss=0.4838
2025-04-25T15:41:38Z INFO     Train Epoch: 4 [33280/60000 (55%)]	loss=0.5310
2025-04-25T15:41:38Z INFO     Train Epoch: 4 [34560/60000 (58%)]	loss=0.5401
2025-04-25T15:41:39Z INFO     Train Epoch: 4 [35840/60000 (60%)]	loss=0.4958
2025-04-25T15:41:39Z INFO     Train Epoch: 4 [37120/60000 (62%)]	loss=0.4529
2025-04-25T15:41:39Z INFO     Train Epoch: 4 [38400/60000 (64%)]	loss=0.5648
2025-04-25T15:41:39Z INFO     Train Epoch: 4 [39680/60000 (66%)]	loss=0.4892
2025-04-25T15:41:39Z INFO     Train Epoch: 4 [40960/60000 (68%)]	loss=0.5168
2025-04-25T15:41:39Z INFO     Train Epoch: 4 [42240/60000 (70%)]	loss=0.6524
2025-04-25T15:41:39Z INFO     Train Epoch: 4 [43520/60000 (72%)]	loss=0.5734
2025-04-25T15:41:39Z INFO     Train Epoch: 4 [44800/60000 (75%)]	loss=0.6371
2025-04-25T15:41:39Z INFO     Train Epoch: 4 [46080/60000 (77%)]	loss=0.5454
2025-04-25T15:41:40Z INFO     Train Epoch: 4 [47360/60000 (79%)]	loss=0.4499
2025-04-25T15:41:40Z INFO     Train Epoch: 4 [48640/60000 (81%)]	loss=0.4365
2025-04-25T15:41:40Z INFO     Train Epoch: 4 [49920/60000 (83%)]	loss=0.5644
2025-04-25T15:41:40Z INFO     Train Epoch: 4 [51200/60000 (85%)]	loss=0.5477
2025-04-25T15:41:40Z INFO     Train Epoch: 4 [52480/60000 (87%)]	loss=0.4776
2025-04-25T15:41:40Z INFO     Train Epoch: 4 [53760/60000 (90%)]	loss=0.4842
2025-04-25T15:41:40Z INFO     Train Epoch: 4 [55040/60000 (92%)]	loss=0.5649
2025-04-25T15:41:40Z INFO     Train Epoch: 4 [56320/60000 (94%)]	loss=0.4393
2025-04-25T15:41:41Z INFO     Train Epoch: 4 [57600/60000 (96%)]	loss=0.3734
2025-04-25T15:41:41Z INFO     Train Epoch: 4 [58880/60000 (98%)]	loss=0.4244
2025-04-25T15:41:42Z INFO     {metricName: accuracy, metricValue: 0.8073};{metricName: loss, metricValue: 0.5305}


real	0m31.143s
user	1m1.239s
sys	0m15.828s
