Using CUDA
Using distributed PyTorch with nccl backend
2025-04-25T15:43:25Z INFO     Added key: store_based_barrier_key:1 to store for rank: 0
2025-04-25T15:43:25Z INFO     Rank 0: Completed store-based barrier for key:store_based_barrier_key:1 with 2 nodes.
pytorch-mnist-master-0:8:8 [0] NCCL INFO Bootstrap : Using eth0:10.224.0.65<0>
pytorch-mnist-master-0:8:8 [0] NCCL INFO NET/Plugin : No plugin found (libnccl-net.so), using internal implementation
pytorch-mnist-master-0:8:8 [0] NCCL INFO NET/IB : Using [0]mlx5_0:1/IB ; OOB eth0:10.224.0.65<0>
pytorch-mnist-master-0:8:8 [0] NCCL INFO Using network IB
NCCL version 2.10.3+cuda10.2
pytorch-mnist-master-0:8:94 [0] NCCL INFO NET/IB : GPU Direct RDMA Disabled for HCA 0 'mlx5_0' (no module)
pytorch-mnist-master-0:8:94 [0] NCCL INFO NET/IB : GPU Direct RDMA Disabled for HCA 0 'mlx5_0' (no module)
pytorch-mnist-master-0:8:94 [0] NCCL INFO Channel 00/02 :    0   1
pytorch-mnist-master-0:8:94 [0] NCCL INFO Channel 01/02 :    0   1
pytorch-mnist-master-0:8:94 [0] NCCL INFO Trees [0] 1/-1/-1->0->-1 [1] -1/-1/-1->0->1
pytorch-mnist-master-0:8:94 [0] NCCL INFO Setting affinity for GPU 0 to 0fffff
pytorch-mnist-master-0:8:94 [0] NCCL INFO Channel 00 : 1[100000] -> 0[100000] [receive] via NET/IB/0
pytorch-mnist-master-0:8:94 [0] NCCL INFO Channel 01 : 1[100000] -> 0[100000] [receive] via NET/IB/0
pytorch-mnist-master-0:8:94 [0] NCCL INFO Channel 00 : 0[100000] -> 1[100000] [send] via NET/IB/0
pytorch-mnist-master-0:8:94 [0] NCCL INFO Channel 01 : 0[100000] -> 1[100000] [send] via NET/IB/0
pytorch-mnist-master-0:8:94 [0] NCCL INFO NET/IB: Dev 0 Port 1 qpn 335 mtu 5 LID 157
pytorch-mnist-master-0:8:94 [0] NCCL INFO NET/IB: Dev 0 Port 1 qpn 303 mtu 5 LID 157
pytorch-mnist-master-0:8:94 [0] NCCL INFO Connected all rings
pytorch-mnist-master-0:8:94 [0] NCCL INFO Connected all trees
pytorch-mnist-master-0:8:94 [0] NCCL INFO threadThresholds 8/8/64 | 16/8/64 | 8/8/512
pytorch-mnist-master-0:8:94 [0] NCCL INFO 2 coll channels, 2 p2p channels, 1 p2p channels per peer
pytorch-mnist-master-0:8:94 [0] NCCL INFO comm 0x7f7d040012d0 rank 0 nranks 2 cudaDev 0 busId 100000 - Init COMPLETE
pytorch-mnist-master-0:8:8 [0] NCCL INFO Launch mode Parallel
2025-04-25T15:43:28Z INFO     Train Epoch: 1 [0/60000 (0%)]	loss=2.3015
2025-04-25T15:43:28Z INFO     Reducer buckets have been rebuilt in this iteration.
2025-04-25T15:43:28Z INFO     Train Epoch: 1 [1280/60000 (2%)]	loss=2.2863
2025-04-25T15:43:29Z INFO     Train Epoch: 1 [2560/60000 (4%)]	loss=2.2854
2025-04-25T15:43:29Z INFO     Train Epoch: 1 [3840/60000 (6%)]	loss=2.2727
2025-04-25T15:43:29Z INFO     Train Epoch: 1 [5120/60000 (9%)]	loss=2.2693
2025-04-25T15:43:29Z INFO     Train Epoch: 1 [6400/60000 (11%)]	loss=2.2500
2025-04-25T15:43:29Z INFO     Train Epoch: 1 [7680/60000 (13%)]	loss=2.2420
2025-04-25T15:43:29Z INFO     Train Epoch: 1 [8960/60000 (15%)]	loss=2.2029
2025-04-25T15:43:29Z INFO     Train Epoch: 1 [10240/60000 (17%)]	loss=2.1878
2025-04-25T15:43:29Z INFO     Train Epoch: 1 [11520/60000 (19%)]	loss=2.1322
2025-04-25T15:43:29Z INFO     Train Epoch: 1 [12800/60000 (21%)]	loss=2.0497
2025-04-25T15:43:30Z INFO     Train Epoch: 1 [14080/60000 (23%)]	loss=1.9478
2025-04-25T15:43:30Z INFO     Train Epoch: 1 [15360/60000 (26%)]	loss=1.7656
2025-04-25T15:43:30Z INFO     Train Epoch: 1 [16640/60000 (28%)]	loss=1.5976
2025-04-25T15:43:30Z INFO     Train Epoch: 1 [17920/60000 (30%)]	loss=1.3737
2025-04-25T15:43:30Z INFO     Train Epoch: 1 [19200/60000 (32%)]	loss=1.3095
2025-04-25T15:43:30Z INFO     Train Epoch: 1 [20480/60000 (34%)]	loss=1.1877
2025-04-25T15:43:30Z INFO     Train Epoch: 1 [21760/60000 (36%)]	loss=1.0813
2025-04-25T15:43:30Z INFO     Train Epoch: 1 [23040/60000 (38%)]	loss=1.0565
2025-04-25T15:43:30Z INFO     Train Epoch: 1 [24320/60000 (41%)]	loss=1.0200
2025-04-25T15:43:31Z INFO     Train Epoch: 1 [25600/60000 (43%)]	loss=0.9027
2025-04-25T15:43:31Z INFO     Train Epoch: 1 [26880/60000 (45%)]	loss=1.0213
2025-04-25T15:43:31Z INFO     Train Epoch: 1 [28160/60000 (47%)]	loss=1.0545
2025-04-25T15:43:31Z INFO     Train Epoch: 1 [29440/60000 (49%)]	loss=0.9019
2025-04-25T15:43:31Z INFO     Train Epoch: 1 [30720/60000 (51%)]	loss=0.7917
2025-04-25T15:43:31Z INFO     Train Epoch: 1 [32000/60000 (53%)]	loss=1.1956
2025-04-25T15:43:31Z INFO     Train Epoch: 1 [33280/60000 (55%)]	loss=1.0267
2025-04-25T15:43:31Z INFO     Train Epoch: 1 [34560/60000 (58%)]	loss=0.9568
2025-04-25T15:43:31Z INFO     Train Epoch: 1 [35840/60000 (60%)]	loss=0.7880
2025-04-25T15:43:32Z INFO     Train Epoch: 1 [37120/60000 (62%)]	loss=0.9342
2025-04-25T15:43:32Z INFO     Train Epoch: 1 [38400/60000 (64%)]	loss=0.9523
2025-04-25T15:43:32Z INFO     Train Epoch: 1 [39680/60000 (66%)]	loss=0.8625
2025-04-25T15:43:32Z INFO     Train Epoch: 1 [40960/60000 (68%)]	loss=0.8087
2025-04-25T15:43:32Z INFO     Train Epoch: 1 [42240/60000 (70%)]	loss=0.8877
2025-04-25T15:43:32Z INFO     Train Epoch: 1 [43520/60000 (72%)]	loss=0.9426
2025-04-25T15:43:32Z INFO     Train Epoch: 1 [44800/60000 (75%)]	loss=0.9363
2025-04-25T15:43:32Z INFO     Train Epoch: 1 [46080/60000 (77%)]	loss=0.8256
2025-04-25T15:43:32Z INFO     Train Epoch: 1 [47360/60000 (79%)]	loss=0.7690
2025-04-25T15:43:33Z INFO     Train Epoch: 1 [48640/60000 (81%)]	loss=0.8691
2025-04-25T15:43:33Z INFO     Train Epoch: 1 [49920/60000 (83%)]	loss=0.8688
2025-04-25T15:43:33Z INFO     Train Epoch: 1 [51200/60000 (85%)]	loss=0.7845
2025-04-25T15:43:33Z INFO     Train Epoch: 1 [52480/60000 (87%)]	loss=0.6903
2025-04-25T15:43:33Z INFO     Train Epoch: 1 [53760/60000 (90%)]	loss=0.8082
2025-04-25T15:43:33Z INFO     Train Epoch: 1 [55040/60000 (92%)]	loss=0.8787
2025-04-25T15:43:33Z INFO     Train Epoch: 1 [56320/60000 (94%)]	loss=0.8620
2025-04-25T15:43:33Z INFO     Train Epoch: 1 [57600/60000 (96%)]	loss=0.9272
2025-04-25T15:43:33Z INFO     Train Epoch: 1 [58880/60000 (98%)]	loss=0.7721
2025-04-25T15:43:34Z INFO     {metricName: accuracy, metricValue: 0.6871};{metricName: loss, metricValue: 0.8292}

2025-04-25T15:43:34Z INFO     Train Epoch: 2 [0/60000 (0%)]	loss=0.7519
2025-04-25T15:43:35Z INFO     Train Epoch: 2 [1280/60000 (2%)]	loss=0.6790
2025-04-25T15:43:35Z INFO     Train Epoch: 2 [2560/60000 (4%)]	loss=0.7739
2025-04-25T15:43:35Z INFO     Train Epoch: 2 [3840/60000 (6%)]	loss=0.7713
2025-04-25T15:43:35Z INFO     Train Epoch: 2 [5120/60000 (9%)]	loss=0.7501
2025-04-25T15:43:35Z INFO     Train Epoch: 2 [6400/60000 (11%)]	loss=0.7416
2025-04-25T15:43:35Z INFO     Train Epoch: 2 [7680/60000 (13%)]	loss=0.7575
2025-04-25T15:43:35Z INFO     Train Epoch: 2 [8960/60000 (15%)]	loss=0.6594
2025-04-25T15:43:35Z INFO     Train Epoch: 2 [10240/60000 (17%)]	loss=0.7516
2025-04-25T15:43:35Z INFO     Train Epoch: 2 [11520/60000 (19%)]	loss=0.6039
2025-04-25T15:43:36Z INFO     Train Epoch: 2 [12800/60000 (21%)]	loss=0.7404
2025-04-25T15:43:36Z INFO     Train Epoch: 2 [14080/60000 (23%)]	loss=0.6994
2025-04-25T15:43:36Z INFO     Train Epoch: 2 [15360/60000 (26%)]	loss=0.7806
2025-04-25T15:43:36Z INFO     Train Epoch: 2 [16640/60000 (28%)]	loss=0.6453
2025-04-25T15:43:36Z INFO     Train Epoch: 2 [17920/60000 (30%)]	loss=0.7488
2025-04-25T15:43:36Z INFO     Train Epoch: 2 [19200/60000 (32%)]	loss=0.5671
2025-04-25T15:43:36Z INFO     Train Epoch: 2 [20480/60000 (34%)]	loss=0.7972
2025-04-25T15:43:36Z INFO     Train Epoch: 2 [21760/60000 (36%)]	loss=0.6858
2025-04-25T15:43:37Z INFO     Train Epoch: 2 [23040/60000 (38%)]	loss=0.6720
2025-04-25T15:43:37Z INFO     Train Epoch: 2 [24320/60000 (41%)]	loss=0.6474
2025-04-25T15:43:37Z INFO     Train Epoch: 2 [25600/60000 (43%)]	loss=0.6493
2025-04-25T15:43:37Z INFO     Train Epoch: 2 [26880/60000 (45%)]	loss=0.7629
2025-04-25T15:43:37Z INFO     Train Epoch: 2 [28160/60000 (47%)]	loss=0.5769
2025-04-25T15:43:37Z INFO     Train Epoch: 2 [29440/60000 (49%)]	loss=0.8764
2025-04-25T15:43:37Z INFO     Train Epoch: 2 [30720/60000 (51%)]	loss=0.6947
2025-04-25T15:43:37Z INFO     Train Epoch: 2 [32000/60000 (53%)]	loss=0.7689
2025-04-25T15:43:37Z INFO     Train Epoch: 2 [33280/60000 (55%)]	loss=0.6707
2025-04-25T15:43:38Z INFO     Train Epoch: 2 [34560/60000 (58%)]	loss=0.5767
2025-04-25T15:43:38Z INFO     Train Epoch: 2 [35840/60000 (60%)]	loss=0.5406
2025-04-25T15:43:38Z INFO     Train Epoch: 2 [37120/60000 (62%)]	loss=0.7455
2025-04-25T15:43:38Z INFO     Train Epoch: 2 [38400/60000 (64%)]	loss=0.6836
2025-04-25T15:43:38Z INFO     Train Epoch: 2 [39680/60000 (66%)]	loss=0.6242
2025-04-25T15:43:38Z INFO     Train Epoch: 2 [40960/60000 (68%)]	loss=0.7626
2025-04-25T15:43:38Z INFO     Train Epoch: 2 [42240/60000 (70%)]	loss=0.7597
2025-04-25T15:43:38Z INFO     Train Epoch: 2 [43520/60000 (72%)]	loss=0.5810
2025-04-25T15:43:38Z INFO     Train Epoch: 2 [44800/60000 (75%)]	loss=0.5782
2025-04-25T15:43:39Z INFO     Train Epoch: 2 [46080/60000 (77%)]	loss=0.6874
2025-04-25T15:43:39Z INFO     Train Epoch: 2 [47360/60000 (79%)]	loss=0.7637
2025-04-25T15:43:39Z INFO     Train Epoch: 2 [48640/60000 (81%)]	loss=0.5825
2025-04-25T15:43:39Z INFO     Train Epoch: 2 [49920/60000 (83%)]	loss=0.6986
2025-04-25T15:43:39Z INFO     Train Epoch: 2 [51200/60000 (85%)]	loss=0.8268
2025-04-25T15:43:39Z INFO     Train Epoch: 2 [52480/60000 (87%)]	loss=0.5810
2025-04-25T15:43:39Z INFO     Train Epoch: 2 [53760/60000 (90%)]	loss=0.5222
2025-04-25T15:43:39Z INFO     Train Epoch: 2 [55040/60000 (92%)]	loss=0.6876
2025-04-25T15:43:39Z INFO     Train Epoch: 2 [56320/60000 (94%)]	loss=0.7066
2025-04-25T15:43:40Z INFO     Train Epoch: 2 [57600/60000 (96%)]	loss=0.5101
2025-04-25T15:43:40Z INFO     Train Epoch: 2 [58880/60000 (98%)]	loss=0.5988
2025-04-25T15:43:41Z INFO     {metricName: accuracy, metricValue: 0.7613};{metricName: loss, metricValue: 0.6527}

2025-04-25T15:43:41Z INFO     Train Epoch: 3 [0/60000 (0%)]	loss=0.5432
2025-04-25T15:43:41Z INFO     Train Epoch: 3 [1280/60000 (2%)]	loss=0.6455
2025-04-25T15:43:41Z INFO     Train Epoch: 3 [2560/60000 (4%)]	loss=0.5531
2025-04-25T15:43:41Z INFO     Train Epoch: 3 [3840/60000 (6%)]	loss=0.5118
2025-04-25T15:43:41Z INFO     Train Epoch: 3 [5120/60000 (9%)]	loss=0.5639
2025-04-25T15:43:41Z INFO     Train Epoch: 3 [6400/60000 (11%)]	loss=0.6532
2025-04-25T15:43:41Z INFO     Train Epoch: 3 [7680/60000 (13%)]	loss=0.5261
2025-04-25T15:43:41Z INFO     Train Epoch: 3 [8960/60000 (15%)]	loss=0.6358
2025-04-25T15:43:42Z INFO     Train Epoch: 3 [10240/60000 (17%)]	loss=0.6502
2025-04-25T15:43:42Z INFO     Train Epoch: 3 [11520/60000 (19%)]	loss=0.4754
2025-04-25T15:43:42Z INFO     Train Epoch: 3 [12800/60000 (21%)]	loss=0.6899
2025-04-25T15:43:42Z INFO     Train Epoch: 3 [14080/60000 (23%)]	loss=0.6609
2025-04-25T15:43:42Z INFO     Train Epoch: 3 [15360/60000 (26%)]	loss=0.6998
2025-04-25T15:43:42Z INFO     Train Epoch: 3 [16640/60000 (28%)]	loss=0.5776
2025-04-25T15:43:42Z INFO     Train Epoch: 3 [17920/60000 (30%)]	loss=0.6529
2025-04-25T15:43:42Z INFO     Train Epoch: 3 [19200/60000 (32%)]	loss=0.6450
2025-04-25T15:43:42Z INFO     Train Epoch: 3 [20480/60000 (34%)]	loss=0.6264
2025-04-25T15:43:43Z INFO     Train Epoch: 3 [21760/60000 (36%)]	loss=0.4610
2025-04-25T15:43:43Z INFO     Train Epoch: 3 [23040/60000 (38%)]	loss=0.6995
2025-04-25T15:43:43Z INFO     Train Epoch: 3 [24320/60000 (41%)]	loss=0.6103
2025-04-25T15:43:43Z INFO     Train Epoch: 3 [25600/60000 (43%)]	loss=0.5663
2025-04-25T15:43:43Z INFO     Train Epoch: 3 [26880/60000 (45%)]	loss=0.5175
2025-04-25T15:43:43Z INFO     Train Epoch: 3 [28160/60000 (47%)]	loss=0.6810
2025-04-25T15:43:43Z INFO     Train Epoch: 3 [29440/60000 (49%)]	loss=0.6099
2025-04-25T15:43:43Z INFO     Train Epoch: 3 [30720/60000 (51%)]	loss=0.6065
2025-04-25T15:43:43Z INFO     Train Epoch: 3 [32000/60000 (53%)]	loss=0.6258
2025-04-25T15:43:44Z INFO     Train Epoch: 3 [33280/60000 (55%)]	loss=0.6734
2025-04-25T15:43:44Z INFO     Train Epoch: 3 [34560/60000 (58%)]	loss=0.5916
2025-04-25T15:43:44Z INFO     Train Epoch: 3 [35840/60000 (60%)]	loss=0.5712
2025-04-25T15:43:44Z INFO     Train Epoch: 3 [37120/60000 (62%)]	loss=0.5750
2025-04-25T15:43:44Z INFO     Train Epoch: 3 [38400/60000 (64%)]	loss=0.4602
2025-04-25T15:43:44Z INFO     Train Epoch: 3 [39680/60000 (66%)]	loss=0.5221
2025-04-25T15:43:44Z INFO     Train Epoch: 3 [40960/60000 (68%)]	loss=0.5719
2025-04-25T15:43:44Z INFO     Train Epoch: 3 [42240/60000 (70%)]	loss=0.5981
2025-04-25T15:43:45Z INFO     Train Epoch: 3 [43520/60000 (72%)]	loss=0.7332
2025-04-25T15:43:45Z INFO     Train Epoch: 3 [44800/60000 (75%)]	loss=0.5753
2025-04-25T15:43:45Z INFO     Train Epoch: 3 [46080/60000 (77%)]	loss=0.5888
2025-04-25T15:43:45Z INFO     Train Epoch: 3 [47360/60000 (79%)]	loss=0.5965
2025-04-25T15:43:45Z INFO     Train Epoch: 3 [48640/60000 (81%)]	loss=0.5159
2025-04-25T15:43:45Z INFO     Train Epoch: 3 [49920/60000 (83%)]	loss=0.6266
2025-04-25T15:43:45Z INFO     Train Epoch: 3 [51200/60000 (85%)]	loss=0.6637
2025-04-25T15:43:45Z INFO     Train Epoch: 3 [52480/60000 (87%)]	loss=0.6347
2025-04-25T15:43:45Z INFO     Train Epoch: 3 [53760/60000 (90%)]	loss=0.6296
2025-04-25T15:43:46Z INFO     Train Epoch: 3 [55040/60000 (92%)]	loss=0.6003
2025-04-25T15:43:46Z INFO     Train Epoch: 3 [56320/60000 (94%)]	loss=0.6395
2025-04-25T15:43:46Z INFO     Train Epoch: 3 [57600/60000 (96%)]	loss=0.5178
2025-04-25T15:43:46Z INFO     Train Epoch: 3 [58880/60000 (98%)]	loss=0.7663
2025-04-25T15:43:47Z INFO     {metricName: accuracy, metricValue: 0.7763};{metricName: loss, metricValue: 0.5949}

2025-04-25T15:43:47Z INFO     Train Epoch: 4 [0/60000 (0%)]	loss=0.6211
2025-04-25T15:43:47Z INFO     Train Epoch: 4 [1280/60000 (2%)]	loss=0.5149
2025-04-25T15:43:47Z INFO     Train Epoch: 4 [2560/60000 (4%)]	loss=0.4982
2025-04-25T15:43:47Z INFO     Train Epoch: 4 [3840/60000 (6%)]	loss=0.5841
2025-04-25T15:43:47Z INFO     Train Epoch: 4 [5120/60000 (9%)]	loss=0.5011
2025-04-25T15:43:47Z INFO     Train Epoch: 4 [6400/60000 (11%)]	loss=0.5492
2025-04-25T15:43:48Z INFO     Train Epoch: 4 [7680/60000 (13%)]	loss=0.6095
2025-04-25T15:43:48Z INFO     Train Epoch: 4 [8960/60000 (15%)]	loss=0.4786
2025-04-25T15:43:48Z INFO     Train Epoch: 4 [10240/60000 (17%)]	loss=0.6005
2025-04-25T15:43:48Z INFO     Train Epoch: 4 [11520/60000 (19%)]	loss=0.4619
2025-04-25T15:43:48Z INFO     Train Epoch: 4 [12800/60000 (21%)]	loss=0.5897
2025-04-25T15:43:48Z INFO     Train Epoch: 4 [14080/60000 (23%)]	loss=0.5859
2025-04-25T15:43:48Z INFO     Train Epoch: 4 [15360/60000 (26%)]	loss=0.6083
2025-04-25T15:43:48Z INFO     Train Epoch: 4 [16640/60000 (28%)]	loss=0.5987
2025-04-25T15:43:48Z INFO     Train Epoch: 4 [17920/60000 (30%)]	loss=0.5377
2025-04-25T15:43:49Z INFO     Train Epoch: 4 [19200/60000 (32%)]	loss=0.5687
2025-04-25T15:43:49Z INFO     Train Epoch: 4 [20480/60000 (34%)]	loss=0.4879
2025-04-25T15:43:49Z INFO     Train Epoch: 4 [21760/60000 (36%)]	loss=0.5473
2025-04-25T15:43:49Z INFO     Train Epoch: 4 [23040/60000 (38%)]	loss=0.6176
2025-04-25T15:43:49Z INFO     Train Epoch: 4 [24320/60000 (41%)]	loss=0.4889
2025-04-25T15:43:49Z INFO     Train Epoch: 4 [25600/60000 (43%)]	loss=0.5102
2025-04-25T15:43:49Z INFO     Train Epoch: 4 [26880/60000 (45%)]	loss=0.6025
2025-04-25T15:43:49Z INFO     Train Epoch: 4 [28160/60000 (47%)]	loss=0.4016
2025-04-25T15:43:49Z INFO     Train Epoch: 4 [29440/60000 (49%)]	loss=0.4860
2025-04-25T15:43:50Z INFO     Train Epoch: 4 [30720/60000 (51%)]	loss=0.5155
2025-04-25T15:43:50Z INFO     Train Epoch: 4 [32000/60000 (53%)]	loss=0.4837
2025-04-25T15:43:50Z INFO     Train Epoch: 4 [33280/60000 (55%)]	loss=0.5325
2025-04-25T15:43:50Z INFO     Train Epoch: 4 [34560/60000 (58%)]	loss=0.5391
2025-04-25T15:43:50Z INFO     Train Epoch: 4 [35840/60000 (60%)]	loss=0.4976
2025-04-25T15:43:50Z INFO     Train Epoch: 4 [37120/60000 (62%)]	loss=0.4537
2025-04-25T15:43:50Z INFO     Train Epoch: 4 [38400/60000 (64%)]	loss=0.5648
2025-04-25T15:43:50Z INFO     Train Epoch: 4 [39680/60000 (66%)]	loss=0.4883
2025-04-25T15:43:50Z INFO     Train Epoch: 4 [40960/60000 (68%)]	loss=0.5191
2025-04-25T15:43:51Z INFO     Train Epoch: 4 [42240/60000 (70%)]	loss=0.6541
2025-04-25T15:43:51Z INFO     Train Epoch: 4 [43520/60000 (72%)]	loss=0.5727
2025-04-25T15:43:51Z INFO     Train Epoch: 4 [44800/60000 (75%)]	loss=0.6388
2025-04-25T15:43:51Z INFO     Train Epoch: 4 [46080/60000 (77%)]	loss=0.5443
2025-04-25T15:43:51Z INFO     Train Epoch: 4 [47360/60000 (79%)]	loss=0.4493
2025-04-25T15:43:51Z INFO     Train Epoch: 4 [48640/60000 (81%)]	loss=0.4378
2025-04-25T15:43:51Z INFO     Train Epoch: 4 [49920/60000 (83%)]	loss=0.5666
2025-04-25T15:43:51Z INFO     Train Epoch: 4 [51200/60000 (85%)]	loss=0.5489
2025-04-25T15:43:51Z INFO     Train Epoch: 4 [52480/60000 (87%)]	loss=0.4787
2025-04-25T15:43:52Z INFO     Train Epoch: 4 [53760/60000 (90%)]	loss=0.4867
2025-04-25T15:43:52Z INFO     Train Epoch: 4 [55040/60000 (92%)]	loss=0.5655
2025-04-25T15:43:52Z INFO     Train Epoch: 4 [56320/60000 (94%)]	loss=0.4389
2025-04-25T15:43:52Z INFO     Train Epoch: 4 [57600/60000 (96%)]	loss=0.3731
2025-04-25T15:43:52Z INFO     Train Epoch: 4 [58880/60000 (98%)]	loss=0.4250
2025-04-25T15:43:53Z INFO     {metricName: accuracy, metricValue: 0.8068};{metricName: loss, metricValue: 0.5318}


real	0m31.076s
user	1m1.238s
sys	0m15.065s
