Using CUDA
2025-04-19T16:19:59Z INFO     Train Epoch: 1 [0/60000 (0%)]	loss=2.3015
2025-04-19T16:19:59Z INFO     Train Epoch: 1 [1280/60000 (2%)]	loss=2.2863
2025-04-19T16:19:59Z INFO     Train Epoch: 1 [2560/60000 (4%)]	loss=2.2854
2025-04-19T16:19:59Z INFO     Train Epoch: 1 [3840/60000 (6%)]	loss=2.2727
2025-04-19T16:19:59Z INFO     Train Epoch: 1 [5120/60000 (9%)]	loss=2.2693
2025-04-19T16:20:00Z INFO     Train Epoch: 1 [6400/60000 (11%)]	loss=2.2499
2025-04-19T16:20:00Z INFO     Train Epoch: 1 [7680/60000 (13%)]	loss=2.2420
2025-04-19T16:20:00Z INFO     Train Epoch: 1 [8960/60000 (15%)]	loss=2.2028
2025-04-19T16:20:00Z INFO     Train Epoch: 1 [10240/60000 (17%)]	loss=2.1878
2025-04-19T16:20:00Z INFO     Train Epoch: 1 [11520/60000 (19%)]	loss=2.1321
2025-04-19T16:20:00Z INFO     Train Epoch: 1 [12800/60000 (21%)]	loss=2.0496
2025-04-19T16:20:00Z INFO     Train Epoch: 1 [14080/60000 (23%)]	loss=1.9476
2025-04-19T16:20:00Z INFO     Train Epoch: 1 [15360/60000 (26%)]	loss=1.7654
2025-04-19T16:20:00Z INFO     Train Epoch: 1 [16640/60000 (28%)]	loss=1.5975
2025-04-19T16:20:01Z INFO     Train Epoch: 1 [17920/60000 (30%)]	loss=1.3735
2025-04-19T16:20:01Z INFO     Train Epoch: 1 [19200/60000 (32%)]	loss=1.3093
2025-04-19T16:20:01Z INFO     Train Epoch: 1 [20480/60000 (34%)]	loss=1.1873
2025-04-19T16:20:01Z INFO     Train Epoch: 1 [21760/60000 (36%)]	loss=1.0809
2025-04-19T16:20:01Z INFO     Train Epoch: 1 [23040/60000 (38%)]	loss=1.0568
2025-04-19T16:20:01Z INFO     Train Epoch: 1 [24320/60000 (41%)]	loss=1.0204
2025-04-19T16:20:01Z INFO     Train Epoch: 1 [25600/60000 (43%)]	loss=0.9026
2025-04-19T16:20:01Z INFO     Train Epoch: 1 [26880/60000 (45%)]	loss=1.0213
2025-04-19T16:20:01Z INFO     Train Epoch: 1 [28160/60000 (47%)]	loss=1.0540
2025-04-19T16:20:02Z INFO     Train Epoch: 1 [29440/60000 (49%)]	loss=0.9007
2025-04-19T16:20:02Z INFO     Train Epoch: 1 [30720/60000 (51%)]	loss=0.7917
2025-04-19T16:20:02Z INFO     Train Epoch: 1 [32000/60000 (53%)]	loss=1.1954
2025-04-19T16:20:02Z INFO     Train Epoch: 1 [33280/60000 (55%)]	loss=1.0270
2025-04-19T16:20:02Z INFO     Train Epoch: 1 [34560/60000 (58%)]	loss=0.9590
2025-04-19T16:20:02Z INFO     Train Epoch: 1 [35840/60000 (60%)]	loss=0.7885
2025-04-19T16:20:02Z INFO     Train Epoch: 1 [37120/60000 (62%)]	loss=0.9342
2025-04-19T16:20:02Z INFO     Train Epoch: 1 [38400/60000 (64%)]	loss=0.9511
2025-04-19T16:20:02Z INFO     Train Epoch: 1 [39680/60000 (66%)]	loss=0.8614
2025-04-19T16:20:03Z INFO     Train Epoch: 1 [40960/60000 (68%)]	loss=0.8084
2025-04-19T16:20:03Z INFO     Train Epoch: 1 [42240/60000 (70%)]	loss=0.8877
2025-04-19T16:20:03Z INFO     Train Epoch: 1 [43520/60000 (72%)]	loss=0.9451
2025-04-19T16:20:03Z INFO     Train Epoch: 1 [44800/60000 (75%)]	loss=0.9369
2025-04-19T16:20:03Z INFO     Train Epoch: 1 [46080/60000 (77%)]	loss=0.8246
2025-04-19T16:20:03Z INFO     Train Epoch: 1 [47360/60000 (79%)]	loss=0.7686
2025-04-19T16:20:03Z INFO     Train Epoch: 1 [48640/60000 (81%)]	loss=0.8705
2025-04-19T16:20:03Z INFO     Train Epoch: 1 [49920/60000 (83%)]	loss=0.8694
2025-04-19T16:20:04Z INFO     Train Epoch: 1 [51200/60000 (85%)]	loss=0.7836
2025-04-19T16:20:04Z INFO     Train Epoch: 1 [52480/60000 (87%)]	loss=0.6896
2025-04-19T16:20:04Z INFO     Train Epoch: 1 [53760/60000 (90%)]	loss=0.8088
2025-04-19T16:20:04Z INFO     Train Epoch: 1 [55040/60000 (92%)]	loss=0.8803
2025-04-19T16:20:04Z INFO     Train Epoch: 1 [56320/60000 (94%)]	loss=0.8592
2025-04-19T16:20:04Z INFO     Train Epoch: 1 [57600/60000 (96%)]	loss=0.9265
2025-04-19T16:20:04Z INFO     Train Epoch: 1 [58880/60000 (98%)]	loss=0.7721
2025-04-19T16:20:05Z INFO     {metricName: accuracy, metricValue: 0.6880};{metricName: loss, metricValue: 0.8270}

2025-04-19T16:20:05Z INFO     Train Epoch: 2 [0/60000 (0%)]	loss=0.7489
2025-04-19T16:20:05Z INFO     Train Epoch: 2 [1280/60000 (2%)]	loss=0.6793
2025-04-19T16:20:05Z INFO     Train Epoch: 2 [2560/60000 (4%)]	loss=0.7741
2025-04-19T16:20:06Z INFO     Train Epoch: 2 [3840/60000 (6%)]	loss=0.7716
2025-04-19T16:20:06Z INFO     Train Epoch: 2 [5120/60000 (9%)]	loss=0.7503
2025-04-19T16:20:06Z INFO     Train Epoch: 2 [6400/60000 (11%)]	loss=0.7424
2025-04-19T16:20:06Z INFO     Train Epoch: 2 [7680/60000 (13%)]	loss=0.7571
2025-04-19T16:20:06Z INFO     Train Epoch: 2 [8960/60000 (15%)]	loss=0.6598
2025-04-19T16:20:06Z INFO     Train Epoch: 2 [10240/60000 (17%)]	loss=0.7515
2025-04-19T16:20:06Z INFO     Train Epoch: 2 [11520/60000 (19%)]	loss=0.6047
2025-04-19T16:20:06Z INFO     Train Epoch: 2 [12800/60000 (21%)]	loss=0.7408
2025-04-19T16:20:06Z INFO     Train Epoch: 2 [14080/60000 (23%)]	loss=0.6996
2025-04-19T16:20:07Z INFO     Train Epoch: 2 [15360/60000 (26%)]	loss=0.7803
2025-04-19T16:20:07Z INFO     Train Epoch: 2 [16640/60000 (28%)]	loss=0.6441
2025-04-19T16:20:07Z INFO     Train Epoch: 2 [17920/60000 (30%)]	loss=0.7483
2025-04-19T16:20:07Z INFO     Train Epoch: 2 [19200/60000 (32%)]	loss=0.5674
2025-04-19T16:20:07Z INFO     Train Epoch: 2 [20480/60000 (34%)]	loss=0.7990
2025-04-19T16:20:07Z INFO     Train Epoch: 2 [21760/60000 (36%)]	loss=0.6856
2025-04-19T16:20:07Z INFO     Train Epoch: 2 [23040/60000 (38%)]	loss=0.6715
2025-04-19T16:20:07Z INFO     Train Epoch: 2 [24320/60000 (41%)]	loss=0.6479
2025-04-19T16:20:07Z INFO     Train Epoch: 2 [25600/60000 (43%)]	loss=0.6495
2025-04-19T16:20:08Z INFO     Train Epoch: 2 [26880/60000 (45%)]	loss=0.7613
2025-04-19T16:20:08Z INFO     Train Epoch: 2 [28160/60000 (47%)]	loss=0.5764
2025-04-19T16:20:08Z INFO     Train Epoch: 2 [29440/60000 (49%)]	loss=0.8771
2025-04-19T16:20:08Z INFO     Train Epoch: 2 [30720/60000 (51%)]	loss=0.6960
2025-04-19T16:20:08Z INFO     Train Epoch: 2 [32000/60000 (53%)]	loss=0.7682
2025-04-19T16:20:08Z INFO     Train Epoch: 2 [33280/60000 (55%)]	loss=0.6696
2025-04-19T16:20:08Z INFO     Train Epoch: 2 [34560/60000 (58%)]	loss=0.5759
2025-04-19T16:20:08Z INFO     Train Epoch: 2 [35840/60000 (60%)]	loss=0.5412
2025-04-19T16:20:08Z INFO     Train Epoch: 2 [37120/60000 (62%)]	loss=0.7485
2025-04-19T16:20:09Z INFO     Train Epoch: 2 [38400/60000 (64%)]	loss=0.6813
2025-04-19T16:20:09Z INFO     Train Epoch: 2 [39680/60000 (66%)]	loss=0.6221
2025-04-19T16:20:09Z INFO     Train Epoch: 2 [40960/60000 (68%)]	loss=0.7626
2025-04-19T16:20:09Z INFO     Train Epoch: 2 [42240/60000 (70%)]	loss=0.7603
2025-04-19T16:20:09Z INFO     Train Epoch: 2 [43520/60000 (72%)]	loss=0.5802
2025-04-19T16:20:09Z INFO     Train Epoch: 2 [44800/60000 (75%)]	loss=0.5779
2025-04-19T16:20:09Z INFO     Train Epoch: 2 [46080/60000 (77%)]	loss=0.6863
2025-04-19T16:20:09Z INFO     Train Epoch: 2 [47360/60000 (79%)]	loss=0.7650
2025-04-19T16:20:09Z INFO     Train Epoch: 2 [48640/60000 (81%)]	loss=0.5827
2025-04-19T16:20:10Z INFO     Train Epoch: 2 [49920/60000 (83%)]	loss=0.6999
2025-04-19T16:20:10Z INFO     Train Epoch: 2 [51200/60000 (85%)]	loss=0.8283
2025-04-19T16:20:10Z INFO     Train Epoch: 2 [52480/60000 (87%)]	loss=0.5798
2025-04-19T16:20:10Z INFO     Train Epoch: 2 [53760/60000 (90%)]	loss=0.5222
2025-04-19T16:20:10Z INFO     Train Epoch: 2 [55040/60000 (92%)]	loss=0.6877
2025-04-19T16:20:10Z INFO     Train Epoch: 2 [56320/60000 (94%)]	loss=0.7075
2025-04-19T16:20:10Z INFO     Train Epoch: 2 [57600/60000 (96%)]	loss=0.5099
2025-04-19T16:20:10Z INFO     Train Epoch: 2 [58880/60000 (98%)]	loss=0.5997
2025-04-19T16:20:11Z INFO     {metricName: accuracy, metricValue: 0.7611};{metricName: loss, metricValue: 0.6531}

2025-04-19T16:20:11Z INFO     Train Epoch: 3 [0/60000 (0%)]	loss=0.5437
2025-04-19T16:20:12Z INFO     Train Epoch: 3 [1280/60000 (2%)]	loss=0.6458
2025-04-19T16:20:12Z INFO     Train Epoch: 3 [2560/60000 (4%)]	loss=0.5541
2025-04-19T16:20:12Z INFO     Train Epoch: 3 [3840/60000 (6%)]	loss=0.5128
2025-04-19T16:20:12Z INFO     Train Epoch: 3 [5120/60000 (9%)]	loss=0.5631
2025-04-19T16:20:12Z INFO     Train Epoch: 3 [6400/60000 (11%)]	loss=0.6535
2025-04-19T16:20:12Z INFO     Train Epoch: 3 [7680/60000 (13%)]	loss=0.5269
2025-04-19T16:20:12Z INFO     Train Epoch: 3 [8960/60000 (15%)]	loss=0.6353
2025-04-19T16:20:12Z INFO     Train Epoch: 3 [10240/60000 (17%)]	loss=0.6498
2025-04-19T16:20:12Z INFO     Train Epoch: 3 [11520/60000 (19%)]	loss=0.4751
2025-04-19T16:20:13Z INFO     Train Epoch: 3 [12800/60000 (21%)]	loss=0.6920
2025-04-19T16:20:13Z INFO     Train Epoch: 3 [14080/60000 (23%)]	loss=0.6611
2025-04-19T16:20:13Z INFO     Train Epoch: 3 [15360/60000 (26%)]	loss=0.7000
2025-04-19T16:20:13Z INFO     Train Epoch: 3 [16640/60000 (28%)]	loss=0.5774
2025-04-19T16:20:13Z INFO     Train Epoch: 3 [17920/60000 (30%)]	loss=0.6509
2025-04-19T16:20:13Z INFO     Train Epoch: 3 [19200/60000 (32%)]	loss=0.6459
2025-04-19T16:20:13Z INFO     Train Epoch: 3 [20480/60000 (34%)]	loss=0.6263
2025-04-19T16:20:13Z INFO     Train Epoch: 3 [21760/60000 (36%)]	loss=0.4612
2025-04-19T16:20:13Z INFO     Train Epoch: 3 [23040/60000 (38%)]	loss=0.7003
2025-04-19T16:20:14Z INFO     Train Epoch: 3 [24320/60000 (41%)]	loss=0.6111
2025-04-19T16:20:14Z INFO     Train Epoch: 3 [25600/60000 (43%)]	loss=0.5668
2025-04-19T16:20:14Z INFO     Train Epoch: 3 [26880/60000 (45%)]	loss=0.5172
2025-04-19T16:20:14Z INFO     Train Epoch: 3 [28160/60000 (47%)]	loss=0.6822
2025-04-19T16:20:14Z INFO     Train Epoch: 3 [29440/60000 (49%)]	loss=0.6089
2025-04-19T16:20:14Z INFO     Train Epoch: 3 [30720/60000 (51%)]	loss=0.6062
2025-04-19T16:20:14Z INFO     Train Epoch: 3 [32000/60000 (53%)]	loss=0.6237
2025-04-19T16:20:14Z INFO     Train Epoch: 3 [33280/60000 (55%)]	loss=0.6749
2025-04-19T16:20:14Z INFO     Train Epoch: 3 [34560/60000 (58%)]	loss=0.5922
2025-04-19T16:20:15Z INFO     Train Epoch: 3 [35840/60000 (60%)]	loss=0.5709
2025-04-19T16:20:15Z INFO     Train Epoch: 3 [37120/60000 (62%)]	loss=0.5758
2025-04-19T16:20:15Z INFO     Train Epoch: 3 [38400/60000 (64%)]	loss=0.4602
2025-04-19T16:20:15Z INFO     Train Epoch: 3 [39680/60000 (66%)]	loss=0.5219
2025-04-19T16:20:15Z INFO     Train Epoch: 3 [40960/60000 (68%)]	loss=0.5731
2025-04-19T16:20:15Z INFO     Train Epoch: 3 [42240/60000 (70%)]	loss=0.5974
2025-04-19T16:20:15Z INFO     Train Epoch: 3 [43520/60000 (72%)]	loss=0.7311
2025-04-19T16:20:15Z INFO     Train Epoch: 3 [44800/60000 (75%)]	loss=0.5756
2025-04-19T16:20:15Z INFO     Train Epoch: 3 [46080/60000 (77%)]	loss=0.5912
2025-04-19T16:20:16Z INFO     Train Epoch: 3 [47360/60000 (79%)]	loss=0.5965
2025-04-19T16:20:16Z INFO     Train Epoch: 3 [48640/60000 (81%)]	loss=0.5156
2025-04-19T16:20:16Z INFO     Train Epoch: 3 [49920/60000 (83%)]	loss=0.6257
2025-04-19T16:20:16Z INFO     Train Epoch: 3 [51200/60000 (85%)]	loss=0.6650
2025-04-19T16:20:16Z INFO     Train Epoch: 3 [52480/60000 (87%)]	loss=0.6339
2025-04-19T16:20:16Z INFO     Train Epoch: 3 [53760/60000 (90%)]	loss=0.6299
2025-04-19T16:20:16Z INFO     Train Epoch: 3 [55040/60000 (92%)]	loss=0.6004
2025-04-19T16:20:16Z INFO     Train Epoch: 3 [56320/60000 (94%)]	loss=0.6402
2025-04-19T16:20:16Z INFO     Train Epoch: 3 [57600/60000 (96%)]	loss=0.5192
2025-04-19T16:20:17Z INFO     Train Epoch: 3 [58880/60000 (98%)]	loss=0.7652
2025-04-19T16:20:18Z INFO     {metricName: accuracy, metricValue: 0.7759};{metricName: loss, metricValue: 0.5948}

2025-04-19T16:20:18Z INFO     Train Epoch: 4 [0/60000 (0%)]	loss=0.6211
2025-04-19T16:20:18Z INFO     Train Epoch: 4 [1280/60000 (2%)]	loss=0.5152
2025-04-19T16:20:18Z INFO     Train Epoch: 4 [2560/60000 (4%)]	loss=0.4975
2025-04-19T16:20:18Z INFO     Train Epoch: 4 [3840/60000 (6%)]	loss=0.5838
2025-04-19T16:20:18Z INFO     Train Epoch: 4 [5120/60000 (9%)]	loss=0.5006
2025-04-19T16:20:18Z INFO     Train Epoch: 4 [6400/60000 (11%)]	loss=0.5483
2025-04-19T16:20:18Z INFO     Train Epoch: 4 [7680/60000 (13%)]	loss=0.6100
2025-04-19T16:20:18Z INFO     Train Epoch: 4 [8960/60000 (15%)]	loss=0.4801
2025-04-19T16:20:18Z INFO     Train Epoch: 4 [10240/60000 (17%)]	loss=0.6007
2025-04-19T16:20:19Z INFO     Train Epoch: 4 [11520/60000 (19%)]	loss=0.4616
2025-04-19T16:20:19Z INFO     Train Epoch: 4 [12800/60000 (21%)]	loss=0.5885
2025-04-19T16:20:19Z INFO     Train Epoch: 4 [14080/60000 (23%)]	loss=0.5845
2025-04-19T16:20:19Z INFO     Train Epoch: 4 [15360/60000 (26%)]	loss=0.6089
2025-04-19T16:20:19Z INFO     Train Epoch: 4 [16640/60000 (28%)]	loss=0.5994
2025-04-19T16:20:19Z INFO     Train Epoch: 4 [17920/60000 (30%)]	loss=0.5382
2025-04-19T16:20:19Z INFO     Train Epoch: 4 [19200/60000 (32%)]	loss=0.5675
2025-04-19T16:20:19Z INFO     Train Epoch: 4 [20480/60000 (34%)]	loss=0.4881
2025-04-19T16:20:19Z INFO     Train Epoch: 4 [21760/60000 (36%)]	loss=0.5490
2025-04-19T16:20:20Z INFO     Train Epoch: 4 [23040/60000 (38%)]	loss=0.6158
2025-04-19T16:20:20Z INFO     Train Epoch: 4 [24320/60000 (41%)]	loss=0.4903
2025-04-19T16:20:20Z INFO     Train Epoch: 4 [25600/60000 (43%)]	loss=0.5080
2025-04-19T16:20:20Z INFO     Train Epoch: 4 [26880/60000 (45%)]	loss=0.6023
2025-04-19T16:20:20Z INFO     Train Epoch: 4 [28160/60000 (47%)]	loss=0.4002
2025-04-19T16:20:20Z INFO     Train Epoch: 4 [29440/60000 (49%)]	loss=0.4866
2025-04-19T16:20:20Z INFO     Train Epoch: 4 [30720/60000 (51%)]	loss=0.5146
2025-04-19T16:20:20Z INFO     Train Epoch: 4 [32000/60000 (53%)]	loss=0.4839
2025-04-19T16:20:20Z INFO     Train Epoch: 4 [33280/60000 (55%)]	loss=0.5322
2025-04-19T16:20:21Z INFO     Train Epoch: 4 [34560/60000 (58%)]	loss=0.5415
2025-04-19T16:20:21Z INFO     Train Epoch: 4 [35840/60000 (60%)]	loss=0.4968
2025-04-19T16:20:21Z INFO     Train Epoch: 4 [37120/60000 (62%)]	loss=0.4513
2025-04-19T16:20:21Z INFO     Train Epoch: 4 [38400/60000 (64%)]	loss=0.5634
2025-04-19T16:20:21Z INFO     Train Epoch: 4 [39680/60000 (66%)]	loss=0.4886
2025-04-19T16:20:21Z INFO     Train Epoch: 4 [40960/60000 (68%)]	loss=0.5172
2025-04-19T16:20:21Z INFO     Train Epoch: 4 [42240/60000 (70%)]	loss=0.6544
2025-04-19T16:20:21Z INFO     Train Epoch: 4 [43520/60000 (72%)]	loss=0.5710
2025-04-19T16:20:22Z INFO     Train Epoch: 4 [44800/60000 (75%)]	loss=0.6396
2025-04-19T16:20:22Z INFO     Train Epoch: 4 [46080/60000 (77%)]	loss=0.5461
2025-04-19T16:20:22Z INFO     Train Epoch: 4 [47360/60000 (79%)]	loss=0.4486
2025-04-19T16:20:22Z INFO     Train Epoch: 4 [48640/60000 (81%)]	loss=0.4365
2025-04-19T16:20:22Z INFO     Train Epoch: 4 [49920/60000 (83%)]	loss=0.5654
2025-04-19T16:20:22Z INFO     Train Epoch: 4 [51200/60000 (85%)]	loss=0.5470
2025-04-19T16:20:22Z INFO     Train Epoch: 4 [52480/60000 (87%)]	loss=0.4796
2025-04-19T16:20:22Z INFO     Train Epoch: 4 [53760/60000 (90%)]	loss=0.4860
2025-04-19T16:20:22Z INFO     Train Epoch: 4 [55040/60000 (92%)]	loss=0.5651
2025-04-19T16:20:23Z INFO     Train Epoch: 4 [56320/60000 (94%)]	loss=0.4381
2025-04-19T16:20:23Z INFO     Train Epoch: 4 [57600/60000 (96%)]	loss=0.3749
2025-04-19T16:20:23Z INFO     Train Epoch: 4 [58880/60000 (98%)]	loss=0.4251
2025-04-19T16:20:24Z INFO     {metricName: accuracy, metricValue: 0.8076};{metricName: loss, metricValue: 0.5316}


real	0m29.347s
user	0m33.941s
sys	0m6.809s
