Using CUDA
2025-04-19T16:18:22Z INFO     Train Epoch: 1 [0/60000 (0%)]	loss=2.3015
2025-04-19T16:18:22Z INFO     Train Epoch: 1 [1280/60000 (2%)]	loss=2.2863
2025-04-19T16:18:22Z INFO     Train Epoch: 1 [2560/60000 (4%)]	loss=2.2854
2025-04-19T16:18:22Z INFO     Train Epoch: 1 [3840/60000 (6%)]	loss=2.2727
2025-04-19T16:18:22Z INFO     Train Epoch: 1 [5120/60000 (9%)]	loss=2.2693
2025-04-19T16:18:22Z INFO     Train Epoch: 1 [6400/60000 (11%)]	loss=2.2499
2025-04-19T16:18:23Z INFO     Train Epoch: 1 [7680/60000 (13%)]	loss=2.2420
2025-04-19T16:18:23Z INFO     Train Epoch: 1 [8960/60000 (15%)]	loss=2.2029
2025-04-19T16:18:23Z INFO     Train Epoch: 1 [10240/60000 (17%)]	loss=2.1878
2025-04-19T16:18:23Z INFO     Train Epoch: 1 [11520/60000 (19%)]	loss=2.1321
2025-04-19T16:18:23Z INFO     Train Epoch: 1 [12800/60000 (21%)]	loss=2.0496
2025-04-19T16:18:23Z INFO     Train Epoch: 1 [14080/60000 (23%)]	loss=1.9474
2025-04-19T16:18:23Z INFO     Train Epoch: 1 [15360/60000 (26%)]	loss=1.7653
2025-04-19T16:18:23Z INFO     Train Epoch: 1 [16640/60000 (28%)]	loss=1.5974
2025-04-19T16:18:23Z INFO     Train Epoch: 1 [17920/60000 (30%)]	loss=1.3731
2025-04-19T16:18:24Z INFO     Train Epoch: 1 [19200/60000 (32%)]	loss=1.3090
2025-04-19T16:18:24Z INFO     Train Epoch: 1 [20480/60000 (34%)]	loss=1.1856
2025-04-19T16:18:24Z INFO     Train Epoch: 1 [21760/60000 (36%)]	loss=1.0809
2025-04-19T16:18:24Z INFO     Train Epoch: 1 [23040/60000 (38%)]	loss=1.0572
2025-04-19T16:18:24Z INFO     Train Epoch: 1 [24320/60000 (41%)]	loss=1.0205
2025-04-19T16:18:24Z INFO     Train Epoch: 1 [25600/60000 (43%)]	loss=0.9023
2025-04-19T16:18:24Z INFO     Train Epoch: 1 [26880/60000 (45%)]	loss=1.0217
2025-04-19T16:18:24Z INFO     Train Epoch: 1 [28160/60000 (47%)]	loss=1.0541
2025-04-19T16:18:25Z INFO     Train Epoch: 1 [29440/60000 (49%)]	loss=0.9015
2025-04-19T16:18:25Z INFO     Train Epoch: 1 [30720/60000 (51%)]	loss=0.7917
2025-04-19T16:18:25Z INFO     Train Epoch: 1 [32000/60000 (53%)]	loss=1.1952
2025-04-19T16:18:25Z INFO     Train Epoch: 1 [33280/60000 (55%)]	loss=1.0284
2025-04-19T16:18:25Z INFO     Train Epoch: 1 [34560/60000 (58%)]	loss=0.9576
2025-04-19T16:18:25Z INFO     Train Epoch: 1 [35840/60000 (60%)]	loss=0.7878
2025-04-19T16:18:25Z INFO     Train Epoch: 1 [37120/60000 (62%)]	loss=0.9330
2025-04-19T16:18:25Z INFO     Train Epoch: 1 [38400/60000 (64%)]	loss=0.9508
2025-04-19T16:18:25Z INFO     Train Epoch: 1 [39680/60000 (66%)]	loss=0.8619
2025-04-19T16:18:26Z INFO     Train Epoch: 1 [40960/60000 (68%)]	loss=0.8078
2025-04-19T16:18:26Z INFO     Train Epoch: 1 [42240/60000 (70%)]	loss=0.8885
2025-04-19T16:18:26Z INFO     Train Epoch: 1 [43520/60000 (72%)]	loss=0.9426
2025-04-19T16:18:26Z INFO     Train Epoch: 1 [44800/60000 (75%)]	loss=0.9370
2025-04-19T16:18:26Z INFO     Train Epoch: 1 [46080/60000 (77%)]	loss=0.8233
2025-04-19T16:18:26Z INFO     Train Epoch: 1 [47360/60000 (79%)]	loss=0.7675
2025-04-19T16:18:26Z INFO     Train Epoch: 1 [48640/60000 (81%)]	loss=0.8696
2025-04-19T16:18:26Z INFO     Train Epoch: 1 [49920/60000 (83%)]	loss=0.8689
2025-04-19T16:18:26Z INFO     Train Epoch: 1 [51200/60000 (85%)]	loss=0.7848
2025-04-19T16:18:27Z INFO     Train Epoch: 1 [52480/60000 (87%)]	loss=0.6896
2025-04-19T16:18:27Z INFO     Train Epoch: 1 [53760/60000 (90%)]	loss=0.8080
2025-04-19T16:18:27Z INFO     Train Epoch: 1 [55040/60000 (92%)]	loss=0.8775
2025-04-19T16:18:27Z INFO     Train Epoch: 1 [56320/60000 (94%)]	loss=0.8604
2025-04-19T16:18:27Z INFO     Train Epoch: 1 [57600/60000 (96%)]	loss=0.9272
2025-04-19T16:18:27Z INFO     Train Epoch: 1 [58880/60000 (98%)]	loss=0.7724
2025-04-19T16:18:28Z INFO     {metricName: accuracy, metricValue: 0.6872};{metricName: loss, metricValue: 0.8289}

2025-04-19T16:18:28Z INFO     Train Epoch: 2 [0/60000 (0%)]	loss=0.7516
2025-04-19T16:18:28Z INFO     Train Epoch: 2 [1280/60000 (2%)]	loss=0.6781
2025-04-19T16:18:28Z INFO     Train Epoch: 2 [2560/60000 (4%)]	loss=0.7744
2025-04-19T16:18:28Z INFO     Train Epoch: 2 [3840/60000 (6%)]	loss=0.7719
2025-04-19T16:18:29Z INFO     Train Epoch: 2 [5120/60000 (9%)]	loss=0.7511
2025-04-19T16:18:29Z INFO     Train Epoch: 2 [6400/60000 (11%)]	loss=0.7417
2025-04-19T16:18:29Z INFO     Train Epoch: 2 [7680/60000 (13%)]	loss=0.7573
2025-04-19T16:18:29Z INFO     Train Epoch: 2 [8960/60000 (15%)]	loss=0.6596
2025-04-19T16:18:29Z INFO     Train Epoch: 2 [10240/60000 (17%)]	loss=0.7525
2025-04-19T16:18:29Z INFO     Train Epoch: 2 [11520/60000 (19%)]	loss=0.6043
2025-04-19T16:18:29Z INFO     Train Epoch: 2 [12800/60000 (21%)]	loss=0.7412
2025-04-19T16:18:29Z INFO     Train Epoch: 2 [14080/60000 (23%)]	loss=0.6995
2025-04-19T16:18:29Z INFO     Train Epoch: 2 [15360/60000 (26%)]	loss=0.7812
2025-04-19T16:18:30Z INFO     Train Epoch: 2 [16640/60000 (28%)]	loss=0.6448
2025-04-19T16:18:30Z INFO     Train Epoch: 2 [17920/60000 (30%)]	loss=0.7497
2025-04-19T16:18:30Z INFO     Train Epoch: 2 [19200/60000 (32%)]	loss=0.5680
2025-04-19T16:18:30Z INFO     Train Epoch: 2 [20480/60000 (34%)]	loss=0.7976
2025-04-19T16:18:30Z INFO     Train Epoch: 2 [21760/60000 (36%)]	loss=0.6859
2025-04-19T16:18:30Z INFO     Train Epoch: 2 [23040/60000 (38%)]	loss=0.6706
2025-04-19T16:18:30Z INFO     Train Epoch: 2 [24320/60000 (41%)]	loss=0.6475
2025-04-19T16:18:30Z INFO     Train Epoch: 2 [25600/60000 (43%)]	loss=0.6493
2025-04-19T16:18:30Z INFO     Train Epoch: 2 [26880/60000 (45%)]	loss=0.7610
2025-04-19T16:18:31Z INFO     Train Epoch: 2 [28160/60000 (47%)]	loss=0.5771
2025-04-19T16:18:31Z INFO     Train Epoch: 2 [29440/60000 (49%)]	loss=0.8774
2025-04-19T16:18:31Z INFO     Train Epoch: 2 [30720/60000 (51%)]	loss=0.6961
2025-04-19T16:18:31Z INFO     Train Epoch: 2 [32000/60000 (53%)]	loss=0.7673
2025-04-19T16:18:31Z INFO     Train Epoch: 2 [33280/60000 (55%)]	loss=0.6705
2025-04-19T16:18:31Z INFO     Train Epoch: 2 [34560/60000 (58%)]	loss=0.5757
2025-04-19T16:18:31Z INFO     Train Epoch: 2 [35840/60000 (60%)]	loss=0.5413
2025-04-19T16:18:31Z INFO     Train Epoch: 2 [37120/60000 (62%)]	loss=0.7464
2025-04-19T16:18:31Z INFO     Train Epoch: 2 [38400/60000 (64%)]	loss=0.6831
2025-04-19T16:18:32Z INFO     Train Epoch: 2 [39680/60000 (66%)]	loss=0.6233
2025-04-19T16:18:32Z INFO     Train Epoch: 2 [40960/60000 (68%)]	loss=0.7625
2025-04-19T16:18:32Z INFO     Train Epoch: 2 [42240/60000 (70%)]	loss=0.7590
2025-04-19T16:18:32Z INFO     Train Epoch: 2 [43520/60000 (72%)]	loss=0.5803
2025-04-19T16:18:32Z INFO     Train Epoch: 2 [44800/60000 (75%)]	loss=0.5791
2025-04-19T16:18:32Z INFO     Train Epoch: 2 [46080/60000 (77%)]	loss=0.6869
2025-04-19T16:18:32Z INFO     Train Epoch: 2 [47360/60000 (79%)]	loss=0.7640
2025-04-19T16:18:32Z INFO     Train Epoch: 2 [48640/60000 (81%)]	loss=0.5828
2025-04-19T16:18:32Z INFO     Train Epoch: 2 [49920/60000 (83%)]	loss=0.7006
2025-04-19T16:18:33Z INFO     Train Epoch: 2 [51200/60000 (85%)]	loss=0.8275
2025-04-19T16:18:33Z INFO     Train Epoch: 2 [52480/60000 (87%)]	loss=0.5797
2025-04-19T16:18:33Z INFO     Train Epoch: 2 [53760/60000 (90%)]	loss=0.5230
2025-04-19T16:18:33Z INFO     Train Epoch: 2 [55040/60000 (92%)]	loss=0.6878
2025-04-19T16:18:33Z INFO     Train Epoch: 2 [56320/60000 (94%)]	loss=0.7082
2025-04-19T16:18:33Z INFO     Train Epoch: 2 [57600/60000 (96%)]	loss=0.5098
2025-04-19T16:18:33Z INFO     Train Epoch: 2 [58880/60000 (98%)]	loss=0.5992
2025-04-19T16:18:34Z INFO     {metricName: accuracy, metricValue: 0.7603};{metricName: loss, metricValue: 0.6525}

2025-04-19T16:18:34Z INFO     Train Epoch: 3 [0/60000 (0%)]	loss=0.5432
2025-04-19T16:18:34Z INFO     Train Epoch: 3 [1280/60000 (2%)]	loss=0.6452
2025-04-19T16:18:34Z INFO     Train Epoch: 3 [2560/60000 (4%)]	loss=0.5529
2025-04-19T16:18:35Z INFO     Train Epoch: 3 [3840/60000 (6%)]	loss=0.5116
2025-04-19T16:18:35Z INFO     Train Epoch: 3 [5120/60000 (9%)]	loss=0.5638
2025-04-19T16:18:35Z INFO     Train Epoch: 3 [6400/60000 (11%)]	loss=0.6517
2025-04-19T16:18:35Z INFO     Train Epoch: 3 [7680/60000 (13%)]	loss=0.5256
2025-04-19T16:18:35Z INFO     Train Epoch: 3 [8960/60000 (15%)]	loss=0.6367
2025-04-19T16:18:35Z INFO     Train Epoch: 3 [10240/60000 (17%)]	loss=0.6492
2025-04-19T16:18:35Z INFO     Train Epoch: 3 [11520/60000 (19%)]	loss=0.4746
2025-04-19T16:18:35Z INFO     Train Epoch: 3 [12800/60000 (21%)]	loss=0.6902
2025-04-19T16:18:35Z INFO     Train Epoch: 3 [14080/60000 (23%)]	loss=0.6603
2025-04-19T16:18:36Z INFO     Train Epoch: 3 [15360/60000 (26%)]	loss=0.6982
2025-04-19T16:18:36Z INFO     Train Epoch: 3 [16640/60000 (28%)]	loss=0.5775
2025-04-19T16:18:36Z INFO     Train Epoch: 3 [17920/60000 (30%)]	loss=0.6521
2025-04-19T16:18:36Z INFO     Train Epoch: 3 [19200/60000 (32%)]	loss=0.6460
2025-04-19T16:18:36Z INFO     Train Epoch: 3 [20480/60000 (34%)]	loss=0.6274
2025-04-19T16:18:36Z INFO     Train Epoch: 3 [21760/60000 (36%)]	loss=0.4606
2025-04-19T16:18:36Z INFO     Train Epoch: 3 [23040/60000 (38%)]	loss=0.7003
2025-04-19T16:18:36Z INFO     Train Epoch: 3 [24320/60000 (41%)]	loss=0.6097
2025-04-19T16:18:37Z INFO     Train Epoch: 3 [25600/60000 (43%)]	loss=0.5654
2025-04-19T16:18:37Z INFO     Train Epoch: 3 [26880/60000 (45%)]	loss=0.5169
2025-04-19T16:18:37Z INFO     Train Epoch: 3 [28160/60000 (47%)]	loss=0.6824
2025-04-19T16:18:37Z INFO     Train Epoch: 3 [29440/60000 (49%)]	loss=0.6088
2025-04-19T16:18:37Z INFO     Train Epoch: 3 [30720/60000 (51%)]	loss=0.6058
2025-04-19T16:18:37Z INFO     Train Epoch: 3 [32000/60000 (53%)]	loss=0.6232
2025-04-19T16:18:37Z INFO     Train Epoch: 3 [33280/60000 (55%)]	loss=0.6745
2025-04-19T16:18:37Z INFO     Train Epoch: 3 [34560/60000 (58%)]	loss=0.5925
2025-04-19T16:18:37Z INFO     Train Epoch: 3 [35840/60000 (60%)]	loss=0.5711
2025-04-19T16:18:38Z INFO     Train Epoch: 3 [37120/60000 (62%)]	loss=0.5741
2025-04-19T16:18:38Z INFO     Train Epoch: 3 [38400/60000 (64%)]	loss=0.4598
2025-04-19T16:18:38Z INFO     Train Epoch: 3 [39680/60000 (66%)]	loss=0.5221
2025-04-19T16:18:38Z INFO     Train Epoch: 3 [40960/60000 (68%)]	loss=0.5723
2025-04-19T16:18:38Z INFO     Train Epoch: 3 [42240/60000 (70%)]	loss=0.5973
2025-04-19T16:18:38Z INFO     Train Epoch: 3 [43520/60000 (72%)]	loss=0.7306
2025-04-19T16:18:38Z INFO     Train Epoch: 3 [44800/60000 (75%)]	loss=0.5743
2025-04-19T16:18:38Z INFO     Train Epoch: 3 [46080/60000 (77%)]	loss=0.5909
2025-04-19T16:18:38Z INFO     Train Epoch: 3 [47360/60000 (79%)]	loss=0.5956
2025-04-19T16:18:39Z INFO     Train Epoch: 3 [48640/60000 (81%)]	loss=0.5157
2025-04-19T16:18:39Z INFO     Train Epoch: 3 [49920/60000 (83%)]	loss=0.6288
2025-04-19T16:18:39Z INFO     Train Epoch: 3 [51200/60000 (85%)]	loss=0.6637
2025-04-19T16:18:39Z INFO     Train Epoch: 3 [52480/60000 (87%)]	loss=0.6334
2025-04-19T16:18:39Z INFO     Train Epoch: 3 [53760/60000 (90%)]	loss=0.6292
2025-04-19T16:18:39Z INFO     Train Epoch: 3 [55040/60000 (92%)]	loss=0.6000
2025-04-19T16:18:39Z INFO     Train Epoch: 3 [56320/60000 (94%)]	loss=0.6386
2025-04-19T16:18:39Z INFO     Train Epoch: 3 [57600/60000 (96%)]	loss=0.5181
2025-04-19T16:18:39Z INFO     Train Epoch: 3 [58880/60000 (98%)]	loss=0.7672
2025-04-19T16:18:40Z INFO     {metricName: accuracy, metricValue: 0.7760};{metricName: loss, metricValue: 0.5945}

2025-04-19T16:18:40Z INFO     Train Epoch: 4 [0/60000 (0%)]	loss=0.6209
2025-04-19T16:18:41Z INFO     Train Epoch: 4 [1280/60000 (2%)]	loss=0.5152
2025-04-19T16:18:41Z INFO     Train Epoch: 4 [2560/60000 (4%)]	loss=0.4966
2025-04-19T16:18:41Z INFO     Train Epoch: 4 [3840/60000 (6%)]	loss=0.5836
2025-04-19T16:18:41Z INFO     Train Epoch: 4 [5120/60000 (9%)]	loss=0.5012
2025-04-19T16:18:41Z INFO     Train Epoch: 4 [6400/60000 (11%)]	loss=0.5480
2025-04-19T16:18:41Z INFO     Train Epoch: 4 [7680/60000 (13%)]	loss=0.6096
2025-04-19T16:18:41Z INFO     Train Epoch: 4 [8960/60000 (15%)]	loss=0.4809
2025-04-19T16:18:41Z INFO     Train Epoch: 4 [10240/60000 (17%)]	loss=0.6005
2025-04-19T16:18:42Z INFO     Train Epoch: 4 [11520/60000 (19%)]	loss=0.4626
2025-04-19T16:18:42Z INFO     Train Epoch: 4 [12800/60000 (21%)]	loss=0.5882
2025-04-19T16:18:42Z INFO     Train Epoch: 4 [14080/60000 (23%)]	loss=0.5858
2025-04-19T16:18:42Z INFO     Train Epoch: 4 [15360/60000 (26%)]	loss=0.6089
2025-04-19T16:18:42Z INFO     Train Epoch: 4 [16640/60000 (28%)]	loss=0.5987
2025-04-19T16:18:42Z INFO     Train Epoch: 4 [17920/60000 (30%)]	loss=0.5362
2025-04-19T16:18:42Z INFO     Train Epoch: 4 [19200/60000 (32%)]	loss=0.5683
2025-04-19T16:18:42Z INFO     Train Epoch: 4 [20480/60000 (34%)]	loss=0.4867
2025-04-19T16:18:42Z INFO     Train Epoch: 4 [21760/60000 (36%)]	loss=0.5493
2025-04-19T16:18:43Z INFO     Train Epoch: 4 [23040/60000 (38%)]	loss=0.6157
2025-04-19T16:18:43Z INFO     Train Epoch: 4 [24320/60000 (41%)]	loss=0.4900
2025-04-19T16:18:43Z INFO     Train Epoch: 4 [25600/60000 (43%)]	loss=0.5103
2025-04-19T16:18:43Z INFO     Train Epoch: 4 [26880/60000 (45%)]	loss=0.6023
2025-04-19T16:18:43Z INFO     Train Epoch: 4 [28160/60000 (47%)]	loss=0.4009
2025-04-19T16:18:43Z INFO     Train Epoch: 4 [29440/60000 (49%)]	loss=0.4863
2025-04-19T16:18:43Z INFO     Train Epoch: 4 [30720/60000 (51%)]	loss=0.5148
2025-04-19T16:18:43Z INFO     Train Epoch: 4 [32000/60000 (53%)]	loss=0.4824
2025-04-19T16:18:43Z INFO     Train Epoch: 4 [33280/60000 (55%)]	loss=0.5298
2025-04-19T16:18:44Z INFO     Train Epoch: 4 [34560/60000 (58%)]	loss=0.5411
2025-04-19T16:18:44Z INFO     Train Epoch: 4 [35840/60000 (60%)]	loss=0.4955
2025-04-19T16:18:44Z INFO     Train Epoch: 4 [37120/60000 (62%)]	loss=0.4526
2025-04-19T16:18:44Z INFO     Train Epoch: 4 [38400/60000 (64%)]	loss=0.5637
2025-04-19T16:18:44Z INFO     Train Epoch: 4 [39680/60000 (66%)]	loss=0.4871
2025-04-19T16:18:44Z INFO     Train Epoch: 4 [40960/60000 (68%)]	loss=0.5178
2025-04-19T16:18:44Z INFO     Train Epoch: 4 [42240/60000 (70%)]	loss=0.6566
2025-04-19T16:18:44Z INFO     Train Epoch: 4 [43520/60000 (72%)]	loss=0.5747
2025-04-19T16:18:44Z INFO     Train Epoch: 4 [44800/60000 (75%)]	loss=0.6392
2025-04-19T16:18:45Z INFO     Train Epoch: 4 [46080/60000 (77%)]	loss=0.5471
2025-04-19T16:18:45Z INFO     Train Epoch: 4 [47360/60000 (79%)]	loss=0.4498
2025-04-19T16:18:45Z INFO     Train Epoch: 4 [48640/60000 (81%)]	loss=0.4375
2025-04-19T16:18:45Z INFO     Train Epoch: 4 [49920/60000 (83%)]	loss=0.5659
2025-04-19T16:18:45Z INFO     Train Epoch: 4 [51200/60000 (85%)]	loss=0.5478
2025-04-19T16:18:45Z INFO     Train Epoch: 4 [52480/60000 (87%)]	loss=0.4789
2025-04-19T16:18:45Z INFO     Train Epoch: 4 [53760/60000 (90%)]	loss=0.4854
2025-04-19T16:18:45Z INFO     Train Epoch: 4 [55040/60000 (92%)]	loss=0.5658
2025-04-19T16:18:45Z INFO     Train Epoch: 4 [56320/60000 (94%)]	loss=0.4394
2025-04-19T16:18:46Z INFO     Train Epoch: 4 [57600/60000 (96%)]	loss=0.3747
2025-04-19T16:18:46Z INFO     Train Epoch: 4 [58880/60000 (98%)]	loss=0.4260
2025-04-19T16:18:47Z INFO     {metricName: accuracy, metricValue: 0.8083};{metricName: loss, metricValue: 0.5315}


real	0m29.473s
user	0m34.034s
sys	0m6.995s
