Using CUDA
Using distributed PyTorch with nccl backend
2025-04-25T17:37:34Z INFO     Added key: store_based_barrier_key:1 to store for rank: 0
2025-04-25T17:37:34Z INFO     Rank 0: Completed store-based barrier for key:store_based_barrier_key:1 with 2 nodes.
Took 2.41 seconds
pytorch-mnist-master-0:39:39 [0] NCCL INFO Bootstrap : Using eth0:10.244.2.39<0>
pytorch-mnist-master-0:39:39 [0] NCCL INFO NET/Plugin : No plugin found (libnccl-net.so), using internal implementation
pytorch-mnist-master-0:39:39 [0] NCCL INFO NET/IB : Using [0]mlx5_0:1/IB ; OOB eth0:10.244.2.39<0>
pytorch-mnist-master-0:39:39 [0] NCCL INFO Using network IB
NCCL version 2.10.3+cuda10.2
pytorch-mnist-master-0:39:125 [0] NCCL INFO NET/IB : GPU Direct RDMA Disabled for HCA 0 'mlx5_0' (no module)
pytorch-mnist-master-0:39:125 [0] NCCL INFO NET/IB : GPU Direct RDMA Disabled for HCA 0 'mlx5_0' (no module)
pytorch-mnist-master-0:39:125 [0] NCCL INFO Channel 00/02 :    0   1
pytorch-mnist-master-0:39:125 [0] NCCL INFO Channel 01/02 :    0   1
pytorch-mnist-master-0:39:125 [0] NCCL INFO Trees [0] 1/-1/-1->0->-1 [1] -1/-1/-1->0->1
pytorch-mnist-master-0:39:125 [0] NCCL INFO Setting affinity for GPU 0 to 0fffff
pytorch-mnist-master-0:39:125 [0] NCCL INFO Channel 00 : 1[100000] -> 0[100000] [receive] via NET/IB/0
pytorch-mnist-master-0:39:125 [0] NCCL INFO Channel 01 : 1[100000] -> 0[100000] [receive] via NET/IB/0
pytorch-mnist-master-0:39:125 [0] NCCL INFO Channel 00 : 0[100000] -> 1[100000] [send] via NET/IB/0
pytorch-mnist-master-0:39:125 [0] NCCL INFO Channel 01 : 0[100000] -> 1[100000] [send] via NET/IB/0
pytorch-mnist-master-0:39:125 [0] NCCL INFO NET/IB: Dev 0 Port 1 qpn 338 mtu 5 LID 153
pytorch-mnist-master-0:39:125 [0] NCCL INFO NET/IB: Dev 0 Port 1 qpn 339 mtu 5 LID 153
pytorch-mnist-master-0:39:125 [0] NCCL INFO Connected all rings
pytorch-mnist-master-0:39:125 [0] NCCL INFO Connected all trees
pytorch-mnist-master-0:39:125 [0] NCCL INFO threadThresholds 8/8/64 | 16/8/64 | 8/8/512
pytorch-mnist-master-0:39:125 [0] NCCL INFO 2 coll channels, 2 p2p channels, 1 p2p channels per peer
pytorch-mnist-master-0:39:125 [0] NCCL INFO comm 0x76dd9c001360 rank 0 nranks 2 cudaDev 0 busId 100000 - Init COMPLETE
pytorch-mnist-master-0:39:39 [0] NCCL INFO Launch mode Parallel
2025-04-25T17:37:38Z INFO     Train Epoch: 1 [0/60000 (0%)]	loss=2.3015
2025-04-25T17:37:38Z INFO     Reducer buckets have been rebuilt in this iteration.
2025-04-25T17:37:38Z INFO     Train Epoch: 1 [1280/60000 (2%)]	loss=2.2863
2025-04-25T17:37:38Z INFO     Train Epoch: 1 [2560/60000 (4%)]	loss=2.2854
2025-04-25T17:37:38Z INFO     Train Epoch: 1 [3840/60000 (6%)]	loss=2.2727
2025-04-25T17:37:38Z INFO     Train Epoch: 1 [5120/60000 (9%)]	loss=2.2693
2025-04-25T17:37:38Z INFO     Train Epoch: 1 [6400/60000 (11%)]	loss=2.2500
2025-04-25T17:37:39Z INFO     Train Epoch: 1 [7680/60000 (13%)]	loss=2.2421
2025-04-25T17:37:39Z INFO     Train Epoch: 1 [8960/60000 (15%)]	loss=2.2029
2025-04-25T17:37:39Z INFO     Train Epoch: 1 [10240/60000 (17%)]	loss=2.1878
2025-04-25T17:37:39Z INFO     Train Epoch: 1 [11520/60000 (19%)]	loss=2.1322
2025-04-25T17:37:39Z INFO     Train Epoch: 1 [12800/60000 (21%)]	loss=2.0497
2025-04-25T17:37:39Z INFO     Train Epoch: 1 [14080/60000 (23%)]	loss=1.9477
2025-04-25T17:37:39Z INFO     Train Epoch: 1 [15360/60000 (26%)]	loss=1.7654
2025-04-25T17:37:39Z INFO     Train Epoch: 1 [16640/60000 (28%)]	loss=1.5976
2025-04-25T17:37:40Z INFO     Train Epoch: 1 [17920/60000 (30%)]	loss=1.3735
2025-04-25T17:37:40Z INFO     Train Epoch: 1 [19200/60000 (32%)]	loss=1.3092
2025-04-25T17:37:40Z INFO     Train Epoch: 1 [20480/60000 (34%)]	loss=1.1875
2025-04-25T17:37:40Z INFO     Train Epoch: 1 [21760/60000 (36%)]	loss=1.0812
2025-04-25T17:37:40Z INFO     Train Epoch: 1 [23040/60000 (38%)]	loss=1.0569
2025-04-25T17:37:40Z INFO     Train Epoch: 1 [24320/60000 (41%)]	loss=1.0204
2025-04-25T17:37:40Z INFO     Train Epoch: 1 [25600/60000 (43%)]	loss=0.9028
2025-04-25T17:37:40Z INFO     Train Epoch: 1 [26880/60000 (45%)]	loss=1.0216
2025-04-25T17:37:40Z INFO     Train Epoch: 1 [28160/60000 (47%)]	loss=1.0539
2025-04-25T17:37:41Z INFO     Train Epoch: 1 [29440/60000 (49%)]	loss=0.9011
2025-04-25T17:37:41Z INFO     Train Epoch: 1 [30720/60000 (51%)]	loss=0.7924
2025-04-25T17:37:41Z INFO     Train Epoch: 1 [32000/60000 (53%)]	loss=1.1942
2025-04-25T17:37:41Z INFO     Train Epoch: 1 [33280/60000 (55%)]	loss=1.0276
2025-04-25T17:37:41Z INFO     Train Epoch: 1 [34560/60000 (58%)]	loss=0.9579
2025-04-25T17:37:41Z INFO     Train Epoch: 1 [35840/60000 (60%)]	loss=0.7880
2025-04-25T17:37:41Z INFO     Train Epoch: 1 [37120/60000 (62%)]	loss=0.9326
2025-04-25T17:37:41Z INFO     Train Epoch: 1 [38400/60000 (64%)]	loss=0.9520
2025-04-25T17:37:41Z INFO     Train Epoch: 1 [39680/60000 (66%)]	loss=0.8625
2025-04-25T17:37:42Z INFO     Train Epoch: 1 [40960/60000 (68%)]	loss=0.8089
2025-04-25T17:37:42Z INFO     Train Epoch: 1 [42240/60000 (70%)]	loss=0.8893
2025-04-25T17:37:42Z INFO     Train Epoch: 1 [43520/60000 (72%)]	loss=0.9444
2025-04-25T17:37:42Z INFO     Train Epoch: 1 [44800/60000 (75%)]	loss=0.9364
2025-04-25T17:37:42Z INFO     Train Epoch: 1 [46080/60000 (77%)]	loss=0.8238
2025-04-25T17:37:42Z INFO     Train Epoch: 1 [47360/60000 (79%)]	loss=0.7678
2025-04-25T17:37:42Z INFO     Train Epoch: 1 [48640/60000 (81%)]	loss=0.8699
2025-04-25T17:37:42Z INFO     Train Epoch: 1 [49920/60000 (83%)]	loss=0.8694
2025-04-25T17:37:42Z INFO     Train Epoch: 1 [51200/60000 (85%)]	loss=0.7854
2025-04-25T17:37:43Z INFO     Train Epoch: 1 [52480/60000 (87%)]	loss=0.6903
2025-04-25T17:37:43Z INFO     Train Epoch: 1 [53760/60000 (90%)]	loss=0.8083
2025-04-25T17:37:43Z INFO     Train Epoch: 1 [55040/60000 (92%)]	loss=0.8800
2025-04-25T17:37:43Z INFO     Train Epoch: 1 [56320/60000 (94%)]	loss=0.8607
2025-04-25T17:37:43Z INFO     Train Epoch: 1 [57600/60000 (96%)]	loss=0.9271
2025-04-25T17:37:43Z INFO     Train Epoch: 1 [58880/60000 (98%)]	loss=0.7696
2025-04-25T17:37:44Z INFO     {metricName: accuracy, metricValue: 0.6871};{metricName: loss, metricValue: 0.8293}

2025-04-25T17:37:44Z INFO     Train Epoch: 2 [0/60000 (0%)]	loss=0.7529
2025-04-25T17:37:44Z INFO     Train Epoch: 2 [1280/60000 (2%)]	loss=0.6799
2025-04-25T17:37:44Z INFO     Train Epoch: 2 [2560/60000 (4%)]	loss=0.7745
2025-04-25T17:37:45Z INFO     Train Epoch: 2 [3840/60000 (6%)]	loss=0.7719
2025-04-25T17:37:45Z INFO     Train Epoch: 2 [5120/60000 (9%)]	loss=0.7509
2025-04-25T17:37:45Z INFO     Train Epoch: 2 [6400/60000 (11%)]	loss=0.7434
2025-04-25T17:37:45Z INFO     Train Epoch: 2 [7680/60000 (13%)]	loss=0.7567
2025-04-25T17:37:45Z INFO     Train Epoch: 2 [8960/60000 (15%)]	loss=0.6601
2025-04-25T17:37:45Z INFO     Train Epoch: 2 [10240/60000 (17%)]	loss=0.7523
2025-04-25T17:37:45Z INFO     Train Epoch: 2 [11520/60000 (19%)]	loss=0.6044
2025-04-25T17:37:45Z INFO     Train Epoch: 2 [12800/60000 (21%)]	loss=0.7417
2025-04-25T17:37:45Z INFO     Train Epoch: 2 [14080/60000 (23%)]	loss=0.6993
2025-04-25T17:37:46Z INFO     Train Epoch: 2 [15360/60000 (26%)]	loss=0.7811
2025-04-25T17:37:46Z INFO     Train Epoch: 2 [16640/60000 (28%)]	loss=0.6441
2025-04-25T17:37:46Z INFO     Train Epoch: 2 [17920/60000 (30%)]	loss=0.7495
2025-04-25T17:37:46Z INFO     Train Epoch: 2 [19200/60000 (32%)]	loss=0.5675
2025-04-25T17:37:46Z INFO     Train Epoch: 2 [20480/60000 (34%)]	loss=0.7972
2025-04-25T17:37:46Z INFO     Train Epoch: 2 [21760/60000 (36%)]	loss=0.6854
2025-04-25T17:37:46Z INFO     Train Epoch: 2 [23040/60000 (38%)]	loss=0.6715
2025-04-25T17:37:46Z INFO     Train Epoch: 2 [24320/60000 (41%)]	loss=0.6477
2025-04-25T17:37:46Z INFO     Train Epoch: 2 [25600/60000 (43%)]	loss=0.6489
2025-04-25T17:37:47Z INFO     Train Epoch: 2 [26880/60000 (45%)]	loss=0.7610
2025-04-25T17:37:47Z INFO     Train Epoch: 2 [28160/60000 (47%)]	loss=0.5766
2025-04-25T17:37:47Z INFO     Train Epoch: 2 [29440/60000 (49%)]	loss=0.8775
2025-04-25T17:37:47Z INFO     Train Epoch: 2 [30720/60000 (51%)]	loss=0.6943
2025-04-25T17:37:47Z INFO     Train Epoch: 2 [32000/60000 (53%)]	loss=0.7694
2025-04-25T17:37:47Z INFO     Train Epoch: 2 [33280/60000 (55%)]	loss=0.6702
2025-04-25T17:37:47Z INFO     Train Epoch: 2 [34560/60000 (58%)]	loss=0.5748
2025-04-25T17:37:47Z INFO     Train Epoch: 2 [35840/60000 (60%)]	loss=0.5414
2025-04-25T17:37:47Z INFO     Train Epoch: 2 [37120/60000 (62%)]	loss=0.7474
2025-04-25T17:37:48Z INFO     Train Epoch: 2 [38400/60000 (64%)]	loss=0.6818
2025-04-25T17:37:48Z INFO     Train Epoch: 2 [39680/60000 (66%)]	loss=0.6227
2025-04-25T17:37:48Z INFO     Train Epoch: 2 [40960/60000 (68%)]	loss=0.7627
2025-04-25T17:37:48Z INFO     Train Epoch: 2 [42240/60000 (70%)]	loss=0.7595
2025-04-25T17:37:48Z INFO     Train Epoch: 2 [43520/60000 (72%)]	loss=0.5806
2025-04-25T17:37:48Z INFO     Train Epoch: 2 [44800/60000 (75%)]	loss=0.5773
2025-04-25T17:37:48Z INFO     Train Epoch: 2 [46080/60000 (77%)]	loss=0.6859
2025-04-25T17:37:48Z INFO     Train Epoch: 2 [47360/60000 (79%)]	loss=0.7645
2025-04-25T17:37:48Z INFO     Train Epoch: 2 [48640/60000 (81%)]	loss=0.5816
2025-04-25T17:37:49Z INFO     Train Epoch: 2 [49920/60000 (83%)]	loss=0.6978
2025-04-25T17:37:49Z INFO     Train Epoch: 2 [51200/60000 (85%)]	loss=0.8264
2025-04-25T17:37:49Z INFO     Train Epoch: 2 [52480/60000 (87%)]	loss=0.5801
2025-04-25T17:37:49Z INFO     Train Epoch: 2 [53760/60000 (90%)]	loss=0.5226
2025-04-25T17:37:49Z INFO     Train Epoch: 2 [55040/60000 (92%)]	loss=0.6890
2025-04-25T17:37:49Z INFO     Train Epoch: 2 [56320/60000 (94%)]	loss=0.7077
2025-04-25T17:37:49Z INFO     Train Epoch: 2 [57600/60000 (96%)]	loss=0.5106
2025-04-25T17:37:49Z INFO     Train Epoch: 2 [58880/60000 (98%)]	loss=0.5991
2025-04-25T17:37:50Z INFO     {metricName: accuracy, metricValue: 0.7606};{metricName: loss, metricValue: 0.6531}

2025-04-25T17:37:50Z INFO     Train Epoch: 3 [0/60000 (0%)]	loss=0.5427
2025-04-25T17:37:51Z INFO     Train Epoch: 3 [1280/60000 (2%)]	loss=0.6463
2025-04-25T17:37:51Z INFO     Train Epoch: 3 [2560/60000 (4%)]	loss=0.5526
2025-04-25T17:37:51Z INFO     Train Epoch: 3 [3840/60000 (6%)]	loss=0.5114
2025-04-25T17:37:51Z INFO     Train Epoch: 3 [5120/60000 (9%)]	loss=0.5637
2025-04-25T17:37:51Z INFO     Train Epoch: 3 [6400/60000 (11%)]	loss=0.6519
2025-04-25T17:37:51Z INFO     Train Epoch: 3 [7680/60000 (13%)]	loss=0.5254
2025-04-25T17:37:51Z INFO     Train Epoch: 3 [8960/60000 (15%)]	loss=0.6369
2025-04-25T17:37:51Z INFO     Train Epoch: 3 [10240/60000 (17%)]	loss=0.6496
2025-04-25T17:37:51Z INFO     Train Epoch: 3 [11520/60000 (19%)]	loss=0.4750
2025-04-25T17:37:52Z INFO     Train Epoch: 3 [12800/60000 (21%)]	loss=0.6921
2025-04-25T17:37:52Z INFO     Train Epoch: 3 [14080/60000 (23%)]	loss=0.6597
2025-04-25T17:37:52Z INFO     Train Epoch: 3 [15360/60000 (26%)]	loss=0.6982
2025-04-25T17:37:52Z INFO     Train Epoch: 3 [16640/60000 (28%)]	loss=0.5780
2025-04-25T17:37:52Z INFO     Train Epoch: 3 [17920/60000 (30%)]	loss=0.6540
2025-04-25T17:37:52Z INFO     Train Epoch: 3 [19200/60000 (32%)]	loss=0.6460
2025-04-25T17:37:52Z INFO     Train Epoch: 3 [20480/60000 (34%)]	loss=0.6267
2025-04-25T17:37:52Z INFO     Train Epoch: 3 [21760/60000 (36%)]	loss=0.4608
2025-04-25T17:37:52Z INFO     Train Epoch: 3 [23040/60000 (38%)]	loss=0.6995
2025-04-25T17:37:53Z INFO     Train Epoch: 3 [24320/60000 (41%)]	loss=0.6106
2025-04-25T17:37:53Z INFO     Train Epoch: 3 [25600/60000 (43%)]	loss=0.5651
2025-04-25T17:37:53Z INFO     Train Epoch: 3 [26880/60000 (45%)]	loss=0.5168
2025-04-25T17:37:53Z INFO     Train Epoch: 3 [28160/60000 (47%)]	loss=0.6822
2025-04-25T17:37:53Z INFO     Train Epoch: 3 [29440/60000 (49%)]	loss=0.6080
2025-04-25T17:37:53Z INFO     Train Epoch: 3 [30720/60000 (51%)]	loss=0.6048
2025-04-25T17:37:53Z INFO     Train Epoch: 3 [32000/60000 (53%)]	loss=0.6248
2025-04-25T17:37:53Z INFO     Train Epoch: 3 [33280/60000 (55%)]	loss=0.6737
2025-04-25T17:37:53Z INFO     Train Epoch: 3 [34560/60000 (58%)]	loss=0.5915
2025-04-25T17:37:54Z INFO     Train Epoch: 3 [35840/60000 (60%)]	loss=0.5712
2025-04-25T17:37:54Z INFO     Train Epoch: 3 [37120/60000 (62%)]	loss=0.5756
2025-04-25T17:37:54Z INFO     Train Epoch: 3 [38400/60000 (64%)]	loss=0.4593
2025-04-25T17:37:54Z INFO     Train Epoch: 3 [39680/60000 (66%)]	loss=0.5209
2025-04-25T17:37:54Z INFO     Train Epoch: 3 [40960/60000 (68%)]	loss=0.5728
2025-04-25T17:37:54Z INFO     Train Epoch: 3 [42240/60000 (70%)]	loss=0.5971
2025-04-25T17:37:54Z INFO     Train Epoch: 3 [43520/60000 (72%)]	loss=0.7321
2025-04-25T17:37:54Z INFO     Train Epoch: 3 [44800/60000 (75%)]	loss=0.5758
2025-04-25T17:37:54Z INFO     Train Epoch: 3 [46080/60000 (77%)]	loss=0.5894
2025-04-25T17:37:55Z INFO     Train Epoch: 3 [47360/60000 (79%)]	loss=0.5952
2025-04-25T17:37:55Z INFO     Train Epoch: 3 [48640/60000 (81%)]	loss=0.5147
2025-04-25T17:37:55Z INFO     Train Epoch: 3 [49920/60000 (83%)]	loss=0.6284
2025-04-25T17:37:55Z INFO     Train Epoch: 3 [51200/60000 (85%)]	loss=0.6642
2025-04-25T17:37:55Z INFO     Train Epoch: 3 [52480/60000 (87%)]	loss=0.6342
2025-04-25T17:37:55Z INFO     Train Epoch: 3 [53760/60000 (90%)]	loss=0.6293
2025-04-25T17:37:55Z INFO     Train Epoch: 3 [55040/60000 (92%)]	loss=0.5999
2025-04-25T17:37:55Z INFO     Train Epoch: 3 [56320/60000 (94%)]	loss=0.6385
2025-04-25T17:37:55Z INFO     Train Epoch: 3 [57600/60000 (96%)]	loss=0.5193
2025-04-25T17:37:56Z INFO     Train Epoch: 3 [58880/60000 (98%)]	loss=0.7673
2025-04-25T17:37:57Z INFO     {metricName: accuracy, metricValue: 0.7751};{metricName: loss, metricValue: 0.5946}

2025-04-25T17:37:57Z INFO     Train Epoch: 4 [0/60000 (0%)]	loss=0.6220
2025-04-25T17:37:57Z INFO     Train Epoch: 4 [1280/60000 (2%)]	loss=0.5159
2025-04-25T17:37:57Z INFO     Train Epoch: 4 [2560/60000 (4%)]	loss=0.4985
2025-04-25T17:37:57Z INFO     Train Epoch: 4 [3840/60000 (6%)]	loss=0.5827
2025-04-25T17:37:57Z INFO     Train Epoch: 4 [5120/60000 (9%)]	loss=0.5008
2025-04-25T17:37:57Z INFO     Train Epoch: 4 [6400/60000 (11%)]	loss=0.5481
2025-04-25T17:37:57Z INFO     Train Epoch: 4 [7680/60000 (13%)]	loss=0.6094
2025-04-25T17:37:57Z INFO     Train Epoch: 4 [8960/60000 (15%)]	loss=0.4798
2025-04-25T17:37:57Z INFO     Train Epoch: 4 [10240/60000 (17%)]	loss=0.6003
2025-04-25T17:37:58Z INFO     Train Epoch: 4 [11520/60000 (19%)]	loss=0.4614
2025-04-25T17:37:58Z INFO     Train Epoch: 4 [12800/60000 (21%)]	loss=0.5896
2025-04-25T17:37:58Z INFO     Train Epoch: 4 [14080/60000 (23%)]	loss=0.5867
2025-04-25T17:37:58Z INFO     Train Epoch: 4 [15360/60000 (26%)]	loss=0.6088
2025-04-25T17:37:58Z INFO     Train Epoch: 4 [16640/60000 (28%)]	loss=0.5997
2025-04-25T17:37:58Z INFO     Train Epoch: 4 [17920/60000 (30%)]	loss=0.5376
2025-04-25T17:37:58Z INFO     Train Epoch: 4 [19200/60000 (32%)]	loss=0.5682
2025-04-25T17:37:58Z INFO     Train Epoch: 4 [20480/60000 (34%)]	loss=0.4878
2025-04-25T17:37:58Z INFO     Train Epoch: 4 [21760/60000 (36%)]	loss=0.5468
2025-04-25T17:37:59Z INFO     Train Epoch: 4 [23040/60000 (38%)]	loss=0.6164
2025-04-25T17:37:59Z INFO     Train Epoch: 4 [24320/60000 (41%)]	loss=0.4904
2025-04-25T17:37:59Z INFO     Train Epoch: 4 [25600/60000 (43%)]	loss=0.5093
2025-04-25T17:37:59Z INFO     Train Epoch: 4 [26880/60000 (45%)]	loss=0.6036
2025-04-25T17:37:59Z INFO     Train Epoch: 4 [28160/60000 (47%)]	loss=0.4004
2025-04-25T17:37:59Z INFO     Train Epoch: 4 [29440/60000 (49%)]	loss=0.4862
2025-04-25T17:37:59Z INFO     Train Epoch: 4 [30720/60000 (51%)]	loss=0.5144
2025-04-25T17:37:59Z INFO     Train Epoch: 4 [32000/60000 (53%)]	loss=0.4832
2025-04-25T17:38:00Z INFO     Train Epoch: 4 [33280/60000 (55%)]	loss=0.5320
2025-04-25T17:38:00Z INFO     Train Epoch: 4 [34560/60000 (58%)]	loss=0.5398
2025-04-25T17:38:00Z INFO     Train Epoch: 4 [35840/60000 (60%)]	loss=0.4963
2025-04-25T17:38:00Z INFO     Train Epoch: 4 [37120/60000 (62%)]	loss=0.4519
2025-04-25T17:38:00Z INFO     Train Epoch: 4 [38400/60000 (64%)]	loss=0.5627
2025-04-25T17:38:00Z INFO     Train Epoch: 4 [39680/60000 (66%)]	loss=0.4885
2025-04-25T17:38:00Z INFO     Train Epoch: 4 [40960/60000 (68%)]	loss=0.5178
2025-04-25T17:38:00Z INFO     Train Epoch: 4 [42240/60000 (70%)]	loss=0.6518
2025-04-25T17:38:00Z INFO     Train Epoch: 4 [43520/60000 (72%)]	loss=0.5744
2025-04-25T17:38:01Z INFO     Train Epoch: 4 [44800/60000 (75%)]	loss=0.6392
2025-04-25T17:38:01Z INFO     Train Epoch: 4 [46080/60000 (77%)]	loss=0.5465
2025-04-25T17:38:01Z INFO     Train Epoch: 4 [47360/60000 (79%)]	loss=0.4486
2025-04-25T17:38:01Z INFO     Train Epoch: 4 [48640/60000 (81%)]	loss=0.4378
2025-04-25T17:38:01Z INFO     Train Epoch: 4 [49920/60000 (83%)]	loss=0.5649
2025-04-25T17:38:01Z INFO     Train Epoch: 4 [51200/60000 (85%)]	loss=0.5495
2025-04-25T17:38:01Z INFO     Train Epoch: 4 [52480/60000 (87%)]	loss=0.4780
2025-04-25T17:38:01Z INFO     Train Epoch: 4 [53760/60000 (90%)]	loss=0.4861
2025-04-25T17:38:01Z INFO     Train Epoch: 4 [55040/60000 (92%)]	loss=0.5654
2025-04-25T17:38:02Z INFO     Train Epoch: 4 [56320/60000 (94%)]	loss=0.4378
2025-04-25T17:38:02Z INFO     Train Epoch: 4 [57600/60000 (96%)]	loss=0.3740
2025-04-25T17:38:02Z INFO     Train Epoch: 4 [58880/60000 (98%)]	loss=0.4255
2025-04-25T17:38:03Z INFO     {metricName: accuracy, metricValue: 0.8071};{metricName: loss, metricValue: 0.5316}

Took total 30.93 seconds
Took after init_process_group 28.51 seconds

real	0m32.080s
user	0m35.419s
sys	0m7.919s
