Using CUDA
Using distributed PyTorch with nccl backend
2025-04-25T17:38:09Z INFO     Added key: store_based_barrier_key:1 to store for rank: 0
2025-04-25T17:38:09Z INFO     Rank 0: Completed store-based barrier for key:store_based_barrier_key:1 with 2 nodes.
Took 2.38 seconds
pytorch-mnist-master-0:38:38 [0] NCCL INFO Bootstrap : Using eth0:10.244.2.40<0>
pytorch-mnist-master-0:38:38 [0] NCCL INFO NET/Plugin : No plugin found (libnccl-net.so), using internal implementation
pytorch-mnist-master-0:38:38 [0] NCCL INFO NET/IB : Using [0]mlx5_0:1/IB ; OOB eth0:10.244.2.40<0>
pytorch-mnist-master-0:38:38 [0] NCCL INFO Using network IB
NCCL version 2.10.3+cuda10.2
pytorch-mnist-master-0:38:124 [0] NCCL INFO NET/IB : GPU Direct RDMA Disabled for HCA 0 'mlx5_0' (no module)
pytorch-mnist-master-0:38:124 [0] NCCL INFO NET/IB : GPU Direct RDMA Disabled for HCA 0 'mlx5_0' (no module)
pytorch-mnist-master-0:38:124 [0] NCCL INFO Channel 00/02 :    0   1
pytorch-mnist-master-0:38:124 [0] NCCL INFO Channel 01/02 :    0   1
pytorch-mnist-master-0:38:124 [0] NCCL INFO Trees [0] 1/-1/-1->0->-1 [1] -1/-1/-1->0->1
pytorch-mnist-master-0:38:124 [0] NCCL INFO Setting affinity for GPU 0 to 0fffff
pytorch-mnist-master-0:38:124 [0] NCCL INFO Channel 00 : 1[100000] -> 0[100000] [receive] via NET/IB/0
pytorch-mnist-master-0:38:124 [0] NCCL INFO Channel 01 : 1[100000] -> 0[100000] [receive] via NET/IB/0
pytorch-mnist-master-0:38:124 [0] NCCL INFO Channel 00 : 0[100000] -> 1[100000] [send] via NET/IB/0
pytorch-mnist-master-0:38:124 [0] NCCL INFO Channel 01 : 0[100000] -> 1[100000] [send] via NET/IB/0
pytorch-mnist-master-0:38:124 [0] NCCL INFO NET/IB: Dev 0 Port 1 qpn 330 mtu 5 LID 153
pytorch-mnist-master-0:38:124 [0] NCCL INFO NET/IB: Dev 0 Port 1 qpn 342 mtu 5 LID 153
pytorch-mnist-master-0:38:124 [0] NCCL INFO Connected all rings
pytorch-mnist-master-0:38:124 [0] NCCL INFO Connected all trees
pytorch-mnist-master-0:38:124 [0] NCCL INFO threadThresholds 8/8/64 | 16/8/64 | 8/8/512
pytorch-mnist-master-0:38:124 [0] NCCL INFO 2 coll channels, 2 p2p channels, 1 p2p channels per peer
pytorch-mnist-master-0:38:124 [0] NCCL INFO comm 0x7e5094001360 rank 0 nranks 2 cudaDev 0 busId 100000 - Init COMPLETE
pytorch-mnist-master-0:38:38 [0] NCCL INFO Launch mode Parallel
2025-04-25T17:38:13Z INFO     Train Epoch: 1 [0/60000 (0%)]	loss=2.3015
2025-04-25T17:38:13Z INFO     Reducer buckets have been rebuilt in this iteration.
2025-04-25T17:38:13Z INFO     Train Epoch: 1 [1280/60000 (2%)]	loss=2.2863
2025-04-25T17:38:13Z INFO     Train Epoch: 1 [2560/60000 (4%)]	loss=2.2854
2025-04-25T17:38:13Z INFO     Train Epoch: 1 [3840/60000 (6%)]	loss=2.2727
2025-04-25T17:38:13Z INFO     Train Epoch: 1 [5120/60000 (9%)]	loss=2.2693
2025-04-25T17:38:14Z INFO     Train Epoch: 1 [6400/60000 (11%)]	loss=2.2500
2025-04-25T17:38:14Z INFO     Train Epoch: 1 [7680/60000 (13%)]	loss=2.2421
2025-04-25T17:38:14Z INFO     Train Epoch: 1 [8960/60000 (15%)]	loss=2.2029
2025-04-25T17:38:14Z INFO     Train Epoch: 1 [10240/60000 (17%)]	loss=2.1878
2025-04-25T17:38:14Z INFO     Train Epoch: 1 [11520/60000 (19%)]	loss=2.1322
2025-04-25T17:38:14Z INFO     Train Epoch: 1 [12800/60000 (21%)]	loss=2.0497
2025-04-25T17:38:14Z INFO     Train Epoch: 1 [14080/60000 (23%)]	loss=1.9477
2025-04-25T17:38:14Z INFO     Train Epoch: 1 [15360/60000 (26%)]	loss=1.7656
2025-04-25T17:38:14Z INFO     Train Epoch: 1 [16640/60000 (28%)]	loss=1.5977
2025-04-25T17:38:15Z INFO     Train Epoch: 1 [17920/60000 (30%)]	loss=1.3736
2025-04-25T17:38:15Z INFO     Train Epoch: 1 [19200/60000 (32%)]	loss=1.3094
2025-04-25T17:38:15Z INFO     Train Epoch: 1 [20480/60000 (34%)]	loss=1.1859
2025-04-25T17:38:15Z INFO     Train Epoch: 1 [21760/60000 (36%)]	loss=1.0812
2025-04-25T17:38:15Z INFO     Train Epoch: 1 [23040/60000 (38%)]	loss=1.0569
2025-04-25T17:38:15Z INFO     Train Epoch: 1 [24320/60000 (41%)]	loss=1.0205
2025-04-25T17:38:15Z INFO     Train Epoch: 1 [25600/60000 (43%)]	loss=0.9024
2025-04-25T17:38:15Z INFO     Train Epoch: 1 [26880/60000 (45%)]	loss=1.0208
2025-04-25T17:38:15Z INFO     Train Epoch: 1 [28160/60000 (47%)]	loss=1.0544
2025-04-25T17:38:16Z INFO     Train Epoch: 1 [29440/60000 (49%)]	loss=0.9006
2025-04-25T17:38:16Z INFO     Train Epoch: 1 [30720/60000 (51%)]	loss=0.7917
2025-04-25T17:38:16Z INFO     Train Epoch: 1 [32000/60000 (53%)]	loss=1.1943
2025-04-25T17:38:16Z INFO     Train Epoch: 1 [33280/60000 (55%)]	loss=1.0274
2025-04-25T17:38:16Z INFO     Train Epoch: 1 [34560/60000 (58%)]	loss=0.9589
2025-04-25T17:38:16Z INFO     Train Epoch: 1 [35840/60000 (60%)]	loss=0.7879
2025-04-25T17:38:16Z INFO     Train Epoch: 1 [37120/60000 (62%)]	loss=0.9325
2025-04-25T17:38:16Z INFO     Train Epoch: 1 [38400/60000 (64%)]	loss=0.9518
2025-04-25T17:38:17Z INFO     Train Epoch: 1 [39680/60000 (66%)]	loss=0.8625
2025-04-25T17:38:17Z INFO     Train Epoch: 1 [40960/60000 (68%)]	loss=0.8088
2025-04-25T17:38:17Z INFO     Train Epoch: 1 [42240/60000 (70%)]	loss=0.8890
2025-04-25T17:38:17Z INFO     Train Epoch: 1 [43520/60000 (72%)]	loss=0.9468
2025-04-25T17:38:17Z INFO     Train Epoch: 1 [44800/60000 (75%)]	loss=0.9365
2025-04-25T17:38:17Z INFO     Train Epoch: 1 [46080/60000 (77%)]	loss=0.8252
2025-04-25T17:38:17Z INFO     Train Epoch: 1 [47360/60000 (79%)]	loss=0.7688
2025-04-25T17:38:17Z INFO     Train Epoch: 1 [48640/60000 (81%)]	loss=0.8698
2025-04-25T17:38:17Z INFO     Train Epoch: 1 [49920/60000 (83%)]	loss=0.8699
2025-04-25T17:38:18Z INFO     Train Epoch: 1 [51200/60000 (85%)]	loss=0.7853
2025-04-25T17:38:18Z INFO     Train Epoch: 1 [52480/60000 (87%)]	loss=0.6907
2025-04-25T17:38:18Z INFO     Train Epoch: 1 [53760/60000 (90%)]	loss=0.8080
2025-04-25T17:38:18Z INFO     Train Epoch: 1 [55040/60000 (92%)]	loss=0.8808
2025-04-25T17:38:18Z INFO     Train Epoch: 1 [56320/60000 (94%)]	loss=0.8606
2025-04-25T17:38:18Z INFO     Train Epoch: 1 [57600/60000 (96%)]	loss=0.9278
2025-04-25T17:38:18Z INFO     Train Epoch: 1 [58880/60000 (98%)]	loss=0.7698
2025-04-25T17:38:19Z INFO     {metricName: accuracy, metricValue: 0.6868};{metricName: loss, metricValue: 0.8300}

2025-04-25T17:38:19Z INFO     Train Epoch: 2 [0/60000 (0%)]	loss=0.7531
2025-04-25T17:38:19Z INFO     Train Epoch: 2 [1280/60000 (2%)]	loss=0.6784
2025-04-25T17:38:19Z INFO     Train Epoch: 2 [2560/60000 (4%)]	loss=0.7737
2025-04-25T17:38:20Z INFO     Train Epoch: 2 [3840/60000 (6%)]	loss=0.7712
2025-04-25T17:38:20Z INFO     Train Epoch: 2 [5120/60000 (9%)]	loss=0.7513
2025-04-25T17:38:20Z INFO     Train Epoch: 2 [6400/60000 (11%)]	loss=0.7427
2025-04-25T17:38:20Z INFO     Train Epoch: 2 [7680/60000 (13%)]	loss=0.7577
2025-04-25T17:38:20Z INFO     Train Epoch: 2 [8960/60000 (15%)]	loss=0.6596
2025-04-25T17:38:20Z INFO     Train Epoch: 2 [10240/60000 (17%)]	loss=0.7525
2025-04-25T17:38:20Z INFO     Train Epoch: 2 [11520/60000 (19%)]	loss=0.6046
2025-04-25T17:38:20Z INFO     Train Epoch: 2 [12800/60000 (21%)]	loss=0.7414
2025-04-25T17:38:21Z INFO     Train Epoch: 2 [14080/60000 (23%)]	loss=0.6990
2025-04-25T17:38:21Z INFO     Train Epoch: 2 [15360/60000 (26%)]	loss=0.7802
2025-04-25T17:38:21Z INFO     Train Epoch: 2 [16640/60000 (28%)]	loss=0.6447
2025-04-25T17:38:21Z INFO     Train Epoch: 2 [17920/60000 (30%)]	loss=0.7490
2025-04-25T17:38:21Z INFO     Train Epoch: 2 [19200/60000 (32%)]	loss=0.5675
2025-04-25T17:38:21Z INFO     Train Epoch: 2 [20480/60000 (34%)]	loss=0.7963
2025-04-25T17:38:21Z INFO     Train Epoch: 2 [21760/60000 (36%)]	loss=0.6860
2025-04-25T17:38:21Z INFO     Train Epoch: 2 [23040/60000 (38%)]	loss=0.6721
2025-04-25T17:38:21Z INFO     Train Epoch: 2 [24320/60000 (41%)]	loss=0.6472
2025-04-25T17:38:22Z INFO     Train Epoch: 2 [25600/60000 (43%)]	loss=0.6489
2025-04-25T17:38:22Z INFO     Train Epoch: 2 [26880/60000 (45%)]	loss=0.7609
2025-04-25T17:38:22Z INFO     Train Epoch: 2 [28160/60000 (47%)]	loss=0.5771
2025-04-25T17:38:22Z INFO     Train Epoch: 2 [29440/60000 (49%)]	loss=0.8761
2025-04-25T17:38:22Z INFO     Train Epoch: 2 [30720/60000 (51%)]	loss=0.6967
2025-04-25T17:38:22Z INFO     Train Epoch: 2 [32000/60000 (53%)]	loss=0.7681
2025-04-25T17:38:22Z INFO     Train Epoch: 2 [33280/60000 (55%)]	loss=0.6711
2025-04-25T17:38:22Z INFO     Train Epoch: 2 [34560/60000 (58%)]	loss=0.5768
2025-04-25T17:38:22Z INFO     Train Epoch: 2 [35840/60000 (60%)]	loss=0.5421
2025-04-25T17:38:23Z INFO     Train Epoch: 2 [37120/60000 (62%)]	loss=0.7463
2025-04-25T17:38:23Z INFO     Train Epoch: 2 [38400/60000 (64%)]	loss=0.6821
2025-04-25T17:38:23Z INFO     Train Epoch: 2 [39680/60000 (66%)]	loss=0.6219
2025-04-25T17:38:23Z INFO     Train Epoch: 2 [40960/60000 (68%)]	loss=0.7638
2025-04-25T17:38:23Z INFO     Train Epoch: 2 [42240/60000 (70%)]	loss=0.7601
2025-04-25T17:38:23Z INFO     Train Epoch: 2 [43520/60000 (72%)]	loss=0.5814
2025-04-25T17:38:23Z INFO     Train Epoch: 2 [44800/60000 (75%)]	loss=0.5781
2025-04-25T17:38:23Z INFO     Train Epoch: 2 [46080/60000 (77%)]	loss=0.6868
2025-04-25T17:38:23Z INFO     Train Epoch: 2 [47360/60000 (79%)]	loss=0.7638
2025-04-25T17:38:24Z INFO     Train Epoch: 2 [48640/60000 (81%)]	loss=0.5821
2025-04-25T17:38:24Z INFO     Train Epoch: 2 [49920/60000 (83%)]	loss=0.6979
2025-04-25T17:38:24Z INFO     Train Epoch: 2 [51200/60000 (85%)]	loss=0.8275
2025-04-25T17:38:24Z INFO     Train Epoch: 2 [52480/60000 (87%)]	loss=0.5802
2025-04-25T17:38:24Z INFO     Train Epoch: 2 [53760/60000 (90%)]	loss=0.5212
2025-04-25T17:38:24Z INFO     Train Epoch: 2 [55040/60000 (92%)]	loss=0.6877
2025-04-25T17:38:24Z INFO     Train Epoch: 2 [56320/60000 (94%)]	loss=0.7080
2025-04-25T17:38:24Z INFO     Train Epoch: 2 [57600/60000 (96%)]	loss=0.5103
2025-04-25T17:38:24Z INFO     Train Epoch: 2 [58880/60000 (98%)]	loss=0.5996
2025-04-25T17:38:25Z INFO     {metricName: accuracy, metricValue: 0.7614};{metricName: loss, metricValue: 0.6526}

2025-04-25T17:38:26Z INFO     Train Epoch: 3 [0/60000 (0%)]	loss=0.5437
2025-04-25T17:38:26Z INFO     Train Epoch: 3 [1280/60000 (2%)]	loss=0.6461
2025-04-25T17:38:26Z INFO     Train Epoch: 3 [2560/60000 (4%)]	loss=0.5550
2025-04-25T17:38:26Z INFO     Train Epoch: 3 [3840/60000 (6%)]	loss=0.5124
2025-04-25T17:38:26Z INFO     Train Epoch: 3 [5120/60000 (9%)]	loss=0.5634
2025-04-25T17:38:26Z INFO     Train Epoch: 3 [6400/60000 (11%)]	loss=0.6525
2025-04-25T17:38:26Z INFO     Train Epoch: 3 [7680/60000 (13%)]	loss=0.5261
2025-04-25T17:38:26Z INFO     Train Epoch: 3 [8960/60000 (15%)]	loss=0.6357
2025-04-25T17:38:26Z INFO     Train Epoch: 3 [10240/60000 (17%)]	loss=0.6509
2025-04-25T17:38:27Z INFO     Train Epoch: 3 [11520/60000 (19%)]	loss=0.4743
2025-04-25T17:38:27Z INFO     Train Epoch: 3 [12800/60000 (21%)]	loss=0.6917
2025-04-25T17:38:27Z INFO     Train Epoch: 3 [14080/60000 (23%)]	loss=0.6613
2025-04-25T17:38:27Z INFO     Train Epoch: 3 [15360/60000 (26%)]	loss=0.6985
2025-04-25T17:38:27Z INFO     Train Epoch: 3 [16640/60000 (28%)]	loss=0.5782
2025-04-25T17:38:27Z INFO     Train Epoch: 3 [17920/60000 (30%)]	loss=0.6527
2025-04-25T17:38:27Z INFO     Train Epoch: 3 [19200/60000 (32%)]	loss=0.6452
2025-04-25T17:38:27Z INFO     Train Epoch: 3 [20480/60000 (34%)]	loss=0.6266
2025-04-25T17:38:27Z INFO     Train Epoch: 3 [21760/60000 (36%)]	loss=0.4623
2025-04-25T17:38:28Z INFO     Train Epoch: 3 [23040/60000 (38%)]	loss=0.7010
2025-04-25T17:38:28Z INFO     Train Epoch: 3 [24320/60000 (41%)]	loss=0.6098
2025-04-25T17:38:28Z INFO     Train Epoch: 3 [25600/60000 (43%)]	loss=0.5665
2025-04-25T17:38:28Z INFO     Train Epoch: 3 [26880/60000 (45%)]	loss=0.5168
2025-04-25T17:38:28Z INFO     Train Epoch: 3 [28160/60000 (47%)]	loss=0.6812
2025-04-25T17:38:28Z INFO     Train Epoch: 3 [29440/60000 (49%)]	loss=0.6100
2025-04-25T17:38:28Z INFO     Train Epoch: 3 [30720/60000 (51%)]	loss=0.6057
2025-04-25T17:38:28Z INFO     Train Epoch: 3 [32000/60000 (53%)]	loss=0.6239
2025-04-25T17:38:29Z INFO     Train Epoch: 3 [33280/60000 (55%)]	loss=0.6735
2025-04-25T17:38:29Z INFO     Train Epoch: 3 [34560/60000 (58%)]	loss=0.5927
2025-04-25T17:38:29Z INFO     Train Epoch: 3 [35840/60000 (60%)]	loss=0.5718
2025-04-25T17:38:29Z INFO     Train Epoch: 3 [37120/60000 (62%)]	loss=0.5748
2025-04-25T17:38:29Z INFO     Train Epoch: 3 [38400/60000 (64%)]	loss=0.4603
2025-04-25T17:38:29Z INFO     Train Epoch: 3 [39680/60000 (66%)]	loss=0.5212
2025-04-25T17:38:29Z INFO     Train Epoch: 3 [40960/60000 (68%)]	loss=0.5735
2025-04-25T17:38:29Z INFO     Train Epoch: 3 [42240/60000 (70%)]	loss=0.5971
2025-04-25T17:38:29Z INFO     Train Epoch: 3 [43520/60000 (72%)]	loss=0.7297
2025-04-25T17:38:30Z INFO     Train Epoch: 3 [44800/60000 (75%)]	loss=0.5766
2025-04-25T17:38:30Z INFO     Train Epoch: 3 [46080/60000 (77%)]	loss=0.5910
2025-04-25T17:38:30Z INFO     Train Epoch: 3 [47360/60000 (79%)]	loss=0.5958
2025-04-25T17:38:30Z INFO     Train Epoch: 3 [48640/60000 (81%)]	loss=0.5143
2025-04-25T17:38:30Z INFO     Train Epoch: 3 [49920/60000 (83%)]	loss=0.6272
2025-04-25T17:38:30Z INFO     Train Epoch: 3 [51200/60000 (85%)]	loss=0.6652
2025-04-25T17:38:30Z INFO     Train Epoch: 3 [52480/60000 (87%)]	loss=0.6339
2025-04-25T17:38:30Z INFO     Train Epoch: 3 [53760/60000 (90%)]	loss=0.6298
2025-04-25T17:38:30Z INFO     Train Epoch: 3 [55040/60000 (92%)]	loss=0.6004
2025-04-25T17:38:31Z INFO     Train Epoch: 3 [56320/60000 (94%)]	loss=0.6392
2025-04-25T17:38:31Z INFO     Train Epoch: 3 [57600/60000 (96%)]	loss=0.5194
2025-04-25T17:38:31Z INFO     Train Epoch: 3 [58880/60000 (98%)]	loss=0.7658
2025-04-25T17:38:32Z INFO     {metricName: accuracy, metricValue: 0.7747};{metricName: loss, metricValue: 0.5963}

2025-04-25T17:38:32Z INFO     Train Epoch: 4 [0/60000 (0%)]	loss=0.6229
2025-04-25T17:38:32Z INFO     Train Epoch: 4 [1280/60000 (2%)]	loss=0.5155
2025-04-25T17:38:32Z INFO     Train Epoch: 4 [2560/60000 (4%)]	loss=0.4983
2025-04-25T17:38:32Z INFO     Train Epoch: 4 [3840/60000 (6%)]	loss=0.5818
2025-04-25T17:38:32Z INFO     Train Epoch: 4 [5120/60000 (9%)]	loss=0.5003
2025-04-25T17:38:32Z INFO     Train Epoch: 4 [6400/60000 (11%)]	loss=0.5478
2025-04-25T17:38:32Z INFO     Train Epoch: 4 [7680/60000 (13%)]	loss=0.6099
2025-04-25T17:38:33Z INFO     Train Epoch: 4 [8960/60000 (15%)]	loss=0.4799
2025-04-25T17:38:33Z INFO     Train Epoch: 4 [10240/60000 (17%)]	loss=0.5999
2025-04-25T17:38:33Z INFO     Train Epoch: 4 [11520/60000 (19%)]	loss=0.4619
2025-04-25T17:38:33Z INFO     Train Epoch: 4 [12800/60000 (21%)]	loss=0.5888
2025-04-25T17:38:33Z INFO     Train Epoch: 4 [14080/60000 (23%)]	loss=0.5869
2025-04-25T17:38:33Z INFO     Train Epoch: 4 [15360/60000 (26%)]	loss=0.6090
2025-04-25T17:38:33Z INFO     Train Epoch: 4 [16640/60000 (28%)]	loss=0.5972
2025-04-25T17:38:33Z INFO     Train Epoch: 4 [17920/60000 (30%)]	loss=0.5381
2025-04-25T17:38:34Z INFO     Train Epoch: 4 [19200/60000 (32%)]	loss=0.5678
2025-04-25T17:38:34Z INFO     Train Epoch: 4 [20480/60000 (34%)]	loss=0.4886
2025-04-25T17:38:34Z INFO     Train Epoch: 4 [21760/60000 (36%)]	loss=0.5469
2025-04-25T17:38:34Z INFO     Train Epoch: 4 [23040/60000 (38%)]	loss=0.6164
2025-04-25T17:38:34Z INFO     Train Epoch: 4 [24320/60000 (41%)]	loss=0.4905
2025-04-25T17:38:34Z INFO     Train Epoch: 4 [25600/60000 (43%)]	loss=0.5086
2025-04-25T17:38:34Z INFO     Train Epoch: 4 [26880/60000 (45%)]	loss=0.6029
2025-04-25T17:38:34Z INFO     Train Epoch: 4 [28160/60000 (47%)]	loss=0.4009
2025-04-25T17:38:34Z INFO     Train Epoch: 4 [29440/60000 (49%)]	loss=0.4863
2025-04-25T17:38:35Z INFO     Train Epoch: 4 [30720/60000 (51%)]	loss=0.5148
2025-04-25T17:38:35Z INFO     Train Epoch: 4 [32000/60000 (53%)]	loss=0.4829
2025-04-25T17:38:35Z INFO     Train Epoch: 4 [33280/60000 (55%)]	loss=0.5304
2025-04-25T17:38:35Z INFO     Train Epoch: 4 [34560/60000 (58%)]	loss=0.5404
2025-04-25T17:38:35Z INFO     Train Epoch: 4 [35840/60000 (60%)]	loss=0.4964
2025-04-25T17:38:35Z INFO     Train Epoch: 4 [37120/60000 (62%)]	loss=0.4531
2025-04-25T17:38:35Z INFO     Train Epoch: 4 [38400/60000 (64%)]	loss=0.5633
2025-04-25T17:38:35Z INFO     Train Epoch: 4 [39680/60000 (66%)]	loss=0.4876
2025-04-25T17:38:35Z INFO     Train Epoch: 4 [40960/60000 (68%)]	loss=0.5173
2025-04-25T17:38:36Z INFO     Train Epoch: 4 [42240/60000 (70%)]	loss=0.6534
2025-04-25T17:38:36Z INFO     Train Epoch: 4 [43520/60000 (72%)]	loss=0.5746
2025-04-25T17:38:36Z INFO     Train Epoch: 4 [44800/60000 (75%)]	loss=0.6384
2025-04-25T17:38:36Z INFO     Train Epoch: 4 [46080/60000 (77%)]	loss=0.5464
2025-04-25T17:38:36Z INFO     Train Epoch: 4 [47360/60000 (79%)]	loss=0.4490
2025-04-25T17:38:36Z INFO     Train Epoch: 4 [48640/60000 (81%)]	loss=0.4358
2025-04-25T17:38:36Z INFO     Train Epoch: 4 [49920/60000 (83%)]	loss=0.5659
2025-04-25T17:38:36Z INFO     Train Epoch: 4 [51200/60000 (85%)]	loss=0.5476
2025-04-25T17:38:37Z INFO     Train Epoch: 4 [52480/60000 (87%)]	loss=0.4780
2025-04-25T17:38:37Z INFO     Train Epoch: 4 [53760/60000 (90%)]	loss=0.4860
2025-04-25T17:38:37Z INFO     Train Epoch: 4 [55040/60000 (92%)]	loss=0.5651
2025-04-25T17:38:37Z INFO     Train Epoch: 4 [56320/60000 (94%)]	loss=0.4392
2025-04-25T17:38:37Z INFO     Train Epoch: 4 [57600/60000 (96%)]	loss=0.3744
2025-04-25T17:38:37Z INFO     Train Epoch: 4 [58880/60000 (98%)]	loss=0.4255
2025-04-25T17:38:38Z INFO     {metricName: accuracy, metricValue: 0.8071};{metricName: loss, metricValue: 0.5320}

Took total 31.21 seconds
Took after init_process_group 28.83 seconds

real	0m32.373s
user	0m39.773s
sys	0m10.390s
