Using CUDA
Using distributed PyTorch with nccl backend
2025-04-25T17:35:49Z INFO     Added key: store_based_barrier_key:1 to store for rank: 0
2025-04-25T17:35:49Z INFO     Rank 0: Completed store-based barrier for key:store_based_barrier_key:1 with 2 nodes.
Took 8.33 seconds
pytorch-mnist-master-0:38:38 [0] NCCL INFO Bootstrap : Using eth0:10.244.2.36<0>
pytorch-mnist-master-0:38:38 [0] NCCL INFO NET/Plugin : No plugin found (libnccl-net.so), using internal implementation
pytorch-mnist-master-0:38:38 [0] NCCL INFO NET/IB : Using [0]mlx5_0:1/IB ; OOB eth0:10.244.2.36<0>
pytorch-mnist-master-0:38:38 [0] NCCL INFO Using network IB
NCCL version 2.10.3+cuda10.2
pytorch-mnist-master-0:38:124 [0] NCCL INFO NET/IB : GPU Direct RDMA Disabled for HCA 0 'mlx5_0' (no module)
pytorch-mnist-master-0:38:124 [0] NCCL INFO NET/IB : GPU Direct RDMA Disabled for HCA 0 'mlx5_0' (no module)
pytorch-mnist-master-0:38:124 [0] NCCL INFO Channel 00/02 :    0   1
pytorch-mnist-master-0:38:124 [0] NCCL INFO Channel 01/02 :    0   1
pytorch-mnist-master-0:38:124 [0] NCCL INFO Trees [0] 1/-1/-1->0->-1 [1] -1/-1/-1->0->1
pytorch-mnist-master-0:38:124 [0] NCCL INFO Setting affinity for GPU 0 to 0fffff
pytorch-mnist-master-0:38:124 [0] NCCL INFO Channel 00 : 1[100000] -> 0[100000] [receive] via NET/IB/0
pytorch-mnist-master-0:38:124 [0] NCCL INFO Channel 01 : 1[100000] -> 0[100000] [receive] via NET/IB/0
pytorch-mnist-master-0:38:124 [0] NCCL INFO Channel 00 : 0[100000] -> 1[100000] [send] via NET/IB/0
pytorch-mnist-master-0:38:124 [0] NCCL INFO Channel 01 : 0[100000] -> 1[100000] [send] via NET/IB/0
pytorch-mnist-master-0:38:124 [0] NCCL INFO NET/IB: Dev 0 Port 1 qpn 359 mtu 5 LID 153
pytorch-mnist-master-0:38:124 [0] NCCL INFO NET/IB: Dev 0 Port 1 qpn 360 mtu 5 LID 153
pytorch-mnist-master-0:38:124 [0] NCCL INFO Connected all rings
pytorch-mnist-master-0:38:124 [0] NCCL INFO Connected all trees
pytorch-mnist-master-0:38:124 [0] NCCL INFO threadThresholds 8/8/64 | 16/8/64 | 8/8/512
pytorch-mnist-master-0:38:124 [0] NCCL INFO 2 coll channels, 2 p2p channels, 1 p2p channels per peer
pytorch-mnist-master-0:38:124 [0] NCCL INFO comm 0x7370e8001360 rank 0 nranks 2 cudaDev 0 busId 100000 - Init COMPLETE
pytorch-mnist-master-0:38:38 [0] NCCL INFO Launch mode Parallel
2025-04-25T17:35:53Z INFO     Train Epoch: 1 [0/60000 (0%)]	loss=2.3015
2025-04-25T17:35:53Z INFO     Reducer buckets have been rebuilt in this iteration.
2025-04-25T17:35:53Z INFO     Train Epoch: 1 [1280/60000 (2%)]	loss=2.2863
2025-04-25T17:35:53Z INFO     Train Epoch: 1 [2560/60000 (4%)]	loss=2.2854
2025-04-25T17:35:53Z INFO     Train Epoch: 1 [3840/60000 (6%)]	loss=2.2727
2025-04-25T17:35:53Z INFO     Train Epoch: 1 [5120/60000 (9%)]	loss=2.2693
2025-04-25T17:35:53Z INFO     Train Epoch: 1 [6400/60000 (11%)]	loss=2.2499
2025-04-25T17:35:53Z INFO     Train Epoch: 1 [7680/60000 (13%)]	loss=2.2420
2025-04-25T17:35:54Z INFO     Train Epoch: 1 [8960/60000 (15%)]	loss=2.2029
2025-04-25T17:35:54Z INFO     Train Epoch: 1 [10240/60000 (17%)]	loss=2.1878
2025-04-25T17:35:54Z INFO     Train Epoch: 1 [11520/60000 (19%)]	loss=2.1322
2025-04-25T17:35:54Z INFO     Train Epoch: 1 [12800/60000 (21%)]	loss=2.0496
2025-04-25T17:35:54Z INFO     Train Epoch: 1 [14080/60000 (23%)]	loss=1.9475
2025-04-25T17:35:54Z INFO     Train Epoch: 1 [15360/60000 (26%)]	loss=1.7655
2025-04-25T17:35:54Z INFO     Train Epoch: 1 [16640/60000 (28%)]	loss=1.5976
2025-04-25T17:35:54Z INFO     Train Epoch: 1 [17920/60000 (30%)]	loss=1.3733
2025-04-25T17:35:54Z INFO     Train Epoch: 1 [19200/60000 (32%)]	loss=1.3089
2025-04-25T17:35:55Z INFO     Train Epoch: 1 [20480/60000 (34%)]	loss=1.1869
2025-04-25T17:35:55Z INFO     Train Epoch: 1 [21760/60000 (36%)]	loss=1.0812
2025-04-25T17:35:55Z INFO     Train Epoch: 1 [23040/60000 (38%)]	loss=1.0568
2025-04-25T17:35:55Z INFO     Train Epoch: 1 [24320/60000 (41%)]	loss=1.0204
2025-04-25T17:35:55Z INFO     Train Epoch: 1 [25600/60000 (43%)]	loss=0.9022
2025-04-25T17:35:55Z INFO     Train Epoch: 1 [26880/60000 (45%)]	loss=1.0212
2025-04-25T17:35:55Z INFO     Train Epoch: 1 [28160/60000 (47%)]	loss=1.0536
2025-04-25T17:35:55Z INFO     Train Epoch: 1 [29440/60000 (49%)]	loss=0.9014
2025-04-25T17:35:55Z INFO     Train Epoch: 1 [30720/60000 (51%)]	loss=0.7922
2025-04-25T17:35:56Z INFO     Train Epoch: 1 [32000/60000 (53%)]	loss=1.1953
2025-04-25T17:35:56Z INFO     Train Epoch: 1 [33280/60000 (55%)]	loss=1.0282
2025-04-25T17:35:56Z INFO     Train Epoch: 1 [34560/60000 (58%)]	loss=0.9582
2025-04-25T17:35:56Z INFO     Train Epoch: 1 [35840/60000 (60%)]	loss=0.7888
2025-04-25T17:35:56Z INFO     Train Epoch: 1 [37120/60000 (62%)]	loss=0.9339
2025-04-25T17:35:56Z INFO     Train Epoch: 1 [38400/60000 (64%)]	loss=0.9515
2025-04-25T17:35:56Z INFO     Train Epoch: 1 [39680/60000 (66%)]	loss=0.8628
2025-04-25T17:35:56Z INFO     Train Epoch: 1 [40960/60000 (68%)]	loss=0.8088
2025-04-25T17:35:56Z INFO     Train Epoch: 1 [42240/60000 (70%)]	loss=0.8877
2025-04-25T17:35:57Z INFO     Train Epoch: 1 [43520/60000 (72%)]	loss=0.9443
2025-04-25T17:35:57Z INFO     Train Epoch: 1 [44800/60000 (75%)]	loss=0.9359
2025-04-25T17:35:57Z INFO     Train Epoch: 1 [46080/60000 (77%)]	loss=0.8244
2025-04-25T17:35:57Z INFO     Train Epoch: 1 [47360/60000 (79%)]	loss=0.7681
2025-04-25T17:35:57Z INFO     Train Epoch: 1 [48640/60000 (81%)]	loss=0.8692
2025-04-25T17:35:57Z INFO     Train Epoch: 1 [49920/60000 (83%)]	loss=0.8696
2025-04-25T17:35:57Z INFO     Train Epoch: 1 [51200/60000 (85%)]	loss=0.7828
2025-04-25T17:35:57Z INFO     Train Epoch: 1 [52480/60000 (87%)]	loss=0.6895
2025-04-25T17:35:58Z INFO     Train Epoch: 1 [53760/60000 (90%)]	loss=0.8085
2025-04-25T17:35:58Z INFO     Train Epoch: 1 [55040/60000 (92%)]	loss=0.8772
2025-04-25T17:35:58Z INFO     Train Epoch: 1 [56320/60000 (94%)]	loss=0.8588
2025-04-25T17:35:58Z INFO     Train Epoch: 1 [57600/60000 (96%)]	loss=0.9274
2025-04-25T17:35:58Z INFO     Train Epoch: 1 [58880/60000 (98%)]	loss=0.7685
2025-04-25T17:35:59Z INFO     {metricName: accuracy, metricValue: 0.6870};{metricName: loss, metricValue: 0.8286}

2025-04-25T17:35:59Z INFO     Train Epoch: 2 [0/60000 (0%)]	loss=0.7514
2025-04-25T17:35:59Z INFO     Train Epoch: 2 [1280/60000 (2%)]	loss=0.6796
2025-04-25T17:35:59Z INFO     Train Epoch: 2 [2560/60000 (4%)]	loss=0.7748
2025-04-25T17:35:59Z INFO     Train Epoch: 2 [3840/60000 (6%)]	loss=0.7716
2025-04-25T17:35:59Z INFO     Train Epoch: 2 [5120/60000 (9%)]	loss=0.7503
2025-04-25T17:36:00Z INFO     Train Epoch: 2 [6400/60000 (11%)]	loss=0.7434
2025-04-25T17:36:00Z INFO     Train Epoch: 2 [7680/60000 (13%)]	loss=0.7570
2025-04-25T17:36:00Z INFO     Train Epoch: 2 [8960/60000 (15%)]	loss=0.6613
2025-04-25T17:36:00Z INFO     Train Epoch: 2 [10240/60000 (17%)]	loss=0.7527
2025-04-25T17:36:00Z INFO     Train Epoch: 2 [11520/60000 (19%)]	loss=0.6041
2025-04-25T17:36:00Z INFO     Train Epoch: 2 [12800/60000 (21%)]	loss=0.7412
2025-04-25T17:36:00Z INFO     Train Epoch: 2 [14080/60000 (23%)]	loss=0.6992
2025-04-25T17:36:00Z INFO     Train Epoch: 2 [15360/60000 (26%)]	loss=0.7805
2025-04-25T17:36:00Z INFO     Train Epoch: 2 [16640/60000 (28%)]	loss=0.6451
2025-04-25T17:36:01Z INFO     Train Epoch: 2 [17920/60000 (30%)]	loss=0.7493
2025-04-25T17:36:01Z INFO     Train Epoch: 2 [19200/60000 (32%)]	loss=0.5673
2025-04-25T17:36:01Z INFO     Train Epoch: 2 [20480/60000 (34%)]	loss=0.7978
2025-04-25T17:36:01Z INFO     Train Epoch: 2 [21760/60000 (36%)]	loss=0.6864
2025-04-25T17:36:01Z INFO     Train Epoch: 2 [23040/60000 (38%)]	loss=0.6718
2025-04-25T17:36:01Z INFO     Train Epoch: 2 [24320/60000 (41%)]	loss=0.6473
2025-04-25T17:36:01Z INFO     Train Epoch: 2 [25600/60000 (43%)]	loss=0.6498
2025-04-25T17:36:01Z INFO     Train Epoch: 2 [26880/60000 (45%)]	loss=0.7627
2025-04-25T17:36:01Z INFO     Train Epoch: 2 [28160/60000 (47%)]	loss=0.5770
2025-04-25T17:36:02Z INFO     Train Epoch: 2 [29440/60000 (49%)]	loss=0.8766
2025-04-25T17:36:02Z INFO     Train Epoch: 2 [30720/60000 (51%)]	loss=0.6952
2025-04-25T17:36:02Z INFO     Train Epoch: 2 [32000/60000 (53%)]	loss=0.7690
2025-04-25T17:36:02Z INFO     Train Epoch: 2 [33280/60000 (55%)]	loss=0.6712
2025-04-25T17:36:02Z INFO     Train Epoch: 2 [34560/60000 (58%)]	loss=0.5764
2025-04-25T17:36:02Z INFO     Train Epoch: 2 [35840/60000 (60%)]	loss=0.5410
2025-04-25T17:36:02Z INFO     Train Epoch: 2 [37120/60000 (62%)]	loss=0.7460
2025-04-25T17:36:02Z INFO     Train Epoch: 2 [38400/60000 (64%)]	loss=0.6819
2025-04-25T17:36:02Z INFO     Train Epoch: 2 [39680/60000 (66%)]	loss=0.6229
2025-04-25T17:36:03Z INFO     Train Epoch: 2 [40960/60000 (68%)]	loss=0.7622
2025-04-25T17:36:03Z INFO     Train Epoch: 2 [42240/60000 (70%)]	loss=0.7605
2025-04-25T17:36:03Z INFO     Train Epoch: 2 [43520/60000 (72%)]	loss=0.5804
2025-04-25T17:36:03Z INFO     Train Epoch: 2 [44800/60000 (75%)]	loss=0.5779
2025-04-25T17:36:03Z INFO     Train Epoch: 2 [46080/60000 (77%)]	loss=0.6862
2025-04-25T17:36:03Z INFO     Train Epoch: 2 [47360/60000 (79%)]	loss=0.7653
2025-04-25T17:36:03Z INFO     Train Epoch: 2 [48640/60000 (81%)]	loss=0.5824
2025-04-25T17:36:03Z INFO     Train Epoch: 2 [49920/60000 (83%)]	loss=0.7003
2025-04-25T17:36:03Z INFO     Train Epoch: 2 [51200/60000 (85%)]	loss=0.8266
2025-04-25T17:36:04Z INFO     Train Epoch: 2 [52480/60000 (87%)]	loss=0.5805
2025-04-25T17:36:04Z INFO     Train Epoch: 2 [53760/60000 (90%)]	loss=0.5217
2025-04-25T17:36:04Z INFO     Train Epoch: 2 [55040/60000 (92%)]	loss=0.6882
2025-04-25T17:36:04Z INFO     Train Epoch: 2 [56320/60000 (94%)]	loss=0.7079
2025-04-25T17:36:04Z INFO     Train Epoch: 2 [57600/60000 (96%)]	loss=0.5113
2025-04-25T17:36:04Z INFO     Train Epoch: 2 [58880/60000 (98%)]	loss=0.5990
2025-04-25T17:36:05Z INFO     {metricName: accuracy, metricValue: 0.7605};{metricName: loss, metricValue: 0.6529}

2025-04-25T17:36:05Z INFO     Train Epoch: 3 [0/60000 (0%)]	loss=0.5424
2025-04-25T17:36:05Z INFO     Train Epoch: 3 [1280/60000 (2%)]	loss=0.6457
2025-04-25T17:36:05Z INFO     Train Epoch: 3 [2560/60000 (4%)]	loss=0.5535
2025-04-25T17:36:05Z INFO     Train Epoch: 3 [3840/60000 (6%)]	loss=0.5112
2025-04-25T17:36:06Z INFO     Train Epoch: 3 [5120/60000 (9%)]	loss=0.5633
2025-04-25T17:36:06Z INFO     Train Epoch: 3 [6400/60000 (11%)]	loss=0.6524
2025-04-25T17:36:06Z INFO     Train Epoch: 3 [7680/60000 (13%)]	loss=0.5267
2025-04-25T17:36:06Z INFO     Train Epoch: 3 [8960/60000 (15%)]	loss=0.6367
2025-04-25T17:36:06Z INFO     Train Epoch: 3 [10240/60000 (17%)]	loss=0.6500
2025-04-25T17:36:06Z INFO     Train Epoch: 3 [11520/60000 (19%)]	loss=0.4748
2025-04-25T17:36:06Z INFO     Train Epoch: 3 [12800/60000 (21%)]	loss=0.6914
2025-04-25T17:36:06Z INFO     Train Epoch: 3 [14080/60000 (23%)]	loss=0.6611
2025-04-25T17:36:07Z INFO     Train Epoch: 3 [15360/60000 (26%)]	loss=0.6999
2025-04-25T17:36:07Z INFO     Train Epoch: 3 [16640/60000 (28%)]	loss=0.5785
2025-04-25T17:36:07Z INFO     Train Epoch: 3 [17920/60000 (30%)]	loss=0.6525
2025-04-25T17:36:07Z INFO     Train Epoch: 3 [19200/60000 (32%)]	loss=0.6455
2025-04-25T17:36:07Z INFO     Train Epoch: 3 [20480/60000 (34%)]	loss=0.6266
2025-04-25T17:36:07Z INFO     Train Epoch: 3 [21760/60000 (36%)]	loss=0.4619
2025-04-25T17:36:07Z INFO     Train Epoch: 3 [23040/60000 (38%)]	loss=0.7002
2025-04-25T17:36:07Z INFO     Train Epoch: 3 [24320/60000 (41%)]	loss=0.6113
2025-04-25T17:36:07Z INFO     Train Epoch: 3 [25600/60000 (43%)]	loss=0.5662
2025-04-25T17:36:08Z INFO     Train Epoch: 3 [26880/60000 (45%)]	loss=0.5171
2025-04-25T17:36:08Z INFO     Train Epoch: 3 [28160/60000 (47%)]	loss=0.6806
2025-04-25T17:36:08Z INFO     Train Epoch: 3 [29440/60000 (49%)]	loss=0.6090
2025-04-25T17:36:08Z INFO     Train Epoch: 3 [30720/60000 (51%)]	loss=0.6048
2025-04-25T17:36:08Z INFO     Train Epoch: 3 [32000/60000 (53%)]	loss=0.6232
2025-04-25T17:36:08Z INFO     Train Epoch: 3 [33280/60000 (55%)]	loss=0.6744
2025-04-25T17:36:08Z INFO     Train Epoch: 3 [34560/60000 (58%)]	loss=0.5923
2025-04-25T17:36:08Z INFO     Train Epoch: 3 [35840/60000 (60%)]	loss=0.5737
2025-04-25T17:36:08Z INFO     Train Epoch: 3 [37120/60000 (62%)]	loss=0.5751
2025-04-25T17:36:09Z INFO     Train Epoch: 3 [38400/60000 (64%)]	loss=0.4604
2025-04-25T17:36:09Z INFO     Train Epoch: 3 [39680/60000 (66%)]	loss=0.5214
2025-04-25T17:36:09Z INFO     Train Epoch: 3 [40960/60000 (68%)]	loss=0.5729
2025-04-25T17:36:09Z INFO     Train Epoch: 3 [42240/60000 (70%)]	loss=0.5975
2025-04-25T17:36:09Z INFO     Train Epoch: 3 [43520/60000 (72%)]	loss=0.7323
2025-04-25T17:36:09Z INFO     Train Epoch: 3 [44800/60000 (75%)]	loss=0.5749
2025-04-25T17:36:09Z INFO     Train Epoch: 3 [46080/60000 (77%)]	loss=0.5915
2025-04-25T17:36:09Z INFO     Train Epoch: 3 [47360/60000 (79%)]	loss=0.5946
2025-04-25T17:36:09Z INFO     Train Epoch: 3 [48640/60000 (81%)]	loss=0.5155
2025-04-25T17:36:10Z INFO     Train Epoch: 3 [49920/60000 (83%)]	loss=0.6272
2025-04-25T17:36:10Z INFO     Train Epoch: 3 [51200/60000 (85%)]	loss=0.6645
2025-04-25T17:36:10Z INFO     Train Epoch: 3 [52480/60000 (87%)]	loss=0.6350
2025-04-25T17:36:10Z INFO     Train Epoch: 3 [53760/60000 (90%)]	loss=0.6283
2025-04-25T17:36:10Z INFO     Train Epoch: 3 [55040/60000 (92%)]	loss=0.5990
2025-04-25T17:36:10Z INFO     Train Epoch: 3 [56320/60000 (94%)]	loss=0.6400
2025-04-25T17:36:10Z INFO     Train Epoch: 3 [57600/60000 (96%)]	loss=0.5182
2025-04-25T17:36:10Z INFO     Train Epoch: 3 [58880/60000 (98%)]	loss=0.7660
2025-04-25T17:36:11Z INFO     {metricName: accuracy, metricValue: 0.7758};{metricName: loss, metricValue: 0.5955}

2025-04-25T17:36:11Z INFO     Train Epoch: 4 [0/60000 (0%)]	loss=0.6215
2025-04-25T17:36:11Z INFO     Train Epoch: 4 [1280/60000 (2%)]	loss=0.5157
2025-04-25T17:36:12Z INFO     Train Epoch: 4 [2560/60000 (4%)]	loss=0.4977
2025-04-25T17:36:12Z INFO     Train Epoch: 4 [3840/60000 (6%)]	loss=0.5837
2025-04-25T17:36:12Z INFO     Train Epoch: 4 [5120/60000 (9%)]	loss=0.5017
2025-04-25T17:36:12Z INFO     Train Epoch: 4 [6400/60000 (11%)]	loss=0.5478
2025-04-25T17:36:12Z INFO     Train Epoch: 4 [7680/60000 (13%)]	loss=0.6107
2025-04-25T17:36:12Z INFO     Train Epoch: 4 [8960/60000 (15%)]	loss=0.4793
2025-04-25T17:36:12Z INFO     Train Epoch: 4 [10240/60000 (17%)]	loss=0.6002
2025-04-25T17:36:12Z INFO     Train Epoch: 4 [11520/60000 (19%)]	loss=0.4620
2025-04-25T17:36:12Z INFO     Train Epoch: 4 [12800/60000 (21%)]	loss=0.5894
2025-04-25T17:36:13Z INFO     Train Epoch: 4 [14080/60000 (23%)]	loss=0.5862
2025-04-25T17:36:13Z INFO     Train Epoch: 4 [15360/60000 (26%)]	loss=0.6081
2025-04-25T17:36:13Z INFO     Train Epoch: 4 [16640/60000 (28%)]	loss=0.5972
2025-04-25T17:36:13Z INFO     Train Epoch: 4 [17920/60000 (30%)]	loss=0.5367
2025-04-25T17:36:13Z INFO     Train Epoch: 4 [19200/60000 (32%)]	loss=0.5681
2025-04-25T17:36:13Z INFO     Train Epoch: 4 [20480/60000 (34%)]	loss=0.4872
2025-04-25T17:36:13Z INFO     Train Epoch: 4 [21760/60000 (36%)]	loss=0.5462
2025-04-25T17:36:13Z INFO     Train Epoch: 4 [23040/60000 (38%)]	loss=0.6152
2025-04-25T17:36:13Z INFO     Train Epoch: 4 [24320/60000 (41%)]	loss=0.4906
2025-04-25T17:36:14Z INFO     Train Epoch: 4 [25600/60000 (43%)]	loss=0.5105
2025-04-25T17:36:14Z INFO     Train Epoch: 4 [26880/60000 (45%)]	loss=0.6018
2025-04-25T17:36:14Z INFO     Train Epoch: 4 [28160/60000 (47%)]	loss=0.4006
2025-04-25T17:36:14Z INFO     Train Epoch: 4 [29440/60000 (49%)]	loss=0.4856
2025-04-25T17:36:14Z INFO     Train Epoch: 4 [30720/60000 (51%)]	loss=0.5153
2025-04-25T17:36:14Z INFO     Train Epoch: 4 [32000/60000 (53%)]	loss=0.4835
2025-04-25T17:36:14Z INFO     Train Epoch: 4 [33280/60000 (55%)]	loss=0.5319
2025-04-25T17:36:14Z INFO     Train Epoch: 4 [34560/60000 (58%)]	loss=0.5401
2025-04-25T17:36:14Z INFO     Train Epoch: 4 [35840/60000 (60%)]	loss=0.4968
2025-04-25T17:36:15Z INFO     Train Epoch: 4 [37120/60000 (62%)]	loss=0.4521
2025-04-25T17:36:15Z INFO     Train Epoch: 4 [38400/60000 (64%)]	loss=0.5631
2025-04-25T17:36:15Z INFO     Train Epoch: 4 [39680/60000 (66%)]	loss=0.4888
2025-04-25T17:36:15Z INFO     Train Epoch: 4 [40960/60000 (68%)]	loss=0.5181
2025-04-25T17:36:15Z INFO     Train Epoch: 4 [42240/60000 (70%)]	loss=0.6566
2025-04-25T17:36:15Z INFO     Train Epoch: 4 [43520/60000 (72%)]	loss=0.5739
2025-04-25T17:36:15Z INFO     Train Epoch: 4 [44800/60000 (75%)]	loss=0.6384
2025-04-25T17:36:15Z INFO     Train Epoch: 4 [46080/60000 (77%)]	loss=0.5466
2025-04-25T17:36:15Z INFO     Train Epoch: 4 [47360/60000 (79%)]	loss=0.4496
2025-04-25T17:36:16Z INFO     Train Epoch: 4 [48640/60000 (81%)]	loss=0.4371
2025-04-25T17:36:16Z INFO     Train Epoch: 4 [49920/60000 (83%)]	loss=0.5650
2025-04-25T17:36:16Z INFO     Train Epoch: 4 [51200/60000 (85%)]	loss=0.5485
2025-04-25T17:36:16Z INFO     Train Epoch: 4 [52480/60000 (87%)]	loss=0.4788
2025-04-25T17:36:16Z INFO     Train Epoch: 4 [53760/60000 (90%)]	loss=0.4862
2025-04-25T17:36:16Z INFO     Train Epoch: 4 [55040/60000 (92%)]	loss=0.5651
2025-04-25T17:36:16Z INFO     Train Epoch: 4 [56320/60000 (94%)]	loss=0.4395
2025-04-25T17:36:16Z INFO     Train Epoch: 4 [57600/60000 (96%)]	loss=0.3728
2025-04-25T17:36:16Z INFO     Train Epoch: 4 [58880/60000 (98%)]	loss=0.4255
2025-04-25T17:36:17Z INFO     {metricName: accuracy, metricValue: 0.8073};{metricName: loss, metricValue: 0.5318}

Took total 36.80 seconds
Took after init_process_group 28.46 seconds

real	0m37.922s
user	0m50.976s
sys	0m15.513s
